[2024-06-22T13:11:20.147+0000] {processor.py:153} INFO - Started process (PID=51) to work on /home/airflow/.local/lib/python3.7/site-packages/airflow/example_dags/example_branch_operator.py
[2024-06-22T13:11:20.148+0000] {processor.py:743} INFO - Processing file /home/airflow/.local/lib/python3.7/site-packages/airflow/example_dags/example_branch_operator.py for tasks to queue
[2024-06-22T13:11:20.149+0000] {logging_mixin.py:137} INFO - [2024-06-22T13:11:20.149+0000] {dagbag.py:538} INFO - Filling up the DagBag from /home/airflow/.local/lib/python3.7/site-packages/airflow/example_dags/example_branch_operator.py
[2024-06-22T13:11:20.179+0000] {processor.py:753} INFO - DAG(s) dict_keys(['example_branch_operator']) retrieved from /home/airflow/.local/lib/python3.7/site-packages/airflow/example_dags/example_branch_operator.py
[2024-06-22T13:11:20.238+0000] {logging_mixin.py:137} INFO - [2024-06-22T13:11:20.238+0000] {dag.py:2676} INFO - Sync 1 DAGs
[2024-06-22T13:11:20.289+0000] {logging_mixin.py:137} INFO - [2024-06-22T13:11:20.289+0000] {dag.py:3427} INFO - Setting next_dagrun for example_branch_operator to 2024-06-21T00:00:00+00:00, run_after=2024-06-22T00:00:00+00:00
[2024-06-22T13:11:20.329+0000] {processor.py:175} INFO - Processing /home/airflow/.local/lib/python3.7/site-packages/airflow/example_dags/example_branch_operator.py took 0.186 seconds
[2024-06-22T13:11:51.123+0000] {processor.py:153} INFO - Started process (PID=92) to work on /home/airflow/.local/lib/python3.7/site-packages/airflow/example_dags/example_branch_operator.py
[2024-06-22T13:11:51.124+0000] {processor.py:743} INFO - Processing file /home/airflow/.local/lib/python3.7/site-packages/airflow/example_dags/example_branch_operator.py for tasks to queue
[2024-06-22T13:11:51.125+0000] {logging_mixin.py:137} INFO - [2024-06-22T13:11:51.125+0000] {dagbag.py:538} INFO - Filling up the DagBag from /home/airflow/.local/lib/python3.7/site-packages/airflow/example_dags/example_branch_operator.py
[2024-06-22T13:11:51.145+0000] {processor.py:753} INFO - DAG(s) dict_keys(['example_branch_operator']) retrieved from /home/airflow/.local/lib/python3.7/site-packages/airflow/example_dags/example_branch_operator.py
[2024-06-22T13:11:51.188+0000] {logging_mixin.py:137} INFO - [2024-06-22T13:11:51.188+0000] {dag.py:2676} INFO - Sync 1 DAGs
[2024-06-22T13:11:51.244+0000] {logging_mixin.py:137} INFO - [2024-06-22T13:11:51.244+0000] {dag.py:3427} INFO - Setting next_dagrun for example_branch_operator to 2024-06-21T00:00:00+00:00, run_after=2024-06-22T00:00:00+00:00
[2024-06-22T13:11:51.279+0000] {processor.py:175} INFO - Processing /home/airflow/.local/lib/python3.7/site-packages/airflow/example_dags/example_branch_operator.py took 0.161 seconds
[2024-06-22T13:12:22.227+0000] {processor.py:153} INFO - Started process (PID=134) to work on /home/airflow/.local/lib/python3.7/site-packages/airflow/example_dags/example_branch_operator.py
[2024-06-22T13:12:22.228+0000] {processor.py:743} INFO - Processing file /home/airflow/.local/lib/python3.7/site-packages/airflow/example_dags/example_branch_operator.py for tasks to queue
[2024-06-22T13:12:22.230+0000] {logging_mixin.py:137} INFO - [2024-06-22T13:12:22.229+0000] {dagbag.py:538} INFO - Filling up the DagBag from /home/airflow/.local/lib/python3.7/site-packages/airflow/example_dags/example_branch_operator.py
[2024-06-22T13:12:22.259+0000] {processor.py:753} INFO - DAG(s) dict_keys(['example_branch_operator']) retrieved from /home/airflow/.local/lib/python3.7/site-packages/airflow/example_dags/example_branch_operator.py
[2024-06-22T13:12:22.317+0000] {logging_mixin.py:137} INFO - [2024-06-22T13:12:22.317+0000] {dag.py:2676} INFO - Sync 1 DAGs
[2024-06-22T13:12:22.347+0000] {logging_mixin.py:137} INFO - [2024-06-22T13:12:22.347+0000] {dag.py:3427} INFO - Setting next_dagrun for example_branch_operator to 2024-06-21T00:00:00+00:00, run_after=2024-06-22T00:00:00+00:00
[2024-06-22T13:12:22.368+0000] {processor.py:175} INFO - Processing /home/airflow/.local/lib/python3.7/site-packages/airflow/example_dags/example_branch_operator.py took 0.150 seconds
[2024-06-22T13:12:52.749+0000] {processor.py:153} INFO - Started process (PID=174) to work on /home/airflow/.local/lib/python3.7/site-packages/airflow/example_dags/example_branch_operator.py
[2024-06-22T13:12:52.750+0000] {processor.py:743} INFO - Processing file /home/airflow/.local/lib/python3.7/site-packages/airflow/example_dags/example_branch_operator.py for tasks to queue
[2024-06-22T13:12:52.752+0000] {logging_mixin.py:137} INFO - [2024-06-22T13:12:52.751+0000] {dagbag.py:538} INFO - Filling up the DagBag from /home/airflow/.local/lib/python3.7/site-packages/airflow/example_dags/example_branch_operator.py
[2024-06-22T13:12:52.768+0000] {processor.py:753} INFO - DAG(s) dict_keys(['example_branch_operator']) retrieved from /home/airflow/.local/lib/python3.7/site-packages/airflow/example_dags/example_branch_operator.py
[2024-06-22T13:12:52.807+0000] {logging_mixin.py:137} INFO - [2024-06-22T13:12:52.807+0000] {dag.py:2676} INFO - Sync 1 DAGs
[2024-06-22T13:12:52.834+0000] {logging_mixin.py:137} INFO - [2024-06-22T13:12:52.833+0000] {dag.py:3427} INFO - Setting next_dagrun for example_branch_operator to 2024-06-21T00:00:00+00:00, run_after=2024-06-22T00:00:00+00:00
[2024-06-22T13:12:52.862+0000] {processor.py:175} INFO - Processing /home/airflow/.local/lib/python3.7/site-packages/airflow/example_dags/example_branch_operator.py took 0.116 seconds
[2024-06-22T13:13:23.377+0000] {processor.py:153} INFO - Started process (PID=216) to work on /home/airflow/.local/lib/python3.7/site-packages/airflow/example_dags/example_branch_operator.py
[2024-06-22T13:13:23.378+0000] {processor.py:743} INFO - Processing file /home/airflow/.local/lib/python3.7/site-packages/airflow/example_dags/example_branch_operator.py for tasks to queue
[2024-06-22T13:13:23.379+0000] {logging_mixin.py:137} INFO - [2024-06-22T13:13:23.379+0000] {dagbag.py:538} INFO - Filling up the DagBag from /home/airflow/.local/lib/python3.7/site-packages/airflow/example_dags/example_branch_operator.py
[2024-06-22T13:13:23.398+0000] {processor.py:753} INFO - DAG(s) dict_keys(['example_branch_operator']) retrieved from /home/airflow/.local/lib/python3.7/site-packages/airflow/example_dags/example_branch_operator.py
[2024-06-22T13:13:23.442+0000] {logging_mixin.py:137} INFO - [2024-06-22T13:13:23.442+0000] {dag.py:2676} INFO - Sync 1 DAGs
[2024-06-22T13:13:23.471+0000] {logging_mixin.py:137} INFO - [2024-06-22T13:13:23.471+0000] {dag.py:3427} INFO - Setting next_dagrun for example_branch_operator to 2024-06-21T00:00:00+00:00, run_after=2024-06-22T00:00:00+00:00
[2024-06-22T13:13:23.499+0000] {processor.py:175} INFO - Processing /home/airflow/.local/lib/python3.7/site-packages/airflow/example_dags/example_branch_operator.py took 0.125 seconds
[2024-06-22T13:13:54.192+0000] {processor.py:153} INFO - Started process (PID=258) to work on /home/airflow/.local/lib/python3.7/site-packages/airflow/example_dags/example_branch_operator.py
[2024-06-22T13:13:54.194+0000] {processor.py:743} INFO - Processing file /home/airflow/.local/lib/python3.7/site-packages/airflow/example_dags/example_branch_operator.py for tasks to queue
[2024-06-22T13:13:54.195+0000] {logging_mixin.py:137} INFO - [2024-06-22T13:13:54.195+0000] {dagbag.py:538} INFO - Filling up the DagBag from /home/airflow/.local/lib/python3.7/site-packages/airflow/example_dags/example_branch_operator.py
[2024-06-22T13:13:54.213+0000] {processor.py:753} INFO - DAG(s) dict_keys(['example_branch_operator']) retrieved from /home/airflow/.local/lib/python3.7/site-packages/airflow/example_dags/example_branch_operator.py
[2024-06-22T13:13:54.259+0000] {logging_mixin.py:137} INFO - [2024-06-22T13:13:54.259+0000] {dag.py:2676} INFO - Sync 1 DAGs
[2024-06-22T13:13:54.287+0000] {logging_mixin.py:137} INFO - [2024-06-22T13:13:54.287+0000] {dag.py:3427} INFO - Setting next_dagrun for example_branch_operator to 2024-06-21T00:00:00+00:00, run_after=2024-06-22T00:00:00+00:00
[2024-06-22T13:13:54.322+0000] {processor.py:175} INFO - Processing /home/airflow/.local/lib/python3.7/site-packages/airflow/example_dags/example_branch_operator.py took 0.136 seconds
[2024-06-22T13:14:24.804+0000] {processor.py:153} INFO - Started process (PID=300) to work on /home/airflow/.local/lib/python3.7/site-packages/airflow/example_dags/example_branch_operator.py
[2024-06-22T13:14:24.805+0000] {processor.py:743} INFO - Processing file /home/airflow/.local/lib/python3.7/site-packages/airflow/example_dags/example_branch_operator.py for tasks to queue
[2024-06-22T13:14:24.806+0000] {logging_mixin.py:137} INFO - [2024-06-22T13:14:24.806+0000] {dagbag.py:538} INFO - Filling up the DagBag from /home/airflow/.local/lib/python3.7/site-packages/airflow/example_dags/example_branch_operator.py
[2024-06-22T13:14:24.822+0000] {processor.py:753} INFO - DAG(s) dict_keys(['example_branch_operator']) retrieved from /home/airflow/.local/lib/python3.7/site-packages/airflow/example_dags/example_branch_operator.py
[2024-06-22T13:14:24.865+0000] {logging_mixin.py:137} INFO - [2024-06-22T13:14:24.865+0000] {dag.py:2676} INFO - Sync 1 DAGs
[2024-06-22T13:14:24.899+0000] {logging_mixin.py:137} INFO - [2024-06-22T13:14:24.898+0000] {dag.py:3427} INFO - Setting next_dagrun for example_branch_operator to 2024-06-21T00:00:00+00:00, run_after=2024-06-22T00:00:00+00:00
[2024-06-22T13:14:24.928+0000] {processor.py:175} INFO - Processing /home/airflow/.local/lib/python3.7/site-packages/airflow/example_dags/example_branch_operator.py took 0.128 seconds
[2024-06-22T13:14:55.543+0000] {processor.py:153} INFO - Started process (PID=342) to work on /home/airflow/.local/lib/python3.7/site-packages/airflow/example_dags/example_branch_operator.py
[2024-06-22T13:14:55.545+0000] {processor.py:743} INFO - Processing file /home/airflow/.local/lib/python3.7/site-packages/airflow/example_dags/example_branch_operator.py for tasks to queue
[2024-06-22T13:14:55.546+0000] {logging_mixin.py:137} INFO - [2024-06-22T13:14:55.546+0000] {dagbag.py:538} INFO - Filling up the DagBag from /home/airflow/.local/lib/python3.7/site-packages/airflow/example_dags/example_branch_operator.py
[2024-06-22T13:14:55.577+0000] {processor.py:753} INFO - DAG(s) dict_keys(['example_branch_operator']) retrieved from /home/airflow/.local/lib/python3.7/site-packages/airflow/example_dags/example_branch_operator.py
[2024-06-22T13:14:55.630+0000] {logging_mixin.py:137} INFO - [2024-06-22T13:14:55.629+0000] {dag.py:2676} INFO - Sync 1 DAGs
[2024-06-22T13:14:55.659+0000] {logging_mixin.py:137} INFO - [2024-06-22T13:14:55.659+0000] {dag.py:3427} INFO - Setting next_dagrun for example_branch_operator to 2024-06-21T00:00:00+00:00, run_after=2024-06-22T00:00:00+00:00
[2024-06-22T13:14:55.686+0000] {processor.py:175} INFO - Processing /home/airflow/.local/lib/python3.7/site-packages/airflow/example_dags/example_branch_operator.py took 0.148 seconds
[2024-06-22T13:15:25.950+0000] {processor.py:153} INFO - Started process (PID=384) to work on /home/airflow/.local/lib/python3.7/site-packages/airflow/example_dags/example_branch_operator.py
[2024-06-22T13:15:25.951+0000] {processor.py:743} INFO - Processing file /home/airflow/.local/lib/python3.7/site-packages/airflow/example_dags/example_branch_operator.py for tasks to queue
[2024-06-22T13:15:25.952+0000] {logging_mixin.py:137} INFO - [2024-06-22T13:15:25.952+0000] {dagbag.py:538} INFO - Filling up the DagBag from /home/airflow/.local/lib/python3.7/site-packages/airflow/example_dags/example_branch_operator.py
[2024-06-22T13:15:25.973+0000] {processor.py:753} INFO - DAG(s) dict_keys(['example_branch_operator']) retrieved from /home/airflow/.local/lib/python3.7/site-packages/airflow/example_dags/example_branch_operator.py
[2024-06-22T13:15:26.017+0000] {logging_mixin.py:137} INFO - [2024-06-22T13:15:26.016+0000] {dag.py:2676} INFO - Sync 1 DAGs
[2024-06-22T13:15:26.052+0000] {logging_mixin.py:137} INFO - [2024-06-22T13:15:26.052+0000] {dag.py:3427} INFO - Setting next_dagrun for example_branch_operator to 2024-06-21T00:00:00+00:00, run_after=2024-06-22T00:00:00+00:00
[2024-06-22T13:15:26.080+0000] {processor.py:175} INFO - Processing /home/airflow/.local/lib/python3.7/site-packages/airflow/example_dags/example_branch_operator.py took 0.133 seconds
[2024-06-22T13:15:56.302+0000] {processor.py:153} INFO - Started process (PID=426) to work on /home/airflow/.local/lib/python3.7/site-packages/airflow/example_dags/example_branch_operator.py
[2024-06-22T13:15:56.303+0000] {processor.py:743} INFO - Processing file /home/airflow/.local/lib/python3.7/site-packages/airflow/example_dags/example_branch_operator.py for tasks to queue
[2024-06-22T13:15:56.304+0000] {logging_mixin.py:137} INFO - [2024-06-22T13:15:56.304+0000] {dagbag.py:538} INFO - Filling up the DagBag from /home/airflow/.local/lib/python3.7/site-packages/airflow/example_dags/example_branch_operator.py
[2024-06-22T13:15:56.321+0000] {processor.py:753} INFO - DAG(s) dict_keys(['example_branch_operator']) retrieved from /home/airflow/.local/lib/python3.7/site-packages/airflow/example_dags/example_branch_operator.py
[2024-06-22T13:15:56.368+0000] {logging_mixin.py:137} INFO - [2024-06-22T13:15:56.368+0000] {dag.py:2676} INFO - Sync 1 DAGs
[2024-06-22T13:15:56.400+0000] {logging_mixin.py:137} INFO - [2024-06-22T13:15:56.400+0000] {dag.py:3427} INFO - Setting next_dagrun for example_branch_operator to 2024-06-21T00:00:00+00:00, run_after=2024-06-22T00:00:00+00:00
[2024-06-22T13:15:56.425+0000] {processor.py:175} INFO - Processing /home/airflow/.local/lib/python3.7/site-packages/airflow/example_dags/example_branch_operator.py took 0.126 seconds
[2024-06-22T13:16:26.636+0000] {processor.py:153} INFO - Started process (PID=468) to work on /home/airflow/.local/lib/python3.7/site-packages/airflow/example_dags/example_branch_operator.py
[2024-06-22T13:16:26.638+0000] {processor.py:743} INFO - Processing file /home/airflow/.local/lib/python3.7/site-packages/airflow/example_dags/example_branch_operator.py for tasks to queue
[2024-06-22T13:16:26.638+0000] {logging_mixin.py:137} INFO - [2024-06-22T13:16:26.638+0000] {dagbag.py:538} INFO - Filling up the DagBag from /home/airflow/.local/lib/python3.7/site-packages/airflow/example_dags/example_branch_operator.py
[2024-06-22T13:16:26.654+0000] {processor.py:753} INFO - DAG(s) dict_keys(['example_branch_operator']) retrieved from /home/airflow/.local/lib/python3.7/site-packages/airflow/example_dags/example_branch_operator.py
[2024-06-22T13:16:26.695+0000] {logging_mixin.py:137} INFO - [2024-06-22T13:16:26.695+0000] {dag.py:2676} INFO - Sync 1 DAGs
[2024-06-22T13:16:26.722+0000] {logging_mixin.py:137} INFO - [2024-06-22T13:16:26.722+0000] {dag.py:3427} INFO - Setting next_dagrun for example_branch_operator to 2024-06-21T00:00:00+00:00, run_after=2024-06-22T00:00:00+00:00
[2024-06-22T13:16:26.747+0000] {processor.py:175} INFO - Processing /home/airflow/.local/lib/python3.7/site-packages/airflow/example_dags/example_branch_operator.py took 0.113 seconds
[2024-06-22T13:16:57.187+0000] {processor.py:153} INFO - Started process (PID=510) to work on /home/airflow/.local/lib/python3.7/site-packages/airflow/example_dags/example_branch_operator.py
[2024-06-22T13:16:57.189+0000] {processor.py:743} INFO - Processing file /home/airflow/.local/lib/python3.7/site-packages/airflow/example_dags/example_branch_operator.py for tasks to queue
[2024-06-22T13:16:57.190+0000] {logging_mixin.py:137} INFO - [2024-06-22T13:16:57.190+0000] {dagbag.py:538} INFO - Filling up the DagBag from /home/airflow/.local/lib/python3.7/site-packages/airflow/example_dags/example_branch_operator.py
[2024-06-22T13:16:57.208+0000] {processor.py:753} INFO - DAG(s) dict_keys(['example_branch_operator']) retrieved from /home/airflow/.local/lib/python3.7/site-packages/airflow/example_dags/example_branch_operator.py
[2024-06-22T13:16:57.247+0000] {logging_mixin.py:137} INFO - [2024-06-22T13:16:57.246+0000] {dag.py:2676} INFO - Sync 1 DAGs
[2024-06-22T13:16:57.279+0000] {logging_mixin.py:137} INFO - [2024-06-22T13:16:57.279+0000] {dag.py:3427} INFO - Setting next_dagrun for example_branch_operator to 2024-06-21T00:00:00+00:00, run_after=2024-06-22T00:00:00+00:00
[2024-06-22T13:16:57.304+0000] {processor.py:175} INFO - Processing /home/airflow/.local/lib/python3.7/site-packages/airflow/example_dags/example_branch_operator.py took 0.120 seconds
[2024-06-22T13:17:27.790+0000] {processor.py:153} INFO - Started process (PID=552) to work on /home/airflow/.local/lib/python3.7/site-packages/airflow/example_dags/example_branch_operator.py
[2024-06-22T13:17:27.791+0000] {processor.py:743} INFO - Processing file /home/airflow/.local/lib/python3.7/site-packages/airflow/example_dags/example_branch_operator.py for tasks to queue
[2024-06-22T13:17:27.796+0000] {logging_mixin.py:137} INFO - [2024-06-22T13:17:27.795+0000] {dagbag.py:538} INFO - Filling up the DagBag from /home/airflow/.local/lib/python3.7/site-packages/airflow/example_dags/example_branch_operator.py
[2024-06-22T13:17:27.815+0000] {processor.py:753} INFO - DAG(s) dict_keys(['example_branch_operator']) retrieved from /home/airflow/.local/lib/python3.7/site-packages/airflow/example_dags/example_branch_operator.py
[2024-06-22T13:17:27.865+0000] {logging_mixin.py:137} INFO - [2024-06-22T13:17:27.864+0000] {dag.py:2676} INFO - Sync 1 DAGs
[2024-06-22T13:17:27.894+0000] {logging_mixin.py:137} INFO - [2024-06-22T13:17:27.894+0000] {dag.py:3427} INFO - Setting next_dagrun for example_branch_operator to 2024-06-21T00:00:00+00:00, run_after=2024-06-22T00:00:00+00:00
[2024-06-22T13:17:27.920+0000] {processor.py:175} INFO - Processing /home/airflow/.local/lib/python3.7/site-packages/airflow/example_dags/example_branch_operator.py took 0.134 seconds
[2024-06-22T13:17:58.242+0000] {processor.py:153} INFO - Started process (PID=594) to work on /home/airflow/.local/lib/python3.7/site-packages/airflow/example_dags/example_branch_operator.py
[2024-06-22T13:17:58.244+0000] {processor.py:743} INFO - Processing file /home/airflow/.local/lib/python3.7/site-packages/airflow/example_dags/example_branch_operator.py for tasks to queue
[2024-06-22T13:17:58.246+0000] {logging_mixin.py:137} INFO - [2024-06-22T13:17:58.246+0000] {dagbag.py:538} INFO - Filling up the DagBag from /home/airflow/.local/lib/python3.7/site-packages/airflow/example_dags/example_branch_operator.py
[2024-06-22T13:17:58.263+0000] {processor.py:753} INFO - DAG(s) dict_keys(['example_branch_operator']) retrieved from /home/airflow/.local/lib/python3.7/site-packages/airflow/example_dags/example_branch_operator.py
[2024-06-22T13:17:58.314+0000] {logging_mixin.py:137} INFO - [2024-06-22T13:17:58.314+0000] {dag.py:2676} INFO - Sync 1 DAGs
[2024-06-22T13:17:58.345+0000] {logging_mixin.py:137} INFO - [2024-06-22T13:17:58.345+0000] {dag.py:3427} INFO - Setting next_dagrun for example_branch_operator to 2024-06-21T00:00:00+00:00, run_after=2024-06-22T00:00:00+00:00
[2024-06-22T13:17:58.374+0000] {processor.py:175} INFO - Processing /home/airflow/.local/lib/python3.7/site-packages/airflow/example_dags/example_branch_operator.py took 0.135 seconds
[2024-06-22T13:18:28.581+0000] {processor.py:153} INFO - Started process (PID=636) to work on /home/airflow/.local/lib/python3.7/site-packages/airflow/example_dags/example_branch_operator.py
[2024-06-22T13:18:28.582+0000] {processor.py:743} INFO - Processing file /home/airflow/.local/lib/python3.7/site-packages/airflow/example_dags/example_branch_operator.py for tasks to queue
[2024-06-22T13:18:28.583+0000] {logging_mixin.py:137} INFO - [2024-06-22T13:18:28.583+0000] {dagbag.py:538} INFO - Filling up the DagBag from /home/airflow/.local/lib/python3.7/site-packages/airflow/example_dags/example_branch_operator.py
[2024-06-22T13:18:28.603+0000] {processor.py:753} INFO - DAG(s) dict_keys(['example_branch_operator']) retrieved from /home/airflow/.local/lib/python3.7/site-packages/airflow/example_dags/example_branch_operator.py
[2024-06-22T13:18:28.646+0000] {logging_mixin.py:137} INFO - [2024-06-22T13:18:28.646+0000] {dag.py:2676} INFO - Sync 1 DAGs
[2024-06-22T13:18:28.673+0000] {logging_mixin.py:137} INFO - [2024-06-22T13:18:28.673+0000] {dag.py:3427} INFO - Setting next_dagrun for example_branch_operator to 2024-06-21T00:00:00+00:00, run_after=2024-06-22T00:00:00+00:00
[2024-06-22T13:18:28.701+0000] {processor.py:175} INFO - Processing /home/airflow/.local/lib/python3.7/site-packages/airflow/example_dags/example_branch_operator.py took 0.123 seconds
[2024-06-22T13:18:58.849+0000] {processor.py:153} INFO - Started process (PID=678) to work on /home/airflow/.local/lib/python3.7/site-packages/airflow/example_dags/example_branch_operator.py
[2024-06-22T13:18:58.850+0000] {processor.py:743} INFO - Processing file /home/airflow/.local/lib/python3.7/site-packages/airflow/example_dags/example_branch_operator.py for tasks to queue
[2024-06-22T13:18:58.851+0000] {logging_mixin.py:137} INFO - [2024-06-22T13:18:58.851+0000] {dagbag.py:538} INFO - Filling up the DagBag from /home/airflow/.local/lib/python3.7/site-packages/airflow/example_dags/example_branch_operator.py
[2024-06-22T13:18:58.867+0000] {processor.py:753} INFO - DAG(s) dict_keys(['example_branch_operator']) retrieved from /home/airflow/.local/lib/python3.7/site-packages/airflow/example_dags/example_branch_operator.py
[2024-06-22T13:18:58.910+0000] {logging_mixin.py:137} INFO - [2024-06-22T13:18:58.909+0000] {dag.py:2676} INFO - Sync 1 DAGs
[2024-06-22T13:18:58.947+0000] {logging_mixin.py:137} INFO - [2024-06-22T13:18:58.947+0000] {dag.py:3427} INFO - Setting next_dagrun for example_branch_operator to 2024-06-21T00:00:00+00:00, run_after=2024-06-22T00:00:00+00:00
[2024-06-22T13:18:58.985+0000] {processor.py:175} INFO - Processing /home/airflow/.local/lib/python3.7/site-packages/airflow/example_dags/example_branch_operator.py took 0.139 seconds
[2024-06-22T13:19:29.040+0000] {processor.py:153} INFO - Started process (PID=720) to work on /home/airflow/.local/lib/python3.7/site-packages/airflow/example_dags/example_branch_operator.py
[2024-06-22T13:19:29.042+0000] {processor.py:743} INFO - Processing file /home/airflow/.local/lib/python3.7/site-packages/airflow/example_dags/example_branch_operator.py for tasks to queue
[2024-06-22T13:19:29.044+0000] {logging_mixin.py:137} INFO - [2024-06-22T13:19:29.044+0000] {dagbag.py:538} INFO - Filling up the DagBag from /home/airflow/.local/lib/python3.7/site-packages/airflow/example_dags/example_branch_operator.py
[2024-06-22T13:19:29.083+0000] {processor.py:753} INFO - DAG(s) dict_keys(['example_branch_operator']) retrieved from /home/airflow/.local/lib/python3.7/site-packages/airflow/example_dags/example_branch_operator.py
[2024-06-22T13:19:29.155+0000] {logging_mixin.py:137} INFO - [2024-06-22T13:19:29.155+0000] {dag.py:2676} INFO - Sync 1 DAGs
[2024-06-22T13:19:29.195+0000] {logging_mixin.py:137} INFO - [2024-06-22T13:19:29.194+0000] {dag.py:3427} INFO - Setting next_dagrun for example_branch_operator to 2024-06-21T00:00:00+00:00, run_after=2024-06-22T00:00:00+00:00
[2024-06-22T13:19:29.223+0000] {processor.py:175} INFO - Processing /home/airflow/.local/lib/python3.7/site-packages/airflow/example_dags/example_branch_operator.py took 0.187 seconds
[2024-06-22T13:19:59.674+0000] {processor.py:153} INFO - Started process (PID=762) to work on /home/airflow/.local/lib/python3.7/site-packages/airflow/example_dags/example_branch_operator.py
[2024-06-22T13:19:59.675+0000] {processor.py:743} INFO - Processing file /home/airflow/.local/lib/python3.7/site-packages/airflow/example_dags/example_branch_operator.py for tasks to queue
[2024-06-22T13:19:59.676+0000] {logging_mixin.py:137} INFO - [2024-06-22T13:19:59.676+0000] {dagbag.py:538} INFO - Filling up the DagBag from /home/airflow/.local/lib/python3.7/site-packages/airflow/example_dags/example_branch_operator.py
[2024-06-22T13:19:59.694+0000] {processor.py:753} INFO - DAG(s) dict_keys(['example_branch_operator']) retrieved from /home/airflow/.local/lib/python3.7/site-packages/airflow/example_dags/example_branch_operator.py
[2024-06-22T13:19:59.750+0000] {logging_mixin.py:137} INFO - [2024-06-22T13:19:59.749+0000] {dag.py:2676} INFO - Sync 1 DAGs
[2024-06-22T13:19:59.788+0000] {logging_mixin.py:137} INFO - [2024-06-22T13:19:59.788+0000] {dag.py:3427} INFO - Setting next_dagrun for example_branch_operator to 2024-06-21T00:00:00+00:00, run_after=2024-06-22T00:00:00+00:00
[2024-06-22T13:19:59.815+0000] {processor.py:175} INFO - Processing /home/airflow/.local/lib/python3.7/site-packages/airflow/example_dags/example_branch_operator.py took 0.145 seconds
[2024-06-22T13:20:29.974+0000] {processor.py:153} INFO - Started process (PID=804) to work on /home/airflow/.local/lib/python3.7/site-packages/airflow/example_dags/example_branch_operator.py
[2024-06-22T13:20:29.976+0000] {processor.py:743} INFO - Processing file /home/airflow/.local/lib/python3.7/site-packages/airflow/example_dags/example_branch_operator.py for tasks to queue
[2024-06-22T13:20:29.977+0000] {logging_mixin.py:137} INFO - [2024-06-22T13:20:29.977+0000] {dagbag.py:538} INFO - Filling up the DagBag from /home/airflow/.local/lib/python3.7/site-packages/airflow/example_dags/example_branch_operator.py
[2024-06-22T13:20:29.992+0000] {processor.py:753} INFO - DAG(s) dict_keys(['example_branch_operator']) retrieved from /home/airflow/.local/lib/python3.7/site-packages/airflow/example_dags/example_branch_operator.py
[2024-06-22T13:20:30.031+0000] {logging_mixin.py:137} INFO - [2024-06-22T13:20:30.031+0000] {dag.py:2676} INFO - Sync 1 DAGs
[2024-06-22T13:20:30.056+0000] {logging_mixin.py:137} INFO - [2024-06-22T13:20:30.056+0000] {dag.py:3427} INFO - Setting next_dagrun for example_branch_operator to 2024-06-21T00:00:00+00:00, run_after=2024-06-22T00:00:00+00:00
[2024-06-22T13:20:30.083+0000] {processor.py:175} INFO - Processing /home/airflow/.local/lib/python3.7/site-packages/airflow/example_dags/example_branch_operator.py took 0.111 seconds
[2024-06-22T13:21:00.294+0000] {processor.py:153} INFO - Started process (PID=846) to work on /home/airflow/.local/lib/python3.7/site-packages/airflow/example_dags/example_branch_operator.py
[2024-06-22T13:21:00.295+0000] {processor.py:743} INFO - Processing file /home/airflow/.local/lib/python3.7/site-packages/airflow/example_dags/example_branch_operator.py for tasks to queue
[2024-06-22T13:21:00.296+0000] {logging_mixin.py:137} INFO - [2024-06-22T13:21:00.296+0000] {dagbag.py:538} INFO - Filling up the DagBag from /home/airflow/.local/lib/python3.7/site-packages/airflow/example_dags/example_branch_operator.py
[2024-06-22T13:21:00.320+0000] {processor.py:753} INFO - DAG(s) dict_keys(['example_branch_operator']) retrieved from /home/airflow/.local/lib/python3.7/site-packages/airflow/example_dags/example_branch_operator.py
[2024-06-22T13:21:00.368+0000] {logging_mixin.py:137} INFO - [2024-06-22T13:21:00.367+0000] {dag.py:2676} INFO - Sync 1 DAGs
[2024-06-22T13:21:00.403+0000] {logging_mixin.py:137} INFO - [2024-06-22T13:21:00.403+0000] {dag.py:3427} INFO - Setting next_dagrun for example_branch_operator to 2024-06-21T00:00:00+00:00, run_after=2024-06-22T00:00:00+00:00
[2024-06-22T13:21:00.443+0000] {processor.py:175} INFO - Processing /home/airflow/.local/lib/python3.7/site-packages/airflow/example_dags/example_branch_operator.py took 0.152 seconds
[2024-06-22T13:21:31.097+0000] {processor.py:153} INFO - Started process (PID=888) to work on /home/airflow/.local/lib/python3.7/site-packages/airflow/example_dags/example_branch_operator.py
[2024-06-22T13:21:31.098+0000] {processor.py:743} INFO - Processing file /home/airflow/.local/lib/python3.7/site-packages/airflow/example_dags/example_branch_operator.py for tasks to queue
[2024-06-22T13:21:31.099+0000] {logging_mixin.py:137} INFO - [2024-06-22T13:21:31.099+0000] {dagbag.py:538} INFO - Filling up the DagBag from /home/airflow/.local/lib/python3.7/site-packages/airflow/example_dags/example_branch_operator.py
[2024-06-22T13:21:31.118+0000] {processor.py:753} INFO - DAG(s) dict_keys(['example_branch_operator']) retrieved from /home/airflow/.local/lib/python3.7/site-packages/airflow/example_dags/example_branch_operator.py
[2024-06-22T13:21:31.161+0000] {logging_mixin.py:137} INFO - [2024-06-22T13:21:31.161+0000] {dag.py:2676} INFO - Sync 1 DAGs
[2024-06-22T13:21:31.190+0000] {logging_mixin.py:137} INFO - [2024-06-22T13:21:31.190+0000] {dag.py:3427} INFO - Setting next_dagrun for example_branch_operator to 2024-06-21T00:00:00+00:00, run_after=2024-06-22T00:00:00+00:00
[2024-06-22T13:21:31.223+0000] {processor.py:175} INFO - Processing /home/airflow/.local/lib/python3.7/site-packages/airflow/example_dags/example_branch_operator.py took 0.129 seconds
[2024-06-22T13:22:01.475+0000] {processor.py:153} INFO - Started process (PID=930) to work on /home/airflow/.local/lib/python3.7/site-packages/airflow/example_dags/example_branch_operator.py
[2024-06-22T13:22:01.476+0000] {processor.py:743} INFO - Processing file /home/airflow/.local/lib/python3.7/site-packages/airflow/example_dags/example_branch_operator.py for tasks to queue
[2024-06-22T13:22:01.477+0000] {logging_mixin.py:137} INFO - [2024-06-22T13:22:01.477+0000] {dagbag.py:538} INFO - Filling up the DagBag from /home/airflow/.local/lib/python3.7/site-packages/airflow/example_dags/example_branch_operator.py
[2024-06-22T13:22:01.494+0000] {processor.py:753} INFO - DAG(s) dict_keys(['example_branch_operator']) retrieved from /home/airflow/.local/lib/python3.7/site-packages/airflow/example_dags/example_branch_operator.py
[2024-06-22T13:22:01.537+0000] {logging_mixin.py:137} INFO - [2024-06-22T13:22:01.537+0000] {dag.py:2676} INFO - Sync 1 DAGs
[2024-06-22T13:22:01.566+0000] {logging_mixin.py:137} INFO - [2024-06-22T13:22:01.566+0000] {dag.py:3427} INFO - Setting next_dagrun for example_branch_operator to 2024-06-21T00:00:00+00:00, run_after=2024-06-22T00:00:00+00:00
[2024-06-22T13:22:01.591+0000] {processor.py:175} INFO - Processing /home/airflow/.local/lib/python3.7/site-packages/airflow/example_dags/example_branch_operator.py took 0.119 seconds
[2024-06-22T13:22:32.503+0000] {processor.py:153} INFO - Started process (PID=972) to work on /home/airflow/.local/lib/python3.7/site-packages/airflow/example_dags/example_branch_operator.py
[2024-06-22T13:22:32.505+0000] {processor.py:743} INFO - Processing file /home/airflow/.local/lib/python3.7/site-packages/airflow/example_dags/example_branch_operator.py for tasks to queue
[2024-06-22T13:22:32.505+0000] {logging_mixin.py:137} INFO - [2024-06-22T13:22:32.505+0000] {dagbag.py:538} INFO - Filling up the DagBag from /home/airflow/.local/lib/python3.7/site-packages/airflow/example_dags/example_branch_operator.py
[2024-06-22T13:22:32.521+0000] {processor.py:753} INFO - DAG(s) dict_keys(['example_branch_operator']) retrieved from /home/airflow/.local/lib/python3.7/site-packages/airflow/example_dags/example_branch_operator.py
[2024-06-22T13:22:32.563+0000] {logging_mixin.py:137} INFO - [2024-06-22T13:22:32.563+0000] {dag.py:2676} INFO - Sync 1 DAGs
[2024-06-22T13:22:32.593+0000] {logging_mixin.py:137} INFO - [2024-06-22T13:22:32.593+0000] {dag.py:3427} INFO - Setting next_dagrun for example_branch_operator to 2024-06-21T00:00:00+00:00, run_after=2024-06-22T00:00:00+00:00
[2024-06-22T13:22:32.626+0000] {processor.py:175} INFO - Processing /home/airflow/.local/lib/python3.7/site-packages/airflow/example_dags/example_branch_operator.py took 0.127 seconds
[2024-06-22T13:23:02.862+0000] {processor.py:153} INFO - Started process (PID=1014) to work on /home/airflow/.local/lib/python3.7/site-packages/airflow/example_dags/example_branch_operator.py
[2024-06-22T13:23:02.863+0000] {processor.py:743} INFO - Processing file /home/airflow/.local/lib/python3.7/site-packages/airflow/example_dags/example_branch_operator.py for tasks to queue
[2024-06-22T13:23:02.864+0000] {logging_mixin.py:137} INFO - [2024-06-22T13:23:02.864+0000] {dagbag.py:538} INFO - Filling up the DagBag from /home/airflow/.local/lib/python3.7/site-packages/airflow/example_dags/example_branch_operator.py
[2024-06-22T13:23:02.885+0000] {processor.py:753} INFO - DAG(s) dict_keys(['example_branch_operator']) retrieved from /home/airflow/.local/lib/python3.7/site-packages/airflow/example_dags/example_branch_operator.py
[2024-06-22T13:23:02.938+0000] {logging_mixin.py:137} INFO - [2024-06-22T13:23:02.938+0000] {dag.py:2676} INFO - Sync 1 DAGs
[2024-06-22T13:23:02.967+0000] {logging_mixin.py:137} INFO - [2024-06-22T13:23:02.966+0000] {dag.py:3427} INFO - Setting next_dagrun for example_branch_operator to 2024-06-21T00:00:00+00:00, run_after=2024-06-22T00:00:00+00:00
[2024-06-22T13:23:02.993+0000] {processor.py:175} INFO - Processing /home/airflow/.local/lib/python3.7/site-packages/airflow/example_dags/example_branch_operator.py took 0.135 seconds
[2024-06-22T13:23:33.164+0000] {processor.py:153} INFO - Started process (PID=1056) to work on /home/airflow/.local/lib/python3.7/site-packages/airflow/example_dags/example_branch_operator.py
[2024-06-22T13:23:33.165+0000] {processor.py:743} INFO - Processing file /home/airflow/.local/lib/python3.7/site-packages/airflow/example_dags/example_branch_operator.py for tasks to queue
[2024-06-22T13:23:33.166+0000] {logging_mixin.py:137} INFO - [2024-06-22T13:23:33.166+0000] {dagbag.py:538} INFO - Filling up the DagBag from /home/airflow/.local/lib/python3.7/site-packages/airflow/example_dags/example_branch_operator.py
[2024-06-22T13:23:33.182+0000] {processor.py:753} INFO - DAG(s) dict_keys(['example_branch_operator']) retrieved from /home/airflow/.local/lib/python3.7/site-packages/airflow/example_dags/example_branch_operator.py
[2024-06-22T13:23:33.222+0000] {logging_mixin.py:137} INFO - [2024-06-22T13:23:33.222+0000] {dag.py:2676} INFO - Sync 1 DAGs
[2024-06-22T13:23:33.250+0000] {logging_mixin.py:137} INFO - [2024-06-22T13:23:33.250+0000] {dag.py:3427} INFO - Setting next_dagrun for example_branch_operator to 2024-06-21T00:00:00+00:00, run_after=2024-06-22T00:00:00+00:00
[2024-06-22T13:23:33.274+0000] {processor.py:175} INFO - Processing /home/airflow/.local/lib/python3.7/site-packages/airflow/example_dags/example_branch_operator.py took 0.114 seconds
[2024-06-22T13:24:03.886+0000] {processor.py:153} INFO - Started process (PID=1098) to work on /home/airflow/.local/lib/python3.7/site-packages/airflow/example_dags/example_branch_operator.py
[2024-06-22T13:24:03.887+0000] {processor.py:743} INFO - Processing file /home/airflow/.local/lib/python3.7/site-packages/airflow/example_dags/example_branch_operator.py for tasks to queue
[2024-06-22T13:24:03.888+0000] {logging_mixin.py:137} INFO - [2024-06-22T13:24:03.888+0000] {dagbag.py:538} INFO - Filling up the DagBag from /home/airflow/.local/lib/python3.7/site-packages/airflow/example_dags/example_branch_operator.py
[2024-06-22T13:24:03.904+0000] {processor.py:753} INFO - DAG(s) dict_keys(['example_branch_operator']) retrieved from /home/airflow/.local/lib/python3.7/site-packages/airflow/example_dags/example_branch_operator.py
[2024-06-22T13:24:03.946+0000] {logging_mixin.py:137} INFO - [2024-06-22T13:24:03.946+0000] {dag.py:2676} INFO - Sync 1 DAGs
[2024-06-22T13:24:03.973+0000] {logging_mixin.py:137} INFO - [2024-06-22T13:24:03.973+0000] {dag.py:3427} INFO - Setting next_dagrun for example_branch_operator to 2024-06-21T00:00:00+00:00, run_after=2024-06-22T00:00:00+00:00
[2024-06-22T13:24:03.999+0000] {processor.py:175} INFO - Processing /home/airflow/.local/lib/python3.7/site-packages/airflow/example_dags/example_branch_operator.py took 0.118 seconds
[2024-06-22T13:24:34.153+0000] {processor.py:153} INFO - Started process (PID=1137) to work on /home/airflow/.local/lib/python3.7/site-packages/airflow/example_dags/example_branch_operator.py
[2024-06-22T13:24:34.154+0000] {processor.py:743} INFO - Processing file /home/airflow/.local/lib/python3.7/site-packages/airflow/example_dags/example_branch_operator.py for tasks to queue
[2024-06-22T13:24:34.155+0000] {logging_mixin.py:137} INFO - [2024-06-22T13:24:34.155+0000] {dagbag.py:538} INFO - Filling up the DagBag from /home/airflow/.local/lib/python3.7/site-packages/airflow/example_dags/example_branch_operator.py
[2024-06-22T13:24:34.171+0000] {processor.py:753} INFO - DAG(s) dict_keys(['example_branch_operator']) retrieved from /home/airflow/.local/lib/python3.7/site-packages/airflow/example_dags/example_branch_operator.py
[2024-06-22T13:24:34.212+0000] {logging_mixin.py:137} INFO - [2024-06-22T13:24:34.212+0000] {dag.py:2676} INFO - Sync 1 DAGs
[2024-06-22T13:24:34.241+0000] {logging_mixin.py:137} INFO - [2024-06-22T13:24:34.241+0000] {dag.py:3427} INFO - Setting next_dagrun for example_branch_operator to 2024-06-21T00:00:00+00:00, run_after=2024-06-22T00:00:00+00:00
[2024-06-22T13:24:34.268+0000] {processor.py:175} INFO - Processing /home/airflow/.local/lib/python3.7/site-packages/airflow/example_dags/example_branch_operator.py took 0.119 seconds
[2024-06-22T13:25:04.457+0000] {processor.py:153} INFO - Started process (PID=1176) to work on /home/airflow/.local/lib/python3.7/site-packages/airflow/example_dags/example_branch_operator.py
[2024-06-22T13:25:04.458+0000] {processor.py:743} INFO - Processing file /home/airflow/.local/lib/python3.7/site-packages/airflow/example_dags/example_branch_operator.py for tasks to queue
[2024-06-22T13:25:04.460+0000] {logging_mixin.py:137} INFO - [2024-06-22T13:25:04.459+0000] {dagbag.py:538} INFO - Filling up the DagBag from /home/airflow/.local/lib/python3.7/site-packages/airflow/example_dags/example_branch_operator.py
[2024-06-22T13:25:04.486+0000] {processor.py:753} INFO - DAG(s) dict_keys(['example_branch_operator']) retrieved from /home/airflow/.local/lib/python3.7/site-packages/airflow/example_dags/example_branch_operator.py
[2024-06-22T13:25:04.527+0000] {logging_mixin.py:137} INFO - [2024-06-22T13:25:04.527+0000] {dag.py:2676} INFO - Sync 1 DAGs
[2024-06-22T13:25:04.553+0000] {logging_mixin.py:137} INFO - [2024-06-22T13:25:04.553+0000] {dag.py:3427} INFO - Setting next_dagrun for example_branch_operator to 2024-06-21T00:00:00+00:00, run_after=2024-06-22T00:00:00+00:00
[2024-06-22T13:25:04.578+0000] {processor.py:175} INFO - Processing /home/airflow/.local/lib/python3.7/site-packages/airflow/example_dags/example_branch_operator.py took 0.125 seconds
[2024-06-22T13:25:34.839+0000] {processor.py:153} INFO - Started process (PID=1215) to work on /home/airflow/.local/lib/python3.7/site-packages/airflow/example_dags/example_branch_operator.py
[2024-06-22T13:25:34.841+0000] {processor.py:743} INFO - Processing file /home/airflow/.local/lib/python3.7/site-packages/airflow/example_dags/example_branch_operator.py for tasks to queue
[2024-06-22T13:25:34.842+0000] {logging_mixin.py:137} INFO - [2024-06-22T13:25:34.842+0000] {dagbag.py:538} INFO - Filling up the DagBag from /home/airflow/.local/lib/python3.7/site-packages/airflow/example_dags/example_branch_operator.py
[2024-06-22T13:25:34.857+0000] {processor.py:753} INFO - DAG(s) dict_keys(['example_branch_operator']) retrieved from /home/airflow/.local/lib/python3.7/site-packages/airflow/example_dags/example_branch_operator.py
[2024-06-22T13:25:34.904+0000] {logging_mixin.py:137} INFO - [2024-06-22T13:25:34.904+0000] {dag.py:2676} INFO - Sync 1 DAGs
[2024-06-22T13:25:34.938+0000] {logging_mixin.py:137} INFO - [2024-06-22T13:25:34.938+0000] {dag.py:3427} INFO - Setting next_dagrun for example_branch_operator to 2024-06-21T00:00:00+00:00, run_after=2024-06-22T00:00:00+00:00
[2024-06-22T13:25:34.970+0000] {processor.py:175} INFO - Processing /home/airflow/.local/lib/python3.7/site-packages/airflow/example_dags/example_branch_operator.py took 0.134 seconds
