[2024-06-22T13:11:21.852+0000] {processor.py:153} INFO - Started process (PID=65) to work on /home/airflow/.local/lib/python3.7/site-packages/airflow/example_dags/example_trigger_target_dag.py
[2024-06-22T13:11:21.854+0000] {processor.py:743} INFO - Processing file /home/airflow/.local/lib/python3.7/site-packages/airflow/example_dags/example_trigger_target_dag.py for tasks to queue
[2024-06-22T13:11:21.855+0000] {logging_mixin.py:137} INFO - [2024-06-22T13:11:21.855+0000] {dagbag.py:538} INFO - Filling up the DagBag from /home/airflow/.local/lib/python3.7/site-packages/airflow/example_dags/example_trigger_target_dag.py
[2024-06-22T13:11:21.901+0000] {processor.py:753} INFO - DAG(s) dict_keys(['example_trigger_target_dag']) retrieved from /home/airflow/.local/lib/python3.7/site-packages/airflow/example_dags/example_trigger_target_dag.py
[2024-06-22T13:11:21.972+0000] {logging_mixin.py:137} INFO - [2024-06-22T13:11:21.971+0000] {dag.py:2676} INFO - Sync 1 DAGs
[2024-06-22T13:11:22.027+0000] {logging_mixin.py:137} INFO - [2024-06-22T13:11:22.027+0000] {dag.py:3427} INFO - Setting next_dagrun for example_trigger_target_dag to None, run_after=None
[2024-06-22T13:11:22.061+0000] {processor.py:175} INFO - Processing /home/airflow/.local/lib/python3.7/site-packages/airflow/example_dags/example_trigger_target_dag.py took 0.214 seconds
[2024-06-22T13:11:52.793+0000] {processor.py:153} INFO - Started process (PID=107) to work on /home/airflow/.local/lib/python3.7/site-packages/airflow/example_dags/example_trigger_target_dag.py
[2024-06-22T13:11:52.795+0000] {processor.py:743} INFO - Processing file /home/airflow/.local/lib/python3.7/site-packages/airflow/example_dags/example_trigger_target_dag.py for tasks to queue
[2024-06-22T13:11:52.796+0000] {logging_mixin.py:137} INFO - [2024-06-22T13:11:52.796+0000] {dagbag.py:538} INFO - Filling up the DagBag from /home/airflow/.local/lib/python3.7/site-packages/airflow/example_dags/example_trigger_target_dag.py
[2024-06-22T13:11:52.831+0000] {processor.py:753} INFO - DAG(s) dict_keys(['example_trigger_target_dag']) retrieved from /home/airflow/.local/lib/python3.7/site-packages/airflow/example_dags/example_trigger_target_dag.py
[2024-06-22T13:11:52.873+0000] {logging_mixin.py:137} INFO - [2024-06-22T13:11:52.873+0000] {dag.py:2676} INFO - Sync 1 DAGs
[2024-06-22T13:11:52.923+0000] {logging_mixin.py:137} INFO - [2024-06-22T13:11:52.922+0000] {dag.py:3427} INFO - Setting next_dagrun for example_trigger_target_dag to None, run_after=None
[2024-06-22T13:11:52.953+0000] {processor.py:175} INFO - Processing /home/airflow/.local/lib/python3.7/site-packages/airflow/example_dags/example_trigger_target_dag.py took 0.164 seconds
[2024-06-22T13:12:23.620+0000] {processor.py:153} INFO - Started process (PID=149) to work on /home/airflow/.local/lib/python3.7/site-packages/airflow/example_dags/example_trigger_target_dag.py
[2024-06-22T13:12:23.621+0000] {processor.py:743} INFO - Processing file /home/airflow/.local/lib/python3.7/site-packages/airflow/example_dags/example_trigger_target_dag.py for tasks to queue
[2024-06-22T13:12:23.623+0000] {logging_mixin.py:137} INFO - [2024-06-22T13:12:23.623+0000] {dagbag.py:538} INFO - Filling up the DagBag from /home/airflow/.local/lib/python3.7/site-packages/airflow/example_dags/example_trigger_target_dag.py
[2024-06-22T13:12:23.650+0000] {processor.py:753} INFO - DAG(s) dict_keys(['example_trigger_target_dag']) retrieved from /home/airflow/.local/lib/python3.7/site-packages/airflow/example_dags/example_trigger_target_dag.py
[2024-06-22T13:12:23.708+0000] {logging_mixin.py:137} INFO - [2024-06-22T13:12:23.708+0000] {dag.py:2676} INFO - Sync 1 DAGs
[2024-06-22T13:12:23.743+0000] {logging_mixin.py:137} INFO - [2024-06-22T13:12:23.743+0000] {dag.py:3427} INFO - Setting next_dagrun for example_trigger_target_dag to None, run_after=None
[2024-06-22T13:12:23.777+0000] {processor.py:175} INFO - Processing /home/airflow/.local/lib/python3.7/site-packages/airflow/example_dags/example_trigger_target_dag.py took 0.161 seconds
[2024-06-22T13:12:54.271+0000] {processor.py:153} INFO - Started process (PID=191) to work on /home/airflow/.local/lib/python3.7/site-packages/airflow/example_dags/example_trigger_target_dag.py
[2024-06-22T13:12:54.273+0000] {processor.py:743} INFO - Processing file /home/airflow/.local/lib/python3.7/site-packages/airflow/example_dags/example_trigger_target_dag.py for tasks to queue
[2024-06-22T13:12:54.274+0000] {logging_mixin.py:137} INFO - [2024-06-22T13:12:54.273+0000] {dagbag.py:538} INFO - Filling up the DagBag from /home/airflow/.local/lib/python3.7/site-packages/airflow/example_dags/example_trigger_target_dag.py
[2024-06-22T13:12:54.303+0000] {processor.py:753} INFO - DAG(s) dict_keys(['example_trigger_target_dag']) retrieved from /home/airflow/.local/lib/python3.7/site-packages/airflow/example_dags/example_trigger_target_dag.py
[2024-06-22T13:12:54.351+0000] {logging_mixin.py:137} INFO - [2024-06-22T13:12:54.351+0000] {dag.py:2676} INFO - Sync 1 DAGs
[2024-06-22T13:12:54.380+0000] {logging_mixin.py:137} INFO - [2024-06-22T13:12:54.380+0000] {dag.py:3427} INFO - Setting next_dagrun for example_trigger_target_dag to None, run_after=None
[2024-06-22T13:12:54.407+0000] {processor.py:175} INFO - Processing /home/airflow/.local/lib/python3.7/site-packages/airflow/example_dags/example_trigger_target_dag.py took 0.141 seconds
[2024-06-22T13:13:25.076+0000] {processor.py:153} INFO - Started process (PID=233) to work on /home/airflow/.local/lib/python3.7/site-packages/airflow/example_dags/example_trigger_target_dag.py
[2024-06-22T13:13:25.077+0000] {processor.py:743} INFO - Processing file /home/airflow/.local/lib/python3.7/site-packages/airflow/example_dags/example_trigger_target_dag.py for tasks to queue
[2024-06-22T13:13:25.078+0000] {logging_mixin.py:137} INFO - [2024-06-22T13:13:25.078+0000] {dagbag.py:538} INFO - Filling up the DagBag from /home/airflow/.local/lib/python3.7/site-packages/airflow/example_dags/example_trigger_target_dag.py
[2024-06-22T13:13:25.097+0000] {processor.py:753} INFO - DAG(s) dict_keys(['example_trigger_target_dag']) retrieved from /home/airflow/.local/lib/python3.7/site-packages/airflow/example_dags/example_trigger_target_dag.py
[2024-06-22T13:13:25.143+0000] {logging_mixin.py:137} INFO - [2024-06-22T13:13:25.143+0000] {dag.py:2676} INFO - Sync 1 DAGs
[2024-06-22T13:13:25.171+0000] {logging_mixin.py:137} INFO - [2024-06-22T13:13:25.171+0000] {dag.py:3427} INFO - Setting next_dagrun for example_trigger_target_dag to None, run_after=None
[2024-06-22T13:13:25.195+0000] {processor.py:175} INFO - Processing /home/airflow/.local/lib/python3.7/site-packages/airflow/example_dags/example_trigger_target_dag.py took 0.122 seconds
[2024-06-22T13:13:56.564+0000] {processor.py:153} INFO - Started process (PID=275) to work on /home/airflow/.local/lib/python3.7/site-packages/airflow/example_dags/example_trigger_target_dag.py
[2024-06-22T13:13:56.566+0000] {processor.py:743} INFO - Processing file /home/airflow/.local/lib/python3.7/site-packages/airflow/example_dags/example_trigger_target_dag.py for tasks to queue
[2024-06-22T13:13:56.567+0000] {logging_mixin.py:137} INFO - [2024-06-22T13:13:56.567+0000] {dagbag.py:538} INFO - Filling up the DagBag from /home/airflow/.local/lib/python3.7/site-packages/airflow/example_dags/example_trigger_target_dag.py
[2024-06-22T13:13:56.594+0000] {processor.py:753} INFO - DAG(s) dict_keys(['example_trigger_target_dag']) retrieved from /home/airflow/.local/lib/python3.7/site-packages/airflow/example_dags/example_trigger_target_dag.py
[2024-06-22T13:13:56.642+0000] {logging_mixin.py:137} INFO - [2024-06-22T13:13:56.641+0000] {dag.py:2676} INFO - Sync 1 DAGs
[2024-06-22T13:13:56.668+0000] {logging_mixin.py:137} INFO - [2024-06-22T13:13:56.667+0000] {dag.py:3427} INFO - Setting next_dagrun for example_trigger_target_dag to None, run_after=None
[2024-06-22T13:13:56.696+0000] {processor.py:175} INFO - Processing /home/airflow/.local/lib/python3.7/site-packages/airflow/example_dags/example_trigger_target_dag.py took 0.136 seconds
[2024-06-22T13:14:27.399+0000] {processor.py:153} INFO - Started process (PID=317) to work on /home/airflow/.local/lib/python3.7/site-packages/airflow/example_dags/example_trigger_target_dag.py
[2024-06-22T13:14:27.400+0000] {processor.py:743} INFO - Processing file /home/airflow/.local/lib/python3.7/site-packages/airflow/example_dags/example_trigger_target_dag.py for tasks to queue
[2024-06-22T13:14:27.401+0000] {logging_mixin.py:137} INFO - [2024-06-22T13:14:27.401+0000] {dagbag.py:538} INFO - Filling up the DagBag from /home/airflow/.local/lib/python3.7/site-packages/airflow/example_dags/example_trigger_target_dag.py
[2024-06-22T13:14:27.430+0000] {processor.py:753} INFO - DAG(s) dict_keys(['example_trigger_target_dag']) retrieved from /home/airflow/.local/lib/python3.7/site-packages/airflow/example_dags/example_trigger_target_dag.py
[2024-06-22T13:14:27.483+0000] {logging_mixin.py:137} INFO - [2024-06-22T13:14:27.483+0000] {dag.py:2676} INFO - Sync 1 DAGs
[2024-06-22T13:14:27.516+0000] {logging_mixin.py:137} INFO - [2024-06-22T13:14:27.516+0000] {dag.py:3427} INFO - Setting next_dagrun for example_trigger_target_dag to None, run_after=None
[2024-06-22T13:14:27.550+0000] {processor.py:175} INFO - Processing /home/airflow/.local/lib/python3.7/site-packages/airflow/example_dags/example_trigger_target_dag.py took 0.155 seconds
[2024-06-22T13:14:58.012+0000] {processor.py:153} INFO - Started process (PID=357) to work on /home/airflow/.local/lib/python3.7/site-packages/airflow/example_dags/example_trigger_target_dag.py
[2024-06-22T13:14:58.014+0000] {processor.py:743} INFO - Processing file /home/airflow/.local/lib/python3.7/site-packages/airflow/example_dags/example_trigger_target_dag.py for tasks to queue
[2024-06-22T13:14:58.015+0000] {logging_mixin.py:137} INFO - [2024-06-22T13:14:58.015+0000] {dagbag.py:538} INFO - Filling up the DagBag from /home/airflow/.local/lib/python3.7/site-packages/airflow/example_dags/example_trigger_target_dag.py
[2024-06-22T13:14:58.042+0000] {processor.py:753} INFO - DAG(s) dict_keys(['example_trigger_target_dag']) retrieved from /home/airflow/.local/lib/python3.7/site-packages/airflow/example_dags/example_trigger_target_dag.py
[2024-06-22T13:14:58.112+0000] {logging_mixin.py:137} INFO - [2024-06-22T13:14:58.111+0000] {dag.py:2676} INFO - Sync 1 DAGs
[2024-06-22T13:14:58.146+0000] {logging_mixin.py:137} INFO - [2024-06-22T13:14:58.146+0000] {dag.py:3427} INFO - Setting next_dagrun for example_trigger_target_dag to None, run_after=None
[2024-06-22T13:14:58.169+0000] {processor.py:175} INFO - Processing /home/airflow/.local/lib/python3.7/site-packages/airflow/example_dags/example_trigger_target_dag.py took 0.161 seconds
[2024-06-22T13:15:28.336+0000] {processor.py:153} INFO - Started process (PID=398) to work on /home/airflow/.local/lib/python3.7/site-packages/airflow/example_dags/example_trigger_target_dag.py
[2024-06-22T13:15:28.337+0000] {processor.py:743} INFO - Processing file /home/airflow/.local/lib/python3.7/site-packages/airflow/example_dags/example_trigger_target_dag.py for tasks to queue
[2024-06-22T13:15:28.338+0000] {logging_mixin.py:137} INFO - [2024-06-22T13:15:28.338+0000] {dagbag.py:538} INFO - Filling up the DagBag from /home/airflow/.local/lib/python3.7/site-packages/airflow/example_dags/example_trigger_target_dag.py
[2024-06-22T13:15:28.364+0000] {processor.py:753} INFO - DAG(s) dict_keys(['example_trigger_target_dag']) retrieved from /home/airflow/.local/lib/python3.7/site-packages/airflow/example_dags/example_trigger_target_dag.py
[2024-06-22T13:15:28.409+0000] {logging_mixin.py:137} INFO - [2024-06-22T13:15:28.408+0000] {dag.py:2676} INFO - Sync 1 DAGs
[2024-06-22T13:15:28.439+0000] {logging_mixin.py:137} INFO - [2024-06-22T13:15:28.439+0000] {dag.py:3427} INFO - Setting next_dagrun for example_trigger_target_dag to None, run_after=None
[2024-06-22T13:15:28.459+0000] {processor.py:175} INFO - Processing /home/airflow/.local/lib/python3.7/site-packages/airflow/example_dags/example_trigger_target_dag.py took 0.127 seconds
[2024-06-22T13:15:58.657+0000] {processor.py:153} INFO - Started process (PID=440) to work on /home/airflow/.local/lib/python3.7/site-packages/airflow/example_dags/example_trigger_target_dag.py
[2024-06-22T13:15:58.659+0000] {processor.py:743} INFO - Processing file /home/airflow/.local/lib/python3.7/site-packages/airflow/example_dags/example_trigger_target_dag.py for tasks to queue
[2024-06-22T13:15:58.660+0000] {logging_mixin.py:137} INFO - [2024-06-22T13:15:58.660+0000] {dagbag.py:538} INFO - Filling up the DagBag from /home/airflow/.local/lib/python3.7/site-packages/airflow/example_dags/example_trigger_target_dag.py
[2024-06-22T13:15:58.687+0000] {processor.py:753} INFO - DAG(s) dict_keys(['example_trigger_target_dag']) retrieved from /home/airflow/.local/lib/python3.7/site-packages/airflow/example_dags/example_trigger_target_dag.py
[2024-06-22T13:15:58.732+0000] {logging_mixin.py:137} INFO - [2024-06-22T13:15:58.732+0000] {dag.py:2676} INFO - Sync 1 DAGs
[2024-06-22T13:15:58.758+0000] {logging_mixin.py:137} INFO - [2024-06-22T13:15:58.757+0000] {dag.py:3427} INFO - Setting next_dagrun for example_trigger_target_dag to None, run_after=None
[2024-06-22T13:15:58.779+0000] {processor.py:175} INFO - Processing /home/airflow/.local/lib/python3.7/site-packages/airflow/example_dags/example_trigger_target_dag.py took 0.125 seconds
[2024-06-22T13:16:28.850+0000] {processor.py:153} INFO - Started process (PID=482) to work on /home/airflow/.local/lib/python3.7/site-packages/airflow/example_dags/example_trigger_target_dag.py
[2024-06-22T13:16:28.851+0000] {processor.py:743} INFO - Processing file /home/airflow/.local/lib/python3.7/site-packages/airflow/example_dags/example_trigger_target_dag.py for tasks to queue
[2024-06-22T13:16:28.852+0000] {logging_mixin.py:137} INFO - [2024-06-22T13:16:28.852+0000] {dagbag.py:538} INFO - Filling up the DagBag from /home/airflow/.local/lib/python3.7/site-packages/airflow/example_dags/example_trigger_target_dag.py
[2024-06-22T13:16:28.872+0000] {processor.py:753} INFO - DAG(s) dict_keys(['example_trigger_target_dag']) retrieved from /home/airflow/.local/lib/python3.7/site-packages/airflow/example_dags/example_trigger_target_dag.py
[2024-06-22T13:16:28.909+0000] {logging_mixin.py:137} INFO - [2024-06-22T13:16:28.909+0000] {dag.py:2676} INFO - Sync 1 DAGs
[2024-06-22T13:16:28.933+0000] {logging_mixin.py:137} INFO - [2024-06-22T13:16:28.932+0000] {dag.py:3427} INFO - Setting next_dagrun for example_trigger_target_dag to None, run_after=None
[2024-06-22T13:16:28.964+0000] {processor.py:175} INFO - Processing /home/airflow/.local/lib/python3.7/site-packages/airflow/example_dags/example_trigger_target_dag.py took 0.117 seconds
[2024-06-22T13:16:59.324+0000] {processor.py:153} INFO - Started process (PID=524) to work on /home/airflow/.local/lib/python3.7/site-packages/airflow/example_dags/example_trigger_target_dag.py
[2024-06-22T13:16:59.325+0000] {processor.py:743} INFO - Processing file /home/airflow/.local/lib/python3.7/site-packages/airflow/example_dags/example_trigger_target_dag.py for tasks to queue
[2024-06-22T13:16:59.326+0000] {logging_mixin.py:137} INFO - [2024-06-22T13:16:59.326+0000] {dagbag.py:538} INFO - Filling up the DagBag from /home/airflow/.local/lib/python3.7/site-packages/airflow/example_dags/example_trigger_target_dag.py
[2024-06-22T13:16:59.344+0000] {processor.py:753} INFO - DAG(s) dict_keys(['example_trigger_target_dag']) retrieved from /home/airflow/.local/lib/python3.7/site-packages/airflow/example_dags/example_trigger_target_dag.py
[2024-06-22T13:16:59.380+0000] {logging_mixin.py:137} INFO - [2024-06-22T13:16:59.380+0000] {dag.py:2676} INFO - Sync 1 DAGs
[2024-06-22T13:16:59.404+0000] {logging_mixin.py:137} INFO - [2024-06-22T13:16:59.404+0000] {dag.py:3427} INFO - Setting next_dagrun for example_trigger_target_dag to None, run_after=None
[2024-06-22T13:16:59.428+0000] {processor.py:175} INFO - Processing /home/airflow/.local/lib/python3.7/site-packages/airflow/example_dags/example_trigger_target_dag.py took 0.106 seconds
[2024-06-22T13:17:30.129+0000] {processor.py:153} INFO - Started process (PID=566) to work on /home/airflow/.local/lib/python3.7/site-packages/airflow/example_dags/example_trigger_target_dag.py
[2024-06-22T13:17:30.130+0000] {processor.py:743} INFO - Processing file /home/airflow/.local/lib/python3.7/site-packages/airflow/example_dags/example_trigger_target_dag.py for tasks to queue
[2024-06-22T13:17:30.131+0000] {logging_mixin.py:137} INFO - [2024-06-22T13:17:30.131+0000] {dagbag.py:538} INFO - Filling up the DagBag from /home/airflow/.local/lib/python3.7/site-packages/airflow/example_dags/example_trigger_target_dag.py
[2024-06-22T13:17:30.155+0000] {processor.py:753} INFO - DAG(s) dict_keys(['example_trigger_target_dag']) retrieved from /home/airflow/.local/lib/python3.7/site-packages/airflow/example_dags/example_trigger_target_dag.py
[2024-06-22T13:17:30.198+0000] {logging_mixin.py:137} INFO - [2024-06-22T13:17:30.197+0000] {dag.py:2676} INFO - Sync 1 DAGs
[2024-06-22T13:17:30.221+0000] {logging_mixin.py:137} INFO - [2024-06-22T13:17:30.221+0000] {dag.py:3427} INFO - Setting next_dagrun for example_trigger_target_dag to None, run_after=None
[2024-06-22T13:17:30.250+0000] {processor.py:175} INFO - Processing /home/airflow/.local/lib/python3.7/site-packages/airflow/example_dags/example_trigger_target_dag.py took 0.125 seconds
[2024-06-22T13:18:00.515+0000] {processor.py:153} INFO - Started process (PID=608) to work on /home/airflow/.local/lib/python3.7/site-packages/airflow/example_dags/example_trigger_target_dag.py
[2024-06-22T13:18:00.516+0000] {processor.py:743} INFO - Processing file /home/airflow/.local/lib/python3.7/site-packages/airflow/example_dags/example_trigger_target_dag.py for tasks to queue
[2024-06-22T13:18:00.518+0000] {logging_mixin.py:137} INFO - [2024-06-22T13:18:00.517+0000] {dagbag.py:538} INFO - Filling up the DagBag from /home/airflow/.local/lib/python3.7/site-packages/airflow/example_dags/example_trigger_target_dag.py
[2024-06-22T13:18:00.545+0000] {processor.py:753} INFO - DAG(s) dict_keys(['example_trigger_target_dag']) retrieved from /home/airflow/.local/lib/python3.7/site-packages/airflow/example_dags/example_trigger_target_dag.py
[2024-06-22T13:18:00.601+0000] {logging_mixin.py:137} INFO - [2024-06-22T13:18:00.601+0000] {dag.py:2676} INFO - Sync 1 DAGs
[2024-06-22T13:18:00.637+0000] {logging_mixin.py:137} INFO - [2024-06-22T13:18:00.637+0000] {dag.py:3427} INFO - Setting next_dagrun for example_trigger_target_dag to None, run_after=None
[2024-06-22T13:18:00.679+0000] {processor.py:175} INFO - Processing /home/airflow/.local/lib/python3.7/site-packages/airflow/example_dags/example_trigger_target_dag.py took 0.167 seconds
[2024-06-22T13:18:31.042+0000] {processor.py:153} INFO - Started process (PID=650) to work on /home/airflow/.local/lib/python3.7/site-packages/airflow/example_dags/example_trigger_target_dag.py
[2024-06-22T13:18:31.044+0000] {processor.py:743} INFO - Processing file /home/airflow/.local/lib/python3.7/site-packages/airflow/example_dags/example_trigger_target_dag.py for tasks to queue
[2024-06-22T13:18:31.045+0000] {logging_mixin.py:137} INFO - [2024-06-22T13:18:31.045+0000] {dagbag.py:538} INFO - Filling up the DagBag from /home/airflow/.local/lib/python3.7/site-packages/airflow/example_dags/example_trigger_target_dag.py
[2024-06-22T13:18:31.074+0000] {processor.py:753} INFO - DAG(s) dict_keys(['example_trigger_target_dag']) retrieved from /home/airflow/.local/lib/python3.7/site-packages/airflow/example_dags/example_trigger_target_dag.py
[2024-06-22T13:18:31.122+0000] {logging_mixin.py:137} INFO - [2024-06-22T13:18:31.122+0000] {dag.py:2676} INFO - Sync 1 DAGs
[2024-06-22T13:18:31.150+0000] {logging_mixin.py:137} INFO - [2024-06-22T13:18:31.149+0000] {dag.py:3427} INFO - Setting next_dagrun for example_trigger_target_dag to None, run_after=None
[2024-06-22T13:18:31.178+0000] {processor.py:175} INFO - Processing /home/airflow/.local/lib/python3.7/site-packages/airflow/example_dags/example_trigger_target_dag.py took 0.140 seconds
[2024-06-22T13:19:01.273+0000] {processor.py:153} INFO - Started process (PID=692) to work on /home/airflow/.local/lib/python3.7/site-packages/airflow/example_dags/example_trigger_target_dag.py
[2024-06-22T13:19:01.274+0000] {processor.py:743} INFO - Processing file /home/airflow/.local/lib/python3.7/site-packages/airflow/example_dags/example_trigger_target_dag.py for tasks to queue
[2024-06-22T13:19:01.275+0000] {logging_mixin.py:137} INFO - [2024-06-22T13:19:01.275+0000] {dagbag.py:538} INFO - Filling up the DagBag from /home/airflow/.local/lib/python3.7/site-packages/airflow/example_dags/example_trigger_target_dag.py
[2024-06-22T13:19:01.295+0000] {processor.py:753} INFO - DAG(s) dict_keys(['example_trigger_target_dag']) retrieved from /home/airflow/.local/lib/python3.7/site-packages/airflow/example_dags/example_trigger_target_dag.py
[2024-06-22T13:19:01.333+0000] {logging_mixin.py:137} INFO - [2024-06-22T13:19:01.333+0000] {dag.py:2676} INFO - Sync 1 DAGs
[2024-06-22T13:19:01.358+0000] {logging_mixin.py:137} INFO - [2024-06-22T13:19:01.357+0000] {dag.py:3427} INFO - Setting next_dagrun for example_trigger_target_dag to None, run_after=None
[2024-06-22T13:19:01.383+0000] {processor.py:175} INFO - Processing /home/airflow/.local/lib/python3.7/site-packages/airflow/example_dags/example_trigger_target_dag.py took 0.113 seconds
[2024-06-22T13:19:31.586+0000] {processor.py:153} INFO - Started process (PID=734) to work on /home/airflow/.local/lib/python3.7/site-packages/airflow/example_dags/example_trigger_target_dag.py
[2024-06-22T13:19:31.588+0000] {processor.py:743} INFO - Processing file /home/airflow/.local/lib/python3.7/site-packages/airflow/example_dags/example_trigger_target_dag.py for tasks to queue
[2024-06-22T13:19:31.589+0000] {logging_mixin.py:137} INFO - [2024-06-22T13:19:31.589+0000] {dagbag.py:538} INFO - Filling up the DagBag from /home/airflow/.local/lib/python3.7/site-packages/airflow/example_dags/example_trigger_target_dag.py
[2024-06-22T13:19:31.611+0000] {processor.py:753} INFO - DAG(s) dict_keys(['example_trigger_target_dag']) retrieved from /home/airflow/.local/lib/python3.7/site-packages/airflow/example_dags/example_trigger_target_dag.py
[2024-06-22T13:19:31.648+0000] {logging_mixin.py:137} INFO - [2024-06-22T13:19:31.647+0000] {dag.py:2676} INFO - Sync 1 DAGs
[2024-06-22T13:19:31.673+0000] {logging_mixin.py:137} INFO - [2024-06-22T13:19:31.673+0000] {dag.py:3427} INFO - Setting next_dagrun for example_trigger_target_dag to None, run_after=None
[2024-06-22T13:19:31.699+0000] {processor.py:175} INFO - Processing /home/airflow/.local/lib/python3.7/site-packages/airflow/example_dags/example_trigger_target_dag.py took 0.115 seconds
[2024-06-22T13:20:01.861+0000] {processor.py:153} INFO - Started process (PID=776) to work on /home/airflow/.local/lib/python3.7/site-packages/airflow/example_dags/example_trigger_target_dag.py
[2024-06-22T13:20:01.863+0000] {processor.py:743} INFO - Processing file /home/airflow/.local/lib/python3.7/site-packages/airflow/example_dags/example_trigger_target_dag.py for tasks to queue
[2024-06-22T13:20:01.864+0000] {logging_mixin.py:137} INFO - [2024-06-22T13:20:01.864+0000] {dagbag.py:538} INFO - Filling up the DagBag from /home/airflow/.local/lib/python3.7/site-packages/airflow/example_dags/example_trigger_target_dag.py
[2024-06-22T13:20:01.884+0000] {processor.py:753} INFO - DAG(s) dict_keys(['example_trigger_target_dag']) retrieved from /home/airflow/.local/lib/python3.7/site-packages/airflow/example_dags/example_trigger_target_dag.py
[2024-06-22T13:20:01.921+0000] {logging_mixin.py:137} INFO - [2024-06-22T13:20:01.921+0000] {dag.py:2676} INFO - Sync 1 DAGs
[2024-06-22T13:20:01.945+0000] {logging_mixin.py:137} INFO - [2024-06-22T13:20:01.945+0000] {dag.py:3427} INFO - Setting next_dagrun for example_trigger_target_dag to None, run_after=None
[2024-06-22T13:20:01.970+0000] {processor.py:175} INFO - Processing /home/airflow/.local/lib/python3.7/site-packages/airflow/example_dags/example_trigger_target_dag.py took 0.113 seconds
[2024-06-22T13:20:32.283+0000] {processor.py:153} INFO - Started process (PID=818) to work on /home/airflow/.local/lib/python3.7/site-packages/airflow/example_dags/example_trigger_target_dag.py
[2024-06-22T13:20:32.284+0000] {processor.py:743} INFO - Processing file /home/airflow/.local/lib/python3.7/site-packages/airflow/example_dags/example_trigger_target_dag.py for tasks to queue
[2024-06-22T13:20:32.285+0000] {logging_mixin.py:137} INFO - [2024-06-22T13:20:32.285+0000] {dagbag.py:538} INFO - Filling up the DagBag from /home/airflow/.local/lib/python3.7/site-packages/airflow/example_dags/example_trigger_target_dag.py
[2024-06-22T13:20:32.303+0000] {processor.py:753} INFO - DAG(s) dict_keys(['example_trigger_target_dag']) retrieved from /home/airflow/.local/lib/python3.7/site-packages/airflow/example_dags/example_trigger_target_dag.py
[2024-06-22T13:20:32.342+0000] {logging_mixin.py:137} INFO - [2024-06-22T13:20:32.342+0000] {dag.py:2676} INFO - Sync 1 DAGs
[2024-06-22T13:20:32.367+0000] {logging_mixin.py:137} INFO - [2024-06-22T13:20:32.367+0000] {dag.py:3427} INFO - Setting next_dagrun for example_trigger_target_dag to None, run_after=None
[2024-06-22T13:20:32.398+0000] {processor.py:175} INFO - Processing /home/airflow/.local/lib/python3.7/site-packages/airflow/example_dags/example_trigger_target_dag.py took 0.118 seconds
[2024-06-22T13:21:02.926+0000] {processor.py:153} INFO - Started process (PID=860) to work on /home/airflow/.local/lib/python3.7/site-packages/airflow/example_dags/example_trigger_target_dag.py
[2024-06-22T13:21:02.927+0000] {processor.py:743} INFO - Processing file /home/airflow/.local/lib/python3.7/site-packages/airflow/example_dags/example_trigger_target_dag.py for tasks to queue
[2024-06-22T13:21:02.928+0000] {logging_mixin.py:137} INFO - [2024-06-22T13:21:02.928+0000] {dagbag.py:538} INFO - Filling up the DagBag from /home/airflow/.local/lib/python3.7/site-packages/airflow/example_dags/example_trigger_target_dag.py
[2024-06-22T13:21:02.949+0000] {processor.py:753} INFO - DAG(s) dict_keys(['example_trigger_target_dag']) retrieved from /home/airflow/.local/lib/python3.7/site-packages/airflow/example_dags/example_trigger_target_dag.py
[2024-06-22T13:21:02.992+0000] {logging_mixin.py:137} INFO - [2024-06-22T13:21:02.992+0000] {dag.py:2676} INFO - Sync 1 DAGs
[2024-06-22T13:21:03.022+0000] {logging_mixin.py:137} INFO - [2024-06-22T13:21:03.022+0000] {dag.py:3427} INFO - Setting next_dagrun for example_trigger_target_dag to None, run_after=None
[2024-06-22T13:21:03.049+0000] {processor.py:175} INFO - Processing /home/airflow/.local/lib/python3.7/site-packages/airflow/example_dags/example_trigger_target_dag.py took 0.127 seconds
[2024-06-22T13:21:33.279+0000] {processor.py:153} INFO - Started process (PID=902) to work on /home/airflow/.local/lib/python3.7/site-packages/airflow/example_dags/example_trigger_target_dag.py
[2024-06-22T13:21:33.280+0000] {processor.py:743} INFO - Processing file /home/airflow/.local/lib/python3.7/site-packages/airflow/example_dags/example_trigger_target_dag.py for tasks to queue
[2024-06-22T13:21:33.281+0000] {logging_mixin.py:137} INFO - [2024-06-22T13:21:33.281+0000] {dagbag.py:538} INFO - Filling up the DagBag from /home/airflow/.local/lib/python3.7/site-packages/airflow/example_dags/example_trigger_target_dag.py
[2024-06-22T13:21:33.302+0000] {processor.py:753} INFO - DAG(s) dict_keys(['example_trigger_target_dag']) retrieved from /home/airflow/.local/lib/python3.7/site-packages/airflow/example_dags/example_trigger_target_dag.py
[2024-06-22T13:21:33.338+0000] {logging_mixin.py:137} INFO - [2024-06-22T13:21:33.338+0000] {dag.py:2676} INFO - Sync 1 DAGs
[2024-06-22T13:21:33.362+0000] {logging_mixin.py:137} INFO - [2024-06-22T13:21:33.362+0000] {dag.py:3427} INFO - Setting next_dagrun for example_trigger_target_dag to None, run_after=None
[2024-06-22T13:21:33.384+0000] {processor.py:175} INFO - Processing /home/airflow/.local/lib/python3.7/site-packages/airflow/example_dags/example_trigger_target_dag.py took 0.108 seconds
[2024-06-22T13:22:03.678+0000] {processor.py:153} INFO - Started process (PID=944) to work on /home/airflow/.local/lib/python3.7/site-packages/airflow/example_dags/example_trigger_target_dag.py
[2024-06-22T13:22:03.679+0000] {processor.py:743} INFO - Processing file /home/airflow/.local/lib/python3.7/site-packages/airflow/example_dags/example_trigger_target_dag.py for tasks to queue
[2024-06-22T13:22:03.680+0000] {logging_mixin.py:137} INFO - [2024-06-22T13:22:03.680+0000] {dagbag.py:538} INFO - Filling up the DagBag from /home/airflow/.local/lib/python3.7/site-packages/airflow/example_dags/example_trigger_target_dag.py
[2024-06-22T13:22:03.701+0000] {processor.py:753} INFO - DAG(s) dict_keys(['example_trigger_target_dag']) retrieved from /home/airflow/.local/lib/python3.7/site-packages/airflow/example_dags/example_trigger_target_dag.py
[2024-06-22T13:22:03.742+0000] {logging_mixin.py:137} INFO - [2024-06-22T13:22:03.742+0000] {dag.py:2676} INFO - Sync 1 DAGs
[2024-06-22T13:22:03.767+0000] {logging_mixin.py:137} INFO - [2024-06-22T13:22:03.767+0000] {dag.py:3427} INFO - Setting next_dagrun for example_trigger_target_dag to None, run_after=None
[2024-06-22T13:22:03.793+0000] {processor.py:175} INFO - Processing /home/airflow/.local/lib/python3.7/site-packages/airflow/example_dags/example_trigger_target_dag.py took 0.119 seconds
[2024-06-22T13:22:35.004+0000] {processor.py:153} INFO - Started process (PID=986) to work on /home/airflow/.local/lib/python3.7/site-packages/airflow/example_dags/example_trigger_target_dag.py
[2024-06-22T13:22:35.005+0000] {processor.py:743} INFO - Processing file /home/airflow/.local/lib/python3.7/site-packages/airflow/example_dags/example_trigger_target_dag.py for tasks to queue
[2024-06-22T13:22:35.006+0000] {logging_mixin.py:137} INFO - [2024-06-22T13:22:35.006+0000] {dagbag.py:538} INFO - Filling up the DagBag from /home/airflow/.local/lib/python3.7/site-packages/airflow/example_dags/example_trigger_target_dag.py
[2024-06-22T13:22:35.026+0000] {processor.py:753} INFO - DAG(s) dict_keys(['example_trigger_target_dag']) retrieved from /home/airflow/.local/lib/python3.7/site-packages/airflow/example_dags/example_trigger_target_dag.py
[2024-06-22T13:22:35.064+0000] {logging_mixin.py:137} INFO - [2024-06-22T13:22:35.063+0000] {dag.py:2676} INFO - Sync 1 DAGs
[2024-06-22T13:22:35.087+0000] {logging_mixin.py:137} INFO - [2024-06-22T13:22:35.087+0000] {dag.py:3427} INFO - Setting next_dagrun for example_trigger_target_dag to None, run_after=None
[2024-06-22T13:22:35.115+0000] {processor.py:175} INFO - Processing /home/airflow/.local/lib/python3.7/site-packages/airflow/example_dags/example_trigger_target_dag.py took 0.114 seconds
[2024-06-22T13:23:05.329+0000] {processor.py:153} INFO - Started process (PID=1028) to work on /home/airflow/.local/lib/python3.7/site-packages/airflow/example_dags/example_trigger_target_dag.py
[2024-06-22T13:23:05.330+0000] {processor.py:743} INFO - Processing file /home/airflow/.local/lib/python3.7/site-packages/airflow/example_dags/example_trigger_target_dag.py for tasks to queue
[2024-06-22T13:23:05.331+0000] {logging_mixin.py:137} INFO - [2024-06-22T13:23:05.331+0000] {dagbag.py:538} INFO - Filling up the DagBag from /home/airflow/.local/lib/python3.7/site-packages/airflow/example_dags/example_trigger_target_dag.py
[2024-06-22T13:23:05.357+0000] {processor.py:753} INFO - DAG(s) dict_keys(['example_trigger_target_dag']) retrieved from /home/airflow/.local/lib/python3.7/site-packages/airflow/example_dags/example_trigger_target_dag.py
[2024-06-22T13:23:05.405+0000] {logging_mixin.py:137} INFO - [2024-06-22T13:23:05.404+0000] {dag.py:2676} INFO - Sync 1 DAGs
[2024-06-22T13:23:05.433+0000] {logging_mixin.py:137} INFO - [2024-06-22T13:23:05.433+0000] {dag.py:3427} INFO - Setting next_dagrun for example_trigger_target_dag to None, run_after=None
[2024-06-22T13:23:05.462+0000] {processor.py:175} INFO - Processing /home/airflow/.local/lib/python3.7/site-packages/airflow/example_dags/example_trigger_target_dag.py took 0.137 seconds
[2024-06-22T13:23:35.595+0000] {processor.py:153} INFO - Started process (PID=1070) to work on /home/airflow/.local/lib/python3.7/site-packages/airflow/example_dags/example_trigger_target_dag.py
[2024-06-22T13:23:35.596+0000] {processor.py:743} INFO - Processing file /home/airflow/.local/lib/python3.7/site-packages/airflow/example_dags/example_trigger_target_dag.py for tasks to queue
[2024-06-22T13:23:35.597+0000] {logging_mixin.py:137} INFO - [2024-06-22T13:23:35.597+0000] {dagbag.py:538} INFO - Filling up the DagBag from /home/airflow/.local/lib/python3.7/site-packages/airflow/example_dags/example_trigger_target_dag.py
[2024-06-22T13:23:35.619+0000] {processor.py:753} INFO - DAG(s) dict_keys(['example_trigger_target_dag']) retrieved from /home/airflow/.local/lib/python3.7/site-packages/airflow/example_dags/example_trigger_target_dag.py
[2024-06-22T13:23:35.662+0000] {logging_mixin.py:137} INFO - [2024-06-22T13:23:35.662+0000] {dag.py:2676} INFO - Sync 1 DAGs
[2024-06-22T13:23:35.689+0000] {logging_mixin.py:137} INFO - [2024-06-22T13:23:35.689+0000] {dag.py:3427} INFO - Setting next_dagrun for example_trigger_target_dag to None, run_after=None
[2024-06-22T13:23:35.717+0000] {processor.py:175} INFO - Processing /home/airflow/.local/lib/python3.7/site-packages/airflow/example_dags/example_trigger_target_dag.py took 0.125 seconds
[2024-06-22T13:24:06.028+0000] {processor.py:153} INFO - Started process (PID=1112) to work on /home/airflow/.local/lib/python3.7/site-packages/airflow/example_dags/example_trigger_target_dag.py
[2024-06-22T13:24:06.030+0000] {processor.py:743} INFO - Processing file /home/airflow/.local/lib/python3.7/site-packages/airflow/example_dags/example_trigger_target_dag.py for tasks to queue
[2024-06-22T13:24:06.031+0000] {logging_mixin.py:137} INFO - [2024-06-22T13:24:06.031+0000] {dagbag.py:538} INFO - Filling up the DagBag from /home/airflow/.local/lib/python3.7/site-packages/airflow/example_dags/example_trigger_target_dag.py
[2024-06-22T13:24:06.052+0000] {processor.py:753} INFO - DAG(s) dict_keys(['example_trigger_target_dag']) retrieved from /home/airflow/.local/lib/python3.7/site-packages/airflow/example_dags/example_trigger_target_dag.py
[2024-06-22T13:24:06.097+0000] {logging_mixin.py:137} INFO - [2024-06-22T13:24:06.096+0000] {dag.py:2676} INFO - Sync 1 DAGs
[2024-06-22T13:24:06.122+0000] {logging_mixin.py:137} INFO - [2024-06-22T13:24:06.122+0000] {dag.py:3427} INFO - Setting next_dagrun for example_trigger_target_dag to None, run_after=None
[2024-06-22T13:24:06.149+0000] {processor.py:175} INFO - Processing /home/airflow/.local/lib/python3.7/site-packages/airflow/example_dags/example_trigger_target_dag.py took 0.124 seconds
[2024-06-22T13:24:36.392+0000] {processor.py:153} INFO - Started process (PID=1151) to work on /home/airflow/.local/lib/python3.7/site-packages/airflow/example_dags/example_trigger_target_dag.py
[2024-06-22T13:24:36.393+0000] {processor.py:743} INFO - Processing file /home/airflow/.local/lib/python3.7/site-packages/airflow/example_dags/example_trigger_target_dag.py for tasks to queue
[2024-06-22T13:24:36.394+0000] {logging_mixin.py:137} INFO - [2024-06-22T13:24:36.394+0000] {dagbag.py:538} INFO - Filling up the DagBag from /home/airflow/.local/lib/python3.7/site-packages/airflow/example_dags/example_trigger_target_dag.py
[2024-06-22T13:24:36.416+0000] {processor.py:753} INFO - DAG(s) dict_keys(['example_trigger_target_dag']) retrieved from /home/airflow/.local/lib/python3.7/site-packages/airflow/example_dags/example_trigger_target_dag.py
[2024-06-22T13:24:36.460+0000] {logging_mixin.py:137} INFO - [2024-06-22T13:24:36.460+0000] {dag.py:2676} INFO - Sync 1 DAGs
[2024-06-22T13:24:36.496+0000] {logging_mixin.py:137} INFO - [2024-06-22T13:24:36.496+0000] {dag.py:3427} INFO - Setting next_dagrun for example_trigger_target_dag to None, run_after=None
[2024-06-22T13:24:36.524+0000] {processor.py:175} INFO - Processing /home/airflow/.local/lib/python3.7/site-packages/airflow/example_dags/example_trigger_target_dag.py took 0.135 seconds
[2024-06-22T13:25:06.725+0000] {processor.py:153} INFO - Started process (PID=1190) to work on /home/airflow/.local/lib/python3.7/site-packages/airflow/example_dags/example_trigger_target_dag.py
[2024-06-22T13:25:06.727+0000] {processor.py:743} INFO - Processing file /home/airflow/.local/lib/python3.7/site-packages/airflow/example_dags/example_trigger_target_dag.py for tasks to queue
[2024-06-22T13:25:06.727+0000] {logging_mixin.py:137} INFO - [2024-06-22T13:25:06.727+0000] {dagbag.py:538} INFO - Filling up the DagBag from /home/airflow/.local/lib/python3.7/site-packages/airflow/example_dags/example_trigger_target_dag.py
[2024-06-22T13:25:06.748+0000] {processor.py:753} INFO - DAG(s) dict_keys(['example_trigger_target_dag']) retrieved from /home/airflow/.local/lib/python3.7/site-packages/airflow/example_dags/example_trigger_target_dag.py
[2024-06-22T13:25:06.787+0000] {logging_mixin.py:137} INFO - [2024-06-22T13:25:06.786+0000] {dag.py:2676} INFO - Sync 1 DAGs
[2024-06-22T13:25:06.816+0000] {logging_mixin.py:137} INFO - [2024-06-22T13:25:06.816+0000] {dag.py:3427} INFO - Setting next_dagrun for example_trigger_target_dag to None, run_after=None
[2024-06-22T13:25:06.842+0000] {processor.py:175} INFO - Processing /home/airflow/.local/lib/python3.7/site-packages/airflow/example_dags/example_trigger_target_dag.py took 0.120 seconds
[2024-06-22T13:25:37.386+0000] {processor.py:153} INFO - Started process (PID=1229) to work on /home/airflow/.local/lib/python3.7/site-packages/airflow/example_dags/example_trigger_target_dag.py
[2024-06-22T13:25:37.390+0000] {processor.py:743} INFO - Processing file /home/airflow/.local/lib/python3.7/site-packages/airflow/example_dags/example_trigger_target_dag.py for tasks to queue
[2024-06-22T13:25:37.394+0000] {logging_mixin.py:137} INFO - [2024-06-22T13:25:37.392+0000] {dagbag.py:538} INFO - Filling up the DagBag from /home/airflow/.local/lib/python3.7/site-packages/airflow/example_dags/example_trigger_target_dag.py
[2024-06-22T13:25:37.435+0000] {processor.py:753} INFO - DAG(s) dict_keys(['example_trigger_target_dag']) retrieved from /home/airflow/.local/lib/python3.7/site-packages/airflow/example_dags/example_trigger_target_dag.py
[2024-06-22T13:25:37.478+0000] {logging_mixin.py:137} INFO - [2024-06-22T13:25:37.478+0000] {dag.py:2676} INFO - Sync 1 DAGs
[2024-06-22T13:25:37.508+0000] {logging_mixin.py:137} INFO - [2024-06-22T13:25:37.508+0000] {dag.py:3427} INFO - Setting next_dagrun for example_trigger_target_dag to None, run_after=None
[2024-06-22T13:25:37.534+0000] {processor.py:175} INFO - Processing /home/airflow/.local/lib/python3.7/site-packages/airflow/example_dags/example_trigger_target_dag.py took 0.153 seconds
