[2024-06-22T13:11:21.750+0000] {processor.py:153} INFO - Started process (PID=64) to work on /home/airflow/.local/lib/python3.7/site-packages/airflow/example_dags/example_short_circuit_operator.py
[2024-06-22T13:11:21.751+0000] {processor.py:743} INFO - Processing file /home/airflow/.local/lib/python3.7/site-packages/airflow/example_dags/example_short_circuit_operator.py for tasks to queue
[2024-06-22T13:11:21.752+0000] {logging_mixin.py:137} INFO - [2024-06-22T13:11:21.752+0000] {dagbag.py:538} INFO - Filling up the DagBag from /home/airflow/.local/lib/python3.7/site-packages/airflow/example_dags/example_short_circuit_operator.py
[2024-06-22T13:11:21.778+0000] {processor.py:753} INFO - DAG(s) dict_keys(['example_short_circuit_operator']) retrieved from /home/airflow/.local/lib/python3.7/site-packages/airflow/example_dags/example_short_circuit_operator.py
[2024-06-22T13:11:21.828+0000] {logging_mixin.py:137} INFO - [2024-06-22T13:11:21.827+0000] {dag.py:2676} INFO - Sync 1 DAGs
[2024-06-22T13:11:21.869+0000] {logging_mixin.py:137} INFO - [2024-06-22T13:11:21.869+0000] {dag.py:3427} INFO - Setting next_dagrun for example_short_circuit_operator to 2024-06-21T13:11:21.869317+00:00, run_after=2024-06-22T13:11:21.869317+00:00
[2024-06-22T13:11:21.915+0000] {processor.py:175} INFO - Processing /home/airflow/.local/lib/python3.7/site-packages/airflow/example_dags/example_short_circuit_operator.py took 0.170 seconds
[2024-06-22T13:11:52.697+0000] {processor.py:153} INFO - Started process (PID=106) to work on /home/airflow/.local/lib/python3.7/site-packages/airflow/example_dags/example_short_circuit_operator.py
[2024-06-22T13:11:52.699+0000] {processor.py:743} INFO - Processing file /home/airflow/.local/lib/python3.7/site-packages/airflow/example_dags/example_short_circuit_operator.py for tasks to queue
[2024-06-22T13:11:52.700+0000] {logging_mixin.py:137} INFO - [2024-06-22T13:11:52.700+0000] {dagbag.py:538} INFO - Filling up the DagBag from /home/airflow/.local/lib/python3.7/site-packages/airflow/example_dags/example_short_circuit_operator.py
[2024-06-22T13:11:52.726+0000] {processor.py:753} INFO - DAG(s) dict_keys(['example_short_circuit_operator']) retrieved from /home/airflow/.local/lib/python3.7/site-packages/airflow/example_dags/example_short_circuit_operator.py
[2024-06-22T13:11:52.760+0000] {logging_mixin.py:137} INFO - [2024-06-22T13:11:52.760+0000] {dag.py:2676} INFO - Sync 1 DAGs
[2024-06-22T13:11:52.807+0000] {logging_mixin.py:137} INFO - [2024-06-22T13:11:52.805+0000] {dag.py:3427} INFO - Setting next_dagrun for example_short_circuit_operator to 2024-06-21T13:11:52.805266+00:00, run_after=2024-06-22T13:11:52.805266+00:00
[2024-06-22T13:11:52.837+0000] {processor.py:175} INFO - Processing /home/airflow/.local/lib/python3.7/site-packages/airflow/example_dags/example_short_circuit_operator.py took 0.144 seconds
[2024-06-22T13:12:23.512+0000] {processor.py:153} INFO - Started process (PID=148) to work on /home/airflow/.local/lib/python3.7/site-packages/airflow/example_dags/example_short_circuit_operator.py
[2024-06-22T13:12:23.513+0000] {processor.py:743} INFO - Processing file /home/airflow/.local/lib/python3.7/site-packages/airflow/example_dags/example_short_circuit_operator.py for tasks to queue
[2024-06-22T13:12:23.514+0000] {logging_mixin.py:137} INFO - [2024-06-22T13:12:23.514+0000] {dagbag.py:538} INFO - Filling up the DagBag from /home/airflow/.local/lib/python3.7/site-packages/airflow/example_dags/example_short_circuit_operator.py
[2024-06-22T13:12:23.531+0000] {processor.py:753} INFO - DAG(s) dict_keys(['example_short_circuit_operator']) retrieved from /home/airflow/.local/lib/python3.7/site-packages/airflow/example_dags/example_short_circuit_operator.py
[2024-06-22T13:12:23.576+0000] {logging_mixin.py:137} INFO - [2024-06-22T13:12:23.576+0000] {dag.py:2676} INFO - Sync 1 DAGs
[2024-06-22T13:12:23.605+0000] {logging_mixin.py:137} INFO - [2024-06-22T13:12:23.605+0000] {dag.py:3427} INFO - Setting next_dagrun for example_short_circuit_operator to 2024-06-21T13:12:23.605289+00:00, run_after=2024-06-22T13:12:23.605289+00:00
[2024-06-22T13:12:23.629+0000] {processor.py:175} INFO - Processing /home/airflow/.local/lib/python3.7/site-packages/airflow/example_dags/example_short_circuit_operator.py took 0.121 seconds
[2024-06-22T13:12:54.248+0000] {processor.py:153} INFO - Started process (PID=190) to work on /home/airflow/.local/lib/python3.7/site-packages/airflow/example_dags/example_short_circuit_operator.py
[2024-06-22T13:12:54.249+0000] {processor.py:743} INFO - Processing file /home/airflow/.local/lib/python3.7/site-packages/airflow/example_dags/example_short_circuit_operator.py for tasks to queue
[2024-06-22T13:12:54.251+0000] {logging_mixin.py:137} INFO - [2024-06-22T13:12:54.250+0000] {dagbag.py:538} INFO - Filling up the DagBag from /home/airflow/.local/lib/python3.7/site-packages/airflow/example_dags/example_short_circuit_operator.py
[2024-06-22T13:12:54.276+0000] {processor.py:753} INFO - DAG(s) dict_keys(['example_short_circuit_operator']) retrieved from /home/airflow/.local/lib/python3.7/site-packages/airflow/example_dags/example_short_circuit_operator.py
[2024-06-22T13:12:54.326+0000] {logging_mixin.py:137} INFO - [2024-06-22T13:12:54.326+0000] {dag.py:2676} INFO - Sync 1 DAGs
[2024-06-22T13:12:54.360+0000] {logging_mixin.py:137} INFO - [2024-06-22T13:12:54.359+0000] {dag.py:3427} INFO - Setting next_dagrun for example_short_circuit_operator to 2024-06-21T13:12:54.359643+00:00, run_after=2024-06-22T13:12:54.359643+00:00
[2024-06-22T13:12:54.384+0000] {processor.py:175} INFO - Processing /home/airflow/.local/lib/python3.7/site-packages/airflow/example_dags/example_short_circuit_operator.py took 0.141 seconds
[2024-06-22T13:13:25.017+0000] {processor.py:153} INFO - Started process (PID=232) to work on /home/airflow/.local/lib/python3.7/site-packages/airflow/example_dags/example_short_circuit_operator.py
[2024-06-22T13:13:25.018+0000] {processor.py:743} INFO - Processing file /home/airflow/.local/lib/python3.7/site-packages/airflow/example_dags/example_short_circuit_operator.py for tasks to queue
[2024-06-22T13:13:25.020+0000] {logging_mixin.py:137} INFO - [2024-06-22T13:13:25.019+0000] {dagbag.py:538} INFO - Filling up the DagBag from /home/airflow/.local/lib/python3.7/site-packages/airflow/example_dags/example_short_circuit_operator.py
[2024-06-22T13:13:25.037+0000] {processor.py:753} INFO - DAG(s) dict_keys(['example_short_circuit_operator']) retrieved from /home/airflow/.local/lib/python3.7/site-packages/airflow/example_dags/example_short_circuit_operator.py
[2024-06-22T13:13:25.078+0000] {logging_mixin.py:137} INFO - [2024-06-22T13:13:25.078+0000] {dag.py:2676} INFO - Sync 1 DAGs
[2024-06-22T13:13:25.103+0000] {logging_mixin.py:137} INFO - [2024-06-22T13:13:25.102+0000] {dag.py:3427} INFO - Setting next_dagrun for example_short_circuit_operator to 2024-06-21T13:13:25.102753+00:00, run_after=2024-06-22T13:13:25.102753+00:00
[2024-06-22T13:13:25.125+0000] {processor.py:175} INFO - Processing /home/airflow/.local/lib/python3.7/site-packages/airflow/example_dags/example_short_circuit_operator.py took 0.112 seconds
[2024-06-22T13:13:56.404+0000] {processor.py:153} INFO - Started process (PID=274) to work on /home/airflow/.local/lib/python3.7/site-packages/airflow/example_dags/example_short_circuit_operator.py
[2024-06-22T13:13:56.405+0000] {processor.py:743} INFO - Processing file /home/airflow/.local/lib/python3.7/site-packages/airflow/example_dags/example_short_circuit_operator.py for tasks to queue
[2024-06-22T13:13:56.406+0000] {logging_mixin.py:137} INFO - [2024-06-22T13:13:56.406+0000] {dagbag.py:538} INFO - Filling up the DagBag from /home/airflow/.local/lib/python3.7/site-packages/airflow/example_dags/example_short_circuit_operator.py
[2024-06-22T13:13:56.420+0000] {processor.py:753} INFO - DAG(s) dict_keys(['example_short_circuit_operator']) retrieved from /home/airflow/.local/lib/python3.7/site-packages/airflow/example_dags/example_short_circuit_operator.py
[2024-06-22T13:13:56.463+0000] {logging_mixin.py:137} INFO - [2024-06-22T13:13:56.463+0000] {dag.py:2676} INFO - Sync 1 DAGs
[2024-06-22T13:13:56.488+0000] {logging_mixin.py:137} INFO - [2024-06-22T13:13:56.487+0000] {dag.py:3427} INFO - Setting next_dagrun for example_short_circuit_operator to 2024-06-21T13:13:56.487710+00:00, run_after=2024-06-22T13:13:56.487710+00:00
[2024-06-22T13:13:56.520+0000] {processor.py:175} INFO - Processing /home/airflow/.local/lib/python3.7/site-packages/airflow/example_dags/example_short_circuit_operator.py took 0.119 seconds
[2024-06-22T13:14:27.256+0000] {processor.py:153} INFO - Started process (PID=315) to work on /home/airflow/.local/lib/python3.7/site-packages/airflow/example_dags/example_short_circuit_operator.py
[2024-06-22T13:14:27.257+0000] {processor.py:743} INFO - Processing file /home/airflow/.local/lib/python3.7/site-packages/airflow/example_dags/example_short_circuit_operator.py for tasks to queue
[2024-06-22T13:14:27.258+0000] {logging_mixin.py:137} INFO - [2024-06-22T13:14:27.258+0000] {dagbag.py:538} INFO - Filling up the DagBag from /home/airflow/.local/lib/python3.7/site-packages/airflow/example_dags/example_short_circuit_operator.py
[2024-06-22T13:14:27.274+0000] {processor.py:753} INFO - DAG(s) dict_keys(['example_short_circuit_operator']) retrieved from /home/airflow/.local/lib/python3.7/site-packages/airflow/example_dags/example_short_circuit_operator.py
[2024-06-22T13:14:27.313+0000] {logging_mixin.py:137} INFO - [2024-06-22T13:14:27.313+0000] {dag.py:2676} INFO - Sync 1 DAGs
[2024-06-22T13:14:27.341+0000] {logging_mixin.py:137} INFO - [2024-06-22T13:14:27.341+0000] {dag.py:3427} INFO - Setting next_dagrun for example_short_circuit_operator to 2024-06-21T13:14:27.340709+00:00, run_after=2024-06-22T13:14:27.340709+00:00
[2024-06-22T13:14:27.364+0000] {processor.py:175} INFO - Processing /home/airflow/.local/lib/python3.7/site-packages/airflow/example_dags/example_short_circuit_operator.py took 0.111 seconds
[2024-06-22T13:14:57.837+0000] {processor.py:153} INFO - Started process (PID=355) to work on /home/airflow/.local/lib/python3.7/site-packages/airflow/example_dags/example_short_circuit_operator.py
[2024-06-22T13:14:57.838+0000] {processor.py:743} INFO - Processing file /home/airflow/.local/lib/python3.7/site-packages/airflow/example_dags/example_short_circuit_operator.py for tasks to queue
[2024-06-22T13:14:57.839+0000] {logging_mixin.py:137} INFO - [2024-06-22T13:14:57.839+0000] {dagbag.py:538} INFO - Filling up the DagBag from /home/airflow/.local/lib/python3.7/site-packages/airflow/example_dags/example_short_circuit_operator.py
[2024-06-22T13:14:57.867+0000] {processor.py:753} INFO - DAG(s) dict_keys(['example_short_circuit_operator']) retrieved from /home/airflow/.local/lib/python3.7/site-packages/airflow/example_dags/example_short_circuit_operator.py
[2024-06-22T13:14:57.918+0000] {logging_mixin.py:137} INFO - [2024-06-22T13:14:57.917+0000] {dag.py:2676} INFO - Sync 1 DAGs
[2024-06-22T13:14:57.950+0000] {logging_mixin.py:137} INFO - [2024-06-22T13:14:57.950+0000] {dag.py:3427} INFO - Setting next_dagrun for example_short_circuit_operator to 2024-06-21T13:14:57.950200+00:00, run_after=2024-06-22T13:14:57.950200+00:00
[2024-06-22T13:14:57.980+0000] {processor.py:175} INFO - Processing /home/airflow/.local/lib/python3.7/site-packages/airflow/example_dags/example_short_circuit_operator.py took 0.147 seconds
[2024-06-22T13:15:28.335+0000] {processor.py:153} INFO - Started process (PID=397) to work on /home/airflow/.local/lib/python3.7/site-packages/airflow/example_dags/example_short_circuit_operator.py
[2024-06-22T13:15:28.336+0000] {processor.py:743} INFO - Processing file /home/airflow/.local/lib/python3.7/site-packages/airflow/example_dags/example_short_circuit_operator.py for tasks to queue
[2024-06-22T13:15:28.337+0000] {logging_mixin.py:137} INFO - [2024-06-22T13:15:28.337+0000] {dagbag.py:538} INFO - Filling up the DagBag from /home/airflow/.local/lib/python3.7/site-packages/airflow/example_dags/example_short_circuit_operator.py
[2024-06-22T13:15:28.356+0000] {processor.py:753} INFO - DAG(s) dict_keys(['example_short_circuit_operator']) retrieved from /home/airflow/.local/lib/python3.7/site-packages/airflow/example_dags/example_short_circuit_operator.py
[2024-06-22T13:15:28.403+0000] {logging_mixin.py:137} INFO - [2024-06-22T13:15:28.403+0000] {dag.py:2676} INFO - Sync 1 DAGs
[2024-06-22T13:15:28.438+0000] {logging_mixin.py:137} INFO - [2024-06-22T13:15:28.437+0000] {dag.py:3427} INFO - Setting next_dagrun for example_short_circuit_operator to 2024-06-21T13:15:28.437551+00:00, run_after=2024-06-22T13:15:28.437551+00:00
[2024-06-22T13:15:28.460+0000] {processor.py:175} INFO - Processing /home/airflow/.local/lib/python3.7/site-packages/airflow/example_dags/example_short_circuit_operator.py took 0.129 seconds
[2024-06-22T13:15:58.658+0000] {processor.py:153} INFO - Started process (PID=439) to work on /home/airflow/.local/lib/python3.7/site-packages/airflow/example_dags/example_short_circuit_operator.py
[2024-06-22T13:15:58.659+0000] {processor.py:743} INFO - Processing file /home/airflow/.local/lib/python3.7/site-packages/airflow/example_dags/example_short_circuit_operator.py for tasks to queue
[2024-06-22T13:15:58.660+0000] {logging_mixin.py:137} INFO - [2024-06-22T13:15:58.659+0000] {dagbag.py:538} INFO - Filling up the DagBag from /home/airflow/.local/lib/python3.7/site-packages/airflow/example_dags/example_short_circuit_operator.py
[2024-06-22T13:15:58.679+0000] {processor.py:753} INFO - DAG(s) dict_keys(['example_short_circuit_operator']) retrieved from /home/airflow/.local/lib/python3.7/site-packages/airflow/example_dags/example_short_circuit_operator.py
[2024-06-22T13:15:58.726+0000] {logging_mixin.py:137} INFO - [2024-06-22T13:15:58.726+0000] {dag.py:2676} INFO - Sync 1 DAGs
[2024-06-22T13:15:58.752+0000] {logging_mixin.py:137} INFO - [2024-06-22T13:15:58.752+0000] {dag.py:3427} INFO - Setting next_dagrun for example_short_circuit_operator to 2024-06-21T13:15:58.752407+00:00, run_after=2024-06-22T13:15:58.752407+00:00
[2024-06-22T13:15:58.774+0000] {processor.py:175} INFO - Processing /home/airflow/.local/lib/python3.7/site-packages/airflow/example_dags/example_short_circuit_operator.py took 0.120 seconds
[2024-06-22T13:16:28.849+0000] {processor.py:153} INFO - Started process (PID=481) to work on /home/airflow/.local/lib/python3.7/site-packages/airflow/example_dags/example_short_circuit_operator.py
[2024-06-22T13:16:28.851+0000] {processor.py:743} INFO - Processing file /home/airflow/.local/lib/python3.7/site-packages/airflow/example_dags/example_short_circuit_operator.py for tasks to queue
[2024-06-22T13:16:28.852+0000] {logging_mixin.py:137} INFO - [2024-06-22T13:16:28.851+0000] {dagbag.py:538} INFO - Filling up the DagBag from /home/airflow/.local/lib/python3.7/site-packages/airflow/example_dags/example_short_circuit_operator.py
[2024-06-22T13:16:28.866+0000] {processor.py:753} INFO - DAG(s) dict_keys(['example_short_circuit_operator']) retrieved from /home/airflow/.local/lib/python3.7/site-packages/airflow/example_dags/example_short_circuit_operator.py
[2024-06-22T13:16:28.906+0000] {logging_mixin.py:137} INFO - [2024-06-22T13:16:28.906+0000] {dag.py:2676} INFO - Sync 1 DAGs
[2024-06-22T13:16:28.932+0000] {logging_mixin.py:137} INFO - [2024-06-22T13:16:28.932+0000] {dag.py:3427} INFO - Setting next_dagrun for example_short_circuit_operator to 2024-06-21T13:16:28.931840+00:00, run_after=2024-06-22T13:16:28.931840+00:00
[2024-06-22T13:16:28.963+0000] {processor.py:175} INFO - Processing /home/airflow/.local/lib/python3.7/site-packages/airflow/example_dags/example_short_circuit_operator.py took 0.116 seconds
[2024-06-22T13:16:59.194+0000] {processor.py:153} INFO - Started process (PID=523) to work on /home/airflow/.local/lib/python3.7/site-packages/airflow/example_dags/example_short_circuit_operator.py
[2024-06-22T13:16:59.195+0000] {processor.py:743} INFO - Processing file /home/airflow/.local/lib/python3.7/site-packages/airflow/example_dags/example_short_circuit_operator.py for tasks to queue
[2024-06-22T13:16:59.196+0000] {logging_mixin.py:137} INFO - [2024-06-22T13:16:59.196+0000] {dagbag.py:538} INFO - Filling up the DagBag from /home/airflow/.local/lib/python3.7/site-packages/airflow/example_dags/example_short_circuit_operator.py
[2024-06-22T13:16:59.211+0000] {processor.py:753} INFO - DAG(s) dict_keys(['example_short_circuit_operator']) retrieved from /home/airflow/.local/lib/python3.7/site-packages/airflow/example_dags/example_short_circuit_operator.py
[2024-06-22T13:16:59.245+0000] {logging_mixin.py:137} INFO - [2024-06-22T13:16:59.245+0000] {dag.py:2676} INFO - Sync 1 DAGs
[2024-06-22T13:16:59.269+0000] {logging_mixin.py:137} INFO - [2024-06-22T13:16:59.269+0000] {dag.py:3427} INFO - Setting next_dagrun for example_short_circuit_operator to 2024-06-21T13:16:59.269540+00:00, run_after=2024-06-22T13:16:59.269540+00:00
[2024-06-22T13:16:59.292+0000] {processor.py:175} INFO - Processing /home/airflow/.local/lib/python3.7/site-packages/airflow/example_dags/example_short_circuit_operator.py took 0.100 seconds
[2024-06-22T13:17:29.953+0000] {processor.py:153} INFO - Started process (PID=565) to work on /home/airflow/.local/lib/python3.7/site-packages/airflow/example_dags/example_short_circuit_operator.py
[2024-06-22T13:17:29.955+0000] {processor.py:743} INFO - Processing file /home/airflow/.local/lib/python3.7/site-packages/airflow/example_dags/example_short_circuit_operator.py for tasks to queue
[2024-06-22T13:17:29.956+0000] {logging_mixin.py:137} INFO - [2024-06-22T13:17:29.956+0000] {dagbag.py:538} INFO - Filling up the DagBag from /home/airflow/.local/lib/python3.7/site-packages/airflow/example_dags/example_short_circuit_operator.py
[2024-06-22T13:17:29.976+0000] {processor.py:753} INFO - DAG(s) dict_keys(['example_short_circuit_operator']) retrieved from /home/airflow/.local/lib/python3.7/site-packages/airflow/example_dags/example_short_circuit_operator.py
[2024-06-22T13:17:30.032+0000] {logging_mixin.py:137} INFO - [2024-06-22T13:17:30.031+0000] {dag.py:2676} INFO - Sync 1 DAGs
[2024-06-22T13:17:30.063+0000] {logging_mixin.py:137} INFO - [2024-06-22T13:17:30.063+0000] {dag.py:3427} INFO - Setting next_dagrun for example_short_circuit_operator to 2024-06-21T13:17:30.063456+00:00, run_after=2024-06-22T13:17:30.063456+00:00
[2024-06-22T13:17:30.093+0000] {processor.py:175} INFO - Processing /home/airflow/.local/lib/python3.7/site-packages/airflow/example_dags/example_short_circuit_operator.py took 0.143 seconds
[2024-06-22T13:18:00.515+0000] {processor.py:153} INFO - Started process (PID=607) to work on /home/airflow/.local/lib/python3.7/site-packages/airflow/example_dags/example_short_circuit_operator.py
[2024-06-22T13:18:00.516+0000] {processor.py:743} INFO - Processing file /home/airflow/.local/lib/python3.7/site-packages/airflow/example_dags/example_short_circuit_operator.py for tasks to queue
[2024-06-22T13:18:00.518+0000] {logging_mixin.py:137} INFO - [2024-06-22T13:18:00.518+0000] {dagbag.py:538} INFO - Filling up the DagBag from /home/airflow/.local/lib/python3.7/site-packages/airflow/example_dags/example_short_circuit_operator.py
[2024-06-22T13:18:00.540+0000] {processor.py:753} INFO - DAG(s) dict_keys(['example_short_circuit_operator']) retrieved from /home/airflow/.local/lib/python3.7/site-packages/airflow/example_dags/example_short_circuit_operator.py
[2024-06-22T13:18:00.596+0000] {logging_mixin.py:137} INFO - [2024-06-22T13:18:00.596+0000] {dag.py:2676} INFO - Sync 1 DAGs
[2024-06-22T13:18:00.637+0000] {logging_mixin.py:137} INFO - [2024-06-22T13:18:00.637+0000] {dag.py:3427} INFO - Setting next_dagrun for example_short_circuit_operator to 2024-06-21T13:18:00.636791+00:00, run_after=2024-06-22T13:18:00.636791+00:00
[2024-06-22T13:18:00.679+0000] {processor.py:175} INFO - Processing /home/airflow/.local/lib/python3.7/site-packages/airflow/example_dags/example_short_circuit_operator.py took 0.169 seconds
[2024-06-22T13:18:30.886+0000] {processor.py:153} INFO - Started process (PID=649) to work on /home/airflow/.local/lib/python3.7/site-packages/airflow/example_dags/example_short_circuit_operator.py
[2024-06-22T13:18:30.887+0000] {processor.py:743} INFO - Processing file /home/airflow/.local/lib/python3.7/site-packages/airflow/example_dags/example_short_circuit_operator.py for tasks to queue
[2024-06-22T13:18:30.888+0000] {logging_mixin.py:137} INFO - [2024-06-22T13:18:30.887+0000] {dagbag.py:538} INFO - Filling up the DagBag from /home/airflow/.local/lib/python3.7/site-packages/airflow/example_dags/example_short_circuit_operator.py
[2024-06-22T13:18:30.906+0000] {processor.py:753} INFO - DAG(s) dict_keys(['example_short_circuit_operator']) retrieved from /home/airflow/.local/lib/python3.7/site-packages/airflow/example_dags/example_short_circuit_operator.py
[2024-06-22T13:18:30.951+0000] {logging_mixin.py:137} INFO - [2024-06-22T13:18:30.951+0000] {dag.py:2676} INFO - Sync 1 DAGs
[2024-06-22T13:18:30.981+0000] {logging_mixin.py:137} INFO - [2024-06-22T13:18:30.981+0000] {dag.py:3427} INFO - Setting next_dagrun for example_short_circuit_operator to 2024-06-21T13:18:30.981194+00:00, run_after=2024-06-22T13:18:30.981194+00:00
[2024-06-22T13:18:31.005+0000] {processor.py:175} INFO - Processing /home/airflow/.local/lib/python3.7/site-packages/airflow/example_dags/example_short_circuit_operator.py took 0.124 seconds
[2024-06-22T13:19:01.274+0000] {processor.py:153} INFO - Started process (PID=691) to work on /home/airflow/.local/lib/python3.7/site-packages/airflow/example_dags/example_short_circuit_operator.py
[2024-06-22T13:19:01.275+0000] {processor.py:743} INFO - Processing file /home/airflow/.local/lib/python3.7/site-packages/airflow/example_dags/example_short_circuit_operator.py for tasks to queue
[2024-06-22T13:19:01.276+0000] {logging_mixin.py:137} INFO - [2024-06-22T13:19:01.276+0000] {dagbag.py:538} INFO - Filling up the DagBag from /home/airflow/.local/lib/python3.7/site-packages/airflow/example_dags/example_short_circuit_operator.py
[2024-06-22T13:19:01.291+0000] {processor.py:753} INFO - DAG(s) dict_keys(['example_short_circuit_operator']) retrieved from /home/airflow/.local/lib/python3.7/site-packages/airflow/example_dags/example_short_circuit_operator.py
[2024-06-22T13:19:01.330+0000] {logging_mixin.py:137} INFO - [2024-06-22T13:19:01.330+0000] {dag.py:2676} INFO - Sync 1 DAGs
[2024-06-22T13:19:01.356+0000] {logging_mixin.py:137} INFO - [2024-06-22T13:19:01.356+0000] {dag.py:3427} INFO - Setting next_dagrun for example_short_circuit_operator to 2024-06-21T13:19:01.355883+00:00, run_after=2024-06-22T13:19:01.355883+00:00
[2024-06-22T13:19:01.380+0000] {processor.py:175} INFO - Processing /home/airflow/.local/lib/python3.7/site-packages/airflow/example_dags/example_short_circuit_operator.py took 0.109 seconds
[2024-06-22T13:19:31.439+0000] {processor.py:153} INFO - Started process (PID=733) to work on /home/airflow/.local/lib/python3.7/site-packages/airflow/example_dags/example_short_circuit_operator.py
[2024-06-22T13:19:31.441+0000] {processor.py:743} INFO - Processing file /home/airflow/.local/lib/python3.7/site-packages/airflow/example_dags/example_short_circuit_operator.py for tasks to queue
[2024-06-22T13:19:31.442+0000] {logging_mixin.py:137} INFO - [2024-06-22T13:19:31.442+0000] {dagbag.py:538} INFO - Filling up the DagBag from /home/airflow/.local/lib/python3.7/site-packages/airflow/example_dags/example_short_circuit_operator.py
[2024-06-22T13:19:31.457+0000] {processor.py:753} INFO - DAG(s) dict_keys(['example_short_circuit_operator']) retrieved from /home/airflow/.local/lib/python3.7/site-packages/airflow/example_dags/example_short_circuit_operator.py
[2024-06-22T13:19:31.498+0000] {logging_mixin.py:137} INFO - [2024-06-22T13:19:31.497+0000] {dag.py:2676} INFO - Sync 1 DAGs
[2024-06-22T13:19:31.526+0000] {logging_mixin.py:137} INFO - [2024-06-22T13:19:31.526+0000] {dag.py:3427} INFO - Setting next_dagrun for example_short_circuit_operator to 2024-06-21T13:19:31.526288+00:00, run_after=2024-06-22T13:19:31.526288+00:00
[2024-06-22T13:19:31.553+0000] {processor.py:175} INFO - Processing /home/airflow/.local/lib/python3.7/site-packages/airflow/example_dags/example_short_circuit_operator.py took 0.117 seconds
[2024-06-22T13:20:01.843+0000] {processor.py:153} INFO - Started process (PID=775) to work on /home/airflow/.local/lib/python3.7/site-packages/airflow/example_dags/example_short_circuit_operator.py
[2024-06-22T13:20:01.845+0000] {processor.py:743} INFO - Processing file /home/airflow/.local/lib/python3.7/site-packages/airflow/example_dags/example_short_circuit_operator.py for tasks to queue
[2024-06-22T13:20:01.846+0000] {logging_mixin.py:137} INFO - [2024-06-22T13:20:01.845+0000] {dagbag.py:538} INFO - Filling up the DagBag from /home/airflow/.local/lib/python3.7/site-packages/airflow/example_dags/example_short_circuit_operator.py
[2024-06-22T13:20:01.865+0000] {processor.py:753} INFO - DAG(s) dict_keys(['example_short_circuit_operator']) retrieved from /home/airflow/.local/lib/python3.7/site-packages/airflow/example_dags/example_short_circuit_operator.py
[2024-06-22T13:20:01.900+0000] {logging_mixin.py:137} INFO - [2024-06-22T13:20:01.900+0000] {dag.py:2676} INFO - Sync 1 DAGs
[2024-06-22T13:20:01.923+0000] {logging_mixin.py:137} INFO - [2024-06-22T13:20:01.923+0000] {dag.py:3427} INFO - Setting next_dagrun for example_short_circuit_operator to 2024-06-21T13:20:01.923329+00:00, run_after=2024-06-22T13:20:01.923329+00:00
[2024-06-22T13:20:01.947+0000] {processor.py:175} INFO - Processing /home/airflow/.local/lib/python3.7/site-packages/airflow/example_dags/example_short_circuit_operator.py took 0.108 seconds
[2024-06-22T13:20:32.138+0000] {processor.py:153} INFO - Started process (PID=817) to work on /home/airflow/.local/lib/python3.7/site-packages/airflow/example_dags/example_short_circuit_operator.py
[2024-06-22T13:20:32.139+0000] {processor.py:743} INFO - Processing file /home/airflow/.local/lib/python3.7/site-packages/airflow/example_dags/example_short_circuit_operator.py for tasks to queue
[2024-06-22T13:20:32.140+0000] {logging_mixin.py:137} INFO - [2024-06-22T13:20:32.140+0000] {dagbag.py:538} INFO - Filling up the DagBag from /home/airflow/.local/lib/python3.7/site-packages/airflow/example_dags/example_short_circuit_operator.py
[2024-06-22T13:20:32.154+0000] {processor.py:753} INFO - DAG(s) dict_keys(['example_short_circuit_operator']) retrieved from /home/airflow/.local/lib/python3.7/site-packages/airflow/example_dags/example_short_circuit_operator.py
[2024-06-22T13:20:32.196+0000] {logging_mixin.py:137} INFO - [2024-06-22T13:20:32.196+0000] {dag.py:2676} INFO - Sync 1 DAGs
[2024-06-22T13:20:32.219+0000] {logging_mixin.py:137} INFO - [2024-06-22T13:20:32.219+0000] {dag.py:3427} INFO - Setting next_dagrun for example_short_circuit_operator to 2024-06-21T13:20:32.219394+00:00, run_after=2024-06-22T13:20:32.219394+00:00
[2024-06-22T13:20:32.249+0000] {processor.py:175} INFO - Processing /home/airflow/.local/lib/python3.7/site-packages/airflow/example_dags/example_short_circuit_operator.py took 0.114 seconds
[2024-06-22T13:21:02.752+0000] {processor.py:153} INFO - Started process (PID=859) to work on /home/airflow/.local/lib/python3.7/site-packages/airflow/example_dags/example_short_circuit_operator.py
[2024-06-22T13:21:02.753+0000] {processor.py:743} INFO - Processing file /home/airflow/.local/lib/python3.7/site-packages/airflow/example_dags/example_short_circuit_operator.py for tasks to queue
[2024-06-22T13:21:02.754+0000] {logging_mixin.py:137} INFO - [2024-06-22T13:21:02.754+0000] {dagbag.py:538} INFO - Filling up the DagBag from /home/airflow/.local/lib/python3.7/site-packages/airflow/example_dags/example_short_circuit_operator.py
[2024-06-22T13:21:02.775+0000] {processor.py:753} INFO - DAG(s) dict_keys(['example_short_circuit_operator']) retrieved from /home/airflow/.local/lib/python3.7/site-packages/airflow/example_dags/example_short_circuit_operator.py
[2024-06-22T13:21:02.825+0000] {logging_mixin.py:137} INFO - [2024-06-22T13:21:02.825+0000] {dag.py:2676} INFO - Sync 1 DAGs
[2024-06-22T13:21:02.860+0000] {logging_mixin.py:137} INFO - [2024-06-22T13:21:02.858+0000] {dag.py:3427} INFO - Setting next_dagrun for example_short_circuit_operator to 2024-06-21T13:21:02.857838+00:00, run_after=2024-06-22T13:21:02.857838+00:00
[2024-06-22T13:21:02.895+0000] {processor.py:175} INFO - Processing /home/airflow/.local/lib/python3.7/site-packages/airflow/example_dags/example_short_circuit_operator.py took 0.146 seconds
[2024-06-22T13:21:33.131+0000] {processor.py:153} INFO - Started process (PID=901) to work on /home/airflow/.local/lib/python3.7/site-packages/airflow/example_dags/example_short_circuit_operator.py
[2024-06-22T13:21:33.132+0000] {processor.py:743} INFO - Processing file /home/airflow/.local/lib/python3.7/site-packages/airflow/example_dags/example_short_circuit_operator.py for tasks to queue
[2024-06-22T13:21:33.133+0000] {logging_mixin.py:137} INFO - [2024-06-22T13:21:33.133+0000] {dagbag.py:538} INFO - Filling up the DagBag from /home/airflow/.local/lib/python3.7/site-packages/airflow/example_dags/example_short_circuit_operator.py
[2024-06-22T13:21:33.151+0000] {processor.py:753} INFO - DAG(s) dict_keys(['example_short_circuit_operator']) retrieved from /home/airflow/.local/lib/python3.7/site-packages/airflow/example_dags/example_short_circuit_operator.py
[2024-06-22T13:21:33.197+0000] {logging_mixin.py:137} INFO - [2024-06-22T13:21:33.196+0000] {dag.py:2676} INFO - Sync 1 DAGs
[2024-06-22T13:21:33.229+0000] {logging_mixin.py:137} INFO - [2024-06-22T13:21:33.229+0000] {dag.py:3427} INFO - Setting next_dagrun for example_short_circuit_operator to 2024-06-21T13:21:33.228869+00:00, run_after=2024-06-22T13:21:33.228869+00:00
[2024-06-22T13:21:33.254+0000] {processor.py:175} INFO - Processing /home/airflow/.local/lib/python3.7/site-packages/airflow/example_dags/example_short_circuit_operator.py took 0.127 seconds
[2024-06-22T13:22:03.665+0000] {processor.py:153} INFO - Started process (PID=943) to work on /home/airflow/.local/lib/python3.7/site-packages/airflow/example_dags/example_short_circuit_operator.py
[2024-06-22T13:22:03.667+0000] {processor.py:743} INFO - Processing file /home/airflow/.local/lib/python3.7/site-packages/airflow/example_dags/example_short_circuit_operator.py for tasks to queue
[2024-06-22T13:22:03.668+0000] {logging_mixin.py:137} INFO - [2024-06-22T13:22:03.668+0000] {dagbag.py:538} INFO - Filling up the DagBag from /home/airflow/.local/lib/python3.7/site-packages/airflow/example_dags/example_short_circuit_operator.py
[2024-06-22T13:22:03.684+0000] {processor.py:753} INFO - DAG(s) dict_keys(['example_short_circuit_operator']) retrieved from /home/airflow/.local/lib/python3.7/site-packages/airflow/example_dags/example_short_circuit_operator.py
[2024-06-22T13:22:03.727+0000] {logging_mixin.py:137} INFO - [2024-06-22T13:22:03.727+0000] {dag.py:2676} INFO - Sync 1 DAGs
[2024-06-22T13:22:03.751+0000] {logging_mixin.py:137} INFO - [2024-06-22T13:22:03.751+0000] {dag.py:3427} INFO - Setting next_dagrun for example_short_circuit_operator to 2024-06-21T13:22:03.751141+00:00, run_after=2024-06-22T13:22:03.751141+00:00
[2024-06-22T13:22:03.776+0000] {processor.py:175} INFO - Processing /home/airflow/.local/lib/python3.7/site-packages/airflow/example_dags/example_short_circuit_operator.py took 0.114 seconds
[2024-06-22T13:22:34.829+0000] {processor.py:153} INFO - Started process (PID=985) to work on /home/airflow/.local/lib/python3.7/site-packages/airflow/example_dags/example_short_circuit_operator.py
[2024-06-22T13:22:34.830+0000] {processor.py:743} INFO - Processing file /home/airflow/.local/lib/python3.7/site-packages/airflow/example_dags/example_short_circuit_operator.py for tasks to queue
[2024-06-22T13:22:34.832+0000] {logging_mixin.py:137} INFO - [2024-06-22T13:22:34.831+0000] {dagbag.py:538} INFO - Filling up the DagBag from /home/airflow/.local/lib/python3.7/site-packages/airflow/example_dags/example_short_circuit_operator.py
[2024-06-22T13:22:34.854+0000] {processor.py:753} INFO - DAG(s) dict_keys(['example_short_circuit_operator']) retrieved from /home/airflow/.local/lib/python3.7/site-packages/airflow/example_dags/example_short_circuit_operator.py
[2024-06-22T13:22:34.919+0000] {logging_mixin.py:137} INFO - [2024-06-22T13:22:34.919+0000] {dag.py:2676} INFO - Sync 1 DAGs
[2024-06-22T13:22:34.943+0000] {logging_mixin.py:137} INFO - [2024-06-22T13:22:34.943+0000] {dag.py:3427} INFO - Setting next_dagrun for example_short_circuit_operator to 2024-06-21T13:22:34.942776+00:00, run_after=2024-06-22T13:22:34.942776+00:00
[2024-06-22T13:22:34.966+0000] {processor.py:175} INFO - Processing /home/airflow/.local/lib/python3.7/site-packages/airflow/example_dags/example_short_circuit_operator.py took 0.141 seconds
[2024-06-22T13:23:05.166+0000] {processor.py:153} INFO - Started process (PID=1027) to work on /home/airflow/.local/lib/python3.7/site-packages/airflow/example_dags/example_short_circuit_operator.py
[2024-06-22T13:23:05.168+0000] {processor.py:743} INFO - Processing file /home/airflow/.local/lib/python3.7/site-packages/airflow/example_dags/example_short_circuit_operator.py for tasks to queue
[2024-06-22T13:23:05.169+0000] {logging_mixin.py:137} INFO - [2024-06-22T13:23:05.169+0000] {dagbag.py:538} INFO - Filling up the DagBag from /home/airflow/.local/lib/python3.7/site-packages/airflow/example_dags/example_short_circuit_operator.py
[2024-06-22T13:23:05.189+0000] {processor.py:753} INFO - DAG(s) dict_keys(['example_short_circuit_operator']) retrieved from /home/airflow/.local/lib/python3.7/site-packages/airflow/example_dags/example_short_circuit_operator.py
[2024-06-22T13:23:05.231+0000] {logging_mixin.py:137} INFO - [2024-06-22T13:23:05.230+0000] {dag.py:2676} INFO - Sync 1 DAGs
[2024-06-22T13:23:05.259+0000] {logging_mixin.py:137} INFO - [2024-06-22T13:23:05.259+0000] {dag.py:3427} INFO - Setting next_dagrun for example_short_circuit_operator to 2024-06-21T13:23:05.258800+00:00, run_after=2024-06-22T13:23:05.258800+00:00
[2024-06-22T13:23:05.292+0000] {processor.py:175} INFO - Processing /home/airflow/.local/lib/python3.7/site-packages/airflow/example_dags/example_short_circuit_operator.py took 0.129 seconds
[2024-06-22T13:23:35.594+0000] {processor.py:153} INFO - Started process (PID=1069) to work on /home/airflow/.local/lib/python3.7/site-packages/airflow/example_dags/example_short_circuit_operator.py
[2024-06-22T13:23:35.595+0000] {processor.py:743} INFO - Processing file /home/airflow/.local/lib/python3.7/site-packages/airflow/example_dags/example_short_circuit_operator.py for tasks to queue
[2024-06-22T13:23:35.596+0000] {logging_mixin.py:137} INFO - [2024-06-22T13:23:35.596+0000] {dagbag.py:538} INFO - Filling up the DagBag from /home/airflow/.local/lib/python3.7/site-packages/airflow/example_dags/example_short_circuit_operator.py
[2024-06-22T13:23:35.613+0000] {processor.py:753} INFO - DAG(s) dict_keys(['example_short_circuit_operator']) retrieved from /home/airflow/.local/lib/python3.7/site-packages/airflow/example_dags/example_short_circuit_operator.py
[2024-06-22T13:23:35.655+0000] {logging_mixin.py:137} INFO - [2024-06-22T13:23:35.655+0000] {dag.py:2676} INFO - Sync 1 DAGs
[2024-06-22T13:23:35.682+0000] {logging_mixin.py:137} INFO - [2024-06-22T13:23:35.682+0000] {dag.py:3427} INFO - Setting next_dagrun for example_short_circuit_operator to 2024-06-21T13:23:35.682187+00:00, run_after=2024-06-22T13:23:35.682187+00:00
[2024-06-22T13:23:35.709+0000] {processor.py:175} INFO - Processing /home/airflow/.local/lib/python3.7/site-packages/airflow/example_dags/example_short_circuit_operator.py took 0.118 seconds
[2024-06-22T13:24:06.017+0000] {processor.py:153} INFO - Started process (PID=1111) to work on /home/airflow/.local/lib/python3.7/site-packages/airflow/example_dags/example_short_circuit_operator.py
[2024-06-22T13:24:06.018+0000] {processor.py:743} INFO - Processing file /home/airflow/.local/lib/python3.7/site-packages/airflow/example_dags/example_short_circuit_operator.py for tasks to queue
[2024-06-22T13:24:06.019+0000] {logging_mixin.py:137} INFO - [2024-06-22T13:24:06.019+0000] {dagbag.py:538} INFO - Filling up the DagBag from /home/airflow/.local/lib/python3.7/site-packages/airflow/example_dags/example_short_circuit_operator.py
[2024-06-22T13:24:06.038+0000] {processor.py:753} INFO - DAG(s) dict_keys(['example_short_circuit_operator']) retrieved from /home/airflow/.local/lib/python3.7/site-packages/airflow/example_dags/example_short_circuit_operator.py
[2024-06-22T13:24:06.080+0000] {logging_mixin.py:137} INFO - [2024-06-22T13:24:06.079+0000] {dag.py:2676} INFO - Sync 1 DAGs
[2024-06-22T13:24:06.107+0000] {logging_mixin.py:137} INFO - [2024-06-22T13:24:06.107+0000] {dag.py:3427} INFO - Setting next_dagrun for example_short_circuit_operator to 2024-06-21T13:24:06.107085+00:00, run_after=2024-06-22T13:24:06.107085+00:00
[2024-06-22T13:24:06.133+0000] {processor.py:175} INFO - Processing /home/airflow/.local/lib/python3.7/site-packages/airflow/example_dags/example_short_circuit_operator.py took 0.121 seconds
[2024-06-22T13:24:36.375+0000] {processor.py:153} INFO - Started process (PID=1150) to work on /home/airflow/.local/lib/python3.7/site-packages/airflow/example_dags/example_short_circuit_operator.py
[2024-06-22T13:24:36.376+0000] {processor.py:743} INFO - Processing file /home/airflow/.local/lib/python3.7/site-packages/airflow/example_dags/example_short_circuit_operator.py for tasks to queue
[2024-06-22T13:24:36.377+0000] {logging_mixin.py:137} INFO - [2024-06-22T13:24:36.377+0000] {dagbag.py:538} INFO - Filling up the DagBag from /home/airflow/.local/lib/python3.7/site-packages/airflow/example_dags/example_short_circuit_operator.py
[2024-06-22T13:24:36.395+0000] {processor.py:753} INFO - DAG(s) dict_keys(['example_short_circuit_operator']) retrieved from /home/airflow/.local/lib/python3.7/site-packages/airflow/example_dags/example_short_circuit_operator.py
[2024-06-22T13:24:36.438+0000] {logging_mixin.py:137} INFO - [2024-06-22T13:24:36.438+0000] {dag.py:2676} INFO - Sync 1 DAGs
[2024-06-22T13:24:36.471+0000] {logging_mixin.py:137} INFO - [2024-06-22T13:24:36.471+0000] {dag.py:3427} INFO - Setting next_dagrun for example_short_circuit_operator to 2024-06-21T13:24:36.470880+00:00, run_after=2024-06-22T13:24:36.470880+00:00
[2024-06-22T13:24:36.503+0000] {processor.py:175} INFO - Processing /home/airflow/.local/lib/python3.7/site-packages/airflow/example_dags/example_short_circuit_operator.py took 0.131 seconds
[2024-06-22T13:25:06.724+0000] {processor.py:153} INFO - Started process (PID=1189) to work on /home/airflow/.local/lib/python3.7/site-packages/airflow/example_dags/example_short_circuit_operator.py
[2024-06-22T13:25:06.725+0000] {processor.py:743} INFO - Processing file /home/airflow/.local/lib/python3.7/site-packages/airflow/example_dags/example_short_circuit_operator.py for tasks to queue
[2024-06-22T13:25:06.726+0000] {logging_mixin.py:137} INFO - [2024-06-22T13:25:06.726+0000] {dagbag.py:538} INFO - Filling up the DagBag from /home/airflow/.local/lib/python3.7/site-packages/airflow/example_dags/example_short_circuit_operator.py
[2024-06-22T13:25:06.743+0000] {processor.py:753} INFO - DAG(s) dict_keys(['example_short_circuit_operator']) retrieved from /home/airflow/.local/lib/python3.7/site-packages/airflow/example_dags/example_short_circuit_operator.py
[2024-06-22T13:25:06.783+0000] {logging_mixin.py:137} INFO - [2024-06-22T13:25:06.783+0000] {dag.py:2676} INFO - Sync 1 DAGs
[2024-06-22T13:25:06.814+0000] {logging_mixin.py:137} INFO - [2024-06-22T13:25:06.814+0000] {dag.py:3427} INFO - Setting next_dagrun for example_short_circuit_operator to 2024-06-21T13:25:06.813768+00:00, run_after=2024-06-22T13:25:06.813768+00:00
[2024-06-22T13:25:06.838+0000] {processor.py:175} INFO - Processing /home/airflow/.local/lib/python3.7/site-packages/airflow/example_dags/example_short_circuit_operator.py took 0.118 seconds
[2024-06-22T13:25:37.222+0000] {processor.py:153} INFO - Started process (PID=1228) to work on /home/airflow/.local/lib/python3.7/site-packages/airflow/example_dags/example_short_circuit_operator.py
[2024-06-22T13:25:37.223+0000] {processor.py:743} INFO - Processing file /home/airflow/.local/lib/python3.7/site-packages/airflow/example_dags/example_short_circuit_operator.py for tasks to queue
[2024-06-22T13:25:37.224+0000] {logging_mixin.py:137} INFO - [2024-06-22T13:25:37.224+0000] {dagbag.py:538} INFO - Filling up the DagBag from /home/airflow/.local/lib/python3.7/site-packages/airflow/example_dags/example_short_circuit_operator.py
[2024-06-22T13:25:37.246+0000] {processor.py:753} INFO - DAG(s) dict_keys(['example_short_circuit_operator']) retrieved from /home/airflow/.local/lib/python3.7/site-packages/airflow/example_dags/example_short_circuit_operator.py
[2024-06-22T13:25:37.291+0000] {logging_mixin.py:137} INFO - [2024-06-22T13:25:37.291+0000] {dag.py:2676} INFO - Sync 1 DAGs
[2024-06-22T13:25:37.322+0000] {logging_mixin.py:137} INFO - [2024-06-22T13:25:37.321+0000] {dag.py:3427} INFO - Setting next_dagrun for example_short_circuit_operator to 2024-06-21T13:25:37.321416+00:00, run_after=2024-06-22T13:25:37.321416+00:00
[2024-06-22T13:25:37.348+0000] {processor.py:175} INFO - Processing /home/airflow/.local/lib/python3.7/site-packages/airflow/example_dags/example_short_circuit_operator.py took 0.131 seconds
