[2024-06-22T13:11:22.930+0000] {processor.py:153} INFO - Started process (PID=73) to work on /home/airflow/.local/lib/python3.7/site-packages/airflow/example_dags/example_nested_branch_dag.py
[2024-06-22T13:11:22.932+0000] {processor.py:743} INFO - Processing file /home/airflow/.local/lib/python3.7/site-packages/airflow/example_dags/example_nested_branch_dag.py for tasks to queue
[2024-06-22T13:11:22.934+0000] {logging_mixin.py:137} INFO - [2024-06-22T13:11:22.934+0000] {dagbag.py:538} INFO - Filling up the DagBag from /home/airflow/.local/lib/python3.7/site-packages/airflow/example_dags/example_nested_branch_dag.py
[2024-06-22T13:11:22.978+0000] {processor.py:753} INFO - DAG(s) dict_keys(['example_nested_branch_dag']) retrieved from /home/airflow/.local/lib/python3.7/site-packages/airflow/example_dags/example_nested_branch_dag.py
[2024-06-22T13:11:23.030+0000] {logging_mixin.py:137} INFO - [2024-06-22T13:11:23.030+0000] {dag.py:2676} INFO - Sync 1 DAGs
[2024-06-22T13:11:23.069+0000] {logging_mixin.py:137} INFO - [2024-06-22T13:11:23.069+0000] {dag.py:3427} INFO - Setting next_dagrun for example_nested_branch_dag to 2024-06-21T00:00:00+00:00, run_after=2024-06-22T00:00:00+00:00
[2024-06-22T13:11:23.102+0000] {processor.py:175} INFO - Processing /home/airflow/.local/lib/python3.7/site-packages/airflow/example_dags/example_nested_branch_dag.py took 0.175 seconds
[2024-06-22T13:11:53.516+0000] {processor.py:153} INFO - Started process (PID=115) to work on /home/airflow/.local/lib/python3.7/site-packages/airflow/example_dags/example_nested_branch_dag.py
[2024-06-22T13:11:53.518+0000] {processor.py:743} INFO - Processing file /home/airflow/.local/lib/python3.7/site-packages/airflow/example_dags/example_nested_branch_dag.py for tasks to queue
[2024-06-22T13:11:53.519+0000] {logging_mixin.py:137} INFO - [2024-06-22T13:11:53.519+0000] {dagbag.py:538} INFO - Filling up the DagBag from /home/airflow/.local/lib/python3.7/site-packages/airflow/example_dags/example_nested_branch_dag.py
[2024-06-22T13:11:53.556+0000] {processor.py:753} INFO - DAG(s) dict_keys(['example_nested_branch_dag']) retrieved from /home/airflow/.local/lib/python3.7/site-packages/airflow/example_dags/example_nested_branch_dag.py
[2024-06-22T13:11:53.592+0000] {logging_mixin.py:137} INFO - [2024-06-22T13:11:53.592+0000] {dag.py:2676} INFO - Sync 1 DAGs
[2024-06-22T13:11:53.637+0000] {logging_mixin.py:137} INFO - [2024-06-22T13:11:53.637+0000] {dag.py:3427} INFO - Setting next_dagrun for example_nested_branch_dag to 2024-06-21T00:00:00+00:00, run_after=2024-06-22T00:00:00+00:00
[2024-06-22T13:11:53.671+0000] {processor.py:175} INFO - Processing /home/airflow/.local/lib/python3.7/site-packages/airflow/example_dags/example_nested_branch_dag.py took 0.159 seconds
[2024-06-22T13:12:24.268+0000] {processor.py:153} INFO - Started process (PID=157) to work on /home/airflow/.local/lib/python3.7/site-packages/airflow/example_dags/example_nested_branch_dag.py
[2024-06-22T13:12:24.269+0000] {processor.py:743} INFO - Processing file /home/airflow/.local/lib/python3.7/site-packages/airflow/example_dags/example_nested_branch_dag.py for tasks to queue
[2024-06-22T13:12:24.270+0000] {logging_mixin.py:137} INFO - [2024-06-22T13:12:24.270+0000] {dagbag.py:538} INFO - Filling up the DagBag from /home/airflow/.local/lib/python3.7/site-packages/airflow/example_dags/example_nested_branch_dag.py
[2024-06-22T13:12:24.296+0000] {processor.py:753} INFO - DAG(s) dict_keys(['example_nested_branch_dag']) retrieved from /home/airflow/.local/lib/python3.7/site-packages/airflow/example_dags/example_nested_branch_dag.py
[2024-06-22T13:12:24.348+0000] {logging_mixin.py:137} INFO - [2024-06-22T13:12:24.348+0000] {dag.py:2676} INFO - Sync 1 DAGs
[2024-06-22T13:12:24.378+0000] {logging_mixin.py:137} INFO - [2024-06-22T13:12:24.378+0000] {dag.py:3427} INFO - Setting next_dagrun for example_nested_branch_dag to 2024-06-21T00:00:00+00:00, run_after=2024-06-22T00:00:00+00:00
[2024-06-22T13:12:24.404+0000] {processor.py:175} INFO - Processing /home/airflow/.local/lib/python3.7/site-packages/airflow/example_dags/example_nested_branch_dag.py took 0.140 seconds
[2024-06-22T13:12:54.919+0000] {processor.py:153} INFO - Started process (PID=199) to work on /home/airflow/.local/lib/python3.7/site-packages/airflow/example_dags/example_nested_branch_dag.py
[2024-06-22T13:12:54.920+0000] {processor.py:743} INFO - Processing file /home/airflow/.local/lib/python3.7/site-packages/airflow/example_dags/example_nested_branch_dag.py for tasks to queue
[2024-06-22T13:12:54.922+0000] {logging_mixin.py:137} INFO - [2024-06-22T13:12:54.922+0000] {dagbag.py:538} INFO - Filling up the DagBag from /home/airflow/.local/lib/python3.7/site-packages/airflow/example_dags/example_nested_branch_dag.py
[2024-06-22T13:12:54.947+0000] {processor.py:753} INFO - DAG(s) dict_keys(['example_nested_branch_dag']) retrieved from /home/airflow/.local/lib/python3.7/site-packages/airflow/example_dags/example_nested_branch_dag.py
[2024-06-22T13:12:54.987+0000] {logging_mixin.py:137} INFO - [2024-06-22T13:12:54.987+0000] {dag.py:2676} INFO - Sync 1 DAGs
[2024-06-22T13:12:55.020+0000] {logging_mixin.py:137} INFO - [2024-06-22T13:12:55.020+0000] {dag.py:3427} INFO - Setting next_dagrun for example_nested_branch_dag to 2024-06-21T00:00:00+00:00, run_after=2024-06-22T00:00:00+00:00
[2024-06-22T13:12:55.043+0000] {processor.py:175} INFO - Processing /home/airflow/.local/lib/python3.7/site-packages/airflow/example_dags/example_nested_branch_dag.py took 0.128 seconds
[2024-06-22T13:13:25.719+0000] {processor.py:153} INFO - Started process (PID=241) to work on /home/airflow/.local/lib/python3.7/site-packages/airflow/example_dags/example_nested_branch_dag.py
[2024-06-22T13:13:25.720+0000] {processor.py:743} INFO - Processing file /home/airflow/.local/lib/python3.7/site-packages/airflow/example_dags/example_nested_branch_dag.py for tasks to queue
[2024-06-22T13:13:25.721+0000] {logging_mixin.py:137} INFO - [2024-06-22T13:13:25.721+0000] {dagbag.py:538} INFO - Filling up the DagBag from /home/airflow/.local/lib/python3.7/site-packages/airflow/example_dags/example_nested_branch_dag.py
[2024-06-22T13:13:25.750+0000] {processor.py:753} INFO - DAG(s) dict_keys(['example_nested_branch_dag']) retrieved from /home/airflow/.local/lib/python3.7/site-packages/airflow/example_dags/example_nested_branch_dag.py
[2024-06-22T13:13:25.794+0000] {logging_mixin.py:137} INFO - [2024-06-22T13:13:25.793+0000] {dag.py:2676} INFO - Sync 1 DAGs
[2024-06-22T13:13:25.825+0000] {logging_mixin.py:137} INFO - [2024-06-22T13:13:25.825+0000] {dag.py:3427} INFO - Setting next_dagrun for example_nested_branch_dag to 2024-06-21T00:00:00+00:00, run_after=2024-06-22T00:00:00+00:00
[2024-06-22T13:13:25.855+0000] {processor.py:175} INFO - Processing /home/airflow/.local/lib/python3.7/site-packages/airflow/example_dags/example_nested_branch_dag.py took 0.139 seconds
[2024-06-22T13:13:57.282+0000] {processor.py:153} INFO - Started process (PID=283) to work on /home/airflow/.local/lib/python3.7/site-packages/airflow/example_dags/example_nested_branch_dag.py
[2024-06-22T13:13:57.283+0000] {processor.py:743} INFO - Processing file /home/airflow/.local/lib/python3.7/site-packages/airflow/example_dags/example_nested_branch_dag.py for tasks to queue
[2024-06-22T13:13:57.284+0000] {logging_mixin.py:137} INFO - [2024-06-22T13:13:57.284+0000] {dagbag.py:538} INFO - Filling up the DagBag from /home/airflow/.local/lib/python3.7/site-packages/airflow/example_dags/example_nested_branch_dag.py
[2024-06-22T13:13:57.324+0000] {processor.py:753} INFO - DAG(s) dict_keys(['example_nested_branch_dag']) retrieved from /home/airflow/.local/lib/python3.7/site-packages/airflow/example_dags/example_nested_branch_dag.py
[2024-06-22T13:13:57.396+0000] {logging_mixin.py:137} INFO - [2024-06-22T13:13:57.394+0000] {dag.py:2676} INFO - Sync 1 DAGs
[2024-06-22T13:13:57.454+0000] {logging_mixin.py:137} INFO - [2024-06-22T13:13:57.453+0000] {dag.py:3427} INFO - Setting next_dagrun for example_nested_branch_dag to 2024-06-21T00:00:00+00:00, run_after=2024-06-22T00:00:00+00:00
[2024-06-22T13:13:57.485+0000] {processor.py:175} INFO - Processing /home/airflow/.local/lib/python3.7/site-packages/airflow/example_dags/example_nested_branch_dag.py took 0.208 seconds
[2024-06-22T13:14:28.212+0000] {processor.py:153} INFO - Started process (PID=325) to work on /home/airflow/.local/lib/python3.7/site-packages/airflow/example_dags/example_nested_branch_dag.py
[2024-06-22T13:14:28.214+0000] {processor.py:743} INFO - Processing file /home/airflow/.local/lib/python3.7/site-packages/airflow/example_dags/example_nested_branch_dag.py for tasks to queue
[2024-06-22T13:14:28.215+0000] {logging_mixin.py:137} INFO - [2024-06-22T13:14:28.215+0000] {dagbag.py:538} INFO - Filling up the DagBag from /home/airflow/.local/lib/python3.7/site-packages/airflow/example_dags/example_nested_branch_dag.py
[2024-06-22T13:14:28.237+0000] {processor.py:753} INFO - DAG(s) dict_keys(['example_nested_branch_dag']) retrieved from /home/airflow/.local/lib/python3.7/site-packages/airflow/example_dags/example_nested_branch_dag.py
[2024-06-22T13:14:28.276+0000] {logging_mixin.py:137} INFO - [2024-06-22T13:14:28.276+0000] {dag.py:2676} INFO - Sync 1 DAGs
[2024-06-22T13:14:28.301+0000] {logging_mixin.py:137} INFO - [2024-06-22T13:14:28.301+0000] {dag.py:3427} INFO - Setting next_dagrun for example_nested_branch_dag to 2024-06-21T00:00:00+00:00, run_after=2024-06-22T00:00:00+00:00
[2024-06-22T13:14:28.326+0000] {processor.py:175} INFO - Processing /home/airflow/.local/lib/python3.7/site-packages/airflow/example_dags/example_nested_branch_dag.py took 0.116 seconds
[2024-06-22T13:14:59.199+0000] {processor.py:153} INFO - Started process (PID=367) to work on /home/airflow/.local/lib/python3.7/site-packages/airflow/example_dags/example_nested_branch_dag.py
[2024-06-22T13:14:59.200+0000] {processor.py:743} INFO - Processing file /home/airflow/.local/lib/python3.7/site-packages/airflow/example_dags/example_nested_branch_dag.py for tasks to queue
[2024-06-22T13:14:59.201+0000] {logging_mixin.py:137} INFO - [2024-06-22T13:14:59.201+0000] {dagbag.py:538} INFO - Filling up the DagBag from /home/airflow/.local/lib/python3.7/site-packages/airflow/example_dags/example_nested_branch_dag.py
[2024-06-22T13:14:59.229+0000] {processor.py:753} INFO - DAG(s) dict_keys(['example_nested_branch_dag']) retrieved from /home/airflow/.local/lib/python3.7/site-packages/airflow/example_dags/example_nested_branch_dag.py
[2024-06-22T13:14:59.271+0000] {logging_mixin.py:137} INFO - [2024-06-22T13:14:59.271+0000] {dag.py:2676} INFO - Sync 1 DAGs
[2024-06-22T13:14:59.307+0000] {logging_mixin.py:137} INFO - [2024-06-22T13:14:59.307+0000] {dag.py:3427} INFO - Setting next_dagrun for example_nested_branch_dag to 2024-06-21T00:00:00+00:00, run_after=2024-06-22T00:00:00+00:00
[2024-06-22T13:14:59.335+0000] {processor.py:175} INFO - Processing /home/airflow/.local/lib/python3.7/site-packages/airflow/example_dags/example_nested_branch_dag.py took 0.139 seconds
[2024-06-22T13:15:29.710+0000] {processor.py:153} INFO - Started process (PID=408) to work on /home/airflow/.local/lib/python3.7/site-packages/airflow/example_dags/example_nested_branch_dag.py
[2024-06-22T13:15:29.711+0000] {processor.py:743} INFO - Processing file /home/airflow/.local/lib/python3.7/site-packages/airflow/example_dags/example_nested_branch_dag.py for tasks to queue
[2024-06-22T13:15:29.712+0000] {logging_mixin.py:137} INFO - [2024-06-22T13:15:29.712+0000] {dagbag.py:538} INFO - Filling up the DagBag from /home/airflow/.local/lib/python3.7/site-packages/airflow/example_dags/example_nested_branch_dag.py
[2024-06-22T13:15:29.742+0000] {processor.py:753} INFO - DAG(s) dict_keys(['example_nested_branch_dag']) retrieved from /home/airflow/.local/lib/python3.7/site-packages/airflow/example_dags/example_nested_branch_dag.py
[2024-06-22T13:15:29.784+0000] {logging_mixin.py:137} INFO - [2024-06-22T13:15:29.783+0000] {dag.py:2676} INFO - Sync 1 DAGs
[2024-06-22T13:15:29.813+0000] {logging_mixin.py:137} INFO - [2024-06-22T13:15:29.813+0000] {dag.py:3427} INFO - Setting next_dagrun for example_nested_branch_dag to 2024-06-21T00:00:00+00:00, run_after=2024-06-22T00:00:00+00:00
[2024-06-22T13:15:29.837+0000] {processor.py:175} INFO - Processing /home/airflow/.local/lib/python3.7/site-packages/airflow/example_dags/example_nested_branch_dag.py took 0.130 seconds
[2024-06-22T13:16:00.782+0000] {processor.py:153} INFO - Started process (PID=450) to work on /home/airflow/.local/lib/python3.7/site-packages/airflow/example_dags/example_nested_branch_dag.py
[2024-06-22T13:16:00.784+0000] {processor.py:743} INFO - Processing file /home/airflow/.local/lib/python3.7/site-packages/airflow/example_dags/example_nested_branch_dag.py for tasks to queue
[2024-06-22T13:16:00.785+0000] {logging_mixin.py:137} INFO - [2024-06-22T13:16:00.785+0000] {dagbag.py:538} INFO - Filling up the DagBag from /home/airflow/.local/lib/python3.7/site-packages/airflow/example_dags/example_nested_branch_dag.py
[2024-06-22T13:16:00.818+0000] {processor.py:753} INFO - DAG(s) dict_keys(['example_nested_branch_dag']) retrieved from /home/airflow/.local/lib/python3.7/site-packages/airflow/example_dags/example_nested_branch_dag.py
[2024-06-22T13:16:00.876+0000] {logging_mixin.py:137} INFO - [2024-06-22T13:16:00.876+0000] {dag.py:2676} INFO - Sync 1 DAGs
[2024-06-22T13:16:00.908+0000] {logging_mixin.py:137} INFO - [2024-06-22T13:16:00.908+0000] {dag.py:3427} INFO - Setting next_dagrun for example_nested_branch_dag to 2024-06-21T00:00:00+00:00, run_after=2024-06-22T00:00:00+00:00
[2024-06-22T13:16:00.933+0000] {processor.py:175} INFO - Processing /home/airflow/.local/lib/python3.7/site-packages/airflow/example_dags/example_nested_branch_dag.py took 0.155 seconds
[2024-06-22T13:16:31.346+0000] {processor.py:153} INFO - Started process (PID=490) to work on /home/airflow/.local/lib/python3.7/site-packages/airflow/example_dags/example_nested_branch_dag.py
[2024-06-22T13:16:31.348+0000] {processor.py:743} INFO - Processing file /home/airflow/.local/lib/python3.7/site-packages/airflow/example_dags/example_nested_branch_dag.py for tasks to queue
[2024-06-22T13:16:31.349+0000] {logging_mixin.py:137} INFO - [2024-06-22T13:16:31.349+0000] {dagbag.py:538} INFO - Filling up the DagBag from /home/airflow/.local/lib/python3.7/site-packages/airflow/example_dags/example_nested_branch_dag.py
[2024-06-22T13:16:31.373+0000] {processor.py:753} INFO - DAG(s) dict_keys(['example_nested_branch_dag']) retrieved from /home/airflow/.local/lib/python3.7/site-packages/airflow/example_dags/example_nested_branch_dag.py
[2024-06-22T13:16:31.410+0000] {logging_mixin.py:137} INFO - [2024-06-22T13:16:31.410+0000] {dag.py:2676} INFO - Sync 1 DAGs
[2024-06-22T13:16:31.435+0000] {logging_mixin.py:137} INFO - [2024-06-22T13:16:31.435+0000] {dag.py:3427} INFO - Setting next_dagrun for example_nested_branch_dag to 2024-06-21T00:00:00+00:00, run_after=2024-06-22T00:00:00+00:00
[2024-06-22T13:16:31.459+0000] {processor.py:175} INFO - Processing /home/airflow/.local/lib/python3.7/site-packages/airflow/example_dags/example_nested_branch_dag.py took 0.116 seconds
[2024-06-22T13:17:01.856+0000] {processor.py:153} INFO - Started process (PID=532) to work on /home/airflow/.local/lib/python3.7/site-packages/airflow/example_dags/example_nested_branch_dag.py
[2024-06-22T13:17:01.858+0000] {processor.py:743} INFO - Processing file /home/airflow/.local/lib/python3.7/site-packages/airflow/example_dags/example_nested_branch_dag.py for tasks to queue
[2024-06-22T13:17:01.859+0000] {logging_mixin.py:137} INFO - [2024-06-22T13:17:01.859+0000] {dagbag.py:538} INFO - Filling up the DagBag from /home/airflow/.local/lib/python3.7/site-packages/airflow/example_dags/example_nested_branch_dag.py
[2024-06-22T13:17:01.883+0000] {processor.py:753} INFO - DAG(s) dict_keys(['example_nested_branch_dag']) retrieved from /home/airflow/.local/lib/python3.7/site-packages/airflow/example_dags/example_nested_branch_dag.py
[2024-06-22T13:17:01.924+0000] {logging_mixin.py:137} INFO - [2024-06-22T13:17:01.924+0000] {dag.py:2676} INFO - Sync 1 DAGs
[2024-06-22T13:17:01.954+0000] {logging_mixin.py:137} INFO - [2024-06-22T13:17:01.954+0000] {dag.py:3427} INFO - Setting next_dagrun for example_nested_branch_dag to 2024-06-21T00:00:00+00:00, run_after=2024-06-22T00:00:00+00:00
[2024-06-22T13:17:01.980+0000] {processor.py:175} INFO - Processing /home/airflow/.local/lib/python3.7/site-packages/airflow/example_dags/example_nested_branch_dag.py took 0.127 seconds
[2024-06-22T13:17:32.696+0000] {processor.py:153} INFO - Started process (PID=574) to work on /home/airflow/.local/lib/python3.7/site-packages/airflow/example_dags/example_nested_branch_dag.py
[2024-06-22T13:17:32.697+0000] {processor.py:743} INFO - Processing file /home/airflow/.local/lib/python3.7/site-packages/airflow/example_dags/example_nested_branch_dag.py for tasks to queue
[2024-06-22T13:17:32.699+0000] {logging_mixin.py:137} INFO - [2024-06-22T13:17:32.699+0000] {dagbag.py:538} INFO - Filling up the DagBag from /home/airflow/.local/lib/python3.7/site-packages/airflow/example_dags/example_nested_branch_dag.py
[2024-06-22T13:17:32.730+0000] {processor.py:753} INFO - DAG(s) dict_keys(['example_nested_branch_dag']) retrieved from /home/airflow/.local/lib/python3.7/site-packages/airflow/example_dags/example_nested_branch_dag.py
[2024-06-22T13:17:32.774+0000] {logging_mixin.py:137} INFO - [2024-06-22T13:17:32.774+0000] {dag.py:2676} INFO - Sync 1 DAGs
[2024-06-22T13:17:32.804+0000] {logging_mixin.py:137} INFO - [2024-06-22T13:17:32.804+0000] {dag.py:3427} INFO - Setting next_dagrun for example_nested_branch_dag to 2024-06-21T00:00:00+00:00, run_after=2024-06-22T00:00:00+00:00
[2024-06-22T13:17:32.831+0000] {processor.py:175} INFO - Processing /home/airflow/.local/lib/python3.7/site-packages/airflow/example_dags/example_nested_branch_dag.py took 0.140 seconds
[2024-06-22T13:18:03.043+0000] {processor.py:153} INFO - Started process (PID=616) to work on /home/airflow/.local/lib/python3.7/site-packages/airflow/example_dags/example_nested_branch_dag.py
[2024-06-22T13:18:03.045+0000] {processor.py:743} INFO - Processing file /home/airflow/.local/lib/python3.7/site-packages/airflow/example_dags/example_nested_branch_dag.py for tasks to queue
[2024-06-22T13:18:03.046+0000] {logging_mixin.py:137} INFO - [2024-06-22T13:18:03.045+0000] {dagbag.py:538} INFO - Filling up the DagBag from /home/airflow/.local/lib/python3.7/site-packages/airflow/example_dags/example_nested_branch_dag.py
[2024-06-22T13:18:03.073+0000] {processor.py:753} INFO - DAG(s) dict_keys(['example_nested_branch_dag']) retrieved from /home/airflow/.local/lib/python3.7/site-packages/airflow/example_dags/example_nested_branch_dag.py
[2024-06-22T13:18:03.119+0000] {logging_mixin.py:137} INFO - [2024-06-22T13:18:03.119+0000] {dag.py:2676} INFO - Sync 1 DAGs
[2024-06-22T13:18:03.149+0000] {logging_mixin.py:137} INFO - [2024-06-22T13:18:03.148+0000] {dag.py:3427} INFO - Setting next_dagrun for example_nested_branch_dag to 2024-06-21T00:00:00+00:00, run_after=2024-06-22T00:00:00+00:00
[2024-06-22T13:18:03.177+0000] {processor.py:175} INFO - Processing /home/airflow/.local/lib/python3.7/site-packages/airflow/example_dags/example_nested_branch_dag.py took 0.137 seconds
[2024-06-22T13:18:33.527+0000] {processor.py:153} INFO - Started process (PID=658) to work on /home/airflow/.local/lib/python3.7/site-packages/airflow/example_dags/example_nested_branch_dag.py
[2024-06-22T13:18:33.528+0000] {processor.py:743} INFO - Processing file /home/airflow/.local/lib/python3.7/site-packages/airflow/example_dags/example_nested_branch_dag.py for tasks to queue
[2024-06-22T13:18:33.529+0000] {logging_mixin.py:137} INFO - [2024-06-22T13:18:33.529+0000] {dagbag.py:538} INFO - Filling up the DagBag from /home/airflow/.local/lib/python3.7/site-packages/airflow/example_dags/example_nested_branch_dag.py
[2024-06-22T13:18:33.554+0000] {processor.py:753} INFO - DAG(s) dict_keys(['example_nested_branch_dag']) retrieved from /home/airflow/.local/lib/python3.7/site-packages/airflow/example_dags/example_nested_branch_dag.py
[2024-06-22T13:18:33.592+0000] {logging_mixin.py:137} INFO - [2024-06-22T13:18:33.592+0000] {dag.py:2676} INFO - Sync 1 DAGs
[2024-06-22T13:18:33.619+0000] {logging_mixin.py:137} INFO - [2024-06-22T13:18:33.618+0000] {dag.py:3427} INFO - Setting next_dagrun for example_nested_branch_dag to 2024-06-21T00:00:00+00:00, run_after=2024-06-22T00:00:00+00:00
[2024-06-22T13:18:33.645+0000] {processor.py:175} INFO - Processing /home/airflow/.local/lib/python3.7/site-packages/airflow/example_dags/example_nested_branch_dag.py took 0.123 seconds
[2024-06-22T13:19:03.790+0000] {processor.py:153} INFO - Started process (PID=700) to work on /home/airflow/.local/lib/python3.7/site-packages/airflow/example_dags/example_nested_branch_dag.py
[2024-06-22T13:19:03.791+0000] {processor.py:743} INFO - Processing file /home/airflow/.local/lib/python3.7/site-packages/airflow/example_dags/example_nested_branch_dag.py for tasks to queue
[2024-06-22T13:19:03.793+0000] {logging_mixin.py:137} INFO - [2024-06-22T13:19:03.793+0000] {dagbag.py:538} INFO - Filling up the DagBag from /home/airflow/.local/lib/python3.7/site-packages/airflow/example_dags/example_nested_branch_dag.py
[2024-06-22T13:19:03.817+0000] {processor.py:753} INFO - DAG(s) dict_keys(['example_nested_branch_dag']) retrieved from /home/airflow/.local/lib/python3.7/site-packages/airflow/example_dags/example_nested_branch_dag.py
[2024-06-22T13:19:03.857+0000] {logging_mixin.py:137} INFO - [2024-06-22T13:19:03.857+0000] {dag.py:2676} INFO - Sync 1 DAGs
[2024-06-22T13:19:03.886+0000] {logging_mixin.py:137} INFO - [2024-06-22T13:19:03.885+0000] {dag.py:3427} INFO - Setting next_dagrun for example_nested_branch_dag to 2024-06-21T00:00:00+00:00, run_after=2024-06-22T00:00:00+00:00
[2024-06-22T13:19:03.912+0000] {processor.py:175} INFO - Processing /home/airflow/.local/lib/python3.7/site-packages/airflow/example_dags/example_nested_branch_dag.py took 0.126 seconds
[2024-06-22T13:19:34.106+0000] {processor.py:153} INFO - Started process (PID=742) to work on /home/airflow/.local/lib/python3.7/site-packages/airflow/example_dags/example_nested_branch_dag.py
[2024-06-22T13:19:34.107+0000] {processor.py:743} INFO - Processing file /home/airflow/.local/lib/python3.7/site-packages/airflow/example_dags/example_nested_branch_dag.py for tasks to queue
[2024-06-22T13:19:34.108+0000] {logging_mixin.py:137} INFO - [2024-06-22T13:19:34.108+0000] {dagbag.py:538} INFO - Filling up the DagBag from /home/airflow/.local/lib/python3.7/site-packages/airflow/example_dags/example_nested_branch_dag.py
[2024-06-22T13:19:34.133+0000] {processor.py:753} INFO - DAG(s) dict_keys(['example_nested_branch_dag']) retrieved from /home/airflow/.local/lib/python3.7/site-packages/airflow/example_dags/example_nested_branch_dag.py
[2024-06-22T13:19:34.176+0000] {logging_mixin.py:137} INFO - [2024-06-22T13:19:34.175+0000] {dag.py:2676} INFO - Sync 1 DAGs
[2024-06-22T13:19:34.203+0000] {logging_mixin.py:137} INFO - [2024-06-22T13:19:34.203+0000] {dag.py:3427} INFO - Setting next_dagrun for example_nested_branch_dag to 2024-06-21T00:00:00+00:00, run_after=2024-06-22T00:00:00+00:00
[2024-06-22T13:19:34.229+0000] {processor.py:175} INFO - Processing /home/airflow/.local/lib/python3.7/site-packages/airflow/example_dags/example_nested_branch_dag.py took 0.127 seconds
[2024-06-22T13:20:04.521+0000] {processor.py:153} INFO - Started process (PID=784) to work on /home/airflow/.local/lib/python3.7/site-packages/airflow/example_dags/example_nested_branch_dag.py
[2024-06-22T13:20:04.523+0000] {processor.py:743} INFO - Processing file /home/airflow/.local/lib/python3.7/site-packages/airflow/example_dags/example_nested_branch_dag.py for tasks to queue
[2024-06-22T13:20:04.524+0000] {logging_mixin.py:137} INFO - [2024-06-22T13:20:04.524+0000] {dagbag.py:538} INFO - Filling up the DagBag from /home/airflow/.local/lib/python3.7/site-packages/airflow/example_dags/example_nested_branch_dag.py
[2024-06-22T13:20:04.563+0000] {processor.py:753} INFO - DAG(s) dict_keys(['example_nested_branch_dag']) retrieved from /home/airflow/.local/lib/python3.7/site-packages/airflow/example_dags/example_nested_branch_dag.py
[2024-06-22T13:20:04.611+0000] {logging_mixin.py:137} INFO - [2024-06-22T13:20:04.610+0000] {dag.py:2676} INFO - Sync 1 DAGs
[2024-06-22T13:20:04.661+0000] {logging_mixin.py:137} INFO - [2024-06-22T13:20:04.661+0000] {dag.py:3427} INFO - Setting next_dagrun for example_nested_branch_dag to 2024-06-21T00:00:00+00:00, run_after=2024-06-22T00:00:00+00:00
[2024-06-22T13:20:04.688+0000] {processor.py:175} INFO - Processing /home/airflow/.local/lib/python3.7/site-packages/airflow/example_dags/example_nested_branch_dag.py took 0.171 seconds
[2024-06-22T13:20:34.797+0000] {processor.py:153} INFO - Started process (PID=826) to work on /home/airflow/.local/lib/python3.7/site-packages/airflow/example_dags/example_nested_branch_dag.py
[2024-06-22T13:20:34.799+0000] {processor.py:743} INFO - Processing file /home/airflow/.local/lib/python3.7/site-packages/airflow/example_dags/example_nested_branch_dag.py for tasks to queue
[2024-06-22T13:20:34.800+0000] {logging_mixin.py:137} INFO - [2024-06-22T13:20:34.800+0000] {dagbag.py:538} INFO - Filling up the DagBag from /home/airflow/.local/lib/python3.7/site-packages/airflow/example_dags/example_nested_branch_dag.py
[2024-06-22T13:20:34.826+0000] {processor.py:753} INFO - DAG(s) dict_keys(['example_nested_branch_dag']) retrieved from /home/airflow/.local/lib/python3.7/site-packages/airflow/example_dags/example_nested_branch_dag.py
[2024-06-22T13:20:34.863+0000] {logging_mixin.py:137} INFO - [2024-06-22T13:20:34.863+0000] {dag.py:2676} INFO - Sync 1 DAGs
[2024-06-22T13:20:34.889+0000] {logging_mixin.py:137} INFO - [2024-06-22T13:20:34.889+0000] {dag.py:3427} INFO - Setting next_dagrun for example_nested_branch_dag to 2024-06-21T00:00:00+00:00, run_after=2024-06-22T00:00:00+00:00
[2024-06-22T13:20:34.917+0000] {processor.py:175} INFO - Processing /home/airflow/.local/lib/python3.7/site-packages/airflow/example_dags/example_nested_branch_dag.py took 0.122 seconds
[2024-06-22T13:21:05.536+0000] {processor.py:153} INFO - Started process (PID=868) to work on /home/airflow/.local/lib/python3.7/site-packages/airflow/example_dags/example_nested_branch_dag.py
[2024-06-22T13:21:05.538+0000] {processor.py:743} INFO - Processing file /home/airflow/.local/lib/python3.7/site-packages/airflow/example_dags/example_nested_branch_dag.py for tasks to queue
[2024-06-22T13:21:05.538+0000] {logging_mixin.py:137} INFO - [2024-06-22T13:21:05.538+0000] {dagbag.py:538} INFO - Filling up the DagBag from /home/airflow/.local/lib/python3.7/site-packages/airflow/example_dags/example_nested_branch_dag.py
[2024-06-22T13:21:05.567+0000] {processor.py:753} INFO - DAG(s) dict_keys(['example_nested_branch_dag']) retrieved from /home/airflow/.local/lib/python3.7/site-packages/airflow/example_dags/example_nested_branch_dag.py
[2024-06-22T13:21:05.609+0000] {logging_mixin.py:137} INFO - [2024-06-22T13:21:05.609+0000] {dag.py:2676} INFO - Sync 1 DAGs
[2024-06-22T13:21:05.640+0000] {logging_mixin.py:137} INFO - [2024-06-22T13:21:05.640+0000] {dag.py:3427} INFO - Setting next_dagrun for example_nested_branch_dag to 2024-06-21T00:00:00+00:00, run_after=2024-06-22T00:00:00+00:00
[2024-06-22T13:21:05.668+0000] {processor.py:175} INFO - Processing /home/airflow/.local/lib/python3.7/site-packages/airflow/example_dags/example_nested_branch_dag.py took 0.135 seconds
[2024-06-22T13:21:35.868+0000] {processor.py:153} INFO - Started process (PID=910) to work on /home/airflow/.local/lib/python3.7/site-packages/airflow/example_dags/example_nested_branch_dag.py
[2024-06-22T13:21:35.869+0000] {processor.py:743} INFO - Processing file /home/airflow/.local/lib/python3.7/site-packages/airflow/example_dags/example_nested_branch_dag.py for tasks to queue
[2024-06-22T13:21:35.870+0000] {logging_mixin.py:137} INFO - [2024-06-22T13:21:35.870+0000] {dagbag.py:538} INFO - Filling up the DagBag from /home/airflow/.local/lib/python3.7/site-packages/airflow/example_dags/example_nested_branch_dag.py
[2024-06-22T13:21:35.896+0000] {processor.py:753} INFO - DAG(s) dict_keys(['example_nested_branch_dag']) retrieved from /home/airflow/.local/lib/python3.7/site-packages/airflow/example_dags/example_nested_branch_dag.py
[2024-06-22T13:21:35.940+0000] {logging_mixin.py:137} INFO - [2024-06-22T13:21:35.940+0000] {dag.py:2676} INFO - Sync 1 DAGs
[2024-06-22T13:21:35.970+0000] {logging_mixin.py:137} INFO - [2024-06-22T13:21:35.970+0000] {dag.py:3427} INFO - Setting next_dagrun for example_nested_branch_dag to 2024-06-21T00:00:00+00:00, run_after=2024-06-22T00:00:00+00:00
[2024-06-22T13:21:36.003+0000] {processor.py:175} INFO - Processing /home/airflow/.local/lib/python3.7/site-packages/airflow/example_dags/example_nested_branch_dag.py took 0.138 seconds
[2024-06-22T13:22:06.299+0000] {processor.py:153} INFO - Started process (PID=952) to work on /home/airflow/.local/lib/python3.7/site-packages/airflow/example_dags/example_nested_branch_dag.py
[2024-06-22T13:22:06.300+0000] {processor.py:743} INFO - Processing file /home/airflow/.local/lib/python3.7/site-packages/airflow/example_dags/example_nested_branch_dag.py for tasks to queue
[2024-06-22T13:22:06.302+0000] {logging_mixin.py:137} INFO - [2024-06-22T13:22:06.302+0000] {dagbag.py:538} INFO - Filling up the DagBag from /home/airflow/.local/lib/python3.7/site-packages/airflow/example_dags/example_nested_branch_dag.py
[2024-06-22T13:22:06.328+0000] {processor.py:753} INFO - DAG(s) dict_keys(['example_nested_branch_dag']) retrieved from /home/airflow/.local/lib/python3.7/site-packages/airflow/example_dags/example_nested_branch_dag.py
[2024-06-22T13:22:06.372+0000] {logging_mixin.py:137} INFO - [2024-06-22T13:22:06.371+0000] {dag.py:2676} INFO - Sync 1 DAGs
[2024-06-22T13:22:06.402+0000] {logging_mixin.py:137} INFO - [2024-06-22T13:22:06.402+0000] {dag.py:3427} INFO - Setting next_dagrun for example_nested_branch_dag to 2024-06-21T00:00:00+00:00, run_after=2024-06-22T00:00:00+00:00
[2024-06-22T13:22:06.429+0000] {processor.py:175} INFO - Processing /home/airflow/.local/lib/python3.7/site-packages/airflow/example_dags/example_nested_branch_dag.py took 0.134 seconds
[2024-06-22T13:22:36.665+0000] {processor.py:153} INFO - Started process (PID=994) to work on /home/airflow/.local/lib/python3.7/site-packages/airflow/example_dags/example_nested_branch_dag.py
[2024-06-22T13:22:36.667+0000] {processor.py:743} INFO - Processing file /home/airflow/.local/lib/python3.7/site-packages/airflow/example_dags/example_nested_branch_dag.py for tasks to queue
[2024-06-22T13:22:36.668+0000] {logging_mixin.py:137} INFO - [2024-06-22T13:22:36.668+0000] {dagbag.py:538} INFO - Filling up the DagBag from /home/airflow/.local/lib/python3.7/site-packages/airflow/example_dags/example_nested_branch_dag.py
[2024-06-22T13:22:36.696+0000] {processor.py:753} INFO - DAG(s) dict_keys(['example_nested_branch_dag']) retrieved from /home/airflow/.local/lib/python3.7/site-packages/airflow/example_dags/example_nested_branch_dag.py
[2024-06-22T13:22:36.739+0000] {logging_mixin.py:137} INFO - [2024-06-22T13:22:36.739+0000] {dag.py:2676} INFO - Sync 1 DAGs
[2024-06-22T13:22:36.767+0000] {logging_mixin.py:137} INFO - [2024-06-22T13:22:36.767+0000] {dag.py:3427} INFO - Setting next_dagrun for example_nested_branch_dag to 2024-06-21T00:00:00+00:00, run_after=2024-06-22T00:00:00+00:00
[2024-06-22T13:22:36.795+0000] {processor.py:175} INFO - Processing /home/airflow/.local/lib/python3.7/site-packages/airflow/example_dags/example_nested_branch_dag.py took 0.133 seconds
[2024-06-22T13:23:07.014+0000] {processor.py:153} INFO - Started process (PID=1036) to work on /home/airflow/.local/lib/python3.7/site-packages/airflow/example_dags/example_nested_branch_dag.py
[2024-06-22T13:23:07.015+0000] {processor.py:743} INFO - Processing file /home/airflow/.local/lib/python3.7/site-packages/airflow/example_dags/example_nested_branch_dag.py for tasks to queue
[2024-06-22T13:23:07.016+0000] {logging_mixin.py:137} INFO - [2024-06-22T13:23:07.016+0000] {dagbag.py:538} INFO - Filling up the DagBag from /home/airflow/.local/lib/python3.7/site-packages/airflow/example_dags/example_nested_branch_dag.py
[2024-06-22T13:23:07.045+0000] {processor.py:753} INFO - DAG(s) dict_keys(['example_nested_branch_dag']) retrieved from /home/airflow/.local/lib/python3.7/site-packages/airflow/example_dags/example_nested_branch_dag.py
[2024-06-22T13:23:07.086+0000] {logging_mixin.py:137} INFO - [2024-06-22T13:23:07.086+0000] {dag.py:2676} INFO - Sync 1 DAGs
[2024-06-22T13:23:07.117+0000] {logging_mixin.py:137} INFO - [2024-06-22T13:23:07.117+0000] {dag.py:3427} INFO - Setting next_dagrun for example_nested_branch_dag to 2024-06-21T00:00:00+00:00, run_after=2024-06-22T00:00:00+00:00
[2024-06-22T13:23:07.143+0000] {processor.py:175} INFO - Processing /home/airflow/.local/lib/python3.7/site-packages/airflow/example_dags/example_nested_branch_dag.py took 0.133 seconds
[2024-06-22T13:23:37.416+0000] {processor.py:153} INFO - Started process (PID=1078) to work on /home/airflow/.local/lib/python3.7/site-packages/airflow/example_dags/example_nested_branch_dag.py
[2024-06-22T13:23:37.417+0000] {processor.py:743} INFO - Processing file /home/airflow/.local/lib/python3.7/site-packages/airflow/example_dags/example_nested_branch_dag.py for tasks to queue
[2024-06-22T13:23:37.418+0000] {logging_mixin.py:137} INFO - [2024-06-22T13:23:37.418+0000] {dagbag.py:538} INFO - Filling up the DagBag from /home/airflow/.local/lib/python3.7/site-packages/airflow/example_dags/example_nested_branch_dag.py
[2024-06-22T13:23:37.453+0000] {processor.py:753} INFO - DAG(s) dict_keys(['example_nested_branch_dag']) retrieved from /home/airflow/.local/lib/python3.7/site-packages/airflow/example_dags/example_nested_branch_dag.py
[2024-06-22T13:23:37.493+0000] {logging_mixin.py:137} INFO - [2024-06-22T13:23:37.493+0000] {dag.py:2676} INFO - Sync 1 DAGs
[2024-06-22T13:23:37.523+0000] {logging_mixin.py:137} INFO - [2024-06-22T13:23:37.522+0000] {dag.py:3427} INFO - Setting next_dagrun for example_nested_branch_dag to 2024-06-21T00:00:00+00:00, run_after=2024-06-22T00:00:00+00:00
[2024-06-22T13:23:37.555+0000] {processor.py:175} INFO - Processing /home/airflow/.local/lib/python3.7/site-packages/airflow/example_dags/example_nested_branch_dag.py took 0.143 seconds
[2024-06-22T13:24:07.708+0000] {processor.py:153} INFO - Started process (PID=1120) to work on /home/airflow/.local/lib/python3.7/site-packages/airflow/example_dags/example_nested_branch_dag.py
[2024-06-22T13:24:07.709+0000] {processor.py:743} INFO - Processing file /home/airflow/.local/lib/python3.7/site-packages/airflow/example_dags/example_nested_branch_dag.py for tasks to queue
[2024-06-22T13:24:07.710+0000] {logging_mixin.py:137} INFO - [2024-06-22T13:24:07.710+0000] {dagbag.py:538} INFO - Filling up the DagBag from /home/airflow/.local/lib/python3.7/site-packages/airflow/example_dags/example_nested_branch_dag.py
[2024-06-22T13:24:07.739+0000] {processor.py:753} INFO - DAG(s) dict_keys(['example_nested_branch_dag']) retrieved from /home/airflow/.local/lib/python3.7/site-packages/airflow/example_dags/example_nested_branch_dag.py
[2024-06-22T13:24:07.781+0000] {logging_mixin.py:137} INFO - [2024-06-22T13:24:07.781+0000] {dag.py:2676} INFO - Sync 1 DAGs
[2024-06-22T13:24:07.810+0000] {logging_mixin.py:137} INFO - [2024-06-22T13:24:07.810+0000] {dag.py:3427} INFO - Setting next_dagrun for example_nested_branch_dag to 2024-06-21T00:00:00+00:00, run_after=2024-06-22T00:00:00+00:00
[2024-06-22T13:24:07.839+0000] {processor.py:175} INFO - Processing /home/airflow/.local/lib/python3.7/site-packages/airflow/example_dags/example_nested_branch_dag.py took 0.134 seconds
[2024-06-22T13:24:38.090+0000] {processor.py:153} INFO - Started process (PID=1159) to work on /home/airflow/.local/lib/python3.7/site-packages/airflow/example_dags/example_nested_branch_dag.py
[2024-06-22T13:24:38.091+0000] {processor.py:743} INFO - Processing file /home/airflow/.local/lib/python3.7/site-packages/airflow/example_dags/example_nested_branch_dag.py for tasks to queue
[2024-06-22T13:24:38.092+0000] {logging_mixin.py:137} INFO - [2024-06-22T13:24:38.092+0000] {dagbag.py:538} INFO - Filling up the DagBag from /home/airflow/.local/lib/python3.7/site-packages/airflow/example_dags/example_nested_branch_dag.py
[2024-06-22T13:24:38.119+0000] {processor.py:753} INFO - DAG(s) dict_keys(['example_nested_branch_dag']) retrieved from /home/airflow/.local/lib/python3.7/site-packages/airflow/example_dags/example_nested_branch_dag.py
[2024-06-22T13:24:38.161+0000] {logging_mixin.py:137} INFO - [2024-06-22T13:24:38.161+0000] {dag.py:2676} INFO - Sync 1 DAGs
[2024-06-22T13:24:38.190+0000] {logging_mixin.py:137} INFO - [2024-06-22T13:24:38.190+0000] {dag.py:3427} INFO - Setting next_dagrun for example_nested_branch_dag to 2024-06-21T00:00:00+00:00, run_after=2024-06-22T00:00:00+00:00
[2024-06-22T13:24:38.219+0000] {processor.py:175} INFO - Processing /home/airflow/.local/lib/python3.7/site-packages/airflow/example_dags/example_nested_branch_dag.py took 0.132 seconds
[2024-06-22T13:25:08.437+0000] {processor.py:153} INFO - Started process (PID=1198) to work on /home/airflow/.local/lib/python3.7/site-packages/airflow/example_dags/example_nested_branch_dag.py
[2024-06-22T13:25:08.438+0000] {processor.py:743} INFO - Processing file /home/airflow/.local/lib/python3.7/site-packages/airflow/example_dags/example_nested_branch_dag.py for tasks to queue
[2024-06-22T13:25:08.440+0000] {logging_mixin.py:137} INFO - [2024-06-22T13:25:08.439+0000] {dagbag.py:538} INFO - Filling up the DagBag from /home/airflow/.local/lib/python3.7/site-packages/airflow/example_dags/example_nested_branch_dag.py
[2024-06-22T13:25:08.468+0000] {processor.py:753} INFO - DAG(s) dict_keys(['example_nested_branch_dag']) retrieved from /home/airflow/.local/lib/python3.7/site-packages/airflow/example_dags/example_nested_branch_dag.py
[2024-06-22T13:25:08.516+0000] {logging_mixin.py:137} INFO - [2024-06-22T13:25:08.516+0000] {dag.py:2676} INFO - Sync 1 DAGs
[2024-06-22T13:25:08.545+0000] {logging_mixin.py:137} INFO - [2024-06-22T13:25:08.545+0000] {dag.py:3427} INFO - Setting next_dagrun for example_nested_branch_dag to 2024-06-21T00:00:00+00:00, run_after=2024-06-22T00:00:00+00:00
[2024-06-22T13:25:08.573+0000] {processor.py:175} INFO - Processing /home/airflow/.local/lib/python3.7/site-packages/airflow/example_dags/example_nested_branch_dag.py took 0.140 seconds
[2024-06-22T13:25:38.980+0000] {processor.py:153} INFO - Started process (PID=1237) to work on /home/airflow/.local/lib/python3.7/site-packages/airflow/example_dags/example_nested_branch_dag.py
[2024-06-22T13:25:38.982+0000] {processor.py:743} INFO - Processing file /home/airflow/.local/lib/python3.7/site-packages/airflow/example_dags/example_nested_branch_dag.py for tasks to queue
[2024-06-22T13:25:38.983+0000] {logging_mixin.py:137} INFO - [2024-06-22T13:25:38.983+0000] {dagbag.py:538} INFO - Filling up the DagBag from /home/airflow/.local/lib/python3.7/site-packages/airflow/example_dags/example_nested_branch_dag.py
[2024-06-22T13:25:39.009+0000] {processor.py:753} INFO - DAG(s) dict_keys(['example_nested_branch_dag']) retrieved from /home/airflow/.local/lib/python3.7/site-packages/airflow/example_dags/example_nested_branch_dag.py
[2024-06-22T13:25:39.049+0000] {logging_mixin.py:137} INFO - [2024-06-22T13:25:39.049+0000] {dag.py:2676} INFO - Sync 1 DAGs
[2024-06-22T13:25:39.077+0000] {logging_mixin.py:137} INFO - [2024-06-22T13:25:39.077+0000] {dag.py:3427} INFO - Setting next_dagrun for example_nested_branch_dag to 2024-06-21T00:00:00+00:00, run_after=2024-06-22T00:00:00+00:00
[2024-06-22T13:25:39.102+0000] {processor.py:175} INFO - Processing /home/airflow/.local/lib/python3.7/site-packages/airflow/example_dags/example_nested_branch_dag.py took 0.125 seconds
