[2024-06-22T13:11:21.633+0000] {processor.py:153} INFO - Started process (PID=63) to work on /home/airflow/.local/lib/python3.7/site-packages/airflow/example_dags/example_xcomargs.py
[2024-06-22T13:11:21.636+0000] {processor.py:743} INFO - Processing file /home/airflow/.local/lib/python3.7/site-packages/airflow/example_dags/example_xcomargs.py for tasks to queue
[2024-06-22T13:11:21.637+0000] {logging_mixin.py:137} INFO - [2024-06-22T13:11:21.637+0000] {dagbag.py:538} INFO - Filling up the DagBag from /home/airflow/.local/lib/python3.7/site-packages/airflow/example_dags/example_xcomargs.py
[2024-06-22T13:11:21.685+0000] {processor.py:753} INFO - DAG(s) dict_keys(['example_xcom_args', 'example_xcom_args_with_operators']) retrieved from /home/airflow/.local/lib/python3.7/site-packages/airflow/example_dags/example_xcomargs.py
[2024-06-22T13:11:21.745+0000] {logging_mixin.py:137} INFO - [2024-06-22T13:11:21.745+0000] {dag.py:2676} INFO - Sync 2 DAGs
[2024-06-22T13:11:21.788+0000] {logging_mixin.py:137} INFO - [2024-06-22T13:11:21.787+0000] {dag.py:3427} INFO - Setting next_dagrun for example_xcom_args to None, run_after=None
[2024-06-22T13:11:21.792+0000] {logging_mixin.py:137} INFO - [2024-06-22T13:11:21.792+0000] {dag.py:3427} INFO - Setting next_dagrun for example_xcom_args_with_operators to None, run_after=None
[2024-06-22T13:11:21.819+0000] {processor.py:175} INFO - Processing /home/airflow/.local/lib/python3.7/site-packages/airflow/example_dags/example_xcomargs.py took 0.192 seconds
[2024-06-22T13:11:52.607+0000] {processor.py:153} INFO - Started process (PID=105) to work on /home/airflow/.local/lib/python3.7/site-packages/airflow/example_dags/example_xcomargs.py
[2024-06-22T13:11:52.608+0000] {processor.py:743} INFO - Processing file /home/airflow/.local/lib/python3.7/site-packages/airflow/example_dags/example_xcomargs.py for tasks to queue
[2024-06-22T13:11:52.609+0000] {logging_mixin.py:137} INFO - [2024-06-22T13:11:52.609+0000] {dagbag.py:538} INFO - Filling up the DagBag from /home/airflow/.local/lib/python3.7/site-packages/airflow/example_dags/example_xcomargs.py
[2024-06-22T13:11:52.640+0000] {processor.py:753} INFO - DAG(s) dict_keys(['example_xcom_args_with_operators', 'example_xcom_args']) retrieved from /home/airflow/.local/lib/python3.7/site-packages/airflow/example_dags/example_xcomargs.py
[2024-06-22T13:11:52.680+0000] {logging_mixin.py:137} INFO - [2024-06-22T13:11:52.680+0000] {dag.py:2676} INFO - Sync 2 DAGs
[2024-06-22T13:11:52.726+0000] {logging_mixin.py:137} INFO - [2024-06-22T13:11:52.726+0000] {dag.py:3427} INFO - Setting next_dagrun for example_xcom_args to None, run_after=None
[2024-06-22T13:11:52.731+0000] {logging_mixin.py:137} INFO - [2024-06-22T13:11:52.731+0000] {dag.py:3427} INFO - Setting next_dagrun for example_xcom_args_with_operators to None, run_after=None
[2024-06-22T13:11:52.759+0000] {processor.py:175} INFO - Processing /home/airflow/.local/lib/python3.7/site-packages/airflow/example_dags/example_xcomargs.py took 0.157 seconds
[2024-06-22T13:12:23.456+0000] {processor.py:153} INFO - Started process (PID=147) to work on /home/airflow/.local/lib/python3.7/site-packages/airflow/example_dags/example_xcomargs.py
[2024-06-22T13:12:23.458+0000] {processor.py:743} INFO - Processing file /home/airflow/.local/lib/python3.7/site-packages/airflow/example_dags/example_xcomargs.py for tasks to queue
[2024-06-22T13:12:23.459+0000] {logging_mixin.py:137} INFO - [2024-06-22T13:12:23.459+0000] {dagbag.py:538} INFO - Filling up the DagBag from /home/airflow/.local/lib/python3.7/site-packages/airflow/example_dags/example_xcomargs.py
[2024-06-22T13:12:23.486+0000] {processor.py:753} INFO - DAG(s) dict_keys(['example_xcom_args_with_operators', 'example_xcom_args']) retrieved from /home/airflow/.local/lib/python3.7/site-packages/airflow/example_dags/example_xcomargs.py
[2024-06-22T13:12:23.533+0000] {logging_mixin.py:137} INFO - [2024-06-22T13:12:23.533+0000] {dag.py:2676} INFO - Sync 2 DAGs
[2024-06-22T13:12:23.561+0000] {logging_mixin.py:137} INFO - [2024-06-22T13:12:23.561+0000] {dag.py:3427} INFO - Setting next_dagrun for example_xcom_args to None, run_after=None
[2024-06-22T13:12:23.566+0000] {logging_mixin.py:137} INFO - [2024-06-22T13:12:23.565+0000] {dag.py:3427} INFO - Setting next_dagrun for example_xcom_args_with_operators to None, run_after=None
[2024-06-22T13:12:23.591+0000] {processor.py:175} INFO - Processing /home/airflow/.local/lib/python3.7/site-packages/airflow/example_dags/example_xcomargs.py took 0.138 seconds
[2024-06-22T13:12:54.113+0000] {processor.py:153} INFO - Started process (PID=189) to work on /home/airflow/.local/lib/python3.7/site-packages/airflow/example_dags/example_xcomargs.py
[2024-06-22T13:12:54.114+0000] {processor.py:743} INFO - Processing file /home/airflow/.local/lib/python3.7/site-packages/airflow/example_dags/example_xcomargs.py for tasks to queue
[2024-06-22T13:12:54.115+0000] {logging_mixin.py:137} INFO - [2024-06-22T13:12:54.115+0000] {dagbag.py:538} INFO - Filling up the DagBag from /home/airflow/.local/lib/python3.7/site-packages/airflow/example_dags/example_xcomargs.py
[2024-06-22T13:12:54.136+0000] {processor.py:753} INFO - DAG(s) dict_keys(['example_xcom_args', 'example_xcom_args_with_operators']) retrieved from /home/airflow/.local/lib/python3.7/site-packages/airflow/example_dags/example_xcomargs.py
[2024-06-22T13:12:54.179+0000] {logging_mixin.py:137} INFO - [2024-06-22T13:12:54.179+0000] {dag.py:2676} INFO - Sync 2 DAGs
[2024-06-22T13:12:54.204+0000] {logging_mixin.py:137} INFO - [2024-06-22T13:12:54.204+0000] {dag.py:3427} INFO - Setting next_dagrun for example_xcom_args to None, run_after=None
[2024-06-22T13:12:54.208+0000] {logging_mixin.py:137} INFO - [2024-06-22T13:12:54.208+0000] {dag.py:3427} INFO - Setting next_dagrun for example_xcom_args_with_operators to None, run_after=None
[2024-06-22T13:12:54.231+0000] {processor.py:175} INFO - Processing /home/airflow/.local/lib/python3.7/site-packages/airflow/example_dags/example_xcomargs.py took 0.122 seconds
[2024-06-22T13:13:24.915+0000] {processor.py:153} INFO - Started process (PID=231) to work on /home/airflow/.local/lib/python3.7/site-packages/airflow/example_dags/example_xcomargs.py
[2024-06-22T13:13:24.917+0000] {processor.py:743} INFO - Processing file /home/airflow/.local/lib/python3.7/site-packages/airflow/example_dags/example_xcomargs.py for tasks to queue
[2024-06-22T13:13:24.918+0000] {logging_mixin.py:137} INFO - [2024-06-22T13:13:24.918+0000] {dagbag.py:538} INFO - Filling up the DagBag from /home/airflow/.local/lib/python3.7/site-packages/airflow/example_dags/example_xcomargs.py
[2024-06-22T13:13:24.951+0000] {processor.py:753} INFO - DAG(s) dict_keys(['example_xcom_args', 'example_xcom_args_with_operators']) retrieved from /home/airflow/.local/lib/python3.7/site-packages/airflow/example_dags/example_xcomargs.py
[2024-06-22T13:13:24.995+0000] {logging_mixin.py:137} INFO - [2024-06-22T13:13:24.994+0000] {dag.py:2676} INFO - Sync 2 DAGs
[2024-06-22T13:13:25.024+0000] {logging_mixin.py:137} INFO - [2024-06-22T13:13:25.024+0000] {dag.py:3427} INFO - Setting next_dagrun for example_xcom_args to None, run_after=None
[2024-06-22T13:13:25.029+0000] {logging_mixin.py:137} INFO - [2024-06-22T13:13:25.028+0000] {dag.py:3427} INFO - Setting next_dagrun for example_xcom_args_with_operators to None, run_after=None
[2024-06-22T13:13:25.050+0000] {processor.py:175} INFO - Processing /home/airflow/.local/lib/python3.7/site-packages/airflow/example_dags/example_xcomargs.py took 0.143 seconds
[2024-06-22T13:13:56.229+0000] {processor.py:153} INFO - Started process (PID=273) to work on /home/airflow/.local/lib/python3.7/site-packages/airflow/example_dags/example_xcomargs.py
[2024-06-22T13:13:56.230+0000] {processor.py:743} INFO - Processing file /home/airflow/.local/lib/python3.7/site-packages/airflow/example_dags/example_xcomargs.py for tasks to queue
[2024-06-22T13:13:56.231+0000] {logging_mixin.py:137} INFO - [2024-06-22T13:13:56.231+0000] {dagbag.py:538} INFO - Filling up the DagBag from /home/airflow/.local/lib/python3.7/site-packages/airflow/example_dags/example_xcomargs.py
[2024-06-22T13:13:56.255+0000] {processor.py:753} INFO - DAG(s) dict_keys(['example_xcom_args_with_operators', 'example_xcom_args']) retrieved from /home/airflow/.local/lib/python3.7/site-packages/airflow/example_dags/example_xcomargs.py
[2024-06-22T13:13:56.305+0000] {logging_mixin.py:137} INFO - [2024-06-22T13:13:56.304+0000] {dag.py:2676} INFO - Sync 2 DAGs
[2024-06-22T13:13:56.333+0000] {logging_mixin.py:137} INFO - [2024-06-22T13:13:56.333+0000] {dag.py:3427} INFO - Setting next_dagrun for example_xcom_args to None, run_after=None
[2024-06-22T13:13:56.338+0000] {logging_mixin.py:137} INFO - [2024-06-22T13:13:56.338+0000] {dag.py:3427} INFO - Setting next_dagrun for example_xcom_args_with_operators to None, run_after=None
[2024-06-22T13:13:56.364+0000] {processor.py:175} INFO - Processing /home/airflow/.local/lib/python3.7/site-packages/airflow/example_dags/example_xcomargs.py took 0.139 seconds
[2024-06-22T13:14:27.087+0000] {processor.py:153} INFO - Started process (PID=314) to work on /home/airflow/.local/lib/python3.7/site-packages/airflow/example_dags/example_xcomargs.py
[2024-06-22T13:14:27.088+0000] {processor.py:743} INFO - Processing file /home/airflow/.local/lib/python3.7/site-packages/airflow/example_dags/example_xcomargs.py for tasks to queue
[2024-06-22T13:14:27.089+0000] {logging_mixin.py:137} INFO - [2024-06-22T13:14:27.089+0000] {dagbag.py:538} INFO - Filling up the DagBag from /home/airflow/.local/lib/python3.7/site-packages/airflow/example_dags/example_xcomargs.py
[2024-06-22T13:14:27.115+0000] {processor.py:753} INFO - DAG(s) dict_keys(['example_xcom_args', 'example_xcom_args_with_operators']) retrieved from /home/airflow/.local/lib/python3.7/site-packages/airflow/example_dags/example_xcomargs.py
[2024-06-22T13:14:27.164+0000] {logging_mixin.py:137} INFO - [2024-06-22T13:14:27.164+0000] {dag.py:2676} INFO - Sync 2 DAGs
[2024-06-22T13:14:27.192+0000] {logging_mixin.py:137} INFO - [2024-06-22T13:14:27.191+0000] {dag.py:3427} INFO - Setting next_dagrun for example_xcom_args to None, run_after=None
[2024-06-22T13:14:27.196+0000] {logging_mixin.py:137} INFO - [2024-06-22T13:14:27.196+0000] {dag.py:3427} INFO - Setting next_dagrun for example_xcom_args_with_operators to None, run_after=None
[2024-06-22T13:14:27.226+0000] {processor.py:175} INFO - Processing /home/airflow/.local/lib/python3.7/site-packages/airflow/example_dags/example_xcomargs.py took 0.142 seconds
[2024-06-22T13:14:57.614+0000] {processor.py:153} INFO - Started process (PID=354) to work on /home/airflow/.local/lib/python3.7/site-packages/airflow/example_dags/example_xcomargs.py
[2024-06-22T13:14:57.615+0000] {processor.py:743} INFO - Processing file /home/airflow/.local/lib/python3.7/site-packages/airflow/example_dags/example_xcomargs.py for tasks to queue
[2024-06-22T13:14:57.616+0000] {logging_mixin.py:137} INFO - [2024-06-22T13:14:57.616+0000] {dagbag.py:538} INFO - Filling up the DagBag from /home/airflow/.local/lib/python3.7/site-packages/airflow/example_dags/example_xcomargs.py
[2024-06-22T13:14:57.647+0000] {processor.py:753} INFO - DAG(s) dict_keys(['example_xcom_args', 'example_xcom_args_with_operators']) retrieved from /home/airflow/.local/lib/python3.7/site-packages/airflow/example_dags/example_xcomargs.py
[2024-06-22T13:14:57.696+0000] {logging_mixin.py:137} INFO - [2024-06-22T13:14:57.696+0000] {dag.py:2676} INFO - Sync 2 DAGs
[2024-06-22T13:14:57.766+0000] {logging_mixin.py:137} INFO - [2024-06-22T13:14:57.766+0000] {dag.py:3427} INFO - Setting next_dagrun for example_xcom_args to None, run_after=None
[2024-06-22T13:14:57.772+0000] {logging_mixin.py:137} INFO - [2024-06-22T13:14:57.772+0000] {dag.py:3427} INFO - Setting next_dagrun for example_xcom_args_with_operators to None, run_after=None
[2024-06-22T13:14:57.812+0000] {processor.py:175} INFO - Processing /home/airflow/.local/lib/python3.7/site-packages/airflow/example_dags/example_xcomargs.py took 0.202 seconds
[2024-06-22T13:15:28.144+0000] {processor.py:153} INFO - Started process (PID=396) to work on /home/airflow/.local/lib/python3.7/site-packages/airflow/example_dags/example_xcomargs.py
[2024-06-22T13:15:28.145+0000] {processor.py:743} INFO - Processing file /home/airflow/.local/lib/python3.7/site-packages/airflow/example_dags/example_xcomargs.py for tasks to queue
[2024-06-22T13:15:28.146+0000] {logging_mixin.py:137} INFO - [2024-06-22T13:15:28.146+0000] {dagbag.py:538} INFO - Filling up the DagBag from /home/airflow/.local/lib/python3.7/site-packages/airflow/example_dags/example_xcomargs.py
[2024-06-22T13:15:28.172+0000] {processor.py:753} INFO - DAG(s) dict_keys(['example_xcom_args_with_operators', 'example_xcom_args']) retrieved from /home/airflow/.local/lib/python3.7/site-packages/airflow/example_dags/example_xcomargs.py
[2024-06-22T13:15:28.222+0000] {logging_mixin.py:137} INFO - [2024-06-22T13:15:28.222+0000] {dag.py:2676} INFO - Sync 2 DAGs
[2024-06-22T13:15:28.263+0000] {logging_mixin.py:137} INFO - [2024-06-22T13:15:28.263+0000] {dag.py:3427} INFO - Setting next_dagrun for example_xcom_args to None, run_after=None
[2024-06-22T13:15:28.268+0000] {logging_mixin.py:137} INFO - [2024-06-22T13:15:28.268+0000] {dag.py:3427} INFO - Setting next_dagrun for example_xcom_args_with_operators to None, run_after=None
[2024-06-22T13:15:28.303+0000] {processor.py:175} INFO - Processing /home/airflow/.local/lib/python3.7/site-packages/airflow/example_dags/example_xcomargs.py took 0.162 seconds
[2024-06-22T13:15:58.484+0000] {processor.py:153} INFO - Started process (PID=438) to work on /home/airflow/.local/lib/python3.7/site-packages/airflow/example_dags/example_xcomargs.py
[2024-06-22T13:15:58.486+0000] {processor.py:743} INFO - Processing file /home/airflow/.local/lib/python3.7/site-packages/airflow/example_dags/example_xcomargs.py for tasks to queue
[2024-06-22T13:15:58.489+0000] {logging_mixin.py:137} INFO - [2024-06-22T13:15:58.488+0000] {dagbag.py:538} INFO - Filling up the DagBag from /home/airflow/.local/lib/python3.7/site-packages/airflow/example_dags/example_xcomargs.py
[2024-06-22T13:15:58.527+0000] {processor.py:753} INFO - DAG(s) dict_keys(['example_xcom_args', 'example_xcom_args_with_operators']) retrieved from /home/airflow/.local/lib/python3.7/site-packages/airflow/example_dags/example_xcomargs.py
[2024-06-22T13:15:58.573+0000] {logging_mixin.py:137} INFO - [2024-06-22T13:15:58.573+0000] {dag.py:2676} INFO - Sync 2 DAGs
[2024-06-22T13:15:58.602+0000] {logging_mixin.py:137} INFO - [2024-06-22T13:15:58.602+0000] {dag.py:3427} INFO - Setting next_dagrun for example_xcom_args to None, run_after=None
[2024-06-22T13:15:58.607+0000] {logging_mixin.py:137} INFO - [2024-06-22T13:15:58.606+0000] {dag.py:3427} INFO - Setting next_dagrun for example_xcom_args_with_operators to None, run_after=None
[2024-06-22T13:15:58.627+0000] {processor.py:175} INFO - Processing /home/airflow/.local/lib/python3.7/site-packages/airflow/example_dags/example_xcomargs.py took 0.148 seconds
[2024-06-22T13:16:28.697+0000] {processor.py:153} INFO - Started process (PID=480) to work on /home/airflow/.local/lib/python3.7/site-packages/airflow/example_dags/example_xcomargs.py
[2024-06-22T13:16:28.698+0000] {processor.py:743} INFO - Processing file /home/airflow/.local/lib/python3.7/site-packages/airflow/example_dags/example_xcomargs.py for tasks to queue
[2024-06-22T13:16:28.699+0000] {logging_mixin.py:137} INFO - [2024-06-22T13:16:28.699+0000] {dagbag.py:538} INFO - Filling up the DagBag from /home/airflow/.local/lib/python3.7/site-packages/airflow/example_dags/example_xcomargs.py
[2024-06-22T13:16:28.719+0000] {processor.py:753} INFO - DAG(s) dict_keys(['example_xcom_args', 'example_xcom_args_with_operators']) retrieved from /home/airflow/.local/lib/python3.7/site-packages/airflow/example_dags/example_xcomargs.py
[2024-06-22T13:16:28.759+0000] {logging_mixin.py:137} INFO - [2024-06-22T13:16:28.758+0000] {dag.py:2676} INFO - Sync 2 DAGs
[2024-06-22T13:16:28.780+0000] {logging_mixin.py:137} INFO - [2024-06-22T13:16:28.780+0000] {dag.py:3427} INFO - Setting next_dagrun for example_xcom_args to None, run_after=None
[2024-06-22T13:16:28.785+0000] {logging_mixin.py:137} INFO - [2024-06-22T13:16:28.785+0000] {dag.py:3427} INFO - Setting next_dagrun for example_xcom_args_with_operators to None, run_after=None
[2024-06-22T13:16:28.810+0000] {processor.py:175} INFO - Processing /home/airflow/.local/lib/python3.7/site-packages/airflow/example_dags/example_xcomargs.py took 0.116 seconds
[2024-06-22T13:16:59.039+0000] {processor.py:153} INFO - Started process (PID=522) to work on /home/airflow/.local/lib/python3.7/site-packages/airflow/example_dags/example_xcomargs.py
[2024-06-22T13:16:59.040+0000] {processor.py:743} INFO - Processing file /home/airflow/.local/lib/python3.7/site-packages/airflow/example_dags/example_xcomargs.py for tasks to queue
[2024-06-22T13:16:59.041+0000] {logging_mixin.py:137} INFO - [2024-06-22T13:16:59.041+0000] {dagbag.py:538} INFO - Filling up the DagBag from /home/airflow/.local/lib/python3.7/site-packages/airflow/example_dags/example_xcomargs.py
[2024-06-22T13:16:59.067+0000] {processor.py:753} INFO - DAG(s) dict_keys(['example_xcom_args_with_operators', 'example_xcom_args']) retrieved from /home/airflow/.local/lib/python3.7/site-packages/airflow/example_dags/example_xcomargs.py
[2024-06-22T13:16:59.111+0000] {logging_mixin.py:137} INFO - [2024-06-22T13:16:59.110+0000] {dag.py:2676} INFO - Sync 2 DAGs
[2024-06-22T13:16:59.135+0000] {logging_mixin.py:137} INFO - [2024-06-22T13:16:59.135+0000] {dag.py:3427} INFO - Setting next_dagrun for example_xcom_args to None, run_after=None
[2024-06-22T13:16:59.140+0000] {logging_mixin.py:137} INFO - [2024-06-22T13:16:59.139+0000] {dag.py:3427} INFO - Setting next_dagrun for example_xcom_args_with_operators to None, run_after=None
[2024-06-22T13:16:59.160+0000] {processor.py:175} INFO - Processing /home/airflow/.local/lib/python3.7/site-packages/airflow/example_dags/example_xcomargs.py took 0.124 seconds
[2024-06-22T13:17:29.766+0000] {processor.py:153} INFO - Started process (PID=564) to work on /home/airflow/.local/lib/python3.7/site-packages/airflow/example_dags/example_xcomargs.py
[2024-06-22T13:17:29.768+0000] {processor.py:743} INFO - Processing file /home/airflow/.local/lib/python3.7/site-packages/airflow/example_dags/example_xcomargs.py for tasks to queue
[2024-06-22T13:17:29.769+0000] {logging_mixin.py:137} INFO - [2024-06-22T13:17:29.769+0000] {dagbag.py:538} INFO - Filling up the DagBag from /home/airflow/.local/lib/python3.7/site-packages/airflow/example_dags/example_xcomargs.py
[2024-06-22T13:17:29.796+0000] {processor.py:753} INFO - DAG(s) dict_keys(['example_xcom_args', 'example_xcom_args_with_operators']) retrieved from /home/airflow/.local/lib/python3.7/site-packages/airflow/example_dags/example_xcomargs.py
[2024-06-22T13:17:29.847+0000] {logging_mixin.py:137} INFO - [2024-06-22T13:17:29.847+0000] {dag.py:2676} INFO - Sync 2 DAGs
[2024-06-22T13:17:29.875+0000] {logging_mixin.py:137} INFO - [2024-06-22T13:17:29.875+0000] {dag.py:3427} INFO - Setting next_dagrun for example_xcom_args to None, run_after=None
[2024-06-22T13:17:29.882+0000] {logging_mixin.py:137} INFO - [2024-06-22T13:17:29.881+0000] {dag.py:3427} INFO - Setting next_dagrun for example_xcom_args_with_operators to None, run_after=None
[2024-06-22T13:17:29.906+0000] {processor.py:175} INFO - Processing /home/airflow/.local/lib/python3.7/site-packages/airflow/example_dags/example_xcomargs.py took 0.143 seconds
[2024-06-22T13:18:00.344+0000] {processor.py:153} INFO - Started process (PID=606) to work on /home/airflow/.local/lib/python3.7/site-packages/airflow/example_dags/example_xcomargs.py
[2024-06-22T13:18:00.345+0000] {processor.py:743} INFO - Processing file /home/airflow/.local/lib/python3.7/site-packages/airflow/example_dags/example_xcomargs.py for tasks to queue
[2024-06-22T13:18:00.347+0000] {logging_mixin.py:137} INFO - [2024-06-22T13:18:00.346+0000] {dagbag.py:538} INFO - Filling up the DagBag from /home/airflow/.local/lib/python3.7/site-packages/airflow/example_dags/example_xcomargs.py
[2024-06-22T13:18:00.375+0000] {processor.py:753} INFO - DAG(s) dict_keys(['example_xcom_args', 'example_xcom_args_with_operators']) retrieved from /home/airflow/.local/lib/python3.7/site-packages/airflow/example_dags/example_xcomargs.py
[2024-06-22T13:18:00.420+0000] {logging_mixin.py:137} INFO - [2024-06-22T13:18:00.420+0000] {dag.py:2676} INFO - Sync 2 DAGs
[2024-06-22T13:18:00.451+0000] {logging_mixin.py:137} INFO - [2024-06-22T13:18:00.450+0000] {dag.py:3427} INFO - Setting next_dagrun for example_xcom_args to None, run_after=None
[2024-06-22T13:18:00.455+0000] {logging_mixin.py:137} INFO - [2024-06-22T13:18:00.455+0000] {dag.py:3427} INFO - Setting next_dagrun for example_xcom_args_with_operators to None, run_after=None
[2024-06-22T13:18:00.477+0000] {processor.py:175} INFO - Processing /home/airflow/.local/lib/python3.7/site-packages/airflow/example_dags/example_xcomargs.py took 0.137 seconds
[2024-06-22T13:18:30.717+0000] {processor.py:153} INFO - Started process (PID=648) to work on /home/airflow/.local/lib/python3.7/site-packages/airflow/example_dags/example_xcomargs.py
[2024-06-22T13:18:30.718+0000] {processor.py:743} INFO - Processing file /home/airflow/.local/lib/python3.7/site-packages/airflow/example_dags/example_xcomargs.py for tasks to queue
[2024-06-22T13:18:30.719+0000] {logging_mixin.py:137} INFO - [2024-06-22T13:18:30.719+0000] {dagbag.py:538} INFO - Filling up the DagBag from /home/airflow/.local/lib/python3.7/site-packages/airflow/example_dags/example_xcomargs.py
[2024-06-22T13:18:30.749+0000] {processor.py:753} INFO - DAG(s) dict_keys(['example_xcom_args_with_operators', 'example_xcom_args']) retrieved from /home/airflow/.local/lib/python3.7/site-packages/airflow/example_dags/example_xcomargs.py
[2024-06-22T13:18:30.802+0000] {logging_mixin.py:137} INFO - [2024-06-22T13:18:30.802+0000] {dag.py:2676} INFO - Sync 2 DAGs
[2024-06-22T13:18:30.832+0000] {logging_mixin.py:137} INFO - [2024-06-22T13:18:30.831+0000] {dag.py:3427} INFO - Setting next_dagrun for example_xcom_args to None, run_after=None
[2024-06-22T13:18:30.836+0000] {logging_mixin.py:137} INFO - [2024-06-22T13:18:30.835+0000] {dag.py:3427} INFO - Setting next_dagrun for example_xcom_args_with_operators to None, run_after=None
[2024-06-22T13:18:30.857+0000] {processor.py:175} INFO - Processing /home/airflow/.local/lib/python3.7/site-packages/airflow/example_dags/example_xcomargs.py took 0.144 seconds
[2024-06-22T13:19:01.115+0000] {processor.py:153} INFO - Started process (PID=690) to work on /home/airflow/.local/lib/python3.7/site-packages/airflow/example_dags/example_xcomargs.py
[2024-06-22T13:19:01.116+0000] {processor.py:743} INFO - Processing file /home/airflow/.local/lib/python3.7/site-packages/airflow/example_dags/example_xcomargs.py for tasks to queue
[2024-06-22T13:19:01.117+0000] {logging_mixin.py:137} INFO - [2024-06-22T13:19:01.117+0000] {dagbag.py:538} INFO - Filling up the DagBag from /home/airflow/.local/lib/python3.7/site-packages/airflow/example_dags/example_xcomargs.py
[2024-06-22T13:19:01.137+0000] {processor.py:753} INFO - DAG(s) dict_keys(['example_xcom_args_with_operators', 'example_xcom_args']) retrieved from /home/airflow/.local/lib/python3.7/site-packages/airflow/example_dags/example_xcomargs.py
[2024-06-22T13:19:01.179+0000] {logging_mixin.py:137} INFO - [2024-06-22T13:19:01.178+0000] {dag.py:2676} INFO - Sync 2 DAGs
[2024-06-22T13:19:01.206+0000] {logging_mixin.py:137} INFO - [2024-06-22T13:19:01.206+0000] {dag.py:3427} INFO - Setting next_dagrun for example_xcom_args to None, run_after=None
[2024-06-22T13:19:01.211+0000] {logging_mixin.py:137} INFO - [2024-06-22T13:19:01.211+0000] {dag.py:3427} INFO - Setting next_dagrun for example_xcom_args_with_operators to None, run_after=None
[2024-06-22T13:19:01.235+0000] {processor.py:175} INFO - Processing /home/airflow/.local/lib/python3.7/site-packages/airflow/example_dags/example_xcomargs.py took 0.122 seconds
[2024-06-22T13:19:31.439+0000] {processor.py:153} INFO - Started process (PID=732) to work on /home/airflow/.local/lib/python3.7/site-packages/airflow/example_dags/example_xcomargs.py
[2024-06-22T13:19:31.441+0000] {processor.py:743} INFO - Processing file /home/airflow/.local/lib/python3.7/site-packages/airflow/example_dags/example_xcomargs.py for tasks to queue
[2024-06-22T13:19:31.442+0000] {logging_mixin.py:137} INFO - [2024-06-22T13:19:31.442+0000] {dagbag.py:538} INFO - Filling up the DagBag from /home/airflow/.local/lib/python3.7/site-packages/airflow/example_dags/example_xcomargs.py
[2024-06-22T13:19:31.464+0000] {processor.py:753} INFO - DAG(s) dict_keys(['example_xcom_args_with_operators', 'example_xcom_args']) retrieved from /home/airflow/.local/lib/python3.7/site-packages/airflow/example_dags/example_xcomargs.py
[2024-06-22T13:19:31.509+0000] {logging_mixin.py:137} INFO - [2024-06-22T13:19:31.509+0000] {dag.py:2676} INFO - Sync 2 DAGs
[2024-06-22T13:19:31.536+0000] {logging_mixin.py:137} INFO - [2024-06-22T13:19:31.535+0000] {dag.py:3427} INFO - Setting next_dagrun for example_xcom_args to None, run_after=None
[2024-06-22T13:19:31.541+0000] {logging_mixin.py:137} INFO - [2024-06-22T13:19:31.541+0000] {dag.py:3427} INFO - Setting next_dagrun for example_xcom_args_with_operators to None, run_after=None
[2024-06-22T13:19:31.565+0000] {processor.py:175} INFO - Processing /home/airflow/.local/lib/python3.7/site-packages/airflow/example_dags/example_xcomargs.py took 0.128 seconds
[2024-06-22T13:20:01.695+0000] {processor.py:153} INFO - Started process (PID=774) to work on /home/airflow/.local/lib/python3.7/site-packages/airflow/example_dags/example_xcomargs.py
[2024-06-22T13:20:01.696+0000] {processor.py:743} INFO - Processing file /home/airflow/.local/lib/python3.7/site-packages/airflow/example_dags/example_xcomargs.py for tasks to queue
[2024-06-22T13:20:01.697+0000] {logging_mixin.py:137} INFO - [2024-06-22T13:20:01.697+0000] {dagbag.py:538} INFO - Filling up the DagBag from /home/airflow/.local/lib/python3.7/site-packages/airflow/example_dags/example_xcomargs.py
[2024-06-22T13:20:01.719+0000] {processor.py:753} INFO - DAG(s) dict_keys(['example_xcom_args', 'example_xcom_args_with_operators']) retrieved from /home/airflow/.local/lib/python3.7/site-packages/airflow/example_dags/example_xcomargs.py
[2024-06-22T13:20:01.774+0000] {logging_mixin.py:137} INFO - [2024-06-22T13:20:01.774+0000] {dag.py:2676} INFO - Sync 2 DAGs
[2024-06-22T13:20:01.805+0000] {logging_mixin.py:137} INFO - [2024-06-22T13:20:01.805+0000] {dag.py:3427} INFO - Setting next_dagrun for example_xcom_args to None, run_after=None
[2024-06-22T13:20:01.809+0000] {logging_mixin.py:137} INFO - [2024-06-22T13:20:01.809+0000] {dag.py:3427} INFO - Setting next_dagrun for example_xcom_args_with_operators to None, run_after=None
[2024-06-22T13:20:01.832+0000] {processor.py:175} INFO - Processing /home/airflow/.local/lib/python3.7/site-packages/airflow/example_dags/example_xcomargs.py took 0.141 seconds
[2024-06-22T13:20:31.976+0000] {processor.py:153} INFO - Started process (PID=816) to work on /home/airflow/.local/lib/python3.7/site-packages/airflow/example_dags/example_xcomargs.py
[2024-06-22T13:20:31.977+0000] {processor.py:743} INFO - Processing file /home/airflow/.local/lib/python3.7/site-packages/airflow/example_dags/example_xcomargs.py for tasks to queue
[2024-06-22T13:20:31.978+0000] {logging_mixin.py:137} INFO - [2024-06-22T13:20:31.978+0000] {dagbag.py:538} INFO - Filling up the DagBag from /home/airflow/.local/lib/python3.7/site-packages/airflow/example_dags/example_xcomargs.py
[2024-06-22T13:20:32.004+0000] {processor.py:753} INFO - DAG(s) dict_keys(['example_xcom_args', 'example_xcom_args_with_operators']) retrieved from /home/airflow/.local/lib/python3.7/site-packages/airflow/example_dags/example_xcomargs.py
[2024-06-22T13:20:32.050+0000] {logging_mixin.py:137} INFO - [2024-06-22T13:20:32.049+0000] {dag.py:2676} INFO - Sync 2 DAGs
[2024-06-22T13:20:32.074+0000] {logging_mixin.py:137} INFO - [2024-06-22T13:20:32.074+0000] {dag.py:3427} INFO - Setting next_dagrun for example_xcom_args to None, run_after=None
[2024-06-22T13:20:32.079+0000] {logging_mixin.py:137} INFO - [2024-06-22T13:20:32.079+0000] {dag.py:3427} INFO - Setting next_dagrun for example_xcom_args_with_operators to None, run_after=None
[2024-06-22T13:20:32.105+0000] {processor.py:175} INFO - Processing /home/airflow/.local/lib/python3.7/site-packages/airflow/example_dags/example_xcomargs.py took 0.132 seconds
[2024-06-22T13:21:02.752+0000] {processor.py:153} INFO - Started process (PID=858) to work on /home/airflow/.local/lib/python3.7/site-packages/airflow/example_dags/example_xcomargs.py
[2024-06-22T13:21:02.753+0000] {processor.py:743} INFO - Processing file /home/airflow/.local/lib/python3.7/site-packages/airflow/example_dags/example_xcomargs.py for tasks to queue
[2024-06-22T13:21:02.754+0000] {logging_mixin.py:137} INFO - [2024-06-22T13:21:02.754+0000] {dagbag.py:538} INFO - Filling up the DagBag from /home/airflow/.local/lib/python3.7/site-packages/airflow/example_dags/example_xcomargs.py
[2024-06-22T13:21:02.786+0000] {processor.py:753} INFO - DAG(s) dict_keys(['example_xcom_args_with_operators', 'example_xcom_args']) retrieved from /home/airflow/.local/lib/python3.7/site-packages/airflow/example_dags/example_xcomargs.py
[2024-06-22T13:21:02.834+0000] {logging_mixin.py:137} INFO - [2024-06-22T13:21:02.834+0000] {dag.py:2676} INFO - Sync 2 DAGs
[2024-06-22T13:21:02.870+0000] {logging_mixin.py:137} INFO - [2024-06-22T13:21:02.870+0000] {dag.py:3427} INFO - Setting next_dagrun for example_xcom_args to None, run_after=None
[2024-06-22T13:21:02.882+0000] {logging_mixin.py:137} INFO - [2024-06-22T13:21:02.881+0000] {dag.py:3427} INFO - Setting next_dagrun for example_xcom_args_with_operators to None, run_after=None
[2024-06-22T13:21:02.908+0000] {processor.py:175} INFO - Processing /home/airflow/.local/lib/python3.7/site-packages/airflow/example_dags/example_xcomargs.py took 0.160 seconds
[2024-06-22T13:21:33.130+0000] {processor.py:153} INFO - Started process (PID=900) to work on /home/airflow/.local/lib/python3.7/site-packages/airflow/example_dags/example_xcomargs.py
[2024-06-22T13:21:33.132+0000] {processor.py:743} INFO - Processing file /home/airflow/.local/lib/python3.7/site-packages/airflow/example_dags/example_xcomargs.py for tasks to queue
[2024-06-22T13:21:33.133+0000] {logging_mixin.py:137} INFO - [2024-06-22T13:21:33.133+0000] {dagbag.py:538} INFO - Filling up the DagBag from /home/airflow/.local/lib/python3.7/site-packages/airflow/example_dags/example_xcomargs.py
[2024-06-22T13:21:33.162+0000] {processor.py:753} INFO - DAG(s) dict_keys(['example_xcom_args', 'example_xcom_args_with_operators']) retrieved from /home/airflow/.local/lib/python3.7/site-packages/airflow/example_dags/example_xcomargs.py
[2024-06-22T13:21:33.212+0000] {logging_mixin.py:137} INFO - [2024-06-22T13:21:33.212+0000] {dag.py:2676} INFO - Sync 2 DAGs
[2024-06-22T13:21:33.243+0000] {logging_mixin.py:137} INFO - [2024-06-22T13:21:33.243+0000] {dag.py:3427} INFO - Setting next_dagrun for example_xcom_args to None, run_after=None
[2024-06-22T13:21:33.248+0000] {logging_mixin.py:137} INFO - [2024-06-22T13:21:33.247+0000] {dag.py:3427} INFO - Setting next_dagrun for example_xcom_args_with_operators to None, run_after=None
[2024-06-22T13:21:33.271+0000] {processor.py:175} INFO - Processing /home/airflow/.local/lib/python3.7/site-packages/airflow/example_dags/example_xcomargs.py took 0.144 seconds
[2024-06-22T13:22:03.529+0000] {processor.py:153} INFO - Started process (PID=942) to work on /home/airflow/.local/lib/python3.7/site-packages/airflow/example_dags/example_xcomargs.py
[2024-06-22T13:22:03.531+0000] {processor.py:743} INFO - Processing file /home/airflow/.local/lib/python3.7/site-packages/airflow/example_dags/example_xcomargs.py for tasks to queue
[2024-06-22T13:22:03.532+0000] {logging_mixin.py:137} INFO - [2024-06-22T13:22:03.532+0000] {dagbag.py:538} INFO - Filling up the DagBag from /home/airflow/.local/lib/python3.7/site-packages/airflow/example_dags/example_xcomargs.py
[2024-06-22T13:22:03.553+0000] {processor.py:753} INFO - DAG(s) dict_keys(['example_xcom_args_with_operators', 'example_xcom_args']) retrieved from /home/airflow/.local/lib/python3.7/site-packages/airflow/example_dags/example_xcomargs.py
[2024-06-22T13:22:03.597+0000] {logging_mixin.py:137} INFO - [2024-06-22T13:22:03.597+0000] {dag.py:2676} INFO - Sync 2 DAGs
[2024-06-22T13:22:03.621+0000] {logging_mixin.py:137} INFO - [2024-06-22T13:22:03.621+0000] {dag.py:3427} INFO - Setting next_dagrun for example_xcom_args to None, run_after=None
[2024-06-22T13:22:03.626+0000] {logging_mixin.py:137} INFO - [2024-06-22T13:22:03.625+0000] {dag.py:3427} INFO - Setting next_dagrun for example_xcom_args_with_operators to None, run_after=None
[2024-06-22T13:22:03.649+0000] {processor.py:175} INFO - Processing /home/airflow/.local/lib/python3.7/site-packages/airflow/example_dags/example_xcomargs.py took 0.123 seconds
[2024-06-22T13:22:34.645+0000] {processor.py:153} INFO - Started process (PID=984) to work on /home/airflow/.local/lib/python3.7/site-packages/airflow/example_dags/example_xcomargs.py
[2024-06-22T13:22:34.647+0000] {processor.py:743} INFO - Processing file /home/airflow/.local/lib/python3.7/site-packages/airflow/example_dags/example_xcomargs.py for tasks to queue
[2024-06-22T13:22:34.648+0000] {logging_mixin.py:137} INFO - [2024-06-22T13:22:34.648+0000] {dagbag.py:538} INFO - Filling up the DagBag from /home/airflow/.local/lib/python3.7/site-packages/airflow/example_dags/example_xcomargs.py
[2024-06-22T13:22:34.671+0000] {processor.py:753} INFO - DAG(s) dict_keys(['example_xcom_args_with_operators', 'example_xcom_args']) retrieved from /home/airflow/.local/lib/python3.7/site-packages/airflow/example_dags/example_xcomargs.py
[2024-06-22T13:22:34.716+0000] {logging_mixin.py:137} INFO - [2024-06-22T13:22:34.716+0000] {dag.py:2676} INFO - Sync 2 DAGs
[2024-06-22T13:22:34.744+0000] {logging_mixin.py:137} INFO - [2024-06-22T13:22:34.743+0000] {dag.py:3427} INFO - Setting next_dagrun for example_xcom_args to None, run_after=None
[2024-06-22T13:22:34.749+0000] {logging_mixin.py:137} INFO - [2024-06-22T13:22:34.749+0000] {dag.py:3427} INFO - Setting next_dagrun for example_xcom_args_with_operators to None, run_after=None
[2024-06-22T13:22:34.776+0000] {processor.py:175} INFO - Processing /home/airflow/.local/lib/python3.7/site-packages/airflow/example_dags/example_xcomargs.py took 0.134 seconds
[2024-06-22T13:23:04.999+0000] {processor.py:153} INFO - Started process (PID=1026) to work on /home/airflow/.local/lib/python3.7/site-packages/airflow/example_dags/example_xcomargs.py
[2024-06-22T13:23:05.000+0000] {processor.py:743} INFO - Processing file /home/airflow/.local/lib/python3.7/site-packages/airflow/example_dags/example_xcomargs.py for tasks to queue
[2024-06-22T13:23:05.002+0000] {logging_mixin.py:137} INFO - [2024-06-22T13:23:05.001+0000] {dagbag.py:538} INFO - Filling up the DagBag from /home/airflow/.local/lib/python3.7/site-packages/airflow/example_dags/example_xcomargs.py
[2024-06-22T13:23:05.027+0000] {processor.py:753} INFO - DAG(s) dict_keys(['example_xcom_args_with_operators', 'example_xcom_args']) retrieved from /home/airflow/.local/lib/python3.7/site-packages/airflow/example_dags/example_xcomargs.py
[2024-06-22T13:23:05.074+0000] {logging_mixin.py:137} INFO - [2024-06-22T13:23:05.074+0000] {dag.py:2676} INFO - Sync 2 DAGs
[2024-06-22T13:23:05.105+0000] {logging_mixin.py:137} INFO - [2024-06-22T13:23:05.105+0000] {dag.py:3427} INFO - Setting next_dagrun for example_xcom_args to None, run_after=None
[2024-06-22T13:23:05.109+0000] {logging_mixin.py:137} INFO - [2024-06-22T13:23:05.109+0000] {dag.py:3427} INFO - Setting next_dagrun for example_xcom_args_with_operators to None, run_after=None
[2024-06-22T13:23:05.133+0000] {processor.py:175} INFO - Processing /home/airflow/.local/lib/python3.7/site-packages/airflow/example_dags/example_xcomargs.py took 0.138 seconds
[2024-06-22T13:23:35.440+0000] {processor.py:153} INFO - Started process (PID=1068) to work on /home/airflow/.local/lib/python3.7/site-packages/airflow/example_dags/example_xcomargs.py
[2024-06-22T13:23:35.441+0000] {processor.py:743} INFO - Processing file /home/airflow/.local/lib/python3.7/site-packages/airflow/example_dags/example_xcomargs.py for tasks to queue
[2024-06-22T13:23:35.442+0000] {logging_mixin.py:137} INFO - [2024-06-22T13:23:35.442+0000] {dagbag.py:538} INFO - Filling up the DagBag from /home/airflow/.local/lib/python3.7/site-packages/airflow/example_dags/example_xcomargs.py
[2024-06-22T13:23:35.465+0000] {processor.py:753} INFO - DAG(s) dict_keys(['example_xcom_args_with_operators', 'example_xcom_args']) retrieved from /home/airflow/.local/lib/python3.7/site-packages/airflow/example_dags/example_xcomargs.py
[2024-06-22T13:23:35.506+0000] {logging_mixin.py:137} INFO - [2024-06-22T13:23:35.505+0000] {dag.py:2676} INFO - Sync 2 DAGs
[2024-06-22T13:23:35.528+0000] {logging_mixin.py:137} INFO - [2024-06-22T13:23:35.528+0000] {dag.py:3427} INFO - Setting next_dagrun for example_xcom_args to None, run_after=None
[2024-06-22T13:23:35.532+0000] {logging_mixin.py:137} INFO - [2024-06-22T13:23:35.532+0000] {dag.py:3427} INFO - Setting next_dagrun for example_xcom_args_with_operators to None, run_after=None
[2024-06-22T13:23:35.555+0000] {processor.py:175} INFO - Processing /home/airflow/.local/lib/python3.7/site-packages/airflow/example_dags/example_xcomargs.py took 0.117 seconds
[2024-06-22T13:24:05.855+0000] {processor.py:153} INFO - Started process (PID=1110) to work on /home/airflow/.local/lib/python3.7/site-packages/airflow/example_dags/example_xcomargs.py
[2024-06-22T13:24:05.857+0000] {processor.py:743} INFO - Processing file /home/airflow/.local/lib/python3.7/site-packages/airflow/example_dags/example_xcomargs.py for tasks to queue
[2024-06-22T13:24:05.858+0000] {logging_mixin.py:137} INFO - [2024-06-22T13:24:05.858+0000] {dagbag.py:538} INFO - Filling up the DagBag from /home/airflow/.local/lib/python3.7/site-packages/airflow/example_dags/example_xcomargs.py
[2024-06-22T13:24:05.886+0000] {processor.py:753} INFO - DAG(s) dict_keys(['example_xcom_args_with_operators', 'example_xcom_args']) retrieved from /home/airflow/.local/lib/python3.7/site-packages/airflow/example_dags/example_xcomargs.py
[2024-06-22T13:24:05.935+0000] {logging_mixin.py:137} INFO - [2024-06-22T13:24:05.935+0000] {dag.py:2676} INFO - Sync 2 DAGs
[2024-06-22T13:24:05.963+0000] {logging_mixin.py:137} INFO - [2024-06-22T13:24:05.963+0000] {dag.py:3427} INFO - Setting next_dagrun for example_xcom_args to None, run_after=None
[2024-06-22T13:24:05.969+0000] {logging_mixin.py:137} INFO - [2024-06-22T13:24:05.969+0000] {dag.py:3427} INFO - Setting next_dagrun for example_xcom_args_with_operators to None, run_after=None
[2024-06-22T13:24:05.995+0000] {processor.py:175} INFO - Processing /home/airflow/.local/lib/python3.7/site-packages/airflow/example_dags/example_xcomargs.py took 0.143 seconds
[2024-06-22T13:24:36.204+0000] {processor.py:153} INFO - Started process (PID=1149) to work on /home/airflow/.local/lib/python3.7/site-packages/airflow/example_dags/example_xcomargs.py
[2024-06-22T13:24:36.206+0000] {processor.py:743} INFO - Processing file /home/airflow/.local/lib/python3.7/site-packages/airflow/example_dags/example_xcomargs.py for tasks to queue
[2024-06-22T13:24:36.207+0000] {logging_mixin.py:137} INFO - [2024-06-22T13:24:36.207+0000] {dagbag.py:538} INFO - Filling up the DagBag from /home/airflow/.local/lib/python3.7/site-packages/airflow/example_dags/example_xcomargs.py
[2024-06-22T13:24:36.234+0000] {processor.py:753} INFO - DAG(s) dict_keys(['example_xcom_args', 'example_xcom_args_with_operators']) retrieved from /home/airflow/.local/lib/python3.7/site-packages/airflow/example_dags/example_xcomargs.py
[2024-06-22T13:24:36.297+0000] {logging_mixin.py:137} INFO - [2024-06-22T13:24:36.297+0000] {dag.py:2676} INFO - Sync 2 DAGs
[2024-06-22T13:24:36.332+0000] {logging_mixin.py:137} INFO - [2024-06-22T13:24:36.332+0000] {dag.py:3427} INFO - Setting next_dagrun for example_xcom_args to None, run_after=None
[2024-06-22T13:24:36.338+0000] {logging_mixin.py:137} INFO - [2024-06-22T13:24:36.338+0000] {dag.py:3427} INFO - Setting next_dagrun for example_xcom_args_with_operators to None, run_after=None
[2024-06-22T13:24:36.364+0000] {processor.py:175} INFO - Processing /home/airflow/.local/lib/python3.7/site-packages/airflow/example_dags/example_xcomargs.py took 0.163 seconds
[2024-06-22T13:25:06.584+0000] {processor.py:153} INFO - Started process (PID=1188) to work on /home/airflow/.local/lib/python3.7/site-packages/airflow/example_dags/example_xcomargs.py
[2024-06-22T13:25:06.585+0000] {processor.py:743} INFO - Processing file /home/airflow/.local/lib/python3.7/site-packages/airflow/example_dags/example_xcomargs.py for tasks to queue
[2024-06-22T13:25:06.586+0000] {logging_mixin.py:137} INFO - [2024-06-22T13:25:06.586+0000] {dagbag.py:538} INFO - Filling up the DagBag from /home/airflow/.local/lib/python3.7/site-packages/airflow/example_dags/example_xcomargs.py
[2024-06-22T13:25:06.609+0000] {processor.py:753} INFO - DAG(s) dict_keys(['example_xcom_args', 'example_xcom_args_with_operators']) retrieved from /home/airflow/.local/lib/python3.7/site-packages/airflow/example_dags/example_xcomargs.py
[2024-06-22T13:25:06.647+0000] {logging_mixin.py:137} INFO - [2024-06-22T13:25:06.646+0000] {dag.py:2676} INFO - Sync 2 DAGs
[2024-06-22T13:25:06.668+0000] {logging_mixin.py:137} INFO - [2024-06-22T13:25:06.668+0000] {dag.py:3427} INFO - Setting next_dagrun for example_xcom_args to None, run_after=None
[2024-06-22T13:25:06.672+0000] {logging_mixin.py:137} INFO - [2024-06-22T13:25:06.672+0000] {dag.py:3427} INFO - Setting next_dagrun for example_xcom_args_with_operators to None, run_after=None
[2024-06-22T13:25:06.689+0000] {processor.py:175} INFO - Processing /home/airflow/.local/lib/python3.7/site-packages/airflow/example_dags/example_xcomargs.py took 0.109 seconds
[2024-06-22T13:25:37.220+0000] {processor.py:153} INFO - Started process (PID=1227) to work on /home/airflow/.local/lib/python3.7/site-packages/airflow/example_dags/example_xcomargs.py
[2024-06-22T13:25:37.222+0000] {processor.py:743} INFO - Processing file /home/airflow/.local/lib/python3.7/site-packages/airflow/example_dags/example_xcomargs.py for tasks to queue
[2024-06-22T13:25:37.223+0000] {logging_mixin.py:137} INFO - [2024-06-22T13:25:37.223+0000] {dagbag.py:538} INFO - Filling up the DagBag from /home/airflow/.local/lib/python3.7/site-packages/airflow/example_dags/example_xcomargs.py
[2024-06-22T13:25:37.254+0000] {processor.py:753} INFO - DAG(s) dict_keys(['example_xcom_args_with_operators', 'example_xcom_args']) retrieved from /home/airflow/.local/lib/python3.7/site-packages/airflow/example_dags/example_xcomargs.py
[2024-06-22T13:25:37.301+0000] {logging_mixin.py:137} INFO - [2024-06-22T13:25:37.301+0000] {dag.py:2676} INFO - Sync 2 DAGs
[2024-06-22T13:25:37.329+0000] {logging_mixin.py:137} INFO - [2024-06-22T13:25:37.329+0000] {dag.py:3427} INFO - Setting next_dagrun for example_xcom_args to None, run_after=None
[2024-06-22T13:25:37.333+0000] {logging_mixin.py:137} INFO - [2024-06-22T13:25:37.333+0000] {dag.py:3427} INFO - Setting next_dagrun for example_xcom_args_with_operators to None, run_after=None
[2024-06-22T13:25:37.359+0000] {processor.py:175} INFO - Processing /home/airflow/.local/lib/python3.7/site-packages/airflow/example_dags/example_xcomargs.py took 0.144 seconds
