[2024-06-22T13:11:19.145+0000] {processor.py:153} INFO - Started process (PID=45) to work on /home/airflow/.local/lib/python3.7/site-packages/airflow/example_dags/example_skip_dag.py
[2024-06-22T13:11:19.147+0000] {processor.py:743} INFO - Processing file /home/airflow/.local/lib/python3.7/site-packages/airflow/example_dags/example_skip_dag.py for tasks to queue
[2024-06-22T13:11:19.149+0000] {logging_mixin.py:137} INFO - [2024-06-22T13:11:19.149+0000] {dagbag.py:538} INFO - Filling up the DagBag from /home/airflow/.local/lib/python3.7/site-packages/airflow/example_dags/example_skip_dag.py
[2024-06-22T13:11:19.173+0000] {processor.py:753} INFO - DAG(s) dict_keys(['example_skip_dag']) retrieved from /home/airflow/.local/lib/python3.7/site-packages/airflow/example_dags/example_skip_dag.py
[2024-06-22T13:11:19.229+0000] {logging_mixin.py:137} INFO - [2024-06-22T13:11:19.228+0000] {dag.py:2676} INFO - Sync 1 DAGs
[2024-06-22T13:11:19.265+0000] {logging_mixin.py:137} INFO - [2024-06-22T13:11:19.264+0000] {dag.py:3427} INFO - Setting next_dagrun for example_skip_dag to 2024-06-21T13:11:19.264486+00:00, run_after=2024-06-22T13:11:19.264486+00:00
[2024-06-22T13:11:19.329+0000] {processor.py:175} INFO - Processing /home/airflow/.local/lib/python3.7/site-packages/airflow/example_dags/example_skip_dag.py took 0.188 seconds
[2024-06-22T13:11:50.209+0000] {processor.py:153} INFO - Started process (PID=86) to work on /home/airflow/.local/lib/python3.7/site-packages/airflow/example_dags/example_skip_dag.py
[2024-06-22T13:11:50.210+0000] {processor.py:743} INFO - Processing file /home/airflow/.local/lib/python3.7/site-packages/airflow/example_dags/example_skip_dag.py for tasks to queue
[2024-06-22T13:11:50.211+0000] {logging_mixin.py:137} INFO - [2024-06-22T13:11:50.211+0000] {dagbag.py:538} INFO - Filling up the DagBag from /home/airflow/.local/lib/python3.7/site-packages/airflow/example_dags/example_skip_dag.py
[2024-06-22T13:11:50.229+0000] {processor.py:753} INFO - DAG(s) dict_keys(['example_skip_dag']) retrieved from /home/airflow/.local/lib/python3.7/site-packages/airflow/example_dags/example_skip_dag.py
[2024-06-22T13:11:50.264+0000] {logging_mixin.py:137} INFO - [2024-06-22T13:11:50.264+0000] {dag.py:2676} INFO - Sync 1 DAGs
[2024-06-22T13:11:50.305+0000] {logging_mixin.py:137} INFO - [2024-06-22T13:11:50.304+0000] {dag.py:3427} INFO - Setting next_dagrun for example_skip_dag to 2024-06-21T13:11:50.304466+00:00, run_after=2024-06-22T13:11:50.304466+00:00
[2024-06-22T13:11:50.341+0000] {processor.py:175} INFO - Processing /home/airflow/.local/lib/python3.7/site-packages/airflow/example_dags/example_skip_dag.py took 0.137 seconds
[2024-06-22T13:12:20.635+0000] {processor.py:153} INFO - Started process (PID=127) to work on /home/airflow/.local/lib/python3.7/site-packages/airflow/example_dags/example_skip_dag.py
[2024-06-22T13:12:20.636+0000] {processor.py:743} INFO - Processing file /home/airflow/.local/lib/python3.7/site-packages/airflow/example_dags/example_skip_dag.py for tasks to queue
[2024-06-22T13:12:20.637+0000] {logging_mixin.py:137} INFO - [2024-06-22T13:12:20.637+0000] {dagbag.py:538} INFO - Filling up the DagBag from /home/airflow/.local/lib/python3.7/site-packages/airflow/example_dags/example_skip_dag.py
[2024-06-22T13:12:20.658+0000] {processor.py:753} INFO - DAG(s) dict_keys(['example_skip_dag']) retrieved from /home/airflow/.local/lib/python3.7/site-packages/airflow/example_dags/example_skip_dag.py
[2024-06-22T13:12:20.702+0000] {logging_mixin.py:137} INFO - [2024-06-22T13:12:20.702+0000] {dag.py:2676} INFO - Sync 1 DAGs
[2024-06-22T13:12:20.731+0000] {logging_mixin.py:137} INFO - [2024-06-22T13:12:20.731+0000] {dag.py:3427} INFO - Setting next_dagrun for example_skip_dag to 2024-06-21T13:12:20.731094+00:00, run_after=2024-06-22T13:12:20.731094+00:00
[2024-06-22T13:12:20.757+0000] {processor.py:175} INFO - Processing /home/airflow/.local/lib/python3.7/site-packages/airflow/example_dags/example_skip_dag.py took 0.125 seconds
[2024-06-22T13:12:51.425+0000] {processor.py:153} INFO - Started process (PID=169) to work on /home/airflow/.local/lib/python3.7/site-packages/airflow/example_dags/example_skip_dag.py
[2024-06-22T13:12:51.426+0000] {processor.py:743} INFO - Processing file /home/airflow/.local/lib/python3.7/site-packages/airflow/example_dags/example_skip_dag.py for tasks to queue
[2024-06-22T13:12:51.427+0000] {logging_mixin.py:137} INFO - [2024-06-22T13:12:51.427+0000] {dagbag.py:538} INFO - Filling up the DagBag from /home/airflow/.local/lib/python3.7/site-packages/airflow/example_dags/example_skip_dag.py
[2024-06-22T13:12:51.440+0000] {processor.py:753} INFO - DAG(s) dict_keys(['example_skip_dag']) retrieved from /home/airflow/.local/lib/python3.7/site-packages/airflow/example_dags/example_skip_dag.py
[2024-06-22T13:12:51.480+0000] {logging_mixin.py:137} INFO - [2024-06-22T13:12:51.480+0000] {dag.py:2676} INFO - Sync 1 DAGs
[2024-06-22T13:12:51.513+0000] {logging_mixin.py:137} INFO - [2024-06-22T13:12:51.513+0000] {dag.py:3427} INFO - Setting next_dagrun for example_skip_dag to 2024-06-21T13:12:51.512973+00:00, run_after=2024-06-22T13:12:51.512973+00:00
[2024-06-22T13:12:51.540+0000] {processor.py:175} INFO - Processing /home/airflow/.local/lib/python3.7/site-packages/airflow/example_dags/example_skip_dag.py took 0.118 seconds
[2024-06-22T13:13:22.058+0000] {processor.py:153} INFO - Started process (PID=211) to work on /home/airflow/.local/lib/python3.7/site-packages/airflow/example_dags/example_skip_dag.py
[2024-06-22T13:13:22.059+0000] {processor.py:743} INFO - Processing file /home/airflow/.local/lib/python3.7/site-packages/airflow/example_dags/example_skip_dag.py for tasks to queue
[2024-06-22T13:13:22.060+0000] {logging_mixin.py:137} INFO - [2024-06-22T13:13:22.060+0000] {dagbag.py:538} INFO - Filling up the DagBag from /home/airflow/.local/lib/python3.7/site-packages/airflow/example_dags/example_skip_dag.py
[2024-06-22T13:13:22.073+0000] {processor.py:753} INFO - DAG(s) dict_keys(['example_skip_dag']) retrieved from /home/airflow/.local/lib/python3.7/site-packages/airflow/example_dags/example_skip_dag.py
[2024-06-22T13:13:22.110+0000] {logging_mixin.py:137} INFO - [2024-06-22T13:13:22.110+0000] {dag.py:2676} INFO - Sync 1 DAGs
[2024-06-22T13:13:22.139+0000] {logging_mixin.py:137} INFO - [2024-06-22T13:13:22.139+0000] {dag.py:3427} INFO - Setting next_dagrun for example_skip_dag to 2024-06-21T13:13:22.138925+00:00, run_after=2024-06-22T13:13:22.138925+00:00
[2024-06-22T13:13:22.176+0000] {processor.py:175} INFO - Processing /home/airflow/.local/lib/python3.7/site-packages/airflow/example_dags/example_skip_dag.py took 0.121 seconds
[2024-06-22T13:13:52.704+0000] {processor.py:153} INFO - Started process (PID=253) to work on /home/airflow/.local/lib/python3.7/site-packages/airflow/example_dags/example_skip_dag.py
[2024-06-22T13:13:52.705+0000] {processor.py:743} INFO - Processing file /home/airflow/.local/lib/python3.7/site-packages/airflow/example_dags/example_skip_dag.py for tasks to queue
[2024-06-22T13:13:52.706+0000] {logging_mixin.py:137} INFO - [2024-06-22T13:13:52.706+0000] {dagbag.py:538} INFO - Filling up the DagBag from /home/airflow/.local/lib/python3.7/site-packages/airflow/example_dags/example_skip_dag.py
[2024-06-22T13:13:52.720+0000] {processor.py:753} INFO - DAG(s) dict_keys(['example_skip_dag']) retrieved from /home/airflow/.local/lib/python3.7/site-packages/airflow/example_dags/example_skip_dag.py
[2024-06-22T13:13:52.771+0000] {logging_mixin.py:137} INFO - [2024-06-22T13:13:52.770+0000] {dag.py:2676} INFO - Sync 1 DAGs
[2024-06-22T13:13:52.808+0000] {logging_mixin.py:137} INFO - [2024-06-22T13:13:52.808+0000] {dag.py:3427} INFO - Setting next_dagrun for example_skip_dag to 2024-06-21T13:13:52.808554+00:00, run_after=2024-06-22T13:13:52.808554+00:00
[2024-06-22T13:13:52.833+0000] {processor.py:175} INFO - Processing /home/airflow/.local/lib/python3.7/site-packages/airflow/example_dags/example_skip_dag.py took 0.133 seconds
[2024-06-22T13:14:23.485+0000] {processor.py:153} INFO - Started process (PID=295) to work on /home/airflow/.local/lib/python3.7/site-packages/airflow/example_dags/example_skip_dag.py
[2024-06-22T13:14:23.486+0000] {processor.py:743} INFO - Processing file /home/airflow/.local/lib/python3.7/site-packages/airflow/example_dags/example_skip_dag.py for tasks to queue
[2024-06-22T13:14:23.487+0000] {logging_mixin.py:137} INFO - [2024-06-22T13:14:23.487+0000] {dagbag.py:538} INFO - Filling up the DagBag from /home/airflow/.local/lib/python3.7/site-packages/airflow/example_dags/example_skip_dag.py
[2024-06-22T13:14:23.499+0000] {processor.py:753} INFO - DAG(s) dict_keys(['example_skip_dag']) retrieved from /home/airflow/.local/lib/python3.7/site-packages/airflow/example_dags/example_skip_dag.py
[2024-06-22T13:14:23.541+0000] {logging_mixin.py:137} INFO - [2024-06-22T13:14:23.541+0000] {dag.py:2676} INFO - Sync 1 DAGs
[2024-06-22T13:14:23.566+0000] {logging_mixin.py:137} INFO - [2024-06-22T13:14:23.566+0000] {dag.py:3427} INFO - Setting next_dagrun for example_skip_dag to 2024-06-21T13:14:23.566422+00:00, run_after=2024-06-22T13:14:23.566422+00:00
[2024-06-22T13:14:23.593+0000] {processor.py:175} INFO - Processing /home/airflow/.local/lib/python3.7/site-packages/airflow/example_dags/example_skip_dag.py took 0.112 seconds
[2024-06-22T13:14:54.206+0000] {processor.py:153} INFO - Started process (PID=337) to work on /home/airflow/.local/lib/python3.7/site-packages/airflow/example_dags/example_skip_dag.py
[2024-06-22T13:14:54.208+0000] {processor.py:743} INFO - Processing file /home/airflow/.local/lib/python3.7/site-packages/airflow/example_dags/example_skip_dag.py for tasks to queue
[2024-06-22T13:14:54.210+0000] {logging_mixin.py:137} INFO - [2024-06-22T13:14:54.209+0000] {dagbag.py:538} INFO - Filling up the DagBag from /home/airflow/.local/lib/python3.7/site-packages/airflow/example_dags/example_skip_dag.py
[2024-06-22T13:14:54.224+0000] {processor.py:753} INFO - DAG(s) dict_keys(['example_skip_dag']) retrieved from /home/airflow/.local/lib/python3.7/site-packages/airflow/example_dags/example_skip_dag.py
[2024-06-22T13:14:54.265+0000] {logging_mixin.py:137} INFO - [2024-06-22T13:14:54.265+0000] {dag.py:2676} INFO - Sync 1 DAGs
[2024-06-22T13:14:54.292+0000] {logging_mixin.py:137} INFO - [2024-06-22T13:14:54.292+0000] {dag.py:3427} INFO - Setting next_dagrun for example_skip_dag to 2024-06-21T13:14:54.292308+00:00, run_after=2024-06-22T13:14:54.292308+00:00
[2024-06-22T13:14:54.321+0000] {processor.py:175} INFO - Processing /home/airflow/.local/lib/python3.7/site-packages/airflow/example_dags/example_skip_dag.py took 0.119 seconds
[2024-06-22T13:15:24.467+0000] {processor.py:153} INFO - Started process (PID=379) to work on /home/airflow/.local/lib/python3.7/site-packages/airflow/example_dags/example_skip_dag.py
[2024-06-22T13:15:24.468+0000] {processor.py:743} INFO - Processing file /home/airflow/.local/lib/python3.7/site-packages/airflow/example_dags/example_skip_dag.py for tasks to queue
[2024-06-22T13:15:24.470+0000] {logging_mixin.py:137} INFO - [2024-06-22T13:15:24.470+0000] {dagbag.py:538} INFO - Filling up the DagBag from /home/airflow/.local/lib/python3.7/site-packages/airflow/example_dags/example_skip_dag.py
[2024-06-22T13:15:24.484+0000] {processor.py:753} INFO - DAG(s) dict_keys(['example_skip_dag']) retrieved from /home/airflow/.local/lib/python3.7/site-packages/airflow/example_dags/example_skip_dag.py
[2024-06-22T13:15:24.534+0000] {logging_mixin.py:137} INFO - [2024-06-22T13:15:24.534+0000] {dag.py:2676} INFO - Sync 1 DAGs
[2024-06-22T13:15:24.576+0000] {logging_mixin.py:137} INFO - [2024-06-22T13:15:24.576+0000] {dag.py:3427} INFO - Setting next_dagrun for example_skip_dag to 2024-06-21T13:15:24.575902+00:00, run_after=2024-06-22T13:15:24.575902+00:00
[2024-06-22T13:15:24.601+0000] {processor.py:175} INFO - Processing /home/airflow/.local/lib/python3.7/site-packages/airflow/example_dags/example_skip_dag.py took 0.137 seconds
[2024-06-22T13:15:54.947+0000] {processor.py:153} INFO - Started process (PID=421) to work on /home/airflow/.local/lib/python3.7/site-packages/airflow/example_dags/example_skip_dag.py
[2024-06-22T13:15:54.948+0000] {processor.py:743} INFO - Processing file /home/airflow/.local/lib/python3.7/site-packages/airflow/example_dags/example_skip_dag.py for tasks to queue
[2024-06-22T13:15:54.949+0000] {logging_mixin.py:137} INFO - [2024-06-22T13:15:54.949+0000] {dagbag.py:538} INFO - Filling up the DagBag from /home/airflow/.local/lib/python3.7/site-packages/airflow/example_dags/example_skip_dag.py
[2024-06-22T13:15:54.967+0000] {processor.py:753} INFO - DAG(s) dict_keys(['example_skip_dag']) retrieved from /home/airflow/.local/lib/python3.7/site-packages/airflow/example_dags/example_skip_dag.py
[2024-06-22T13:15:55.013+0000] {logging_mixin.py:137} INFO - [2024-06-22T13:15:55.012+0000] {dag.py:2676} INFO - Sync 1 DAGs
[2024-06-22T13:15:55.047+0000] {logging_mixin.py:137} INFO - [2024-06-22T13:15:55.047+0000] {dag.py:3427} INFO - Setting next_dagrun for example_skip_dag to 2024-06-21T13:15:55.047124+00:00, run_after=2024-06-22T13:15:55.047124+00:00
[2024-06-22T13:15:55.073+0000] {processor.py:175} INFO - Processing /home/airflow/.local/lib/python3.7/site-packages/airflow/example_dags/example_skip_dag.py took 0.129 seconds
[2024-06-22T13:16:26.189+0000] {processor.py:153} INFO - Started process (PID=463) to work on /home/airflow/.local/lib/python3.7/site-packages/airflow/example_dags/example_skip_dag.py
[2024-06-22T13:16:26.190+0000] {processor.py:743} INFO - Processing file /home/airflow/.local/lib/python3.7/site-packages/airflow/example_dags/example_skip_dag.py for tasks to queue
[2024-06-22T13:16:26.191+0000] {logging_mixin.py:137} INFO - [2024-06-22T13:16:26.191+0000] {dagbag.py:538} INFO - Filling up the DagBag from /home/airflow/.local/lib/python3.7/site-packages/airflow/example_dags/example_skip_dag.py
[2024-06-22T13:16:26.213+0000] {processor.py:753} INFO - DAG(s) dict_keys(['example_skip_dag']) retrieved from /home/airflow/.local/lib/python3.7/site-packages/airflow/example_dags/example_skip_dag.py
[2024-06-22T13:16:26.257+0000] {logging_mixin.py:137} INFO - [2024-06-22T13:16:26.257+0000] {dag.py:2676} INFO - Sync 1 DAGs
[2024-06-22T13:16:26.281+0000] {logging_mixin.py:137} INFO - [2024-06-22T13:16:26.281+0000] {dag.py:3427} INFO - Setting next_dagrun for example_skip_dag to 2024-06-21T13:16:26.281555+00:00, run_after=2024-06-22T13:16:26.281555+00:00
[2024-06-22T13:16:26.312+0000] {processor.py:175} INFO - Processing /home/airflow/.local/lib/python3.7/site-packages/airflow/example_dags/example_skip_dag.py took 0.127 seconds
[2024-06-22T13:16:56.873+0000] {processor.py:153} INFO - Started process (PID=505) to work on /home/airflow/.local/lib/python3.7/site-packages/airflow/example_dags/example_skip_dag.py
[2024-06-22T13:16:56.874+0000] {processor.py:743} INFO - Processing file /home/airflow/.local/lib/python3.7/site-packages/airflow/example_dags/example_skip_dag.py for tasks to queue
[2024-06-22T13:16:56.875+0000] {logging_mixin.py:137} INFO - [2024-06-22T13:16:56.875+0000] {dagbag.py:538} INFO - Filling up the DagBag from /home/airflow/.local/lib/python3.7/site-packages/airflow/example_dags/example_skip_dag.py
[2024-06-22T13:16:56.891+0000] {processor.py:753} INFO - DAG(s) dict_keys(['example_skip_dag']) retrieved from /home/airflow/.local/lib/python3.7/site-packages/airflow/example_dags/example_skip_dag.py
[2024-06-22T13:16:56.933+0000] {logging_mixin.py:137} INFO - [2024-06-22T13:16:56.932+0000] {dag.py:2676} INFO - Sync 1 DAGs
[2024-06-22T13:16:56.959+0000] {logging_mixin.py:137} INFO - [2024-06-22T13:16:56.958+0000] {dag.py:3427} INFO - Setting next_dagrun for example_skip_dag to 2024-06-21T13:16:56.958555+00:00, run_after=2024-06-22T13:16:56.958555+00:00
[2024-06-22T13:16:56.986+0000] {processor.py:175} INFO - Processing /home/airflow/.local/lib/python3.7/site-packages/airflow/example_dags/example_skip_dag.py took 0.116 seconds
[2024-06-22T13:17:27.325+0000] {processor.py:153} INFO - Started process (PID=547) to work on /home/airflow/.local/lib/python3.7/site-packages/airflow/example_dags/example_skip_dag.py
[2024-06-22T13:17:27.326+0000] {processor.py:743} INFO - Processing file /home/airflow/.local/lib/python3.7/site-packages/airflow/example_dags/example_skip_dag.py for tasks to queue
[2024-06-22T13:17:27.328+0000] {logging_mixin.py:137} INFO - [2024-06-22T13:17:27.328+0000] {dagbag.py:538} INFO - Filling up the DagBag from /home/airflow/.local/lib/python3.7/site-packages/airflow/example_dags/example_skip_dag.py
[2024-06-22T13:17:27.345+0000] {processor.py:753} INFO - DAG(s) dict_keys(['example_skip_dag']) retrieved from /home/airflow/.local/lib/python3.7/site-packages/airflow/example_dags/example_skip_dag.py
[2024-06-22T13:17:27.393+0000] {logging_mixin.py:137} INFO - [2024-06-22T13:17:27.393+0000] {dag.py:2676} INFO - Sync 1 DAGs
[2024-06-22T13:17:27.421+0000] {logging_mixin.py:137} INFO - [2024-06-22T13:17:27.421+0000] {dag.py:3427} INFO - Setting next_dagrun for example_skip_dag to 2024-06-21T13:17:27.421370+00:00, run_after=2024-06-22T13:17:27.421370+00:00
[2024-06-22T13:17:27.448+0000] {processor.py:175} INFO - Processing /home/airflow/.local/lib/python3.7/site-packages/airflow/example_dags/example_skip_dag.py took 0.127 seconds
[2024-06-22T13:17:57.768+0000] {processor.py:153} INFO - Started process (PID=589) to work on /home/airflow/.local/lib/python3.7/site-packages/airflow/example_dags/example_skip_dag.py
[2024-06-22T13:17:57.770+0000] {processor.py:743} INFO - Processing file /home/airflow/.local/lib/python3.7/site-packages/airflow/example_dags/example_skip_dag.py for tasks to queue
[2024-06-22T13:17:57.771+0000] {logging_mixin.py:137} INFO - [2024-06-22T13:17:57.770+0000] {dagbag.py:538} INFO - Filling up the DagBag from /home/airflow/.local/lib/python3.7/site-packages/airflow/example_dags/example_skip_dag.py
[2024-06-22T13:17:57.787+0000] {processor.py:753} INFO - DAG(s) dict_keys(['example_skip_dag']) retrieved from /home/airflow/.local/lib/python3.7/site-packages/airflow/example_dags/example_skip_dag.py
[2024-06-22T13:17:57.835+0000] {logging_mixin.py:137} INFO - [2024-06-22T13:17:57.834+0000] {dag.py:2676} INFO - Sync 1 DAGs
[2024-06-22T13:17:57.869+0000] {logging_mixin.py:137} INFO - [2024-06-22T13:17:57.869+0000] {dag.py:3427} INFO - Setting next_dagrun for example_skip_dag to 2024-06-21T13:17:57.869188+00:00, run_after=2024-06-22T13:17:57.869188+00:00
[2024-06-22T13:17:57.893+0000] {processor.py:175} INFO - Processing /home/airflow/.local/lib/python3.7/site-packages/airflow/example_dags/example_skip_dag.py took 0.128 seconds
[2024-06-22T13:18:28.143+0000] {processor.py:153} INFO - Started process (PID=631) to work on /home/airflow/.local/lib/python3.7/site-packages/airflow/example_dags/example_skip_dag.py
[2024-06-22T13:18:28.144+0000] {processor.py:743} INFO - Processing file /home/airflow/.local/lib/python3.7/site-packages/airflow/example_dags/example_skip_dag.py for tasks to queue
[2024-06-22T13:18:28.145+0000] {logging_mixin.py:137} INFO - [2024-06-22T13:18:28.145+0000] {dagbag.py:538} INFO - Filling up the DagBag from /home/airflow/.local/lib/python3.7/site-packages/airflow/example_dags/example_skip_dag.py
[2024-06-22T13:18:28.159+0000] {processor.py:753} INFO - DAG(s) dict_keys(['example_skip_dag']) retrieved from /home/airflow/.local/lib/python3.7/site-packages/airflow/example_dags/example_skip_dag.py
[2024-06-22T13:18:28.202+0000] {logging_mixin.py:137} INFO - [2024-06-22T13:18:28.202+0000] {dag.py:2676} INFO - Sync 1 DAGs
[2024-06-22T13:18:28.229+0000] {logging_mixin.py:137} INFO - [2024-06-22T13:18:28.229+0000] {dag.py:3427} INFO - Setting next_dagrun for example_skip_dag to 2024-06-21T13:18:28.229043+00:00, run_after=2024-06-22T13:18:28.229043+00:00
[2024-06-22T13:18:28.257+0000] {processor.py:175} INFO - Processing /home/airflow/.local/lib/python3.7/site-packages/airflow/example_dags/example_skip_dag.py took 0.118 seconds
[2024-06-22T13:18:58.410+0000] {processor.py:153} INFO - Started process (PID=673) to work on /home/airflow/.local/lib/python3.7/site-packages/airflow/example_dags/example_skip_dag.py
[2024-06-22T13:18:58.412+0000] {processor.py:743} INFO - Processing file /home/airflow/.local/lib/python3.7/site-packages/airflow/example_dags/example_skip_dag.py for tasks to queue
[2024-06-22T13:18:58.413+0000] {logging_mixin.py:137} INFO - [2024-06-22T13:18:58.412+0000] {dagbag.py:538} INFO - Filling up the DagBag from /home/airflow/.local/lib/python3.7/site-packages/airflow/example_dags/example_skip_dag.py
[2024-06-22T13:18:58.425+0000] {processor.py:753} INFO - DAG(s) dict_keys(['example_skip_dag']) retrieved from /home/airflow/.local/lib/python3.7/site-packages/airflow/example_dags/example_skip_dag.py
[2024-06-22T13:18:58.463+0000] {logging_mixin.py:137} INFO - [2024-06-22T13:18:58.463+0000] {dag.py:2676} INFO - Sync 1 DAGs
[2024-06-22T13:18:58.487+0000] {logging_mixin.py:137} INFO - [2024-06-22T13:18:58.487+0000] {dag.py:3427} INFO - Setting next_dagrun for example_skip_dag to 2024-06-21T13:18:58.487261+00:00, run_after=2024-06-22T13:18:58.487261+00:00
[2024-06-22T13:18:58.514+0000] {processor.py:175} INFO - Processing /home/airflow/.local/lib/python3.7/site-packages/airflow/example_dags/example_skip_dag.py took 0.107 seconds
[2024-06-22T13:19:28.554+0000] {processor.py:153} INFO - Started process (PID=715) to work on /home/airflow/.local/lib/python3.7/site-packages/airflow/example_dags/example_skip_dag.py
[2024-06-22T13:19:28.555+0000] {processor.py:743} INFO - Processing file /home/airflow/.local/lib/python3.7/site-packages/airflow/example_dags/example_skip_dag.py for tasks to queue
[2024-06-22T13:19:28.557+0000] {logging_mixin.py:137} INFO - [2024-06-22T13:19:28.556+0000] {dagbag.py:538} INFO - Filling up the DagBag from /home/airflow/.local/lib/python3.7/site-packages/airflow/example_dags/example_skip_dag.py
[2024-06-22T13:19:28.580+0000] {processor.py:753} INFO - DAG(s) dict_keys(['example_skip_dag']) retrieved from /home/airflow/.local/lib/python3.7/site-packages/airflow/example_dags/example_skip_dag.py
[2024-06-22T13:19:28.632+0000] {logging_mixin.py:137} INFO - [2024-06-22T13:19:28.632+0000] {dag.py:2676} INFO - Sync 1 DAGs
[2024-06-22T13:19:28.668+0000] {logging_mixin.py:137} INFO - [2024-06-22T13:19:28.668+0000] {dag.py:3427} INFO - Setting next_dagrun for example_skip_dag to 2024-06-21T13:19:28.667969+00:00, run_after=2024-06-22T13:19:28.667969+00:00
[2024-06-22T13:19:28.700+0000] {processor.py:175} INFO - Processing /home/airflow/.local/lib/python3.7/site-packages/airflow/example_dags/example_skip_dag.py took 0.149 seconds
[2024-06-22T13:19:59.163+0000] {processor.py:153} INFO - Started process (PID=757) to work on /home/airflow/.local/lib/python3.7/site-packages/airflow/example_dags/example_skip_dag.py
[2024-06-22T13:19:59.164+0000] {processor.py:743} INFO - Processing file /home/airflow/.local/lib/python3.7/site-packages/airflow/example_dags/example_skip_dag.py for tasks to queue
[2024-06-22T13:19:59.165+0000] {logging_mixin.py:137} INFO - [2024-06-22T13:19:59.165+0000] {dagbag.py:538} INFO - Filling up the DagBag from /home/airflow/.local/lib/python3.7/site-packages/airflow/example_dags/example_skip_dag.py
[2024-06-22T13:19:59.184+0000] {processor.py:753} INFO - DAG(s) dict_keys(['example_skip_dag']) retrieved from /home/airflow/.local/lib/python3.7/site-packages/airflow/example_dags/example_skip_dag.py
[2024-06-22T13:19:59.245+0000] {logging_mixin.py:137} INFO - [2024-06-22T13:19:59.245+0000] {dag.py:2676} INFO - Sync 1 DAGs
[2024-06-22T13:19:59.290+0000] {logging_mixin.py:137} INFO - [2024-06-22T13:19:59.290+0000] {dag.py:3427} INFO - Setting next_dagrun for example_skip_dag to 2024-06-21T13:19:59.290310+00:00, run_after=2024-06-22T13:19:59.290310+00:00
[2024-06-22T13:19:59.320+0000] {processor.py:175} INFO - Processing /home/airflow/.local/lib/python3.7/site-packages/airflow/example_dags/example_skip_dag.py took 0.160 seconds
[2024-06-22T13:20:29.392+0000] {processor.py:153} INFO - Started process (PID=799) to work on /home/airflow/.local/lib/python3.7/site-packages/airflow/example_dags/example_skip_dag.py
[2024-06-22T13:20:29.394+0000] {processor.py:743} INFO - Processing file /home/airflow/.local/lib/python3.7/site-packages/airflow/example_dags/example_skip_dag.py for tasks to queue
[2024-06-22T13:20:29.396+0000] {logging_mixin.py:137} INFO - [2024-06-22T13:20:29.395+0000] {dagbag.py:538} INFO - Filling up the DagBag from /home/airflow/.local/lib/python3.7/site-packages/airflow/example_dags/example_skip_dag.py
[2024-06-22T13:20:29.417+0000] {processor.py:753} INFO - DAG(s) dict_keys(['example_skip_dag']) retrieved from /home/airflow/.local/lib/python3.7/site-packages/airflow/example_dags/example_skip_dag.py
[2024-06-22T13:20:29.458+0000] {logging_mixin.py:137} INFO - [2024-06-22T13:20:29.458+0000] {dag.py:2676} INFO - Sync 1 DAGs
[2024-06-22T13:20:29.483+0000] {logging_mixin.py:137} INFO - [2024-06-22T13:20:29.482+0000] {dag.py:3427} INFO - Setting next_dagrun for example_skip_dag to 2024-06-21T13:20:29.482589+00:00, run_after=2024-06-22T13:20:29.482589+00:00
[2024-06-22T13:20:29.504+0000] {processor.py:175} INFO - Processing /home/airflow/.local/lib/python3.7/site-packages/airflow/example_dags/example_skip_dag.py took 0.120 seconds
[2024-06-22T13:20:59.787+0000] {processor.py:153} INFO - Started process (PID=841) to work on /home/airflow/.local/lib/python3.7/site-packages/airflow/example_dags/example_skip_dag.py
[2024-06-22T13:20:59.789+0000] {processor.py:743} INFO - Processing file /home/airflow/.local/lib/python3.7/site-packages/airflow/example_dags/example_skip_dag.py for tasks to queue
[2024-06-22T13:20:59.790+0000] {logging_mixin.py:137} INFO - [2024-06-22T13:20:59.790+0000] {dagbag.py:538} INFO - Filling up the DagBag from /home/airflow/.local/lib/python3.7/site-packages/airflow/example_dags/example_skip_dag.py
[2024-06-22T13:20:59.807+0000] {processor.py:753} INFO - DAG(s) dict_keys(['example_skip_dag']) retrieved from /home/airflow/.local/lib/python3.7/site-packages/airflow/example_dags/example_skip_dag.py
[2024-06-22T13:20:59.852+0000] {logging_mixin.py:137} INFO - [2024-06-22T13:20:59.852+0000] {dag.py:2676} INFO - Sync 1 DAGs
[2024-06-22T13:20:59.885+0000] {logging_mixin.py:137} INFO - [2024-06-22T13:20:59.885+0000] {dag.py:3427} INFO - Setting next_dagrun for example_skip_dag to 2024-06-21T13:20:59.885036+00:00, run_after=2024-06-22T13:20:59.885036+00:00
[2024-06-22T13:20:59.914+0000] {processor.py:175} INFO - Processing /home/airflow/.local/lib/python3.7/site-packages/airflow/example_dags/example_skip_dag.py took 0.130 seconds
[2024-06-22T13:21:30.791+0000] {processor.py:153} INFO - Started process (PID=883) to work on /home/airflow/.local/lib/python3.7/site-packages/airflow/example_dags/example_skip_dag.py
[2024-06-22T13:21:30.792+0000] {processor.py:743} INFO - Processing file /home/airflow/.local/lib/python3.7/site-packages/airflow/example_dags/example_skip_dag.py for tasks to queue
[2024-06-22T13:21:30.793+0000] {logging_mixin.py:137} INFO - [2024-06-22T13:21:30.793+0000] {dagbag.py:538} INFO - Filling up the DagBag from /home/airflow/.local/lib/python3.7/site-packages/airflow/example_dags/example_skip_dag.py
[2024-06-22T13:21:30.807+0000] {processor.py:753} INFO - DAG(s) dict_keys(['example_skip_dag']) retrieved from /home/airflow/.local/lib/python3.7/site-packages/airflow/example_dags/example_skip_dag.py
[2024-06-22T13:21:30.850+0000] {logging_mixin.py:137} INFO - [2024-06-22T13:21:30.849+0000] {dag.py:2676} INFO - Sync 1 DAGs
[2024-06-22T13:21:30.880+0000] {logging_mixin.py:137} INFO - [2024-06-22T13:21:30.880+0000] {dag.py:3427} INFO - Setting next_dagrun for example_skip_dag to 2024-06-21T13:21:30.880385+00:00, run_after=2024-06-22T13:21:30.880385+00:00
[2024-06-22T13:21:30.905+0000] {processor.py:175} INFO - Processing /home/airflow/.local/lib/python3.7/site-packages/airflow/example_dags/example_skip_dag.py took 0.118 seconds
[2024-06-22T13:22:01.051+0000] {processor.py:153} INFO - Started process (PID=925) to work on /home/airflow/.local/lib/python3.7/site-packages/airflow/example_dags/example_skip_dag.py
[2024-06-22T13:22:01.052+0000] {processor.py:743} INFO - Processing file /home/airflow/.local/lib/python3.7/site-packages/airflow/example_dags/example_skip_dag.py for tasks to queue
[2024-06-22T13:22:01.053+0000] {logging_mixin.py:137} INFO - [2024-06-22T13:22:01.053+0000] {dagbag.py:538} INFO - Filling up the DagBag from /home/airflow/.local/lib/python3.7/site-packages/airflow/example_dags/example_skip_dag.py
[2024-06-22T13:22:01.066+0000] {processor.py:753} INFO - DAG(s) dict_keys(['example_skip_dag']) retrieved from /home/airflow/.local/lib/python3.7/site-packages/airflow/example_dags/example_skip_dag.py
[2024-06-22T13:22:01.106+0000] {logging_mixin.py:137} INFO - [2024-06-22T13:22:01.106+0000] {dag.py:2676} INFO - Sync 1 DAGs
[2024-06-22T13:22:01.130+0000] {logging_mixin.py:137} INFO - [2024-06-22T13:22:01.130+0000] {dag.py:3427} INFO - Setting next_dagrun for example_skip_dag to 2024-06-21T13:22:01.130361+00:00, run_after=2024-06-22T13:22:01.130361+00:00
[2024-06-22T13:22:01.157+0000] {processor.py:175} INFO - Processing /home/airflow/.local/lib/python3.7/site-packages/airflow/example_dags/example_skip_dag.py took 0.109 seconds
[2024-06-22T13:22:31.304+0000] {processor.py:153} INFO - Started process (PID=967) to work on /home/airflow/.local/lib/python3.7/site-packages/airflow/example_dags/example_skip_dag.py
[2024-06-22T13:22:31.306+0000] {processor.py:743} INFO - Processing file /home/airflow/.local/lib/python3.7/site-packages/airflow/example_dags/example_skip_dag.py for tasks to queue
[2024-06-22T13:22:31.307+0000] {logging_mixin.py:137} INFO - [2024-06-22T13:22:31.307+0000] {dagbag.py:538} INFO - Filling up the DagBag from /home/airflow/.local/lib/python3.7/site-packages/airflow/example_dags/example_skip_dag.py
[2024-06-22T13:22:31.323+0000] {processor.py:753} INFO - DAG(s) dict_keys(['example_skip_dag']) retrieved from /home/airflow/.local/lib/python3.7/site-packages/airflow/example_dags/example_skip_dag.py
[2024-06-22T13:22:31.372+0000] {logging_mixin.py:137} INFO - [2024-06-22T13:22:31.371+0000] {dag.py:2676} INFO - Sync 1 DAGs
[2024-06-22T13:22:31.404+0000] {logging_mixin.py:137} INFO - [2024-06-22T13:22:31.404+0000] {dag.py:3427} INFO - Setting next_dagrun for example_skip_dag to 2024-06-21T13:22:31.404323+00:00, run_after=2024-06-22T13:22:31.404323+00:00
[2024-06-22T13:22:31.431+0000] {processor.py:175} INFO - Processing /home/airflow/.local/lib/python3.7/site-packages/airflow/example_dags/example_skip_dag.py took 0.130 seconds
[2024-06-22T13:23:01.680+0000] {processor.py:153} INFO - Started process (PID=1009) to work on /home/airflow/.local/lib/python3.7/site-packages/airflow/example_dags/example_skip_dag.py
[2024-06-22T13:23:01.681+0000] {processor.py:743} INFO - Processing file /home/airflow/.local/lib/python3.7/site-packages/airflow/example_dags/example_skip_dag.py for tasks to queue
[2024-06-22T13:23:01.682+0000] {logging_mixin.py:137} INFO - [2024-06-22T13:23:01.682+0000] {dagbag.py:538} INFO - Filling up the DagBag from /home/airflow/.local/lib/python3.7/site-packages/airflow/example_dags/example_skip_dag.py
[2024-06-22T13:23:01.696+0000] {processor.py:753} INFO - DAG(s) dict_keys(['example_skip_dag']) retrieved from /home/airflow/.local/lib/python3.7/site-packages/airflow/example_dags/example_skip_dag.py
[2024-06-22T13:23:01.742+0000] {logging_mixin.py:137} INFO - [2024-06-22T13:23:01.742+0000] {dag.py:2676} INFO - Sync 1 DAGs
[2024-06-22T13:23:01.772+0000] {logging_mixin.py:137} INFO - [2024-06-22T13:23:01.772+0000] {dag.py:3427} INFO - Setting next_dagrun for example_skip_dag to 2024-06-21T13:23:01.772303+00:00, run_after=2024-06-22T13:23:01.772303+00:00
[2024-06-22T13:23:01.804+0000] {processor.py:175} INFO - Processing /home/airflow/.local/lib/python3.7/site-packages/airflow/example_dags/example_skip_dag.py took 0.128 seconds
[2024-06-22T13:23:31.982+0000] {processor.py:153} INFO - Started process (PID=1051) to work on /home/airflow/.local/lib/python3.7/site-packages/airflow/example_dags/example_skip_dag.py
[2024-06-22T13:23:31.984+0000] {processor.py:743} INFO - Processing file /home/airflow/.local/lib/python3.7/site-packages/airflow/example_dags/example_skip_dag.py for tasks to queue
[2024-06-22T13:23:31.985+0000] {logging_mixin.py:137} INFO - [2024-06-22T13:23:31.985+0000] {dagbag.py:538} INFO - Filling up the DagBag from /home/airflow/.local/lib/python3.7/site-packages/airflow/example_dags/example_skip_dag.py
[2024-06-22T13:23:32.003+0000] {processor.py:753} INFO - DAG(s) dict_keys(['example_skip_dag']) retrieved from /home/airflow/.local/lib/python3.7/site-packages/airflow/example_dags/example_skip_dag.py
[2024-06-22T13:23:32.047+0000] {logging_mixin.py:137} INFO - [2024-06-22T13:23:32.046+0000] {dag.py:2676} INFO - Sync 1 DAGs
[2024-06-22T13:23:32.072+0000] {logging_mixin.py:137} INFO - [2024-06-22T13:23:32.072+0000] {dag.py:3427} INFO - Setting next_dagrun for example_skip_dag to 2024-06-21T13:23:32.072537+00:00, run_after=2024-06-22T13:23:32.072537+00:00
[2024-06-22T13:23:32.097+0000] {processor.py:175} INFO - Processing /home/airflow/.local/lib/python3.7/site-packages/airflow/example_dags/example_skip_dag.py took 0.119 seconds
[2024-06-22T13:24:02.625+0000] {processor.py:153} INFO - Started process (PID=1093) to work on /home/airflow/.local/lib/python3.7/site-packages/airflow/example_dags/example_skip_dag.py
[2024-06-22T13:24:02.626+0000] {processor.py:743} INFO - Processing file /home/airflow/.local/lib/python3.7/site-packages/airflow/example_dags/example_skip_dag.py for tasks to queue
[2024-06-22T13:24:02.627+0000] {logging_mixin.py:137} INFO - [2024-06-22T13:24:02.627+0000] {dagbag.py:538} INFO - Filling up the DagBag from /home/airflow/.local/lib/python3.7/site-packages/airflow/example_dags/example_skip_dag.py
[2024-06-22T13:24:02.647+0000] {processor.py:753} INFO - DAG(s) dict_keys(['example_skip_dag']) retrieved from /home/airflow/.local/lib/python3.7/site-packages/airflow/example_dags/example_skip_dag.py
[2024-06-22T13:24:02.719+0000] {logging_mixin.py:137} INFO - [2024-06-22T13:24:02.719+0000] {dag.py:2676} INFO - Sync 1 DAGs
[2024-06-22T13:24:02.770+0000] {logging_mixin.py:137} INFO - [2024-06-22T13:24:02.770+0000] {dag.py:3427} INFO - Setting next_dagrun for example_skip_dag to 2024-06-21T13:24:02.769947+00:00, run_after=2024-06-22T13:24:02.769947+00:00
[2024-06-22T13:24:02.811+0000] {processor.py:175} INFO - Processing /home/airflow/.local/lib/python3.7/site-packages/airflow/example_dags/example_skip_dag.py took 0.190 seconds
[2024-06-22T13:24:32.957+0000] {processor.py:153} INFO - Started process (PID=1132) to work on /home/airflow/.local/lib/python3.7/site-packages/airflow/example_dags/example_skip_dag.py
[2024-06-22T13:24:32.958+0000] {processor.py:743} INFO - Processing file /home/airflow/.local/lib/python3.7/site-packages/airflow/example_dags/example_skip_dag.py for tasks to queue
[2024-06-22T13:24:32.959+0000] {logging_mixin.py:137} INFO - [2024-06-22T13:24:32.959+0000] {dagbag.py:538} INFO - Filling up the DagBag from /home/airflow/.local/lib/python3.7/site-packages/airflow/example_dags/example_skip_dag.py
[2024-06-22T13:24:32.975+0000] {processor.py:753} INFO - DAG(s) dict_keys(['example_skip_dag']) retrieved from /home/airflow/.local/lib/python3.7/site-packages/airflow/example_dags/example_skip_dag.py
[2024-06-22T13:24:33.026+0000] {logging_mixin.py:137} INFO - [2024-06-22T13:24:33.026+0000] {dag.py:2676} INFO - Sync 1 DAGs
[2024-06-22T13:24:33.058+0000] {logging_mixin.py:137} INFO - [2024-06-22T13:24:33.057+0000] {dag.py:3427} INFO - Setting next_dagrun for example_skip_dag to 2024-06-21T13:24:33.057726+00:00, run_after=2024-06-22T13:24:33.057726+00:00
[2024-06-22T13:24:33.086+0000] {processor.py:175} INFO - Processing /home/airflow/.local/lib/python3.7/site-packages/airflow/example_dags/example_skip_dag.py took 0.131 seconds
[2024-06-22T13:25:03.275+0000] {processor.py:153} INFO - Started process (PID=1171) to work on /home/airflow/.local/lib/python3.7/site-packages/airflow/example_dags/example_skip_dag.py
[2024-06-22T13:25:03.276+0000] {processor.py:743} INFO - Processing file /home/airflow/.local/lib/python3.7/site-packages/airflow/example_dags/example_skip_dag.py for tasks to queue
[2024-06-22T13:25:03.277+0000] {logging_mixin.py:137} INFO - [2024-06-22T13:25:03.277+0000] {dagbag.py:538} INFO - Filling up the DagBag from /home/airflow/.local/lib/python3.7/site-packages/airflow/example_dags/example_skip_dag.py
[2024-06-22T13:25:03.292+0000] {processor.py:753} INFO - DAG(s) dict_keys(['example_skip_dag']) retrieved from /home/airflow/.local/lib/python3.7/site-packages/airflow/example_dags/example_skip_dag.py
[2024-06-22T13:25:03.337+0000] {logging_mixin.py:137} INFO - [2024-06-22T13:25:03.337+0000] {dag.py:2676} INFO - Sync 1 DAGs
[2024-06-22T13:25:03.365+0000] {logging_mixin.py:137} INFO - [2024-06-22T13:25:03.365+0000] {dag.py:3427} INFO - Setting next_dagrun for example_skip_dag to 2024-06-21T13:25:03.365382+00:00, run_after=2024-06-22T13:25:03.365382+00:00
[2024-06-22T13:25:03.391+0000] {processor.py:175} INFO - Processing /home/airflow/.local/lib/python3.7/site-packages/airflow/example_dags/example_skip_dag.py took 0.120 seconds
[2024-06-22T13:25:33.640+0000] {processor.py:153} INFO - Started process (PID=1210) to work on /home/airflow/.local/lib/python3.7/site-packages/airflow/example_dags/example_skip_dag.py
[2024-06-22T13:25:33.642+0000] {processor.py:743} INFO - Processing file /home/airflow/.local/lib/python3.7/site-packages/airflow/example_dags/example_skip_dag.py for tasks to queue
[2024-06-22T13:25:33.643+0000] {logging_mixin.py:137} INFO - [2024-06-22T13:25:33.643+0000] {dagbag.py:538} INFO - Filling up the DagBag from /home/airflow/.local/lib/python3.7/site-packages/airflow/example_dags/example_skip_dag.py
[2024-06-22T13:25:33.664+0000] {processor.py:753} INFO - DAG(s) dict_keys(['example_skip_dag']) retrieved from /home/airflow/.local/lib/python3.7/site-packages/airflow/example_dags/example_skip_dag.py
[2024-06-22T13:25:33.707+0000] {logging_mixin.py:137} INFO - [2024-06-22T13:25:33.707+0000] {dag.py:2676} INFO - Sync 1 DAGs
[2024-06-22T13:25:33.743+0000] {logging_mixin.py:137} INFO - [2024-06-22T13:25:33.743+0000] {dag.py:3427} INFO - Setting next_dagrun for example_skip_dag to 2024-06-21T13:25:33.743038+00:00, run_after=2024-06-22T13:25:33.743038+00:00
[2024-06-22T13:25:33.774+0000] {processor.py:175} INFO - Processing /home/airflow/.local/lib/python3.7/site-packages/airflow/example_dags/example_skip_dag.py took 0.137 seconds
