[2024-06-22T13:11:21.953+0000] {processor.py:153} INFO - Started process (PID=66) to work on /home/airflow/.local/lib/python3.7/site-packages/airflow/example_dags/example_dag_decorator.py
[2024-06-22T13:11:21.955+0000] {processor.py:743} INFO - Processing file /home/airflow/.local/lib/python3.7/site-packages/airflow/example_dags/example_dag_decorator.py for tasks to queue
[2024-06-22T13:11:21.956+0000] {logging_mixin.py:137} INFO - [2024-06-22T13:11:21.956+0000] {dagbag.py:538} INFO - Filling up the DagBag from /home/airflow/.local/lib/python3.7/site-packages/airflow/example_dags/example_dag_decorator.py
[2024-06-22T13:11:21.999+0000] {logging_mixin.py:137} INFO - [2024-06-22T13:11:21.999+0000] {taskmixin.py:205} WARNING - Dependency <Task(_PythonDecoratedOperator): prepare_email>, send_email already registered for DAG: example_dag_decorator
[2024-06-22T13:11:22.001+0000] {logging_mixin.py:137} INFO - [2024-06-22T13:11:22.000+0000] {taskmixin.py:205} WARNING - Dependency <Task(EmailOperator): send_email>, prepare_email already registered for DAG: example_dag_decorator
[2024-06-22T13:11:22.019+0000] {processor.py:753} INFO - DAG(s) dict_keys(['example_dag_decorator']) retrieved from /home/airflow/.local/lib/python3.7/site-packages/airflow/example_dags/example_dag_decorator.py
[2024-06-22T13:11:22.167+0000] {logging_mixin.py:137} INFO - [2024-06-22T13:11:22.167+0000] {dag.py:2676} INFO - Sync 1 DAGs
[2024-06-22T13:11:22.207+0000] {logging_mixin.py:137} INFO - [2024-06-22T13:11:22.207+0000] {dag.py:3427} INFO - Setting next_dagrun for example_dag_decorator to None, run_after=None
[2024-06-22T13:11:22.269+0000] {processor.py:175} INFO - Processing /home/airflow/.local/lib/python3.7/site-packages/airflow/example_dags/example_dag_decorator.py took 0.322 seconds
[2024-06-22T13:11:52.875+0000] {processor.py:153} INFO - Started process (PID=108) to work on /home/airflow/.local/lib/python3.7/site-packages/airflow/example_dags/example_dag_decorator.py
[2024-06-22T13:11:52.876+0000] {processor.py:743} INFO - Processing file /home/airflow/.local/lib/python3.7/site-packages/airflow/example_dags/example_dag_decorator.py for tasks to queue
[2024-06-22T13:11:52.877+0000] {logging_mixin.py:137} INFO - [2024-06-22T13:11:52.877+0000] {dagbag.py:538} INFO - Filling up the DagBag from /home/airflow/.local/lib/python3.7/site-packages/airflow/example_dags/example_dag_decorator.py
[2024-06-22T13:11:52.907+0000] {logging_mixin.py:137} INFO - [2024-06-22T13:11:52.907+0000] {taskmixin.py:205} WARNING - Dependency <Task(_PythonDecoratedOperator): prepare_email>, send_email already registered for DAG: example_dag_decorator
[2024-06-22T13:11:52.908+0000] {logging_mixin.py:137} INFO - [2024-06-22T13:11:52.908+0000] {taskmixin.py:205} WARNING - Dependency <Task(EmailOperator): send_email>, prepare_email already registered for DAG: example_dag_decorator
[2024-06-22T13:11:52.926+0000] {processor.py:753} INFO - DAG(s) dict_keys(['example_dag_decorator']) retrieved from /home/airflow/.local/lib/python3.7/site-packages/airflow/example_dags/example_dag_decorator.py
[2024-06-22T13:11:52.966+0000] {logging_mixin.py:137} INFO - [2024-06-22T13:11:52.966+0000] {dag.py:2676} INFO - Sync 1 DAGs
[2024-06-22T13:11:53.024+0000] {logging_mixin.py:137} INFO - [2024-06-22T13:11:53.023+0000] {dag.py:3427} INFO - Setting next_dagrun for example_dag_decorator to None, run_after=None
[2024-06-22T13:11:53.056+0000] {processor.py:175} INFO - Processing /home/airflow/.local/lib/python3.7/site-packages/airflow/example_dags/example_dag_decorator.py took 0.186 seconds
[2024-06-22T13:12:23.658+0000] {processor.py:153} INFO - Started process (PID=150) to work on /home/airflow/.local/lib/python3.7/site-packages/airflow/example_dags/example_dag_decorator.py
[2024-06-22T13:12:23.659+0000] {processor.py:743} INFO - Processing file /home/airflow/.local/lib/python3.7/site-packages/airflow/example_dags/example_dag_decorator.py for tasks to queue
[2024-06-22T13:12:23.660+0000] {logging_mixin.py:137} INFO - [2024-06-22T13:12:23.660+0000] {dagbag.py:538} INFO - Filling up the DagBag from /home/airflow/.local/lib/python3.7/site-packages/airflow/example_dags/example_dag_decorator.py
[2024-06-22T13:12:23.689+0000] {logging_mixin.py:137} INFO - [2024-06-22T13:12:23.689+0000] {taskmixin.py:205} WARNING - Dependency <Task(_PythonDecoratedOperator): prepare_email>, send_email already registered for DAG: example_dag_decorator
[2024-06-22T13:12:23.690+0000] {logging_mixin.py:137} INFO - [2024-06-22T13:12:23.689+0000] {taskmixin.py:205} WARNING - Dependency <Task(EmailOperator): send_email>, prepare_email already registered for DAG: example_dag_decorator
[2024-06-22T13:12:23.712+0000] {processor.py:753} INFO - DAG(s) dict_keys(['example_dag_decorator']) retrieved from /home/airflow/.local/lib/python3.7/site-packages/airflow/example_dags/example_dag_decorator.py
[2024-06-22T13:12:23.824+0000] {logging_mixin.py:137} INFO - [2024-06-22T13:12:23.823+0000] {dag.py:2676} INFO - Sync 1 DAGs
[2024-06-22T13:12:23.850+0000] {logging_mixin.py:137} INFO - [2024-06-22T13:12:23.850+0000] {dag.py:3427} INFO - Setting next_dagrun for example_dag_decorator to None, run_after=None
[2024-06-22T13:12:23.875+0000] {processor.py:175} INFO - Processing /home/airflow/.local/lib/python3.7/site-packages/airflow/example_dags/example_dag_decorator.py took 0.221 seconds
[2024-06-22T13:12:54.413+0000] {processor.py:153} INFO - Started process (PID=192) to work on /home/airflow/.local/lib/python3.7/site-packages/airflow/example_dags/example_dag_decorator.py
[2024-06-22T13:12:54.415+0000] {processor.py:743} INFO - Processing file /home/airflow/.local/lib/python3.7/site-packages/airflow/example_dags/example_dag_decorator.py for tasks to queue
[2024-06-22T13:12:54.416+0000] {logging_mixin.py:137} INFO - [2024-06-22T13:12:54.416+0000] {dagbag.py:538} INFO - Filling up the DagBag from /home/airflow/.local/lib/python3.7/site-packages/airflow/example_dags/example_dag_decorator.py
[2024-06-22T13:12:54.439+0000] {logging_mixin.py:137} INFO - [2024-06-22T13:12:54.439+0000] {taskmixin.py:205} WARNING - Dependency <Task(_PythonDecoratedOperator): prepare_email>, send_email already registered for DAG: example_dag_decorator
[2024-06-22T13:12:54.440+0000] {logging_mixin.py:137} INFO - [2024-06-22T13:12:54.439+0000] {taskmixin.py:205} WARNING - Dependency <Task(EmailOperator): send_email>, prepare_email already registered for DAG: example_dag_decorator
[2024-06-22T13:12:54.452+0000] {processor.py:753} INFO - DAG(s) dict_keys(['example_dag_decorator']) retrieved from /home/airflow/.local/lib/python3.7/site-packages/airflow/example_dags/example_dag_decorator.py
[2024-06-22T13:12:54.533+0000] {logging_mixin.py:137} INFO - [2024-06-22T13:12:54.533+0000] {dag.py:2676} INFO - Sync 1 DAGs
[2024-06-22T13:12:54.561+0000] {logging_mixin.py:137} INFO - [2024-06-22T13:12:54.560+0000] {dag.py:3427} INFO - Setting next_dagrun for example_dag_decorator to None, run_after=None
[2024-06-22T13:12:54.590+0000] {processor.py:175} INFO - Processing /home/airflow/.local/lib/python3.7/site-packages/airflow/example_dags/example_dag_decorator.py took 0.182 seconds
[2024-06-22T13:13:25.223+0000] {processor.py:153} INFO - Started process (PID=235) to work on /home/airflow/.local/lib/python3.7/site-packages/airflow/example_dags/example_dag_decorator.py
[2024-06-22T13:13:25.224+0000] {processor.py:743} INFO - Processing file /home/airflow/.local/lib/python3.7/site-packages/airflow/example_dags/example_dag_decorator.py for tasks to queue
[2024-06-22T13:13:25.225+0000] {logging_mixin.py:137} INFO - [2024-06-22T13:13:25.225+0000] {dagbag.py:538} INFO - Filling up the DagBag from /home/airflow/.local/lib/python3.7/site-packages/airflow/example_dags/example_dag_decorator.py
[2024-06-22T13:13:25.242+0000] {logging_mixin.py:137} INFO - [2024-06-22T13:13:25.242+0000] {taskmixin.py:205} WARNING - Dependency <Task(_PythonDecoratedOperator): prepare_email>, send_email already registered for DAG: example_dag_decorator
[2024-06-22T13:13:25.243+0000] {logging_mixin.py:137} INFO - [2024-06-22T13:13:25.243+0000] {taskmixin.py:205} WARNING - Dependency <Task(EmailOperator): send_email>, prepare_email already registered for DAG: example_dag_decorator
[2024-06-22T13:13:25.255+0000] {processor.py:753} INFO - DAG(s) dict_keys(['example_dag_decorator']) retrieved from /home/airflow/.local/lib/python3.7/site-packages/airflow/example_dags/example_dag_decorator.py
[2024-06-22T13:13:25.334+0000] {logging_mixin.py:137} INFO - [2024-06-22T13:13:25.333+0000] {dag.py:2676} INFO - Sync 1 DAGs
[2024-06-22T13:13:25.356+0000] {logging_mixin.py:137} INFO - [2024-06-22T13:13:25.356+0000] {dag.py:3427} INFO - Setting next_dagrun for example_dag_decorator to None, run_after=None
[2024-06-22T13:13:25.384+0000] {processor.py:175} INFO - Processing /home/airflow/.local/lib/python3.7/site-packages/airflow/example_dags/example_dag_decorator.py took 0.164 seconds
[2024-06-22T13:13:56.732+0000] {processor.py:153} INFO - Started process (PID=276) to work on /home/airflow/.local/lib/python3.7/site-packages/airflow/example_dags/example_dag_decorator.py
[2024-06-22T13:13:56.734+0000] {processor.py:743} INFO - Processing file /home/airflow/.local/lib/python3.7/site-packages/airflow/example_dags/example_dag_decorator.py for tasks to queue
[2024-06-22T13:13:56.734+0000] {logging_mixin.py:137} INFO - [2024-06-22T13:13:56.734+0000] {dagbag.py:538} INFO - Filling up the DagBag from /home/airflow/.local/lib/python3.7/site-packages/airflow/example_dags/example_dag_decorator.py
[2024-06-22T13:13:56.752+0000] {logging_mixin.py:137} INFO - [2024-06-22T13:13:56.752+0000] {taskmixin.py:205} WARNING - Dependency <Task(_PythonDecoratedOperator): prepare_email>, send_email already registered for DAG: example_dag_decorator
[2024-06-22T13:13:56.753+0000] {logging_mixin.py:137} INFO - [2024-06-22T13:13:56.753+0000] {taskmixin.py:205} WARNING - Dependency <Task(EmailOperator): send_email>, prepare_email already registered for DAG: example_dag_decorator
[2024-06-22T13:13:56.765+0000] {processor.py:753} INFO - DAG(s) dict_keys(['example_dag_decorator']) retrieved from /home/airflow/.local/lib/python3.7/site-packages/airflow/example_dags/example_dag_decorator.py
[2024-06-22T13:13:56.855+0000] {logging_mixin.py:137} INFO - [2024-06-22T13:13:56.855+0000] {dag.py:2676} INFO - Sync 1 DAGs
[2024-06-22T13:13:56.884+0000] {logging_mixin.py:137} INFO - [2024-06-22T13:13:56.884+0000] {dag.py:3427} INFO - Setting next_dagrun for example_dag_decorator to None, run_after=None
[2024-06-22T13:13:56.912+0000] {processor.py:175} INFO - Processing /home/airflow/.local/lib/python3.7/site-packages/airflow/example_dags/example_dag_decorator.py took 0.182 seconds
[2024-06-22T13:14:27.483+0000] {processor.py:153} INFO - Started process (PID=318) to work on /home/airflow/.local/lib/python3.7/site-packages/airflow/example_dags/example_dag_decorator.py
[2024-06-22T13:14:27.484+0000] {processor.py:743} INFO - Processing file /home/airflow/.local/lib/python3.7/site-packages/airflow/example_dags/example_dag_decorator.py for tasks to queue
[2024-06-22T13:14:27.486+0000] {logging_mixin.py:137} INFO - [2024-06-22T13:14:27.485+0000] {dagbag.py:538} INFO - Filling up the DagBag from /home/airflow/.local/lib/python3.7/site-packages/airflow/example_dags/example_dag_decorator.py
[2024-06-22T13:14:27.510+0000] {logging_mixin.py:137} INFO - [2024-06-22T13:14:27.510+0000] {taskmixin.py:205} WARNING - Dependency <Task(_PythonDecoratedOperator): prepare_email>, send_email already registered for DAG: example_dag_decorator
[2024-06-22T13:14:27.511+0000] {logging_mixin.py:137} INFO - [2024-06-22T13:14:27.511+0000] {taskmixin.py:205} WARNING - Dependency <Task(EmailOperator): send_email>, prepare_email already registered for DAG: example_dag_decorator
[2024-06-22T13:14:27.523+0000] {processor.py:753} INFO - DAG(s) dict_keys(['example_dag_decorator']) retrieved from /home/airflow/.local/lib/python3.7/site-packages/airflow/example_dags/example_dag_decorator.py
[2024-06-22T13:14:27.655+0000] {logging_mixin.py:137} INFO - [2024-06-22T13:14:27.655+0000] {dag.py:2676} INFO - Sync 1 DAGs
[2024-06-22T13:14:27.683+0000] {logging_mixin.py:137} INFO - [2024-06-22T13:14:27.683+0000] {dag.py:3427} INFO - Setting next_dagrun for example_dag_decorator to None, run_after=None
[2024-06-22T13:14:27.708+0000] {processor.py:175} INFO - Processing /home/airflow/.local/lib/python3.7/site-packages/airflow/example_dags/example_dag_decorator.py took 0.228 seconds
[2024-06-22T13:14:58.201+0000] {processor.py:153} INFO - Started process (PID=359) to work on /home/airflow/.local/lib/python3.7/site-packages/airflow/example_dags/example_dag_decorator.py
[2024-06-22T13:14:58.203+0000] {processor.py:743} INFO - Processing file /home/airflow/.local/lib/python3.7/site-packages/airflow/example_dags/example_dag_decorator.py for tasks to queue
[2024-06-22T13:14:58.204+0000] {logging_mixin.py:137} INFO - [2024-06-22T13:14:58.203+0000] {dagbag.py:538} INFO - Filling up the DagBag from /home/airflow/.local/lib/python3.7/site-packages/airflow/example_dags/example_dag_decorator.py
[2024-06-22T13:14:58.226+0000] {logging_mixin.py:137} INFO - [2024-06-22T13:14:58.226+0000] {taskmixin.py:205} WARNING - Dependency <Task(_PythonDecoratedOperator): prepare_email>, send_email already registered for DAG: example_dag_decorator
[2024-06-22T13:14:58.227+0000] {logging_mixin.py:137} INFO - [2024-06-22T13:14:58.227+0000] {taskmixin.py:205} WARNING - Dependency <Task(EmailOperator): send_email>, prepare_email already registered for DAG: example_dag_decorator
[2024-06-22T13:14:58.242+0000] {processor.py:753} INFO - DAG(s) dict_keys(['example_dag_decorator']) retrieved from /home/airflow/.local/lib/python3.7/site-packages/airflow/example_dags/example_dag_decorator.py
[2024-06-22T13:14:58.358+0000] {logging_mixin.py:137} INFO - [2024-06-22T13:14:58.358+0000] {dag.py:2676} INFO - Sync 1 DAGs
[2024-06-22T13:14:58.391+0000] {logging_mixin.py:137} INFO - [2024-06-22T13:14:58.391+0000] {dag.py:3427} INFO - Setting next_dagrun for example_dag_decorator to None, run_after=None
[2024-06-22T13:14:58.421+0000] {processor.py:175} INFO - Processing /home/airflow/.local/lib/python3.7/site-packages/airflow/example_dags/example_dag_decorator.py took 0.223 seconds
[2024-06-22T13:15:28.489+0000] {processor.py:153} INFO - Started process (PID=399) to work on /home/airflow/.local/lib/python3.7/site-packages/airflow/example_dags/example_dag_decorator.py
[2024-06-22T13:15:28.490+0000] {processor.py:743} INFO - Processing file /home/airflow/.local/lib/python3.7/site-packages/airflow/example_dags/example_dag_decorator.py for tasks to queue
[2024-06-22T13:15:28.491+0000] {logging_mixin.py:137} INFO - [2024-06-22T13:15:28.491+0000] {dagbag.py:538} INFO - Filling up the DagBag from /home/airflow/.local/lib/python3.7/site-packages/airflow/example_dags/example_dag_decorator.py
[2024-06-22T13:15:28.507+0000] {logging_mixin.py:137} INFO - [2024-06-22T13:15:28.507+0000] {taskmixin.py:205} WARNING - Dependency <Task(_PythonDecoratedOperator): prepare_email>, send_email already registered for DAG: example_dag_decorator
[2024-06-22T13:15:28.508+0000] {logging_mixin.py:137} INFO - [2024-06-22T13:15:28.508+0000] {taskmixin.py:205} WARNING - Dependency <Task(EmailOperator): send_email>, prepare_email already registered for DAG: example_dag_decorator
[2024-06-22T13:15:28.520+0000] {processor.py:753} INFO - DAG(s) dict_keys(['example_dag_decorator']) retrieved from /home/airflow/.local/lib/python3.7/site-packages/airflow/example_dags/example_dag_decorator.py
[2024-06-22T13:15:28.609+0000] {logging_mixin.py:137} INFO - [2024-06-22T13:15:28.609+0000] {dag.py:2676} INFO - Sync 1 DAGs
[2024-06-22T13:15:28.636+0000] {logging_mixin.py:137} INFO - [2024-06-22T13:15:28.636+0000] {dag.py:3427} INFO - Setting next_dagrun for example_dag_decorator to None, run_after=None
[2024-06-22T13:15:28.659+0000] {processor.py:175} INFO - Processing /home/airflow/.local/lib/python3.7/site-packages/airflow/example_dags/example_dag_decorator.py took 0.173 seconds
[2024-06-22T13:15:58.809+0000] {processor.py:153} INFO - Started process (PID=441) to work on /home/airflow/.local/lib/python3.7/site-packages/airflow/example_dags/example_dag_decorator.py
[2024-06-22T13:15:58.810+0000] {processor.py:743} INFO - Processing file /home/airflow/.local/lib/python3.7/site-packages/airflow/example_dags/example_dag_decorator.py for tasks to queue
[2024-06-22T13:15:58.811+0000] {logging_mixin.py:137} INFO - [2024-06-22T13:15:58.811+0000] {dagbag.py:538} INFO - Filling up the DagBag from /home/airflow/.local/lib/python3.7/site-packages/airflow/example_dags/example_dag_decorator.py
[2024-06-22T13:15:58.830+0000] {logging_mixin.py:137} INFO - [2024-06-22T13:15:58.830+0000] {taskmixin.py:205} WARNING - Dependency <Task(_PythonDecoratedOperator): prepare_email>, send_email already registered for DAG: example_dag_decorator
[2024-06-22T13:15:58.830+0000] {logging_mixin.py:137} INFO - [2024-06-22T13:15:58.830+0000] {taskmixin.py:205} WARNING - Dependency <Task(EmailOperator): send_email>, prepare_email already registered for DAG: example_dag_decorator
[2024-06-22T13:15:58.844+0000] {processor.py:753} INFO - DAG(s) dict_keys(['example_dag_decorator']) retrieved from /home/airflow/.local/lib/python3.7/site-packages/airflow/example_dags/example_dag_decorator.py
[2024-06-22T13:15:58.941+0000] {logging_mixin.py:137} INFO - [2024-06-22T13:15:58.941+0000] {dag.py:2676} INFO - Sync 1 DAGs
[2024-06-22T13:15:58.968+0000] {logging_mixin.py:137} INFO - [2024-06-22T13:15:58.968+0000] {dag.py:3427} INFO - Setting next_dagrun for example_dag_decorator to None, run_after=None
[2024-06-22T13:15:58.992+0000] {processor.py:175} INFO - Processing /home/airflow/.local/lib/python3.7/site-packages/airflow/example_dags/example_dag_decorator.py took 0.187 seconds
[2024-06-22T13:16:29.858+0000] {processor.py:153} INFO - Started process (PID=483) to work on /home/airflow/.local/lib/python3.7/site-packages/airflow/example_dags/example_dag_decorator.py
[2024-06-22T13:16:29.859+0000] {processor.py:743} INFO - Processing file /home/airflow/.local/lib/python3.7/site-packages/airflow/example_dags/example_dag_decorator.py for tasks to queue
[2024-06-22T13:16:29.860+0000] {logging_mixin.py:137} INFO - [2024-06-22T13:16:29.859+0000] {dagbag.py:538} INFO - Filling up the DagBag from /home/airflow/.local/lib/python3.7/site-packages/airflow/example_dags/example_dag_decorator.py
[2024-06-22T13:16:29.881+0000] {logging_mixin.py:137} INFO - [2024-06-22T13:16:29.881+0000] {taskmixin.py:205} WARNING - Dependency <Task(_PythonDecoratedOperator): prepare_email>, send_email already registered for DAG: example_dag_decorator
[2024-06-22T13:16:29.882+0000] {logging_mixin.py:137} INFO - [2024-06-22T13:16:29.882+0000] {taskmixin.py:205} WARNING - Dependency <Task(EmailOperator): send_email>, prepare_email already registered for DAG: example_dag_decorator
[2024-06-22T13:16:29.900+0000] {processor.py:753} INFO - DAG(s) dict_keys(['example_dag_decorator']) retrieved from /home/airflow/.local/lib/python3.7/site-packages/airflow/example_dags/example_dag_decorator.py
[2024-06-22T13:16:29.996+0000] {logging_mixin.py:137} INFO - [2024-06-22T13:16:29.996+0000] {dag.py:2676} INFO - Sync 1 DAGs
[2024-06-22T13:16:30.026+0000] {logging_mixin.py:137} INFO - [2024-06-22T13:16:30.026+0000] {dag.py:3427} INFO - Setting next_dagrun for example_dag_decorator to None, run_after=None
[2024-06-22T13:16:30.050+0000] {processor.py:175} INFO - Processing /home/airflow/.local/lib/python3.7/site-packages/airflow/example_dags/example_dag_decorator.py took 0.195 seconds
[2024-06-22T13:17:00.343+0000] {processor.py:153} INFO - Started process (PID=525) to work on /home/airflow/.local/lib/python3.7/site-packages/airflow/example_dags/example_dag_decorator.py
[2024-06-22T13:17:00.345+0000] {processor.py:743} INFO - Processing file /home/airflow/.local/lib/python3.7/site-packages/airflow/example_dags/example_dag_decorator.py for tasks to queue
[2024-06-22T13:17:00.346+0000] {logging_mixin.py:137} INFO - [2024-06-22T13:17:00.346+0000] {dagbag.py:538} INFO - Filling up the DagBag from /home/airflow/.local/lib/python3.7/site-packages/airflow/example_dags/example_dag_decorator.py
[2024-06-22T13:17:00.390+0000] {logging_mixin.py:137} INFO - [2024-06-22T13:17:00.389+0000] {taskmixin.py:205} WARNING - Dependency <Task(_PythonDecoratedOperator): prepare_email>, send_email already registered for DAG: example_dag_decorator
[2024-06-22T13:17:00.390+0000] {logging_mixin.py:137} INFO - [2024-06-22T13:17:00.390+0000] {taskmixin.py:205} WARNING - Dependency <Task(EmailOperator): send_email>, prepare_email already registered for DAG: example_dag_decorator
[2024-06-22T13:17:00.408+0000] {processor.py:753} INFO - DAG(s) dict_keys(['example_dag_decorator']) retrieved from /home/airflow/.local/lib/python3.7/site-packages/airflow/example_dags/example_dag_decorator.py
[2024-06-22T13:17:00.523+0000] {logging_mixin.py:137} INFO - [2024-06-22T13:17:00.523+0000] {dag.py:2676} INFO - Sync 1 DAGs
[2024-06-22T13:17:00.546+0000] {logging_mixin.py:137} INFO - [2024-06-22T13:17:00.546+0000] {dag.py:3427} INFO - Setting next_dagrun for example_dag_decorator to None, run_after=None
[2024-06-22T13:17:00.569+0000] {processor.py:175} INFO - Processing /home/airflow/.local/lib/python3.7/site-packages/airflow/example_dags/example_dag_decorator.py took 0.234 seconds
[2024-06-22T13:17:31.139+0000] {processor.py:153} INFO - Started process (PID=567) to work on /home/airflow/.local/lib/python3.7/site-packages/airflow/example_dags/example_dag_decorator.py
[2024-06-22T13:17:31.140+0000] {processor.py:743} INFO - Processing file /home/airflow/.local/lib/python3.7/site-packages/airflow/example_dags/example_dag_decorator.py for tasks to queue
[2024-06-22T13:17:31.141+0000] {logging_mixin.py:137} INFO - [2024-06-22T13:17:31.141+0000] {dagbag.py:538} INFO - Filling up the DagBag from /home/airflow/.local/lib/python3.7/site-packages/airflow/example_dags/example_dag_decorator.py
[2024-06-22T13:17:31.167+0000] {logging_mixin.py:137} INFO - [2024-06-22T13:17:31.166+0000] {taskmixin.py:205} WARNING - Dependency <Task(_PythonDecoratedOperator): prepare_email>, send_email already registered for DAG: example_dag_decorator
[2024-06-22T13:17:31.168+0000] {logging_mixin.py:137} INFO - [2024-06-22T13:17:31.168+0000] {taskmixin.py:205} WARNING - Dependency <Task(EmailOperator): send_email>, prepare_email already registered for DAG: example_dag_decorator
[2024-06-22T13:17:31.183+0000] {processor.py:753} INFO - DAG(s) dict_keys(['example_dag_decorator']) retrieved from /home/airflow/.local/lib/python3.7/site-packages/airflow/example_dags/example_dag_decorator.py
[2024-06-22T13:17:31.288+0000] {logging_mixin.py:137} INFO - [2024-06-22T13:17:31.287+0000] {dag.py:2676} INFO - Sync 1 DAGs
[2024-06-22T13:17:31.340+0000] {logging_mixin.py:137} INFO - [2024-06-22T13:17:31.339+0000] {dag.py:3427} INFO - Setting next_dagrun for example_dag_decorator to None, run_after=None
[2024-06-22T13:17:31.372+0000] {processor.py:175} INFO - Processing /home/airflow/.local/lib/python3.7/site-packages/airflow/example_dags/example_dag_decorator.py took 0.237 seconds
[2024-06-22T13:18:01.530+0000] {processor.py:153} INFO - Started process (PID=609) to work on /home/airflow/.local/lib/python3.7/site-packages/airflow/example_dags/example_dag_decorator.py
[2024-06-22T13:18:01.532+0000] {processor.py:743} INFO - Processing file /home/airflow/.local/lib/python3.7/site-packages/airflow/example_dags/example_dag_decorator.py for tasks to queue
[2024-06-22T13:18:01.533+0000] {logging_mixin.py:137} INFO - [2024-06-22T13:18:01.533+0000] {dagbag.py:538} INFO - Filling up the DagBag from /home/airflow/.local/lib/python3.7/site-packages/airflow/example_dags/example_dag_decorator.py
[2024-06-22T13:18:01.553+0000] {logging_mixin.py:137} INFO - [2024-06-22T13:18:01.553+0000] {taskmixin.py:205} WARNING - Dependency <Task(_PythonDecoratedOperator): prepare_email>, send_email already registered for DAG: example_dag_decorator
[2024-06-22T13:18:01.554+0000] {logging_mixin.py:137} INFO - [2024-06-22T13:18:01.554+0000] {taskmixin.py:205} WARNING - Dependency <Task(EmailOperator): send_email>, prepare_email already registered for DAG: example_dag_decorator
[2024-06-22T13:18:01.568+0000] {processor.py:753} INFO - DAG(s) dict_keys(['example_dag_decorator']) retrieved from /home/airflow/.local/lib/python3.7/site-packages/airflow/example_dags/example_dag_decorator.py
[2024-06-22T13:18:01.661+0000] {logging_mixin.py:137} INFO - [2024-06-22T13:18:01.661+0000] {dag.py:2676} INFO - Sync 1 DAGs
[2024-06-22T13:18:01.690+0000] {logging_mixin.py:137} INFO - [2024-06-22T13:18:01.689+0000] {dag.py:3427} INFO - Setting next_dagrun for example_dag_decorator to None, run_after=None
[2024-06-22T13:18:01.719+0000] {processor.py:175} INFO - Processing /home/airflow/.local/lib/python3.7/site-packages/airflow/example_dags/example_dag_decorator.py took 0.193 seconds
[2024-06-22T13:18:32.054+0000] {processor.py:153} INFO - Started process (PID=651) to work on /home/airflow/.local/lib/python3.7/site-packages/airflow/example_dags/example_dag_decorator.py
[2024-06-22T13:18:32.055+0000] {processor.py:743} INFO - Processing file /home/airflow/.local/lib/python3.7/site-packages/airflow/example_dags/example_dag_decorator.py for tasks to queue
[2024-06-22T13:18:32.056+0000] {logging_mixin.py:137} INFO - [2024-06-22T13:18:32.056+0000] {dagbag.py:538} INFO - Filling up the DagBag from /home/airflow/.local/lib/python3.7/site-packages/airflow/example_dags/example_dag_decorator.py
[2024-06-22T13:18:32.073+0000] {logging_mixin.py:137} INFO - [2024-06-22T13:18:32.072+0000] {taskmixin.py:205} WARNING - Dependency <Task(_PythonDecoratedOperator): prepare_email>, send_email already registered for DAG: example_dag_decorator
[2024-06-22T13:18:32.073+0000] {logging_mixin.py:137} INFO - [2024-06-22T13:18:32.073+0000] {taskmixin.py:205} WARNING - Dependency <Task(EmailOperator): send_email>, prepare_email already registered for DAG: example_dag_decorator
[2024-06-22T13:18:32.085+0000] {processor.py:753} INFO - DAG(s) dict_keys(['example_dag_decorator']) retrieved from /home/airflow/.local/lib/python3.7/site-packages/airflow/example_dags/example_dag_decorator.py
[2024-06-22T13:18:32.171+0000] {logging_mixin.py:137} INFO - [2024-06-22T13:18:32.171+0000] {dag.py:2676} INFO - Sync 1 DAGs
[2024-06-22T13:18:32.199+0000] {logging_mixin.py:137} INFO - [2024-06-22T13:18:32.199+0000] {dag.py:3427} INFO - Setting next_dagrun for example_dag_decorator to None, run_after=None
[2024-06-22T13:18:32.225+0000] {processor.py:175} INFO - Processing /home/airflow/.local/lib/python3.7/site-packages/airflow/example_dags/example_dag_decorator.py took 0.174 seconds
[2024-06-22T13:19:02.285+0000] {processor.py:153} INFO - Started process (PID=693) to work on /home/airflow/.local/lib/python3.7/site-packages/airflow/example_dags/example_dag_decorator.py
[2024-06-22T13:19:02.286+0000] {processor.py:743} INFO - Processing file /home/airflow/.local/lib/python3.7/site-packages/airflow/example_dags/example_dag_decorator.py for tasks to queue
[2024-06-22T13:19:02.287+0000] {logging_mixin.py:137} INFO - [2024-06-22T13:19:02.287+0000] {dagbag.py:538} INFO - Filling up the DagBag from /home/airflow/.local/lib/python3.7/site-packages/airflow/example_dags/example_dag_decorator.py
[2024-06-22T13:19:02.303+0000] {logging_mixin.py:137} INFO - [2024-06-22T13:19:02.302+0000] {taskmixin.py:205} WARNING - Dependency <Task(_PythonDecoratedOperator): prepare_email>, send_email already registered for DAG: example_dag_decorator
[2024-06-22T13:19:02.303+0000] {logging_mixin.py:137} INFO - [2024-06-22T13:19:02.303+0000] {taskmixin.py:205} WARNING - Dependency <Task(EmailOperator): send_email>, prepare_email already registered for DAG: example_dag_decorator
[2024-06-22T13:19:02.314+0000] {processor.py:753} INFO - DAG(s) dict_keys(['example_dag_decorator']) retrieved from /home/airflow/.local/lib/python3.7/site-packages/airflow/example_dags/example_dag_decorator.py
[2024-06-22T13:19:02.393+0000] {logging_mixin.py:137} INFO - [2024-06-22T13:19:02.393+0000] {dag.py:2676} INFO - Sync 1 DAGs
[2024-06-22T13:19:02.423+0000] {logging_mixin.py:137} INFO - [2024-06-22T13:19:02.423+0000] {dag.py:3427} INFO - Setting next_dagrun for example_dag_decorator to None, run_after=None
[2024-06-22T13:19:02.454+0000] {processor.py:175} INFO - Processing /home/airflow/.local/lib/python3.7/site-packages/airflow/example_dags/example_dag_decorator.py took 0.173 seconds
[2024-06-22T13:19:32.613+0000] {processor.py:153} INFO - Started process (PID=735) to work on /home/airflow/.local/lib/python3.7/site-packages/airflow/example_dags/example_dag_decorator.py
[2024-06-22T13:19:32.615+0000] {processor.py:743} INFO - Processing file /home/airflow/.local/lib/python3.7/site-packages/airflow/example_dags/example_dag_decorator.py for tasks to queue
[2024-06-22T13:19:32.616+0000] {logging_mixin.py:137} INFO - [2024-06-22T13:19:32.616+0000] {dagbag.py:538} INFO - Filling up the DagBag from /home/airflow/.local/lib/python3.7/site-packages/airflow/example_dags/example_dag_decorator.py
[2024-06-22T13:19:32.637+0000] {logging_mixin.py:137} INFO - [2024-06-22T13:19:32.637+0000] {taskmixin.py:205} WARNING - Dependency <Task(_PythonDecoratedOperator): prepare_email>, send_email already registered for DAG: example_dag_decorator
[2024-06-22T13:19:32.637+0000] {logging_mixin.py:137} INFO - [2024-06-22T13:19:32.637+0000] {taskmixin.py:205} WARNING - Dependency <Task(EmailOperator): send_email>, prepare_email already registered for DAG: example_dag_decorator
[2024-06-22T13:19:32.652+0000] {processor.py:753} INFO - DAG(s) dict_keys(['example_dag_decorator']) retrieved from /home/airflow/.local/lib/python3.7/site-packages/airflow/example_dags/example_dag_decorator.py
[2024-06-22T13:19:32.744+0000] {logging_mixin.py:137} INFO - [2024-06-22T13:19:32.744+0000] {dag.py:2676} INFO - Sync 1 DAGs
[2024-06-22T13:19:32.769+0000] {logging_mixin.py:137} INFO - [2024-06-22T13:19:32.769+0000] {dag.py:3427} INFO - Setting next_dagrun for example_dag_decorator to None, run_after=None
[2024-06-22T13:19:32.793+0000] {processor.py:175} INFO - Processing /home/airflow/.local/lib/python3.7/site-packages/airflow/example_dags/example_dag_decorator.py took 0.184 seconds
[2024-06-22T13:20:02.985+0000] {processor.py:153} INFO - Started process (PID=777) to work on /home/airflow/.local/lib/python3.7/site-packages/airflow/example_dags/example_dag_decorator.py
[2024-06-22T13:20:02.986+0000] {processor.py:743} INFO - Processing file /home/airflow/.local/lib/python3.7/site-packages/airflow/example_dags/example_dag_decorator.py for tasks to queue
[2024-06-22T13:20:02.988+0000] {logging_mixin.py:137} INFO - [2024-06-22T13:20:02.987+0000] {dagbag.py:538} INFO - Filling up the DagBag from /home/airflow/.local/lib/python3.7/site-packages/airflow/example_dags/example_dag_decorator.py
[2024-06-22T13:20:03.013+0000] {logging_mixin.py:137} INFO - [2024-06-22T13:20:03.013+0000] {taskmixin.py:205} WARNING - Dependency <Task(_PythonDecoratedOperator): prepare_email>, send_email already registered for DAG: example_dag_decorator
[2024-06-22T13:20:03.014+0000] {logging_mixin.py:137} INFO - [2024-06-22T13:20:03.014+0000] {taskmixin.py:205} WARNING - Dependency <Task(EmailOperator): send_email>, prepare_email already registered for DAG: example_dag_decorator
[2024-06-22T13:20:03.028+0000] {processor.py:753} INFO - DAG(s) dict_keys(['example_dag_decorator']) retrieved from /home/airflow/.local/lib/python3.7/site-packages/airflow/example_dags/example_dag_decorator.py
[2024-06-22T13:20:03.129+0000] {logging_mixin.py:137} INFO - [2024-06-22T13:20:03.128+0000] {dag.py:2676} INFO - Sync 1 DAGs
[2024-06-22T13:20:03.169+0000] {logging_mixin.py:137} INFO - [2024-06-22T13:20:03.169+0000] {dag.py:3427} INFO - Setting next_dagrun for example_dag_decorator to None, run_after=None
[2024-06-22T13:20:03.201+0000] {processor.py:175} INFO - Processing /home/airflow/.local/lib/python3.7/site-packages/airflow/example_dags/example_dag_decorator.py took 0.220 seconds
[2024-06-22T13:20:33.294+0000] {processor.py:153} INFO - Started process (PID=819) to work on /home/airflow/.local/lib/python3.7/site-packages/airflow/example_dags/example_dag_decorator.py
[2024-06-22T13:20:33.295+0000] {processor.py:743} INFO - Processing file /home/airflow/.local/lib/python3.7/site-packages/airflow/example_dags/example_dag_decorator.py for tasks to queue
[2024-06-22T13:20:33.296+0000] {logging_mixin.py:137} INFO - [2024-06-22T13:20:33.296+0000] {dagbag.py:538} INFO - Filling up the DagBag from /home/airflow/.local/lib/python3.7/site-packages/airflow/example_dags/example_dag_decorator.py
[2024-06-22T13:20:33.312+0000] {logging_mixin.py:137} INFO - [2024-06-22T13:20:33.312+0000] {taskmixin.py:205} WARNING - Dependency <Task(_PythonDecoratedOperator): prepare_email>, send_email already registered for DAG: example_dag_decorator
[2024-06-22T13:20:33.313+0000] {logging_mixin.py:137} INFO - [2024-06-22T13:20:33.313+0000] {taskmixin.py:205} WARNING - Dependency <Task(EmailOperator): send_email>, prepare_email already registered for DAG: example_dag_decorator
[2024-06-22T13:20:33.325+0000] {processor.py:753} INFO - DAG(s) dict_keys(['example_dag_decorator']) retrieved from /home/airflow/.local/lib/python3.7/site-packages/airflow/example_dags/example_dag_decorator.py
[2024-06-22T13:20:33.414+0000] {logging_mixin.py:137} INFO - [2024-06-22T13:20:33.413+0000] {dag.py:2676} INFO - Sync 1 DAGs
[2024-06-22T13:20:33.441+0000] {logging_mixin.py:137} INFO - [2024-06-22T13:20:33.441+0000] {dag.py:3427} INFO - Setting next_dagrun for example_dag_decorator to None, run_after=None
[2024-06-22T13:20:33.471+0000] {processor.py:175} INFO - Processing /home/airflow/.local/lib/python3.7/site-packages/airflow/example_dags/example_dag_decorator.py took 0.180 seconds
[2024-06-22T13:21:03.958+0000] {processor.py:153} INFO - Started process (PID=861) to work on /home/airflow/.local/lib/python3.7/site-packages/airflow/example_dags/example_dag_decorator.py
[2024-06-22T13:21:03.959+0000] {processor.py:743} INFO - Processing file /home/airflow/.local/lib/python3.7/site-packages/airflow/example_dags/example_dag_decorator.py for tasks to queue
[2024-06-22T13:21:03.960+0000] {logging_mixin.py:137} INFO - [2024-06-22T13:21:03.960+0000] {dagbag.py:538} INFO - Filling up the DagBag from /home/airflow/.local/lib/python3.7/site-packages/airflow/example_dags/example_dag_decorator.py
[2024-06-22T13:21:03.978+0000] {logging_mixin.py:137} INFO - [2024-06-22T13:21:03.978+0000] {taskmixin.py:205} WARNING - Dependency <Task(_PythonDecoratedOperator): prepare_email>, send_email already registered for DAG: example_dag_decorator
[2024-06-22T13:21:03.979+0000] {logging_mixin.py:137} INFO - [2024-06-22T13:21:03.979+0000] {taskmixin.py:205} WARNING - Dependency <Task(EmailOperator): send_email>, prepare_email already registered for DAG: example_dag_decorator
[2024-06-22T13:21:03.990+0000] {processor.py:753} INFO - DAG(s) dict_keys(['example_dag_decorator']) retrieved from /home/airflow/.local/lib/python3.7/site-packages/airflow/example_dags/example_dag_decorator.py
[2024-06-22T13:21:04.094+0000] {logging_mixin.py:137} INFO - [2024-06-22T13:21:04.093+0000] {dag.py:2676} INFO - Sync 1 DAGs
[2024-06-22T13:21:04.130+0000] {logging_mixin.py:137} INFO - [2024-06-22T13:21:04.130+0000] {dag.py:3427} INFO - Setting next_dagrun for example_dag_decorator to None, run_after=None
[2024-06-22T13:21:04.164+0000] {processor.py:175} INFO - Processing /home/airflow/.local/lib/python3.7/site-packages/airflow/example_dags/example_dag_decorator.py took 0.209 seconds
[2024-06-22T13:21:34.310+0000] {processor.py:153} INFO - Started process (PID=903) to work on /home/airflow/.local/lib/python3.7/site-packages/airflow/example_dags/example_dag_decorator.py
[2024-06-22T13:21:34.311+0000] {processor.py:743} INFO - Processing file /home/airflow/.local/lib/python3.7/site-packages/airflow/example_dags/example_dag_decorator.py for tasks to queue
[2024-06-22T13:21:34.312+0000] {logging_mixin.py:137} INFO - [2024-06-22T13:21:34.312+0000] {dagbag.py:538} INFO - Filling up the DagBag from /home/airflow/.local/lib/python3.7/site-packages/airflow/example_dags/example_dag_decorator.py
[2024-06-22T13:21:34.332+0000] {logging_mixin.py:137} INFO - [2024-06-22T13:21:34.332+0000] {taskmixin.py:205} WARNING - Dependency <Task(_PythonDecoratedOperator): prepare_email>, send_email already registered for DAG: example_dag_decorator
[2024-06-22T13:21:34.333+0000] {logging_mixin.py:137} INFO - [2024-06-22T13:21:34.332+0000] {taskmixin.py:205} WARNING - Dependency <Task(EmailOperator): send_email>, prepare_email already registered for DAG: example_dag_decorator
[2024-06-22T13:21:34.346+0000] {processor.py:753} INFO - DAG(s) dict_keys(['example_dag_decorator']) retrieved from /home/airflow/.local/lib/python3.7/site-packages/airflow/example_dags/example_dag_decorator.py
[2024-06-22T13:21:34.438+0000] {logging_mixin.py:137} INFO - [2024-06-22T13:21:34.438+0000] {dag.py:2676} INFO - Sync 1 DAGs
[2024-06-22T13:21:34.468+0000] {logging_mixin.py:137} INFO - [2024-06-22T13:21:34.468+0000] {dag.py:3427} INFO - Setting next_dagrun for example_dag_decorator to None, run_after=None
[2024-06-22T13:21:34.495+0000] {processor.py:175} INFO - Processing /home/airflow/.local/lib/python3.7/site-packages/airflow/example_dags/example_dag_decorator.py took 0.188 seconds
[2024-06-22T13:22:04.820+0000] {processor.py:153} INFO - Started process (PID=945) to work on /home/airflow/.local/lib/python3.7/site-packages/airflow/example_dags/example_dag_decorator.py
[2024-06-22T13:22:04.821+0000] {processor.py:743} INFO - Processing file /home/airflow/.local/lib/python3.7/site-packages/airflow/example_dags/example_dag_decorator.py for tasks to queue
[2024-06-22T13:22:04.822+0000] {logging_mixin.py:137} INFO - [2024-06-22T13:22:04.822+0000] {dagbag.py:538} INFO - Filling up the DagBag from /home/airflow/.local/lib/python3.7/site-packages/airflow/example_dags/example_dag_decorator.py
[2024-06-22T13:22:04.838+0000] {logging_mixin.py:137} INFO - [2024-06-22T13:22:04.838+0000] {taskmixin.py:205} WARNING - Dependency <Task(_PythonDecoratedOperator): prepare_email>, send_email already registered for DAG: example_dag_decorator
[2024-06-22T13:22:04.839+0000] {logging_mixin.py:137} INFO - [2024-06-22T13:22:04.839+0000] {taskmixin.py:205} WARNING - Dependency <Task(EmailOperator): send_email>, prepare_email already registered for DAG: example_dag_decorator
[2024-06-22T13:22:04.851+0000] {processor.py:753} INFO - DAG(s) dict_keys(['example_dag_decorator']) retrieved from /home/airflow/.local/lib/python3.7/site-packages/airflow/example_dags/example_dag_decorator.py
[2024-06-22T13:22:04.934+0000] {logging_mixin.py:137} INFO - [2024-06-22T13:22:04.933+0000] {dag.py:2676} INFO - Sync 1 DAGs
[2024-06-22T13:22:04.961+0000] {logging_mixin.py:137} INFO - [2024-06-22T13:22:04.961+0000] {dag.py:3427} INFO - Setting next_dagrun for example_dag_decorator to None, run_after=None
[2024-06-22T13:22:04.989+0000] {processor.py:175} INFO - Processing /home/airflow/.local/lib/python3.7/site-packages/airflow/example_dags/example_dag_decorator.py took 0.171 seconds
[2024-06-22T13:22:35.154+0000] {processor.py:153} INFO - Started process (PID=987) to work on /home/airflow/.local/lib/python3.7/site-packages/airflow/example_dags/example_dag_decorator.py
[2024-06-22T13:22:35.155+0000] {processor.py:743} INFO - Processing file /home/airflow/.local/lib/python3.7/site-packages/airflow/example_dags/example_dag_decorator.py for tasks to queue
[2024-06-22T13:22:35.156+0000] {logging_mixin.py:137} INFO - [2024-06-22T13:22:35.156+0000] {dagbag.py:538} INFO - Filling up the DagBag from /home/airflow/.local/lib/python3.7/site-packages/airflow/example_dags/example_dag_decorator.py
[2024-06-22T13:22:35.174+0000] {logging_mixin.py:137} INFO - [2024-06-22T13:22:35.174+0000] {taskmixin.py:205} WARNING - Dependency <Task(_PythonDecoratedOperator): prepare_email>, send_email already registered for DAG: example_dag_decorator
[2024-06-22T13:22:35.175+0000] {logging_mixin.py:137} INFO - [2024-06-22T13:22:35.175+0000] {taskmixin.py:205} WARNING - Dependency <Task(EmailOperator): send_email>, prepare_email already registered for DAG: example_dag_decorator
[2024-06-22T13:22:35.188+0000] {processor.py:753} INFO - DAG(s) dict_keys(['example_dag_decorator']) retrieved from /home/airflow/.local/lib/python3.7/site-packages/airflow/example_dags/example_dag_decorator.py
[2024-06-22T13:22:35.276+0000] {logging_mixin.py:137} INFO - [2024-06-22T13:22:35.276+0000] {dag.py:2676} INFO - Sync 1 DAGs
[2024-06-22T13:22:35.304+0000] {logging_mixin.py:137} INFO - [2024-06-22T13:22:35.304+0000] {dag.py:3427} INFO - Setting next_dagrun for example_dag_decorator to None, run_after=None
[2024-06-22T13:22:35.338+0000] {processor.py:175} INFO - Processing /home/airflow/.local/lib/python3.7/site-packages/airflow/example_dags/example_dag_decorator.py took 0.187 seconds
[2024-06-22T13:23:05.499+0000] {processor.py:153} INFO - Started process (PID=1029) to work on /home/airflow/.local/lib/python3.7/site-packages/airflow/example_dags/example_dag_decorator.py
[2024-06-22T13:23:05.500+0000] {processor.py:743} INFO - Processing file /home/airflow/.local/lib/python3.7/site-packages/airflow/example_dags/example_dag_decorator.py for tasks to queue
[2024-06-22T13:23:05.501+0000] {logging_mixin.py:137} INFO - [2024-06-22T13:23:05.501+0000] {dagbag.py:538} INFO - Filling up the DagBag from /home/airflow/.local/lib/python3.7/site-packages/airflow/example_dags/example_dag_decorator.py
[2024-06-22T13:23:05.521+0000] {logging_mixin.py:137} INFO - [2024-06-22T13:23:05.521+0000] {taskmixin.py:205} WARNING - Dependency <Task(_PythonDecoratedOperator): prepare_email>, send_email already registered for DAG: example_dag_decorator
[2024-06-22T13:23:05.522+0000] {logging_mixin.py:137} INFO - [2024-06-22T13:23:05.522+0000] {taskmixin.py:205} WARNING - Dependency <Task(EmailOperator): send_email>, prepare_email already registered for DAG: example_dag_decorator
[2024-06-22T13:23:05.534+0000] {processor.py:753} INFO - DAG(s) dict_keys(['example_dag_decorator']) retrieved from /home/airflow/.local/lib/python3.7/site-packages/airflow/example_dags/example_dag_decorator.py
[2024-06-22T13:23:05.621+0000] {logging_mixin.py:137} INFO - [2024-06-22T13:23:05.621+0000] {dag.py:2676} INFO - Sync 1 DAGs
[2024-06-22T13:23:05.649+0000] {logging_mixin.py:137} INFO - [2024-06-22T13:23:05.649+0000] {dag.py:3427} INFO - Setting next_dagrun for example_dag_decorator to None, run_after=None
[2024-06-22T13:23:05.676+0000] {processor.py:175} INFO - Processing /home/airflow/.local/lib/python3.7/site-packages/airflow/example_dags/example_dag_decorator.py took 0.181 seconds
[2024-06-22T13:23:35.748+0000] {processor.py:153} INFO - Started process (PID=1071) to work on /home/airflow/.local/lib/python3.7/site-packages/airflow/example_dags/example_dag_decorator.py
[2024-06-22T13:23:35.749+0000] {processor.py:743} INFO - Processing file /home/airflow/.local/lib/python3.7/site-packages/airflow/example_dags/example_dag_decorator.py for tasks to queue
[2024-06-22T13:23:35.750+0000] {logging_mixin.py:137} INFO - [2024-06-22T13:23:35.750+0000] {dagbag.py:538} INFO - Filling up the DagBag from /home/airflow/.local/lib/python3.7/site-packages/airflow/example_dags/example_dag_decorator.py
[2024-06-22T13:23:35.770+0000] {logging_mixin.py:137} INFO - [2024-06-22T13:23:35.770+0000] {taskmixin.py:205} WARNING - Dependency <Task(_PythonDecoratedOperator): prepare_email>, send_email already registered for DAG: example_dag_decorator
[2024-06-22T13:23:35.771+0000] {logging_mixin.py:137} INFO - [2024-06-22T13:23:35.771+0000] {taskmixin.py:205} WARNING - Dependency <Task(EmailOperator): send_email>, prepare_email already registered for DAG: example_dag_decorator
[2024-06-22T13:23:35.784+0000] {processor.py:753} INFO - DAG(s) dict_keys(['example_dag_decorator']) retrieved from /home/airflow/.local/lib/python3.7/site-packages/airflow/example_dags/example_dag_decorator.py
[2024-06-22T13:23:35.882+0000] {logging_mixin.py:137} INFO - [2024-06-22T13:23:35.882+0000] {dag.py:2676} INFO - Sync 1 DAGs
[2024-06-22T13:23:35.908+0000] {logging_mixin.py:137} INFO - [2024-06-22T13:23:35.908+0000] {dag.py:3427} INFO - Setting next_dagrun for example_dag_decorator to None, run_after=None
[2024-06-22T13:23:35.943+0000] {processor.py:175} INFO - Processing /home/airflow/.local/lib/python3.7/site-packages/airflow/example_dags/example_dag_decorator.py took 0.199 seconds
[2024-06-22T13:24:06.165+0000] {processor.py:153} INFO - Started process (PID=1113) to work on /home/airflow/.local/lib/python3.7/site-packages/airflow/example_dags/example_dag_decorator.py
[2024-06-22T13:24:06.167+0000] {processor.py:743} INFO - Processing file /home/airflow/.local/lib/python3.7/site-packages/airflow/example_dags/example_dag_decorator.py for tasks to queue
[2024-06-22T13:24:06.168+0000] {logging_mixin.py:137} INFO - [2024-06-22T13:24:06.168+0000] {dagbag.py:538} INFO - Filling up the DagBag from /home/airflow/.local/lib/python3.7/site-packages/airflow/example_dags/example_dag_decorator.py
[2024-06-22T13:24:06.187+0000] {logging_mixin.py:137} INFO - [2024-06-22T13:24:06.187+0000] {taskmixin.py:205} WARNING - Dependency <Task(_PythonDecoratedOperator): prepare_email>, send_email already registered for DAG: example_dag_decorator
[2024-06-22T13:24:06.187+0000] {logging_mixin.py:137} INFO - [2024-06-22T13:24:06.187+0000] {taskmixin.py:205} WARNING - Dependency <Task(EmailOperator): send_email>, prepare_email already registered for DAG: example_dag_decorator
[2024-06-22T13:24:06.201+0000] {processor.py:753} INFO - DAG(s) dict_keys(['example_dag_decorator']) retrieved from /home/airflow/.local/lib/python3.7/site-packages/airflow/example_dags/example_dag_decorator.py
[2024-06-22T13:24:06.289+0000] {logging_mixin.py:137} INFO - [2024-06-22T13:24:06.288+0000] {dag.py:2676} INFO - Sync 1 DAGs
[2024-06-22T13:24:06.319+0000] {logging_mixin.py:137} INFO - [2024-06-22T13:24:06.318+0000] {dag.py:3427} INFO - Setting next_dagrun for example_dag_decorator to None, run_after=None
[2024-06-22T13:24:06.348+0000] {processor.py:175} INFO - Processing /home/airflow/.local/lib/python3.7/site-packages/airflow/example_dags/example_dag_decorator.py took 0.186 seconds
[2024-06-22T13:24:36.529+0000] {processor.py:153} INFO - Started process (PID=1152) to work on /home/airflow/.local/lib/python3.7/site-packages/airflow/example_dags/example_dag_decorator.py
[2024-06-22T13:24:36.531+0000] {processor.py:743} INFO - Processing file /home/airflow/.local/lib/python3.7/site-packages/airflow/example_dags/example_dag_decorator.py for tasks to queue
[2024-06-22T13:24:36.533+0000] {logging_mixin.py:137} INFO - [2024-06-22T13:24:36.533+0000] {dagbag.py:538} INFO - Filling up the DagBag from /home/airflow/.local/lib/python3.7/site-packages/airflow/example_dags/example_dag_decorator.py
[2024-06-22T13:24:36.554+0000] {logging_mixin.py:137} INFO - [2024-06-22T13:24:36.554+0000] {taskmixin.py:205} WARNING - Dependency <Task(_PythonDecoratedOperator): prepare_email>, send_email already registered for DAG: example_dag_decorator
[2024-06-22T13:24:36.555+0000] {logging_mixin.py:137} INFO - [2024-06-22T13:24:36.555+0000] {taskmixin.py:205} WARNING - Dependency <Task(EmailOperator): send_email>, prepare_email already registered for DAG: example_dag_decorator
[2024-06-22T13:24:36.570+0000] {processor.py:753} INFO - DAG(s) dict_keys(['example_dag_decorator']) retrieved from /home/airflow/.local/lib/python3.7/site-packages/airflow/example_dags/example_dag_decorator.py
[2024-06-22T13:24:36.661+0000] {logging_mixin.py:137} INFO - [2024-06-22T13:24:36.661+0000] {dag.py:2676} INFO - Sync 1 DAGs
[2024-06-22T13:24:36.689+0000] {logging_mixin.py:137} INFO - [2024-06-22T13:24:36.689+0000] {dag.py:3427} INFO - Setting next_dagrun for example_dag_decorator to None, run_after=None
[2024-06-22T13:24:36.721+0000] {processor.py:175} INFO - Processing /home/airflow/.local/lib/python3.7/site-packages/airflow/example_dags/example_dag_decorator.py took 0.196 seconds
[2024-06-22T13:25:07.028+0000] {processor.py:153} INFO - Started process (PID=1192) to work on /home/airflow/.local/lib/python3.7/site-packages/airflow/example_dags/example_dag_decorator.py
[2024-06-22T13:25:07.030+0000] {processor.py:743} INFO - Processing file /home/airflow/.local/lib/python3.7/site-packages/airflow/example_dags/example_dag_decorator.py for tasks to queue
[2024-06-22T13:25:07.031+0000] {logging_mixin.py:137} INFO - [2024-06-22T13:25:07.030+0000] {dagbag.py:538} INFO - Filling up the DagBag from /home/airflow/.local/lib/python3.7/site-packages/airflow/example_dags/example_dag_decorator.py
[2024-06-22T13:25:07.050+0000] {logging_mixin.py:137} INFO - [2024-06-22T13:25:07.049+0000] {taskmixin.py:205} WARNING - Dependency <Task(_PythonDecoratedOperator): prepare_email>, send_email already registered for DAG: example_dag_decorator
[2024-06-22T13:25:07.051+0000] {logging_mixin.py:137} INFO - [2024-06-22T13:25:07.050+0000] {taskmixin.py:205} WARNING - Dependency <Task(EmailOperator): send_email>, prepare_email already registered for DAG: example_dag_decorator
[2024-06-22T13:25:07.066+0000] {processor.py:753} INFO - DAG(s) dict_keys(['example_dag_decorator']) retrieved from /home/airflow/.local/lib/python3.7/site-packages/airflow/example_dags/example_dag_decorator.py
[2024-06-22T13:25:07.151+0000] {logging_mixin.py:137} INFO - [2024-06-22T13:25:07.150+0000] {dag.py:2676} INFO - Sync 1 DAGs
[2024-06-22T13:25:07.177+0000] {logging_mixin.py:137} INFO - [2024-06-22T13:25:07.177+0000] {dag.py:3427} INFO - Setting next_dagrun for example_dag_decorator to None, run_after=None
[2024-06-22T13:25:07.202+0000] {processor.py:175} INFO - Processing /home/airflow/.local/lib/python3.7/site-packages/airflow/example_dags/example_dag_decorator.py took 0.177 seconds
[2024-06-22T13:25:37.408+0000] {processor.py:153} INFO - Started process (PID=1230) to work on /home/airflow/.local/lib/python3.7/site-packages/airflow/example_dags/example_dag_decorator.py
[2024-06-22T13:25:37.409+0000] {processor.py:743} INFO - Processing file /home/airflow/.local/lib/python3.7/site-packages/airflow/example_dags/example_dag_decorator.py for tasks to queue
[2024-06-22T13:25:37.411+0000] {logging_mixin.py:137} INFO - [2024-06-22T13:25:37.410+0000] {dagbag.py:538} INFO - Filling up the DagBag from /home/airflow/.local/lib/python3.7/site-packages/airflow/example_dags/example_dag_decorator.py
[2024-06-22T13:25:37.442+0000] {logging_mixin.py:137} INFO - [2024-06-22T13:25:37.442+0000] {taskmixin.py:205} WARNING - Dependency <Task(_PythonDecoratedOperator): prepare_email>, send_email already registered for DAG: example_dag_decorator
[2024-06-22T13:25:37.443+0000] {logging_mixin.py:137} INFO - [2024-06-22T13:25:37.442+0000] {taskmixin.py:205} WARNING - Dependency <Task(EmailOperator): send_email>, prepare_email already registered for DAG: example_dag_decorator
[2024-06-22T13:25:37.457+0000] {processor.py:753} INFO - DAG(s) dict_keys(['example_dag_decorator']) retrieved from /home/airflow/.local/lib/python3.7/site-packages/airflow/example_dags/example_dag_decorator.py
[2024-06-22T13:25:37.552+0000] {logging_mixin.py:137} INFO - [2024-06-22T13:25:37.552+0000] {dag.py:2676} INFO - Sync 1 DAGs
[2024-06-22T13:25:37.581+0000] {logging_mixin.py:137} INFO - [2024-06-22T13:25:37.580+0000] {dag.py:3427} INFO - Setting next_dagrun for example_dag_decorator to None, run_after=None
[2024-06-22T13:25:37.607+0000] {processor.py:175} INFO - Processing /home/airflow/.local/lib/python3.7/site-packages/airflow/example_dags/example_dag_decorator.py took 0.206 seconds
