[2024-06-22T13:11:21.040+0000] {processor.py:153} INFO - Started process (PID=58) to work on /home/airflow/.local/lib/python3.7/site-packages/airflow/example_dags/example_latest_only_with_trigger.py
[2024-06-22T13:11:21.042+0000] {processor.py:743} INFO - Processing file /home/airflow/.local/lib/python3.7/site-packages/airflow/example_dags/example_latest_only_with_trigger.py for tasks to queue
[2024-06-22T13:11:21.043+0000] {logging_mixin.py:137} INFO - [2024-06-22T13:11:21.043+0000] {dagbag.py:538} INFO - Filling up the DagBag from /home/airflow/.local/lib/python3.7/site-packages/airflow/example_dags/example_latest_only_with_trigger.py
[2024-06-22T13:11:21.064+0000] {processor.py:753} INFO - DAG(s) dict_keys(['latest_only_with_trigger']) retrieved from /home/airflow/.local/lib/python3.7/site-packages/airflow/example_dags/example_latest_only_with_trigger.py
[2024-06-22T13:11:21.134+0000] {logging_mixin.py:137} INFO - [2024-06-22T13:11:21.133+0000] {dag.py:2676} INFO - Sync 1 DAGs
[2024-06-22T13:11:21.183+0000] {logging_mixin.py:137} INFO - [2024-06-22T13:11:21.183+0000] {dag.py:3427} INFO - Setting next_dagrun for latest_only_with_trigger to 2024-06-22T09:11:21.183237+00:00, run_after=2024-06-22T13:11:21.183237+00:00
[2024-06-22T13:11:21.220+0000] {processor.py:175} INFO - Processing /home/airflow/.local/lib/python3.7/site-packages/airflow/example_dags/example_latest_only_with_trigger.py took 0.186 seconds
[2024-06-22T13:11:52.095+0000] {processor.py:153} INFO - Started process (PID=100) to work on /home/airflow/.local/lib/python3.7/site-packages/airflow/example_dags/example_latest_only_with_trigger.py
[2024-06-22T13:11:52.097+0000] {processor.py:743} INFO - Processing file /home/airflow/.local/lib/python3.7/site-packages/airflow/example_dags/example_latest_only_with_trigger.py for tasks to queue
[2024-06-22T13:11:52.098+0000] {logging_mixin.py:137} INFO - [2024-06-22T13:11:52.098+0000] {dagbag.py:538} INFO - Filling up the DagBag from /home/airflow/.local/lib/python3.7/site-packages/airflow/example_dags/example_latest_only_with_trigger.py
[2024-06-22T13:11:52.126+0000] {processor.py:753} INFO - DAG(s) dict_keys(['latest_only_with_trigger']) retrieved from /home/airflow/.local/lib/python3.7/site-packages/airflow/example_dags/example_latest_only_with_trigger.py
[2024-06-22T13:11:52.185+0000] {logging_mixin.py:137} INFO - [2024-06-22T13:11:52.184+0000] {dag.py:2676} INFO - Sync 1 DAGs
[2024-06-22T13:11:52.241+0000] {logging_mixin.py:137} INFO - [2024-06-22T13:11:52.241+0000] {dag.py:3427} INFO - Setting next_dagrun for latest_only_with_trigger to 2024-06-22T09:11:52.240962+00:00, run_after=2024-06-22T13:11:52.240962+00:00
[2024-06-22T13:11:52.287+0000] {processor.py:175} INFO - Processing /home/airflow/.local/lib/python3.7/site-packages/airflow/example_dags/example_latest_only_with_trigger.py took 0.196 seconds
[2024-06-22T13:12:23.010+0000] {processor.py:153} INFO - Started process (PID=142) to work on /home/airflow/.local/lib/python3.7/site-packages/airflow/example_dags/example_latest_only_with_trigger.py
[2024-06-22T13:12:23.012+0000] {processor.py:743} INFO - Processing file /home/airflow/.local/lib/python3.7/site-packages/airflow/example_dags/example_latest_only_with_trigger.py for tasks to queue
[2024-06-22T13:12:23.013+0000] {logging_mixin.py:137} INFO - [2024-06-22T13:12:23.013+0000] {dagbag.py:538} INFO - Filling up the DagBag from /home/airflow/.local/lib/python3.7/site-packages/airflow/example_dags/example_latest_only_with_trigger.py
[2024-06-22T13:12:23.030+0000] {processor.py:753} INFO - DAG(s) dict_keys(['latest_only_with_trigger']) retrieved from /home/airflow/.local/lib/python3.7/site-packages/airflow/example_dags/example_latest_only_with_trigger.py
[2024-06-22T13:12:23.066+0000] {logging_mixin.py:137} INFO - [2024-06-22T13:12:23.066+0000] {dag.py:2676} INFO - Sync 1 DAGs
[2024-06-22T13:12:23.090+0000] {logging_mixin.py:137} INFO - [2024-06-22T13:12:23.090+0000] {dag.py:3427} INFO - Setting next_dagrun for latest_only_with_trigger to 2024-06-22T09:12:23.089863+00:00, run_after=2024-06-22T13:12:23.089863+00:00
[2024-06-22T13:12:23.113+0000] {processor.py:175} INFO - Processing /home/airflow/.local/lib/python3.7/site-packages/airflow/example_dags/example_latest_only_with_trigger.py took 0.107 seconds
[2024-06-22T13:12:53.799+0000] {processor.py:153} INFO - Started process (PID=184) to work on /home/airflow/.local/lib/python3.7/site-packages/airflow/example_dags/example_latest_only_with_trigger.py
[2024-06-22T13:12:53.800+0000] {processor.py:743} INFO - Processing file /home/airflow/.local/lib/python3.7/site-packages/airflow/example_dags/example_latest_only_with_trigger.py for tasks to queue
[2024-06-22T13:12:53.801+0000] {logging_mixin.py:137} INFO - [2024-06-22T13:12:53.801+0000] {dagbag.py:538} INFO - Filling up the DagBag from /home/airflow/.local/lib/python3.7/site-packages/airflow/example_dags/example_latest_only_with_trigger.py
[2024-06-22T13:12:53.817+0000] {processor.py:753} INFO - DAG(s) dict_keys(['latest_only_with_trigger']) retrieved from /home/airflow/.local/lib/python3.7/site-packages/airflow/example_dags/example_latest_only_with_trigger.py
[2024-06-22T13:12:53.858+0000] {logging_mixin.py:137} INFO - [2024-06-22T13:12:53.858+0000] {dag.py:2676} INFO - Sync 1 DAGs
[2024-06-22T13:12:53.889+0000] {logging_mixin.py:137} INFO - [2024-06-22T13:12:53.889+0000] {dag.py:3427} INFO - Setting next_dagrun for latest_only_with_trigger to 2024-06-22T09:12:53.888707+00:00, run_after=2024-06-22T13:12:53.888707+00:00
[2024-06-22T13:12:53.910+0000] {processor.py:175} INFO - Processing /home/airflow/.local/lib/python3.7/site-packages/airflow/example_dags/example_latest_only_with_trigger.py took 0.115 seconds
[2024-06-22T13:13:24.301+0000] {processor.py:153} INFO - Started process (PID=225) to work on /home/airflow/.local/lib/python3.7/site-packages/airflow/example_dags/example_latest_only_with_trigger.py
[2024-06-22T13:13:24.303+0000] {processor.py:743} INFO - Processing file /home/airflow/.local/lib/python3.7/site-packages/airflow/example_dags/example_latest_only_with_trigger.py for tasks to queue
[2024-06-22T13:13:24.304+0000] {logging_mixin.py:137} INFO - [2024-06-22T13:13:24.304+0000] {dagbag.py:538} INFO - Filling up the DagBag from /home/airflow/.local/lib/python3.7/site-packages/airflow/example_dags/example_latest_only_with_trigger.py
[2024-06-22T13:13:24.318+0000] {processor.py:753} INFO - DAG(s) dict_keys(['latest_only_with_trigger']) retrieved from /home/airflow/.local/lib/python3.7/site-packages/airflow/example_dags/example_latest_only_with_trigger.py
[2024-06-22T13:13:24.355+0000] {logging_mixin.py:137} INFO - [2024-06-22T13:13:24.355+0000] {dag.py:2676} INFO - Sync 1 DAGs
[2024-06-22T13:13:24.381+0000] {logging_mixin.py:137} INFO - [2024-06-22T13:13:24.381+0000] {dag.py:3427} INFO - Setting next_dagrun for latest_only_with_trigger to 2024-06-22T09:13:24.381115+00:00, run_after=2024-06-22T13:13:24.381115+00:00
[2024-06-22T13:13:24.406+0000] {processor.py:175} INFO - Processing /home/airflow/.local/lib/python3.7/site-packages/airflow/example_dags/example_latest_only_with_trigger.py took 0.110 seconds
[2024-06-22T13:13:55.080+0000] {processor.py:153} INFO - Started process (PID=265) to work on /home/airflow/.local/lib/python3.7/site-packages/airflow/example_dags/example_latest_only_with_trigger.py
[2024-06-22T13:13:55.081+0000] {processor.py:743} INFO - Processing file /home/airflow/.local/lib/python3.7/site-packages/airflow/example_dags/example_latest_only_with_trigger.py for tasks to queue
[2024-06-22T13:13:55.082+0000] {logging_mixin.py:137} INFO - [2024-06-22T13:13:55.082+0000] {dagbag.py:538} INFO - Filling up the DagBag from /home/airflow/.local/lib/python3.7/site-packages/airflow/example_dags/example_latest_only_with_trigger.py
[2024-06-22T13:13:55.101+0000] {processor.py:753} INFO - DAG(s) dict_keys(['latest_only_with_trigger']) retrieved from /home/airflow/.local/lib/python3.7/site-packages/airflow/example_dags/example_latest_only_with_trigger.py
[2024-06-22T13:13:55.152+0000] {logging_mixin.py:137} INFO - [2024-06-22T13:13:55.152+0000] {dag.py:2676} INFO - Sync 1 DAGs
[2024-06-22T13:13:55.186+0000] {logging_mixin.py:137} INFO - [2024-06-22T13:13:55.186+0000] {dag.py:3427} INFO - Setting next_dagrun for latest_only_with_trigger to 2024-06-22T09:13:55.185889+00:00, run_after=2024-06-22T13:13:55.185889+00:00
[2024-06-22T13:13:55.212+0000] {processor.py:175} INFO - Processing /home/airflow/.local/lib/python3.7/site-packages/airflow/example_dags/example_latest_only_with_trigger.py took 0.136 seconds
[2024-06-22T13:14:25.605+0000] {processor.py:153} INFO - Started process (PID=307) to work on /home/airflow/.local/lib/python3.7/site-packages/airflow/example_dags/example_latest_only_with_trigger.py
[2024-06-22T13:14:25.607+0000] {processor.py:743} INFO - Processing file /home/airflow/.local/lib/python3.7/site-packages/airflow/example_dags/example_latest_only_with_trigger.py for tasks to queue
[2024-06-22T13:14:25.608+0000] {logging_mixin.py:137} INFO - [2024-06-22T13:14:25.608+0000] {dagbag.py:538} INFO - Filling up the DagBag from /home/airflow/.local/lib/python3.7/site-packages/airflow/example_dags/example_latest_only_with_trigger.py
[2024-06-22T13:14:25.625+0000] {processor.py:753} INFO - DAG(s) dict_keys(['latest_only_with_trigger']) retrieved from /home/airflow/.local/lib/python3.7/site-packages/airflow/example_dags/example_latest_only_with_trigger.py
[2024-06-22T13:14:25.674+0000] {logging_mixin.py:137} INFO - [2024-06-22T13:14:25.674+0000] {dag.py:2676} INFO - Sync 1 DAGs
[2024-06-22T13:14:25.707+0000] {logging_mixin.py:137} INFO - [2024-06-22T13:14:25.706+0000] {dag.py:3427} INFO - Setting next_dagrun for latest_only_with_trigger to 2024-06-22T09:14:25.706522+00:00, run_after=2024-06-22T13:14:25.706522+00:00
[2024-06-22T13:14:25.733+0000] {processor.py:175} INFO - Processing /home/airflow/.local/lib/python3.7/site-packages/airflow/example_dags/example_latest_only_with_trigger.py took 0.131 seconds
[2024-06-22T13:14:56.248+0000] {processor.py:153} INFO - Started process (PID=349) to work on /home/airflow/.local/lib/python3.7/site-packages/airflow/example_dags/example_latest_only_with_trigger.py
[2024-06-22T13:14:56.250+0000] {processor.py:743} INFO - Processing file /home/airflow/.local/lib/python3.7/site-packages/airflow/example_dags/example_latest_only_with_trigger.py for tasks to queue
[2024-06-22T13:14:56.251+0000] {logging_mixin.py:137} INFO - [2024-06-22T13:14:56.251+0000] {dagbag.py:538} INFO - Filling up the DagBag from /home/airflow/.local/lib/python3.7/site-packages/airflow/example_dags/example_latest_only_with_trigger.py
[2024-06-22T13:14:56.270+0000] {processor.py:753} INFO - DAG(s) dict_keys(['latest_only_with_trigger']) retrieved from /home/airflow/.local/lib/python3.7/site-packages/airflow/example_dags/example_latest_only_with_trigger.py
[2024-06-22T13:14:56.319+0000] {logging_mixin.py:137} INFO - [2024-06-22T13:14:56.319+0000] {dag.py:2676} INFO - Sync 1 DAGs
[2024-06-22T13:14:56.356+0000] {logging_mixin.py:137} INFO - [2024-06-22T13:14:56.355+0000] {dag.py:3427} INFO - Setting next_dagrun for latest_only_with_trigger to 2024-06-22T09:14:56.355563+00:00, run_after=2024-06-22T13:14:56.355563+00:00
[2024-06-22T13:14:56.383+0000] {processor.py:175} INFO - Processing /home/airflow/.local/lib/python3.7/site-packages/airflow/example_dags/example_latest_only_with_trigger.py took 0.140 seconds
[2024-06-22T13:15:26.585+0000] {processor.py:153} INFO - Started process (PID=391) to work on /home/airflow/.local/lib/python3.7/site-packages/airflow/example_dags/example_latest_only_with_trigger.py
[2024-06-22T13:15:26.587+0000] {processor.py:743} INFO - Processing file /home/airflow/.local/lib/python3.7/site-packages/airflow/example_dags/example_latest_only_with_trigger.py for tasks to queue
[2024-06-22T13:15:26.588+0000] {logging_mixin.py:137} INFO - [2024-06-22T13:15:26.588+0000] {dagbag.py:538} INFO - Filling up the DagBag from /home/airflow/.local/lib/python3.7/site-packages/airflow/example_dags/example_latest_only_with_trigger.py
[2024-06-22T13:15:26.608+0000] {processor.py:753} INFO - DAG(s) dict_keys(['latest_only_with_trigger']) retrieved from /home/airflow/.local/lib/python3.7/site-packages/airflow/example_dags/example_latest_only_with_trigger.py
[2024-06-22T13:15:26.663+0000] {logging_mixin.py:137} INFO - [2024-06-22T13:15:26.662+0000] {dag.py:2676} INFO - Sync 1 DAGs
[2024-06-22T13:15:26.701+0000] {logging_mixin.py:137} INFO - [2024-06-22T13:15:26.701+0000] {dag.py:3427} INFO - Setting next_dagrun for latest_only_with_trigger to 2024-06-22T09:15:26.700899+00:00, run_after=2024-06-22T13:15:26.700899+00:00
[2024-06-22T13:15:26.729+0000] {processor.py:175} INFO - Processing /home/airflow/.local/lib/python3.7/site-packages/airflow/example_dags/example_latest_only_with_trigger.py took 0.147 seconds
[2024-06-22T13:15:57.013+0000] {processor.py:153} INFO - Started process (PID=433) to work on /home/airflow/.local/lib/python3.7/site-packages/airflow/example_dags/example_latest_only_with_trigger.py
[2024-06-22T13:15:57.015+0000] {processor.py:743} INFO - Processing file /home/airflow/.local/lib/python3.7/site-packages/airflow/example_dags/example_latest_only_with_trigger.py for tasks to queue
[2024-06-22T13:15:57.016+0000] {logging_mixin.py:137} INFO - [2024-06-22T13:15:57.016+0000] {dagbag.py:538} INFO - Filling up the DagBag from /home/airflow/.local/lib/python3.7/site-packages/airflow/example_dags/example_latest_only_with_trigger.py
[2024-06-22T13:15:57.031+0000] {processor.py:753} INFO - DAG(s) dict_keys(['latest_only_with_trigger']) retrieved from /home/airflow/.local/lib/python3.7/site-packages/airflow/example_dags/example_latest_only_with_trigger.py
[2024-06-22T13:15:57.074+0000] {logging_mixin.py:137} INFO - [2024-06-22T13:15:57.074+0000] {dag.py:2676} INFO - Sync 1 DAGs
[2024-06-22T13:15:57.100+0000] {logging_mixin.py:137} INFO - [2024-06-22T13:15:57.100+0000] {dag.py:3427} INFO - Setting next_dagrun for latest_only_with_trigger to 2024-06-22T09:15:57.099927+00:00, run_after=2024-06-22T13:15:57.099927+00:00
[2024-06-22T13:15:57.124+0000] {processor.py:175} INFO - Processing /home/airflow/.local/lib/python3.7/site-packages/airflow/example_dags/example_latest_only_with_trigger.py took 0.113 seconds
[2024-06-22T13:16:27.240+0000] {processor.py:153} INFO - Started process (PID=475) to work on /home/airflow/.local/lib/python3.7/site-packages/airflow/example_dags/example_latest_only_with_trigger.py
[2024-06-22T13:16:27.241+0000] {processor.py:743} INFO - Processing file /home/airflow/.local/lib/python3.7/site-packages/airflow/example_dags/example_latest_only_with_trigger.py for tasks to queue
[2024-06-22T13:16:27.243+0000] {logging_mixin.py:137} INFO - [2024-06-22T13:16:27.242+0000] {dagbag.py:538} INFO - Filling up the DagBag from /home/airflow/.local/lib/python3.7/site-packages/airflow/example_dags/example_latest_only_with_trigger.py
[2024-06-22T13:16:27.256+0000] {processor.py:753} INFO - DAG(s) dict_keys(['latest_only_with_trigger']) retrieved from /home/airflow/.local/lib/python3.7/site-packages/airflow/example_dags/example_latest_only_with_trigger.py
[2024-06-22T13:16:27.294+0000] {logging_mixin.py:137} INFO - [2024-06-22T13:16:27.294+0000] {dag.py:2676} INFO - Sync 1 DAGs
[2024-06-22T13:16:27.320+0000] {logging_mixin.py:137} INFO - [2024-06-22T13:16:27.320+0000] {dag.py:3427} INFO - Setting next_dagrun for latest_only_with_trigger to 2024-06-22T09:16:27.320011+00:00, run_after=2024-06-22T13:16:27.320011+00:00
[2024-06-22T13:16:27.346+0000] {processor.py:175} INFO - Processing /home/airflow/.local/lib/python3.7/site-packages/airflow/example_dags/example_latest_only_with_trigger.py took 0.109 seconds
[2024-06-22T13:16:57.730+0000] {processor.py:153} INFO - Started process (PID=517) to work on /home/airflow/.local/lib/python3.7/site-packages/airflow/example_dags/example_latest_only_with_trigger.py
[2024-06-22T13:16:57.731+0000] {processor.py:743} INFO - Processing file /home/airflow/.local/lib/python3.7/site-packages/airflow/example_dags/example_latest_only_with_trigger.py for tasks to queue
[2024-06-22T13:16:57.732+0000] {logging_mixin.py:137} INFO - [2024-06-22T13:16:57.732+0000] {dagbag.py:538} INFO - Filling up the DagBag from /home/airflow/.local/lib/python3.7/site-packages/airflow/example_dags/example_latest_only_with_trigger.py
[2024-06-22T13:16:57.746+0000] {processor.py:753} INFO - DAG(s) dict_keys(['latest_only_with_trigger']) retrieved from /home/airflow/.local/lib/python3.7/site-packages/airflow/example_dags/example_latest_only_with_trigger.py
[2024-06-22T13:16:57.782+0000] {logging_mixin.py:137} INFO - [2024-06-22T13:16:57.782+0000] {dag.py:2676} INFO - Sync 1 DAGs
[2024-06-22T13:16:57.807+0000] {logging_mixin.py:137} INFO - [2024-06-22T13:16:57.807+0000] {dag.py:3427} INFO - Setting next_dagrun for latest_only_with_trigger to 2024-06-22T09:16:57.807229+00:00, run_after=2024-06-22T13:16:57.807229+00:00
[2024-06-22T13:16:57.832+0000] {processor.py:175} INFO - Processing /home/airflow/.local/lib/python3.7/site-packages/airflow/example_dags/example_latest_only_with_trigger.py took 0.106 seconds
[2024-06-22T13:17:28.351+0000] {processor.py:153} INFO - Started process (PID=559) to work on /home/airflow/.local/lib/python3.7/site-packages/airflow/example_dags/example_latest_only_with_trigger.py
[2024-06-22T13:17:28.352+0000] {processor.py:743} INFO - Processing file /home/airflow/.local/lib/python3.7/site-packages/airflow/example_dags/example_latest_only_with_trigger.py for tasks to queue
[2024-06-22T13:17:28.353+0000] {logging_mixin.py:137} INFO - [2024-06-22T13:17:28.353+0000] {dagbag.py:538} INFO - Filling up the DagBag from /home/airflow/.local/lib/python3.7/site-packages/airflow/example_dags/example_latest_only_with_trigger.py
[2024-06-22T13:17:28.369+0000] {processor.py:753} INFO - DAG(s) dict_keys(['latest_only_with_trigger']) retrieved from /home/airflow/.local/lib/python3.7/site-packages/airflow/example_dags/example_latest_only_with_trigger.py
[2024-06-22T13:17:28.414+0000] {logging_mixin.py:137} INFO - [2024-06-22T13:17:28.413+0000] {dag.py:2676} INFO - Sync 1 DAGs
[2024-06-22T13:17:28.464+0000] {logging_mixin.py:137} INFO - [2024-06-22T13:17:28.463+0000] {dag.py:3427} INFO - Setting next_dagrun for latest_only_with_trigger to 2024-06-22T09:17:28.463515+00:00, run_after=2024-06-22T13:17:28.463515+00:00
[2024-06-22T13:17:28.535+0000] {processor.py:175} INFO - Processing /home/airflow/.local/lib/python3.7/site-packages/airflow/example_dags/example_latest_only_with_trigger.py took 0.189 seconds
[2024-06-22T13:17:58.810+0000] {processor.py:153} INFO - Started process (PID=601) to work on /home/airflow/.local/lib/python3.7/site-packages/airflow/example_dags/example_latest_only_with_trigger.py
[2024-06-22T13:17:58.811+0000] {processor.py:743} INFO - Processing file /home/airflow/.local/lib/python3.7/site-packages/airflow/example_dags/example_latest_only_with_trigger.py for tasks to queue
[2024-06-22T13:17:58.812+0000] {logging_mixin.py:137} INFO - [2024-06-22T13:17:58.812+0000] {dagbag.py:538} INFO - Filling up the DagBag from /home/airflow/.local/lib/python3.7/site-packages/airflow/example_dags/example_latest_only_with_trigger.py
[2024-06-22T13:17:58.831+0000] {processor.py:753} INFO - DAG(s) dict_keys(['latest_only_with_trigger']) retrieved from /home/airflow/.local/lib/python3.7/site-packages/airflow/example_dags/example_latest_only_with_trigger.py
[2024-06-22T13:17:58.875+0000] {logging_mixin.py:137} INFO - [2024-06-22T13:17:58.875+0000] {dag.py:2676} INFO - Sync 1 DAGs
[2024-06-22T13:17:58.906+0000] {logging_mixin.py:137} INFO - [2024-06-22T13:17:58.906+0000] {dag.py:3427} INFO - Setting next_dagrun for latest_only_with_trigger to 2024-06-22T09:17:58.905794+00:00, run_after=2024-06-22T13:17:58.905794+00:00
[2024-06-22T13:17:58.933+0000] {processor.py:175} INFO - Processing /home/airflow/.local/lib/python3.7/site-packages/airflow/example_dags/example_latest_only_with_trigger.py took 0.126 seconds
[2024-06-22T13:18:29.383+0000] {processor.py:153} INFO - Started process (PID=643) to work on /home/airflow/.local/lib/python3.7/site-packages/airflow/example_dags/example_latest_only_with_trigger.py
[2024-06-22T13:18:29.384+0000] {processor.py:743} INFO - Processing file /home/airflow/.local/lib/python3.7/site-packages/airflow/example_dags/example_latest_only_with_trigger.py for tasks to queue
[2024-06-22T13:18:29.385+0000] {logging_mixin.py:137} INFO - [2024-06-22T13:18:29.385+0000] {dagbag.py:538} INFO - Filling up the DagBag from /home/airflow/.local/lib/python3.7/site-packages/airflow/example_dags/example_latest_only_with_trigger.py
[2024-06-22T13:18:29.412+0000] {processor.py:753} INFO - DAG(s) dict_keys(['latest_only_with_trigger']) retrieved from /home/airflow/.local/lib/python3.7/site-packages/airflow/example_dags/example_latest_only_with_trigger.py
[2024-06-22T13:18:29.458+0000] {logging_mixin.py:137} INFO - [2024-06-22T13:18:29.458+0000] {dag.py:2676} INFO - Sync 1 DAGs
[2024-06-22T13:18:29.489+0000] {logging_mixin.py:137} INFO - [2024-06-22T13:18:29.489+0000] {dag.py:3427} INFO - Setting next_dagrun for latest_only_with_trigger to 2024-06-22T09:18:29.488819+00:00, run_after=2024-06-22T13:18:29.488819+00:00
[2024-06-22T13:18:29.513+0000] {processor.py:175} INFO - Processing /home/airflow/.local/lib/python3.7/site-packages/airflow/example_dags/example_latest_only_with_trigger.py took 0.133 seconds
[2024-06-22T13:18:59.662+0000] {processor.py:153} INFO - Started process (PID=685) to work on /home/airflow/.local/lib/python3.7/site-packages/airflow/example_dags/example_latest_only_with_trigger.py
[2024-06-22T13:18:59.663+0000] {processor.py:743} INFO - Processing file /home/airflow/.local/lib/python3.7/site-packages/airflow/example_dags/example_latest_only_with_trigger.py for tasks to queue
[2024-06-22T13:18:59.664+0000] {logging_mixin.py:137} INFO - [2024-06-22T13:18:59.664+0000] {dagbag.py:538} INFO - Filling up the DagBag from /home/airflow/.local/lib/python3.7/site-packages/airflow/example_dags/example_latest_only_with_trigger.py
[2024-06-22T13:18:59.677+0000] {processor.py:753} INFO - DAG(s) dict_keys(['latest_only_with_trigger']) retrieved from /home/airflow/.local/lib/python3.7/site-packages/airflow/example_dags/example_latest_only_with_trigger.py
[2024-06-22T13:18:59.717+0000] {logging_mixin.py:137} INFO - [2024-06-22T13:18:59.716+0000] {dag.py:2676} INFO - Sync 1 DAGs
[2024-06-22T13:18:59.741+0000] {logging_mixin.py:137} INFO - [2024-06-22T13:18:59.741+0000] {dag.py:3427} INFO - Setting next_dagrun for latest_only_with_trigger to 2024-06-22T09:18:59.741581+00:00, run_after=2024-06-22T13:18:59.741581+00:00
[2024-06-22T13:18:59.767+0000] {processor.py:175} INFO - Processing /home/airflow/.local/lib/python3.7/site-packages/airflow/example_dags/example_latest_only_with_trigger.py took 0.108 seconds
[2024-06-22T13:19:29.971+0000] {processor.py:153} INFO - Started process (PID=727) to work on /home/airflow/.local/lib/python3.7/site-packages/airflow/example_dags/example_latest_only_with_trigger.py
[2024-06-22T13:19:29.972+0000] {processor.py:743} INFO - Processing file /home/airflow/.local/lib/python3.7/site-packages/airflow/example_dags/example_latest_only_with_trigger.py for tasks to queue
[2024-06-22T13:19:29.973+0000] {logging_mixin.py:137} INFO - [2024-06-22T13:19:29.973+0000] {dagbag.py:538} INFO - Filling up the DagBag from /home/airflow/.local/lib/python3.7/site-packages/airflow/example_dags/example_latest_only_with_trigger.py
[2024-06-22T13:19:29.987+0000] {processor.py:753} INFO - DAG(s) dict_keys(['latest_only_with_trigger']) retrieved from /home/airflow/.local/lib/python3.7/site-packages/airflow/example_dags/example_latest_only_with_trigger.py
[2024-06-22T13:19:30.032+0000] {logging_mixin.py:137} INFO - [2024-06-22T13:19:30.032+0000] {dag.py:2676} INFO - Sync 1 DAGs
[2024-06-22T13:19:30.063+0000] {logging_mixin.py:137} INFO - [2024-06-22T13:19:30.063+0000] {dag.py:3427} INFO - Setting next_dagrun for latest_only_with_trigger to 2024-06-22T09:19:30.063181+00:00, run_after=2024-06-22T13:19:30.063181+00:00
[2024-06-22T13:19:30.095+0000] {processor.py:175} INFO - Processing /home/airflow/.local/lib/python3.7/site-packages/airflow/example_dags/example_latest_only_with_trigger.py took 0.127 seconds
[2024-06-22T13:20:00.340+0000] {processor.py:153} INFO - Started process (PID=769) to work on /home/airflow/.local/lib/python3.7/site-packages/airflow/example_dags/example_latest_only_with_trigger.py
[2024-06-22T13:20:00.341+0000] {processor.py:743} INFO - Processing file /home/airflow/.local/lib/python3.7/site-packages/airflow/example_dags/example_latest_only_with_trigger.py for tasks to queue
[2024-06-22T13:20:00.342+0000] {logging_mixin.py:137} INFO - [2024-06-22T13:20:00.342+0000] {dagbag.py:538} INFO - Filling up the DagBag from /home/airflow/.local/lib/python3.7/site-packages/airflow/example_dags/example_latest_only_with_trigger.py
[2024-06-22T13:20:00.362+0000] {processor.py:753} INFO - DAG(s) dict_keys(['latest_only_with_trigger']) retrieved from /home/airflow/.local/lib/python3.7/site-packages/airflow/example_dags/example_latest_only_with_trigger.py
[2024-06-22T13:20:00.410+0000] {logging_mixin.py:137} INFO - [2024-06-22T13:20:00.410+0000] {dag.py:2676} INFO - Sync 1 DAGs
[2024-06-22T13:20:00.442+0000] {logging_mixin.py:137} INFO - [2024-06-22T13:20:00.442+0000] {dag.py:3427} INFO - Setting next_dagrun for latest_only_with_trigger to 2024-06-22T09:20:00.442420+00:00, run_after=2024-06-22T13:20:00.442420+00:00
[2024-06-22T13:20:00.468+0000] {processor.py:175} INFO - Processing /home/airflow/.local/lib/python3.7/site-packages/airflow/example_dags/example_latest_only_with_trigger.py took 0.132 seconds
[2024-06-22T13:20:30.648+0000] {processor.py:153} INFO - Started process (PID=811) to work on /home/airflow/.local/lib/python3.7/site-packages/airflow/example_dags/example_latest_only_with_trigger.py
[2024-06-22T13:20:30.650+0000] {processor.py:743} INFO - Processing file /home/airflow/.local/lib/python3.7/site-packages/airflow/example_dags/example_latest_only_with_trigger.py for tasks to queue
[2024-06-22T13:20:30.651+0000] {logging_mixin.py:137} INFO - [2024-06-22T13:20:30.651+0000] {dagbag.py:538} INFO - Filling up the DagBag from /home/airflow/.local/lib/python3.7/site-packages/airflow/example_dags/example_latest_only_with_trigger.py
[2024-06-22T13:20:30.668+0000] {processor.py:753} INFO - DAG(s) dict_keys(['latest_only_with_trigger']) retrieved from /home/airflow/.local/lib/python3.7/site-packages/airflow/example_dags/example_latest_only_with_trigger.py
[2024-06-22T13:20:30.711+0000] {logging_mixin.py:137} INFO - [2024-06-22T13:20:30.711+0000] {dag.py:2676} INFO - Sync 1 DAGs
[2024-06-22T13:20:30.742+0000] {logging_mixin.py:137} INFO - [2024-06-22T13:20:30.741+0000] {dag.py:3427} INFO - Setting next_dagrun for latest_only_with_trigger to 2024-06-22T09:20:30.741510+00:00, run_after=2024-06-22T13:20:30.741510+00:00
[2024-06-22T13:20:30.768+0000] {processor.py:175} INFO - Processing /home/airflow/.local/lib/python3.7/site-packages/airflow/example_dags/example_latest_only_with_trigger.py took 0.123 seconds
[2024-06-22T13:21:01.209+0000] {processor.py:153} INFO - Started process (PID=853) to work on /home/airflow/.local/lib/python3.7/site-packages/airflow/example_dags/example_latest_only_with_trigger.py
[2024-06-22T13:21:01.211+0000] {processor.py:743} INFO - Processing file /home/airflow/.local/lib/python3.7/site-packages/airflow/example_dags/example_latest_only_with_trigger.py for tasks to queue
[2024-06-22T13:21:01.212+0000] {logging_mixin.py:137} INFO - [2024-06-22T13:21:01.212+0000] {dagbag.py:538} INFO - Filling up the DagBag from /home/airflow/.local/lib/python3.7/site-packages/airflow/example_dags/example_latest_only_with_trigger.py
[2024-06-22T13:21:01.233+0000] {processor.py:753} INFO - DAG(s) dict_keys(['latest_only_with_trigger']) retrieved from /home/airflow/.local/lib/python3.7/site-packages/airflow/example_dags/example_latest_only_with_trigger.py
[2024-06-22T13:21:01.273+0000] {logging_mixin.py:137} INFO - [2024-06-22T13:21:01.273+0000] {dag.py:2676} INFO - Sync 1 DAGs
[2024-06-22T13:21:01.302+0000] {logging_mixin.py:137} INFO - [2024-06-22T13:21:01.302+0000] {dag.py:3427} INFO - Setting next_dagrun for latest_only_with_trigger to 2024-06-22T09:21:01.301847+00:00, run_after=2024-06-22T13:21:01.301847+00:00
[2024-06-22T13:21:01.330+0000] {processor.py:175} INFO - Processing /home/airflow/.local/lib/python3.7/site-packages/airflow/example_dags/example_latest_only_with_trigger.py took 0.125 seconds
[2024-06-22T13:21:31.677+0000] {processor.py:153} INFO - Started process (PID=895) to work on /home/airflow/.local/lib/python3.7/site-packages/airflow/example_dags/example_latest_only_with_trigger.py
[2024-06-22T13:21:31.678+0000] {processor.py:743} INFO - Processing file /home/airflow/.local/lib/python3.7/site-packages/airflow/example_dags/example_latest_only_with_trigger.py for tasks to queue
[2024-06-22T13:21:31.679+0000] {logging_mixin.py:137} INFO - [2024-06-22T13:21:31.679+0000] {dagbag.py:538} INFO - Filling up the DagBag from /home/airflow/.local/lib/python3.7/site-packages/airflow/example_dags/example_latest_only_with_trigger.py
[2024-06-22T13:21:31.694+0000] {processor.py:753} INFO - DAG(s) dict_keys(['latest_only_with_trigger']) retrieved from /home/airflow/.local/lib/python3.7/site-packages/airflow/example_dags/example_latest_only_with_trigger.py
[2024-06-22T13:21:31.736+0000] {logging_mixin.py:137} INFO - [2024-06-22T13:21:31.736+0000] {dag.py:2676} INFO - Sync 1 DAGs
[2024-06-22T13:21:31.764+0000] {logging_mixin.py:137} INFO - [2024-06-22T13:21:31.763+0000] {dag.py:3427} INFO - Setting next_dagrun for latest_only_with_trigger to 2024-06-22T09:21:31.763673+00:00, run_after=2024-06-22T13:21:31.763673+00:00
[2024-06-22T13:21:31.788+0000] {processor.py:175} INFO - Processing /home/airflow/.local/lib/python3.7/site-packages/airflow/example_dags/example_latest_only_with_trigger.py took 0.115 seconds
[2024-06-22T13:22:02.205+0000] {processor.py:153} INFO - Started process (PID=937) to work on /home/airflow/.local/lib/python3.7/site-packages/airflow/example_dags/example_latest_only_with_trigger.py
[2024-06-22T13:22:02.206+0000] {processor.py:743} INFO - Processing file /home/airflow/.local/lib/python3.7/site-packages/airflow/example_dags/example_latest_only_with_trigger.py for tasks to queue
[2024-06-22T13:22:02.207+0000] {logging_mixin.py:137} INFO - [2024-06-22T13:22:02.207+0000] {dagbag.py:538} INFO - Filling up the DagBag from /home/airflow/.local/lib/python3.7/site-packages/airflow/example_dags/example_latest_only_with_trigger.py
[2024-06-22T13:22:02.222+0000] {processor.py:753} INFO - DAG(s) dict_keys(['latest_only_with_trigger']) retrieved from /home/airflow/.local/lib/python3.7/site-packages/airflow/example_dags/example_latest_only_with_trigger.py
[2024-06-22T13:22:02.277+0000] {logging_mixin.py:137} INFO - [2024-06-22T13:22:02.276+0000] {dag.py:2676} INFO - Sync 1 DAGs
[2024-06-22T13:22:02.309+0000] {logging_mixin.py:137} INFO - [2024-06-22T13:22:02.309+0000] {dag.py:3427} INFO - Setting next_dagrun for latest_only_with_trigger to 2024-06-22T09:22:02.308872+00:00, run_after=2024-06-22T13:22:02.308872+00:00
[2024-06-22T13:22:02.333+0000] {processor.py:175} INFO - Processing /home/airflow/.local/lib/python3.7/site-packages/airflow/example_dags/example_latest_only_with_trigger.py took 0.131 seconds
[2024-06-22T13:22:33.332+0000] {processor.py:153} INFO - Started process (PID=979) to work on /home/airflow/.local/lib/python3.7/site-packages/airflow/example_dags/example_latest_only_with_trigger.py
[2024-06-22T13:22:33.333+0000] {processor.py:743} INFO - Processing file /home/airflow/.local/lib/python3.7/site-packages/airflow/example_dags/example_latest_only_with_trigger.py for tasks to queue
[2024-06-22T13:22:33.334+0000] {logging_mixin.py:137} INFO - [2024-06-22T13:22:33.334+0000] {dagbag.py:538} INFO - Filling up the DagBag from /home/airflow/.local/lib/python3.7/site-packages/airflow/example_dags/example_latest_only_with_trigger.py
[2024-06-22T13:22:33.351+0000] {processor.py:753} INFO - DAG(s) dict_keys(['latest_only_with_trigger']) retrieved from /home/airflow/.local/lib/python3.7/site-packages/airflow/example_dags/example_latest_only_with_trigger.py
[2024-06-22T13:22:33.393+0000] {logging_mixin.py:137} INFO - [2024-06-22T13:22:33.392+0000] {dag.py:2676} INFO - Sync 1 DAGs
[2024-06-22T13:22:33.420+0000] {logging_mixin.py:137} INFO - [2024-06-22T13:22:33.420+0000] {dag.py:3427} INFO - Setting next_dagrun for latest_only_with_trigger to 2024-06-22T09:22:33.419709+00:00, run_after=2024-06-22T13:22:33.419709+00:00
[2024-06-22T13:22:33.445+0000] {processor.py:175} INFO - Processing /home/airflow/.local/lib/python3.7/site-packages/airflow/example_dags/example_latest_only_with_trigger.py took 0.117 seconds
[2024-06-22T13:23:03.668+0000] {processor.py:153} INFO - Started process (PID=1021) to work on /home/airflow/.local/lib/python3.7/site-packages/airflow/example_dags/example_latest_only_with_trigger.py
[2024-06-22T13:23:03.670+0000] {processor.py:743} INFO - Processing file /home/airflow/.local/lib/python3.7/site-packages/airflow/example_dags/example_latest_only_with_trigger.py for tasks to queue
[2024-06-22T13:23:03.671+0000] {logging_mixin.py:137} INFO - [2024-06-22T13:23:03.670+0000] {dagbag.py:538} INFO - Filling up the DagBag from /home/airflow/.local/lib/python3.7/site-packages/airflow/example_dags/example_latest_only_with_trigger.py
[2024-06-22T13:23:03.687+0000] {processor.py:753} INFO - DAG(s) dict_keys(['latest_only_with_trigger']) retrieved from /home/airflow/.local/lib/python3.7/site-packages/airflow/example_dags/example_latest_only_with_trigger.py
[2024-06-22T13:23:03.733+0000] {logging_mixin.py:137} INFO - [2024-06-22T13:23:03.733+0000] {dag.py:2676} INFO - Sync 1 DAGs
[2024-06-22T13:23:03.760+0000] {logging_mixin.py:137} INFO - [2024-06-22T13:23:03.760+0000] {dag.py:3427} INFO - Setting next_dagrun for latest_only_with_trigger to 2024-06-22T09:23:03.760125+00:00, run_after=2024-06-22T13:23:03.760125+00:00
[2024-06-22T13:23:03.788+0000] {processor.py:175} INFO - Processing /home/airflow/.local/lib/python3.7/site-packages/airflow/example_dags/example_latest_only_with_trigger.py took 0.126 seconds
[2024-06-22T13:23:33.945+0000] {processor.py:153} INFO - Started process (PID=1063) to work on /home/airflow/.local/lib/python3.7/site-packages/airflow/example_dags/example_latest_only_with_trigger.py
[2024-06-22T13:23:33.946+0000] {processor.py:743} INFO - Processing file /home/airflow/.local/lib/python3.7/site-packages/airflow/example_dags/example_latest_only_with_trigger.py for tasks to queue
[2024-06-22T13:23:33.946+0000] {logging_mixin.py:137} INFO - [2024-06-22T13:23:33.946+0000] {dagbag.py:538} INFO - Filling up the DagBag from /home/airflow/.local/lib/python3.7/site-packages/airflow/example_dags/example_latest_only_with_trigger.py
[2024-06-22T13:23:33.962+0000] {processor.py:753} INFO - DAG(s) dict_keys(['latest_only_with_trigger']) retrieved from /home/airflow/.local/lib/python3.7/site-packages/airflow/example_dags/example_latest_only_with_trigger.py
[2024-06-22T13:23:34.001+0000] {logging_mixin.py:137} INFO - [2024-06-22T13:23:34.001+0000] {dag.py:2676} INFO - Sync 1 DAGs
[2024-06-22T13:23:34.028+0000] {logging_mixin.py:137} INFO - [2024-06-22T13:23:34.027+0000] {dag.py:3427} INFO - Setting next_dagrun for latest_only_with_trigger to 2024-06-22T09:23:34.027582+00:00, run_after=2024-06-22T13:23:34.027582+00:00
[2024-06-22T13:23:34.058+0000] {processor.py:175} INFO - Processing /home/airflow/.local/lib/python3.7/site-packages/airflow/example_dags/example_latest_only_with_trigger.py took 0.116 seconds
[2024-06-22T13:24:04.521+0000] {processor.py:153} INFO - Started process (PID=1105) to work on /home/airflow/.local/lib/python3.7/site-packages/airflow/example_dags/example_latest_only_with_trigger.py
[2024-06-22T13:24:04.523+0000] {processor.py:743} INFO - Processing file /home/airflow/.local/lib/python3.7/site-packages/airflow/example_dags/example_latest_only_with_trigger.py for tasks to queue
[2024-06-22T13:24:04.524+0000] {logging_mixin.py:137} INFO - [2024-06-22T13:24:04.524+0000] {dagbag.py:538} INFO - Filling up the DagBag from /home/airflow/.local/lib/python3.7/site-packages/airflow/example_dags/example_latest_only_with_trigger.py
[2024-06-22T13:24:04.538+0000] {processor.py:753} INFO - DAG(s) dict_keys(['latest_only_with_trigger']) retrieved from /home/airflow/.local/lib/python3.7/site-packages/airflow/example_dags/example_latest_only_with_trigger.py
[2024-06-22T13:24:04.577+0000] {logging_mixin.py:137} INFO - [2024-06-22T13:24:04.577+0000] {dag.py:2676} INFO - Sync 1 DAGs
[2024-06-22T13:24:04.603+0000] {logging_mixin.py:137} INFO - [2024-06-22T13:24:04.603+0000] {dag.py:3427} INFO - Setting next_dagrun for latest_only_with_trigger to 2024-06-22T09:24:04.602856+00:00, run_after=2024-06-22T13:24:04.602856+00:00
[2024-06-22T13:24:04.632+0000] {processor.py:175} INFO - Processing /home/airflow/.local/lib/python3.7/site-packages/airflow/example_dags/example_latest_only_with_trigger.py took 0.114 seconds
[2024-06-22T13:24:34.838+0000] {processor.py:153} INFO - Started process (PID=1144) to work on /home/airflow/.local/lib/python3.7/site-packages/airflow/example_dags/example_latest_only_with_trigger.py
[2024-06-22T13:24:34.840+0000] {processor.py:743} INFO - Processing file /home/airflow/.local/lib/python3.7/site-packages/airflow/example_dags/example_latest_only_with_trigger.py for tasks to queue
[2024-06-22T13:24:34.841+0000] {logging_mixin.py:137} INFO - [2024-06-22T13:24:34.840+0000] {dagbag.py:538} INFO - Filling up the DagBag from /home/airflow/.local/lib/python3.7/site-packages/airflow/example_dags/example_latest_only_with_trigger.py
[2024-06-22T13:24:34.856+0000] {processor.py:753} INFO - DAG(s) dict_keys(['latest_only_with_trigger']) retrieved from /home/airflow/.local/lib/python3.7/site-packages/airflow/example_dags/example_latest_only_with_trigger.py
[2024-06-22T13:24:34.905+0000] {logging_mixin.py:137} INFO - [2024-06-22T13:24:34.904+0000] {dag.py:2676} INFO - Sync 1 DAGs
[2024-06-22T13:24:34.931+0000] {logging_mixin.py:137} INFO - [2024-06-22T13:24:34.931+0000] {dag.py:3427} INFO - Setting next_dagrun for latest_only_with_trigger to 2024-06-22T09:24:34.930723+00:00, run_after=2024-06-22T13:24:34.930723+00:00
[2024-06-22T13:24:34.959+0000] {processor.py:175} INFO - Processing /home/airflow/.local/lib/python3.7/site-packages/airflow/example_dags/example_latest_only_with_trigger.py took 0.124 seconds
[2024-06-22T13:25:05.103+0000] {processor.py:153} INFO - Started process (PID=1183) to work on /home/airflow/.local/lib/python3.7/site-packages/airflow/example_dags/example_latest_only_with_trigger.py
[2024-06-22T13:25:05.104+0000] {processor.py:743} INFO - Processing file /home/airflow/.local/lib/python3.7/site-packages/airflow/example_dags/example_latest_only_with_trigger.py for tasks to queue
[2024-06-22T13:25:05.105+0000] {logging_mixin.py:137} INFO - [2024-06-22T13:25:05.105+0000] {dagbag.py:538} INFO - Filling up the DagBag from /home/airflow/.local/lib/python3.7/site-packages/airflow/example_dags/example_latest_only_with_trigger.py
[2024-06-22T13:25:05.120+0000] {processor.py:753} INFO - DAG(s) dict_keys(['latest_only_with_trigger']) retrieved from /home/airflow/.local/lib/python3.7/site-packages/airflow/example_dags/example_latest_only_with_trigger.py
[2024-06-22T13:25:05.161+0000] {logging_mixin.py:137} INFO - [2024-06-22T13:25:05.161+0000] {dag.py:2676} INFO - Sync 1 DAGs
[2024-06-22T13:25:05.189+0000] {logging_mixin.py:137} INFO - [2024-06-22T13:25:05.189+0000] {dag.py:3427} INFO - Setting next_dagrun for latest_only_with_trigger to 2024-06-22T09:25:05.188859+00:00, run_after=2024-06-22T13:25:05.188859+00:00
[2024-06-22T13:25:05.216+0000] {processor.py:175} INFO - Processing /home/airflow/.local/lib/python3.7/site-packages/airflow/example_dags/example_latest_only_with_trigger.py took 0.117 seconds
[2024-06-22T13:25:35.691+0000] {processor.py:153} INFO - Started process (PID=1222) to work on /home/airflow/.local/lib/python3.7/site-packages/airflow/example_dags/example_latest_only_with_trigger.py
[2024-06-22T13:25:35.692+0000] {processor.py:743} INFO - Processing file /home/airflow/.local/lib/python3.7/site-packages/airflow/example_dags/example_latest_only_with_trigger.py for tasks to queue
[2024-06-22T13:25:35.693+0000] {logging_mixin.py:137} INFO - [2024-06-22T13:25:35.693+0000] {dagbag.py:538} INFO - Filling up the DagBag from /home/airflow/.local/lib/python3.7/site-packages/airflow/example_dags/example_latest_only_with_trigger.py
[2024-06-22T13:25:35.721+0000] {processor.py:753} INFO - DAG(s) dict_keys(['latest_only_with_trigger']) retrieved from /home/airflow/.local/lib/python3.7/site-packages/airflow/example_dags/example_latest_only_with_trigger.py
[2024-06-22T13:25:35.768+0000] {logging_mixin.py:137} INFO - [2024-06-22T13:25:35.767+0000] {dag.py:2676} INFO - Sync 1 DAGs
[2024-06-22T13:25:35.797+0000] {logging_mixin.py:137} INFO - [2024-06-22T13:25:35.797+0000] {dag.py:3427} INFO - Setting next_dagrun for latest_only_with_trigger to 2024-06-22T09:25:35.797498+00:00, run_after=2024-06-22T13:25:35.797498+00:00
[2024-06-22T13:25:35.824+0000] {processor.py:175} INFO - Processing /home/airflow/.local/lib/python3.7/site-packages/airflow/example_dags/example_latest_only_with_trigger.py took 0.136 seconds
