[2024-06-22T13:11:18.789+0000] {processor.py:153} INFO - Started process (PID=43) to work on /home/airflow/.local/lib/python3.7/site-packages/airflow/example_dags/example_complex.py
[2024-06-22T13:11:18.791+0000] {processor.py:743} INFO - Processing file /home/airflow/.local/lib/python3.7/site-packages/airflow/example_dags/example_complex.py for tasks to queue
[2024-06-22T13:11:18.792+0000] {logging_mixin.py:137} INFO - [2024-06-22T13:11:18.792+0000] {dagbag.py:538} INFO - Filling up the DagBag from /home/airflow/.local/lib/python3.7/site-packages/airflow/example_dags/example_complex.py
[2024-06-22T13:11:18.813+0000] {logging_mixin.py:137} INFO - [2024-06-22T13:11:18.813+0000] {taskmixin.py:205} WARNING - Dependency <Task(BashOperator): create_entry_group>, delete_entry_group already registered for DAG: example_complex
[2024-06-22T13:11:18.814+0000] {logging_mixin.py:137} INFO - [2024-06-22T13:11:18.813+0000] {taskmixin.py:205} WARNING - Dependency <Task(BashOperator): delete_entry_group>, create_entry_group already registered for DAG: example_complex
[2024-06-22T13:11:18.814+0000] {logging_mixin.py:137} INFO - [2024-06-22T13:11:18.814+0000] {taskmixin.py:205} WARNING - Dependency <Task(BashOperator): create_entry_gcs>, delete_entry already registered for DAG: example_complex
[2024-06-22T13:11:18.814+0000] {logging_mixin.py:137} INFO - [2024-06-22T13:11:18.814+0000] {taskmixin.py:205} WARNING - Dependency <Task(BashOperator): delete_entry>, create_entry_gcs already registered for DAG: example_complex
[2024-06-22T13:11:18.815+0000] {logging_mixin.py:137} INFO - [2024-06-22T13:11:18.815+0000] {taskmixin.py:205} WARNING - Dependency <Task(BashOperator): create_tag>, delete_tag already registered for DAG: example_complex
[2024-06-22T13:11:18.815+0000] {logging_mixin.py:137} INFO - [2024-06-22T13:11:18.815+0000] {taskmixin.py:205} WARNING - Dependency <Task(BashOperator): delete_tag>, create_tag already registered for DAG: example_complex
[2024-06-22T13:11:18.828+0000] {processor.py:753} INFO - DAG(s) dict_keys(['example_complex']) retrieved from /home/airflow/.local/lib/python3.7/site-packages/airflow/example_dags/example_complex.py
[2024-06-22T13:11:18.876+0000] {logging_mixin.py:137} INFO - [2024-06-22T13:11:18.875+0000] {dag.py:2676} INFO - Sync 1 DAGs
[2024-06-22T13:11:18.916+0000] {logging_mixin.py:137} INFO - [2024-06-22T13:11:18.916+0000] {dag.py:3427} INFO - Setting next_dagrun for example_complex to None, run_after=None
[2024-06-22T13:11:18.942+0000] {processor.py:175} INFO - Processing /home/airflow/.local/lib/python3.7/site-packages/airflow/example_dags/example_complex.py took 0.157 seconds
[2024-06-22T13:11:49.025+0000] {processor.py:153} INFO - Started process (PID=83) to work on /home/airflow/.local/lib/python3.7/site-packages/airflow/example_dags/example_complex.py
[2024-06-22T13:11:49.026+0000] {processor.py:743} INFO - Processing file /home/airflow/.local/lib/python3.7/site-packages/airflow/example_dags/example_complex.py for tasks to queue
[2024-06-22T13:11:49.027+0000] {logging_mixin.py:137} INFO - [2024-06-22T13:11:49.027+0000] {dagbag.py:538} INFO - Filling up the DagBag from /home/airflow/.local/lib/python3.7/site-packages/airflow/example_dags/example_complex.py
[2024-06-22T13:11:49.043+0000] {logging_mixin.py:137} INFO - [2024-06-22T13:11:49.043+0000] {taskmixin.py:205} WARNING - Dependency <Task(BashOperator): create_entry_group>, delete_entry_group already registered for DAG: example_complex
[2024-06-22T13:11:49.044+0000] {logging_mixin.py:137} INFO - [2024-06-22T13:11:49.044+0000] {taskmixin.py:205} WARNING - Dependency <Task(BashOperator): delete_entry_group>, create_entry_group already registered for DAG: example_complex
[2024-06-22T13:11:49.045+0000] {logging_mixin.py:137} INFO - [2024-06-22T13:11:49.044+0000] {taskmixin.py:205} WARNING - Dependency <Task(BashOperator): create_entry_gcs>, delete_entry already registered for DAG: example_complex
[2024-06-22T13:11:49.045+0000] {logging_mixin.py:137} INFO - [2024-06-22T13:11:49.045+0000] {taskmixin.py:205} WARNING - Dependency <Task(BashOperator): delete_entry>, create_entry_gcs already registered for DAG: example_complex
[2024-06-22T13:11:49.046+0000] {logging_mixin.py:137} INFO - [2024-06-22T13:11:49.046+0000] {taskmixin.py:205} WARNING - Dependency <Task(BashOperator): create_tag>, delete_tag already registered for DAG: example_complex
[2024-06-22T13:11:49.046+0000] {logging_mixin.py:137} INFO - [2024-06-22T13:11:49.046+0000] {taskmixin.py:205} WARNING - Dependency <Task(BashOperator): delete_tag>, create_tag already registered for DAG: example_complex
[2024-06-22T13:11:49.056+0000] {processor.py:753} INFO - DAG(s) dict_keys(['example_complex']) retrieved from /home/airflow/.local/lib/python3.7/site-packages/airflow/example_dags/example_complex.py
[2024-06-22T13:11:49.087+0000] {logging_mixin.py:137} INFO - [2024-06-22T13:11:49.087+0000] {dag.py:2676} INFO - Sync 1 DAGs
[2024-06-22T13:11:49.124+0000] {logging_mixin.py:137} INFO - [2024-06-22T13:11:49.124+0000] {dag.py:3427} INFO - Setting next_dagrun for example_complex to None, run_after=None
[2024-06-22T13:11:49.157+0000] {processor.py:175} INFO - Processing /home/airflow/.local/lib/python3.7/site-packages/airflow/example_dags/example_complex.py took 0.137 seconds
[2024-06-22T13:12:19.459+0000] {processor.py:153} INFO - Started process (PID=125) to work on /home/airflow/.local/lib/python3.7/site-packages/airflow/example_dags/example_complex.py
[2024-06-22T13:12:19.460+0000] {processor.py:743} INFO - Processing file /home/airflow/.local/lib/python3.7/site-packages/airflow/example_dags/example_complex.py for tasks to queue
[2024-06-22T13:12:19.461+0000] {logging_mixin.py:137} INFO - [2024-06-22T13:12:19.461+0000] {dagbag.py:538} INFO - Filling up the DagBag from /home/airflow/.local/lib/python3.7/site-packages/airflow/example_dags/example_complex.py
[2024-06-22T13:12:19.473+0000] {logging_mixin.py:137} INFO - [2024-06-22T13:12:19.473+0000] {taskmixin.py:205} WARNING - Dependency <Task(BashOperator): create_entry_group>, delete_entry_group already registered for DAG: example_complex
[2024-06-22T13:12:19.473+0000] {logging_mixin.py:137} INFO - [2024-06-22T13:12:19.473+0000] {taskmixin.py:205} WARNING - Dependency <Task(BashOperator): delete_entry_group>, create_entry_group already registered for DAG: example_complex
[2024-06-22T13:12:19.474+0000] {logging_mixin.py:137} INFO - [2024-06-22T13:12:19.474+0000] {taskmixin.py:205} WARNING - Dependency <Task(BashOperator): create_entry_gcs>, delete_entry already registered for DAG: example_complex
[2024-06-22T13:12:19.474+0000] {logging_mixin.py:137} INFO - [2024-06-22T13:12:19.474+0000] {taskmixin.py:205} WARNING - Dependency <Task(BashOperator): delete_entry>, create_entry_gcs already registered for DAG: example_complex
[2024-06-22T13:12:19.475+0000] {logging_mixin.py:137} INFO - [2024-06-22T13:12:19.475+0000] {taskmixin.py:205} WARNING - Dependency <Task(BashOperator): create_tag>, delete_tag already registered for DAG: example_complex
[2024-06-22T13:12:19.475+0000] {logging_mixin.py:137} INFO - [2024-06-22T13:12:19.475+0000] {taskmixin.py:205} WARNING - Dependency <Task(BashOperator): delete_tag>, create_tag already registered for DAG: example_complex
[2024-06-22T13:12:19.483+0000] {processor.py:753} INFO - DAG(s) dict_keys(['example_complex']) retrieved from /home/airflow/.local/lib/python3.7/site-packages/airflow/example_dags/example_complex.py
[2024-06-22T13:12:19.538+0000] {logging_mixin.py:137} INFO - [2024-06-22T13:12:19.538+0000] {dag.py:2676} INFO - Sync 1 DAGs
[2024-06-22T13:12:19.563+0000] {logging_mixin.py:137} INFO - [2024-06-22T13:12:19.562+0000] {dag.py:3427} INFO - Setting next_dagrun for example_complex to None, run_after=None
[2024-06-22T13:12:19.590+0000] {processor.py:175} INFO - Processing /home/airflow/.local/lib/python3.7/site-packages/airflow/example_dags/example_complex.py took 0.135 seconds
[2024-06-22T13:12:50.231+0000] {processor.py:153} INFO - Started process (PID=167) to work on /home/airflow/.local/lib/python3.7/site-packages/airflow/example_dags/example_complex.py
[2024-06-22T13:12:50.232+0000] {processor.py:743} INFO - Processing file /home/airflow/.local/lib/python3.7/site-packages/airflow/example_dags/example_complex.py for tasks to queue
[2024-06-22T13:12:50.233+0000] {logging_mixin.py:137} INFO - [2024-06-22T13:12:50.233+0000] {dagbag.py:538} INFO - Filling up the DagBag from /home/airflow/.local/lib/python3.7/site-packages/airflow/example_dags/example_complex.py
[2024-06-22T13:12:50.252+0000] {logging_mixin.py:137} INFO - [2024-06-22T13:12:50.251+0000] {taskmixin.py:205} WARNING - Dependency <Task(BashOperator): create_entry_group>, delete_entry_group already registered for DAG: example_complex
[2024-06-22T13:12:50.252+0000] {logging_mixin.py:137} INFO - [2024-06-22T13:12:50.252+0000] {taskmixin.py:205} WARNING - Dependency <Task(BashOperator): delete_entry_group>, create_entry_group already registered for DAG: example_complex
[2024-06-22T13:12:50.253+0000] {logging_mixin.py:137} INFO - [2024-06-22T13:12:50.253+0000] {taskmixin.py:205} WARNING - Dependency <Task(BashOperator): create_entry_gcs>, delete_entry already registered for DAG: example_complex
[2024-06-22T13:12:50.253+0000] {logging_mixin.py:137} INFO - [2024-06-22T13:12:50.253+0000] {taskmixin.py:205} WARNING - Dependency <Task(BashOperator): delete_entry>, create_entry_gcs already registered for DAG: example_complex
[2024-06-22T13:12:50.254+0000] {logging_mixin.py:137} INFO - [2024-06-22T13:12:50.254+0000] {taskmixin.py:205} WARNING - Dependency <Task(BashOperator): create_tag>, delete_tag already registered for DAG: example_complex
[2024-06-22T13:12:50.254+0000] {logging_mixin.py:137} INFO - [2024-06-22T13:12:50.254+0000] {taskmixin.py:205} WARNING - Dependency <Task(BashOperator): delete_tag>, create_tag already registered for DAG: example_complex
[2024-06-22T13:12:50.262+0000] {processor.py:753} INFO - DAG(s) dict_keys(['example_complex']) retrieved from /home/airflow/.local/lib/python3.7/site-packages/airflow/example_dags/example_complex.py
[2024-06-22T13:12:50.320+0000] {logging_mixin.py:137} INFO - [2024-06-22T13:12:50.320+0000] {dag.py:2676} INFO - Sync 1 DAGs
[2024-06-22T13:12:50.352+0000] {logging_mixin.py:137} INFO - [2024-06-22T13:12:50.352+0000] {dag.py:3427} INFO - Setting next_dagrun for example_complex to None, run_after=None
[2024-06-22T13:12:50.378+0000] {processor.py:175} INFO - Processing /home/airflow/.local/lib/python3.7/site-packages/airflow/example_dags/example_complex.py took 0.152 seconds
[2024-06-22T13:13:20.884+0000] {processor.py:153} INFO - Started process (PID=209) to work on /home/airflow/.local/lib/python3.7/site-packages/airflow/example_dags/example_complex.py
[2024-06-22T13:13:20.885+0000] {processor.py:743} INFO - Processing file /home/airflow/.local/lib/python3.7/site-packages/airflow/example_dags/example_complex.py for tasks to queue
[2024-06-22T13:13:20.886+0000] {logging_mixin.py:137} INFO - [2024-06-22T13:13:20.886+0000] {dagbag.py:538} INFO - Filling up the DagBag from /home/airflow/.local/lib/python3.7/site-packages/airflow/example_dags/example_complex.py
[2024-06-22T13:13:20.898+0000] {logging_mixin.py:137} INFO - [2024-06-22T13:13:20.898+0000] {taskmixin.py:205} WARNING - Dependency <Task(BashOperator): create_entry_group>, delete_entry_group already registered for DAG: example_complex
[2024-06-22T13:13:20.898+0000] {logging_mixin.py:137} INFO - [2024-06-22T13:13:20.898+0000] {taskmixin.py:205} WARNING - Dependency <Task(BashOperator): delete_entry_group>, create_entry_group already registered for DAG: example_complex
[2024-06-22T13:13:20.899+0000] {logging_mixin.py:137} INFO - [2024-06-22T13:13:20.899+0000] {taskmixin.py:205} WARNING - Dependency <Task(BashOperator): create_entry_gcs>, delete_entry already registered for DAG: example_complex
[2024-06-22T13:13:20.900+0000] {logging_mixin.py:137} INFO - [2024-06-22T13:13:20.900+0000] {taskmixin.py:205} WARNING - Dependency <Task(BashOperator): delete_entry>, create_entry_gcs already registered for DAG: example_complex
[2024-06-22T13:13:20.900+0000] {logging_mixin.py:137} INFO - [2024-06-22T13:13:20.900+0000] {taskmixin.py:205} WARNING - Dependency <Task(BashOperator): create_tag>, delete_tag already registered for DAG: example_complex
[2024-06-22T13:13:20.901+0000] {logging_mixin.py:137} INFO - [2024-06-22T13:13:20.901+0000] {taskmixin.py:205} WARNING - Dependency <Task(BashOperator): delete_tag>, create_tag already registered for DAG: example_complex
[2024-06-22T13:13:20.908+0000] {processor.py:753} INFO - DAG(s) dict_keys(['example_complex']) retrieved from /home/airflow/.local/lib/python3.7/site-packages/airflow/example_dags/example_complex.py
[2024-06-22T13:13:20.953+0000] {logging_mixin.py:137} INFO - [2024-06-22T13:13:20.953+0000] {dag.py:2676} INFO - Sync 1 DAGs
[2024-06-22T13:13:20.980+0000] {logging_mixin.py:137} INFO - [2024-06-22T13:13:20.980+0000] {dag.py:3427} INFO - Setting next_dagrun for example_complex to None, run_after=None
[2024-06-22T13:13:21.011+0000] {processor.py:175} INFO - Processing /home/airflow/.local/lib/python3.7/site-packages/airflow/example_dags/example_complex.py took 0.130 seconds
[2024-06-22T13:13:51.510+0000] {processor.py:153} INFO - Started process (PID=251) to work on /home/airflow/.local/lib/python3.7/site-packages/airflow/example_dags/example_complex.py
[2024-06-22T13:13:51.512+0000] {processor.py:743} INFO - Processing file /home/airflow/.local/lib/python3.7/site-packages/airflow/example_dags/example_complex.py for tasks to queue
[2024-06-22T13:13:51.514+0000] {logging_mixin.py:137} INFO - [2024-06-22T13:13:51.513+0000] {dagbag.py:538} INFO - Filling up the DagBag from /home/airflow/.local/lib/python3.7/site-packages/airflow/example_dags/example_complex.py
[2024-06-22T13:13:51.528+0000] {logging_mixin.py:137} INFO - [2024-06-22T13:13:51.528+0000] {taskmixin.py:205} WARNING - Dependency <Task(BashOperator): create_entry_group>, delete_entry_group already registered for DAG: example_complex
[2024-06-22T13:13:51.529+0000] {logging_mixin.py:137} INFO - [2024-06-22T13:13:51.529+0000] {taskmixin.py:205} WARNING - Dependency <Task(BashOperator): delete_entry_group>, create_entry_group already registered for DAG: example_complex
[2024-06-22T13:13:51.529+0000] {logging_mixin.py:137} INFO - [2024-06-22T13:13:51.529+0000] {taskmixin.py:205} WARNING - Dependency <Task(BashOperator): create_entry_gcs>, delete_entry already registered for DAG: example_complex
[2024-06-22T13:13:51.530+0000] {logging_mixin.py:137} INFO - [2024-06-22T13:13:51.530+0000] {taskmixin.py:205} WARNING - Dependency <Task(BashOperator): delete_entry>, create_entry_gcs already registered for DAG: example_complex
[2024-06-22T13:13:51.531+0000] {logging_mixin.py:137} INFO - [2024-06-22T13:13:51.530+0000] {taskmixin.py:205} WARNING - Dependency <Task(BashOperator): create_tag>, delete_tag already registered for DAG: example_complex
[2024-06-22T13:13:51.531+0000] {logging_mixin.py:137} INFO - [2024-06-22T13:13:51.531+0000] {taskmixin.py:205} WARNING - Dependency <Task(BashOperator): delete_tag>, create_tag already registered for DAG: example_complex
[2024-06-22T13:13:51.538+0000] {processor.py:753} INFO - DAG(s) dict_keys(['example_complex']) retrieved from /home/airflow/.local/lib/python3.7/site-packages/airflow/example_dags/example_complex.py
[2024-06-22T13:13:51.587+0000] {logging_mixin.py:137} INFO - [2024-06-22T13:13:51.587+0000] {dag.py:2676} INFO - Sync 1 DAGs
[2024-06-22T13:13:51.615+0000] {logging_mixin.py:137} INFO - [2024-06-22T13:13:51.614+0000] {dag.py:3427} INFO - Setting next_dagrun for example_complex to None, run_after=None
[2024-06-22T13:13:51.645+0000] {processor.py:175} INFO - Processing /home/airflow/.local/lib/python3.7/site-packages/airflow/example_dags/example_complex.py took 0.137 seconds
[2024-06-22T13:14:22.283+0000] {processor.py:153} INFO - Started process (PID=293) to work on /home/airflow/.local/lib/python3.7/site-packages/airflow/example_dags/example_complex.py
[2024-06-22T13:14:22.284+0000] {processor.py:743} INFO - Processing file /home/airflow/.local/lib/python3.7/site-packages/airflow/example_dags/example_complex.py for tasks to queue
[2024-06-22T13:14:22.286+0000] {logging_mixin.py:137} INFO - [2024-06-22T13:14:22.285+0000] {dagbag.py:538} INFO - Filling up the DagBag from /home/airflow/.local/lib/python3.7/site-packages/airflow/example_dags/example_complex.py
[2024-06-22T13:14:22.313+0000] {logging_mixin.py:137} INFO - [2024-06-22T13:14:22.313+0000] {taskmixin.py:205} WARNING - Dependency <Task(BashOperator): create_entry_group>, delete_entry_group already registered for DAG: example_complex
[2024-06-22T13:14:22.314+0000] {logging_mixin.py:137} INFO - [2024-06-22T13:14:22.314+0000] {taskmixin.py:205} WARNING - Dependency <Task(BashOperator): delete_entry_group>, create_entry_group already registered for DAG: example_complex
[2024-06-22T13:14:22.314+0000] {logging_mixin.py:137} INFO - [2024-06-22T13:14:22.314+0000] {taskmixin.py:205} WARNING - Dependency <Task(BashOperator): create_entry_gcs>, delete_entry already registered for DAG: example_complex
[2024-06-22T13:14:22.315+0000] {logging_mixin.py:137} INFO - [2024-06-22T13:14:22.315+0000] {taskmixin.py:205} WARNING - Dependency <Task(BashOperator): delete_entry>, create_entry_gcs already registered for DAG: example_complex
[2024-06-22T13:14:22.316+0000] {logging_mixin.py:137} INFO - [2024-06-22T13:14:22.316+0000] {taskmixin.py:205} WARNING - Dependency <Task(BashOperator): create_tag>, delete_tag already registered for DAG: example_complex
[2024-06-22T13:14:22.317+0000] {logging_mixin.py:137} INFO - [2024-06-22T13:14:22.317+0000] {taskmixin.py:205} WARNING - Dependency <Task(BashOperator): delete_tag>, create_tag already registered for DAG: example_complex
[2024-06-22T13:14:22.330+0000] {processor.py:753} INFO - DAG(s) dict_keys(['example_complex']) retrieved from /home/airflow/.local/lib/python3.7/site-packages/airflow/example_dags/example_complex.py
[2024-06-22T13:14:22.385+0000] {logging_mixin.py:137} INFO - [2024-06-22T13:14:22.385+0000] {dag.py:2676} INFO - Sync 1 DAGs
[2024-06-22T13:14:22.420+0000] {logging_mixin.py:137} INFO - [2024-06-22T13:14:22.419+0000] {dag.py:3427} INFO - Setting next_dagrun for example_complex to None, run_after=None
[2024-06-22T13:14:22.444+0000] {processor.py:175} INFO - Processing /home/airflow/.local/lib/python3.7/site-packages/airflow/example_dags/example_complex.py took 0.165 seconds
[2024-06-22T13:14:52.980+0000] {processor.py:153} INFO - Started process (PID=335) to work on /home/airflow/.local/lib/python3.7/site-packages/airflow/example_dags/example_complex.py
[2024-06-22T13:14:52.981+0000] {processor.py:743} INFO - Processing file /home/airflow/.local/lib/python3.7/site-packages/airflow/example_dags/example_complex.py for tasks to queue
[2024-06-22T13:14:52.982+0000] {logging_mixin.py:137} INFO - [2024-06-22T13:14:52.982+0000] {dagbag.py:538} INFO - Filling up the DagBag from /home/airflow/.local/lib/python3.7/site-packages/airflow/example_dags/example_complex.py
[2024-06-22T13:14:52.997+0000] {logging_mixin.py:137} INFO - [2024-06-22T13:14:52.996+0000] {taskmixin.py:205} WARNING - Dependency <Task(BashOperator): create_entry_group>, delete_entry_group already registered for DAG: example_complex
[2024-06-22T13:14:52.997+0000] {logging_mixin.py:137} INFO - [2024-06-22T13:14:52.997+0000] {taskmixin.py:205} WARNING - Dependency <Task(BashOperator): delete_entry_group>, create_entry_group already registered for DAG: example_complex
[2024-06-22T13:14:52.998+0000] {logging_mixin.py:137} INFO - [2024-06-22T13:14:52.998+0000] {taskmixin.py:205} WARNING - Dependency <Task(BashOperator): create_entry_gcs>, delete_entry already registered for DAG: example_complex
[2024-06-22T13:14:52.998+0000] {logging_mixin.py:137} INFO - [2024-06-22T13:14:52.998+0000] {taskmixin.py:205} WARNING - Dependency <Task(BashOperator): delete_entry>, create_entry_gcs already registered for DAG: example_complex
[2024-06-22T13:14:52.999+0000] {logging_mixin.py:137} INFO - [2024-06-22T13:14:52.999+0000] {taskmixin.py:205} WARNING - Dependency <Task(BashOperator): create_tag>, delete_tag already registered for DAG: example_complex
[2024-06-22T13:14:52.999+0000] {logging_mixin.py:137} INFO - [2024-06-22T13:14:52.999+0000] {taskmixin.py:205} WARNING - Dependency <Task(BashOperator): delete_tag>, create_tag already registered for DAG: example_complex
[2024-06-22T13:14:53.020+0000] {processor.py:753} INFO - DAG(s) dict_keys(['example_complex']) retrieved from /home/airflow/.local/lib/python3.7/site-packages/airflow/example_dags/example_complex.py
[2024-06-22T13:14:53.095+0000] {logging_mixin.py:137} INFO - [2024-06-22T13:14:53.095+0000] {dag.py:2676} INFO - Sync 1 DAGs
[2024-06-22T13:14:53.122+0000] {logging_mixin.py:137} INFO - [2024-06-22T13:14:53.122+0000] {dag.py:3427} INFO - Setting next_dagrun for example_complex to None, run_after=None
[2024-06-22T13:14:53.154+0000] {processor.py:175} INFO - Processing /home/airflow/.local/lib/python3.7/site-packages/airflow/example_dags/example_complex.py took 0.177 seconds
[2024-06-22T13:15:24.125+0000] {processor.py:153} INFO - Started process (PID=377) to work on /home/airflow/.local/lib/python3.7/site-packages/airflow/example_dags/example_complex.py
[2024-06-22T13:15:24.127+0000] {processor.py:743} INFO - Processing file /home/airflow/.local/lib/python3.7/site-packages/airflow/example_dags/example_complex.py for tasks to queue
[2024-06-22T13:15:24.127+0000] {logging_mixin.py:137} INFO - [2024-06-22T13:15:24.127+0000] {dagbag.py:538} INFO - Filling up the DagBag from /home/airflow/.local/lib/python3.7/site-packages/airflow/example_dags/example_complex.py
[2024-06-22T13:15:24.140+0000] {logging_mixin.py:137} INFO - [2024-06-22T13:15:24.140+0000] {taskmixin.py:205} WARNING - Dependency <Task(BashOperator): create_entry_group>, delete_entry_group already registered for DAG: example_complex
[2024-06-22T13:15:24.140+0000] {logging_mixin.py:137} INFO - [2024-06-22T13:15:24.140+0000] {taskmixin.py:205} WARNING - Dependency <Task(BashOperator): delete_entry_group>, create_entry_group already registered for DAG: example_complex
[2024-06-22T13:15:24.141+0000] {logging_mixin.py:137} INFO - [2024-06-22T13:15:24.141+0000] {taskmixin.py:205} WARNING - Dependency <Task(BashOperator): create_entry_gcs>, delete_entry already registered for DAG: example_complex
[2024-06-22T13:15:24.141+0000] {logging_mixin.py:137} INFO - [2024-06-22T13:15:24.141+0000] {taskmixin.py:205} WARNING - Dependency <Task(BashOperator): delete_entry>, create_entry_gcs already registered for DAG: example_complex
[2024-06-22T13:15:24.142+0000] {logging_mixin.py:137} INFO - [2024-06-22T13:15:24.142+0000] {taskmixin.py:205} WARNING - Dependency <Task(BashOperator): create_tag>, delete_tag already registered for DAG: example_complex
[2024-06-22T13:15:24.143+0000] {logging_mixin.py:137} INFO - [2024-06-22T13:15:24.142+0000] {taskmixin.py:205} WARNING - Dependency <Task(BashOperator): delete_tag>, create_tag already registered for DAG: example_complex
[2024-06-22T13:15:24.150+0000] {processor.py:753} INFO - DAG(s) dict_keys(['example_complex']) retrieved from /home/airflow/.local/lib/python3.7/site-packages/airflow/example_dags/example_complex.py
[2024-06-22T13:15:24.200+0000] {logging_mixin.py:137} INFO - [2024-06-22T13:15:24.200+0000] {dag.py:2676} INFO - Sync 1 DAGs
[2024-06-22T13:15:24.229+0000] {logging_mixin.py:137} INFO - [2024-06-22T13:15:24.228+0000] {dag.py:3427} INFO - Setting next_dagrun for example_complex to None, run_after=None
[2024-06-22T13:15:24.258+0000] {processor.py:175} INFO - Processing /home/airflow/.local/lib/python3.7/site-packages/airflow/example_dags/example_complex.py took 0.136 seconds
[2024-06-22T13:15:54.748+0000] {processor.py:153} INFO - Started process (PID=419) to work on /home/airflow/.local/lib/python3.7/site-packages/airflow/example_dags/example_complex.py
[2024-06-22T13:15:54.749+0000] {processor.py:743} INFO - Processing file /home/airflow/.local/lib/python3.7/site-packages/airflow/example_dags/example_complex.py for tasks to queue
[2024-06-22T13:15:54.750+0000] {logging_mixin.py:137} INFO - [2024-06-22T13:15:54.750+0000] {dagbag.py:538} INFO - Filling up the DagBag from /home/airflow/.local/lib/python3.7/site-packages/airflow/example_dags/example_complex.py
[2024-06-22T13:15:54.767+0000] {logging_mixin.py:137} INFO - [2024-06-22T13:15:54.766+0000] {taskmixin.py:205} WARNING - Dependency <Task(BashOperator): create_entry_group>, delete_entry_group already registered for DAG: example_complex
[2024-06-22T13:15:54.767+0000] {logging_mixin.py:137} INFO - [2024-06-22T13:15:54.767+0000] {taskmixin.py:205} WARNING - Dependency <Task(BashOperator): delete_entry_group>, create_entry_group already registered for DAG: example_complex
[2024-06-22T13:15:54.768+0000] {logging_mixin.py:137} INFO - [2024-06-22T13:15:54.768+0000] {taskmixin.py:205} WARNING - Dependency <Task(BashOperator): create_entry_gcs>, delete_entry already registered for DAG: example_complex
[2024-06-22T13:15:54.769+0000] {logging_mixin.py:137} INFO - [2024-06-22T13:15:54.769+0000] {taskmixin.py:205} WARNING - Dependency <Task(BashOperator): delete_entry>, create_entry_gcs already registered for DAG: example_complex
[2024-06-22T13:15:54.770+0000] {logging_mixin.py:137} INFO - [2024-06-22T13:15:54.770+0000] {taskmixin.py:205} WARNING - Dependency <Task(BashOperator): create_tag>, delete_tag already registered for DAG: example_complex
[2024-06-22T13:15:54.771+0000] {logging_mixin.py:137} INFO - [2024-06-22T13:15:54.770+0000] {taskmixin.py:205} WARNING - Dependency <Task(BashOperator): delete_tag>, create_tag already registered for DAG: example_complex
[2024-06-22T13:15:54.781+0000] {processor.py:753} INFO - DAG(s) dict_keys(['example_complex']) retrieved from /home/airflow/.local/lib/python3.7/site-packages/airflow/example_dags/example_complex.py
[2024-06-22T13:15:54.846+0000] {logging_mixin.py:137} INFO - [2024-06-22T13:15:54.845+0000] {dag.py:2676} INFO - Sync 1 DAGs
[2024-06-22T13:15:54.873+0000] {logging_mixin.py:137} INFO - [2024-06-22T13:15:54.873+0000] {dag.py:3427} INFO - Setting next_dagrun for example_complex to None, run_after=None
[2024-06-22T13:15:54.897+0000] {processor.py:175} INFO - Processing /home/airflow/.local/lib/python3.7/site-packages/airflow/example_dags/example_complex.py took 0.154 seconds
[2024-06-22T13:16:25.880+0000] {processor.py:153} INFO - Started process (PID=461) to work on /home/airflow/.local/lib/python3.7/site-packages/airflow/example_dags/example_complex.py
[2024-06-22T13:16:25.881+0000] {processor.py:743} INFO - Processing file /home/airflow/.local/lib/python3.7/site-packages/airflow/example_dags/example_complex.py for tasks to queue
[2024-06-22T13:16:25.881+0000] {logging_mixin.py:137} INFO - [2024-06-22T13:16:25.881+0000] {dagbag.py:538} INFO - Filling up the DagBag from /home/airflow/.local/lib/python3.7/site-packages/airflow/example_dags/example_complex.py
[2024-06-22T13:16:25.895+0000] {logging_mixin.py:137} INFO - [2024-06-22T13:16:25.895+0000] {taskmixin.py:205} WARNING - Dependency <Task(BashOperator): create_entry_group>, delete_entry_group already registered for DAG: example_complex
[2024-06-22T13:16:25.895+0000] {logging_mixin.py:137} INFO - [2024-06-22T13:16:25.895+0000] {taskmixin.py:205} WARNING - Dependency <Task(BashOperator): delete_entry_group>, create_entry_group already registered for DAG: example_complex
[2024-06-22T13:16:25.896+0000] {logging_mixin.py:137} INFO - [2024-06-22T13:16:25.896+0000] {taskmixin.py:205} WARNING - Dependency <Task(BashOperator): create_entry_gcs>, delete_entry already registered for DAG: example_complex
[2024-06-22T13:16:25.896+0000] {logging_mixin.py:137} INFO - [2024-06-22T13:16:25.896+0000] {taskmixin.py:205} WARNING - Dependency <Task(BashOperator): delete_entry>, create_entry_gcs already registered for DAG: example_complex
[2024-06-22T13:16:25.897+0000] {logging_mixin.py:137} INFO - [2024-06-22T13:16:25.897+0000] {taskmixin.py:205} WARNING - Dependency <Task(BashOperator): create_tag>, delete_tag already registered for DAG: example_complex
[2024-06-22T13:16:25.897+0000] {logging_mixin.py:137} INFO - [2024-06-22T13:16:25.897+0000] {taskmixin.py:205} WARNING - Dependency <Task(BashOperator): delete_tag>, create_tag already registered for DAG: example_complex
[2024-06-22T13:16:25.904+0000] {processor.py:753} INFO - DAG(s) dict_keys(['example_complex']) retrieved from /home/airflow/.local/lib/python3.7/site-packages/airflow/example_dags/example_complex.py
[2024-06-22T13:16:25.953+0000] {logging_mixin.py:137} INFO - [2024-06-22T13:16:25.953+0000] {dag.py:2676} INFO - Sync 1 DAGs
[2024-06-22T13:16:25.981+0000] {logging_mixin.py:137} INFO - [2024-06-22T13:16:25.981+0000] {dag.py:3427} INFO - Setting next_dagrun for example_complex to None, run_after=None
[2024-06-22T13:16:26.006+0000] {processor.py:175} INFO - Processing /home/airflow/.local/lib/python3.7/site-packages/airflow/example_dags/example_complex.py took 0.129 seconds
[2024-06-22T13:16:56.581+0000] {processor.py:153} INFO - Started process (PID=503) to work on /home/airflow/.local/lib/python3.7/site-packages/airflow/example_dags/example_complex.py
[2024-06-22T13:16:56.582+0000] {processor.py:743} INFO - Processing file /home/airflow/.local/lib/python3.7/site-packages/airflow/example_dags/example_complex.py for tasks to queue
[2024-06-22T13:16:56.583+0000] {logging_mixin.py:137} INFO - [2024-06-22T13:16:56.583+0000] {dagbag.py:538} INFO - Filling up the DagBag from /home/airflow/.local/lib/python3.7/site-packages/airflow/example_dags/example_complex.py
[2024-06-22T13:16:56.594+0000] {logging_mixin.py:137} INFO - [2024-06-22T13:16:56.594+0000] {taskmixin.py:205} WARNING - Dependency <Task(BashOperator): create_entry_group>, delete_entry_group already registered for DAG: example_complex
[2024-06-22T13:16:56.595+0000] {logging_mixin.py:137} INFO - [2024-06-22T13:16:56.595+0000] {taskmixin.py:205} WARNING - Dependency <Task(BashOperator): delete_entry_group>, create_entry_group already registered for DAG: example_complex
[2024-06-22T13:16:56.595+0000] {logging_mixin.py:137} INFO - [2024-06-22T13:16:56.595+0000] {taskmixin.py:205} WARNING - Dependency <Task(BashOperator): create_entry_gcs>, delete_entry already registered for DAG: example_complex
[2024-06-22T13:16:56.596+0000] {logging_mixin.py:137} INFO - [2024-06-22T13:16:56.596+0000] {taskmixin.py:205} WARNING - Dependency <Task(BashOperator): delete_entry>, create_entry_gcs already registered for DAG: example_complex
[2024-06-22T13:16:56.597+0000] {logging_mixin.py:137} INFO - [2024-06-22T13:16:56.597+0000] {taskmixin.py:205} WARNING - Dependency <Task(BashOperator): create_tag>, delete_tag already registered for DAG: example_complex
[2024-06-22T13:16:56.597+0000] {logging_mixin.py:137} INFO - [2024-06-22T13:16:56.597+0000] {taskmixin.py:205} WARNING - Dependency <Task(BashOperator): delete_tag>, create_tag already registered for DAG: example_complex
[2024-06-22T13:16:56.604+0000] {processor.py:753} INFO - DAG(s) dict_keys(['example_complex']) retrieved from /home/airflow/.local/lib/python3.7/site-packages/airflow/example_dags/example_complex.py
[2024-06-22T13:16:56.647+0000] {logging_mixin.py:137} INFO - [2024-06-22T13:16:56.647+0000] {dag.py:2676} INFO - Sync 1 DAGs
[2024-06-22T13:16:56.674+0000] {logging_mixin.py:137} INFO - [2024-06-22T13:16:56.673+0000] {dag.py:3427} INFO - Setting next_dagrun for example_complex to None, run_after=None
[2024-06-22T13:16:56.706+0000] {processor.py:175} INFO - Processing /home/airflow/.local/lib/python3.7/site-packages/airflow/example_dags/example_complex.py took 0.128 seconds
[2024-06-22T13:17:26.974+0000] {processor.py:153} INFO - Started process (PID=545) to work on /home/airflow/.local/lib/python3.7/site-packages/airflow/example_dags/example_complex.py
[2024-06-22T13:17:26.976+0000] {processor.py:743} INFO - Processing file /home/airflow/.local/lib/python3.7/site-packages/airflow/example_dags/example_complex.py for tasks to queue
[2024-06-22T13:17:26.977+0000] {logging_mixin.py:137} INFO - [2024-06-22T13:17:26.976+0000] {dagbag.py:538} INFO - Filling up the DagBag from /home/airflow/.local/lib/python3.7/site-packages/airflow/example_dags/example_complex.py
[2024-06-22T13:17:26.989+0000] {logging_mixin.py:137} INFO - [2024-06-22T13:17:26.989+0000] {taskmixin.py:205} WARNING - Dependency <Task(BashOperator): create_entry_group>, delete_entry_group already registered for DAG: example_complex
[2024-06-22T13:17:26.990+0000] {logging_mixin.py:137} INFO - [2024-06-22T13:17:26.990+0000] {taskmixin.py:205} WARNING - Dependency <Task(BashOperator): delete_entry_group>, create_entry_group already registered for DAG: example_complex
[2024-06-22T13:17:26.991+0000] {logging_mixin.py:137} INFO - [2024-06-22T13:17:26.990+0000] {taskmixin.py:205} WARNING - Dependency <Task(BashOperator): create_entry_gcs>, delete_entry already registered for DAG: example_complex
[2024-06-22T13:17:26.991+0000] {logging_mixin.py:137} INFO - [2024-06-22T13:17:26.991+0000] {taskmixin.py:205} WARNING - Dependency <Task(BashOperator): delete_entry>, create_entry_gcs already registered for DAG: example_complex
[2024-06-22T13:17:26.992+0000] {logging_mixin.py:137} INFO - [2024-06-22T13:17:26.992+0000] {taskmixin.py:205} WARNING - Dependency <Task(BashOperator): create_tag>, delete_tag already registered for DAG: example_complex
[2024-06-22T13:17:26.992+0000] {logging_mixin.py:137} INFO - [2024-06-22T13:17:26.992+0000] {taskmixin.py:205} WARNING - Dependency <Task(BashOperator): delete_tag>, create_tag already registered for DAG: example_complex
[2024-06-22T13:17:27.000+0000] {processor.py:753} INFO - DAG(s) dict_keys(['example_complex']) retrieved from /home/airflow/.local/lib/python3.7/site-packages/airflow/example_dags/example_complex.py
[2024-06-22T13:17:27.055+0000] {logging_mixin.py:137} INFO - [2024-06-22T13:17:27.055+0000] {dag.py:2676} INFO - Sync 1 DAGs
[2024-06-22T13:17:27.090+0000] {logging_mixin.py:137} INFO - [2024-06-22T13:17:27.089+0000] {dag.py:3427} INFO - Setting next_dagrun for example_complex to None, run_after=None
[2024-06-22T13:17:27.121+0000] {processor.py:175} INFO - Processing /home/airflow/.local/lib/python3.7/site-packages/airflow/example_dags/example_complex.py took 0.150 seconds
[2024-06-22T13:17:57.405+0000] {processor.py:153} INFO - Started process (PID=587) to work on /home/airflow/.local/lib/python3.7/site-packages/airflow/example_dags/example_complex.py
[2024-06-22T13:17:57.406+0000] {processor.py:743} INFO - Processing file /home/airflow/.local/lib/python3.7/site-packages/airflow/example_dags/example_complex.py for tasks to queue
[2024-06-22T13:17:57.407+0000] {logging_mixin.py:137} INFO - [2024-06-22T13:17:57.406+0000] {dagbag.py:538} INFO - Filling up the DagBag from /home/airflow/.local/lib/python3.7/site-packages/airflow/example_dags/example_complex.py
[2024-06-22T13:17:57.420+0000] {logging_mixin.py:137} INFO - [2024-06-22T13:17:57.419+0000] {taskmixin.py:205} WARNING - Dependency <Task(BashOperator): create_entry_group>, delete_entry_group already registered for DAG: example_complex
[2024-06-22T13:17:57.420+0000] {logging_mixin.py:137} INFO - [2024-06-22T13:17:57.420+0000] {taskmixin.py:205} WARNING - Dependency <Task(BashOperator): delete_entry_group>, create_entry_group already registered for DAG: example_complex
[2024-06-22T13:17:57.421+0000] {logging_mixin.py:137} INFO - [2024-06-22T13:17:57.421+0000] {taskmixin.py:205} WARNING - Dependency <Task(BashOperator): create_entry_gcs>, delete_entry already registered for DAG: example_complex
[2024-06-22T13:17:57.422+0000] {logging_mixin.py:137} INFO - [2024-06-22T13:17:57.422+0000] {taskmixin.py:205} WARNING - Dependency <Task(BashOperator): delete_entry>, create_entry_gcs already registered for DAG: example_complex
[2024-06-22T13:17:57.423+0000] {logging_mixin.py:137} INFO - [2024-06-22T13:17:57.422+0000] {taskmixin.py:205} WARNING - Dependency <Task(BashOperator): create_tag>, delete_tag already registered for DAG: example_complex
[2024-06-22T13:17:57.423+0000] {logging_mixin.py:137} INFO - [2024-06-22T13:17:57.423+0000] {taskmixin.py:205} WARNING - Dependency <Task(BashOperator): delete_tag>, create_tag already registered for DAG: example_complex
[2024-06-22T13:17:57.432+0000] {processor.py:753} INFO - DAG(s) dict_keys(['example_complex']) retrieved from /home/airflow/.local/lib/python3.7/site-packages/airflow/example_dags/example_complex.py
[2024-06-22T13:17:57.487+0000] {logging_mixin.py:137} INFO - [2024-06-22T13:17:57.487+0000] {dag.py:2676} INFO - Sync 1 DAGs
[2024-06-22T13:17:57.520+0000] {logging_mixin.py:137} INFO - [2024-06-22T13:17:57.520+0000] {dag.py:3427} INFO - Setting next_dagrun for example_complex to None, run_after=None
[2024-06-22T13:17:57.554+0000] {processor.py:175} INFO - Processing /home/airflow/.local/lib/python3.7/site-packages/airflow/example_dags/example_complex.py took 0.153 seconds
[2024-06-22T13:18:27.831+0000] {processor.py:153} INFO - Started process (PID=629) to work on /home/airflow/.local/lib/python3.7/site-packages/airflow/example_dags/example_complex.py
[2024-06-22T13:18:27.832+0000] {processor.py:743} INFO - Processing file /home/airflow/.local/lib/python3.7/site-packages/airflow/example_dags/example_complex.py for tasks to queue
[2024-06-22T13:18:27.833+0000] {logging_mixin.py:137} INFO - [2024-06-22T13:18:27.833+0000] {dagbag.py:538} INFO - Filling up the DagBag from /home/airflow/.local/lib/python3.7/site-packages/airflow/example_dags/example_complex.py
[2024-06-22T13:18:27.849+0000] {logging_mixin.py:137} INFO - [2024-06-22T13:18:27.849+0000] {taskmixin.py:205} WARNING - Dependency <Task(BashOperator): create_entry_group>, delete_entry_group already registered for DAG: example_complex
[2024-06-22T13:18:27.850+0000] {logging_mixin.py:137} INFO - [2024-06-22T13:18:27.850+0000] {taskmixin.py:205} WARNING - Dependency <Task(BashOperator): delete_entry_group>, create_entry_group already registered for DAG: example_complex
[2024-06-22T13:18:27.850+0000] {logging_mixin.py:137} INFO - [2024-06-22T13:18:27.850+0000] {taskmixin.py:205} WARNING - Dependency <Task(BashOperator): create_entry_gcs>, delete_entry already registered for DAG: example_complex
[2024-06-22T13:18:27.851+0000] {logging_mixin.py:137} INFO - [2024-06-22T13:18:27.851+0000] {taskmixin.py:205} WARNING - Dependency <Task(BashOperator): delete_entry>, create_entry_gcs already registered for DAG: example_complex
[2024-06-22T13:18:27.851+0000] {logging_mixin.py:137} INFO - [2024-06-22T13:18:27.851+0000] {taskmixin.py:205} WARNING - Dependency <Task(BashOperator): create_tag>, delete_tag already registered for DAG: example_complex
[2024-06-22T13:18:27.852+0000] {logging_mixin.py:137} INFO - [2024-06-22T13:18:27.851+0000] {taskmixin.py:205} WARNING - Dependency <Task(BashOperator): delete_tag>, create_tag already registered for DAG: example_complex
[2024-06-22T13:18:27.861+0000] {processor.py:753} INFO - DAG(s) dict_keys(['example_complex']) retrieved from /home/airflow/.local/lib/python3.7/site-packages/airflow/example_dags/example_complex.py
[2024-06-22T13:18:27.915+0000] {logging_mixin.py:137} INFO - [2024-06-22T13:18:27.915+0000] {dag.py:2676} INFO - Sync 1 DAGs
[2024-06-22T13:18:27.941+0000] {logging_mixin.py:137} INFO - [2024-06-22T13:18:27.941+0000] {dag.py:3427} INFO - Setting next_dagrun for example_complex to None, run_after=None
[2024-06-22T13:18:27.967+0000] {processor.py:175} INFO - Processing /home/airflow/.local/lib/python3.7/site-packages/airflow/example_dags/example_complex.py took 0.140 seconds
[2024-06-22T13:18:58.116+0000] {processor.py:153} INFO - Started process (PID=671) to work on /home/airflow/.local/lib/python3.7/site-packages/airflow/example_dags/example_complex.py
[2024-06-22T13:18:58.117+0000] {processor.py:743} INFO - Processing file /home/airflow/.local/lib/python3.7/site-packages/airflow/example_dags/example_complex.py for tasks to queue
[2024-06-22T13:18:58.118+0000] {logging_mixin.py:137} INFO - [2024-06-22T13:18:58.118+0000] {dagbag.py:538} INFO - Filling up the DagBag from /home/airflow/.local/lib/python3.7/site-packages/airflow/example_dags/example_complex.py
[2024-06-22T13:18:58.130+0000] {logging_mixin.py:137} INFO - [2024-06-22T13:18:58.130+0000] {taskmixin.py:205} WARNING - Dependency <Task(BashOperator): create_entry_group>, delete_entry_group already registered for DAG: example_complex
[2024-06-22T13:18:58.131+0000] {logging_mixin.py:137} INFO - [2024-06-22T13:18:58.131+0000] {taskmixin.py:205} WARNING - Dependency <Task(BashOperator): delete_entry_group>, create_entry_group already registered for DAG: example_complex
[2024-06-22T13:18:58.131+0000] {logging_mixin.py:137} INFO - [2024-06-22T13:18:58.131+0000] {taskmixin.py:205} WARNING - Dependency <Task(BashOperator): create_entry_gcs>, delete_entry already registered for DAG: example_complex
[2024-06-22T13:18:58.132+0000] {logging_mixin.py:137} INFO - [2024-06-22T13:18:58.132+0000] {taskmixin.py:205} WARNING - Dependency <Task(BashOperator): delete_entry>, create_entry_gcs already registered for DAG: example_complex
[2024-06-22T13:18:58.133+0000] {logging_mixin.py:137} INFO - [2024-06-22T13:18:58.133+0000] {taskmixin.py:205} WARNING - Dependency <Task(BashOperator): create_tag>, delete_tag already registered for DAG: example_complex
[2024-06-22T13:18:58.133+0000] {logging_mixin.py:137} INFO - [2024-06-22T13:18:58.133+0000] {taskmixin.py:205} WARNING - Dependency <Task(BashOperator): delete_tag>, create_tag already registered for DAG: example_complex
[2024-06-22T13:18:58.140+0000] {processor.py:753} INFO - DAG(s) dict_keys(['example_complex']) retrieved from /home/airflow/.local/lib/python3.7/site-packages/airflow/example_dags/example_complex.py
[2024-06-22T13:18:58.185+0000] {logging_mixin.py:137} INFO - [2024-06-22T13:18:58.185+0000] {dag.py:2676} INFO - Sync 1 DAGs
[2024-06-22T13:18:58.209+0000] {logging_mixin.py:137} INFO - [2024-06-22T13:18:58.209+0000] {dag.py:3427} INFO - Setting next_dagrun for example_complex to None, run_after=None
[2024-06-22T13:18:58.236+0000] {processor.py:175} INFO - Processing /home/airflow/.local/lib/python3.7/site-packages/airflow/example_dags/example_complex.py took 0.123 seconds
[2024-06-22T13:19:28.332+0000] {processor.py:153} INFO - Started process (PID=713) to work on /home/airflow/.local/lib/python3.7/site-packages/airflow/example_dags/example_complex.py
[2024-06-22T13:19:28.334+0000] {processor.py:743} INFO - Processing file /home/airflow/.local/lib/python3.7/site-packages/airflow/example_dags/example_complex.py for tasks to queue
[2024-06-22T13:19:28.335+0000] {logging_mixin.py:137} INFO - [2024-06-22T13:19:28.335+0000] {dagbag.py:538} INFO - Filling up the DagBag from /home/airflow/.local/lib/python3.7/site-packages/airflow/example_dags/example_complex.py
[2024-06-22T13:19:28.354+0000] {logging_mixin.py:137} INFO - [2024-06-22T13:19:28.353+0000] {taskmixin.py:205} WARNING - Dependency <Task(BashOperator): create_entry_group>, delete_entry_group already registered for DAG: example_complex
[2024-06-22T13:19:28.354+0000] {logging_mixin.py:137} INFO - [2024-06-22T13:19:28.354+0000] {taskmixin.py:205} WARNING - Dependency <Task(BashOperator): delete_entry_group>, create_entry_group already registered for DAG: example_complex
[2024-06-22T13:19:28.355+0000] {logging_mixin.py:137} INFO - [2024-06-22T13:19:28.355+0000] {taskmixin.py:205} WARNING - Dependency <Task(BashOperator): create_entry_gcs>, delete_entry already registered for DAG: example_complex
[2024-06-22T13:19:28.355+0000] {logging_mixin.py:137} INFO - [2024-06-22T13:19:28.355+0000] {taskmixin.py:205} WARNING - Dependency <Task(BashOperator): delete_entry>, create_entry_gcs already registered for DAG: example_complex
[2024-06-22T13:19:28.356+0000] {logging_mixin.py:137} INFO - [2024-06-22T13:19:28.356+0000] {taskmixin.py:205} WARNING - Dependency <Task(BashOperator): create_tag>, delete_tag already registered for DAG: example_complex
[2024-06-22T13:19:28.359+0000] {logging_mixin.py:137} INFO - [2024-06-22T13:19:28.358+0000] {taskmixin.py:205} WARNING - Dependency <Task(BashOperator): delete_tag>, create_tag already registered for DAG: example_complex
[2024-06-22T13:19:28.369+0000] {processor.py:753} INFO - DAG(s) dict_keys(['example_complex']) retrieved from /home/airflow/.local/lib/python3.7/site-packages/airflow/example_dags/example_complex.py
[2024-06-22T13:19:28.436+0000] {logging_mixin.py:137} INFO - [2024-06-22T13:19:28.435+0000] {dag.py:2676} INFO - Sync 1 DAGs
[2024-06-22T13:19:28.471+0000] {logging_mixin.py:137} INFO - [2024-06-22T13:19:28.470+0000] {dag.py:3427} INFO - Setting next_dagrun for example_complex to None, run_after=None
[2024-06-22T13:19:28.499+0000] {processor.py:175} INFO - Processing /home/airflow/.local/lib/python3.7/site-packages/airflow/example_dags/example_complex.py took 0.171 seconds
[2024-06-22T13:19:58.756+0000] {processor.py:153} INFO - Started process (PID=755) to work on /home/airflow/.local/lib/python3.7/site-packages/airflow/example_dags/example_complex.py
[2024-06-22T13:19:58.758+0000] {processor.py:743} INFO - Processing file /home/airflow/.local/lib/python3.7/site-packages/airflow/example_dags/example_complex.py for tasks to queue
[2024-06-22T13:19:58.760+0000] {logging_mixin.py:137} INFO - [2024-06-22T13:19:58.760+0000] {dagbag.py:538} INFO - Filling up the DagBag from /home/airflow/.local/lib/python3.7/site-packages/airflow/example_dags/example_complex.py
[2024-06-22T13:19:58.779+0000] {logging_mixin.py:137} INFO - [2024-06-22T13:19:58.779+0000] {taskmixin.py:205} WARNING - Dependency <Task(BashOperator): create_entry_group>, delete_entry_group already registered for DAG: example_complex
[2024-06-22T13:19:58.780+0000] {logging_mixin.py:137} INFO - [2024-06-22T13:19:58.779+0000] {taskmixin.py:205} WARNING - Dependency <Task(BashOperator): delete_entry_group>, create_entry_group already registered for DAG: example_complex
[2024-06-22T13:19:58.780+0000] {logging_mixin.py:137} INFO - [2024-06-22T13:19:58.780+0000] {taskmixin.py:205} WARNING - Dependency <Task(BashOperator): create_entry_gcs>, delete_entry already registered for DAG: example_complex
[2024-06-22T13:19:58.781+0000] {logging_mixin.py:137} INFO - [2024-06-22T13:19:58.781+0000] {taskmixin.py:205} WARNING - Dependency <Task(BashOperator): delete_entry>, create_entry_gcs already registered for DAG: example_complex
[2024-06-22T13:19:58.781+0000] {logging_mixin.py:137} INFO - [2024-06-22T13:19:58.781+0000] {taskmixin.py:205} WARNING - Dependency <Task(BashOperator): create_tag>, delete_tag already registered for DAG: example_complex
[2024-06-22T13:19:58.782+0000] {logging_mixin.py:137} INFO - [2024-06-22T13:19:58.782+0000] {taskmixin.py:205} WARNING - Dependency <Task(BashOperator): delete_tag>, create_tag already registered for DAG: example_complex
[2024-06-22T13:19:58.794+0000] {processor.py:753} INFO - DAG(s) dict_keys(['example_complex']) retrieved from /home/airflow/.local/lib/python3.7/site-packages/airflow/example_dags/example_complex.py
[2024-06-22T13:19:58.864+0000] {logging_mixin.py:137} INFO - [2024-06-22T13:19:58.864+0000] {dag.py:2676} INFO - Sync 1 DAGs
[2024-06-22T13:19:58.913+0000] {logging_mixin.py:137} INFO - [2024-06-22T13:19:58.913+0000] {dag.py:3427} INFO - Setting next_dagrun for example_complex to None, run_after=None
[2024-06-22T13:19:58.955+0000] {processor.py:175} INFO - Processing /home/airflow/.local/lib/python3.7/site-packages/airflow/example_dags/example_complex.py took 0.203 seconds
[2024-06-22T13:20:29.172+0000] {processor.py:153} INFO - Started process (PID=797) to work on /home/airflow/.local/lib/python3.7/site-packages/airflow/example_dags/example_complex.py
[2024-06-22T13:20:29.173+0000] {processor.py:743} INFO - Processing file /home/airflow/.local/lib/python3.7/site-packages/airflow/example_dags/example_complex.py for tasks to queue
[2024-06-22T13:20:29.175+0000] {logging_mixin.py:137} INFO - [2024-06-22T13:20:29.174+0000] {dagbag.py:538} INFO - Filling up the DagBag from /home/airflow/.local/lib/python3.7/site-packages/airflow/example_dags/example_complex.py
[2024-06-22T13:20:29.188+0000] {logging_mixin.py:137} INFO - [2024-06-22T13:20:29.188+0000] {taskmixin.py:205} WARNING - Dependency <Task(BashOperator): create_entry_group>, delete_entry_group already registered for DAG: example_complex
[2024-06-22T13:20:29.188+0000] {logging_mixin.py:137} INFO - [2024-06-22T13:20:29.188+0000] {taskmixin.py:205} WARNING - Dependency <Task(BashOperator): delete_entry_group>, create_entry_group already registered for DAG: example_complex
[2024-06-22T13:20:29.189+0000] {logging_mixin.py:137} INFO - [2024-06-22T13:20:29.189+0000] {taskmixin.py:205} WARNING - Dependency <Task(BashOperator): create_entry_gcs>, delete_entry already registered for DAG: example_complex
[2024-06-22T13:20:29.189+0000] {logging_mixin.py:137} INFO - [2024-06-22T13:20:29.189+0000] {taskmixin.py:205} WARNING - Dependency <Task(BashOperator): delete_entry>, create_entry_gcs already registered for DAG: example_complex
[2024-06-22T13:20:29.190+0000] {logging_mixin.py:137} INFO - [2024-06-22T13:20:29.190+0000] {taskmixin.py:205} WARNING - Dependency <Task(BashOperator): create_tag>, delete_tag already registered for DAG: example_complex
[2024-06-22T13:20:29.190+0000] {logging_mixin.py:137} INFO - [2024-06-22T13:20:29.190+0000] {taskmixin.py:205} WARNING - Dependency <Task(BashOperator): delete_tag>, create_tag already registered for DAG: example_complex
[2024-06-22T13:20:29.198+0000] {processor.py:753} INFO - DAG(s) dict_keys(['example_complex']) retrieved from /home/airflow/.local/lib/python3.7/site-packages/airflow/example_dags/example_complex.py
[2024-06-22T13:20:29.258+0000] {logging_mixin.py:137} INFO - [2024-06-22T13:20:29.258+0000] {dag.py:2676} INFO - Sync 1 DAGs
[2024-06-22T13:20:29.292+0000] {logging_mixin.py:137} INFO - [2024-06-22T13:20:29.291+0000] {dag.py:3427} INFO - Setting next_dagrun for example_complex to None, run_after=None
[2024-06-22T13:20:29.330+0000] {processor.py:175} INFO - Processing /home/airflow/.local/lib/python3.7/site-packages/airflow/example_dags/example_complex.py took 0.162 seconds
[2024-06-22T13:20:59.401+0000] {processor.py:153} INFO - Started process (PID=839) to work on /home/airflow/.local/lib/python3.7/site-packages/airflow/example_dags/example_complex.py
[2024-06-22T13:20:59.402+0000] {processor.py:743} INFO - Processing file /home/airflow/.local/lib/python3.7/site-packages/airflow/example_dags/example_complex.py for tasks to queue
[2024-06-22T13:20:59.404+0000] {logging_mixin.py:137} INFO - [2024-06-22T13:20:59.404+0000] {dagbag.py:538} INFO - Filling up the DagBag from /home/airflow/.local/lib/python3.7/site-packages/airflow/example_dags/example_complex.py
[2024-06-22T13:20:59.417+0000] {logging_mixin.py:137} INFO - [2024-06-22T13:20:59.417+0000] {taskmixin.py:205} WARNING - Dependency <Task(BashOperator): create_entry_group>, delete_entry_group already registered for DAG: example_complex
[2024-06-22T13:20:59.418+0000] {logging_mixin.py:137} INFO - [2024-06-22T13:20:59.418+0000] {taskmixin.py:205} WARNING - Dependency <Task(BashOperator): delete_entry_group>, create_entry_group already registered for DAG: example_complex
[2024-06-22T13:20:59.419+0000] {logging_mixin.py:137} INFO - [2024-06-22T13:20:59.419+0000] {taskmixin.py:205} WARNING - Dependency <Task(BashOperator): create_entry_gcs>, delete_entry already registered for DAG: example_complex
[2024-06-22T13:20:59.419+0000] {logging_mixin.py:137} INFO - [2024-06-22T13:20:59.419+0000] {taskmixin.py:205} WARNING - Dependency <Task(BashOperator): delete_entry>, create_entry_gcs already registered for DAG: example_complex
[2024-06-22T13:20:59.420+0000] {logging_mixin.py:137} INFO - [2024-06-22T13:20:59.420+0000] {taskmixin.py:205} WARNING - Dependency <Task(BashOperator): create_tag>, delete_tag already registered for DAG: example_complex
[2024-06-22T13:20:59.420+0000] {logging_mixin.py:137} INFO - [2024-06-22T13:20:59.420+0000] {taskmixin.py:205} WARNING - Dependency <Task(BashOperator): delete_tag>, create_tag already registered for DAG: example_complex
[2024-06-22T13:20:59.431+0000] {processor.py:753} INFO - DAG(s) dict_keys(['example_complex']) retrieved from /home/airflow/.local/lib/python3.7/site-packages/airflow/example_dags/example_complex.py
[2024-06-22T13:20:59.522+0000] {logging_mixin.py:137} INFO - [2024-06-22T13:20:59.522+0000] {dag.py:2676} INFO - Sync 1 DAGs
[2024-06-22T13:20:59.560+0000] {logging_mixin.py:137} INFO - [2024-06-22T13:20:59.559+0000] {dag.py:3427} INFO - Setting next_dagrun for example_complex to None, run_after=None
[2024-06-22T13:20:59.588+0000] {processor.py:175} INFO - Processing /home/airflow/.local/lib/python3.7/site-packages/airflow/example_dags/example_complex.py took 0.191 seconds
[2024-06-22T13:21:30.472+0000] {processor.py:153} INFO - Started process (PID=881) to work on /home/airflow/.local/lib/python3.7/site-packages/airflow/example_dags/example_complex.py
[2024-06-22T13:21:30.474+0000] {processor.py:743} INFO - Processing file /home/airflow/.local/lib/python3.7/site-packages/airflow/example_dags/example_complex.py for tasks to queue
[2024-06-22T13:21:30.474+0000] {logging_mixin.py:137} INFO - [2024-06-22T13:21:30.474+0000] {dagbag.py:538} INFO - Filling up the DagBag from /home/airflow/.local/lib/python3.7/site-packages/airflow/example_dags/example_complex.py
[2024-06-22T13:21:30.487+0000] {logging_mixin.py:137} INFO - [2024-06-22T13:21:30.487+0000] {taskmixin.py:205} WARNING - Dependency <Task(BashOperator): create_entry_group>, delete_entry_group already registered for DAG: example_complex
[2024-06-22T13:21:30.488+0000] {logging_mixin.py:137} INFO - [2024-06-22T13:21:30.488+0000] {taskmixin.py:205} WARNING - Dependency <Task(BashOperator): delete_entry_group>, create_entry_group already registered for DAG: example_complex
[2024-06-22T13:21:30.488+0000] {logging_mixin.py:137} INFO - [2024-06-22T13:21:30.488+0000] {taskmixin.py:205} WARNING - Dependency <Task(BashOperator): create_entry_gcs>, delete_entry already registered for DAG: example_complex
[2024-06-22T13:21:30.489+0000] {logging_mixin.py:137} INFO - [2024-06-22T13:21:30.489+0000] {taskmixin.py:205} WARNING - Dependency <Task(BashOperator): delete_entry>, create_entry_gcs already registered for DAG: example_complex
[2024-06-22T13:21:30.490+0000] {logging_mixin.py:137} INFO - [2024-06-22T13:21:30.490+0000] {taskmixin.py:205} WARNING - Dependency <Task(BashOperator): create_tag>, delete_tag already registered for DAG: example_complex
[2024-06-22T13:21:30.491+0000] {logging_mixin.py:137} INFO - [2024-06-22T13:21:30.490+0000] {taskmixin.py:205} WARNING - Dependency <Task(BashOperator): delete_tag>, create_tag already registered for DAG: example_complex
[2024-06-22T13:21:30.498+0000] {processor.py:753} INFO - DAG(s) dict_keys(['example_complex']) retrieved from /home/airflow/.local/lib/python3.7/site-packages/airflow/example_dags/example_complex.py
[2024-06-22T13:21:30.548+0000] {logging_mixin.py:137} INFO - [2024-06-22T13:21:30.547+0000] {dag.py:2676} INFO - Sync 1 DAGs
[2024-06-22T13:21:30.576+0000] {logging_mixin.py:137} INFO - [2024-06-22T13:21:30.576+0000] {dag.py:3427} INFO - Setting next_dagrun for example_complex to None, run_after=None
[2024-06-22T13:21:30.609+0000] {processor.py:175} INFO - Processing /home/airflow/.local/lib/python3.7/site-packages/airflow/example_dags/example_complex.py took 0.140 seconds
[2024-06-22T13:22:00.693+0000] {processor.py:153} INFO - Started process (PID=923) to work on /home/airflow/.local/lib/python3.7/site-packages/airflow/example_dags/example_complex.py
[2024-06-22T13:22:00.694+0000] {processor.py:743} INFO - Processing file /home/airflow/.local/lib/python3.7/site-packages/airflow/example_dags/example_complex.py for tasks to queue
[2024-06-22T13:22:00.695+0000] {logging_mixin.py:137} INFO - [2024-06-22T13:22:00.695+0000] {dagbag.py:538} INFO - Filling up the DagBag from /home/airflow/.local/lib/python3.7/site-packages/airflow/example_dags/example_complex.py
[2024-06-22T13:22:00.712+0000] {logging_mixin.py:137} INFO - [2024-06-22T13:22:00.712+0000] {taskmixin.py:205} WARNING - Dependency <Task(BashOperator): create_entry_group>, delete_entry_group already registered for DAG: example_complex
[2024-06-22T13:22:00.713+0000] {logging_mixin.py:137} INFO - [2024-06-22T13:22:00.713+0000] {taskmixin.py:205} WARNING - Dependency <Task(BashOperator): delete_entry_group>, create_entry_group already registered for DAG: example_complex
[2024-06-22T13:22:00.714+0000] {logging_mixin.py:137} INFO - [2024-06-22T13:22:00.714+0000] {taskmixin.py:205} WARNING - Dependency <Task(BashOperator): create_entry_gcs>, delete_entry already registered for DAG: example_complex
[2024-06-22T13:22:00.714+0000] {logging_mixin.py:137} INFO - [2024-06-22T13:22:00.714+0000] {taskmixin.py:205} WARNING - Dependency <Task(BashOperator): delete_entry>, create_entry_gcs already registered for DAG: example_complex
[2024-06-22T13:22:00.715+0000] {logging_mixin.py:137} INFO - [2024-06-22T13:22:00.715+0000] {taskmixin.py:205} WARNING - Dependency <Task(BashOperator): create_tag>, delete_tag already registered for DAG: example_complex
[2024-06-22T13:22:00.716+0000] {logging_mixin.py:137} INFO - [2024-06-22T13:22:00.715+0000] {taskmixin.py:205} WARNING - Dependency <Task(BashOperator): delete_tag>, create_tag already registered for DAG: example_complex
[2024-06-22T13:22:00.733+0000] {processor.py:753} INFO - DAG(s) dict_keys(['example_complex']) retrieved from /home/airflow/.local/lib/python3.7/site-packages/airflow/example_dags/example_complex.py
[2024-06-22T13:22:00.809+0000] {logging_mixin.py:137} INFO - [2024-06-22T13:22:00.809+0000] {dag.py:2676} INFO - Sync 1 DAGs
[2024-06-22T13:22:00.854+0000] {logging_mixin.py:137} INFO - [2024-06-22T13:22:00.853+0000] {dag.py:3427} INFO - Setting next_dagrun for example_complex to None, run_after=None
[2024-06-22T13:22:00.884+0000] {processor.py:175} INFO - Processing /home/airflow/.local/lib/python3.7/site-packages/airflow/example_dags/example_complex.py took 0.196 seconds
[2024-06-22T13:22:30.931+0000] {processor.py:153} INFO - Started process (PID=965) to work on /home/airflow/.local/lib/python3.7/site-packages/airflow/example_dags/example_complex.py
[2024-06-22T13:22:30.932+0000] {processor.py:743} INFO - Processing file /home/airflow/.local/lib/python3.7/site-packages/airflow/example_dags/example_complex.py for tasks to queue
[2024-06-22T13:22:30.933+0000] {logging_mixin.py:137} INFO - [2024-06-22T13:22:30.933+0000] {dagbag.py:538} INFO - Filling up the DagBag from /home/airflow/.local/lib/python3.7/site-packages/airflow/example_dags/example_complex.py
[2024-06-22T13:22:30.946+0000] {logging_mixin.py:137} INFO - [2024-06-22T13:22:30.946+0000] {taskmixin.py:205} WARNING - Dependency <Task(BashOperator): create_entry_group>, delete_entry_group already registered for DAG: example_complex
[2024-06-22T13:22:30.946+0000] {logging_mixin.py:137} INFO - [2024-06-22T13:22:30.946+0000] {taskmixin.py:205} WARNING - Dependency <Task(BashOperator): delete_entry_group>, create_entry_group already registered for DAG: example_complex
[2024-06-22T13:22:30.947+0000] {logging_mixin.py:137} INFO - [2024-06-22T13:22:30.947+0000] {taskmixin.py:205} WARNING - Dependency <Task(BashOperator): create_entry_gcs>, delete_entry already registered for DAG: example_complex
[2024-06-22T13:22:30.947+0000] {logging_mixin.py:137} INFO - [2024-06-22T13:22:30.947+0000] {taskmixin.py:205} WARNING - Dependency <Task(BashOperator): delete_entry>, create_entry_gcs already registered for DAG: example_complex
[2024-06-22T13:22:30.948+0000] {logging_mixin.py:137} INFO - [2024-06-22T13:22:30.948+0000] {taskmixin.py:205} WARNING - Dependency <Task(BashOperator): create_tag>, delete_tag already registered for DAG: example_complex
[2024-06-22T13:22:30.948+0000] {logging_mixin.py:137} INFO - [2024-06-22T13:22:30.948+0000] {taskmixin.py:205} WARNING - Dependency <Task(BashOperator): delete_tag>, create_tag already registered for DAG: example_complex
[2024-06-22T13:22:30.955+0000] {processor.py:753} INFO - DAG(s) dict_keys(['example_complex']) retrieved from /home/airflow/.local/lib/python3.7/site-packages/airflow/example_dags/example_complex.py
[2024-06-22T13:22:31.023+0000] {logging_mixin.py:137} INFO - [2024-06-22T13:22:31.023+0000] {dag.py:2676} INFO - Sync 1 DAGs
[2024-06-22T13:22:31.049+0000] {logging_mixin.py:137} INFO - [2024-06-22T13:22:31.049+0000] {dag.py:3427} INFO - Setting next_dagrun for example_complex to None, run_after=None
[2024-06-22T13:22:31.074+0000] {processor.py:175} INFO - Processing /home/airflow/.local/lib/python3.7/site-packages/airflow/example_dags/example_complex.py took 0.147 seconds
[2024-06-22T13:23:01.326+0000] {processor.py:153} INFO - Started process (PID=1007) to work on /home/airflow/.local/lib/python3.7/site-packages/airflow/example_dags/example_complex.py
[2024-06-22T13:23:01.327+0000] {processor.py:743} INFO - Processing file /home/airflow/.local/lib/python3.7/site-packages/airflow/example_dags/example_complex.py for tasks to queue
[2024-06-22T13:23:01.328+0000] {logging_mixin.py:137} INFO - [2024-06-22T13:23:01.328+0000] {dagbag.py:538} INFO - Filling up the DagBag from /home/airflow/.local/lib/python3.7/site-packages/airflow/example_dags/example_complex.py
[2024-06-22T13:23:01.339+0000] {logging_mixin.py:137} INFO - [2024-06-22T13:23:01.339+0000] {taskmixin.py:205} WARNING - Dependency <Task(BashOperator): create_entry_group>, delete_entry_group already registered for DAG: example_complex
[2024-06-22T13:23:01.340+0000] {logging_mixin.py:137} INFO - [2024-06-22T13:23:01.340+0000] {taskmixin.py:205} WARNING - Dependency <Task(BashOperator): delete_entry_group>, create_entry_group already registered for DAG: example_complex
[2024-06-22T13:23:01.340+0000] {logging_mixin.py:137} INFO - [2024-06-22T13:23:01.340+0000] {taskmixin.py:205} WARNING - Dependency <Task(BashOperator): create_entry_gcs>, delete_entry already registered for DAG: example_complex
[2024-06-22T13:23:01.341+0000] {logging_mixin.py:137} INFO - [2024-06-22T13:23:01.341+0000] {taskmixin.py:205} WARNING - Dependency <Task(BashOperator): delete_entry>, create_entry_gcs already registered for DAG: example_complex
[2024-06-22T13:23:01.341+0000] {logging_mixin.py:137} INFO - [2024-06-22T13:23:01.341+0000] {taskmixin.py:205} WARNING - Dependency <Task(BashOperator): create_tag>, delete_tag already registered for DAG: example_complex
[2024-06-22T13:23:01.342+0000] {logging_mixin.py:137} INFO - [2024-06-22T13:23:01.342+0000] {taskmixin.py:205} WARNING - Dependency <Task(BashOperator): delete_tag>, create_tag already registered for DAG: example_complex
[2024-06-22T13:23:01.350+0000] {processor.py:753} INFO - DAG(s) dict_keys(['example_complex']) retrieved from /home/airflow/.local/lib/python3.7/site-packages/airflow/example_dags/example_complex.py
[2024-06-22T13:23:01.401+0000] {logging_mixin.py:137} INFO - [2024-06-22T13:23:01.401+0000] {dag.py:2676} INFO - Sync 1 DAGs
[2024-06-22T13:23:01.429+0000] {logging_mixin.py:137} INFO - [2024-06-22T13:23:01.429+0000] {dag.py:3427} INFO - Setting next_dagrun for example_complex to None, run_after=None
[2024-06-22T13:23:01.462+0000] {processor.py:175} INFO - Processing /home/airflow/.local/lib/python3.7/site-packages/airflow/example_dags/example_complex.py took 0.139 seconds
[2024-06-22T13:23:31.656+0000] {processor.py:153} INFO - Started process (PID=1049) to work on /home/airflow/.local/lib/python3.7/site-packages/airflow/example_dags/example_complex.py
[2024-06-22T13:23:31.657+0000] {processor.py:743} INFO - Processing file /home/airflow/.local/lib/python3.7/site-packages/airflow/example_dags/example_complex.py for tasks to queue
[2024-06-22T13:23:31.658+0000] {logging_mixin.py:137} INFO - [2024-06-22T13:23:31.658+0000] {dagbag.py:538} INFO - Filling up the DagBag from /home/airflow/.local/lib/python3.7/site-packages/airflow/example_dags/example_complex.py
[2024-06-22T13:23:31.671+0000] {logging_mixin.py:137} INFO - [2024-06-22T13:23:31.671+0000] {taskmixin.py:205} WARNING - Dependency <Task(BashOperator): create_entry_group>, delete_entry_group already registered for DAG: example_complex
[2024-06-22T13:23:31.672+0000] {logging_mixin.py:137} INFO - [2024-06-22T13:23:31.672+0000] {taskmixin.py:205} WARNING - Dependency <Task(BashOperator): delete_entry_group>, create_entry_group already registered for DAG: example_complex
[2024-06-22T13:23:31.672+0000] {logging_mixin.py:137} INFO - [2024-06-22T13:23:31.672+0000] {taskmixin.py:205} WARNING - Dependency <Task(BashOperator): create_entry_gcs>, delete_entry already registered for DAG: example_complex
[2024-06-22T13:23:31.673+0000] {logging_mixin.py:137} INFO - [2024-06-22T13:23:31.673+0000] {taskmixin.py:205} WARNING - Dependency <Task(BashOperator): delete_entry>, create_entry_gcs already registered for DAG: example_complex
[2024-06-22T13:23:31.674+0000] {logging_mixin.py:137} INFO - [2024-06-22T13:23:31.673+0000] {taskmixin.py:205} WARNING - Dependency <Task(BashOperator): create_tag>, delete_tag already registered for DAG: example_complex
[2024-06-22T13:23:31.674+0000] {logging_mixin.py:137} INFO - [2024-06-22T13:23:31.674+0000] {taskmixin.py:205} WARNING - Dependency <Task(BashOperator): delete_tag>, create_tag already registered for DAG: example_complex
[2024-06-22T13:23:31.681+0000] {processor.py:753} INFO - DAG(s) dict_keys(['example_complex']) retrieved from /home/airflow/.local/lib/python3.7/site-packages/airflow/example_dags/example_complex.py
[2024-06-22T13:23:31.731+0000] {logging_mixin.py:137} INFO - [2024-06-22T13:23:31.731+0000] {dag.py:2676} INFO - Sync 1 DAGs
[2024-06-22T13:23:31.757+0000] {logging_mixin.py:137} INFO - [2024-06-22T13:23:31.757+0000] {dag.py:3427} INFO - Setting next_dagrun for example_complex to None, run_after=None
[2024-06-22T13:23:31.784+0000] {processor.py:175} INFO - Processing /home/airflow/.local/lib/python3.7/site-packages/airflow/example_dags/example_complex.py took 0.132 seconds
[2024-06-22T13:24:02.268+0000] {processor.py:153} INFO - Started process (PID=1091) to work on /home/airflow/.local/lib/python3.7/site-packages/airflow/example_dags/example_complex.py
[2024-06-22T13:24:02.269+0000] {processor.py:743} INFO - Processing file /home/airflow/.local/lib/python3.7/site-packages/airflow/example_dags/example_complex.py for tasks to queue
[2024-06-22T13:24:02.270+0000] {logging_mixin.py:137} INFO - [2024-06-22T13:24:02.270+0000] {dagbag.py:538} INFO - Filling up the DagBag from /home/airflow/.local/lib/python3.7/site-packages/airflow/example_dags/example_complex.py
[2024-06-22T13:24:02.288+0000] {logging_mixin.py:137} INFO - [2024-06-22T13:24:02.288+0000] {taskmixin.py:205} WARNING - Dependency <Task(BashOperator): create_entry_group>, delete_entry_group already registered for DAG: example_complex
[2024-06-22T13:24:02.289+0000] {logging_mixin.py:137} INFO - [2024-06-22T13:24:02.289+0000] {taskmixin.py:205} WARNING - Dependency <Task(BashOperator): delete_entry_group>, create_entry_group already registered for DAG: example_complex
[2024-06-22T13:24:02.289+0000] {logging_mixin.py:137} INFO - [2024-06-22T13:24:02.289+0000] {taskmixin.py:205} WARNING - Dependency <Task(BashOperator): create_entry_gcs>, delete_entry already registered for DAG: example_complex
[2024-06-22T13:24:02.290+0000] {logging_mixin.py:137} INFO - [2024-06-22T13:24:02.290+0000] {taskmixin.py:205} WARNING - Dependency <Task(BashOperator): delete_entry>, create_entry_gcs already registered for DAG: example_complex
[2024-06-22T13:24:02.290+0000] {logging_mixin.py:137} INFO - [2024-06-22T13:24:02.290+0000] {taskmixin.py:205} WARNING - Dependency <Task(BashOperator): create_tag>, delete_tag already registered for DAG: example_complex
[2024-06-22T13:24:02.291+0000] {logging_mixin.py:137} INFO - [2024-06-22T13:24:02.291+0000] {taskmixin.py:205} WARNING - Dependency <Task(BashOperator): delete_tag>, create_tag already registered for DAG: example_complex
[2024-06-22T13:24:02.303+0000] {processor.py:753} INFO - DAG(s) dict_keys(['example_complex']) retrieved from /home/airflow/.local/lib/python3.7/site-packages/airflow/example_dags/example_complex.py
[2024-06-22T13:24:02.386+0000] {logging_mixin.py:137} INFO - [2024-06-22T13:24:02.385+0000] {dag.py:2676} INFO - Sync 1 DAGs
[2024-06-22T13:24:02.423+0000] {logging_mixin.py:137} INFO - [2024-06-22T13:24:02.422+0000] {dag.py:3427} INFO - Setting next_dagrun for example_complex to None, run_after=None
[2024-06-22T13:24:02.450+0000] {processor.py:175} INFO - Processing /home/airflow/.local/lib/python3.7/site-packages/airflow/example_dags/example_complex.py took 0.187 seconds
[2024-06-22T13:24:32.595+0000] {processor.py:153} INFO - Started process (PID=1130) to work on /home/airflow/.local/lib/python3.7/site-packages/airflow/example_dags/example_complex.py
[2024-06-22T13:24:32.596+0000] {processor.py:743} INFO - Processing file /home/airflow/.local/lib/python3.7/site-packages/airflow/example_dags/example_complex.py for tasks to queue
[2024-06-22T13:24:32.597+0000] {logging_mixin.py:137} INFO - [2024-06-22T13:24:32.597+0000] {dagbag.py:538} INFO - Filling up the DagBag from /home/airflow/.local/lib/python3.7/site-packages/airflow/example_dags/example_complex.py
[2024-06-22T13:24:32.610+0000] {logging_mixin.py:137} INFO - [2024-06-22T13:24:32.610+0000] {taskmixin.py:205} WARNING - Dependency <Task(BashOperator): create_entry_group>, delete_entry_group already registered for DAG: example_complex
[2024-06-22T13:24:32.611+0000] {logging_mixin.py:137} INFO - [2024-06-22T13:24:32.611+0000] {taskmixin.py:205} WARNING - Dependency <Task(BashOperator): delete_entry_group>, create_entry_group already registered for DAG: example_complex
[2024-06-22T13:24:32.611+0000] {logging_mixin.py:137} INFO - [2024-06-22T13:24:32.611+0000] {taskmixin.py:205} WARNING - Dependency <Task(BashOperator): create_entry_gcs>, delete_entry already registered for DAG: example_complex
[2024-06-22T13:24:32.612+0000] {logging_mixin.py:137} INFO - [2024-06-22T13:24:32.612+0000] {taskmixin.py:205} WARNING - Dependency <Task(BashOperator): delete_entry>, create_entry_gcs already registered for DAG: example_complex
[2024-06-22T13:24:32.612+0000] {logging_mixin.py:137} INFO - [2024-06-22T13:24:32.612+0000] {taskmixin.py:205} WARNING - Dependency <Task(BashOperator): create_tag>, delete_tag already registered for DAG: example_complex
[2024-06-22T13:24:32.613+0000] {logging_mixin.py:137} INFO - [2024-06-22T13:24:32.613+0000] {taskmixin.py:205} WARNING - Dependency <Task(BashOperator): delete_tag>, create_tag already registered for DAG: example_complex
[2024-06-22T13:24:32.620+0000] {processor.py:753} INFO - DAG(s) dict_keys(['example_complex']) retrieved from /home/airflow/.local/lib/python3.7/site-packages/airflow/example_dags/example_complex.py
[2024-06-22T13:24:32.673+0000] {logging_mixin.py:137} INFO - [2024-06-22T13:24:32.673+0000] {dag.py:2676} INFO - Sync 1 DAGs
[2024-06-22T13:24:32.700+0000] {logging_mixin.py:137} INFO - [2024-06-22T13:24:32.700+0000] {dag.py:3427} INFO - Setting next_dagrun for example_complex to None, run_after=None
[2024-06-22T13:24:32.734+0000] {processor.py:175} INFO - Processing /home/airflow/.local/lib/python3.7/site-packages/airflow/example_dags/example_complex.py took 0.142 seconds
[2024-06-22T13:25:02.954+0000] {processor.py:153} INFO - Started process (PID=1169) to work on /home/airflow/.local/lib/python3.7/site-packages/airflow/example_dags/example_complex.py
[2024-06-22T13:25:02.955+0000] {processor.py:743} INFO - Processing file /home/airflow/.local/lib/python3.7/site-packages/airflow/example_dags/example_complex.py for tasks to queue
[2024-06-22T13:25:02.956+0000] {logging_mixin.py:137} INFO - [2024-06-22T13:25:02.956+0000] {dagbag.py:538} INFO - Filling up the DagBag from /home/airflow/.local/lib/python3.7/site-packages/airflow/example_dags/example_complex.py
[2024-06-22T13:25:02.969+0000] {logging_mixin.py:137} INFO - [2024-06-22T13:25:02.969+0000] {taskmixin.py:205} WARNING - Dependency <Task(BashOperator): create_entry_group>, delete_entry_group already registered for DAG: example_complex
[2024-06-22T13:25:02.969+0000] {logging_mixin.py:137} INFO - [2024-06-22T13:25:02.969+0000] {taskmixin.py:205} WARNING - Dependency <Task(BashOperator): delete_entry_group>, create_entry_group already registered for DAG: example_complex
[2024-06-22T13:25:02.970+0000] {logging_mixin.py:137} INFO - [2024-06-22T13:25:02.970+0000] {taskmixin.py:205} WARNING - Dependency <Task(BashOperator): create_entry_gcs>, delete_entry already registered for DAG: example_complex
[2024-06-22T13:25:02.970+0000] {logging_mixin.py:137} INFO - [2024-06-22T13:25:02.970+0000] {taskmixin.py:205} WARNING - Dependency <Task(BashOperator): delete_entry>, create_entry_gcs already registered for DAG: example_complex
[2024-06-22T13:25:02.971+0000] {logging_mixin.py:137} INFO - [2024-06-22T13:25:02.971+0000] {taskmixin.py:205} WARNING - Dependency <Task(BashOperator): create_tag>, delete_tag already registered for DAG: example_complex
[2024-06-22T13:25:02.972+0000] {logging_mixin.py:137} INFO - [2024-06-22T13:25:02.971+0000] {taskmixin.py:205} WARNING - Dependency <Task(BashOperator): delete_tag>, create_tag already registered for DAG: example_complex
[2024-06-22T13:25:02.981+0000] {processor.py:753} INFO - DAG(s) dict_keys(['example_complex']) retrieved from /home/airflow/.local/lib/python3.7/site-packages/airflow/example_dags/example_complex.py
[2024-06-22T13:25:03.031+0000] {logging_mixin.py:137} INFO - [2024-06-22T13:25:03.031+0000] {dag.py:2676} INFO - Sync 1 DAGs
[2024-06-22T13:25:03.057+0000] {logging_mixin.py:137} INFO - [2024-06-22T13:25:03.056+0000] {dag.py:3427} INFO - Setting next_dagrun for example_complex to None, run_after=None
[2024-06-22T13:25:03.089+0000] {processor.py:175} INFO - Processing /home/airflow/.local/lib/python3.7/site-packages/airflow/example_dags/example_complex.py took 0.139 seconds
[2024-06-22T13:25:33.310+0000] {processor.py:153} INFO - Started process (PID=1208) to work on /home/airflow/.local/lib/python3.7/site-packages/airflow/example_dags/example_complex.py
[2024-06-22T13:25:33.311+0000] {processor.py:743} INFO - Processing file /home/airflow/.local/lib/python3.7/site-packages/airflow/example_dags/example_complex.py for tasks to queue
[2024-06-22T13:25:33.312+0000] {logging_mixin.py:137} INFO - [2024-06-22T13:25:33.312+0000] {dagbag.py:538} INFO - Filling up the DagBag from /home/airflow/.local/lib/python3.7/site-packages/airflow/example_dags/example_complex.py
[2024-06-22T13:25:33.326+0000] {logging_mixin.py:137} INFO - [2024-06-22T13:25:33.326+0000] {taskmixin.py:205} WARNING - Dependency <Task(BashOperator): create_entry_group>, delete_entry_group already registered for DAG: example_complex
[2024-06-22T13:25:33.327+0000] {logging_mixin.py:137} INFO - [2024-06-22T13:25:33.327+0000] {taskmixin.py:205} WARNING - Dependency <Task(BashOperator): delete_entry_group>, create_entry_group already registered for DAG: example_complex
[2024-06-22T13:25:33.327+0000] {logging_mixin.py:137} INFO - [2024-06-22T13:25:33.327+0000] {taskmixin.py:205} WARNING - Dependency <Task(BashOperator): create_entry_gcs>, delete_entry already registered for DAG: example_complex
[2024-06-22T13:25:33.328+0000] {logging_mixin.py:137} INFO - [2024-06-22T13:25:33.328+0000] {taskmixin.py:205} WARNING - Dependency <Task(BashOperator): delete_entry>, create_entry_gcs already registered for DAG: example_complex
[2024-06-22T13:25:33.329+0000] {logging_mixin.py:137} INFO - [2024-06-22T13:25:33.329+0000] {taskmixin.py:205} WARNING - Dependency <Task(BashOperator): create_tag>, delete_tag already registered for DAG: example_complex
[2024-06-22T13:25:33.329+0000] {logging_mixin.py:137} INFO - [2024-06-22T13:25:33.329+0000] {taskmixin.py:205} WARNING - Dependency <Task(BashOperator): delete_tag>, create_tag already registered for DAG: example_complex
[2024-06-22T13:25:33.336+0000] {processor.py:753} INFO - DAG(s) dict_keys(['example_complex']) retrieved from /home/airflow/.local/lib/python3.7/site-packages/airflow/example_dags/example_complex.py
[2024-06-22T13:25:33.387+0000] {logging_mixin.py:137} INFO - [2024-06-22T13:25:33.386+0000] {dag.py:2676} INFO - Sync 1 DAGs
[2024-06-22T13:25:33.413+0000] {logging_mixin.py:137} INFO - [2024-06-22T13:25:33.413+0000] {dag.py:3427} INFO - Setting next_dagrun for example_complex to None, run_after=None
[2024-06-22T13:25:33.440+0000] {processor.py:175} INFO - Processing /home/airflow/.local/lib/python3.7/site-packages/airflow/example_dags/example_complex.py took 0.134 seconds
