[2024-06-22T13:11:20.491+0000] {processor.py:153} INFO - Started process (PID=54) to work on /home/airflow/.local/lib/python3.7/site-packages/airflow/example_dags/example_datasets.py
[2024-06-22T13:11:20.494+0000] {processor.py:743} INFO - Processing file /home/airflow/.local/lib/python3.7/site-packages/airflow/example_dags/example_datasets.py for tasks to queue
[2024-06-22T13:11:20.496+0000] {logging_mixin.py:137} INFO - [2024-06-22T13:11:20.496+0000] {dagbag.py:538} INFO - Filling up the DagBag from /home/airflow/.local/lib/python3.7/site-packages/airflow/example_dags/example_datasets.py
[2024-06-22T13:11:20.534+0000] {processor.py:753} INFO - DAG(s) dict_keys(['dataset_consumes_1_and_2', 'dataset_consumes_1', 'dataset_consumes_1_never_scheduled', 'dataset_produces_1', 'dataset_consumes_unknown_never_scheduled', 'dataset_produces_2']) retrieved from /home/airflow/.local/lib/python3.7/site-packages/airflow/example_dags/example_datasets.py
[2024-06-22T13:11:20.729+0000] {logging_mixin.py:137} INFO - [2024-06-22T13:11:20.729+0000] {dag.py:2676} INFO - Sync 6 DAGs
[2024-06-22T13:11:20.777+0000] {logging_mixin.py:137} INFO - [2024-06-22T13:11:20.776+0000] {dag.py:3427} INFO - Setting next_dagrun for dataset_consumes_1 to None, run_after=None
[2024-06-22T13:11:20.784+0000] {logging_mixin.py:137} INFO - [2024-06-22T13:11:20.784+0000] {dag.py:3427} INFO - Setting next_dagrun for dataset_consumes_1_and_2 to None, run_after=None
[2024-06-22T13:11:20.787+0000] {logging_mixin.py:137} INFO - [2024-06-22T13:11:20.787+0000] {dag.py:3427} INFO - Setting next_dagrun for dataset_consumes_1_never_scheduled to None, run_after=None
[2024-06-22T13:11:20.790+0000] {logging_mixin.py:137} INFO - [2024-06-22T13:11:20.789+0000] {dag.py:3427} INFO - Setting next_dagrun for dataset_consumes_unknown_never_scheduled to None, run_after=None
[2024-06-22T13:11:20.796+0000] {logging_mixin.py:137} INFO - [2024-06-22T13:11:20.796+0000] {dag.py:3427} INFO - Setting next_dagrun for dataset_produces_1 to 2024-06-21T00:00:00+00:00, run_after=2024-06-22T00:00:00+00:00
[2024-06-22T13:11:20.800+0000] {logging_mixin.py:137} INFO - [2024-06-22T13:11:20.800+0000] {dag.py:3427} INFO - Setting next_dagrun for dataset_produces_2 to None, run_after=None
[2024-06-22T13:11:20.867+0000] {processor.py:175} INFO - Processing /home/airflow/.local/lib/python3.7/site-packages/airflow/example_dags/example_datasets.py took 0.381 seconds
[2024-06-22T13:11:51.541+0000] {processor.py:153} INFO - Started process (PID=96) to work on /home/airflow/.local/lib/python3.7/site-packages/airflow/example_dags/example_datasets.py
[2024-06-22T13:11:51.542+0000] {processor.py:743} INFO - Processing file /home/airflow/.local/lib/python3.7/site-packages/airflow/example_dags/example_datasets.py for tasks to queue
[2024-06-22T13:11:51.543+0000] {logging_mixin.py:137} INFO - [2024-06-22T13:11:51.543+0000] {dagbag.py:538} INFO - Filling up the DagBag from /home/airflow/.local/lib/python3.7/site-packages/airflow/example_dags/example_datasets.py
[2024-06-22T13:11:51.563+0000] {processor.py:753} INFO - DAG(s) dict_keys(['dataset_consumes_1_and_2', 'dataset_consumes_1', 'dataset_consumes_1_never_scheduled', 'dataset_produces_2', 'dataset_consumes_unknown_never_scheduled', 'dataset_produces_1']) retrieved from /home/airflow/.local/lib/python3.7/site-packages/airflow/example_dags/example_datasets.py
[2024-06-22T13:11:51.601+0000] {logging_mixin.py:137} INFO - [2024-06-22T13:11:51.601+0000] {dag.py:2676} INFO - Sync 6 DAGs
[2024-06-22T13:11:51.685+0000] {logging_mixin.py:137} INFO - [2024-06-22T13:11:51.685+0000] {dag.py:3427} INFO - Setting next_dagrun for dataset_consumes_1 to None, run_after=None
[2024-06-22T13:11:51.716+0000] {logging_mixin.py:137} INFO - [2024-06-22T13:11:51.715+0000] {dag.py:3427} INFO - Setting next_dagrun for dataset_consumes_1_and_2 to None, run_after=None
[2024-06-22T13:11:51.719+0000] {logging_mixin.py:137} INFO - [2024-06-22T13:11:51.719+0000] {dag.py:3427} INFO - Setting next_dagrun for dataset_consumes_1_never_scheduled to None, run_after=None
[2024-06-22T13:11:51.722+0000] {logging_mixin.py:137} INFO - [2024-06-22T13:11:51.722+0000] {dag.py:3427} INFO - Setting next_dagrun for dataset_consumes_unknown_never_scheduled to None, run_after=None
[2024-06-22T13:11:51.741+0000] {logging_mixin.py:137} INFO - [2024-06-22T13:11:51.740+0000] {dag.py:3427} INFO - Setting next_dagrun for dataset_produces_1 to 2024-06-21T00:00:00+00:00, run_after=2024-06-22T00:00:00+00:00
[2024-06-22T13:11:51.761+0000] {logging_mixin.py:137} INFO - [2024-06-22T13:11:51.761+0000] {dag.py:3427} INFO - Setting next_dagrun for dataset_produces_2 to None, run_after=None
[2024-06-22T13:11:51.888+0000] {processor.py:175} INFO - Processing /home/airflow/.local/lib/python3.7/site-packages/airflow/example_dags/example_datasets.py took 0.351 seconds
[2024-06-22T13:12:22.701+0000] {processor.py:153} INFO - Started process (PID=138) to work on /home/airflow/.local/lib/python3.7/site-packages/airflow/example_dags/example_datasets.py
[2024-06-22T13:12:22.702+0000] {processor.py:743} INFO - Processing file /home/airflow/.local/lib/python3.7/site-packages/airflow/example_dags/example_datasets.py for tasks to queue
[2024-06-22T13:12:22.704+0000] {logging_mixin.py:137} INFO - [2024-06-22T13:12:22.703+0000] {dagbag.py:538} INFO - Filling up the DagBag from /home/airflow/.local/lib/python3.7/site-packages/airflow/example_dags/example_datasets.py
[2024-06-22T13:12:22.725+0000] {processor.py:753} INFO - DAG(s) dict_keys(['dataset_produces_2', 'dataset_consumes_1', 'dataset_consumes_1_never_scheduled', 'dataset_produces_1', 'dataset_consumes_1_and_2', 'dataset_consumes_unknown_never_scheduled']) retrieved from /home/airflow/.local/lib/python3.7/site-packages/airflow/example_dags/example_datasets.py
[2024-06-22T13:12:22.855+0000] {logging_mixin.py:137} INFO - [2024-06-22T13:12:22.855+0000] {dag.py:2676} INFO - Sync 6 DAGs
[2024-06-22T13:12:22.890+0000] {logging_mixin.py:137} INFO - [2024-06-22T13:12:22.889+0000] {dag.py:3427} INFO - Setting next_dagrun for dataset_consumes_1 to None, run_after=None
[2024-06-22T13:12:22.894+0000] {logging_mixin.py:137} INFO - [2024-06-22T13:12:22.894+0000] {dag.py:3427} INFO - Setting next_dagrun for dataset_consumes_1_and_2 to None, run_after=None
[2024-06-22T13:12:22.896+0000] {logging_mixin.py:137} INFO - [2024-06-22T13:12:22.896+0000] {dag.py:3427} INFO - Setting next_dagrun for dataset_consumes_1_never_scheduled to None, run_after=None
[2024-06-22T13:12:22.898+0000] {logging_mixin.py:137} INFO - [2024-06-22T13:12:22.898+0000] {dag.py:3427} INFO - Setting next_dagrun for dataset_consumes_unknown_never_scheduled to None, run_after=None
[2024-06-22T13:12:22.902+0000] {logging_mixin.py:137} INFO - [2024-06-22T13:12:22.901+0000] {dag.py:3427} INFO - Setting next_dagrun for dataset_produces_1 to 2024-06-21T00:00:00+00:00, run_after=2024-06-22T00:00:00+00:00
[2024-06-22T13:12:22.904+0000] {logging_mixin.py:137} INFO - [2024-06-22T13:12:22.904+0000] {dag.py:3427} INFO - Setting next_dagrun for dataset_produces_2 to None, run_after=None
[2024-06-22T13:12:22.949+0000] {processor.py:175} INFO - Processing /home/airflow/.local/lib/python3.7/site-packages/airflow/example_dags/example_datasets.py took 0.251 seconds
[2024-06-22T13:12:53.357+0000] {processor.py:153} INFO - Started process (PID=180) to work on /home/airflow/.local/lib/python3.7/site-packages/airflow/example_dags/example_datasets.py
[2024-06-22T13:12:53.358+0000] {processor.py:743} INFO - Processing file /home/airflow/.local/lib/python3.7/site-packages/airflow/example_dags/example_datasets.py for tasks to queue
[2024-06-22T13:12:53.359+0000] {logging_mixin.py:137} INFO - [2024-06-22T13:12:53.359+0000] {dagbag.py:538} INFO - Filling up the DagBag from /home/airflow/.local/lib/python3.7/site-packages/airflow/example_dags/example_datasets.py
[2024-06-22T13:12:53.373+0000] {processor.py:753} INFO - DAG(s) dict_keys(['dataset_produces_1', 'dataset_consumes_1_never_scheduled', 'dataset_produces_2', 'dataset_consumes_1_and_2', 'dataset_consumes_1', 'dataset_consumes_unknown_never_scheduled']) retrieved from /home/airflow/.local/lib/python3.7/site-packages/airflow/example_dags/example_datasets.py
[2024-06-22T13:12:53.425+0000] {logging_mixin.py:137} INFO - [2024-06-22T13:12:53.425+0000] {dag.py:2676} INFO - Sync 6 DAGs
[2024-06-22T13:12:53.456+0000] {logging_mixin.py:137} INFO - [2024-06-22T13:12:53.456+0000] {dag.py:3427} INFO - Setting next_dagrun for dataset_consumes_1 to None, run_after=None
[2024-06-22T13:12:53.462+0000] {logging_mixin.py:137} INFO - [2024-06-22T13:12:53.462+0000] {dag.py:3427} INFO - Setting next_dagrun for dataset_consumes_1_and_2 to None, run_after=None
[2024-06-22T13:12:53.464+0000] {logging_mixin.py:137} INFO - [2024-06-22T13:12:53.464+0000] {dag.py:3427} INFO - Setting next_dagrun for dataset_consumes_1_never_scheduled to None, run_after=None
[2024-06-22T13:12:53.465+0000] {logging_mixin.py:137} INFO - [2024-06-22T13:12:53.465+0000] {dag.py:3427} INFO - Setting next_dagrun for dataset_consumes_unknown_never_scheduled to None, run_after=None
[2024-06-22T13:12:53.468+0000] {logging_mixin.py:137} INFO - [2024-06-22T13:12:53.468+0000] {dag.py:3427} INFO - Setting next_dagrun for dataset_produces_1 to 2024-06-21T00:00:00+00:00, run_after=2024-06-22T00:00:00+00:00
[2024-06-22T13:12:53.469+0000] {logging_mixin.py:137} INFO - [2024-06-22T13:12:53.469+0000] {dag.py:3427} INFO - Setting next_dagrun for dataset_produces_2 to None, run_after=None
[2024-06-22T13:12:53.514+0000] {processor.py:175} INFO - Processing /home/airflow/.local/lib/python3.7/site-packages/airflow/example_dags/example_datasets.py took 0.161 seconds
[2024-06-22T13:13:23.665+0000] {processor.py:153} INFO - Started process (PID=219) to work on /home/airflow/.local/lib/python3.7/site-packages/airflow/example_dags/example_datasets.py
[2024-06-22T13:13:23.667+0000] {processor.py:743} INFO - Processing file /home/airflow/.local/lib/python3.7/site-packages/airflow/example_dags/example_datasets.py for tasks to queue
[2024-06-22T13:13:23.667+0000] {logging_mixin.py:137} INFO - [2024-06-22T13:13:23.667+0000] {dagbag.py:538} INFO - Filling up the DagBag from /home/airflow/.local/lib/python3.7/site-packages/airflow/example_dags/example_datasets.py
[2024-06-22T13:13:23.683+0000] {processor.py:753} INFO - DAG(s) dict_keys(['dataset_consumes_1_and_2', 'dataset_consumes_1', 'dataset_produces_2', 'dataset_consumes_unknown_never_scheduled', 'dataset_consumes_1_never_scheduled', 'dataset_produces_1']) retrieved from /home/airflow/.local/lib/python3.7/site-packages/airflow/example_dags/example_datasets.py
[2024-06-22T13:13:23.738+0000] {logging_mixin.py:137} INFO - [2024-06-22T13:13:23.738+0000] {dag.py:2676} INFO - Sync 6 DAGs
[2024-06-22T13:13:23.768+0000] {logging_mixin.py:137} INFO - [2024-06-22T13:13:23.767+0000] {dag.py:3427} INFO - Setting next_dagrun for dataset_consumes_1 to None, run_after=None
[2024-06-22T13:13:23.772+0000] {logging_mixin.py:137} INFO - [2024-06-22T13:13:23.772+0000] {dag.py:3427} INFO - Setting next_dagrun for dataset_consumes_1_and_2 to None, run_after=None
[2024-06-22T13:13:23.773+0000] {logging_mixin.py:137} INFO - [2024-06-22T13:13:23.773+0000] {dag.py:3427} INFO - Setting next_dagrun for dataset_consumes_1_never_scheduled to None, run_after=None
[2024-06-22T13:13:23.775+0000] {logging_mixin.py:137} INFO - [2024-06-22T13:13:23.775+0000] {dag.py:3427} INFO - Setting next_dagrun for dataset_consumes_unknown_never_scheduled to None, run_after=None
[2024-06-22T13:13:23.778+0000] {logging_mixin.py:137} INFO - [2024-06-22T13:13:23.778+0000] {dag.py:3427} INFO - Setting next_dagrun for dataset_produces_1 to 2024-06-21T00:00:00+00:00, run_after=2024-06-22T00:00:00+00:00
[2024-06-22T13:13:23.780+0000] {logging_mixin.py:137} INFO - [2024-06-22T13:13:23.780+0000] {dag.py:3427} INFO - Setting next_dagrun for dataset_produces_2 to None, run_after=None
[2024-06-22T13:13:23.819+0000] {processor.py:175} INFO - Processing /home/airflow/.local/lib/python3.7/site-packages/airflow/example_dags/example_datasets.py took 0.157 seconds
[2024-06-22T13:13:54.518+0000] {processor.py:153} INFO - Started process (PID=261) to work on /home/airflow/.local/lib/python3.7/site-packages/airflow/example_dags/example_datasets.py
[2024-06-22T13:13:54.520+0000] {processor.py:743} INFO - Processing file /home/airflow/.local/lib/python3.7/site-packages/airflow/example_dags/example_datasets.py for tasks to queue
[2024-06-22T13:13:54.521+0000] {logging_mixin.py:137} INFO - [2024-06-22T13:13:54.521+0000] {dagbag.py:538} INFO - Filling up the DagBag from /home/airflow/.local/lib/python3.7/site-packages/airflow/example_dags/example_datasets.py
[2024-06-22T13:13:54.536+0000] {processor.py:753} INFO - DAG(s) dict_keys(['dataset_consumes_1_and_2', 'dataset_consumes_1', 'dataset_produces_1', 'dataset_produces_2', 'dataset_consumes_1_never_scheduled', 'dataset_consumes_unknown_never_scheduled']) retrieved from /home/airflow/.local/lib/python3.7/site-packages/airflow/example_dags/example_datasets.py
[2024-06-22T13:13:54.601+0000] {logging_mixin.py:137} INFO - [2024-06-22T13:13:54.601+0000] {dag.py:2676} INFO - Sync 6 DAGs
[2024-06-22T13:13:54.630+0000] {logging_mixin.py:137} INFO - [2024-06-22T13:13:54.630+0000] {dag.py:3427} INFO - Setting next_dagrun for dataset_consumes_1 to None, run_after=None
[2024-06-22T13:13:54.635+0000] {logging_mixin.py:137} INFO - [2024-06-22T13:13:54.635+0000] {dag.py:3427} INFO - Setting next_dagrun for dataset_consumes_1_and_2 to None, run_after=None
[2024-06-22T13:13:54.637+0000] {logging_mixin.py:137} INFO - [2024-06-22T13:13:54.637+0000] {dag.py:3427} INFO - Setting next_dagrun for dataset_consumes_1_never_scheduled to None, run_after=None
[2024-06-22T13:13:54.640+0000] {logging_mixin.py:137} INFO - [2024-06-22T13:13:54.640+0000] {dag.py:3427} INFO - Setting next_dagrun for dataset_consumes_unknown_never_scheduled to None, run_after=None
[2024-06-22T13:13:54.644+0000] {logging_mixin.py:137} INFO - [2024-06-22T13:13:54.644+0000] {dag.py:3427} INFO - Setting next_dagrun for dataset_produces_1 to 2024-06-21T00:00:00+00:00, run_after=2024-06-22T00:00:00+00:00
[2024-06-22T13:13:54.647+0000] {logging_mixin.py:137} INFO - [2024-06-22T13:13:54.647+0000] {dag.py:3427} INFO - Setting next_dagrun for dataset_produces_2 to None, run_after=None
[2024-06-22T13:13:54.703+0000] {processor.py:175} INFO - Processing /home/airflow/.local/lib/python3.7/site-packages/airflow/example_dags/example_datasets.py took 0.189 seconds
[2024-06-22T13:14:25.121+0000] {processor.py:153} INFO - Started process (PID=303) to work on /home/airflow/.local/lib/python3.7/site-packages/airflow/example_dags/example_datasets.py
[2024-06-22T13:14:25.122+0000] {processor.py:743} INFO - Processing file /home/airflow/.local/lib/python3.7/site-packages/airflow/example_dags/example_datasets.py for tasks to queue
[2024-06-22T13:14:25.123+0000] {logging_mixin.py:137} INFO - [2024-06-22T13:14:25.122+0000] {dagbag.py:538} INFO - Filling up the DagBag from /home/airflow/.local/lib/python3.7/site-packages/airflow/example_dags/example_datasets.py
[2024-06-22T13:14:25.137+0000] {processor.py:753} INFO - DAG(s) dict_keys(['dataset_consumes_1', 'dataset_consumes_unknown_never_scheduled', 'dataset_produces_1', 'dataset_consumes_1_and_2', 'dataset_produces_2', 'dataset_consumes_1_never_scheduled']) retrieved from /home/airflow/.local/lib/python3.7/site-packages/airflow/example_dags/example_datasets.py
[2024-06-22T13:14:25.189+0000] {logging_mixin.py:137} INFO - [2024-06-22T13:14:25.189+0000] {dag.py:2676} INFO - Sync 6 DAGs
[2024-06-22T13:14:25.212+0000] {logging_mixin.py:137} INFO - [2024-06-22T13:14:25.212+0000] {dag.py:3427} INFO - Setting next_dagrun for dataset_consumes_1 to None, run_after=None
[2024-06-22T13:14:25.217+0000] {logging_mixin.py:137} INFO - [2024-06-22T13:14:25.217+0000] {dag.py:3427} INFO - Setting next_dagrun for dataset_consumes_1_and_2 to None, run_after=None
[2024-06-22T13:14:25.219+0000] {logging_mixin.py:137} INFO - [2024-06-22T13:14:25.219+0000] {dag.py:3427} INFO - Setting next_dagrun for dataset_consumes_1_never_scheduled to None, run_after=None
[2024-06-22T13:14:25.221+0000] {logging_mixin.py:137} INFO - [2024-06-22T13:14:25.221+0000] {dag.py:3427} INFO - Setting next_dagrun for dataset_consumes_unknown_never_scheduled to None, run_after=None
[2024-06-22T13:14:25.225+0000] {logging_mixin.py:137} INFO - [2024-06-22T13:14:25.225+0000] {dag.py:3427} INFO - Setting next_dagrun for dataset_produces_1 to 2024-06-21T00:00:00+00:00, run_after=2024-06-22T00:00:00+00:00
[2024-06-22T13:14:25.227+0000] {logging_mixin.py:137} INFO - [2024-06-22T13:14:25.227+0000] {dag.py:3427} INFO - Setting next_dagrun for dataset_produces_2 to None, run_after=None
[2024-06-22T13:14:25.271+0000] {processor.py:175} INFO - Processing /home/airflow/.local/lib/python3.7/site-packages/airflow/example_dags/example_datasets.py took 0.153 seconds
[2024-06-22T13:14:55.863+0000] {processor.py:153} INFO - Started process (PID=345) to work on /home/airflow/.local/lib/python3.7/site-packages/airflow/example_dags/example_datasets.py
[2024-06-22T13:14:55.864+0000] {processor.py:743} INFO - Processing file /home/airflow/.local/lib/python3.7/site-packages/airflow/example_dags/example_datasets.py for tasks to queue
[2024-06-22T13:14:55.866+0000] {logging_mixin.py:137} INFO - [2024-06-22T13:14:55.866+0000] {dagbag.py:538} INFO - Filling up the DagBag from /home/airflow/.local/lib/python3.7/site-packages/airflow/example_dags/example_datasets.py
[2024-06-22T13:14:55.888+0000] {processor.py:753} INFO - DAG(s) dict_keys(['dataset_consumes_1', 'dataset_produces_1', 'dataset_consumes_unknown_never_scheduled', 'dataset_produces_2', 'dataset_consumes_1_and_2', 'dataset_consumes_1_never_scheduled']) retrieved from /home/airflow/.local/lib/python3.7/site-packages/airflow/example_dags/example_datasets.py
[2024-06-22T13:14:55.958+0000] {logging_mixin.py:137} INFO - [2024-06-22T13:14:55.958+0000] {dag.py:2676} INFO - Sync 6 DAGs
[2024-06-22T13:14:55.986+0000] {logging_mixin.py:137} INFO - [2024-06-22T13:14:55.986+0000] {dag.py:3427} INFO - Setting next_dagrun for dataset_consumes_1 to None, run_after=None
[2024-06-22T13:14:55.992+0000] {logging_mixin.py:137} INFO - [2024-06-22T13:14:55.991+0000] {dag.py:3427} INFO - Setting next_dagrun for dataset_consumes_1_and_2 to None, run_after=None
[2024-06-22T13:14:55.995+0000] {logging_mixin.py:137} INFO - [2024-06-22T13:14:55.995+0000] {dag.py:3427} INFO - Setting next_dagrun for dataset_consumes_1_never_scheduled to None, run_after=None
[2024-06-22T13:14:55.997+0000] {logging_mixin.py:137} INFO - [2024-06-22T13:14:55.997+0000] {dag.py:3427} INFO - Setting next_dagrun for dataset_consumes_unknown_never_scheduled to None, run_after=None
[2024-06-22T13:14:56.000+0000] {logging_mixin.py:137} INFO - [2024-06-22T13:14:56.000+0000] {dag.py:3427} INFO - Setting next_dagrun for dataset_produces_1 to 2024-06-21T00:00:00+00:00, run_after=2024-06-22T00:00:00+00:00
[2024-06-22T13:14:56.002+0000] {logging_mixin.py:137} INFO - [2024-06-22T13:14:56.002+0000] {dag.py:3427} INFO - Setting next_dagrun for dataset_produces_2 to None, run_after=None
[2024-06-22T13:14:56.051+0000] {processor.py:175} INFO - Processing /home/airflow/.local/lib/python3.7/site-packages/airflow/example_dags/example_datasets.py took 0.194 seconds
[2024-06-22T13:15:26.275+0000] {processor.py:153} INFO - Started process (PID=387) to work on /home/airflow/.local/lib/python3.7/site-packages/airflow/example_dags/example_datasets.py
[2024-06-22T13:15:26.276+0000] {processor.py:743} INFO - Processing file /home/airflow/.local/lib/python3.7/site-packages/airflow/example_dags/example_datasets.py for tasks to queue
[2024-06-22T13:15:26.278+0000] {logging_mixin.py:137} INFO - [2024-06-22T13:15:26.278+0000] {dagbag.py:538} INFO - Filling up the DagBag from /home/airflow/.local/lib/python3.7/site-packages/airflow/example_dags/example_datasets.py
[2024-06-22T13:15:26.302+0000] {processor.py:753} INFO - DAG(s) dict_keys(['dataset_consumes_1', 'dataset_produces_2', 'dataset_consumes_1_never_scheduled', 'dataset_consumes_1_and_2', 'dataset_consumes_unknown_never_scheduled', 'dataset_produces_1']) retrieved from /home/airflow/.local/lib/python3.7/site-packages/airflow/example_dags/example_datasets.py
[2024-06-22T13:15:26.380+0000] {logging_mixin.py:137} INFO - [2024-06-22T13:15:26.380+0000] {dag.py:2676} INFO - Sync 6 DAGs
[2024-06-22T13:15:26.409+0000] {logging_mixin.py:137} INFO - [2024-06-22T13:15:26.409+0000] {dag.py:3427} INFO - Setting next_dagrun for dataset_consumes_1 to None, run_after=None
[2024-06-22T13:15:26.414+0000] {logging_mixin.py:137} INFO - [2024-06-22T13:15:26.413+0000] {dag.py:3427} INFO - Setting next_dagrun for dataset_consumes_1_and_2 to None, run_after=None
[2024-06-22T13:15:26.415+0000] {logging_mixin.py:137} INFO - [2024-06-22T13:15:26.415+0000] {dag.py:3427} INFO - Setting next_dagrun for dataset_consumes_1_never_scheduled to None, run_after=None
[2024-06-22T13:15:26.417+0000] {logging_mixin.py:137} INFO - [2024-06-22T13:15:26.417+0000] {dag.py:3427} INFO - Setting next_dagrun for dataset_consumes_unknown_never_scheduled to None, run_after=None
[2024-06-22T13:15:26.420+0000] {logging_mixin.py:137} INFO - [2024-06-22T13:15:26.420+0000] {dag.py:3427} INFO - Setting next_dagrun for dataset_produces_1 to 2024-06-21T00:00:00+00:00, run_after=2024-06-22T00:00:00+00:00
[2024-06-22T13:15:26.421+0000] {logging_mixin.py:137} INFO - [2024-06-22T13:15:26.421+0000] {dag.py:3427} INFO - Setting next_dagrun for dataset_produces_2 to None, run_after=None
[2024-06-22T13:15:26.463+0000] {processor.py:175} INFO - Processing /home/airflow/.local/lib/python3.7/site-packages/airflow/example_dags/example_datasets.py took 0.192 seconds
[2024-06-22T13:15:56.745+0000] {processor.py:153} INFO - Started process (PID=429) to work on /home/airflow/.local/lib/python3.7/site-packages/airflow/example_dags/example_datasets.py
[2024-06-22T13:15:56.746+0000] {processor.py:743} INFO - Processing file /home/airflow/.local/lib/python3.7/site-packages/airflow/example_dags/example_datasets.py for tasks to queue
[2024-06-22T13:15:56.747+0000] {logging_mixin.py:137} INFO - [2024-06-22T13:15:56.747+0000] {dagbag.py:538} INFO - Filling up the DagBag from /home/airflow/.local/lib/python3.7/site-packages/airflow/example_dags/example_datasets.py
[2024-06-22T13:15:56.762+0000] {processor.py:753} INFO - DAG(s) dict_keys(['dataset_produces_2', 'dataset_consumes_1', 'dataset_produces_1', 'dataset_consumes_1_never_scheduled', 'dataset_consumes_1_and_2', 'dataset_consumes_unknown_never_scheduled']) retrieved from /home/airflow/.local/lib/python3.7/site-packages/airflow/example_dags/example_datasets.py
[2024-06-22T13:15:56.816+0000] {logging_mixin.py:137} INFO - [2024-06-22T13:15:56.816+0000] {dag.py:2676} INFO - Sync 6 DAGs
[2024-06-22T13:15:56.843+0000] {logging_mixin.py:137} INFO - [2024-06-22T13:15:56.842+0000] {dag.py:3427} INFO - Setting next_dagrun for dataset_consumes_1 to None, run_after=None
[2024-06-22T13:15:56.847+0000] {logging_mixin.py:137} INFO - [2024-06-22T13:15:56.847+0000] {dag.py:3427} INFO - Setting next_dagrun for dataset_consumes_1_and_2 to None, run_after=None
[2024-06-22T13:15:56.849+0000] {logging_mixin.py:137} INFO - [2024-06-22T13:15:56.849+0000] {dag.py:3427} INFO - Setting next_dagrun for dataset_consumes_1_never_scheduled to None, run_after=None
[2024-06-22T13:15:56.852+0000] {logging_mixin.py:137} INFO - [2024-06-22T13:15:56.852+0000] {dag.py:3427} INFO - Setting next_dagrun for dataset_consumes_unknown_never_scheduled to None, run_after=None
[2024-06-22T13:15:56.855+0000] {logging_mixin.py:137} INFO - [2024-06-22T13:15:56.855+0000] {dag.py:3427} INFO - Setting next_dagrun for dataset_produces_1 to 2024-06-21T00:00:00+00:00, run_after=2024-06-22T00:00:00+00:00
[2024-06-22T13:15:56.857+0000] {logging_mixin.py:137} INFO - [2024-06-22T13:15:56.857+0000] {dag.py:3427} INFO - Setting next_dagrun for dataset_produces_2 to None, run_after=None
[2024-06-22T13:15:56.896+0000] {processor.py:175} INFO - Processing /home/airflow/.local/lib/python3.7/site-packages/airflow/example_dags/example_datasets.py took 0.154 seconds
[2024-06-22T13:16:27.057+0000] {processor.py:153} INFO - Started process (PID=472) to work on /home/airflow/.local/lib/python3.7/site-packages/airflow/example_dags/example_datasets.py
[2024-06-22T13:16:27.058+0000] {processor.py:743} INFO - Processing file /home/airflow/.local/lib/python3.7/site-packages/airflow/example_dags/example_datasets.py for tasks to queue
[2024-06-22T13:16:27.059+0000] {logging_mixin.py:137} INFO - [2024-06-22T13:16:27.059+0000] {dagbag.py:538} INFO - Filling up the DagBag from /home/airflow/.local/lib/python3.7/site-packages/airflow/example_dags/example_datasets.py
[2024-06-22T13:16:27.073+0000] {processor.py:753} INFO - DAG(s) dict_keys(['dataset_produces_2', 'dataset_produces_1', 'dataset_consumes_1', 'dataset_consumes_unknown_never_scheduled', 'dataset_consumes_1_never_scheduled', 'dataset_consumes_1_and_2']) retrieved from /home/airflow/.local/lib/python3.7/site-packages/airflow/example_dags/example_datasets.py
[2024-06-22T13:16:27.128+0000] {logging_mixin.py:137} INFO - [2024-06-22T13:16:27.128+0000] {dag.py:2676} INFO - Sync 6 DAGs
[2024-06-22T13:16:27.155+0000] {logging_mixin.py:137} INFO - [2024-06-22T13:16:27.154+0000] {dag.py:3427} INFO - Setting next_dagrun for dataset_consumes_1 to None, run_after=None
[2024-06-22T13:16:27.159+0000] {logging_mixin.py:137} INFO - [2024-06-22T13:16:27.159+0000] {dag.py:3427} INFO - Setting next_dagrun for dataset_consumes_1_and_2 to None, run_after=None
[2024-06-22T13:16:27.161+0000] {logging_mixin.py:137} INFO - [2024-06-22T13:16:27.161+0000] {dag.py:3427} INFO - Setting next_dagrun for dataset_consumes_1_never_scheduled to None, run_after=None
[2024-06-22T13:16:27.163+0000] {logging_mixin.py:137} INFO - [2024-06-22T13:16:27.163+0000] {dag.py:3427} INFO - Setting next_dagrun for dataset_consumes_unknown_never_scheduled to None, run_after=None
[2024-06-22T13:16:27.167+0000] {logging_mixin.py:137} INFO - [2024-06-22T13:16:27.166+0000] {dag.py:3427} INFO - Setting next_dagrun for dataset_produces_1 to 2024-06-21T00:00:00+00:00, run_after=2024-06-22T00:00:00+00:00
[2024-06-22T13:16:27.169+0000] {logging_mixin.py:137} INFO - [2024-06-22T13:16:27.169+0000] {dag.py:3427} INFO - Setting next_dagrun for dataset_produces_2 to None, run_after=None
[2024-06-22T13:16:27.213+0000] {processor.py:175} INFO - Processing /home/airflow/.local/lib/python3.7/site-packages/airflow/example_dags/example_datasets.py took 0.159 seconds
[2024-06-22T13:16:57.484+0000] {processor.py:153} INFO - Started process (PID=514) to work on /home/airflow/.local/lib/python3.7/site-packages/airflow/example_dags/example_datasets.py
[2024-06-22T13:16:57.485+0000] {processor.py:743} INFO - Processing file /home/airflow/.local/lib/python3.7/site-packages/airflow/example_dags/example_datasets.py for tasks to queue
[2024-06-22T13:16:57.487+0000] {logging_mixin.py:137} INFO - [2024-06-22T13:16:57.486+0000] {dagbag.py:538} INFO - Filling up the DagBag from /home/airflow/.local/lib/python3.7/site-packages/airflow/example_dags/example_datasets.py
[2024-06-22T13:16:57.502+0000] {processor.py:753} INFO - DAG(s) dict_keys(['dataset_consumes_1', 'dataset_produces_2', 'dataset_consumes_1_and_2', 'dataset_consumes_unknown_never_scheduled', 'dataset_consumes_1_never_scheduled', 'dataset_produces_1']) retrieved from /home/airflow/.local/lib/python3.7/site-packages/airflow/example_dags/example_datasets.py
[2024-06-22T13:16:57.558+0000] {logging_mixin.py:137} INFO - [2024-06-22T13:16:57.558+0000] {dag.py:2676} INFO - Sync 6 DAGs
[2024-06-22T13:16:57.590+0000] {logging_mixin.py:137} INFO - [2024-06-22T13:16:57.590+0000] {dag.py:3427} INFO - Setting next_dagrun for dataset_consumes_1 to None, run_after=None
[2024-06-22T13:16:57.597+0000] {logging_mixin.py:137} INFO - [2024-06-22T13:16:57.597+0000] {dag.py:3427} INFO - Setting next_dagrun for dataset_consumes_1_and_2 to None, run_after=None
[2024-06-22T13:16:57.599+0000] {logging_mixin.py:137} INFO - [2024-06-22T13:16:57.599+0000] {dag.py:3427} INFO - Setting next_dagrun for dataset_consumes_1_never_scheduled to None, run_after=None
[2024-06-22T13:16:57.601+0000] {logging_mixin.py:137} INFO - [2024-06-22T13:16:57.601+0000] {dag.py:3427} INFO - Setting next_dagrun for dataset_consumes_unknown_never_scheduled to None, run_after=None
[2024-06-22T13:16:57.605+0000] {logging_mixin.py:137} INFO - [2024-06-22T13:16:57.604+0000] {dag.py:3427} INFO - Setting next_dagrun for dataset_produces_1 to 2024-06-21T00:00:00+00:00, run_after=2024-06-22T00:00:00+00:00
[2024-06-22T13:16:57.607+0000] {logging_mixin.py:137} INFO - [2024-06-22T13:16:57.607+0000] {dag.py:3427} INFO - Setting next_dagrun for dataset_produces_2 to None, run_after=None
[2024-06-22T13:16:57.651+0000] {processor.py:175} INFO - Processing /home/airflow/.local/lib/python3.7/site-packages/airflow/example_dags/example_datasets.py took 0.171 seconds
[2024-06-22T13:17:27.964+0000] {processor.py:153} INFO - Started process (PID=555) to work on /home/airflow/.local/lib/python3.7/site-packages/airflow/example_dags/example_datasets.py
[2024-06-22T13:17:27.966+0000] {processor.py:743} INFO - Processing file /home/airflow/.local/lib/python3.7/site-packages/airflow/example_dags/example_datasets.py for tasks to queue
[2024-06-22T13:17:27.967+0000] {logging_mixin.py:137} INFO - [2024-06-22T13:17:27.967+0000] {dagbag.py:538} INFO - Filling up the DagBag from /home/airflow/.local/lib/python3.7/site-packages/airflow/example_dags/example_datasets.py
[2024-06-22T13:17:27.986+0000] {processor.py:753} INFO - DAG(s) dict_keys(['dataset_produces_2', 'dataset_consumes_unknown_never_scheduled', 'dataset_consumes_1_never_scheduled', 'dataset_produces_1', 'dataset_consumes_1', 'dataset_consumes_1_and_2']) retrieved from /home/airflow/.local/lib/python3.7/site-packages/airflow/example_dags/example_datasets.py
[2024-06-22T13:17:28.054+0000] {logging_mixin.py:137} INFO - [2024-06-22T13:17:28.054+0000] {dag.py:2676} INFO - Sync 6 DAGs
[2024-06-22T13:17:28.086+0000] {logging_mixin.py:137} INFO - [2024-06-22T13:17:28.086+0000] {dag.py:3427} INFO - Setting next_dagrun for dataset_consumes_1 to None, run_after=None
[2024-06-22T13:17:28.091+0000] {logging_mixin.py:137} INFO - [2024-06-22T13:17:28.090+0000] {dag.py:3427} INFO - Setting next_dagrun for dataset_consumes_1_and_2 to None, run_after=None
[2024-06-22T13:17:28.093+0000] {logging_mixin.py:137} INFO - [2024-06-22T13:17:28.092+0000] {dag.py:3427} INFO - Setting next_dagrun for dataset_consumes_1_never_scheduled to None, run_after=None
[2024-06-22T13:17:28.095+0000] {logging_mixin.py:137} INFO - [2024-06-22T13:17:28.095+0000] {dag.py:3427} INFO - Setting next_dagrun for dataset_consumes_unknown_never_scheduled to None, run_after=None
[2024-06-22T13:17:28.098+0000] {logging_mixin.py:137} INFO - [2024-06-22T13:17:28.098+0000] {dag.py:3427} INFO - Setting next_dagrun for dataset_produces_1 to 2024-06-21T00:00:00+00:00, run_after=2024-06-22T00:00:00+00:00
[2024-06-22T13:17:28.101+0000] {logging_mixin.py:137} INFO - [2024-06-22T13:17:28.100+0000] {dag.py:3427} INFO - Setting next_dagrun for dataset_produces_2 to None, run_after=None
[2024-06-22T13:17:28.145+0000] {processor.py:175} INFO - Processing /home/airflow/.local/lib/python3.7/site-packages/airflow/example_dags/example_datasets.py took 0.186 seconds
[2024-06-22T13:17:58.415+0000] {processor.py:153} INFO - Started process (PID=597) to work on /home/airflow/.local/lib/python3.7/site-packages/airflow/example_dags/example_datasets.py
[2024-06-22T13:17:58.416+0000] {processor.py:743} INFO - Processing file /home/airflow/.local/lib/python3.7/site-packages/airflow/example_dags/example_datasets.py for tasks to queue
[2024-06-22T13:17:58.417+0000] {logging_mixin.py:137} INFO - [2024-06-22T13:17:58.417+0000] {dagbag.py:538} INFO - Filling up the DagBag from /home/airflow/.local/lib/python3.7/site-packages/airflow/example_dags/example_datasets.py
[2024-06-22T13:17:58.433+0000] {processor.py:753} INFO - DAG(s) dict_keys(['dataset_consumes_1_and_2', 'dataset_consumes_1_never_scheduled', 'dataset_consumes_1', 'dataset_produces_1', 'dataset_produces_2', 'dataset_consumes_unknown_never_scheduled']) retrieved from /home/airflow/.local/lib/python3.7/site-packages/airflow/example_dags/example_datasets.py
[2024-06-22T13:17:58.495+0000] {logging_mixin.py:137} INFO - [2024-06-22T13:17:58.495+0000] {dag.py:2676} INFO - Sync 6 DAGs
[2024-06-22T13:17:58.527+0000] {logging_mixin.py:137} INFO - [2024-06-22T13:17:58.526+0000] {dag.py:3427} INFO - Setting next_dagrun for dataset_consumes_1 to None, run_after=None
[2024-06-22T13:17:58.532+0000] {logging_mixin.py:137} INFO - [2024-06-22T13:17:58.532+0000] {dag.py:3427} INFO - Setting next_dagrun for dataset_consumes_1_and_2 to None, run_after=None
[2024-06-22T13:17:58.534+0000] {logging_mixin.py:137} INFO - [2024-06-22T13:17:58.534+0000] {dag.py:3427} INFO - Setting next_dagrun for dataset_consumes_1_never_scheduled to None, run_after=None
[2024-06-22T13:17:58.536+0000] {logging_mixin.py:137} INFO - [2024-06-22T13:17:58.536+0000] {dag.py:3427} INFO - Setting next_dagrun for dataset_consumes_unknown_never_scheduled to None, run_after=None
[2024-06-22T13:17:58.540+0000] {logging_mixin.py:137} INFO - [2024-06-22T13:17:58.540+0000] {dag.py:3427} INFO - Setting next_dagrun for dataset_produces_1 to 2024-06-21T00:00:00+00:00, run_after=2024-06-22T00:00:00+00:00
[2024-06-22T13:17:58.543+0000] {logging_mixin.py:137} INFO - [2024-06-22T13:17:58.542+0000] {dag.py:3427} INFO - Setting next_dagrun for dataset_produces_2 to None, run_after=None
[2024-06-22T13:17:58.584+0000] {processor.py:175} INFO - Processing /home/airflow/.local/lib/python3.7/site-packages/airflow/example_dags/example_datasets.py took 0.174 seconds
[2024-06-22T13:18:28.902+0000] {processor.py:153} INFO - Started process (PID=639) to work on /home/airflow/.local/lib/python3.7/site-packages/airflow/example_dags/example_datasets.py
[2024-06-22T13:18:28.904+0000] {processor.py:743} INFO - Processing file /home/airflow/.local/lib/python3.7/site-packages/airflow/example_dags/example_datasets.py for tasks to queue
[2024-06-22T13:18:28.905+0000] {logging_mixin.py:137} INFO - [2024-06-22T13:18:28.904+0000] {dagbag.py:538} INFO - Filling up the DagBag from /home/airflow/.local/lib/python3.7/site-packages/airflow/example_dags/example_datasets.py
[2024-06-22T13:18:28.918+0000] {processor.py:753} INFO - DAG(s) dict_keys(['dataset_consumes_1_and_2', 'dataset_consumes_unknown_never_scheduled', 'dataset_produces_2', 'dataset_produces_1', 'dataset_consumes_1', 'dataset_consumes_1_never_scheduled']) retrieved from /home/airflow/.local/lib/python3.7/site-packages/airflow/example_dags/example_datasets.py
[2024-06-22T13:18:28.970+0000] {logging_mixin.py:137} INFO - [2024-06-22T13:18:28.970+0000] {dag.py:2676} INFO - Sync 6 DAGs
[2024-06-22T13:18:28.996+0000] {logging_mixin.py:137} INFO - [2024-06-22T13:18:28.996+0000] {dag.py:3427} INFO - Setting next_dagrun for dataset_consumes_1 to None, run_after=None
[2024-06-22T13:18:29.001+0000] {logging_mixin.py:137} INFO - [2024-06-22T13:18:29.001+0000] {dag.py:3427} INFO - Setting next_dagrun for dataset_consumes_1_and_2 to None, run_after=None
[2024-06-22T13:18:29.003+0000] {logging_mixin.py:137} INFO - [2024-06-22T13:18:29.003+0000] {dag.py:3427} INFO - Setting next_dagrun for dataset_consumes_1_never_scheduled to None, run_after=None
[2024-06-22T13:18:29.005+0000] {logging_mixin.py:137} INFO - [2024-06-22T13:18:29.005+0000] {dag.py:3427} INFO - Setting next_dagrun for dataset_consumes_unknown_never_scheduled to None, run_after=None
[2024-06-22T13:18:29.008+0000] {logging_mixin.py:137} INFO - [2024-06-22T13:18:29.008+0000] {dag.py:3427} INFO - Setting next_dagrun for dataset_produces_1 to 2024-06-21T00:00:00+00:00, run_after=2024-06-22T00:00:00+00:00
[2024-06-22T13:18:29.010+0000] {logging_mixin.py:137} INFO - [2024-06-22T13:18:29.010+0000] {dag.py:3427} INFO - Setting next_dagrun for dataset_produces_2 to None, run_after=None
[2024-06-22T13:18:29.056+0000] {processor.py:175} INFO - Processing /home/airflow/.local/lib/python3.7/site-packages/airflow/example_dags/example_datasets.py took 0.157 seconds
[2024-06-22T13:18:59.166+0000] {processor.py:153} INFO - Started process (PID=681) to work on /home/airflow/.local/lib/python3.7/site-packages/airflow/example_dags/example_datasets.py
[2024-06-22T13:18:59.167+0000] {processor.py:743} INFO - Processing file /home/airflow/.local/lib/python3.7/site-packages/airflow/example_dags/example_datasets.py for tasks to queue
[2024-06-22T13:18:59.168+0000] {logging_mixin.py:137} INFO - [2024-06-22T13:18:59.168+0000] {dagbag.py:538} INFO - Filling up the DagBag from /home/airflow/.local/lib/python3.7/site-packages/airflow/example_dags/example_datasets.py
[2024-06-22T13:18:59.181+0000] {processor.py:753} INFO - DAG(s) dict_keys(['dataset_consumes_1_and_2', 'dataset_produces_2', 'dataset_consumes_1_never_scheduled', 'dataset_produces_1', 'dataset_consumes_unknown_never_scheduled', 'dataset_consumes_1']) retrieved from /home/airflow/.local/lib/python3.7/site-packages/airflow/example_dags/example_datasets.py
[2024-06-22T13:18:59.236+0000] {logging_mixin.py:137} INFO - [2024-06-22T13:18:59.236+0000] {dag.py:2676} INFO - Sync 6 DAGs
[2024-06-22T13:18:59.262+0000] {logging_mixin.py:137} INFO - [2024-06-22T13:18:59.261+0000] {dag.py:3427} INFO - Setting next_dagrun for dataset_consumes_1 to None, run_after=None
[2024-06-22T13:18:59.267+0000] {logging_mixin.py:137} INFO - [2024-06-22T13:18:59.266+0000] {dag.py:3427} INFO - Setting next_dagrun for dataset_consumes_1_and_2 to None, run_after=None
[2024-06-22T13:18:59.269+0000] {logging_mixin.py:137} INFO - [2024-06-22T13:18:59.269+0000] {dag.py:3427} INFO - Setting next_dagrun for dataset_consumes_1_never_scheduled to None, run_after=None
[2024-06-22T13:18:59.271+0000] {logging_mixin.py:137} INFO - [2024-06-22T13:18:59.271+0000] {dag.py:3427} INFO - Setting next_dagrun for dataset_consumes_unknown_never_scheduled to None, run_after=None
[2024-06-22T13:18:59.274+0000] {logging_mixin.py:137} INFO - [2024-06-22T13:18:59.274+0000] {dag.py:3427} INFO - Setting next_dagrun for dataset_produces_1 to 2024-06-21T00:00:00+00:00, run_after=2024-06-22T00:00:00+00:00
[2024-06-22T13:18:59.276+0000] {logging_mixin.py:137} INFO - [2024-06-22T13:18:59.276+0000] {dag.py:3427} INFO - Setting next_dagrun for dataset_produces_2 to None, run_after=None
[2024-06-22T13:18:59.319+0000] {processor.py:175} INFO - Processing /home/airflow/.local/lib/python3.7/site-packages/airflow/example_dags/example_datasets.py took 0.156 seconds
[2024-06-22T13:19:29.407+0000] {processor.py:153} INFO - Started process (PID=723) to work on /home/airflow/.local/lib/python3.7/site-packages/airflow/example_dags/example_datasets.py
[2024-06-22T13:19:29.409+0000] {processor.py:743} INFO - Processing file /home/airflow/.local/lib/python3.7/site-packages/airflow/example_dags/example_datasets.py for tasks to queue
[2024-06-22T13:19:29.410+0000] {logging_mixin.py:137} INFO - [2024-06-22T13:19:29.410+0000] {dagbag.py:538} INFO - Filling up the DagBag from /home/airflow/.local/lib/python3.7/site-packages/airflow/example_dags/example_datasets.py
[2024-06-22T13:19:29.424+0000] {processor.py:753} INFO - DAG(s) dict_keys(['dataset_consumes_1', 'dataset_consumes_1_never_scheduled', 'dataset_produces_2', 'dataset_produces_1', 'dataset_consumes_unknown_never_scheduled', 'dataset_consumes_1_and_2']) retrieved from /home/airflow/.local/lib/python3.7/site-packages/airflow/example_dags/example_datasets.py
[2024-06-22T13:19:29.479+0000] {logging_mixin.py:137} INFO - [2024-06-22T13:19:29.479+0000] {dag.py:2676} INFO - Sync 6 DAGs
[2024-06-22T13:19:29.504+0000] {logging_mixin.py:137} INFO - [2024-06-22T13:19:29.504+0000] {dag.py:3427} INFO - Setting next_dagrun for dataset_consumes_1 to None, run_after=None
[2024-06-22T13:19:29.509+0000] {logging_mixin.py:137} INFO - [2024-06-22T13:19:29.509+0000] {dag.py:3427} INFO - Setting next_dagrun for dataset_consumes_1_and_2 to None, run_after=None
[2024-06-22T13:19:29.511+0000] {logging_mixin.py:137} INFO - [2024-06-22T13:19:29.511+0000] {dag.py:3427} INFO - Setting next_dagrun for dataset_consumes_1_never_scheduled to None, run_after=None
[2024-06-22T13:19:29.514+0000] {logging_mixin.py:137} INFO - [2024-06-22T13:19:29.514+0000] {dag.py:3427} INFO - Setting next_dagrun for dataset_consumes_unknown_never_scheduled to None, run_after=None
[2024-06-22T13:19:29.521+0000] {logging_mixin.py:137} INFO - [2024-06-22T13:19:29.520+0000] {dag.py:3427} INFO - Setting next_dagrun for dataset_produces_1 to 2024-06-21T00:00:00+00:00, run_after=2024-06-22T00:00:00+00:00
[2024-06-22T13:19:29.523+0000] {logging_mixin.py:137} INFO - [2024-06-22T13:19:29.523+0000] {dag.py:3427} INFO - Setting next_dagrun for dataset_produces_2 to None, run_after=None
[2024-06-22T13:19:29.578+0000] {processor.py:175} INFO - Processing /home/airflow/.local/lib/python3.7/site-packages/airflow/example_dags/example_datasets.py took 0.175 seconds
[2024-06-22T13:19:59.968+0000] {processor.py:153} INFO - Started process (PID=765) to work on /home/airflow/.local/lib/python3.7/site-packages/airflow/example_dags/example_datasets.py
[2024-06-22T13:19:59.970+0000] {processor.py:743} INFO - Processing file /home/airflow/.local/lib/python3.7/site-packages/airflow/example_dags/example_datasets.py for tasks to queue
[2024-06-22T13:19:59.971+0000] {logging_mixin.py:137} INFO - [2024-06-22T13:19:59.971+0000] {dagbag.py:538} INFO - Filling up the DagBag from /home/airflow/.local/lib/python3.7/site-packages/airflow/example_dags/example_datasets.py
[2024-06-22T13:19:59.995+0000] {processor.py:753} INFO - DAG(s) dict_keys(['dataset_produces_2', 'dataset_produces_1', 'dataset_consumes_1', 'dataset_consumes_unknown_never_scheduled', 'dataset_consumes_1_and_2', 'dataset_consumes_1_never_scheduled']) retrieved from /home/airflow/.local/lib/python3.7/site-packages/airflow/example_dags/example_datasets.py
[2024-06-22T13:20:00.086+0000] {logging_mixin.py:137} INFO - [2024-06-22T13:20:00.086+0000] {dag.py:2676} INFO - Sync 6 DAGs
[2024-06-22T13:20:00.116+0000] {logging_mixin.py:137} INFO - [2024-06-22T13:20:00.116+0000] {dag.py:3427} INFO - Setting next_dagrun for dataset_consumes_1 to None, run_after=None
[2024-06-22T13:20:00.120+0000] {logging_mixin.py:137} INFO - [2024-06-22T13:20:00.120+0000] {dag.py:3427} INFO - Setting next_dagrun for dataset_consumes_1_and_2 to None, run_after=None
[2024-06-22T13:20:00.122+0000] {logging_mixin.py:137} INFO - [2024-06-22T13:20:00.122+0000] {dag.py:3427} INFO - Setting next_dagrun for dataset_consumes_1_never_scheduled to None, run_after=None
[2024-06-22T13:20:00.124+0000] {logging_mixin.py:137} INFO - [2024-06-22T13:20:00.124+0000] {dag.py:3427} INFO - Setting next_dagrun for dataset_consumes_unknown_never_scheduled to None, run_after=None
[2024-06-22T13:20:00.127+0000] {logging_mixin.py:137} INFO - [2024-06-22T13:20:00.127+0000] {dag.py:3427} INFO - Setting next_dagrun for dataset_produces_1 to 2024-06-21T00:00:00+00:00, run_after=2024-06-22T00:00:00+00:00
[2024-06-22T13:20:00.129+0000] {logging_mixin.py:137} INFO - [2024-06-22T13:20:00.129+0000] {dag.py:3427} INFO - Setting next_dagrun for dataset_produces_2 to None, run_after=None
[2024-06-22T13:20:00.179+0000] {processor.py:175} INFO - Processing /home/airflow/.local/lib/python3.7/site-packages/airflow/example_dags/example_datasets.py took 0.214 seconds
[2024-06-22T13:20:30.305+0000] {processor.py:153} INFO - Started process (PID=807) to work on /home/airflow/.local/lib/python3.7/site-packages/airflow/example_dags/example_datasets.py
[2024-06-22T13:20:30.307+0000] {processor.py:743} INFO - Processing file /home/airflow/.local/lib/python3.7/site-packages/airflow/example_dags/example_datasets.py for tasks to queue
[2024-06-22T13:20:30.308+0000] {logging_mixin.py:137} INFO - [2024-06-22T13:20:30.308+0000] {dagbag.py:538} INFO - Filling up the DagBag from /home/airflow/.local/lib/python3.7/site-packages/airflow/example_dags/example_datasets.py
[2024-06-22T13:20:30.325+0000] {processor.py:753} INFO - DAG(s) dict_keys(['dataset_consumes_1_never_scheduled', 'dataset_consumes_1', 'dataset_produces_2', 'dataset_produces_1', 'dataset_consumes_1_and_2', 'dataset_consumes_unknown_never_scheduled']) retrieved from /home/airflow/.local/lib/python3.7/site-packages/airflow/example_dags/example_datasets.py
[2024-06-22T13:20:30.387+0000] {logging_mixin.py:137} INFO - [2024-06-22T13:20:30.386+0000] {dag.py:2676} INFO - Sync 6 DAGs
[2024-06-22T13:20:30.413+0000] {logging_mixin.py:137} INFO - [2024-06-22T13:20:30.413+0000] {dag.py:3427} INFO - Setting next_dagrun for dataset_consumes_1 to None, run_after=None
[2024-06-22T13:20:30.417+0000] {logging_mixin.py:137} INFO - [2024-06-22T13:20:30.417+0000] {dag.py:3427} INFO - Setting next_dagrun for dataset_consumes_1_and_2 to None, run_after=None
[2024-06-22T13:20:30.419+0000] {logging_mixin.py:137} INFO - [2024-06-22T13:20:30.419+0000] {dag.py:3427} INFO - Setting next_dagrun for dataset_consumes_1_never_scheduled to None, run_after=None
[2024-06-22T13:20:30.421+0000] {logging_mixin.py:137} INFO - [2024-06-22T13:20:30.421+0000] {dag.py:3427} INFO - Setting next_dagrun for dataset_consumes_unknown_never_scheduled to None, run_after=None
[2024-06-22T13:20:30.424+0000] {logging_mixin.py:137} INFO - [2024-06-22T13:20:30.424+0000] {dag.py:3427} INFO - Setting next_dagrun for dataset_produces_1 to 2024-06-21T00:00:00+00:00, run_after=2024-06-22T00:00:00+00:00
[2024-06-22T13:20:30.426+0000] {logging_mixin.py:137} INFO - [2024-06-22T13:20:30.426+0000] {dag.py:3427} INFO - Setting next_dagrun for dataset_produces_2 to None, run_after=None
[2024-06-22T13:20:30.472+0000] {processor.py:175} INFO - Processing /home/airflow/.local/lib/python3.7/site-packages/airflow/example_dags/example_datasets.py took 0.171 seconds
[2024-06-22T13:21:00.641+0000] {processor.py:153} INFO - Started process (PID=849) to work on /home/airflow/.local/lib/python3.7/site-packages/airflow/example_dags/example_datasets.py
[2024-06-22T13:21:00.643+0000] {processor.py:743} INFO - Processing file /home/airflow/.local/lib/python3.7/site-packages/airflow/example_dags/example_datasets.py for tasks to queue
[2024-06-22T13:21:00.644+0000] {logging_mixin.py:137} INFO - [2024-06-22T13:21:00.643+0000] {dagbag.py:538} INFO - Filling up the DagBag from /home/airflow/.local/lib/python3.7/site-packages/airflow/example_dags/example_datasets.py
[2024-06-22T13:21:00.664+0000] {processor.py:753} INFO - DAG(s) dict_keys(['dataset_produces_1', 'dataset_consumes_1_and_2', 'dataset_consumes_unknown_never_scheduled', 'dataset_consumes_1_never_scheduled', 'dataset_produces_2', 'dataset_consumes_1']) retrieved from /home/airflow/.local/lib/python3.7/site-packages/airflow/example_dags/example_datasets.py
[2024-06-22T13:21:00.739+0000] {logging_mixin.py:137} INFO - [2024-06-22T13:21:00.739+0000] {dag.py:2676} INFO - Sync 6 DAGs
[2024-06-22T13:21:00.771+0000] {logging_mixin.py:137} INFO - [2024-06-22T13:21:00.771+0000] {dag.py:3427} INFO - Setting next_dagrun for dataset_consumes_1 to None, run_after=None
[2024-06-22T13:21:00.775+0000] {logging_mixin.py:137} INFO - [2024-06-22T13:21:00.775+0000] {dag.py:3427} INFO - Setting next_dagrun for dataset_consumes_1_and_2 to None, run_after=None
[2024-06-22T13:21:00.777+0000] {logging_mixin.py:137} INFO - [2024-06-22T13:21:00.777+0000] {dag.py:3427} INFO - Setting next_dagrun for dataset_consumes_1_never_scheduled to None, run_after=None
[2024-06-22T13:21:00.779+0000] {logging_mixin.py:137} INFO - [2024-06-22T13:21:00.778+0000] {dag.py:3427} INFO - Setting next_dagrun for dataset_consumes_unknown_never_scheduled to None, run_after=None
[2024-06-22T13:21:00.782+0000] {logging_mixin.py:137} INFO - [2024-06-22T13:21:00.782+0000] {dag.py:3427} INFO - Setting next_dagrun for dataset_produces_1 to 2024-06-21T00:00:00+00:00, run_after=2024-06-22T00:00:00+00:00
[2024-06-22T13:21:00.783+0000] {logging_mixin.py:137} INFO - [2024-06-22T13:21:00.783+0000] {dag.py:3427} INFO - Setting next_dagrun for dataset_produces_2 to None, run_after=None
[2024-06-22T13:21:00.821+0000] {processor.py:175} INFO - Processing /home/airflow/.local/lib/python3.7/site-packages/airflow/example_dags/example_datasets.py took 0.184 seconds
[2024-06-22T13:21:31.391+0000] {processor.py:153} INFO - Started process (PID=891) to work on /home/airflow/.local/lib/python3.7/site-packages/airflow/example_dags/example_datasets.py
[2024-06-22T13:21:31.393+0000] {processor.py:743} INFO - Processing file /home/airflow/.local/lib/python3.7/site-packages/airflow/example_dags/example_datasets.py for tasks to queue
[2024-06-22T13:21:31.393+0000] {logging_mixin.py:137} INFO - [2024-06-22T13:21:31.393+0000] {dagbag.py:538} INFO - Filling up the DagBag from /home/airflow/.local/lib/python3.7/site-packages/airflow/example_dags/example_datasets.py
[2024-06-22T13:21:31.412+0000] {processor.py:753} INFO - DAG(s) dict_keys(['dataset_consumes_1_never_scheduled', 'dataset_consumes_1_and_2', 'dataset_consumes_1', 'dataset_produces_2', 'dataset_consumes_unknown_never_scheduled', 'dataset_produces_1']) retrieved from /home/airflow/.local/lib/python3.7/site-packages/airflow/example_dags/example_datasets.py
[2024-06-22T13:21:31.467+0000] {logging_mixin.py:137} INFO - [2024-06-22T13:21:31.467+0000] {dag.py:2676} INFO - Sync 6 DAGs
[2024-06-22T13:21:31.493+0000] {logging_mixin.py:137} INFO - [2024-06-22T13:21:31.493+0000] {dag.py:3427} INFO - Setting next_dagrun for dataset_consumes_1 to None, run_after=None
[2024-06-22T13:21:31.497+0000] {logging_mixin.py:137} INFO - [2024-06-22T13:21:31.497+0000] {dag.py:3427} INFO - Setting next_dagrun for dataset_consumes_1_and_2 to None, run_after=None
[2024-06-22T13:21:31.500+0000] {logging_mixin.py:137} INFO - [2024-06-22T13:21:31.499+0000] {dag.py:3427} INFO - Setting next_dagrun for dataset_consumes_1_never_scheduled to None, run_after=None
[2024-06-22T13:21:31.502+0000] {logging_mixin.py:137} INFO - [2024-06-22T13:21:31.502+0000] {dag.py:3427} INFO - Setting next_dagrun for dataset_consumes_unknown_never_scheduled to None, run_after=None
[2024-06-22T13:21:31.505+0000] {logging_mixin.py:137} INFO - [2024-06-22T13:21:31.505+0000] {dag.py:3427} INFO - Setting next_dagrun for dataset_produces_1 to 2024-06-21T00:00:00+00:00, run_after=2024-06-22T00:00:00+00:00
[2024-06-22T13:21:31.507+0000] {logging_mixin.py:137} INFO - [2024-06-22T13:21:31.507+0000] {dag.py:3427} INFO - Setting next_dagrun for dataset_produces_2 to None, run_after=None
[2024-06-22T13:21:31.549+0000] {processor.py:175} INFO - Processing /home/airflow/.local/lib/python3.7/site-packages/airflow/example_dags/example_datasets.py took 0.161 seconds
[2024-06-22T13:22:01.922+0000] {processor.py:153} INFO - Started process (PID=933) to work on /home/airflow/.local/lib/python3.7/site-packages/airflow/example_dags/example_datasets.py
[2024-06-22T13:22:01.924+0000] {processor.py:743} INFO - Processing file /home/airflow/.local/lib/python3.7/site-packages/airflow/example_dags/example_datasets.py for tasks to queue
[2024-06-22T13:22:01.925+0000] {logging_mixin.py:137} INFO - [2024-06-22T13:22:01.924+0000] {dagbag.py:538} INFO - Filling up the DagBag from /home/airflow/.local/lib/python3.7/site-packages/airflow/example_dags/example_datasets.py
[2024-06-22T13:22:01.939+0000] {processor.py:753} INFO - DAG(s) dict_keys(['dataset_produces_2', 'dataset_produces_1', 'dataset_consumes_1_and_2', 'dataset_consumes_1', 'dataset_consumes_unknown_never_scheduled', 'dataset_consumes_1_never_scheduled']) retrieved from /home/airflow/.local/lib/python3.7/site-packages/airflow/example_dags/example_datasets.py
[2024-06-22T13:22:01.995+0000] {logging_mixin.py:137} INFO - [2024-06-22T13:22:01.995+0000] {dag.py:2676} INFO - Sync 6 DAGs
[2024-06-22T13:22:02.023+0000] {logging_mixin.py:137} INFO - [2024-06-22T13:22:02.023+0000] {dag.py:3427} INFO - Setting next_dagrun for dataset_consumes_1 to None, run_after=None
[2024-06-22T13:22:02.028+0000] {logging_mixin.py:137} INFO - [2024-06-22T13:22:02.027+0000] {dag.py:3427} INFO - Setting next_dagrun for dataset_consumes_1_and_2 to None, run_after=None
[2024-06-22T13:22:02.031+0000] {logging_mixin.py:137} INFO - [2024-06-22T13:22:02.031+0000] {dag.py:3427} INFO - Setting next_dagrun for dataset_consumes_1_never_scheduled to None, run_after=None
[2024-06-22T13:22:02.035+0000] {logging_mixin.py:137} INFO - [2024-06-22T13:22:02.034+0000] {dag.py:3427} INFO - Setting next_dagrun for dataset_consumes_unknown_never_scheduled to None, run_after=None
[2024-06-22T13:22:02.039+0000] {logging_mixin.py:137} INFO - [2024-06-22T13:22:02.038+0000] {dag.py:3427} INFO - Setting next_dagrun for dataset_produces_1 to 2024-06-21T00:00:00+00:00, run_after=2024-06-22T00:00:00+00:00
[2024-06-22T13:22:02.041+0000] {logging_mixin.py:137} INFO - [2024-06-22T13:22:02.041+0000] {dag.py:3427} INFO - Setting next_dagrun for dataset_produces_2 to None, run_after=None
[2024-06-22T13:22:02.088+0000] {processor.py:175} INFO - Processing /home/airflow/.local/lib/python3.7/site-packages/airflow/example_dags/example_datasets.py took 0.169 seconds
[2024-06-22T13:22:32.843+0000] {processor.py:153} INFO - Started process (PID=975) to work on /home/airflow/.local/lib/python3.7/site-packages/airflow/example_dags/example_datasets.py
[2024-06-22T13:22:32.844+0000] {processor.py:743} INFO - Processing file /home/airflow/.local/lib/python3.7/site-packages/airflow/example_dags/example_datasets.py for tasks to queue
[2024-06-22T13:22:32.845+0000] {logging_mixin.py:137} INFO - [2024-06-22T13:22:32.845+0000] {dagbag.py:538} INFO - Filling up the DagBag from /home/airflow/.local/lib/python3.7/site-packages/airflow/example_dags/example_datasets.py
[2024-06-22T13:22:32.860+0000] {processor.py:753} INFO - DAG(s) dict_keys(['dataset_consumes_1_never_scheduled', 'dataset_consumes_unknown_never_scheduled', 'dataset_consumes_1_and_2', 'dataset_consumes_1', 'dataset_produces_2', 'dataset_produces_1']) retrieved from /home/airflow/.local/lib/python3.7/site-packages/airflow/example_dags/example_datasets.py
[2024-06-22T13:22:32.915+0000] {logging_mixin.py:137} INFO - [2024-06-22T13:22:32.915+0000] {dag.py:2676} INFO - Sync 6 DAGs
[2024-06-22T13:22:32.939+0000] {logging_mixin.py:137} INFO - [2024-06-22T13:22:32.939+0000] {dag.py:3427} INFO - Setting next_dagrun for dataset_consumes_1 to None, run_after=None
[2024-06-22T13:22:32.943+0000] {logging_mixin.py:137} INFO - [2024-06-22T13:22:32.943+0000] {dag.py:3427} INFO - Setting next_dagrun for dataset_consumes_1_and_2 to None, run_after=None
[2024-06-22T13:22:32.945+0000] {logging_mixin.py:137} INFO - [2024-06-22T13:22:32.944+0000] {dag.py:3427} INFO - Setting next_dagrun for dataset_consumes_1_never_scheduled to None, run_after=None
[2024-06-22T13:22:32.946+0000] {logging_mixin.py:137} INFO - [2024-06-22T13:22:32.946+0000] {dag.py:3427} INFO - Setting next_dagrun for dataset_consumes_unknown_never_scheduled to None, run_after=None
[2024-06-22T13:22:32.949+0000] {logging_mixin.py:137} INFO - [2024-06-22T13:22:32.949+0000] {dag.py:3427} INFO - Setting next_dagrun for dataset_produces_1 to 2024-06-21T00:00:00+00:00, run_after=2024-06-22T00:00:00+00:00
[2024-06-22T13:22:32.951+0000] {logging_mixin.py:137} INFO - [2024-06-22T13:22:32.951+0000] {dag.py:3427} INFO - Setting next_dagrun for dataset_produces_2 to None, run_after=None
[2024-06-22T13:22:32.995+0000] {processor.py:175} INFO - Processing /home/airflow/.local/lib/python3.7/site-packages/airflow/example_dags/example_datasets.py took 0.155 seconds
[2024-06-22T13:23:03.185+0000] {processor.py:153} INFO - Started process (PID=1017) to work on /home/airflow/.local/lib/python3.7/site-packages/airflow/example_dags/example_datasets.py
[2024-06-22T13:23:03.186+0000] {processor.py:743} INFO - Processing file /home/airflow/.local/lib/python3.7/site-packages/airflow/example_dags/example_datasets.py for tasks to queue
[2024-06-22T13:23:03.187+0000] {logging_mixin.py:137} INFO - [2024-06-22T13:23:03.187+0000] {dagbag.py:538} INFO - Filling up the DagBag from /home/airflow/.local/lib/python3.7/site-packages/airflow/example_dags/example_datasets.py
[2024-06-22T13:23:03.200+0000] {processor.py:753} INFO - DAG(s) dict_keys(['dataset_produces_2', 'dataset_produces_1', 'dataset_consumes_unknown_never_scheduled', 'dataset_consumes_1', 'dataset_consumes_1_never_scheduled', 'dataset_consumes_1_and_2']) retrieved from /home/airflow/.local/lib/python3.7/site-packages/airflow/example_dags/example_datasets.py
[2024-06-22T13:23:03.254+0000] {logging_mixin.py:137} INFO - [2024-06-22T13:23:03.253+0000] {dag.py:2676} INFO - Sync 6 DAGs
[2024-06-22T13:23:03.279+0000] {logging_mixin.py:137} INFO - [2024-06-22T13:23:03.279+0000] {dag.py:3427} INFO - Setting next_dagrun for dataset_consumes_1 to None, run_after=None
[2024-06-22T13:23:03.283+0000] {logging_mixin.py:137} INFO - [2024-06-22T13:23:03.283+0000] {dag.py:3427} INFO - Setting next_dagrun for dataset_consumes_1_and_2 to None, run_after=None
[2024-06-22T13:23:03.285+0000] {logging_mixin.py:137} INFO - [2024-06-22T13:23:03.285+0000] {dag.py:3427} INFO - Setting next_dagrun for dataset_consumes_1_never_scheduled to None, run_after=None
[2024-06-22T13:23:03.287+0000] {logging_mixin.py:137} INFO - [2024-06-22T13:23:03.287+0000] {dag.py:3427} INFO - Setting next_dagrun for dataset_consumes_unknown_never_scheduled to None, run_after=None
[2024-06-22T13:23:03.290+0000] {logging_mixin.py:137} INFO - [2024-06-22T13:23:03.290+0000] {dag.py:3427} INFO - Setting next_dagrun for dataset_produces_1 to 2024-06-21T00:00:00+00:00, run_after=2024-06-22T00:00:00+00:00
[2024-06-22T13:23:03.292+0000] {logging_mixin.py:137} INFO - [2024-06-22T13:23:03.292+0000] {dag.py:3427} INFO - Setting next_dagrun for dataset_produces_2 to None, run_after=None
[2024-06-22T13:23:03.333+0000] {processor.py:175} INFO - Processing /home/airflow/.local/lib/python3.7/site-packages/airflow/example_dags/example_datasets.py took 0.151 seconds
[2024-06-22T13:23:33.466+0000] {processor.py:153} INFO - Started process (PID=1059) to work on /home/airflow/.local/lib/python3.7/site-packages/airflow/example_dags/example_datasets.py
[2024-06-22T13:23:33.467+0000] {processor.py:743} INFO - Processing file /home/airflow/.local/lib/python3.7/site-packages/airflow/example_dags/example_datasets.py for tasks to queue
[2024-06-22T13:23:33.468+0000] {logging_mixin.py:137} INFO - [2024-06-22T13:23:33.468+0000] {dagbag.py:538} INFO - Filling up the DagBag from /home/airflow/.local/lib/python3.7/site-packages/airflow/example_dags/example_datasets.py
[2024-06-22T13:23:33.481+0000] {processor.py:753} INFO - DAG(s) dict_keys(['dataset_consumes_1', 'dataset_produces_1', 'dataset_consumes_1_never_scheduled', 'dataset_consumes_unknown_never_scheduled', 'dataset_produces_2', 'dataset_consumes_1_and_2']) retrieved from /home/airflow/.local/lib/python3.7/site-packages/airflow/example_dags/example_datasets.py
[2024-06-22T13:23:33.534+0000] {logging_mixin.py:137} INFO - [2024-06-22T13:23:33.534+0000] {dag.py:2676} INFO - Sync 6 DAGs
[2024-06-22T13:23:33.559+0000] {logging_mixin.py:137} INFO - [2024-06-22T13:23:33.558+0000] {dag.py:3427} INFO - Setting next_dagrun for dataset_consumes_1 to None, run_after=None
[2024-06-22T13:23:33.562+0000] {logging_mixin.py:137} INFO - [2024-06-22T13:23:33.562+0000] {dag.py:3427} INFO - Setting next_dagrun for dataset_consumes_1_and_2 to None, run_after=None
[2024-06-22T13:23:33.564+0000] {logging_mixin.py:137} INFO - [2024-06-22T13:23:33.564+0000] {dag.py:3427} INFO - Setting next_dagrun for dataset_consumes_1_never_scheduled to None, run_after=None
[2024-06-22T13:23:33.566+0000] {logging_mixin.py:137} INFO - [2024-06-22T13:23:33.566+0000] {dag.py:3427} INFO - Setting next_dagrun for dataset_consumes_unknown_never_scheduled to None, run_after=None
[2024-06-22T13:23:33.569+0000] {logging_mixin.py:137} INFO - [2024-06-22T13:23:33.569+0000] {dag.py:3427} INFO - Setting next_dagrun for dataset_produces_1 to 2024-06-21T00:00:00+00:00, run_after=2024-06-22T00:00:00+00:00
[2024-06-22T13:23:33.572+0000] {logging_mixin.py:137} INFO - [2024-06-22T13:23:33.572+0000] {dag.py:3427} INFO - Setting next_dagrun for dataset_produces_2 to None, run_after=None
[2024-06-22T13:23:33.613+0000] {processor.py:175} INFO - Processing /home/airflow/.local/lib/python3.7/site-packages/airflow/example_dags/example_datasets.py took 0.149 seconds
[2024-06-22T13:24:04.186+0000] {processor.py:153} INFO - Started process (PID=1101) to work on /home/airflow/.local/lib/python3.7/site-packages/airflow/example_dags/example_datasets.py
[2024-06-22T13:24:04.187+0000] {processor.py:743} INFO - Processing file /home/airflow/.local/lib/python3.7/site-packages/airflow/example_dags/example_datasets.py for tasks to queue
[2024-06-22T13:24:04.188+0000] {logging_mixin.py:137} INFO - [2024-06-22T13:24:04.188+0000] {dagbag.py:538} INFO - Filling up the DagBag from /home/airflow/.local/lib/python3.7/site-packages/airflow/example_dags/example_datasets.py
[2024-06-22T13:24:04.205+0000] {processor.py:753} INFO - DAG(s) dict_keys(['dataset_consumes_unknown_never_scheduled', 'dataset_produces_2', 'dataset_consumes_1_and_2', 'dataset_consumes_1_never_scheduled', 'dataset_consumes_1', 'dataset_produces_1']) retrieved from /home/airflow/.local/lib/python3.7/site-packages/airflow/example_dags/example_datasets.py
[2024-06-22T13:24:04.264+0000] {logging_mixin.py:137} INFO - [2024-06-22T13:24:04.264+0000] {dag.py:2676} INFO - Sync 6 DAGs
[2024-06-22T13:24:04.290+0000] {logging_mixin.py:137} INFO - [2024-06-22T13:24:04.290+0000] {dag.py:3427} INFO - Setting next_dagrun for dataset_consumes_1 to None, run_after=None
[2024-06-22T13:24:04.295+0000] {logging_mixin.py:137} INFO - [2024-06-22T13:24:04.295+0000] {dag.py:3427} INFO - Setting next_dagrun for dataset_consumes_1_and_2 to None, run_after=None
[2024-06-22T13:24:04.297+0000] {logging_mixin.py:137} INFO - [2024-06-22T13:24:04.297+0000] {dag.py:3427} INFO - Setting next_dagrun for dataset_consumes_1_never_scheduled to None, run_after=None
[2024-06-22T13:24:04.299+0000] {logging_mixin.py:137} INFO - [2024-06-22T13:24:04.299+0000] {dag.py:3427} INFO - Setting next_dagrun for dataset_consumes_unknown_never_scheduled to None, run_after=None
[2024-06-22T13:24:04.303+0000] {logging_mixin.py:137} INFO - [2024-06-22T13:24:04.303+0000] {dag.py:3427} INFO - Setting next_dagrun for dataset_produces_1 to 2024-06-21T00:00:00+00:00, run_after=2024-06-22T00:00:00+00:00
[2024-06-22T13:24:04.305+0000] {logging_mixin.py:137} INFO - [2024-06-22T13:24:04.305+0000] {dag.py:3427} INFO - Setting next_dagrun for dataset_produces_2 to None, run_after=None
[2024-06-22T13:24:04.350+0000] {processor.py:175} INFO - Processing /home/airflow/.local/lib/python3.7/site-packages/airflow/example_dags/example_datasets.py took 0.167 seconds
[2024-06-22T13:24:34.478+0000] {processor.py:153} INFO - Started process (PID=1140) to work on /home/airflow/.local/lib/python3.7/site-packages/airflow/example_dags/example_datasets.py
[2024-06-22T13:24:34.479+0000] {processor.py:743} INFO - Processing file /home/airflow/.local/lib/python3.7/site-packages/airflow/example_dags/example_datasets.py for tasks to queue
[2024-06-22T13:24:34.480+0000] {logging_mixin.py:137} INFO - [2024-06-22T13:24:34.480+0000] {dagbag.py:538} INFO - Filling up the DagBag from /home/airflow/.local/lib/python3.7/site-packages/airflow/example_dags/example_datasets.py
[2024-06-22T13:24:34.496+0000] {processor.py:753} INFO - DAG(s) dict_keys(['dataset_consumes_1_and_2', 'dataset_produces_1', 'dataset_consumes_unknown_never_scheduled', 'dataset_consumes_1_never_scheduled', 'dataset_consumes_1', 'dataset_produces_2']) retrieved from /home/airflow/.local/lib/python3.7/site-packages/airflow/example_dags/example_datasets.py
[2024-06-22T13:24:34.560+0000] {logging_mixin.py:137} INFO - [2024-06-22T13:24:34.560+0000] {dag.py:2676} INFO - Sync 6 DAGs
[2024-06-22T13:24:34.588+0000] {logging_mixin.py:137} INFO - [2024-06-22T13:24:34.588+0000] {dag.py:3427} INFO - Setting next_dagrun for dataset_consumes_1 to None, run_after=None
[2024-06-22T13:24:34.592+0000] {logging_mixin.py:137} INFO - [2024-06-22T13:24:34.592+0000] {dag.py:3427} INFO - Setting next_dagrun for dataset_consumes_1_and_2 to None, run_after=None
[2024-06-22T13:24:34.595+0000] {logging_mixin.py:137} INFO - [2024-06-22T13:24:34.594+0000] {dag.py:3427} INFO - Setting next_dagrun for dataset_consumes_1_never_scheduled to None, run_after=None
[2024-06-22T13:24:34.597+0000] {logging_mixin.py:137} INFO - [2024-06-22T13:24:34.596+0000] {dag.py:3427} INFO - Setting next_dagrun for dataset_consumes_unknown_never_scheduled to None, run_after=None
[2024-06-22T13:24:34.600+0000] {logging_mixin.py:137} INFO - [2024-06-22T13:24:34.600+0000] {dag.py:3427} INFO - Setting next_dagrun for dataset_produces_1 to 2024-06-21T00:00:00+00:00, run_after=2024-06-22T00:00:00+00:00
[2024-06-22T13:24:34.602+0000] {logging_mixin.py:137} INFO - [2024-06-22T13:24:34.602+0000] {dag.py:3427} INFO - Setting next_dagrun for dataset_produces_2 to None, run_after=None
[2024-06-22T13:24:34.652+0000] {processor.py:175} INFO - Processing /home/airflow/.local/lib/python3.7/site-packages/airflow/example_dags/example_datasets.py took 0.177 seconds
[2024-06-22T13:25:04.752+0000] {processor.py:153} INFO - Started process (PID=1179) to work on /home/airflow/.local/lib/python3.7/site-packages/airflow/example_dags/example_datasets.py
[2024-06-22T13:25:04.754+0000] {processor.py:743} INFO - Processing file /home/airflow/.local/lib/python3.7/site-packages/airflow/example_dags/example_datasets.py for tasks to queue
[2024-06-22T13:25:04.755+0000] {logging_mixin.py:137} INFO - [2024-06-22T13:25:04.754+0000] {dagbag.py:538} INFO - Filling up the DagBag from /home/airflow/.local/lib/python3.7/site-packages/airflow/example_dags/example_datasets.py
[2024-06-22T13:25:04.771+0000] {processor.py:753} INFO - DAG(s) dict_keys(['dataset_consumes_1_and_2', 'dataset_consumes_1', 'dataset_consumes_1_never_scheduled', 'dataset_produces_2', 'dataset_consumes_unknown_never_scheduled', 'dataset_produces_1']) retrieved from /home/airflow/.local/lib/python3.7/site-packages/airflow/example_dags/example_datasets.py
[2024-06-22T13:25:04.837+0000] {logging_mixin.py:137} INFO - [2024-06-22T13:25:04.837+0000] {dag.py:2676} INFO - Sync 6 DAGs
[2024-06-22T13:25:04.865+0000] {logging_mixin.py:137} INFO - [2024-06-22T13:25:04.865+0000] {dag.py:3427} INFO - Setting next_dagrun for dataset_consumes_1 to None, run_after=None
[2024-06-22T13:25:04.871+0000] {logging_mixin.py:137} INFO - [2024-06-22T13:25:04.871+0000] {dag.py:3427} INFO - Setting next_dagrun for dataset_consumes_1_and_2 to None, run_after=None
[2024-06-22T13:25:04.873+0000] {logging_mixin.py:137} INFO - [2024-06-22T13:25:04.873+0000] {dag.py:3427} INFO - Setting next_dagrun for dataset_consumes_1_never_scheduled to None, run_after=None
[2024-06-22T13:25:04.875+0000] {logging_mixin.py:137} INFO - [2024-06-22T13:25:04.875+0000] {dag.py:3427} INFO - Setting next_dagrun for dataset_consumes_unknown_never_scheduled to None, run_after=None
[2024-06-22T13:25:04.880+0000] {logging_mixin.py:137} INFO - [2024-06-22T13:25:04.880+0000] {dag.py:3427} INFO - Setting next_dagrun for dataset_produces_1 to 2024-06-21T00:00:00+00:00, run_after=2024-06-22T00:00:00+00:00
[2024-06-22T13:25:04.882+0000] {logging_mixin.py:137} INFO - [2024-06-22T13:25:04.882+0000] {dag.py:3427} INFO - Setting next_dagrun for dataset_produces_2 to None, run_after=None
[2024-06-22T13:25:04.933+0000] {processor.py:175} INFO - Processing /home/airflow/.local/lib/python3.7/site-packages/airflow/example_dags/example_datasets.py took 0.184 seconds
[2024-06-22T13:25:35.165+0000] {processor.py:153} INFO - Started process (PID=1218) to work on /home/airflow/.local/lib/python3.7/site-packages/airflow/example_dags/example_datasets.py
[2024-06-22T13:25:35.166+0000] {processor.py:743} INFO - Processing file /home/airflow/.local/lib/python3.7/site-packages/airflow/example_dags/example_datasets.py for tasks to queue
[2024-06-22T13:25:35.167+0000] {logging_mixin.py:137} INFO - [2024-06-22T13:25:35.167+0000] {dagbag.py:538} INFO - Filling up the DagBag from /home/airflow/.local/lib/python3.7/site-packages/airflow/example_dags/example_datasets.py
[2024-06-22T13:25:35.182+0000] {processor.py:753} INFO - DAG(s) dict_keys(['dataset_consumes_1_and_2', 'dataset_consumes_unknown_never_scheduled', 'dataset_produces_1', 'dataset_consumes_1_never_scheduled', 'dataset_consumes_1', 'dataset_produces_2']) retrieved from /home/airflow/.local/lib/python3.7/site-packages/airflow/example_dags/example_datasets.py
[2024-06-22T13:25:35.242+0000] {logging_mixin.py:137} INFO - [2024-06-22T13:25:35.242+0000] {dag.py:2676} INFO - Sync 6 DAGs
[2024-06-22T13:25:35.276+0000] {logging_mixin.py:137} INFO - [2024-06-22T13:25:35.276+0000] {dag.py:3427} INFO - Setting next_dagrun for dataset_consumes_1 to None, run_after=None
[2024-06-22T13:25:35.281+0000] {logging_mixin.py:137} INFO - [2024-06-22T13:25:35.281+0000] {dag.py:3427} INFO - Setting next_dagrun for dataset_consumes_1_and_2 to None, run_after=None
[2024-06-22T13:25:35.283+0000] {logging_mixin.py:137} INFO - [2024-06-22T13:25:35.283+0000] {dag.py:3427} INFO - Setting next_dagrun for dataset_consumes_1_never_scheduled to None, run_after=None
[2024-06-22T13:25:35.286+0000] {logging_mixin.py:137} INFO - [2024-06-22T13:25:35.286+0000] {dag.py:3427} INFO - Setting next_dagrun for dataset_consumes_unknown_never_scheduled to None, run_after=None
[2024-06-22T13:25:35.290+0000] {logging_mixin.py:137} INFO - [2024-06-22T13:25:35.290+0000] {dag.py:3427} INFO - Setting next_dagrun for dataset_produces_1 to 2024-06-21T00:00:00+00:00, run_after=2024-06-22T00:00:00+00:00
[2024-06-22T13:25:35.292+0000] {logging_mixin.py:137} INFO - [2024-06-22T13:25:35.292+0000] {dag.py:3427} INFO - Setting next_dagrun for dataset_produces_2 to None, run_after=None
[2024-06-22T13:25:35.332+0000] {processor.py:175} INFO - Processing /home/airflow/.local/lib/python3.7/site-packages/airflow/example_dags/example_datasets.py took 0.171 seconds
