[2024-06-22T13:11:20.899+0000] {processor.py:153} INFO - Started process (PID=57) to work on /home/airflow/.local/lib/python3.7/site-packages/airflow/example_dags/example_python_operator.py
[2024-06-22T13:11:20.901+0000] {processor.py:743} INFO - Processing file /home/airflow/.local/lib/python3.7/site-packages/airflow/example_dags/example_python_operator.py for tasks to queue
[2024-06-22T13:11:20.902+0000] {logging_mixin.py:137} INFO - [2024-06-22T13:11:20.902+0000] {dagbag.py:538} INFO - Filling up the DagBag from /home/airflow/.local/lib/python3.7/site-packages/airflow/example_dags/example_python_operator.py
[2024-06-22T13:11:20.930+0000] {logging_mixin.py:137} INFO - [2024-06-22T13:11:20.930+0000] {taskmixin.py:205} WARNING - Dependency <Task(_PythonDecoratedOperator): print_the_context>, log_sql_query already registered for DAG: example_python_operator
[2024-06-22T13:11:20.931+0000] {logging_mixin.py:137} INFO - [2024-06-22T13:11:20.931+0000] {taskmixin.py:205} WARNING - Dependency <Task(_PythonDecoratedOperator): log_sql_query>, print_the_context already registered for DAG: example_python_operator
[2024-06-22T13:11:20.933+0000] {logging_mixin.py:137} INFO - [2024-06-22T13:11:20.933+0000] {taskmixin.py:205} WARNING - Dependency <Task(_PythonDecoratedOperator): print_the_context>, log_sql_query already registered for DAG: example_python_operator
[2024-06-22T13:11:20.933+0000] {logging_mixin.py:137} INFO - [2024-06-22T13:11:20.933+0000] {taskmixin.py:205} WARNING - Dependency <Task(_PythonDecoratedOperator): log_sql_query>, print_the_context already registered for DAG: example_python_operator
[2024-06-22T13:11:20.934+0000] {logging_mixin.py:137} INFO - [2024-06-22T13:11:20.934+0000] {taskmixin.py:205} WARNING - Dependency <Task(_PythonDecoratedOperator): print_the_context>, log_sql_query already registered for DAG: example_python_operator
[2024-06-22T13:11:20.935+0000] {logging_mixin.py:137} INFO - [2024-06-22T13:11:20.935+0000] {taskmixin.py:205} WARNING - Dependency <Task(_PythonDecoratedOperator): log_sql_query>, print_the_context already registered for DAG: example_python_operator
[2024-06-22T13:11:20.936+0000] {logging_mixin.py:137} INFO - [2024-06-22T13:11:20.936+0000] {taskmixin.py:205} WARNING - Dependency <Task(_PythonDecoratedOperator): print_the_context>, log_sql_query already registered for DAG: example_python_operator
[2024-06-22T13:11:20.937+0000] {logging_mixin.py:137} INFO - [2024-06-22T13:11:20.937+0000] {taskmixin.py:205} WARNING - Dependency <Task(_PythonDecoratedOperator): log_sql_query>, print_the_context already registered for DAG: example_python_operator
[2024-06-22T13:11:20.947+0000] {processor.py:753} INFO - DAG(s) dict_keys(['example_python_operator']) retrieved from /home/airflow/.local/lib/python3.7/site-packages/airflow/example_dags/example_python_operator.py
[2024-06-22T13:11:21.066+0000] {logging_mixin.py:137} INFO - [2024-06-22T13:11:21.066+0000] {dag.py:2676} INFO - Sync 1 DAGs
[2024-06-22T13:11:21.110+0000] {logging_mixin.py:137} INFO - [2024-06-22T13:11:21.110+0000] {dag.py:3427} INFO - Setting next_dagrun for example_python_operator to None, run_after=None
[2024-06-22T13:11:21.142+0000] {processor.py:175} INFO - Processing /home/airflow/.local/lib/python3.7/site-packages/airflow/example_dags/example_python_operator.py took 0.248 seconds
[2024-06-22T13:11:51.989+0000] {processor.py:153} INFO - Started process (PID=99) to work on /home/airflow/.local/lib/python3.7/site-packages/airflow/example_dags/example_python_operator.py
[2024-06-22T13:11:51.991+0000] {processor.py:743} INFO - Processing file /home/airflow/.local/lib/python3.7/site-packages/airflow/example_dags/example_python_operator.py for tasks to queue
[2024-06-22T13:11:51.992+0000] {logging_mixin.py:137} INFO - [2024-06-22T13:11:51.992+0000] {dagbag.py:538} INFO - Filling up the DagBag from /home/airflow/.local/lib/python3.7/site-packages/airflow/example_dags/example_python_operator.py
[2024-06-22T13:11:52.017+0000] {logging_mixin.py:137} INFO - [2024-06-22T13:11:52.017+0000] {taskmixin.py:205} WARNING - Dependency <Task(_PythonDecoratedOperator): print_the_context>, log_sql_query already registered for DAG: example_python_operator
[2024-06-22T13:11:52.018+0000] {logging_mixin.py:137} INFO - [2024-06-22T13:11:52.018+0000] {taskmixin.py:205} WARNING - Dependency <Task(_PythonDecoratedOperator): log_sql_query>, print_the_context already registered for DAG: example_python_operator
[2024-06-22T13:11:52.020+0000] {logging_mixin.py:137} INFO - [2024-06-22T13:11:52.020+0000] {taskmixin.py:205} WARNING - Dependency <Task(_PythonDecoratedOperator): print_the_context>, log_sql_query already registered for DAG: example_python_operator
[2024-06-22T13:11:52.020+0000] {logging_mixin.py:137} INFO - [2024-06-22T13:11:52.020+0000] {taskmixin.py:205} WARNING - Dependency <Task(_PythonDecoratedOperator): log_sql_query>, print_the_context already registered for DAG: example_python_operator
[2024-06-22T13:11:52.021+0000] {logging_mixin.py:137} INFO - [2024-06-22T13:11:52.021+0000] {taskmixin.py:205} WARNING - Dependency <Task(_PythonDecoratedOperator): print_the_context>, log_sql_query already registered for DAG: example_python_operator
[2024-06-22T13:11:52.022+0000] {logging_mixin.py:137} INFO - [2024-06-22T13:11:52.022+0000] {taskmixin.py:205} WARNING - Dependency <Task(_PythonDecoratedOperator): log_sql_query>, print_the_context already registered for DAG: example_python_operator
[2024-06-22T13:11:52.023+0000] {logging_mixin.py:137} INFO - [2024-06-22T13:11:52.023+0000] {taskmixin.py:205} WARNING - Dependency <Task(_PythonDecoratedOperator): print_the_context>, log_sql_query already registered for DAG: example_python_operator
[2024-06-22T13:11:52.023+0000] {logging_mixin.py:137} INFO - [2024-06-22T13:11:52.023+0000] {taskmixin.py:205} WARNING - Dependency <Task(_PythonDecoratedOperator): log_sql_query>, print_the_context already registered for DAG: example_python_operator
[2024-06-22T13:11:52.034+0000] {processor.py:753} INFO - DAG(s) dict_keys(['example_python_operator']) retrieved from /home/airflow/.local/lib/python3.7/site-packages/airflow/example_dags/example_python_operator.py
[2024-06-22T13:11:52.081+0000] {logging_mixin.py:137} INFO - [2024-06-22T13:11:52.080+0000] {dag.py:2676} INFO - Sync 1 DAGs
[2024-06-22T13:11:52.145+0000] {logging_mixin.py:137} INFO - [2024-06-22T13:11:52.144+0000] {dag.py:3427} INFO - Setting next_dagrun for example_python_operator to None, run_after=None
[2024-06-22T13:11:52.187+0000] {processor.py:175} INFO - Processing /home/airflow/.local/lib/python3.7/site-packages/airflow/example_dags/example_python_operator.py took 0.201 seconds
[2024-06-22T13:12:22.977+0000] {processor.py:153} INFO - Started process (PID=141) to work on /home/airflow/.local/lib/python3.7/site-packages/airflow/example_dags/example_python_operator.py
[2024-06-22T13:12:22.978+0000] {processor.py:743} INFO - Processing file /home/airflow/.local/lib/python3.7/site-packages/airflow/example_dags/example_python_operator.py for tasks to queue
[2024-06-22T13:12:22.980+0000] {logging_mixin.py:137} INFO - [2024-06-22T13:12:22.980+0000] {dagbag.py:538} INFO - Filling up the DagBag from /home/airflow/.local/lib/python3.7/site-packages/airflow/example_dags/example_python_operator.py
[2024-06-22T13:12:23.000+0000] {logging_mixin.py:137} INFO - [2024-06-22T13:12:22.999+0000] {taskmixin.py:205} WARNING - Dependency <Task(_PythonDecoratedOperator): print_the_context>, log_sql_query already registered for DAG: example_python_operator
[2024-06-22T13:12:23.001+0000] {logging_mixin.py:137} INFO - [2024-06-22T13:12:23.000+0000] {taskmixin.py:205} WARNING - Dependency <Task(_PythonDecoratedOperator): log_sql_query>, print_the_context already registered for DAG: example_python_operator
[2024-06-22T13:12:23.002+0000] {logging_mixin.py:137} INFO - [2024-06-22T13:12:23.002+0000] {taskmixin.py:205} WARNING - Dependency <Task(_PythonDecoratedOperator): print_the_context>, log_sql_query already registered for DAG: example_python_operator
[2024-06-22T13:12:23.002+0000] {logging_mixin.py:137} INFO - [2024-06-22T13:12:23.002+0000] {taskmixin.py:205} WARNING - Dependency <Task(_PythonDecoratedOperator): log_sql_query>, print_the_context already registered for DAG: example_python_operator
[2024-06-22T13:12:23.003+0000] {logging_mixin.py:137} INFO - [2024-06-22T13:12:23.003+0000] {taskmixin.py:205} WARNING - Dependency <Task(_PythonDecoratedOperator): print_the_context>, log_sql_query already registered for DAG: example_python_operator
[2024-06-22T13:12:23.004+0000] {logging_mixin.py:137} INFO - [2024-06-22T13:12:23.004+0000] {taskmixin.py:205} WARNING - Dependency <Task(_PythonDecoratedOperator): log_sql_query>, print_the_context already registered for DAG: example_python_operator
[2024-06-22T13:12:23.005+0000] {logging_mixin.py:137} INFO - [2024-06-22T13:12:23.005+0000] {taskmixin.py:205} WARNING - Dependency <Task(_PythonDecoratedOperator): print_the_context>, log_sql_query already registered for DAG: example_python_operator
[2024-06-22T13:12:23.005+0000] {logging_mixin.py:137} INFO - [2024-06-22T13:12:23.005+0000] {taskmixin.py:205} WARNING - Dependency <Task(_PythonDecoratedOperator): log_sql_query>, print_the_context already registered for DAG: example_python_operator
[2024-06-22T13:12:23.013+0000] {processor.py:753} INFO - DAG(s) dict_keys(['example_python_operator']) retrieved from /home/airflow/.local/lib/python3.7/site-packages/airflow/example_dags/example_python_operator.py
[2024-06-22T13:12:23.088+0000] {logging_mixin.py:137} INFO - [2024-06-22T13:12:23.088+0000] {dag.py:2676} INFO - Sync 1 DAGs
[2024-06-22T13:12:23.114+0000] {logging_mixin.py:137} INFO - [2024-06-22T13:12:23.114+0000] {dag.py:3427} INFO - Setting next_dagrun for example_python_operator to None, run_after=None
[2024-06-22T13:12:23.139+0000] {processor.py:175} INFO - Processing /home/airflow/.local/lib/python3.7/site-packages/airflow/example_dags/example_python_operator.py took 0.166 seconds
[2024-06-22T13:12:53.681+0000] {processor.py:153} INFO - Started process (PID=183) to work on /home/airflow/.local/lib/python3.7/site-packages/airflow/example_dags/example_python_operator.py
[2024-06-22T13:12:53.682+0000] {processor.py:743} INFO - Processing file /home/airflow/.local/lib/python3.7/site-packages/airflow/example_dags/example_python_operator.py for tasks to queue
[2024-06-22T13:12:53.683+0000] {logging_mixin.py:137} INFO - [2024-06-22T13:12:53.683+0000] {dagbag.py:538} INFO - Filling up the DagBag from /home/airflow/.local/lib/python3.7/site-packages/airflow/example_dags/example_python_operator.py
[2024-06-22T13:12:53.699+0000] {logging_mixin.py:137} INFO - [2024-06-22T13:12:53.699+0000] {taskmixin.py:205} WARNING - Dependency <Task(_PythonDecoratedOperator): print_the_context>, log_sql_query already registered for DAG: example_python_operator
[2024-06-22T13:12:53.700+0000] {logging_mixin.py:137} INFO - [2024-06-22T13:12:53.700+0000] {taskmixin.py:205} WARNING - Dependency <Task(_PythonDecoratedOperator): log_sql_query>, print_the_context already registered for DAG: example_python_operator
[2024-06-22T13:12:53.701+0000] {logging_mixin.py:137} INFO - [2024-06-22T13:12:53.701+0000] {taskmixin.py:205} WARNING - Dependency <Task(_PythonDecoratedOperator): print_the_context>, log_sql_query already registered for DAG: example_python_operator
[2024-06-22T13:12:53.701+0000] {logging_mixin.py:137} INFO - [2024-06-22T13:12:53.701+0000] {taskmixin.py:205} WARNING - Dependency <Task(_PythonDecoratedOperator): log_sql_query>, print_the_context already registered for DAG: example_python_operator
[2024-06-22T13:12:53.702+0000] {logging_mixin.py:137} INFO - [2024-06-22T13:12:53.702+0000] {taskmixin.py:205} WARNING - Dependency <Task(_PythonDecoratedOperator): print_the_context>, log_sql_query already registered for DAG: example_python_operator
[2024-06-22T13:12:53.703+0000] {logging_mixin.py:137} INFO - [2024-06-22T13:12:53.702+0000] {taskmixin.py:205} WARNING - Dependency <Task(_PythonDecoratedOperator): log_sql_query>, print_the_context already registered for DAG: example_python_operator
[2024-06-22T13:12:53.703+0000] {logging_mixin.py:137} INFO - [2024-06-22T13:12:53.703+0000] {taskmixin.py:205} WARNING - Dependency <Task(_PythonDecoratedOperator): print_the_context>, log_sql_query already registered for DAG: example_python_operator
[2024-06-22T13:12:53.704+0000] {logging_mixin.py:137} INFO - [2024-06-22T13:12:53.704+0000] {taskmixin.py:205} WARNING - Dependency <Task(_PythonDecoratedOperator): log_sql_query>, print_the_context already registered for DAG: example_python_operator
[2024-06-22T13:12:53.711+0000] {processor.py:753} INFO - DAG(s) dict_keys(['example_python_operator']) retrieved from /home/airflow/.local/lib/python3.7/site-packages/airflow/example_dags/example_python_operator.py
[2024-06-22T13:12:53.751+0000] {logging_mixin.py:137} INFO - [2024-06-22T13:12:53.751+0000] {dag.py:2676} INFO - Sync 1 DAGs
[2024-06-22T13:12:53.780+0000] {logging_mixin.py:137} INFO - [2024-06-22T13:12:53.780+0000] {dag.py:3427} INFO - Setting next_dagrun for example_python_operator to None, run_after=None
[2024-06-22T13:12:53.804+0000] {processor.py:175} INFO - Processing /home/airflow/.local/lib/python3.7/site-packages/airflow/example_dags/example_python_operator.py took 0.126 seconds
[2024-06-22T13:13:24.136+0000] {processor.py:153} INFO - Started process (PID=224) to work on /home/airflow/.local/lib/python3.7/site-packages/airflow/example_dags/example_python_operator.py
[2024-06-22T13:13:24.137+0000] {processor.py:743} INFO - Processing file /home/airflow/.local/lib/python3.7/site-packages/airflow/example_dags/example_python_operator.py for tasks to queue
[2024-06-22T13:13:24.138+0000] {logging_mixin.py:137} INFO - [2024-06-22T13:13:24.138+0000] {dagbag.py:538} INFO - Filling up the DagBag from /home/airflow/.local/lib/python3.7/site-packages/airflow/example_dags/example_python_operator.py
[2024-06-22T13:13:24.155+0000] {logging_mixin.py:137} INFO - [2024-06-22T13:13:24.155+0000] {taskmixin.py:205} WARNING - Dependency <Task(_PythonDecoratedOperator): print_the_context>, log_sql_query already registered for DAG: example_python_operator
[2024-06-22T13:13:24.156+0000] {logging_mixin.py:137} INFO - [2024-06-22T13:13:24.156+0000] {taskmixin.py:205} WARNING - Dependency <Task(_PythonDecoratedOperator): log_sql_query>, print_the_context already registered for DAG: example_python_operator
[2024-06-22T13:13:24.158+0000] {logging_mixin.py:137} INFO - [2024-06-22T13:13:24.157+0000] {taskmixin.py:205} WARNING - Dependency <Task(_PythonDecoratedOperator): print_the_context>, log_sql_query already registered for DAG: example_python_operator
[2024-06-22T13:13:24.158+0000] {logging_mixin.py:137} INFO - [2024-06-22T13:13:24.158+0000] {taskmixin.py:205} WARNING - Dependency <Task(_PythonDecoratedOperator): log_sql_query>, print_the_context already registered for DAG: example_python_operator
[2024-06-22T13:13:24.160+0000] {logging_mixin.py:137} INFO - [2024-06-22T13:13:24.160+0000] {taskmixin.py:205} WARNING - Dependency <Task(_PythonDecoratedOperator): print_the_context>, log_sql_query already registered for DAG: example_python_operator
[2024-06-22T13:13:24.160+0000] {logging_mixin.py:137} INFO - [2024-06-22T13:13:24.160+0000] {taskmixin.py:205} WARNING - Dependency <Task(_PythonDecoratedOperator): log_sql_query>, print_the_context already registered for DAG: example_python_operator
[2024-06-22T13:13:24.162+0000] {logging_mixin.py:137} INFO - [2024-06-22T13:13:24.162+0000] {taskmixin.py:205} WARNING - Dependency <Task(_PythonDecoratedOperator): print_the_context>, log_sql_query already registered for DAG: example_python_operator
[2024-06-22T13:13:24.162+0000] {logging_mixin.py:137} INFO - [2024-06-22T13:13:24.162+0000] {taskmixin.py:205} WARNING - Dependency <Task(_PythonDecoratedOperator): log_sql_query>, print_the_context already registered for DAG: example_python_operator
[2024-06-22T13:13:24.169+0000] {processor.py:753} INFO - DAG(s) dict_keys(['example_python_operator']) retrieved from /home/airflow/.local/lib/python3.7/site-packages/airflow/example_dags/example_python_operator.py
[2024-06-22T13:13:24.211+0000] {logging_mixin.py:137} INFO - [2024-06-22T13:13:24.211+0000] {dag.py:2676} INFO - Sync 1 DAGs
[2024-06-22T13:13:24.237+0000] {logging_mixin.py:137} INFO - [2024-06-22T13:13:24.237+0000] {dag.py:3427} INFO - Setting next_dagrun for example_python_operator to None, run_after=None
[2024-06-22T13:13:24.262+0000] {processor.py:175} INFO - Processing /home/airflow/.local/lib/python3.7/site-packages/airflow/example_dags/example_python_operator.py took 0.129 seconds
[2024-06-22T13:13:54.900+0000] {processor.py:153} INFO - Started process (PID=264) to work on /home/airflow/.local/lib/python3.7/site-packages/airflow/example_dags/example_python_operator.py
[2024-06-22T13:13:54.901+0000] {processor.py:743} INFO - Processing file /home/airflow/.local/lib/python3.7/site-packages/airflow/example_dags/example_python_operator.py for tasks to queue
[2024-06-22T13:13:54.902+0000] {logging_mixin.py:137} INFO - [2024-06-22T13:13:54.902+0000] {dagbag.py:538} INFO - Filling up the DagBag from /home/airflow/.local/lib/python3.7/site-packages/airflow/example_dags/example_python_operator.py
[2024-06-22T13:13:54.925+0000] {logging_mixin.py:137} INFO - [2024-06-22T13:13:54.925+0000] {taskmixin.py:205} WARNING - Dependency <Task(_PythonDecoratedOperator): print_the_context>, log_sql_query already registered for DAG: example_python_operator
[2024-06-22T13:13:54.926+0000] {logging_mixin.py:137} INFO - [2024-06-22T13:13:54.926+0000] {taskmixin.py:205} WARNING - Dependency <Task(_PythonDecoratedOperator): log_sql_query>, print_the_context already registered for DAG: example_python_operator
[2024-06-22T13:13:54.928+0000] {logging_mixin.py:137} INFO - [2024-06-22T13:13:54.927+0000] {taskmixin.py:205} WARNING - Dependency <Task(_PythonDecoratedOperator): print_the_context>, log_sql_query already registered for DAG: example_python_operator
[2024-06-22T13:13:54.929+0000] {logging_mixin.py:137} INFO - [2024-06-22T13:13:54.928+0000] {taskmixin.py:205} WARNING - Dependency <Task(_PythonDecoratedOperator): log_sql_query>, print_the_context already registered for DAG: example_python_operator
[2024-06-22T13:13:54.930+0000] {logging_mixin.py:137} INFO - [2024-06-22T13:13:54.930+0000] {taskmixin.py:205} WARNING - Dependency <Task(_PythonDecoratedOperator): print_the_context>, log_sql_query already registered for DAG: example_python_operator
[2024-06-22T13:13:54.931+0000] {logging_mixin.py:137} INFO - [2024-06-22T13:13:54.931+0000] {taskmixin.py:205} WARNING - Dependency <Task(_PythonDecoratedOperator): log_sql_query>, print_the_context already registered for DAG: example_python_operator
[2024-06-22T13:13:54.932+0000] {logging_mixin.py:137} INFO - [2024-06-22T13:13:54.932+0000] {taskmixin.py:205} WARNING - Dependency <Task(_PythonDecoratedOperator): print_the_context>, log_sql_query already registered for DAG: example_python_operator
[2024-06-22T13:13:54.932+0000] {logging_mixin.py:137} INFO - [2024-06-22T13:13:54.932+0000] {taskmixin.py:205} WARNING - Dependency <Task(_PythonDecoratedOperator): log_sql_query>, print_the_context already registered for DAG: example_python_operator
[2024-06-22T13:13:54.942+0000] {processor.py:753} INFO - DAG(s) dict_keys(['example_python_operator']) retrieved from /home/airflow/.local/lib/python3.7/site-packages/airflow/example_dags/example_python_operator.py
[2024-06-22T13:13:54.986+0000] {logging_mixin.py:137} INFO - [2024-06-22T13:13:54.986+0000] {dag.py:2676} INFO - Sync 1 DAGs
[2024-06-22T13:13:55.016+0000] {logging_mixin.py:137} INFO - [2024-06-22T13:13:55.016+0000] {dag.py:3427} INFO - Setting next_dagrun for example_python_operator to None, run_after=None
[2024-06-22T13:13:55.046+0000] {processor.py:175} INFO - Processing /home/airflow/.local/lib/python3.7/site-packages/airflow/example_dags/example_python_operator.py took 0.150 seconds
[2024-06-22T13:14:25.441+0000] {processor.py:153} INFO - Started process (PID=306) to work on /home/airflow/.local/lib/python3.7/site-packages/airflow/example_dags/example_python_operator.py
[2024-06-22T13:14:25.442+0000] {processor.py:743} INFO - Processing file /home/airflow/.local/lib/python3.7/site-packages/airflow/example_dags/example_python_operator.py for tasks to queue
[2024-06-22T13:14:25.443+0000] {logging_mixin.py:137} INFO - [2024-06-22T13:14:25.443+0000] {dagbag.py:538} INFO - Filling up the DagBag from /home/airflow/.local/lib/python3.7/site-packages/airflow/example_dags/example_python_operator.py
[2024-06-22T13:14:25.459+0000] {logging_mixin.py:137} INFO - [2024-06-22T13:14:25.459+0000] {taskmixin.py:205} WARNING - Dependency <Task(_PythonDecoratedOperator): print_the_context>, log_sql_query already registered for DAG: example_python_operator
[2024-06-22T13:14:25.460+0000] {logging_mixin.py:137} INFO - [2024-06-22T13:14:25.460+0000] {taskmixin.py:205} WARNING - Dependency <Task(_PythonDecoratedOperator): log_sql_query>, print_the_context already registered for DAG: example_python_operator
[2024-06-22T13:14:25.461+0000] {logging_mixin.py:137} INFO - [2024-06-22T13:14:25.461+0000] {taskmixin.py:205} WARNING - Dependency <Task(_PythonDecoratedOperator): print_the_context>, log_sql_query already registered for DAG: example_python_operator
[2024-06-22T13:14:25.462+0000] {logging_mixin.py:137} INFO - [2024-06-22T13:14:25.462+0000] {taskmixin.py:205} WARNING - Dependency <Task(_PythonDecoratedOperator): log_sql_query>, print_the_context already registered for DAG: example_python_operator
[2024-06-22T13:14:25.463+0000] {logging_mixin.py:137} INFO - [2024-06-22T13:14:25.463+0000] {taskmixin.py:205} WARNING - Dependency <Task(_PythonDecoratedOperator): print_the_context>, log_sql_query already registered for DAG: example_python_operator
[2024-06-22T13:14:25.464+0000] {logging_mixin.py:137} INFO - [2024-06-22T13:14:25.464+0000] {taskmixin.py:205} WARNING - Dependency <Task(_PythonDecoratedOperator): log_sql_query>, print_the_context already registered for DAG: example_python_operator
[2024-06-22T13:14:25.465+0000] {logging_mixin.py:137} INFO - [2024-06-22T13:14:25.465+0000] {taskmixin.py:205} WARNING - Dependency <Task(_PythonDecoratedOperator): print_the_context>, log_sql_query already registered for DAG: example_python_operator
[2024-06-22T13:14:25.466+0000] {logging_mixin.py:137} INFO - [2024-06-22T13:14:25.466+0000] {taskmixin.py:205} WARNING - Dependency <Task(_PythonDecoratedOperator): log_sql_query>, print_the_context already registered for DAG: example_python_operator
[2024-06-22T13:14:25.474+0000] {processor.py:753} INFO - DAG(s) dict_keys(['example_python_operator']) retrieved from /home/airflow/.local/lib/python3.7/site-packages/airflow/example_dags/example_python_operator.py
[2024-06-22T13:14:25.513+0000] {logging_mixin.py:137} INFO - [2024-06-22T13:14:25.512+0000] {dag.py:2676} INFO - Sync 1 DAGs
[2024-06-22T13:14:25.539+0000] {logging_mixin.py:137} INFO - [2024-06-22T13:14:25.539+0000] {dag.py:3427} INFO - Setting next_dagrun for example_python_operator to None, run_after=None
[2024-06-22T13:14:25.566+0000] {processor.py:175} INFO - Processing /home/airflow/.local/lib/python3.7/site-packages/airflow/example_dags/example_python_operator.py took 0.128 seconds
[2024-06-22T13:14:56.081+0000] {processor.py:153} INFO - Started process (PID=348) to work on /home/airflow/.local/lib/python3.7/site-packages/airflow/example_dags/example_python_operator.py
[2024-06-22T13:14:56.082+0000] {processor.py:743} INFO - Processing file /home/airflow/.local/lib/python3.7/site-packages/airflow/example_dags/example_python_operator.py for tasks to queue
[2024-06-22T13:14:56.083+0000] {logging_mixin.py:137} INFO - [2024-06-22T13:14:56.083+0000] {dagbag.py:538} INFO - Filling up the DagBag from /home/airflow/.local/lib/python3.7/site-packages/airflow/example_dags/example_python_operator.py
[2024-06-22T13:14:56.111+0000] {logging_mixin.py:137} INFO - [2024-06-22T13:14:56.111+0000] {taskmixin.py:205} WARNING - Dependency <Task(_PythonDecoratedOperator): print_the_context>, log_sql_query already registered for DAG: example_python_operator
[2024-06-22T13:14:56.112+0000] {logging_mixin.py:137} INFO - [2024-06-22T13:14:56.112+0000] {taskmixin.py:205} WARNING - Dependency <Task(_PythonDecoratedOperator): log_sql_query>, print_the_context already registered for DAG: example_python_operator
[2024-06-22T13:14:56.113+0000] {logging_mixin.py:137} INFO - [2024-06-22T13:14:56.113+0000] {taskmixin.py:205} WARNING - Dependency <Task(_PythonDecoratedOperator): print_the_context>, log_sql_query already registered for DAG: example_python_operator
[2024-06-22T13:14:56.114+0000] {logging_mixin.py:137} INFO - [2024-06-22T13:14:56.113+0000] {taskmixin.py:205} WARNING - Dependency <Task(_PythonDecoratedOperator): log_sql_query>, print_the_context already registered for DAG: example_python_operator
[2024-06-22T13:14:56.115+0000] {logging_mixin.py:137} INFO - [2024-06-22T13:14:56.114+0000] {taskmixin.py:205} WARNING - Dependency <Task(_PythonDecoratedOperator): print_the_context>, log_sql_query already registered for DAG: example_python_operator
[2024-06-22T13:14:56.115+0000] {logging_mixin.py:137} INFO - [2024-06-22T13:14:56.115+0000] {taskmixin.py:205} WARNING - Dependency <Task(_PythonDecoratedOperator): log_sql_query>, print_the_context already registered for DAG: example_python_operator
[2024-06-22T13:14:56.116+0000] {logging_mixin.py:137} INFO - [2024-06-22T13:14:56.116+0000] {taskmixin.py:205} WARNING - Dependency <Task(_PythonDecoratedOperator): print_the_context>, log_sql_query already registered for DAG: example_python_operator
[2024-06-22T13:14:56.117+0000] {logging_mixin.py:137} INFO - [2024-06-22T13:14:56.117+0000] {taskmixin.py:205} WARNING - Dependency <Task(_PythonDecoratedOperator): log_sql_query>, print_the_context already registered for DAG: example_python_operator
[2024-06-22T13:14:56.125+0000] {processor.py:753} INFO - DAG(s) dict_keys(['example_python_operator']) retrieved from /home/airflow/.local/lib/python3.7/site-packages/airflow/example_dags/example_python_operator.py
[2024-06-22T13:14:56.182+0000] {logging_mixin.py:137} INFO - [2024-06-22T13:14:56.182+0000] {dag.py:2676} INFO - Sync 1 DAGs
[2024-06-22T13:14:56.226+0000] {logging_mixin.py:137} INFO - [2024-06-22T13:14:56.226+0000] {dag.py:3427} INFO - Setting next_dagrun for example_python_operator to None, run_after=None
[2024-06-22T13:14:56.257+0000] {processor.py:175} INFO - Processing /home/airflow/.local/lib/python3.7/site-packages/airflow/example_dags/example_python_operator.py took 0.180 seconds
[2024-06-22T13:15:26.491+0000] {processor.py:153} INFO - Started process (PID=390) to work on /home/airflow/.local/lib/python3.7/site-packages/airflow/example_dags/example_python_operator.py
[2024-06-22T13:15:26.492+0000] {processor.py:743} INFO - Processing file /home/airflow/.local/lib/python3.7/site-packages/airflow/example_dags/example_python_operator.py for tasks to queue
[2024-06-22T13:15:26.493+0000] {logging_mixin.py:137} INFO - [2024-06-22T13:15:26.493+0000] {dagbag.py:538} INFO - Filling up the DagBag from /home/airflow/.local/lib/python3.7/site-packages/airflow/example_dags/example_python_operator.py
[2024-06-22T13:15:26.516+0000] {logging_mixin.py:137} INFO - [2024-06-22T13:15:26.516+0000] {taskmixin.py:205} WARNING - Dependency <Task(_PythonDecoratedOperator): print_the_context>, log_sql_query already registered for DAG: example_python_operator
[2024-06-22T13:15:26.517+0000] {logging_mixin.py:137} INFO - [2024-06-22T13:15:26.517+0000] {taskmixin.py:205} WARNING - Dependency <Task(_PythonDecoratedOperator): log_sql_query>, print_the_context already registered for DAG: example_python_operator
[2024-06-22T13:15:26.518+0000] {logging_mixin.py:137} INFO - [2024-06-22T13:15:26.518+0000] {taskmixin.py:205} WARNING - Dependency <Task(_PythonDecoratedOperator): print_the_context>, log_sql_query already registered for DAG: example_python_operator
[2024-06-22T13:15:26.518+0000] {logging_mixin.py:137} INFO - [2024-06-22T13:15:26.518+0000] {taskmixin.py:205} WARNING - Dependency <Task(_PythonDecoratedOperator): log_sql_query>, print_the_context already registered for DAG: example_python_operator
[2024-06-22T13:15:26.519+0000] {logging_mixin.py:137} INFO - [2024-06-22T13:15:26.519+0000] {taskmixin.py:205} WARNING - Dependency <Task(_PythonDecoratedOperator): print_the_context>, log_sql_query already registered for DAG: example_python_operator
[2024-06-22T13:15:26.520+0000] {logging_mixin.py:137} INFO - [2024-06-22T13:15:26.520+0000] {taskmixin.py:205} WARNING - Dependency <Task(_PythonDecoratedOperator): log_sql_query>, print_the_context already registered for DAG: example_python_operator
[2024-06-22T13:15:26.521+0000] {logging_mixin.py:137} INFO - [2024-06-22T13:15:26.521+0000] {taskmixin.py:205} WARNING - Dependency <Task(_PythonDecoratedOperator): print_the_context>, log_sql_query already registered for DAG: example_python_operator
[2024-06-22T13:15:26.522+0000] {logging_mixin.py:137} INFO - [2024-06-22T13:15:26.521+0000] {taskmixin.py:205} WARNING - Dependency <Task(_PythonDecoratedOperator): log_sql_query>, print_the_context already registered for DAG: example_python_operator
[2024-06-22T13:15:26.528+0000] {processor.py:753} INFO - DAG(s) dict_keys(['example_python_operator']) retrieved from /home/airflow/.local/lib/python3.7/site-packages/airflow/example_dags/example_python_operator.py
[2024-06-22T13:15:26.571+0000] {logging_mixin.py:137} INFO - [2024-06-22T13:15:26.570+0000] {dag.py:2676} INFO - Sync 1 DAGs
[2024-06-22T13:15:26.613+0000] {logging_mixin.py:137} INFO - [2024-06-22T13:15:26.612+0000] {dag.py:3427} INFO - Setting next_dagrun for example_python_operator to None, run_after=None
[2024-06-22T13:15:26.641+0000] {processor.py:175} INFO - Processing /home/airflow/.local/lib/python3.7/site-packages/airflow/example_dags/example_python_operator.py took 0.153 seconds
[2024-06-22T13:15:56.926+0000] {processor.py:153} INFO - Started process (PID=432) to work on /home/airflow/.local/lib/python3.7/site-packages/airflow/example_dags/example_python_operator.py
[2024-06-22T13:15:56.927+0000] {processor.py:743} INFO - Processing file /home/airflow/.local/lib/python3.7/site-packages/airflow/example_dags/example_python_operator.py for tasks to queue
[2024-06-22T13:15:56.928+0000] {logging_mixin.py:137} INFO - [2024-06-22T13:15:56.928+0000] {dagbag.py:538} INFO - Filling up the DagBag from /home/airflow/.local/lib/python3.7/site-packages/airflow/example_dags/example_python_operator.py
[2024-06-22T13:15:56.945+0000] {logging_mixin.py:137} INFO - [2024-06-22T13:15:56.945+0000] {taskmixin.py:205} WARNING - Dependency <Task(_PythonDecoratedOperator): print_the_context>, log_sql_query already registered for DAG: example_python_operator
[2024-06-22T13:15:56.946+0000] {logging_mixin.py:137} INFO - [2024-06-22T13:15:56.946+0000] {taskmixin.py:205} WARNING - Dependency <Task(_PythonDecoratedOperator): log_sql_query>, print_the_context already registered for DAG: example_python_operator
[2024-06-22T13:15:56.948+0000] {logging_mixin.py:137} INFO - [2024-06-22T13:15:56.947+0000] {taskmixin.py:205} WARNING - Dependency <Task(_PythonDecoratedOperator): print_the_context>, log_sql_query already registered for DAG: example_python_operator
[2024-06-22T13:15:56.948+0000] {logging_mixin.py:137} INFO - [2024-06-22T13:15:56.948+0000] {taskmixin.py:205} WARNING - Dependency <Task(_PythonDecoratedOperator): log_sql_query>, print_the_context already registered for DAG: example_python_operator
[2024-06-22T13:15:56.949+0000] {logging_mixin.py:137} INFO - [2024-06-22T13:15:56.949+0000] {taskmixin.py:205} WARNING - Dependency <Task(_PythonDecoratedOperator): print_the_context>, log_sql_query already registered for DAG: example_python_operator
[2024-06-22T13:15:56.950+0000] {logging_mixin.py:137} INFO - [2024-06-22T13:15:56.950+0000] {taskmixin.py:205} WARNING - Dependency <Task(_PythonDecoratedOperator): log_sql_query>, print_the_context already registered for DAG: example_python_operator
[2024-06-22T13:15:56.952+0000] {logging_mixin.py:137} INFO - [2024-06-22T13:15:56.951+0000] {taskmixin.py:205} WARNING - Dependency <Task(_PythonDecoratedOperator): print_the_context>, log_sql_query already registered for DAG: example_python_operator
[2024-06-22T13:15:56.953+0000] {logging_mixin.py:137} INFO - [2024-06-22T13:15:56.952+0000] {taskmixin.py:205} WARNING - Dependency <Task(_PythonDecoratedOperator): log_sql_query>, print_the_context already registered for DAG: example_python_operator
[2024-06-22T13:15:56.959+0000] {processor.py:753} INFO - DAG(s) dict_keys(['example_python_operator']) retrieved from /home/airflow/.local/lib/python3.7/site-packages/airflow/example_dags/example_python_operator.py
[2024-06-22T13:15:57.004+0000] {logging_mixin.py:137} INFO - [2024-06-22T13:15:57.003+0000] {dag.py:2676} INFO - Sync 1 DAGs
[2024-06-22T13:15:57.030+0000] {logging_mixin.py:137} INFO - [2024-06-22T13:15:57.030+0000] {dag.py:3427} INFO - Setting next_dagrun for example_python_operator to None, run_after=None
[2024-06-22T13:15:57.055+0000] {processor.py:175} INFO - Processing /home/airflow/.local/lib/python3.7/site-packages/airflow/example_dags/example_python_operator.py took 0.132 seconds
[2024-06-22T13:16:27.195+0000] {processor.py:153} INFO - Started process (PID=474) to work on /home/airflow/.local/lib/python3.7/site-packages/airflow/example_dags/example_python_operator.py
[2024-06-22T13:16:27.196+0000] {processor.py:743} INFO - Processing file /home/airflow/.local/lib/python3.7/site-packages/airflow/example_dags/example_python_operator.py for tasks to queue
[2024-06-22T13:16:27.197+0000] {logging_mixin.py:137} INFO - [2024-06-22T13:16:27.197+0000] {dagbag.py:538} INFO - Filling up the DagBag from /home/airflow/.local/lib/python3.7/site-packages/airflow/example_dags/example_python_operator.py
[2024-06-22T13:16:27.214+0000] {logging_mixin.py:137} INFO - [2024-06-22T13:16:27.214+0000] {taskmixin.py:205} WARNING - Dependency <Task(_PythonDecoratedOperator): print_the_context>, log_sql_query already registered for DAG: example_python_operator
[2024-06-22T13:16:27.215+0000] {logging_mixin.py:137} INFO - [2024-06-22T13:16:27.215+0000] {taskmixin.py:205} WARNING - Dependency <Task(_PythonDecoratedOperator): log_sql_query>, print_the_context already registered for DAG: example_python_operator
[2024-06-22T13:16:27.216+0000] {logging_mixin.py:137} INFO - [2024-06-22T13:16:27.216+0000] {taskmixin.py:205} WARNING - Dependency <Task(_PythonDecoratedOperator): print_the_context>, log_sql_query already registered for DAG: example_python_operator
[2024-06-22T13:16:27.217+0000] {logging_mixin.py:137} INFO - [2024-06-22T13:16:27.216+0000] {taskmixin.py:205} WARNING - Dependency <Task(_PythonDecoratedOperator): log_sql_query>, print_the_context already registered for DAG: example_python_operator
[2024-06-22T13:16:27.218+0000] {logging_mixin.py:137} INFO - [2024-06-22T13:16:27.218+0000] {taskmixin.py:205} WARNING - Dependency <Task(_PythonDecoratedOperator): print_the_context>, log_sql_query already registered for DAG: example_python_operator
[2024-06-22T13:16:27.219+0000] {logging_mixin.py:137} INFO - [2024-06-22T13:16:27.219+0000] {taskmixin.py:205} WARNING - Dependency <Task(_PythonDecoratedOperator): log_sql_query>, print_the_context already registered for DAG: example_python_operator
[2024-06-22T13:16:27.220+0000] {logging_mixin.py:137} INFO - [2024-06-22T13:16:27.220+0000] {taskmixin.py:205} WARNING - Dependency <Task(_PythonDecoratedOperator): print_the_context>, log_sql_query already registered for DAG: example_python_operator
[2024-06-22T13:16:27.220+0000] {logging_mixin.py:137} INFO - [2024-06-22T13:16:27.220+0000] {taskmixin.py:205} WARNING - Dependency <Task(_PythonDecoratedOperator): log_sql_query>, print_the_context already registered for DAG: example_python_operator
[2024-06-22T13:16:27.227+0000] {processor.py:753} INFO - DAG(s) dict_keys(['example_python_operator']) retrieved from /home/airflow/.local/lib/python3.7/site-packages/airflow/example_dags/example_python_operator.py
[2024-06-22T13:16:27.267+0000] {logging_mixin.py:137} INFO - [2024-06-22T13:16:27.266+0000] {dag.py:2676} INFO - Sync 1 DAGs
[2024-06-22T13:16:27.291+0000] {logging_mixin.py:137} INFO - [2024-06-22T13:16:27.291+0000] {dag.py:3427} INFO - Setting next_dagrun for example_python_operator to None, run_after=None
[2024-06-22T13:16:27.315+0000] {processor.py:175} INFO - Processing /home/airflow/.local/lib/python3.7/site-packages/airflow/example_dags/example_python_operator.py took 0.124 seconds
[2024-06-22T13:16:57.679+0000] {processor.py:153} INFO - Started process (PID=516) to work on /home/airflow/.local/lib/python3.7/site-packages/airflow/example_dags/example_python_operator.py
[2024-06-22T13:16:57.680+0000] {processor.py:743} INFO - Processing file /home/airflow/.local/lib/python3.7/site-packages/airflow/example_dags/example_python_operator.py for tasks to queue
[2024-06-22T13:16:57.681+0000] {logging_mixin.py:137} INFO - [2024-06-22T13:16:57.681+0000] {dagbag.py:538} INFO - Filling up the DagBag from /home/airflow/.local/lib/python3.7/site-packages/airflow/example_dags/example_python_operator.py
[2024-06-22T13:16:57.698+0000] {logging_mixin.py:137} INFO - [2024-06-22T13:16:57.698+0000] {taskmixin.py:205} WARNING - Dependency <Task(_PythonDecoratedOperator): print_the_context>, log_sql_query already registered for DAG: example_python_operator
[2024-06-22T13:16:57.699+0000] {logging_mixin.py:137} INFO - [2024-06-22T13:16:57.699+0000] {taskmixin.py:205} WARNING - Dependency <Task(_PythonDecoratedOperator): log_sql_query>, print_the_context already registered for DAG: example_python_operator
[2024-06-22T13:16:57.700+0000] {logging_mixin.py:137} INFO - [2024-06-22T13:16:57.700+0000] {taskmixin.py:205} WARNING - Dependency <Task(_PythonDecoratedOperator): print_the_context>, log_sql_query already registered for DAG: example_python_operator
[2024-06-22T13:16:57.701+0000] {logging_mixin.py:137} INFO - [2024-06-22T13:16:57.701+0000] {taskmixin.py:205} WARNING - Dependency <Task(_PythonDecoratedOperator): log_sql_query>, print_the_context already registered for DAG: example_python_operator
[2024-06-22T13:16:57.703+0000] {logging_mixin.py:137} INFO - [2024-06-22T13:16:57.702+0000] {taskmixin.py:205} WARNING - Dependency <Task(_PythonDecoratedOperator): print_the_context>, log_sql_query already registered for DAG: example_python_operator
[2024-06-22T13:16:57.703+0000] {logging_mixin.py:137} INFO - [2024-06-22T13:16:57.703+0000] {taskmixin.py:205} WARNING - Dependency <Task(_PythonDecoratedOperator): log_sql_query>, print_the_context already registered for DAG: example_python_operator
[2024-06-22T13:16:57.704+0000] {logging_mixin.py:137} INFO - [2024-06-22T13:16:57.704+0000] {taskmixin.py:205} WARNING - Dependency <Task(_PythonDecoratedOperator): print_the_context>, log_sql_query already registered for DAG: example_python_operator
[2024-06-22T13:16:57.705+0000] {logging_mixin.py:137} INFO - [2024-06-22T13:16:57.705+0000] {taskmixin.py:205} WARNING - Dependency <Task(_PythonDecoratedOperator): log_sql_query>, print_the_context already registered for DAG: example_python_operator
[2024-06-22T13:16:57.712+0000] {processor.py:753} INFO - DAG(s) dict_keys(['example_python_operator']) retrieved from /home/airflow/.local/lib/python3.7/site-packages/airflow/example_dags/example_python_operator.py
[2024-06-22T13:16:57.751+0000] {logging_mixin.py:137} INFO - [2024-06-22T13:16:57.751+0000] {dag.py:2676} INFO - Sync 1 DAGs
[2024-06-22T13:16:57.776+0000] {logging_mixin.py:137} INFO - [2024-06-22T13:16:57.776+0000] {dag.py:3427} INFO - Setting next_dagrun for example_python_operator to None, run_after=None
[2024-06-22T13:16:57.800+0000] {processor.py:175} INFO - Processing /home/airflow/.local/lib/python3.7/site-packages/airflow/example_dags/example_python_operator.py took 0.124 seconds
[2024-06-22T13:17:28.265+0000] {processor.py:153} INFO - Started process (PID=558) to work on /home/airflow/.local/lib/python3.7/site-packages/airflow/example_dags/example_python_operator.py
[2024-06-22T13:17:28.267+0000] {processor.py:743} INFO - Processing file /home/airflow/.local/lib/python3.7/site-packages/airflow/example_dags/example_python_operator.py for tasks to queue
[2024-06-22T13:17:28.268+0000] {logging_mixin.py:137} INFO - [2024-06-22T13:17:28.267+0000] {dagbag.py:538} INFO - Filling up the DagBag from /home/airflow/.local/lib/python3.7/site-packages/airflow/example_dags/example_python_operator.py
[2024-06-22T13:17:28.293+0000] {logging_mixin.py:137} INFO - [2024-06-22T13:17:28.292+0000] {taskmixin.py:205} WARNING - Dependency <Task(_PythonDecoratedOperator): print_the_context>, log_sql_query already registered for DAG: example_python_operator
[2024-06-22T13:17:28.294+0000] {logging_mixin.py:137} INFO - [2024-06-22T13:17:28.293+0000] {taskmixin.py:205} WARNING - Dependency <Task(_PythonDecoratedOperator): log_sql_query>, print_the_context already registered for DAG: example_python_operator
[2024-06-22T13:17:28.295+0000] {logging_mixin.py:137} INFO - [2024-06-22T13:17:28.295+0000] {taskmixin.py:205} WARNING - Dependency <Task(_PythonDecoratedOperator): print_the_context>, log_sql_query already registered for DAG: example_python_operator
[2024-06-22T13:17:28.296+0000] {logging_mixin.py:137} INFO - [2024-06-22T13:17:28.296+0000] {taskmixin.py:205} WARNING - Dependency <Task(_PythonDecoratedOperator): log_sql_query>, print_the_context already registered for DAG: example_python_operator
[2024-06-22T13:17:28.298+0000] {logging_mixin.py:137} INFO - [2024-06-22T13:17:28.298+0000] {taskmixin.py:205} WARNING - Dependency <Task(_PythonDecoratedOperator): print_the_context>, log_sql_query already registered for DAG: example_python_operator
[2024-06-22T13:17:28.299+0000] {logging_mixin.py:137} INFO - [2024-06-22T13:17:28.299+0000] {taskmixin.py:205} WARNING - Dependency <Task(_PythonDecoratedOperator): log_sql_query>, print_the_context already registered for DAG: example_python_operator
[2024-06-22T13:17:28.300+0000] {logging_mixin.py:137} INFO - [2024-06-22T13:17:28.300+0000] {taskmixin.py:205} WARNING - Dependency <Task(_PythonDecoratedOperator): print_the_context>, log_sql_query already registered for DAG: example_python_operator
[2024-06-22T13:17:28.301+0000] {logging_mixin.py:137} INFO - [2024-06-22T13:17:28.300+0000] {taskmixin.py:205} WARNING - Dependency <Task(_PythonDecoratedOperator): log_sql_query>, print_the_context already registered for DAG: example_python_operator
[2024-06-22T13:17:28.308+0000] {processor.py:753} INFO - DAG(s) dict_keys(['example_python_operator']) retrieved from /home/airflow/.local/lib/python3.7/site-packages/airflow/example_dags/example_python_operator.py
[2024-06-22T13:17:28.361+0000] {logging_mixin.py:137} INFO - [2024-06-22T13:17:28.361+0000] {dag.py:2676} INFO - Sync 1 DAGs
[2024-06-22T13:17:28.390+0000] {logging_mixin.py:137} INFO - [2024-06-22T13:17:28.389+0000] {dag.py:3427} INFO - Setting next_dagrun for example_python_operator to None, run_after=None
[2024-06-22T13:17:28.416+0000] {processor.py:175} INFO - Processing /home/airflow/.local/lib/python3.7/site-packages/airflow/example_dags/example_python_operator.py took 0.155 seconds
[2024-06-22T13:17:58.757+0000] {processor.py:153} INFO - Started process (PID=600) to work on /home/airflow/.local/lib/python3.7/site-packages/airflow/example_dags/example_python_operator.py
[2024-06-22T13:17:58.758+0000] {processor.py:743} INFO - Processing file /home/airflow/.local/lib/python3.7/site-packages/airflow/example_dags/example_python_operator.py for tasks to queue
[2024-06-22T13:17:58.759+0000] {logging_mixin.py:137} INFO - [2024-06-22T13:17:58.759+0000] {dagbag.py:538} INFO - Filling up the DagBag from /home/airflow/.local/lib/python3.7/site-packages/airflow/example_dags/example_python_operator.py
[2024-06-22T13:17:58.780+0000] {logging_mixin.py:137} INFO - [2024-06-22T13:17:58.780+0000] {taskmixin.py:205} WARNING - Dependency <Task(_PythonDecoratedOperator): print_the_context>, log_sql_query already registered for DAG: example_python_operator
[2024-06-22T13:17:58.781+0000] {logging_mixin.py:137} INFO - [2024-06-22T13:17:58.781+0000] {taskmixin.py:205} WARNING - Dependency <Task(_PythonDecoratedOperator): log_sql_query>, print_the_context already registered for DAG: example_python_operator
[2024-06-22T13:17:58.782+0000] {logging_mixin.py:137} INFO - [2024-06-22T13:17:58.782+0000] {taskmixin.py:205} WARNING - Dependency <Task(_PythonDecoratedOperator): print_the_context>, log_sql_query already registered for DAG: example_python_operator
[2024-06-22T13:17:58.782+0000] {logging_mixin.py:137} INFO - [2024-06-22T13:17:58.782+0000] {taskmixin.py:205} WARNING - Dependency <Task(_PythonDecoratedOperator): log_sql_query>, print_the_context already registered for DAG: example_python_operator
[2024-06-22T13:17:58.783+0000] {logging_mixin.py:137} INFO - [2024-06-22T13:17:58.783+0000] {taskmixin.py:205} WARNING - Dependency <Task(_PythonDecoratedOperator): print_the_context>, log_sql_query already registered for DAG: example_python_operator
[2024-06-22T13:17:58.783+0000] {logging_mixin.py:137} INFO - [2024-06-22T13:17:58.783+0000] {taskmixin.py:205} WARNING - Dependency <Task(_PythonDecoratedOperator): log_sql_query>, print_the_context already registered for DAG: example_python_operator
[2024-06-22T13:17:58.784+0000] {logging_mixin.py:137} INFO - [2024-06-22T13:17:58.784+0000] {taskmixin.py:205} WARNING - Dependency <Task(_PythonDecoratedOperator): print_the_context>, log_sql_query already registered for DAG: example_python_operator
[2024-06-22T13:17:58.785+0000] {logging_mixin.py:137} INFO - [2024-06-22T13:17:58.785+0000] {taskmixin.py:205} WARNING - Dependency <Task(_PythonDecoratedOperator): log_sql_query>, print_the_context already registered for DAG: example_python_operator
[2024-06-22T13:17:58.795+0000] {processor.py:753} INFO - DAG(s) dict_keys(['example_python_operator']) retrieved from /home/airflow/.local/lib/python3.7/site-packages/airflow/example_dags/example_python_operator.py
[2024-06-22T13:17:58.848+0000] {logging_mixin.py:137} INFO - [2024-06-22T13:17:58.847+0000] {dag.py:2676} INFO - Sync 1 DAGs
[2024-06-22T13:17:58.878+0000] {logging_mixin.py:137} INFO - [2024-06-22T13:17:58.878+0000] {dag.py:3427} INFO - Setting next_dagrun for example_python_operator to None, run_after=None
[2024-06-22T13:17:58.904+0000] {processor.py:175} INFO - Processing /home/airflow/.local/lib/python3.7/site-packages/airflow/example_dags/example_python_operator.py took 0.152 seconds
[2024-06-22T13:18:29.235+0000] {processor.py:153} INFO - Started process (PID=642) to work on /home/airflow/.local/lib/python3.7/site-packages/airflow/example_dags/example_python_operator.py
[2024-06-22T13:18:29.236+0000] {processor.py:743} INFO - Processing file /home/airflow/.local/lib/python3.7/site-packages/airflow/example_dags/example_python_operator.py for tasks to queue
[2024-06-22T13:18:29.237+0000] {logging_mixin.py:137} INFO - [2024-06-22T13:18:29.237+0000] {dagbag.py:538} INFO - Filling up the DagBag from /home/airflow/.local/lib/python3.7/site-packages/airflow/example_dags/example_python_operator.py
[2024-06-22T13:18:29.251+0000] {logging_mixin.py:137} INFO - [2024-06-22T13:18:29.251+0000] {taskmixin.py:205} WARNING - Dependency <Task(_PythonDecoratedOperator): print_the_context>, log_sql_query already registered for DAG: example_python_operator
[2024-06-22T13:18:29.252+0000] {logging_mixin.py:137} INFO - [2024-06-22T13:18:29.252+0000] {taskmixin.py:205} WARNING - Dependency <Task(_PythonDecoratedOperator): log_sql_query>, print_the_context already registered for DAG: example_python_operator
[2024-06-22T13:18:29.254+0000] {logging_mixin.py:137} INFO - [2024-06-22T13:18:29.253+0000] {taskmixin.py:205} WARNING - Dependency <Task(_PythonDecoratedOperator): print_the_context>, log_sql_query already registered for DAG: example_python_operator
[2024-06-22T13:18:29.254+0000] {logging_mixin.py:137} INFO - [2024-06-22T13:18:29.254+0000] {taskmixin.py:205} WARNING - Dependency <Task(_PythonDecoratedOperator): log_sql_query>, print_the_context already registered for DAG: example_python_operator
[2024-06-22T13:18:29.255+0000] {logging_mixin.py:137} INFO - [2024-06-22T13:18:29.255+0000] {taskmixin.py:205} WARNING - Dependency <Task(_PythonDecoratedOperator): print_the_context>, log_sql_query already registered for DAG: example_python_operator
[2024-06-22T13:18:29.256+0000] {logging_mixin.py:137} INFO - [2024-06-22T13:18:29.256+0000] {taskmixin.py:205} WARNING - Dependency <Task(_PythonDecoratedOperator): log_sql_query>, print_the_context already registered for DAG: example_python_operator
[2024-06-22T13:18:29.257+0000] {logging_mixin.py:137} INFO - [2024-06-22T13:18:29.257+0000] {taskmixin.py:205} WARNING - Dependency <Task(_PythonDecoratedOperator): print_the_context>, log_sql_query already registered for DAG: example_python_operator
[2024-06-22T13:18:29.258+0000] {logging_mixin.py:137} INFO - [2024-06-22T13:18:29.258+0000] {taskmixin.py:205} WARNING - Dependency <Task(_PythonDecoratedOperator): log_sql_query>, print_the_context already registered for DAG: example_python_operator
[2024-06-22T13:18:29.265+0000] {processor.py:753} INFO - DAG(s) dict_keys(['example_python_operator']) retrieved from /home/airflow/.local/lib/python3.7/site-packages/airflow/example_dags/example_python_operator.py
[2024-06-22T13:18:29.301+0000] {logging_mixin.py:137} INFO - [2024-06-22T13:18:29.301+0000] {dag.py:2676} INFO - Sync 1 DAGs
[2024-06-22T13:18:29.324+0000] {logging_mixin.py:137} INFO - [2024-06-22T13:18:29.324+0000] {dag.py:3427} INFO - Setting next_dagrun for example_python_operator to None, run_after=None
[2024-06-22T13:18:29.351+0000] {processor.py:175} INFO - Processing /home/airflow/.local/lib/python3.7/site-packages/airflow/example_dags/example_python_operator.py took 0.119 seconds
[2024-06-22T13:18:59.489+0000] {processor.py:153} INFO - Started process (PID=684) to work on /home/airflow/.local/lib/python3.7/site-packages/airflow/example_dags/example_python_operator.py
[2024-06-22T13:18:59.491+0000] {processor.py:743} INFO - Processing file /home/airflow/.local/lib/python3.7/site-packages/airflow/example_dags/example_python_operator.py for tasks to queue
[2024-06-22T13:18:59.492+0000] {logging_mixin.py:137} INFO - [2024-06-22T13:18:59.492+0000] {dagbag.py:538} INFO - Filling up the DagBag from /home/airflow/.local/lib/python3.7/site-packages/airflow/example_dags/example_python_operator.py
[2024-06-22T13:18:59.506+0000] {logging_mixin.py:137} INFO - [2024-06-22T13:18:59.506+0000] {taskmixin.py:205} WARNING - Dependency <Task(_PythonDecoratedOperator): print_the_context>, log_sql_query already registered for DAG: example_python_operator
[2024-06-22T13:18:59.508+0000] {logging_mixin.py:137} INFO - [2024-06-22T13:18:59.508+0000] {taskmixin.py:205} WARNING - Dependency <Task(_PythonDecoratedOperator): log_sql_query>, print_the_context already registered for DAG: example_python_operator
[2024-06-22T13:18:59.509+0000] {logging_mixin.py:137} INFO - [2024-06-22T13:18:59.509+0000] {taskmixin.py:205} WARNING - Dependency <Task(_PythonDecoratedOperator): print_the_context>, log_sql_query already registered for DAG: example_python_operator
[2024-06-22T13:18:59.510+0000] {logging_mixin.py:137} INFO - [2024-06-22T13:18:59.510+0000] {taskmixin.py:205} WARNING - Dependency <Task(_PythonDecoratedOperator): log_sql_query>, print_the_context already registered for DAG: example_python_operator
[2024-06-22T13:18:59.511+0000] {logging_mixin.py:137} INFO - [2024-06-22T13:18:59.511+0000] {taskmixin.py:205} WARNING - Dependency <Task(_PythonDecoratedOperator): print_the_context>, log_sql_query already registered for DAG: example_python_operator
[2024-06-22T13:18:59.512+0000] {logging_mixin.py:137} INFO - [2024-06-22T13:18:59.512+0000] {taskmixin.py:205} WARNING - Dependency <Task(_PythonDecoratedOperator): log_sql_query>, print_the_context already registered for DAG: example_python_operator
[2024-06-22T13:18:59.513+0000] {logging_mixin.py:137} INFO - [2024-06-22T13:18:59.513+0000] {taskmixin.py:205} WARNING - Dependency <Task(_PythonDecoratedOperator): print_the_context>, log_sql_query already registered for DAG: example_python_operator
[2024-06-22T13:18:59.514+0000] {logging_mixin.py:137} INFO - [2024-06-22T13:18:59.514+0000] {taskmixin.py:205} WARNING - Dependency <Task(_PythonDecoratedOperator): log_sql_query>, print_the_context already registered for DAG: example_python_operator
[2024-06-22T13:18:59.519+0000] {processor.py:753} INFO - DAG(s) dict_keys(['example_python_operator']) retrieved from /home/airflow/.local/lib/python3.7/site-packages/airflow/example_dags/example_python_operator.py
[2024-06-22T13:18:59.562+0000] {logging_mixin.py:137} INFO - [2024-06-22T13:18:59.562+0000] {dag.py:2676} INFO - Sync 1 DAGs
[2024-06-22T13:18:59.596+0000] {logging_mixin.py:137} INFO - [2024-06-22T13:18:59.596+0000] {dag.py:3427} INFO - Setting next_dagrun for example_python_operator to None, run_after=None
[2024-06-22T13:18:59.621+0000] {processor.py:175} INFO - Processing /home/airflow/.local/lib/python3.7/site-packages/airflow/example_dags/example_python_operator.py took 0.134 seconds
[2024-06-22T13:19:29.803+0000] {processor.py:153} INFO - Started process (PID=726) to work on /home/airflow/.local/lib/python3.7/site-packages/airflow/example_dags/example_python_operator.py
[2024-06-22T13:19:29.804+0000] {processor.py:743} INFO - Processing file /home/airflow/.local/lib/python3.7/site-packages/airflow/example_dags/example_python_operator.py for tasks to queue
[2024-06-22T13:19:29.805+0000] {logging_mixin.py:137} INFO - [2024-06-22T13:19:29.805+0000] {dagbag.py:538} INFO - Filling up the DagBag from /home/airflow/.local/lib/python3.7/site-packages/airflow/example_dags/example_python_operator.py
[2024-06-22T13:19:29.826+0000] {logging_mixin.py:137} INFO - [2024-06-22T13:19:29.825+0000] {taskmixin.py:205} WARNING - Dependency <Task(_PythonDecoratedOperator): print_the_context>, log_sql_query already registered for DAG: example_python_operator
[2024-06-22T13:19:29.827+0000] {logging_mixin.py:137} INFO - [2024-06-22T13:19:29.826+0000] {taskmixin.py:205} WARNING - Dependency <Task(_PythonDecoratedOperator): log_sql_query>, print_the_context already registered for DAG: example_python_operator
[2024-06-22T13:19:29.828+0000] {logging_mixin.py:137} INFO - [2024-06-22T13:19:29.828+0000] {taskmixin.py:205} WARNING - Dependency <Task(_PythonDecoratedOperator): print_the_context>, log_sql_query already registered for DAG: example_python_operator
[2024-06-22T13:19:29.829+0000] {logging_mixin.py:137} INFO - [2024-06-22T13:19:29.829+0000] {taskmixin.py:205} WARNING - Dependency <Task(_PythonDecoratedOperator): log_sql_query>, print_the_context already registered for DAG: example_python_operator
[2024-06-22T13:19:29.833+0000] {logging_mixin.py:137} INFO - [2024-06-22T13:19:29.832+0000] {taskmixin.py:205} WARNING - Dependency <Task(_PythonDecoratedOperator): print_the_context>, log_sql_query already registered for DAG: example_python_operator
[2024-06-22T13:19:29.833+0000] {logging_mixin.py:137} INFO - [2024-06-22T13:19:29.833+0000] {taskmixin.py:205} WARNING - Dependency <Task(_PythonDecoratedOperator): log_sql_query>, print_the_context already registered for DAG: example_python_operator
[2024-06-22T13:19:29.835+0000] {logging_mixin.py:137} INFO - [2024-06-22T13:19:29.835+0000] {taskmixin.py:205} WARNING - Dependency <Task(_PythonDecoratedOperator): print_the_context>, log_sql_query already registered for DAG: example_python_operator
[2024-06-22T13:19:29.835+0000] {logging_mixin.py:137} INFO - [2024-06-22T13:19:29.835+0000] {taskmixin.py:205} WARNING - Dependency <Task(_PythonDecoratedOperator): log_sql_query>, print_the_context already registered for DAG: example_python_operator
[2024-06-22T13:19:29.846+0000] {processor.py:753} INFO - DAG(s) dict_keys(['example_python_operator']) retrieved from /home/airflow/.local/lib/python3.7/site-packages/airflow/example_dags/example_python_operator.py
[2024-06-22T13:19:29.898+0000] {logging_mixin.py:137} INFO - [2024-06-22T13:19:29.898+0000] {dag.py:2676} INFO - Sync 1 DAGs
[2024-06-22T13:19:29.922+0000] {logging_mixin.py:137} INFO - [2024-06-22T13:19:29.922+0000] {dag.py:3427} INFO - Setting next_dagrun for example_python_operator to None, run_after=None
[2024-06-22T13:19:29.940+0000] {processor.py:175} INFO - Processing /home/airflow/.local/lib/python3.7/site-packages/airflow/example_dags/example_python_operator.py took 0.141 seconds
[2024-06-22T13:20:00.237+0000] {processor.py:153} INFO - Started process (PID=768) to work on /home/airflow/.local/lib/python3.7/site-packages/airflow/example_dags/example_python_operator.py
[2024-06-22T13:20:00.238+0000] {processor.py:743} INFO - Processing file /home/airflow/.local/lib/python3.7/site-packages/airflow/example_dags/example_python_operator.py for tasks to queue
[2024-06-22T13:20:00.240+0000] {logging_mixin.py:137} INFO - [2024-06-22T13:20:00.239+0000] {dagbag.py:538} INFO - Filling up the DagBag from /home/airflow/.local/lib/python3.7/site-packages/airflow/example_dags/example_python_operator.py
[2024-06-22T13:20:00.264+0000] {logging_mixin.py:137} INFO - [2024-06-22T13:20:00.264+0000] {taskmixin.py:205} WARNING - Dependency <Task(_PythonDecoratedOperator): print_the_context>, log_sql_query already registered for DAG: example_python_operator
[2024-06-22T13:20:00.265+0000] {logging_mixin.py:137} INFO - [2024-06-22T13:20:00.265+0000] {taskmixin.py:205} WARNING - Dependency <Task(_PythonDecoratedOperator): log_sql_query>, print_the_context already registered for DAG: example_python_operator
[2024-06-22T13:20:00.266+0000] {logging_mixin.py:137} INFO - [2024-06-22T13:20:00.266+0000] {taskmixin.py:205} WARNING - Dependency <Task(_PythonDecoratedOperator): print_the_context>, log_sql_query already registered for DAG: example_python_operator
[2024-06-22T13:20:00.267+0000] {logging_mixin.py:137} INFO - [2024-06-22T13:20:00.267+0000] {taskmixin.py:205} WARNING - Dependency <Task(_PythonDecoratedOperator): log_sql_query>, print_the_context already registered for DAG: example_python_operator
[2024-06-22T13:20:00.268+0000] {logging_mixin.py:137} INFO - [2024-06-22T13:20:00.268+0000] {taskmixin.py:205} WARNING - Dependency <Task(_PythonDecoratedOperator): print_the_context>, log_sql_query already registered for DAG: example_python_operator
[2024-06-22T13:20:00.269+0000] {logging_mixin.py:137} INFO - [2024-06-22T13:20:00.269+0000] {taskmixin.py:205} WARNING - Dependency <Task(_PythonDecoratedOperator): log_sql_query>, print_the_context already registered for DAG: example_python_operator
[2024-06-22T13:20:00.270+0000] {logging_mixin.py:137} INFO - [2024-06-22T13:20:00.270+0000] {taskmixin.py:205} WARNING - Dependency <Task(_PythonDecoratedOperator): print_the_context>, log_sql_query already registered for DAG: example_python_operator
[2024-06-22T13:20:00.270+0000] {logging_mixin.py:137} INFO - [2024-06-22T13:20:00.270+0000] {taskmixin.py:205} WARNING - Dependency <Task(_PythonDecoratedOperator): log_sql_query>, print_the_context already registered for DAG: example_python_operator
[2024-06-22T13:20:00.280+0000] {processor.py:753} INFO - DAG(s) dict_keys(['example_python_operator']) retrieved from /home/airflow/.local/lib/python3.7/site-packages/airflow/example_dags/example_python_operator.py
[2024-06-22T13:20:00.332+0000] {logging_mixin.py:137} INFO - [2024-06-22T13:20:00.331+0000] {dag.py:2676} INFO - Sync 1 DAGs
[2024-06-22T13:20:00.366+0000] {logging_mixin.py:137} INFO - [2024-06-22T13:20:00.366+0000] {dag.py:3427} INFO - Setting next_dagrun for example_python_operator to None, run_after=None
[2024-06-22T13:20:00.393+0000] {processor.py:175} INFO - Processing /home/airflow/.local/lib/python3.7/site-packages/airflow/example_dags/example_python_operator.py took 0.161 seconds
[2024-06-22T13:20:30.585+0000] {processor.py:153} INFO - Started process (PID=810) to work on /home/airflow/.local/lib/python3.7/site-packages/airflow/example_dags/example_python_operator.py
[2024-06-22T13:20:30.586+0000] {processor.py:743} INFO - Processing file /home/airflow/.local/lib/python3.7/site-packages/airflow/example_dags/example_python_operator.py for tasks to queue
[2024-06-22T13:20:30.587+0000] {logging_mixin.py:137} INFO - [2024-06-22T13:20:30.587+0000] {dagbag.py:538} INFO - Filling up the DagBag from /home/airflow/.local/lib/python3.7/site-packages/airflow/example_dags/example_python_operator.py
[2024-06-22T13:20:30.606+0000] {logging_mixin.py:137} INFO - [2024-06-22T13:20:30.606+0000] {taskmixin.py:205} WARNING - Dependency <Task(_PythonDecoratedOperator): print_the_context>, log_sql_query already registered for DAG: example_python_operator
[2024-06-22T13:20:30.607+0000] {logging_mixin.py:137} INFO - [2024-06-22T13:20:30.607+0000] {taskmixin.py:205} WARNING - Dependency <Task(_PythonDecoratedOperator): log_sql_query>, print_the_context already registered for DAG: example_python_operator
[2024-06-22T13:20:30.609+0000] {logging_mixin.py:137} INFO - [2024-06-22T13:20:30.609+0000] {taskmixin.py:205} WARNING - Dependency <Task(_PythonDecoratedOperator): print_the_context>, log_sql_query already registered for DAG: example_python_operator
[2024-06-22T13:20:30.610+0000] {logging_mixin.py:137} INFO - [2024-06-22T13:20:30.610+0000] {taskmixin.py:205} WARNING - Dependency <Task(_PythonDecoratedOperator): log_sql_query>, print_the_context already registered for DAG: example_python_operator
[2024-06-22T13:20:30.612+0000] {logging_mixin.py:137} INFO - [2024-06-22T13:20:30.612+0000] {taskmixin.py:205} WARNING - Dependency <Task(_PythonDecoratedOperator): print_the_context>, log_sql_query already registered for DAG: example_python_operator
[2024-06-22T13:20:30.612+0000] {logging_mixin.py:137} INFO - [2024-06-22T13:20:30.612+0000] {taskmixin.py:205} WARNING - Dependency <Task(_PythonDecoratedOperator): log_sql_query>, print_the_context already registered for DAG: example_python_operator
[2024-06-22T13:20:30.614+0000] {logging_mixin.py:137} INFO - [2024-06-22T13:20:30.613+0000] {taskmixin.py:205} WARNING - Dependency <Task(_PythonDecoratedOperator): print_the_context>, log_sql_query already registered for DAG: example_python_operator
[2024-06-22T13:20:30.614+0000] {logging_mixin.py:137} INFO - [2024-06-22T13:20:30.614+0000] {taskmixin.py:205} WARNING - Dependency <Task(_PythonDecoratedOperator): log_sql_query>, print_the_context already registered for DAG: example_python_operator
[2024-06-22T13:20:30.622+0000] {processor.py:753} INFO - DAG(s) dict_keys(['example_python_operator']) retrieved from /home/airflow/.local/lib/python3.7/site-packages/airflow/example_dags/example_python_operator.py
[2024-06-22T13:20:30.671+0000] {logging_mixin.py:137} INFO - [2024-06-22T13:20:30.671+0000] {dag.py:2676} INFO - Sync 1 DAGs
[2024-06-22T13:20:30.699+0000] {logging_mixin.py:137} INFO - [2024-06-22T13:20:30.699+0000] {dag.py:3427} INFO - Setting next_dagrun for example_python_operator to None, run_after=None
[2024-06-22T13:20:30.726+0000] {processor.py:175} INFO - Processing /home/airflow/.local/lib/python3.7/site-packages/airflow/example_dags/example_python_operator.py took 0.145 seconds
[2024-06-22T13:21:01.024+0000] {processor.py:153} INFO - Started process (PID=852) to work on /home/airflow/.local/lib/python3.7/site-packages/airflow/example_dags/example_python_operator.py
[2024-06-22T13:21:01.026+0000] {processor.py:743} INFO - Processing file /home/airflow/.local/lib/python3.7/site-packages/airflow/example_dags/example_python_operator.py for tasks to queue
[2024-06-22T13:21:01.027+0000] {logging_mixin.py:137} INFO - [2024-06-22T13:21:01.027+0000] {dagbag.py:538} INFO - Filling up the DagBag from /home/airflow/.local/lib/python3.7/site-packages/airflow/example_dags/example_python_operator.py
[2024-06-22T13:21:01.051+0000] {logging_mixin.py:137} INFO - [2024-06-22T13:21:01.051+0000] {taskmixin.py:205} WARNING - Dependency <Task(_PythonDecoratedOperator): print_the_context>, log_sql_query already registered for DAG: example_python_operator
[2024-06-22T13:21:01.052+0000] {logging_mixin.py:137} INFO - [2024-06-22T13:21:01.052+0000] {taskmixin.py:205} WARNING - Dependency <Task(_PythonDecoratedOperator): log_sql_query>, print_the_context already registered for DAG: example_python_operator
[2024-06-22T13:21:01.053+0000] {logging_mixin.py:137} INFO - [2024-06-22T13:21:01.053+0000] {taskmixin.py:205} WARNING - Dependency <Task(_PythonDecoratedOperator): print_the_context>, log_sql_query already registered for DAG: example_python_operator
[2024-06-22T13:21:01.054+0000] {logging_mixin.py:137} INFO - [2024-06-22T13:21:01.054+0000] {taskmixin.py:205} WARNING - Dependency <Task(_PythonDecoratedOperator): log_sql_query>, print_the_context already registered for DAG: example_python_operator
[2024-06-22T13:21:01.055+0000] {logging_mixin.py:137} INFO - [2024-06-22T13:21:01.055+0000] {taskmixin.py:205} WARNING - Dependency <Task(_PythonDecoratedOperator): print_the_context>, log_sql_query already registered for DAG: example_python_operator
[2024-06-22T13:21:01.056+0000] {logging_mixin.py:137} INFO - [2024-06-22T13:21:01.055+0000] {taskmixin.py:205} WARNING - Dependency <Task(_PythonDecoratedOperator): log_sql_query>, print_the_context already registered for DAG: example_python_operator
[2024-06-22T13:21:01.057+0000] {logging_mixin.py:137} INFO - [2024-06-22T13:21:01.057+0000] {taskmixin.py:205} WARNING - Dependency <Task(_PythonDecoratedOperator): print_the_context>, log_sql_query already registered for DAG: example_python_operator
[2024-06-22T13:21:01.057+0000] {logging_mixin.py:137} INFO - [2024-06-22T13:21:01.057+0000] {taskmixin.py:205} WARNING - Dependency <Task(_PythonDecoratedOperator): log_sql_query>, print_the_context already registered for DAG: example_python_operator
[2024-06-22T13:21:01.067+0000] {processor.py:753} INFO - DAG(s) dict_keys(['example_python_operator']) retrieved from /home/airflow/.local/lib/python3.7/site-packages/airflow/example_dags/example_python_operator.py
[2024-06-22T13:21:01.126+0000] {logging_mixin.py:137} INFO - [2024-06-22T13:21:01.126+0000] {dag.py:2676} INFO - Sync 1 DAGs
[2024-06-22T13:21:01.161+0000] {logging_mixin.py:137} INFO - [2024-06-22T13:21:01.160+0000] {dag.py:3427} INFO - Setting next_dagrun for example_python_operator to None, run_after=None
[2024-06-22T13:21:01.205+0000] {processor.py:175} INFO - Processing /home/airflow/.local/lib/python3.7/site-packages/airflow/example_dags/example_python_operator.py took 0.185 seconds
[2024-06-22T13:21:31.580+0000] {processor.py:153} INFO - Started process (PID=894) to work on /home/airflow/.local/lib/python3.7/site-packages/airflow/example_dags/example_python_operator.py
[2024-06-22T13:21:31.581+0000] {processor.py:743} INFO - Processing file /home/airflow/.local/lib/python3.7/site-packages/airflow/example_dags/example_python_operator.py for tasks to queue
[2024-06-22T13:21:31.582+0000] {logging_mixin.py:137} INFO - [2024-06-22T13:21:31.582+0000] {dagbag.py:538} INFO - Filling up the DagBag from /home/airflow/.local/lib/python3.7/site-packages/airflow/example_dags/example_python_operator.py
[2024-06-22T13:21:31.600+0000] {logging_mixin.py:137} INFO - [2024-06-22T13:21:31.600+0000] {taskmixin.py:205} WARNING - Dependency <Task(_PythonDecoratedOperator): print_the_context>, log_sql_query already registered for DAG: example_python_operator
[2024-06-22T13:21:31.601+0000] {logging_mixin.py:137} INFO - [2024-06-22T13:21:31.601+0000] {taskmixin.py:205} WARNING - Dependency <Task(_PythonDecoratedOperator): log_sql_query>, print_the_context already registered for DAG: example_python_operator
[2024-06-22T13:21:31.602+0000] {logging_mixin.py:137} INFO - [2024-06-22T13:21:31.602+0000] {taskmixin.py:205} WARNING - Dependency <Task(_PythonDecoratedOperator): print_the_context>, log_sql_query already registered for DAG: example_python_operator
[2024-06-22T13:21:31.603+0000] {logging_mixin.py:137} INFO - [2024-06-22T13:21:31.603+0000] {taskmixin.py:205} WARNING - Dependency <Task(_PythonDecoratedOperator): log_sql_query>, print_the_context already registered for DAG: example_python_operator
[2024-06-22T13:21:31.604+0000] {logging_mixin.py:137} INFO - [2024-06-22T13:21:31.604+0000] {taskmixin.py:205} WARNING - Dependency <Task(_PythonDecoratedOperator): print_the_context>, log_sql_query already registered for DAG: example_python_operator
[2024-06-22T13:21:31.604+0000] {logging_mixin.py:137} INFO - [2024-06-22T13:21:31.604+0000] {taskmixin.py:205} WARNING - Dependency <Task(_PythonDecoratedOperator): log_sql_query>, print_the_context already registered for DAG: example_python_operator
[2024-06-22T13:21:31.605+0000] {logging_mixin.py:137} INFO - [2024-06-22T13:21:31.605+0000] {taskmixin.py:205} WARNING - Dependency <Task(_PythonDecoratedOperator): print_the_context>, log_sql_query already registered for DAG: example_python_operator
[2024-06-22T13:21:31.606+0000] {logging_mixin.py:137} INFO - [2024-06-22T13:21:31.606+0000] {taskmixin.py:205} WARNING - Dependency <Task(_PythonDecoratedOperator): log_sql_query>, print_the_context already registered for DAG: example_python_operator
[2024-06-22T13:21:31.612+0000] {processor.py:753} INFO - DAG(s) dict_keys(['example_python_operator']) retrieved from /home/airflow/.local/lib/python3.7/site-packages/airflow/example_dags/example_python_operator.py
[2024-06-22T13:21:31.659+0000] {logging_mixin.py:137} INFO - [2024-06-22T13:21:31.658+0000] {dag.py:2676} INFO - Sync 1 DAGs
[2024-06-22T13:21:31.686+0000] {logging_mixin.py:137} INFO - [2024-06-22T13:21:31.686+0000] {dag.py:3427} INFO - Setting next_dagrun for example_python_operator to None, run_after=None
[2024-06-22T13:21:31.710+0000] {processor.py:175} INFO - Processing /home/airflow/.local/lib/python3.7/site-packages/airflow/example_dags/example_python_operator.py took 0.133 seconds
[2024-06-22T13:22:02.117+0000] {processor.py:153} INFO - Started process (PID=936) to work on /home/airflow/.local/lib/python3.7/site-packages/airflow/example_dags/example_python_operator.py
[2024-06-22T13:22:02.119+0000] {processor.py:743} INFO - Processing file /home/airflow/.local/lib/python3.7/site-packages/airflow/example_dags/example_python_operator.py for tasks to queue
[2024-06-22T13:22:02.120+0000] {logging_mixin.py:137} INFO - [2024-06-22T13:22:02.120+0000] {dagbag.py:538} INFO - Filling up the DagBag from /home/airflow/.local/lib/python3.7/site-packages/airflow/example_dags/example_python_operator.py
[2024-06-22T13:22:02.137+0000] {logging_mixin.py:137} INFO - [2024-06-22T13:22:02.136+0000] {taskmixin.py:205} WARNING - Dependency <Task(_PythonDecoratedOperator): print_the_context>, log_sql_query already registered for DAG: example_python_operator
[2024-06-22T13:22:02.137+0000] {logging_mixin.py:137} INFO - [2024-06-22T13:22:02.137+0000] {taskmixin.py:205} WARNING - Dependency <Task(_PythonDecoratedOperator): log_sql_query>, print_the_context already registered for DAG: example_python_operator
[2024-06-22T13:22:02.138+0000] {logging_mixin.py:137} INFO - [2024-06-22T13:22:02.138+0000] {taskmixin.py:205} WARNING - Dependency <Task(_PythonDecoratedOperator): print_the_context>, log_sql_query already registered for DAG: example_python_operator
[2024-06-22T13:22:02.139+0000] {logging_mixin.py:137} INFO - [2024-06-22T13:22:02.139+0000] {taskmixin.py:205} WARNING - Dependency <Task(_PythonDecoratedOperator): log_sql_query>, print_the_context already registered for DAG: example_python_operator
[2024-06-22T13:22:02.140+0000] {logging_mixin.py:137} INFO - [2024-06-22T13:22:02.140+0000] {taskmixin.py:205} WARNING - Dependency <Task(_PythonDecoratedOperator): print_the_context>, log_sql_query already registered for DAG: example_python_operator
[2024-06-22T13:22:02.141+0000] {logging_mixin.py:137} INFO - [2024-06-22T13:22:02.141+0000] {taskmixin.py:205} WARNING - Dependency <Task(_PythonDecoratedOperator): log_sql_query>, print_the_context already registered for DAG: example_python_operator
[2024-06-22T13:22:02.141+0000] {logging_mixin.py:137} INFO - [2024-06-22T13:22:02.141+0000] {taskmixin.py:205} WARNING - Dependency <Task(_PythonDecoratedOperator): print_the_context>, log_sql_query already registered for DAG: example_python_operator
[2024-06-22T13:22:02.142+0000] {logging_mixin.py:137} INFO - [2024-06-22T13:22:02.142+0000] {taskmixin.py:205} WARNING - Dependency <Task(_PythonDecoratedOperator): log_sql_query>, print_the_context already registered for DAG: example_python_operator
[2024-06-22T13:22:02.148+0000] {processor.py:753} INFO - DAG(s) dict_keys(['example_python_operator']) retrieved from /home/airflow/.local/lib/python3.7/site-packages/airflow/example_dags/example_python_operator.py
[2024-06-22T13:22:02.196+0000] {logging_mixin.py:137} INFO - [2024-06-22T13:22:02.195+0000] {dag.py:2676} INFO - Sync 1 DAGs
[2024-06-22T13:22:02.221+0000] {logging_mixin.py:137} INFO - [2024-06-22T13:22:02.221+0000] {dag.py:3427} INFO - Setting next_dagrun for example_python_operator to None, run_after=None
[2024-06-22T13:22:02.246+0000] {processor.py:175} INFO - Processing /home/airflow/.local/lib/python3.7/site-packages/airflow/example_dags/example_python_operator.py took 0.132 seconds
[2024-06-22T13:22:33.171+0000] {processor.py:153} INFO - Started process (PID=978) to work on /home/airflow/.local/lib/python3.7/site-packages/airflow/example_dags/example_python_operator.py
[2024-06-22T13:22:33.172+0000] {processor.py:743} INFO - Processing file /home/airflow/.local/lib/python3.7/site-packages/airflow/example_dags/example_python_operator.py for tasks to queue
[2024-06-22T13:22:33.173+0000] {logging_mixin.py:137} INFO - [2024-06-22T13:22:33.173+0000] {dagbag.py:538} INFO - Filling up the DagBag from /home/airflow/.local/lib/python3.7/site-packages/airflow/example_dags/example_python_operator.py
[2024-06-22T13:22:33.191+0000] {logging_mixin.py:137} INFO - [2024-06-22T13:22:33.190+0000] {taskmixin.py:205} WARNING - Dependency <Task(_PythonDecoratedOperator): print_the_context>, log_sql_query already registered for DAG: example_python_operator
[2024-06-22T13:22:33.191+0000] {logging_mixin.py:137} INFO - [2024-06-22T13:22:33.191+0000] {taskmixin.py:205} WARNING - Dependency <Task(_PythonDecoratedOperator): log_sql_query>, print_the_context already registered for DAG: example_python_operator
[2024-06-22T13:22:33.193+0000] {logging_mixin.py:137} INFO - [2024-06-22T13:22:33.192+0000] {taskmixin.py:205} WARNING - Dependency <Task(_PythonDecoratedOperator): print_the_context>, log_sql_query already registered for DAG: example_python_operator
[2024-06-22T13:22:33.193+0000] {logging_mixin.py:137} INFO - [2024-06-22T13:22:33.193+0000] {taskmixin.py:205} WARNING - Dependency <Task(_PythonDecoratedOperator): log_sql_query>, print_the_context already registered for DAG: example_python_operator
[2024-06-22T13:22:33.194+0000] {logging_mixin.py:137} INFO - [2024-06-22T13:22:33.194+0000] {taskmixin.py:205} WARNING - Dependency <Task(_PythonDecoratedOperator): print_the_context>, log_sql_query already registered for DAG: example_python_operator
[2024-06-22T13:22:33.195+0000] {logging_mixin.py:137} INFO - [2024-06-22T13:22:33.195+0000] {taskmixin.py:205} WARNING - Dependency <Task(_PythonDecoratedOperator): log_sql_query>, print_the_context already registered for DAG: example_python_operator
[2024-06-22T13:22:33.196+0000] {logging_mixin.py:137} INFO - [2024-06-22T13:22:33.196+0000] {taskmixin.py:205} WARNING - Dependency <Task(_PythonDecoratedOperator): print_the_context>, log_sql_query already registered for DAG: example_python_operator
[2024-06-22T13:22:33.196+0000] {logging_mixin.py:137} INFO - [2024-06-22T13:22:33.196+0000] {taskmixin.py:205} WARNING - Dependency <Task(_PythonDecoratedOperator): log_sql_query>, print_the_context already registered for DAG: example_python_operator
[2024-06-22T13:22:33.203+0000] {processor.py:753} INFO - DAG(s) dict_keys(['example_python_operator']) retrieved from /home/airflow/.local/lib/python3.7/site-packages/airflow/example_dags/example_python_operator.py
[2024-06-22T13:22:33.248+0000] {logging_mixin.py:137} INFO - [2024-06-22T13:22:33.248+0000] {dag.py:2676} INFO - Sync 1 DAGs
[2024-06-22T13:22:33.272+0000] {logging_mixin.py:137} INFO - [2024-06-22T13:22:33.272+0000] {dag.py:3427} INFO - Setting next_dagrun for example_python_operator to None, run_after=None
[2024-06-22T13:22:33.299+0000] {processor.py:175} INFO - Processing /home/airflow/.local/lib/python3.7/site-packages/airflow/example_dags/example_python_operator.py took 0.131 seconds
[2024-06-22T13:23:03.508+0000] {processor.py:153} INFO - Started process (PID=1020) to work on /home/airflow/.local/lib/python3.7/site-packages/airflow/example_dags/example_python_operator.py
[2024-06-22T13:23:03.510+0000] {processor.py:743} INFO - Processing file /home/airflow/.local/lib/python3.7/site-packages/airflow/example_dags/example_python_operator.py for tasks to queue
[2024-06-22T13:23:03.511+0000] {logging_mixin.py:137} INFO - [2024-06-22T13:23:03.510+0000] {dagbag.py:538} INFO - Filling up the DagBag from /home/airflow/.local/lib/python3.7/site-packages/airflow/example_dags/example_python_operator.py
[2024-06-22T13:23:03.526+0000] {logging_mixin.py:137} INFO - [2024-06-22T13:23:03.526+0000] {taskmixin.py:205} WARNING - Dependency <Task(_PythonDecoratedOperator): print_the_context>, log_sql_query already registered for DAG: example_python_operator
[2024-06-22T13:23:03.527+0000] {logging_mixin.py:137} INFO - [2024-06-22T13:23:03.527+0000] {taskmixin.py:205} WARNING - Dependency <Task(_PythonDecoratedOperator): log_sql_query>, print_the_context already registered for DAG: example_python_operator
[2024-06-22T13:23:03.529+0000] {logging_mixin.py:137} INFO - [2024-06-22T13:23:03.528+0000] {taskmixin.py:205} WARNING - Dependency <Task(_PythonDecoratedOperator): print_the_context>, log_sql_query already registered for DAG: example_python_operator
[2024-06-22T13:23:03.529+0000] {logging_mixin.py:137} INFO - [2024-06-22T13:23:03.529+0000] {taskmixin.py:205} WARNING - Dependency <Task(_PythonDecoratedOperator): log_sql_query>, print_the_context already registered for DAG: example_python_operator
[2024-06-22T13:23:03.530+0000] {logging_mixin.py:137} INFO - [2024-06-22T13:23:03.530+0000] {taskmixin.py:205} WARNING - Dependency <Task(_PythonDecoratedOperator): print_the_context>, log_sql_query already registered for DAG: example_python_operator
[2024-06-22T13:23:03.531+0000] {logging_mixin.py:137} INFO - [2024-06-22T13:23:03.531+0000] {taskmixin.py:205} WARNING - Dependency <Task(_PythonDecoratedOperator): log_sql_query>, print_the_context already registered for DAG: example_python_operator
[2024-06-22T13:23:03.532+0000] {logging_mixin.py:137} INFO - [2024-06-22T13:23:03.532+0000] {taskmixin.py:205} WARNING - Dependency <Task(_PythonDecoratedOperator): print_the_context>, log_sql_query already registered for DAG: example_python_operator
[2024-06-22T13:23:03.533+0000] {logging_mixin.py:137} INFO - [2024-06-22T13:23:03.533+0000] {taskmixin.py:205} WARNING - Dependency <Task(_PythonDecoratedOperator): log_sql_query>, print_the_context already registered for DAG: example_python_operator
[2024-06-22T13:23:03.538+0000] {processor.py:753} INFO - DAG(s) dict_keys(['example_python_operator']) retrieved from /home/airflow/.local/lib/python3.7/site-packages/airflow/example_dags/example_python_operator.py
[2024-06-22T13:23:03.576+0000] {logging_mixin.py:137} INFO - [2024-06-22T13:23:03.575+0000] {dag.py:2676} INFO - Sync 1 DAGs
[2024-06-22T13:23:03.601+0000] {logging_mixin.py:137} INFO - [2024-06-22T13:23:03.601+0000] {dag.py:3427} INFO - Setting next_dagrun for example_python_operator to None, run_after=None
[2024-06-22T13:23:03.629+0000] {processor.py:175} INFO - Processing /home/airflow/.local/lib/python3.7/site-packages/airflow/example_dags/example_python_operator.py took 0.123 seconds
[2024-06-22T13:23:33.792+0000] {processor.py:153} INFO - Started process (PID=1062) to work on /home/airflow/.local/lib/python3.7/site-packages/airflow/example_dags/example_python_operator.py
[2024-06-22T13:23:33.794+0000] {processor.py:743} INFO - Processing file /home/airflow/.local/lib/python3.7/site-packages/airflow/example_dags/example_python_operator.py for tasks to queue
[2024-06-22T13:23:33.795+0000] {logging_mixin.py:137} INFO - [2024-06-22T13:23:33.795+0000] {dagbag.py:538} INFO - Filling up the DagBag from /home/airflow/.local/lib/python3.7/site-packages/airflow/example_dags/example_python_operator.py
[2024-06-22T13:23:33.815+0000] {logging_mixin.py:137} INFO - [2024-06-22T13:23:33.815+0000] {taskmixin.py:205} WARNING - Dependency <Task(_PythonDecoratedOperator): print_the_context>, log_sql_query already registered for DAG: example_python_operator
[2024-06-22T13:23:33.816+0000] {logging_mixin.py:137} INFO - [2024-06-22T13:23:33.816+0000] {taskmixin.py:205} WARNING - Dependency <Task(_PythonDecoratedOperator): log_sql_query>, print_the_context already registered for DAG: example_python_operator
[2024-06-22T13:23:33.817+0000] {logging_mixin.py:137} INFO - [2024-06-22T13:23:33.817+0000] {taskmixin.py:205} WARNING - Dependency <Task(_PythonDecoratedOperator): print_the_context>, log_sql_query already registered for DAG: example_python_operator
[2024-06-22T13:23:33.817+0000] {logging_mixin.py:137} INFO - [2024-06-22T13:23:33.817+0000] {taskmixin.py:205} WARNING - Dependency <Task(_PythonDecoratedOperator): log_sql_query>, print_the_context already registered for DAG: example_python_operator
[2024-06-22T13:23:33.818+0000] {logging_mixin.py:137} INFO - [2024-06-22T13:23:33.818+0000] {taskmixin.py:205} WARNING - Dependency <Task(_PythonDecoratedOperator): print_the_context>, log_sql_query already registered for DAG: example_python_operator
[2024-06-22T13:23:33.819+0000] {logging_mixin.py:137} INFO - [2024-06-22T13:23:33.819+0000] {taskmixin.py:205} WARNING - Dependency <Task(_PythonDecoratedOperator): log_sql_query>, print_the_context already registered for DAG: example_python_operator
[2024-06-22T13:23:33.820+0000] {logging_mixin.py:137} INFO - [2024-06-22T13:23:33.820+0000] {taskmixin.py:205} WARNING - Dependency <Task(_PythonDecoratedOperator): print_the_context>, log_sql_query already registered for DAG: example_python_operator
[2024-06-22T13:23:33.820+0000] {logging_mixin.py:137} INFO - [2024-06-22T13:23:33.820+0000] {taskmixin.py:205} WARNING - Dependency <Task(_PythonDecoratedOperator): log_sql_query>, print_the_context already registered for DAG: example_python_operator
[2024-06-22T13:23:33.825+0000] {processor.py:753} INFO - DAG(s) dict_keys(['example_python_operator']) retrieved from /home/airflow/.local/lib/python3.7/site-packages/airflow/example_dags/example_python_operator.py
[2024-06-22T13:23:33.863+0000] {logging_mixin.py:137} INFO - [2024-06-22T13:23:33.863+0000] {dag.py:2676} INFO - Sync 1 DAGs
[2024-06-22T13:23:33.886+0000] {logging_mixin.py:137} INFO - [2024-06-22T13:23:33.885+0000] {dag.py:3427} INFO - Setting next_dagrun for example_python_operator to None, run_after=None
[2024-06-22T13:23:33.909+0000] {processor.py:175} INFO - Processing /home/airflow/.local/lib/python3.7/site-packages/airflow/example_dags/example_python_operator.py took 0.120 seconds
[2024-06-22T13:24:04.467+0000] {processor.py:153} INFO - Started process (PID=1104) to work on /home/airflow/.local/lib/python3.7/site-packages/airflow/example_dags/example_python_operator.py
[2024-06-22T13:24:04.468+0000] {processor.py:743} INFO - Processing file /home/airflow/.local/lib/python3.7/site-packages/airflow/example_dags/example_python_operator.py for tasks to queue
[2024-06-22T13:24:04.469+0000] {logging_mixin.py:137} INFO - [2024-06-22T13:24:04.469+0000] {dagbag.py:538} INFO - Filling up the DagBag from /home/airflow/.local/lib/python3.7/site-packages/airflow/example_dags/example_python_operator.py
[2024-06-22T13:24:04.487+0000] {logging_mixin.py:137} INFO - [2024-06-22T13:24:04.486+0000] {taskmixin.py:205} WARNING - Dependency <Task(_PythonDecoratedOperator): print_the_context>, log_sql_query already registered for DAG: example_python_operator
[2024-06-22T13:24:04.487+0000] {logging_mixin.py:137} INFO - [2024-06-22T13:24:04.487+0000] {taskmixin.py:205} WARNING - Dependency <Task(_PythonDecoratedOperator): log_sql_query>, print_the_context already registered for DAG: example_python_operator
[2024-06-22T13:24:04.489+0000] {logging_mixin.py:137} INFO - [2024-06-22T13:24:04.488+0000] {taskmixin.py:205} WARNING - Dependency <Task(_PythonDecoratedOperator): print_the_context>, log_sql_query already registered for DAG: example_python_operator
[2024-06-22T13:24:04.489+0000] {logging_mixin.py:137} INFO - [2024-06-22T13:24:04.489+0000] {taskmixin.py:205} WARNING - Dependency <Task(_PythonDecoratedOperator): log_sql_query>, print_the_context already registered for DAG: example_python_operator
[2024-06-22T13:24:04.490+0000] {logging_mixin.py:137} INFO - [2024-06-22T13:24:04.490+0000] {taskmixin.py:205} WARNING - Dependency <Task(_PythonDecoratedOperator): print_the_context>, log_sql_query already registered for DAG: example_python_operator
[2024-06-22T13:24:04.491+0000] {logging_mixin.py:137} INFO - [2024-06-22T13:24:04.491+0000] {taskmixin.py:205} WARNING - Dependency <Task(_PythonDecoratedOperator): log_sql_query>, print_the_context already registered for DAG: example_python_operator
[2024-06-22T13:24:04.492+0000] {logging_mixin.py:137} INFO - [2024-06-22T13:24:04.492+0000] {taskmixin.py:205} WARNING - Dependency <Task(_PythonDecoratedOperator): print_the_context>, log_sql_query already registered for DAG: example_python_operator
[2024-06-22T13:24:04.493+0000] {logging_mixin.py:137} INFO - [2024-06-22T13:24:04.493+0000] {taskmixin.py:205} WARNING - Dependency <Task(_PythonDecoratedOperator): log_sql_query>, print_the_context already registered for DAG: example_python_operator
[2024-06-22T13:24:04.502+0000] {processor.py:753} INFO - DAG(s) dict_keys(['example_python_operator']) retrieved from /home/airflow/.local/lib/python3.7/site-packages/airflow/example_dags/example_python_operator.py
[2024-06-22T13:24:04.542+0000] {logging_mixin.py:137} INFO - [2024-06-22T13:24:04.542+0000] {dag.py:2676} INFO - Sync 1 DAGs
[2024-06-22T13:24:04.568+0000] {logging_mixin.py:137} INFO - [2024-06-22T13:24:04.567+0000] {dag.py:3427} INFO - Setting next_dagrun for example_python_operator to None, run_after=None
[2024-06-22T13:24:04.591+0000] {processor.py:175} INFO - Processing /home/airflow/.local/lib/python3.7/site-packages/airflow/example_dags/example_python_operator.py took 0.127 seconds
[2024-06-22T13:24:34.775+0000] {processor.py:153} INFO - Started process (PID=1143) to work on /home/airflow/.local/lib/python3.7/site-packages/airflow/example_dags/example_python_operator.py
[2024-06-22T13:24:34.776+0000] {processor.py:743} INFO - Processing file /home/airflow/.local/lib/python3.7/site-packages/airflow/example_dags/example_python_operator.py for tasks to queue
[2024-06-22T13:24:34.777+0000] {logging_mixin.py:137} INFO - [2024-06-22T13:24:34.777+0000] {dagbag.py:538} INFO - Filling up the DagBag from /home/airflow/.local/lib/python3.7/site-packages/airflow/example_dags/example_python_operator.py
[2024-06-22T13:24:34.797+0000] {logging_mixin.py:137} INFO - [2024-06-22T13:24:34.797+0000] {taskmixin.py:205} WARNING - Dependency <Task(_PythonDecoratedOperator): print_the_context>, log_sql_query already registered for DAG: example_python_operator
[2024-06-22T13:24:34.798+0000] {logging_mixin.py:137} INFO - [2024-06-22T13:24:34.798+0000] {taskmixin.py:205} WARNING - Dependency <Task(_PythonDecoratedOperator): log_sql_query>, print_the_context already registered for DAG: example_python_operator
[2024-06-22T13:24:34.799+0000] {logging_mixin.py:137} INFO - [2024-06-22T13:24:34.799+0000] {taskmixin.py:205} WARNING - Dependency <Task(_PythonDecoratedOperator): print_the_context>, log_sql_query already registered for DAG: example_python_operator
[2024-06-22T13:24:34.800+0000] {logging_mixin.py:137} INFO - [2024-06-22T13:24:34.800+0000] {taskmixin.py:205} WARNING - Dependency <Task(_PythonDecoratedOperator): log_sql_query>, print_the_context already registered for DAG: example_python_operator
[2024-06-22T13:24:34.801+0000] {logging_mixin.py:137} INFO - [2024-06-22T13:24:34.801+0000] {taskmixin.py:205} WARNING - Dependency <Task(_PythonDecoratedOperator): print_the_context>, log_sql_query already registered for DAG: example_python_operator
[2024-06-22T13:24:34.802+0000] {logging_mixin.py:137} INFO - [2024-06-22T13:24:34.802+0000] {taskmixin.py:205} WARNING - Dependency <Task(_PythonDecoratedOperator): log_sql_query>, print_the_context already registered for DAG: example_python_operator
[2024-06-22T13:24:34.803+0000] {logging_mixin.py:137} INFO - [2024-06-22T13:24:34.803+0000] {taskmixin.py:205} WARNING - Dependency <Task(_PythonDecoratedOperator): print_the_context>, log_sql_query already registered for DAG: example_python_operator
[2024-06-22T13:24:34.804+0000] {logging_mixin.py:137} INFO - [2024-06-22T13:24:34.804+0000] {taskmixin.py:205} WARNING - Dependency <Task(_PythonDecoratedOperator): log_sql_query>, print_the_context already registered for DAG: example_python_operator
[2024-06-22T13:24:34.812+0000] {processor.py:753} INFO - DAG(s) dict_keys(['example_python_operator']) retrieved from /home/airflow/.local/lib/python3.7/site-packages/airflow/example_dags/example_python_operator.py
[2024-06-22T13:24:34.859+0000] {logging_mixin.py:137} INFO - [2024-06-22T13:24:34.859+0000] {dag.py:2676} INFO - Sync 1 DAGs
[2024-06-22T13:24:34.888+0000] {logging_mixin.py:137} INFO - [2024-06-22T13:24:34.888+0000] {dag.py:3427} INFO - Setting next_dagrun for example_python_operator to None, run_after=None
[2024-06-22T13:24:34.925+0000] {processor.py:175} INFO - Processing /home/airflow/.local/lib/python3.7/site-packages/airflow/example_dags/example_python_operator.py took 0.154 seconds
[2024-06-22T13:25:05.051+0000] {processor.py:153} INFO - Started process (PID=1182) to work on /home/airflow/.local/lib/python3.7/site-packages/airflow/example_dags/example_python_operator.py
[2024-06-22T13:25:05.053+0000] {processor.py:743} INFO - Processing file /home/airflow/.local/lib/python3.7/site-packages/airflow/example_dags/example_python_operator.py for tasks to queue
[2024-06-22T13:25:05.054+0000] {logging_mixin.py:137} INFO - [2024-06-22T13:25:05.054+0000] {dagbag.py:538} INFO - Filling up the DagBag from /home/airflow/.local/lib/python3.7/site-packages/airflow/example_dags/example_python_operator.py
[2024-06-22T13:25:05.074+0000] {logging_mixin.py:137} INFO - [2024-06-22T13:25:05.073+0000] {taskmixin.py:205} WARNING - Dependency <Task(_PythonDecoratedOperator): print_the_context>, log_sql_query already registered for DAG: example_python_operator
[2024-06-22T13:25:05.074+0000] {logging_mixin.py:137} INFO - [2024-06-22T13:25:05.074+0000] {taskmixin.py:205} WARNING - Dependency <Task(_PythonDecoratedOperator): log_sql_query>, print_the_context already registered for DAG: example_python_operator
[2024-06-22T13:25:05.075+0000] {logging_mixin.py:137} INFO - [2024-06-22T13:25:05.075+0000] {taskmixin.py:205} WARNING - Dependency <Task(_PythonDecoratedOperator): print_the_context>, log_sql_query already registered for DAG: example_python_operator
[2024-06-22T13:25:05.076+0000] {logging_mixin.py:137} INFO - [2024-06-22T13:25:05.076+0000] {taskmixin.py:205} WARNING - Dependency <Task(_PythonDecoratedOperator): log_sql_query>, print_the_context already registered for DAG: example_python_operator
[2024-06-22T13:25:05.077+0000] {logging_mixin.py:137} INFO - [2024-06-22T13:25:05.077+0000] {taskmixin.py:205} WARNING - Dependency <Task(_PythonDecoratedOperator): print_the_context>, log_sql_query already registered for DAG: example_python_operator
[2024-06-22T13:25:05.078+0000] {logging_mixin.py:137} INFO - [2024-06-22T13:25:05.077+0000] {taskmixin.py:205} WARNING - Dependency <Task(_PythonDecoratedOperator): log_sql_query>, print_the_context already registered for DAG: example_python_operator
[2024-06-22T13:25:05.079+0000] {logging_mixin.py:137} INFO - [2024-06-22T13:25:05.079+0000] {taskmixin.py:205} WARNING - Dependency <Task(_PythonDecoratedOperator): print_the_context>, log_sql_query already registered for DAG: example_python_operator
[2024-06-22T13:25:05.079+0000] {logging_mixin.py:137} INFO - [2024-06-22T13:25:05.079+0000] {taskmixin.py:205} WARNING - Dependency <Task(_PythonDecoratedOperator): log_sql_query>, print_the_context already registered for DAG: example_python_operator
[2024-06-22T13:25:05.088+0000] {processor.py:753} INFO - DAG(s) dict_keys(['example_python_operator']) retrieved from /home/airflow/.local/lib/python3.7/site-packages/airflow/example_dags/example_python_operator.py
[2024-06-22T13:25:05.128+0000] {logging_mixin.py:137} INFO - [2024-06-22T13:25:05.128+0000] {dag.py:2676} INFO - Sync 1 DAGs
[2024-06-22T13:25:05.155+0000] {logging_mixin.py:137} INFO - [2024-06-22T13:25:05.155+0000] {dag.py:3427} INFO - Setting next_dagrun for example_python_operator to None, run_after=None
[2024-06-22T13:25:05.178+0000] {processor.py:175} INFO - Processing /home/airflow/.local/lib/python3.7/site-packages/airflow/example_dags/example_python_operator.py took 0.130 seconds
[2024-06-22T13:25:35.516+0000] {processor.py:153} INFO - Started process (PID=1221) to work on /home/airflow/.local/lib/python3.7/site-packages/airflow/example_dags/example_python_operator.py
[2024-06-22T13:25:35.518+0000] {processor.py:743} INFO - Processing file /home/airflow/.local/lib/python3.7/site-packages/airflow/example_dags/example_python_operator.py for tasks to queue
[2024-06-22T13:25:35.519+0000] {logging_mixin.py:137} INFO - [2024-06-22T13:25:35.518+0000] {dagbag.py:538} INFO - Filling up the DagBag from /home/airflow/.local/lib/python3.7/site-packages/airflow/example_dags/example_python_operator.py
[2024-06-22T13:25:35.540+0000] {logging_mixin.py:137} INFO - [2024-06-22T13:25:35.539+0000] {taskmixin.py:205} WARNING - Dependency <Task(_PythonDecoratedOperator): print_the_context>, log_sql_query already registered for DAG: example_python_operator
[2024-06-22T13:25:35.540+0000] {logging_mixin.py:137} INFO - [2024-06-22T13:25:35.540+0000] {taskmixin.py:205} WARNING - Dependency <Task(_PythonDecoratedOperator): log_sql_query>, print_the_context already registered for DAG: example_python_operator
[2024-06-22T13:25:35.542+0000] {logging_mixin.py:137} INFO - [2024-06-22T13:25:35.541+0000] {taskmixin.py:205} WARNING - Dependency <Task(_PythonDecoratedOperator): print_the_context>, log_sql_query already registered for DAG: example_python_operator
[2024-06-22T13:25:35.542+0000] {logging_mixin.py:137} INFO - [2024-06-22T13:25:35.542+0000] {taskmixin.py:205} WARNING - Dependency <Task(_PythonDecoratedOperator): log_sql_query>, print_the_context already registered for DAG: example_python_operator
[2024-06-22T13:25:35.543+0000] {logging_mixin.py:137} INFO - [2024-06-22T13:25:35.543+0000] {taskmixin.py:205} WARNING - Dependency <Task(_PythonDecoratedOperator): print_the_context>, log_sql_query already registered for DAG: example_python_operator
[2024-06-22T13:25:35.544+0000] {logging_mixin.py:137} INFO - [2024-06-22T13:25:35.544+0000] {taskmixin.py:205} WARNING - Dependency <Task(_PythonDecoratedOperator): log_sql_query>, print_the_context already registered for DAG: example_python_operator
[2024-06-22T13:25:35.545+0000] {logging_mixin.py:137} INFO - [2024-06-22T13:25:35.545+0000] {taskmixin.py:205} WARNING - Dependency <Task(_PythonDecoratedOperator): print_the_context>, log_sql_query already registered for DAG: example_python_operator
[2024-06-22T13:25:35.546+0000] {logging_mixin.py:137} INFO - [2024-06-22T13:25:35.546+0000] {taskmixin.py:205} WARNING - Dependency <Task(_PythonDecoratedOperator): log_sql_query>, print_the_context already registered for DAG: example_python_operator
[2024-06-22T13:25:35.553+0000] {processor.py:753} INFO - DAG(s) dict_keys(['example_python_operator']) retrieved from /home/airflow/.local/lib/python3.7/site-packages/airflow/example_dags/example_python_operator.py
[2024-06-22T13:25:35.610+0000] {logging_mixin.py:137} INFO - [2024-06-22T13:25:35.610+0000] {dag.py:2676} INFO - Sync 1 DAGs
[2024-06-22T13:25:35.641+0000] {logging_mixin.py:137} INFO - [2024-06-22T13:25:35.641+0000] {dag.py:3427} INFO - Setting next_dagrun for example_python_operator to None, run_after=None
[2024-06-22T13:25:35.663+0000] {processor.py:175} INFO - Processing /home/airflow/.local/lib/python3.7/site-packages/airflow/example_dags/example_python_operator.py took 0.151 seconds
