[2024-06-22T13:11:18.978+0000] {processor.py:153} INFO - Started process (PID=44) to work on /home/airflow/.local/lib/python3.7/site-packages/airflow/example_dags/example_external_task_marker_dag.py
[2024-06-22T13:11:18.980+0000] {processor.py:743} INFO - Processing file /home/airflow/.local/lib/python3.7/site-packages/airflow/example_dags/example_external_task_marker_dag.py for tasks to queue
[2024-06-22T13:11:18.982+0000] {logging_mixin.py:137} INFO - [2024-06-22T13:11:18.981+0000] {dagbag.py:538} INFO - Filling up the DagBag from /home/airflow/.local/lib/python3.7/site-packages/airflow/example_dags/example_external_task_marker_dag.py
[2024-06-22T13:11:19.013+0000] {processor.py:753} INFO - DAG(s) dict_keys(['example_external_task_marker_child', 'example_external_task_marker_parent']) retrieved from /home/airflow/.local/lib/python3.7/site-packages/airflow/example_dags/example_external_task_marker_dag.py
[2024-06-22T13:11:19.058+0000] {logging_mixin.py:137} INFO - [2024-06-22T13:11:19.058+0000] {dag.py:2676} INFO - Sync 2 DAGs
[2024-06-22T13:11:19.086+0000] {logging_mixin.py:137} INFO - [2024-06-22T13:11:19.086+0000] {dag.py:3427} INFO - Setting next_dagrun for example_external_task_marker_child to None, run_after=None
[2024-06-22T13:11:19.090+0000] {logging_mixin.py:137} INFO - [2024-06-22T13:11:19.090+0000] {dag.py:3427} INFO - Setting next_dagrun for example_external_task_marker_parent to None, run_after=None
[2024-06-22T13:11:19.111+0000] {processor.py:175} INFO - Processing /home/airflow/.local/lib/python3.7/site-packages/airflow/example_dags/example_external_task_marker_dag.py took 0.137 seconds
[2024-06-22T13:11:49.192+0000] {processor.py:153} INFO - Started process (PID=84) to work on /home/airflow/.local/lib/python3.7/site-packages/airflow/example_dags/example_external_task_marker_dag.py
[2024-06-22T13:11:49.193+0000] {processor.py:743} INFO - Processing file /home/airflow/.local/lib/python3.7/site-packages/airflow/example_dags/example_external_task_marker_dag.py for tasks to queue
[2024-06-22T13:11:49.194+0000] {logging_mixin.py:137} INFO - [2024-06-22T13:11:49.194+0000] {dagbag.py:538} INFO - Filling up the DagBag from /home/airflow/.local/lib/python3.7/site-packages/airflow/example_dags/example_external_task_marker_dag.py
[2024-06-22T13:11:49.208+0000] {processor.py:753} INFO - DAG(s) dict_keys(['example_external_task_marker_child', 'example_external_task_marker_parent']) retrieved from /home/airflow/.local/lib/python3.7/site-packages/airflow/example_dags/example_external_task_marker_dag.py
[2024-06-22T13:11:49.239+0000] {logging_mixin.py:137} INFO - [2024-06-22T13:11:49.239+0000] {dag.py:2676} INFO - Sync 2 DAGs
[2024-06-22T13:11:49.269+0000] {logging_mixin.py:137} INFO - [2024-06-22T13:11:49.269+0000] {dag.py:3427} INFO - Setting next_dagrun for example_external_task_marker_child to None, run_after=None
[2024-06-22T13:11:49.273+0000] {logging_mixin.py:137} INFO - [2024-06-22T13:11:49.272+0000] {dag.py:3427} INFO - Setting next_dagrun for example_external_task_marker_parent to None, run_after=None
[2024-06-22T13:11:49.293+0000] {processor.py:175} INFO - Processing /home/airflow/.local/lib/python3.7/site-packages/airflow/example_dags/example_external_task_marker_dag.py took 0.105 seconds
[2024-06-22T13:12:19.639+0000] {processor.py:153} INFO - Started process (PID=126) to work on /home/airflow/.local/lib/python3.7/site-packages/airflow/example_dags/example_external_task_marker_dag.py
[2024-06-22T13:12:19.640+0000] {processor.py:743} INFO - Processing file /home/airflow/.local/lib/python3.7/site-packages/airflow/example_dags/example_external_task_marker_dag.py for tasks to queue
[2024-06-22T13:12:19.641+0000] {logging_mixin.py:137} INFO - [2024-06-22T13:12:19.641+0000] {dagbag.py:538} INFO - Filling up the DagBag from /home/airflow/.local/lib/python3.7/site-packages/airflow/example_dags/example_external_task_marker_dag.py
[2024-06-22T13:12:19.654+0000] {processor.py:753} INFO - DAG(s) dict_keys(['example_external_task_marker_parent', 'example_external_task_marker_child']) retrieved from /home/airflow/.local/lib/python3.7/site-packages/airflow/example_dags/example_external_task_marker_dag.py
[2024-06-22T13:12:19.697+0000] {logging_mixin.py:137} INFO - [2024-06-22T13:12:19.696+0000] {dag.py:2676} INFO - Sync 2 DAGs
[2024-06-22T13:12:19.721+0000] {logging_mixin.py:137} INFO - [2024-06-22T13:12:19.721+0000] {dag.py:3427} INFO - Setting next_dagrun for example_external_task_marker_child to None, run_after=None
[2024-06-22T13:12:19.726+0000] {logging_mixin.py:137} INFO - [2024-06-22T13:12:19.725+0000] {dag.py:3427} INFO - Setting next_dagrun for example_external_task_marker_parent to None, run_after=None
[2024-06-22T13:12:19.752+0000] {processor.py:175} INFO - Processing /home/airflow/.local/lib/python3.7/site-packages/airflow/example_dags/example_external_task_marker_dag.py took 0.115 seconds
[2024-06-22T13:12:50.409+0000] {processor.py:153} INFO - Started process (PID=168) to work on /home/airflow/.local/lib/python3.7/site-packages/airflow/example_dags/example_external_task_marker_dag.py
[2024-06-22T13:12:50.410+0000] {processor.py:743} INFO - Processing file /home/airflow/.local/lib/python3.7/site-packages/airflow/example_dags/example_external_task_marker_dag.py for tasks to queue
[2024-06-22T13:12:50.411+0000] {logging_mixin.py:137} INFO - [2024-06-22T13:12:50.411+0000] {dagbag.py:538} INFO - Filling up the DagBag from /home/airflow/.local/lib/python3.7/site-packages/airflow/example_dags/example_external_task_marker_dag.py
[2024-06-22T13:12:50.423+0000] {processor.py:753} INFO - DAG(s) dict_keys(['example_external_task_marker_child', 'example_external_task_marker_parent']) retrieved from /home/airflow/.local/lib/python3.7/site-packages/airflow/example_dags/example_external_task_marker_dag.py
[2024-06-22T13:12:50.469+0000] {logging_mixin.py:137} INFO - [2024-06-22T13:12:50.468+0000] {dag.py:2676} INFO - Sync 2 DAGs
[2024-06-22T13:12:50.496+0000] {logging_mixin.py:137} INFO - [2024-06-22T13:12:50.496+0000] {dag.py:3427} INFO - Setting next_dagrun for example_external_task_marker_child to None, run_after=None
[2024-06-22T13:12:50.500+0000] {logging_mixin.py:137} INFO - [2024-06-22T13:12:50.500+0000] {dag.py:3427} INFO - Setting next_dagrun for example_external_task_marker_parent to None, run_after=None
[2024-06-22T13:12:50.527+0000] {processor.py:175} INFO - Processing /home/airflow/.local/lib/python3.7/site-packages/airflow/example_dags/example_external_task_marker_dag.py took 0.121 seconds
[2024-06-22T13:13:21.053+0000] {processor.py:153} INFO - Started process (PID=210) to work on /home/airflow/.local/lib/python3.7/site-packages/airflow/example_dags/example_external_task_marker_dag.py
[2024-06-22T13:13:21.054+0000] {processor.py:743} INFO - Processing file /home/airflow/.local/lib/python3.7/site-packages/airflow/example_dags/example_external_task_marker_dag.py for tasks to queue
[2024-06-22T13:13:21.055+0000] {logging_mixin.py:137} INFO - [2024-06-22T13:13:21.055+0000] {dagbag.py:538} INFO - Filling up the DagBag from /home/airflow/.local/lib/python3.7/site-packages/airflow/example_dags/example_external_task_marker_dag.py
[2024-06-22T13:13:21.067+0000] {processor.py:753} INFO - DAG(s) dict_keys(['example_external_task_marker_child', 'example_external_task_marker_parent']) retrieved from /home/airflow/.local/lib/python3.7/site-packages/airflow/example_dags/example_external_task_marker_dag.py
[2024-06-22T13:13:21.103+0000] {logging_mixin.py:137} INFO - [2024-06-22T13:13:21.103+0000] {dag.py:2676} INFO - Sync 2 DAGs
[2024-06-22T13:13:21.125+0000] {logging_mixin.py:137} INFO - [2024-06-22T13:13:21.124+0000] {dag.py:3427} INFO - Setting next_dagrun for example_external_task_marker_child to None, run_after=None
[2024-06-22T13:13:21.128+0000] {logging_mixin.py:137} INFO - [2024-06-22T13:13:21.128+0000] {dag.py:3427} INFO - Setting next_dagrun for example_external_task_marker_parent to None, run_after=None
[2024-06-22T13:13:21.154+0000] {processor.py:175} INFO - Processing /home/airflow/.local/lib/python3.7/site-packages/airflow/example_dags/example_external_task_marker_dag.py took 0.103 seconds
[2024-06-22T13:13:51.683+0000] {processor.py:153} INFO - Started process (PID=252) to work on /home/airflow/.local/lib/python3.7/site-packages/airflow/example_dags/example_external_task_marker_dag.py
[2024-06-22T13:13:51.685+0000] {processor.py:743} INFO - Processing file /home/airflow/.local/lib/python3.7/site-packages/airflow/example_dags/example_external_task_marker_dag.py for tasks to queue
[2024-06-22T13:13:51.685+0000] {logging_mixin.py:137} INFO - [2024-06-22T13:13:51.685+0000] {dagbag.py:538} INFO - Filling up the DagBag from /home/airflow/.local/lib/python3.7/site-packages/airflow/example_dags/example_external_task_marker_dag.py
[2024-06-22T13:13:51.702+0000] {processor.py:753} INFO - DAG(s) dict_keys(['example_external_task_marker_parent', 'example_external_task_marker_child']) retrieved from /home/airflow/.local/lib/python3.7/site-packages/airflow/example_dags/example_external_task_marker_dag.py
[2024-06-22T13:13:51.754+0000] {logging_mixin.py:137} INFO - [2024-06-22T13:13:51.754+0000] {dag.py:2676} INFO - Sync 2 DAGs
[2024-06-22T13:13:51.783+0000] {logging_mixin.py:137} INFO - [2024-06-22T13:13:51.783+0000] {dag.py:3427} INFO - Setting next_dagrun for example_external_task_marker_child to None, run_after=None
[2024-06-22T13:13:51.787+0000] {logging_mixin.py:137} INFO - [2024-06-22T13:13:51.787+0000] {dag.py:3427} INFO - Setting next_dagrun for example_external_task_marker_parent to None, run_after=None
[2024-06-22T13:13:51.813+0000] {processor.py:175} INFO - Processing /home/airflow/.local/lib/python3.7/site-packages/airflow/example_dags/example_external_task_marker_dag.py took 0.132 seconds
[2024-06-22T13:14:22.472+0000] {processor.py:153} INFO - Started process (PID=294) to work on /home/airflow/.local/lib/python3.7/site-packages/airflow/example_dags/example_external_task_marker_dag.py
[2024-06-22T13:14:22.473+0000] {processor.py:743} INFO - Processing file /home/airflow/.local/lib/python3.7/site-packages/airflow/example_dags/example_external_task_marker_dag.py for tasks to queue
[2024-06-22T13:14:22.474+0000] {logging_mixin.py:137} INFO - [2024-06-22T13:14:22.474+0000] {dagbag.py:538} INFO - Filling up the DagBag from /home/airflow/.local/lib/python3.7/site-packages/airflow/example_dags/example_external_task_marker_dag.py
[2024-06-22T13:14:22.487+0000] {processor.py:753} INFO - DAG(s) dict_keys(['example_external_task_marker_child', 'example_external_task_marker_parent']) retrieved from /home/airflow/.local/lib/python3.7/site-packages/airflow/example_dags/example_external_task_marker_dag.py
[2024-06-22T13:14:22.529+0000] {logging_mixin.py:137} INFO - [2024-06-22T13:14:22.529+0000] {dag.py:2676} INFO - Sync 2 DAGs
[2024-06-22T13:14:22.552+0000] {logging_mixin.py:137} INFO - [2024-06-22T13:14:22.552+0000] {dag.py:3427} INFO - Setting next_dagrun for example_external_task_marker_child to None, run_after=None
[2024-06-22T13:14:22.556+0000] {logging_mixin.py:137} INFO - [2024-06-22T13:14:22.555+0000] {dag.py:3427} INFO - Setting next_dagrun for example_external_task_marker_parent to None, run_after=None
[2024-06-22T13:14:22.580+0000] {processor.py:175} INFO - Processing /home/airflow/.local/lib/python3.7/site-packages/airflow/example_dags/example_external_task_marker_dag.py took 0.112 seconds
[2024-06-22T13:14:53.196+0000] {processor.py:153} INFO - Started process (PID=336) to work on /home/airflow/.local/lib/python3.7/site-packages/airflow/example_dags/example_external_task_marker_dag.py
[2024-06-22T13:14:53.198+0000] {processor.py:743} INFO - Processing file /home/airflow/.local/lib/python3.7/site-packages/airflow/example_dags/example_external_task_marker_dag.py for tasks to queue
[2024-06-22T13:14:53.199+0000] {logging_mixin.py:137} INFO - [2024-06-22T13:14:53.199+0000] {dagbag.py:538} INFO - Filling up the DagBag from /home/airflow/.local/lib/python3.7/site-packages/airflow/example_dags/example_external_task_marker_dag.py
[2024-06-22T13:14:53.216+0000] {processor.py:753} INFO - DAG(s) dict_keys(['example_external_task_marker_child', 'example_external_task_marker_parent']) retrieved from /home/airflow/.local/lib/python3.7/site-packages/airflow/example_dags/example_external_task_marker_dag.py
[2024-06-22T13:14:53.264+0000] {logging_mixin.py:137} INFO - [2024-06-22T13:14:53.263+0000] {dag.py:2676} INFO - Sync 2 DAGs
[2024-06-22T13:14:53.286+0000] {logging_mixin.py:137} INFO - [2024-06-22T13:14:53.285+0000] {dag.py:3427} INFO - Setting next_dagrun for example_external_task_marker_child to None, run_after=None
[2024-06-22T13:14:53.291+0000] {logging_mixin.py:137} INFO - [2024-06-22T13:14:53.291+0000] {dag.py:3427} INFO - Setting next_dagrun for example_external_task_marker_parent to None, run_after=None
[2024-06-22T13:14:53.319+0000] {processor.py:175} INFO - Processing /home/airflow/.local/lib/python3.7/site-packages/airflow/example_dags/example_external_task_marker_dag.py took 0.127 seconds
[2024-06-22T13:15:24.292+0000] {processor.py:153} INFO - Started process (PID=378) to work on /home/airflow/.local/lib/python3.7/site-packages/airflow/example_dags/example_external_task_marker_dag.py
[2024-06-22T13:15:24.294+0000] {processor.py:743} INFO - Processing file /home/airflow/.local/lib/python3.7/site-packages/airflow/example_dags/example_external_task_marker_dag.py for tasks to queue
[2024-06-22T13:15:24.295+0000] {logging_mixin.py:137} INFO - [2024-06-22T13:15:24.295+0000] {dagbag.py:538} INFO - Filling up the DagBag from /home/airflow/.local/lib/python3.7/site-packages/airflow/example_dags/example_external_task_marker_dag.py
[2024-06-22T13:15:24.308+0000] {processor.py:753} INFO - DAG(s) dict_keys(['example_external_task_marker_child', 'example_external_task_marker_parent']) retrieved from /home/airflow/.local/lib/python3.7/site-packages/airflow/example_dags/example_external_task_marker_dag.py
[2024-06-22T13:15:24.368+0000] {logging_mixin.py:137} INFO - [2024-06-22T13:15:24.367+0000] {dag.py:2676} INFO - Sync 2 DAGs
[2024-06-22T13:15:24.413+0000] {logging_mixin.py:137} INFO - [2024-06-22T13:15:24.412+0000] {dag.py:3427} INFO - Setting next_dagrun for example_external_task_marker_child to None, run_after=None
[2024-06-22T13:15:24.418+0000] {logging_mixin.py:137} INFO - [2024-06-22T13:15:24.418+0000] {dag.py:3427} INFO - Setting next_dagrun for example_external_task_marker_parent to None, run_after=None
[2024-06-22T13:15:24.438+0000] {processor.py:175} INFO - Processing /home/airflow/.local/lib/python3.7/site-packages/airflow/example_dags/example_external_task_marker_dag.py took 0.148 seconds
[2024-06-22T13:15:54.926+0000] {processor.py:153} INFO - Started process (PID=420) to work on /home/airflow/.local/lib/python3.7/site-packages/airflow/example_dags/example_external_task_marker_dag.py
[2024-06-22T13:15:54.927+0000] {processor.py:743} INFO - Processing file /home/airflow/.local/lib/python3.7/site-packages/airflow/example_dags/example_external_task_marker_dag.py for tasks to queue
[2024-06-22T13:15:54.928+0000] {logging_mixin.py:137} INFO - [2024-06-22T13:15:54.928+0000] {dagbag.py:538} INFO - Filling up the DagBag from /home/airflow/.local/lib/python3.7/site-packages/airflow/example_dags/example_external_task_marker_dag.py
[2024-06-22T13:15:54.944+0000] {processor.py:753} INFO - DAG(s) dict_keys(['example_external_task_marker_child', 'example_external_task_marker_parent']) retrieved from /home/airflow/.local/lib/python3.7/site-packages/airflow/example_dags/example_external_task_marker_dag.py
[2024-06-22T13:15:54.995+0000] {logging_mixin.py:137} INFO - [2024-06-22T13:15:54.995+0000] {dag.py:2676} INFO - Sync 2 DAGs
[2024-06-22T13:15:55.030+0000] {logging_mixin.py:137} INFO - [2024-06-22T13:15:55.029+0000] {dag.py:3427} INFO - Setting next_dagrun for example_external_task_marker_child to None, run_after=None
[2024-06-22T13:15:55.035+0000] {logging_mixin.py:137} INFO - [2024-06-22T13:15:55.035+0000] {dag.py:3427} INFO - Setting next_dagrun for example_external_task_marker_parent to None, run_after=None
[2024-06-22T13:15:55.061+0000] {processor.py:175} INFO - Processing /home/airflow/.local/lib/python3.7/site-packages/airflow/example_dags/example_external_task_marker_dag.py took 0.139 seconds
[2024-06-22T13:16:26.049+0000] {processor.py:153} INFO - Started process (PID=462) to work on /home/airflow/.local/lib/python3.7/site-packages/airflow/example_dags/example_external_task_marker_dag.py
[2024-06-22T13:16:26.050+0000] {processor.py:743} INFO - Processing file /home/airflow/.local/lib/python3.7/site-packages/airflow/example_dags/example_external_task_marker_dag.py for tasks to queue
[2024-06-22T13:16:26.051+0000] {logging_mixin.py:137} INFO - [2024-06-22T13:16:26.051+0000] {dagbag.py:538} INFO - Filling up the DagBag from /home/airflow/.local/lib/python3.7/site-packages/airflow/example_dags/example_external_task_marker_dag.py
[2024-06-22T13:16:26.064+0000] {processor.py:753} INFO - DAG(s) dict_keys(['example_external_task_marker_child', 'example_external_task_marker_parent']) retrieved from /home/airflow/.local/lib/python3.7/site-packages/airflow/example_dags/example_external_task_marker_dag.py
[2024-06-22T13:16:26.104+0000] {logging_mixin.py:137} INFO - [2024-06-22T13:16:26.103+0000] {dag.py:2676} INFO - Sync 2 DAGs
[2024-06-22T13:16:26.127+0000] {logging_mixin.py:137} INFO - [2024-06-22T13:16:26.127+0000] {dag.py:3427} INFO - Setting next_dagrun for example_external_task_marker_child to None, run_after=None
[2024-06-22T13:16:26.131+0000] {logging_mixin.py:137} INFO - [2024-06-22T13:16:26.131+0000] {dag.py:3427} INFO - Setting next_dagrun for example_external_task_marker_parent to None, run_after=None
[2024-06-22T13:16:26.153+0000] {processor.py:175} INFO - Processing /home/airflow/.local/lib/python3.7/site-packages/airflow/example_dags/example_external_task_marker_dag.py took 0.107 seconds
[2024-06-22T13:16:56.741+0000] {processor.py:153} INFO - Started process (PID=504) to work on /home/airflow/.local/lib/python3.7/site-packages/airflow/example_dags/example_external_task_marker_dag.py
[2024-06-22T13:16:56.741+0000] {processor.py:743} INFO - Processing file /home/airflow/.local/lib/python3.7/site-packages/airflow/example_dags/example_external_task_marker_dag.py for tasks to queue
[2024-06-22T13:16:56.743+0000] {logging_mixin.py:137} INFO - [2024-06-22T13:16:56.742+0000] {dagbag.py:538} INFO - Filling up the DagBag from /home/airflow/.local/lib/python3.7/site-packages/airflow/example_dags/example_external_task_marker_dag.py
[2024-06-22T13:16:56.754+0000] {processor.py:753} INFO - DAG(s) dict_keys(['example_external_task_marker_parent', 'example_external_task_marker_child']) retrieved from /home/airflow/.local/lib/python3.7/site-packages/airflow/example_dags/example_external_task_marker_dag.py
[2024-06-22T13:16:56.792+0000] {logging_mixin.py:137} INFO - [2024-06-22T13:16:56.792+0000] {dag.py:2676} INFO - Sync 2 DAGs
[2024-06-22T13:16:56.815+0000] {logging_mixin.py:137} INFO - [2024-06-22T13:16:56.815+0000] {dag.py:3427} INFO - Setting next_dagrun for example_external_task_marker_child to None, run_after=None
[2024-06-22T13:16:56.819+0000] {logging_mixin.py:137} INFO - [2024-06-22T13:16:56.819+0000] {dag.py:3427} INFO - Setting next_dagrun for example_external_task_marker_parent to None, run_after=None
[2024-06-22T13:16:56.840+0000] {processor.py:175} INFO - Processing /home/airflow/.local/lib/python3.7/site-packages/airflow/example_dags/example_external_task_marker_dag.py took 0.102 seconds
[2024-06-22T13:17:27.161+0000] {processor.py:153} INFO - Started process (PID=546) to work on /home/airflow/.local/lib/python3.7/site-packages/airflow/example_dags/example_external_task_marker_dag.py
[2024-06-22T13:17:27.162+0000] {processor.py:743} INFO - Processing file /home/airflow/.local/lib/python3.7/site-packages/airflow/example_dags/example_external_task_marker_dag.py for tasks to queue
[2024-06-22T13:17:27.162+0000] {logging_mixin.py:137} INFO - [2024-06-22T13:17:27.162+0000] {dagbag.py:538} INFO - Filling up the DagBag from /home/airflow/.local/lib/python3.7/site-packages/airflow/example_dags/example_external_task_marker_dag.py
[2024-06-22T13:17:27.176+0000] {processor.py:753} INFO - DAG(s) dict_keys(['example_external_task_marker_parent', 'example_external_task_marker_child']) retrieved from /home/airflow/.local/lib/python3.7/site-packages/airflow/example_dags/example_external_task_marker_dag.py
[2024-06-22T13:17:27.221+0000] {logging_mixin.py:137} INFO - [2024-06-22T13:17:27.221+0000] {dag.py:2676} INFO - Sync 2 DAGs
[2024-06-22T13:17:27.250+0000] {logging_mixin.py:137} INFO - [2024-06-22T13:17:27.250+0000] {dag.py:3427} INFO - Setting next_dagrun for example_external_task_marker_child to None, run_after=None
[2024-06-22T13:17:27.255+0000] {logging_mixin.py:137} INFO - [2024-06-22T13:17:27.255+0000] {dag.py:3427} INFO - Setting next_dagrun for example_external_task_marker_parent to None, run_after=None
[2024-06-22T13:17:27.280+0000] {processor.py:175} INFO - Processing /home/airflow/.local/lib/python3.7/site-packages/airflow/example_dags/example_external_task_marker_dag.py took 0.122 seconds
[2024-06-22T13:17:57.599+0000] {processor.py:153} INFO - Started process (PID=588) to work on /home/airflow/.local/lib/python3.7/site-packages/airflow/example_dags/example_external_task_marker_dag.py
[2024-06-22T13:17:57.601+0000] {processor.py:743} INFO - Processing file /home/airflow/.local/lib/python3.7/site-packages/airflow/example_dags/example_external_task_marker_dag.py for tasks to queue
[2024-06-22T13:17:57.602+0000] {logging_mixin.py:137} INFO - [2024-06-22T13:17:57.602+0000] {dagbag.py:538} INFO - Filling up the DagBag from /home/airflow/.local/lib/python3.7/site-packages/airflow/example_dags/example_external_task_marker_dag.py
[2024-06-22T13:17:57.622+0000] {processor.py:753} INFO - DAG(s) dict_keys(['example_external_task_marker_parent', 'example_external_task_marker_child']) retrieved from /home/airflow/.local/lib/python3.7/site-packages/airflow/example_dags/example_external_task_marker_dag.py
[2024-06-22T13:17:57.669+0000] {logging_mixin.py:137} INFO - [2024-06-22T13:17:57.669+0000] {dag.py:2676} INFO - Sync 2 DAGs
[2024-06-22T13:17:57.697+0000] {logging_mixin.py:137} INFO - [2024-06-22T13:17:57.696+0000] {dag.py:3427} INFO - Setting next_dagrun for example_external_task_marker_child to None, run_after=None
[2024-06-22T13:17:57.700+0000] {logging_mixin.py:137} INFO - [2024-06-22T13:17:57.700+0000] {dag.py:3427} INFO - Setting next_dagrun for example_external_task_marker_parent to None, run_after=None
[2024-06-22T13:17:57.726+0000] {processor.py:175} INFO - Processing /home/airflow/.local/lib/python3.7/site-packages/airflow/example_dags/example_external_task_marker_dag.py took 0.132 seconds
[2024-06-22T13:18:28.003+0000] {processor.py:153} INFO - Started process (PID=630) to work on /home/airflow/.local/lib/python3.7/site-packages/airflow/example_dags/example_external_task_marker_dag.py
[2024-06-22T13:18:28.005+0000] {processor.py:743} INFO - Processing file /home/airflow/.local/lib/python3.7/site-packages/airflow/example_dags/example_external_task_marker_dag.py for tasks to queue
[2024-06-22T13:18:28.006+0000] {logging_mixin.py:137} INFO - [2024-06-22T13:18:28.005+0000] {dagbag.py:538} INFO - Filling up the DagBag from /home/airflow/.local/lib/python3.7/site-packages/airflow/example_dags/example_external_task_marker_dag.py
[2024-06-22T13:18:28.018+0000] {processor.py:753} INFO - DAG(s) dict_keys(['example_external_task_marker_child', 'example_external_task_marker_parent']) retrieved from /home/airflow/.local/lib/python3.7/site-packages/airflow/example_dags/example_external_task_marker_dag.py
[2024-06-22T13:18:28.058+0000] {logging_mixin.py:137} INFO - [2024-06-22T13:18:28.058+0000] {dag.py:2676} INFO - Sync 2 DAGs
[2024-06-22T13:18:28.080+0000] {logging_mixin.py:137} INFO - [2024-06-22T13:18:28.080+0000] {dag.py:3427} INFO - Setting next_dagrun for example_external_task_marker_child to None, run_after=None
[2024-06-22T13:18:28.084+0000] {logging_mixin.py:137} INFO - [2024-06-22T13:18:28.084+0000] {dag.py:3427} INFO - Setting next_dagrun for example_external_task_marker_parent to None, run_after=None
[2024-06-22T13:18:28.105+0000] {processor.py:175} INFO - Processing /home/airflow/.local/lib/python3.7/site-packages/airflow/example_dags/example_external_task_marker_dag.py took 0.104 seconds
[2024-06-22T13:18:58.278+0000] {processor.py:153} INFO - Started process (PID=672) to work on /home/airflow/.local/lib/python3.7/site-packages/airflow/example_dags/example_external_task_marker_dag.py
[2024-06-22T13:18:58.279+0000] {processor.py:743} INFO - Processing file /home/airflow/.local/lib/python3.7/site-packages/airflow/example_dags/example_external_task_marker_dag.py for tasks to queue
[2024-06-22T13:18:58.280+0000] {logging_mixin.py:137} INFO - [2024-06-22T13:18:58.280+0000] {dagbag.py:538} INFO - Filling up the DagBag from /home/airflow/.local/lib/python3.7/site-packages/airflow/example_dags/example_external_task_marker_dag.py
[2024-06-22T13:18:58.293+0000] {processor.py:753} INFO - DAG(s) dict_keys(['example_external_task_marker_parent', 'example_external_task_marker_child']) retrieved from /home/airflow/.local/lib/python3.7/site-packages/airflow/example_dags/example_external_task_marker_dag.py
[2024-06-22T13:18:58.332+0000] {logging_mixin.py:137} INFO - [2024-06-22T13:18:58.332+0000] {dag.py:2676} INFO - Sync 2 DAGs
[2024-06-22T13:18:58.353+0000] {logging_mixin.py:137} INFO - [2024-06-22T13:18:58.353+0000] {dag.py:3427} INFO - Setting next_dagrun for example_external_task_marker_child to None, run_after=None
[2024-06-22T13:18:58.357+0000] {logging_mixin.py:137} INFO - [2024-06-22T13:18:58.357+0000] {dag.py:3427} INFO - Setting next_dagrun for example_external_task_marker_parent to None, run_after=None
[2024-06-22T13:18:58.376+0000] {processor.py:175} INFO - Processing /home/airflow/.local/lib/python3.7/site-packages/airflow/example_dags/example_external_task_marker_dag.py took 0.102 seconds
[2024-06-22T13:19:28.534+0000] {processor.py:153} INFO - Started process (PID=714) to work on /home/airflow/.local/lib/python3.7/site-packages/airflow/example_dags/example_external_task_marker_dag.py
[2024-06-22T13:19:28.535+0000] {processor.py:743} INFO - Processing file /home/airflow/.local/lib/python3.7/site-packages/airflow/example_dags/example_external_task_marker_dag.py for tasks to queue
[2024-06-22T13:19:28.536+0000] {logging_mixin.py:137} INFO - [2024-06-22T13:19:28.535+0000] {dagbag.py:538} INFO - Filling up the DagBag from /home/airflow/.local/lib/python3.7/site-packages/airflow/example_dags/example_external_task_marker_dag.py
[2024-06-22T13:19:28.555+0000] {processor.py:753} INFO - DAG(s) dict_keys(['example_external_task_marker_parent', 'example_external_task_marker_child']) retrieved from /home/airflow/.local/lib/python3.7/site-packages/airflow/example_dags/example_external_task_marker_dag.py
[2024-06-22T13:19:28.613+0000] {logging_mixin.py:137} INFO - [2024-06-22T13:19:28.613+0000] {dag.py:2676} INFO - Sync 2 DAGs
[2024-06-22T13:19:28.647+0000] {logging_mixin.py:137} INFO - [2024-06-22T13:19:28.647+0000] {dag.py:3427} INFO - Setting next_dagrun for example_external_task_marker_child to None, run_after=None
[2024-06-22T13:19:28.651+0000] {logging_mixin.py:137} INFO - [2024-06-22T13:19:28.651+0000] {dag.py:3427} INFO - Setting next_dagrun for example_external_task_marker_parent to None, run_after=None
[2024-06-22T13:19:28.673+0000] {processor.py:175} INFO - Processing /home/airflow/.local/lib/python3.7/site-packages/airflow/example_dags/example_external_task_marker_dag.py took 0.143 seconds
[2024-06-22T13:19:59.004+0000] {processor.py:153} INFO - Started process (PID=756) to work on /home/airflow/.local/lib/python3.7/site-packages/airflow/example_dags/example_external_task_marker_dag.py
[2024-06-22T13:19:59.006+0000] {processor.py:743} INFO - Processing file /home/airflow/.local/lib/python3.7/site-packages/airflow/example_dags/example_external_task_marker_dag.py for tasks to queue
[2024-06-22T13:19:59.007+0000] {logging_mixin.py:137} INFO - [2024-06-22T13:19:59.007+0000] {dagbag.py:538} INFO - Filling up the DagBag from /home/airflow/.local/lib/python3.7/site-packages/airflow/example_dags/example_external_task_marker_dag.py
[2024-06-22T13:19:59.025+0000] {processor.py:753} INFO - DAG(s) dict_keys(['example_external_task_marker_child', 'example_external_task_marker_parent']) retrieved from /home/airflow/.local/lib/python3.7/site-packages/airflow/example_dags/example_external_task_marker_dag.py
[2024-06-22T13:19:59.078+0000] {logging_mixin.py:137} INFO - [2024-06-22T13:19:59.078+0000] {dag.py:2676} INFO - Sync 2 DAGs
[2024-06-22T13:19:59.107+0000] {logging_mixin.py:137} INFO - [2024-06-22T13:19:59.107+0000] {dag.py:3427} INFO - Setting next_dagrun for example_external_task_marker_child to None, run_after=None
[2024-06-22T13:19:59.112+0000] {logging_mixin.py:137} INFO - [2024-06-22T13:19:59.112+0000] {dag.py:3427} INFO - Setting next_dagrun for example_external_task_marker_parent to None, run_after=None
[2024-06-22T13:19:59.132+0000] {processor.py:175} INFO - Processing /home/airflow/.local/lib/python3.7/site-packages/airflow/example_dags/example_external_task_marker_dag.py took 0.133 seconds
[2024-06-22T13:20:29.370+0000] {processor.py:153} INFO - Started process (PID=798) to work on /home/airflow/.local/lib/python3.7/site-packages/airflow/example_dags/example_external_task_marker_dag.py
[2024-06-22T13:20:29.372+0000] {processor.py:743} INFO - Processing file /home/airflow/.local/lib/python3.7/site-packages/airflow/example_dags/example_external_task_marker_dag.py for tasks to queue
[2024-06-22T13:20:29.373+0000] {logging_mixin.py:137} INFO - [2024-06-22T13:20:29.372+0000] {dagbag.py:538} INFO - Filling up the DagBag from /home/airflow/.local/lib/python3.7/site-packages/airflow/example_dags/example_external_task_marker_dag.py
[2024-06-22T13:20:29.401+0000] {processor.py:753} INFO - DAG(s) dict_keys(['example_external_task_marker_child', 'example_external_task_marker_parent']) retrieved from /home/airflow/.local/lib/python3.7/site-packages/airflow/example_dags/example_external_task_marker_dag.py
[2024-06-22T13:20:29.451+0000] {logging_mixin.py:137} INFO - [2024-06-22T13:20:29.451+0000] {dag.py:2676} INFO - Sync 2 DAGs
[2024-06-22T13:20:29.477+0000] {logging_mixin.py:137} INFO - [2024-06-22T13:20:29.476+0000] {dag.py:3427} INFO - Setting next_dagrun for example_external_task_marker_child to None, run_after=None
[2024-06-22T13:20:29.480+0000] {logging_mixin.py:137} INFO - [2024-06-22T13:20:29.480+0000] {dag.py:3427} INFO - Setting next_dagrun for example_external_task_marker_parent to None, run_after=None
[2024-06-22T13:20:29.505+0000] {processor.py:175} INFO - Processing /home/airflow/.local/lib/python3.7/site-packages/airflow/example_dags/example_external_task_marker_dag.py took 0.138 seconds
[2024-06-22T13:20:59.623+0000] {processor.py:153} INFO - Started process (PID=840) to work on /home/airflow/.local/lib/python3.7/site-packages/airflow/example_dags/example_external_task_marker_dag.py
[2024-06-22T13:20:59.624+0000] {processor.py:743} INFO - Processing file /home/airflow/.local/lib/python3.7/site-packages/airflow/example_dags/example_external_task_marker_dag.py for tasks to queue
[2024-06-22T13:20:59.625+0000] {logging_mixin.py:137} INFO - [2024-06-22T13:20:59.625+0000] {dagbag.py:538} INFO - Filling up the DagBag from /home/airflow/.local/lib/python3.7/site-packages/airflow/example_dags/example_external_task_marker_dag.py
[2024-06-22T13:20:59.640+0000] {processor.py:753} INFO - DAG(s) dict_keys(['example_external_task_marker_child', 'example_external_task_marker_parent']) retrieved from /home/airflow/.local/lib/python3.7/site-packages/airflow/example_dags/example_external_task_marker_dag.py
[2024-06-22T13:20:59.684+0000] {logging_mixin.py:137} INFO - [2024-06-22T13:20:59.684+0000] {dag.py:2676} INFO - Sync 2 DAGs
[2024-06-22T13:20:59.714+0000] {logging_mixin.py:137} INFO - [2024-06-22T13:20:59.714+0000] {dag.py:3427} INFO - Setting next_dagrun for example_external_task_marker_child to None, run_after=None
[2024-06-22T13:20:59.720+0000] {logging_mixin.py:137} INFO - [2024-06-22T13:20:59.720+0000] {dag.py:3427} INFO - Setting next_dagrun for example_external_task_marker_parent to None, run_after=None
[2024-06-22T13:20:59.745+0000] {processor.py:175} INFO - Processing /home/airflow/.local/lib/python3.7/site-packages/airflow/example_dags/example_external_task_marker_dag.py took 0.125 seconds
[2024-06-22T13:21:30.654+0000] {processor.py:153} INFO - Started process (PID=882) to work on /home/airflow/.local/lib/python3.7/site-packages/airflow/example_dags/example_external_task_marker_dag.py
[2024-06-22T13:21:30.655+0000] {processor.py:743} INFO - Processing file /home/airflow/.local/lib/python3.7/site-packages/airflow/example_dags/example_external_task_marker_dag.py for tasks to queue
[2024-06-22T13:21:30.657+0000] {logging_mixin.py:137} INFO - [2024-06-22T13:21:30.657+0000] {dagbag.py:538} INFO - Filling up the DagBag from /home/airflow/.local/lib/python3.7/site-packages/airflow/example_dags/example_external_task_marker_dag.py
[2024-06-22T13:21:30.671+0000] {processor.py:753} INFO - DAG(s) dict_keys(['example_external_task_marker_parent', 'example_external_task_marker_child']) retrieved from /home/airflow/.local/lib/python3.7/site-packages/airflow/example_dags/example_external_task_marker_dag.py
[2024-06-22T13:21:30.710+0000] {logging_mixin.py:137} INFO - [2024-06-22T13:21:30.710+0000] {dag.py:2676} INFO - Sync 2 DAGs
[2024-06-22T13:21:30.736+0000] {logging_mixin.py:137} INFO - [2024-06-22T13:21:30.736+0000] {dag.py:3427} INFO - Setting next_dagrun for example_external_task_marker_child to None, run_after=None
[2024-06-22T13:21:30.741+0000] {logging_mixin.py:137} INFO - [2024-06-22T13:21:30.740+0000] {dag.py:3427} INFO - Setting next_dagrun for example_external_task_marker_parent to None, run_after=None
[2024-06-22T13:21:30.760+0000] {processor.py:175} INFO - Processing /home/airflow/.local/lib/python3.7/site-packages/airflow/example_dags/example_external_task_marker_dag.py took 0.112 seconds
[2024-06-22T13:22:00.913+0000] {processor.py:153} INFO - Started process (PID=924) to work on /home/airflow/.local/lib/python3.7/site-packages/airflow/example_dags/example_external_task_marker_dag.py
[2024-06-22T13:22:00.914+0000] {processor.py:743} INFO - Processing file /home/airflow/.local/lib/python3.7/site-packages/airflow/example_dags/example_external_task_marker_dag.py for tasks to queue
[2024-06-22T13:22:00.915+0000] {logging_mixin.py:137} INFO - [2024-06-22T13:22:00.914+0000] {dagbag.py:538} INFO - Filling up the DagBag from /home/airflow/.local/lib/python3.7/site-packages/airflow/example_dags/example_external_task_marker_dag.py
[2024-06-22T13:22:00.929+0000] {processor.py:753} INFO - DAG(s) dict_keys(['example_external_task_marker_child', 'example_external_task_marker_parent']) retrieved from /home/airflow/.local/lib/python3.7/site-packages/airflow/example_dags/example_external_task_marker_dag.py
[2024-06-22T13:22:00.964+0000] {logging_mixin.py:137} INFO - [2024-06-22T13:22:00.964+0000] {dag.py:2676} INFO - Sync 2 DAGs
[2024-06-22T13:22:00.987+0000] {logging_mixin.py:137} INFO - [2024-06-22T13:22:00.987+0000] {dag.py:3427} INFO - Setting next_dagrun for example_external_task_marker_child to None, run_after=None
[2024-06-22T13:22:00.991+0000] {logging_mixin.py:137} INFO - [2024-06-22T13:22:00.991+0000] {dag.py:3427} INFO - Setting next_dagrun for example_external_task_marker_parent to None, run_after=None
[2024-06-22T13:22:01.014+0000] {processor.py:175} INFO - Processing /home/airflow/.local/lib/python3.7/site-packages/airflow/example_dags/example_external_task_marker_dag.py took 0.104 seconds
[2024-06-22T13:22:31.106+0000] {processor.py:153} INFO - Started process (PID=966) to work on /home/airflow/.local/lib/python3.7/site-packages/airflow/example_dags/example_external_task_marker_dag.py
[2024-06-22T13:22:31.108+0000] {processor.py:743} INFO - Processing file /home/airflow/.local/lib/python3.7/site-packages/airflow/example_dags/example_external_task_marker_dag.py for tasks to queue
[2024-06-22T13:22:31.109+0000] {logging_mixin.py:137} INFO - [2024-06-22T13:22:31.108+0000] {dagbag.py:538} INFO - Filling up the DagBag from /home/airflow/.local/lib/python3.7/site-packages/airflow/example_dags/example_external_task_marker_dag.py
[2024-06-22T13:22:31.126+0000] {processor.py:753} INFO - DAG(s) dict_keys(['example_external_task_marker_parent', 'example_external_task_marker_child']) retrieved from /home/airflow/.local/lib/python3.7/site-packages/airflow/example_dags/example_external_task_marker_dag.py
[2024-06-22T13:22:31.178+0000] {logging_mixin.py:137} INFO - [2024-06-22T13:22:31.177+0000] {dag.py:2676} INFO - Sync 2 DAGs
[2024-06-22T13:22:31.226+0000] {logging_mixin.py:137} INFO - [2024-06-22T13:22:31.226+0000] {dag.py:3427} INFO - Setting next_dagrun for example_external_task_marker_child to None, run_after=None
[2024-06-22T13:22:31.239+0000] {logging_mixin.py:137} INFO - [2024-06-22T13:22:31.238+0000] {dag.py:3427} INFO - Setting next_dagrun for example_external_task_marker_parent to None, run_after=None
[2024-06-22T13:22:31.267+0000] {processor.py:175} INFO - Processing /home/airflow/.local/lib/python3.7/site-packages/airflow/example_dags/example_external_task_marker_dag.py took 0.164 seconds
[2024-06-22T13:23:01.507+0000] {processor.py:153} INFO - Started process (PID=1008) to work on /home/airflow/.local/lib/python3.7/site-packages/airflow/example_dags/example_external_task_marker_dag.py
[2024-06-22T13:23:01.508+0000] {processor.py:743} INFO - Processing file /home/airflow/.local/lib/python3.7/site-packages/airflow/example_dags/example_external_task_marker_dag.py for tasks to queue
[2024-06-22T13:23:01.509+0000] {logging_mixin.py:137} INFO - [2024-06-22T13:23:01.509+0000] {dagbag.py:538} INFO - Filling up the DagBag from /home/airflow/.local/lib/python3.7/site-packages/airflow/example_dags/example_external_task_marker_dag.py
[2024-06-22T13:23:01.523+0000] {processor.py:753} INFO - DAG(s) dict_keys(['example_external_task_marker_child', 'example_external_task_marker_parent']) retrieved from /home/airflow/.local/lib/python3.7/site-packages/airflow/example_dags/example_external_task_marker_dag.py
[2024-06-22T13:23:01.573+0000] {logging_mixin.py:137} INFO - [2024-06-22T13:23:01.573+0000] {dag.py:2676} INFO - Sync 2 DAGs
[2024-06-22T13:23:01.602+0000] {logging_mixin.py:137} INFO - [2024-06-22T13:23:01.602+0000] {dag.py:3427} INFO - Setting next_dagrun for example_external_task_marker_child to None, run_after=None
[2024-06-22T13:23:01.608+0000] {logging_mixin.py:137} INFO - [2024-06-22T13:23:01.608+0000] {dag.py:3427} INFO - Setting next_dagrun for example_external_task_marker_parent to None, run_after=None
[2024-06-22T13:23:01.637+0000] {processor.py:175} INFO - Processing /home/airflow/.local/lib/python3.7/site-packages/airflow/example_dags/example_external_task_marker_dag.py took 0.133 seconds
[2024-06-22T13:23:31.825+0000] {processor.py:153} INFO - Started process (PID=1050) to work on /home/airflow/.local/lib/python3.7/site-packages/airflow/example_dags/example_external_task_marker_dag.py
[2024-06-22T13:23:31.827+0000] {processor.py:743} INFO - Processing file /home/airflow/.local/lib/python3.7/site-packages/airflow/example_dags/example_external_task_marker_dag.py for tasks to queue
[2024-06-22T13:23:31.828+0000] {logging_mixin.py:137} INFO - [2024-06-22T13:23:31.827+0000] {dagbag.py:538} INFO - Filling up the DagBag from /home/airflow/.local/lib/python3.7/site-packages/airflow/example_dags/example_external_task_marker_dag.py
[2024-06-22T13:23:31.843+0000] {processor.py:753} INFO - DAG(s) dict_keys(['example_external_task_marker_child', 'example_external_task_marker_parent']) retrieved from /home/airflow/.local/lib/python3.7/site-packages/airflow/example_dags/example_external_task_marker_dag.py
[2024-06-22T13:23:31.887+0000] {logging_mixin.py:137} INFO - [2024-06-22T13:23:31.887+0000] {dag.py:2676} INFO - Sync 2 DAGs
[2024-06-22T13:23:31.915+0000] {logging_mixin.py:137} INFO - [2024-06-22T13:23:31.915+0000] {dag.py:3427} INFO - Setting next_dagrun for example_external_task_marker_child to None, run_after=None
[2024-06-22T13:23:31.919+0000] {logging_mixin.py:137} INFO - [2024-06-22T13:23:31.919+0000] {dag.py:3427} INFO - Setting next_dagrun for example_external_task_marker_parent to None, run_after=None
[2024-06-22T13:23:31.943+0000] {processor.py:175} INFO - Processing /home/airflow/.local/lib/python3.7/site-packages/airflow/example_dags/example_external_task_marker_dag.py took 0.120 seconds
[2024-06-22T13:24:02.477+0000] {processor.py:153} INFO - Started process (PID=1092) to work on /home/airflow/.local/lib/python3.7/site-packages/airflow/example_dags/example_external_task_marker_dag.py
[2024-06-22T13:24:02.479+0000] {processor.py:743} INFO - Processing file /home/airflow/.local/lib/python3.7/site-packages/airflow/example_dags/example_external_task_marker_dag.py for tasks to queue
[2024-06-22T13:24:02.480+0000] {logging_mixin.py:137} INFO - [2024-06-22T13:24:02.480+0000] {dagbag.py:538} INFO - Filling up the DagBag from /home/airflow/.local/lib/python3.7/site-packages/airflow/example_dags/example_external_task_marker_dag.py
[2024-06-22T13:24:02.493+0000] {processor.py:753} INFO - DAG(s) dict_keys(['example_external_task_marker_child', 'example_external_task_marker_parent']) retrieved from /home/airflow/.local/lib/python3.7/site-packages/airflow/example_dags/example_external_task_marker_dag.py
[2024-06-22T13:24:02.538+0000] {logging_mixin.py:137} INFO - [2024-06-22T13:24:02.538+0000] {dag.py:2676} INFO - Sync 2 DAGs
[2024-06-22T13:24:02.563+0000] {logging_mixin.py:137} INFO - [2024-06-22T13:24:02.563+0000] {dag.py:3427} INFO - Setting next_dagrun for example_external_task_marker_child to None, run_after=None
[2024-06-22T13:24:02.568+0000] {logging_mixin.py:137} INFO - [2024-06-22T13:24:02.567+0000] {dag.py:3427} INFO - Setting next_dagrun for example_external_task_marker_parent to None, run_after=None
[2024-06-22T13:24:02.590+0000] {processor.py:175} INFO - Processing /home/airflow/.local/lib/python3.7/site-packages/airflow/example_dags/example_external_task_marker_dag.py took 0.116 seconds
[2024-06-22T13:24:32.777+0000] {processor.py:153} INFO - Started process (PID=1131) to work on /home/airflow/.local/lib/python3.7/site-packages/airflow/example_dags/example_external_task_marker_dag.py
[2024-06-22T13:24:32.778+0000] {processor.py:743} INFO - Processing file /home/airflow/.local/lib/python3.7/site-packages/airflow/example_dags/example_external_task_marker_dag.py for tasks to queue
[2024-06-22T13:24:32.779+0000] {logging_mixin.py:137} INFO - [2024-06-22T13:24:32.779+0000] {dagbag.py:538} INFO - Filling up the DagBag from /home/airflow/.local/lib/python3.7/site-packages/airflow/example_dags/example_external_task_marker_dag.py
[2024-06-22T13:24:32.798+0000] {processor.py:753} INFO - DAG(s) dict_keys(['example_external_task_marker_child', 'example_external_task_marker_parent']) retrieved from /home/airflow/.local/lib/python3.7/site-packages/airflow/example_dags/example_external_task_marker_dag.py
[2024-06-22T13:24:32.859+0000] {logging_mixin.py:137} INFO - [2024-06-22T13:24:32.859+0000] {dag.py:2676} INFO - Sync 2 DAGs
[2024-06-22T13:24:32.900+0000] {logging_mixin.py:137} INFO - [2024-06-22T13:24:32.900+0000] {dag.py:3427} INFO - Setting next_dagrun for example_external_task_marker_child to None, run_after=None
[2024-06-22T13:24:32.904+0000] {logging_mixin.py:137} INFO - [2024-06-22T13:24:32.904+0000] {dag.py:3427} INFO - Setting next_dagrun for example_external_task_marker_parent to None, run_after=None
[2024-06-22T13:24:32.926+0000] {processor.py:175} INFO - Processing /home/airflow/.local/lib/python3.7/site-packages/airflow/example_dags/example_external_task_marker_dag.py took 0.153 seconds
[2024-06-22T13:25:03.126+0000] {processor.py:153} INFO - Started process (PID=1170) to work on /home/airflow/.local/lib/python3.7/site-packages/airflow/example_dags/example_external_task_marker_dag.py
[2024-06-22T13:25:03.127+0000] {processor.py:743} INFO - Processing file /home/airflow/.local/lib/python3.7/site-packages/airflow/example_dags/example_external_task_marker_dag.py for tasks to queue
[2024-06-22T13:25:03.128+0000] {logging_mixin.py:137} INFO - [2024-06-22T13:25:03.128+0000] {dagbag.py:538} INFO - Filling up the DagBag from /home/airflow/.local/lib/python3.7/site-packages/airflow/example_dags/example_external_task_marker_dag.py
[2024-06-22T13:25:03.139+0000] {processor.py:753} INFO - DAG(s) dict_keys(['example_external_task_marker_child', 'example_external_task_marker_parent']) retrieved from /home/airflow/.local/lib/python3.7/site-packages/airflow/example_dags/example_external_task_marker_dag.py
[2024-06-22T13:25:03.177+0000] {logging_mixin.py:137} INFO - [2024-06-22T13:25:03.177+0000] {dag.py:2676} INFO - Sync 2 DAGs
[2024-06-22T13:25:03.202+0000] {logging_mixin.py:137} INFO - [2024-06-22T13:25:03.202+0000] {dag.py:3427} INFO - Setting next_dagrun for example_external_task_marker_child to None, run_after=None
[2024-06-22T13:25:03.206+0000] {logging_mixin.py:137} INFO - [2024-06-22T13:25:03.206+0000] {dag.py:3427} INFO - Setting next_dagrun for example_external_task_marker_parent to None, run_after=None
[2024-06-22T13:25:03.236+0000] {processor.py:175} INFO - Processing /home/airflow/.local/lib/python3.7/site-packages/airflow/example_dags/example_external_task_marker_dag.py took 0.114 seconds
[2024-06-22T13:25:33.476+0000] {processor.py:153} INFO - Started process (PID=1209) to work on /home/airflow/.local/lib/python3.7/site-packages/airflow/example_dags/example_external_task_marker_dag.py
[2024-06-22T13:25:33.478+0000] {processor.py:743} INFO - Processing file /home/airflow/.local/lib/python3.7/site-packages/airflow/example_dags/example_external_task_marker_dag.py for tasks to queue
[2024-06-22T13:25:33.479+0000] {logging_mixin.py:137} INFO - [2024-06-22T13:25:33.479+0000] {dagbag.py:538} INFO - Filling up the DagBag from /home/airflow/.local/lib/python3.7/site-packages/airflow/example_dags/example_external_task_marker_dag.py
[2024-06-22T13:25:33.493+0000] {processor.py:753} INFO - DAG(s) dict_keys(['example_external_task_marker_child', 'example_external_task_marker_parent']) retrieved from /home/airflow/.local/lib/python3.7/site-packages/airflow/example_dags/example_external_task_marker_dag.py
[2024-06-22T13:25:33.544+0000] {logging_mixin.py:137} INFO - [2024-06-22T13:25:33.543+0000] {dag.py:2676} INFO - Sync 2 DAGs
[2024-06-22T13:25:33.571+0000] {logging_mixin.py:137} INFO - [2024-06-22T13:25:33.571+0000] {dag.py:3427} INFO - Setting next_dagrun for example_external_task_marker_child to None, run_after=None
[2024-06-22T13:25:33.576+0000] {logging_mixin.py:137} INFO - [2024-06-22T13:25:33.575+0000] {dag.py:3427} INFO - Setting next_dagrun for example_external_task_marker_parent to None, run_after=None
[2024-06-22T13:25:33.601+0000] {processor.py:175} INFO - Processing /home/airflow/.local/lib/python3.7/site-packages/airflow/example_dags/example_external_task_marker_dag.py took 0.129 seconds
