[2024-06-22T13:11:22.678+0000] {processor.py:153} INFO - Started process (PID=70) to work on /home/airflow/.local/lib/python3.7/site-packages/airflow/example_dags/example_subdag_operator.py
[2024-06-22T13:11:22.679+0000] {processor.py:743} INFO - Processing file /home/airflow/.local/lib/python3.7/site-packages/airflow/example_dags/example_subdag_operator.py for tasks to queue
[2024-06-22T13:11:22.680+0000] {logging_mixin.py:137} INFO - [2024-06-22T13:11:22.680+0000] {dagbag.py:538} INFO - Filling up the DagBag from /home/airflow/.local/lib/python3.7/site-packages/airflow/example_dags/example_subdag_operator.py
[2024-06-22T13:11:22.732+0000] {processor.py:753} INFO - DAG(s) dict_keys(['example_subdag_operator.section-1', 'example_subdag_operator.section-2', 'example_subdag_operator']) retrieved from /home/airflow/.local/lib/python3.7/site-packages/airflow/example_dags/example_subdag_operator.py
[2024-06-22T13:11:22.786+0000] {logging_mixin.py:137} INFO - [2024-06-22T13:11:22.786+0000] {dag.py:2676} INFO - Sync 3 DAGs
[2024-06-22T13:11:22.836+0000] {logging_mixin.py:137} INFO - [2024-06-22T13:11:22.836+0000] {dag.py:3427} INFO - Setting next_dagrun for example_subdag_operator to 2022-01-01T00:00:00+00:00, run_after=2022-01-01T00:00:00+00:00
[2024-06-22T13:11:22.845+0000] {logging_mixin.py:137} INFO - [2024-06-22T13:11:22.845+0000] {dag.py:3427} INFO - Setting next_dagrun for example_subdag_operator.section-1 to None, run_after=None
[2024-06-22T13:11:22.850+0000] {logging_mixin.py:137} INFO - [2024-06-22T13:11:22.849+0000] {dag.py:3427} INFO - Setting next_dagrun for example_subdag_operator.section-2 to None, run_after=None
[2024-06-22T13:11:22.864+0000] {logging_mixin.py:137} INFO - [2024-06-22T13:11:22.864+0000] {dag.py:2676} INFO - Sync 2 DAGs
[2024-06-22T13:11:22.876+0000] {logging_mixin.py:137} INFO - [2024-06-22T13:11:22.876+0000] {dag.py:3427} INFO - Setting next_dagrun for example_subdag_operator.section-1 to None, run_after=None
[2024-06-22T13:11:22.877+0000] {logging_mixin.py:137} INFO - [2024-06-22T13:11:22.876+0000] {dag.py:3427} INFO - Setting next_dagrun for example_subdag_operator.section-2 to None, run_after=None
[2024-06-22T13:11:22.897+0000] {processor.py:175} INFO - Processing /home/airflow/.local/lib/python3.7/site-packages/airflow/example_dags/example_subdag_operator.py took 0.224 seconds
[2024-06-22T13:11:53.287+0000] {processor.py:153} INFO - Started process (PID=112) to work on /home/airflow/.local/lib/python3.7/site-packages/airflow/example_dags/example_subdag_operator.py
[2024-06-22T13:11:53.289+0000] {processor.py:743} INFO - Processing file /home/airflow/.local/lib/python3.7/site-packages/airflow/example_dags/example_subdag_operator.py for tasks to queue
[2024-06-22T13:11:53.289+0000] {logging_mixin.py:137} INFO - [2024-06-22T13:11:53.289+0000] {dagbag.py:538} INFO - Filling up the DagBag from /home/airflow/.local/lib/python3.7/site-packages/airflow/example_dags/example_subdag_operator.py
[2024-06-22T13:11:53.337+0000] {processor.py:753} INFO - DAG(s) dict_keys(['example_subdag_operator.section-1', 'example_subdag_operator.section-2', 'example_subdag_operator']) retrieved from /home/airflow/.local/lib/python3.7/site-packages/airflow/example_dags/example_subdag_operator.py
[2024-06-22T13:11:53.368+0000] {logging_mixin.py:137} INFO - [2024-06-22T13:11:53.368+0000] {dag.py:2676} INFO - Sync 3 DAGs
[2024-06-22T13:11:53.411+0000] {logging_mixin.py:137} INFO - [2024-06-22T13:11:53.411+0000] {dag.py:3427} INFO - Setting next_dagrun for example_subdag_operator to 2022-01-01T00:00:00+00:00, run_after=2022-01-01T00:00:00+00:00
[2024-06-22T13:11:53.416+0000] {logging_mixin.py:137} INFO - [2024-06-22T13:11:53.416+0000] {dag.py:3427} INFO - Setting next_dagrun for example_subdag_operator.section-1 to None, run_after=None
[2024-06-22T13:11:53.420+0000] {logging_mixin.py:137} INFO - [2024-06-22T13:11:53.419+0000] {dag.py:3427} INFO - Setting next_dagrun for example_subdag_operator.section-2 to None, run_after=None
[2024-06-22T13:11:53.430+0000] {logging_mixin.py:137} INFO - [2024-06-22T13:11:53.430+0000] {dag.py:2676} INFO - Sync 2 DAGs
[2024-06-22T13:11:53.441+0000] {logging_mixin.py:137} INFO - [2024-06-22T13:11:53.441+0000] {dag.py:3427} INFO - Setting next_dagrun for example_subdag_operator.section-1 to None, run_after=None
[2024-06-22T13:11:53.442+0000] {logging_mixin.py:137} INFO - [2024-06-22T13:11:53.442+0000] {dag.py:3427} INFO - Setting next_dagrun for example_subdag_operator.section-2 to None, run_after=None
[2024-06-22T13:11:53.461+0000] {processor.py:175} INFO - Processing /home/airflow/.local/lib/python3.7/site-packages/airflow/example_dags/example_subdag_operator.py took 0.178 seconds
[2024-06-22T13:12:24.061+0000] {processor.py:153} INFO - Started process (PID=154) to work on /home/airflow/.local/lib/python3.7/site-packages/airflow/example_dags/example_subdag_operator.py
[2024-06-22T13:12:24.063+0000] {processor.py:743} INFO - Processing file /home/airflow/.local/lib/python3.7/site-packages/airflow/example_dags/example_subdag_operator.py for tasks to queue
[2024-06-22T13:12:24.064+0000] {logging_mixin.py:137} INFO - [2024-06-22T13:12:24.063+0000] {dagbag.py:538} INFO - Filling up the DagBag from /home/airflow/.local/lib/python3.7/site-packages/airflow/example_dags/example_subdag_operator.py
[2024-06-22T13:12:24.100+0000] {processor.py:753} INFO - DAG(s) dict_keys(['example_subdag_operator.section-1', 'example_subdag_operator.section-2', 'example_subdag_operator']) retrieved from /home/airflow/.local/lib/python3.7/site-packages/airflow/example_dags/example_subdag_operator.py
[2024-06-22T13:12:24.135+0000] {logging_mixin.py:137} INFO - [2024-06-22T13:12:24.135+0000] {dag.py:2676} INFO - Sync 3 DAGs
[2024-06-22T13:12:24.162+0000] {logging_mixin.py:137} INFO - [2024-06-22T13:12:24.162+0000] {dag.py:3427} INFO - Setting next_dagrun for example_subdag_operator to 2022-01-01T00:00:00+00:00, run_after=2022-01-01T00:00:00+00:00
[2024-06-22T13:12:24.167+0000] {logging_mixin.py:137} INFO - [2024-06-22T13:12:24.167+0000] {dag.py:3427} INFO - Setting next_dagrun for example_subdag_operator.section-1 to None, run_after=None
[2024-06-22T13:12:24.169+0000] {logging_mixin.py:137} INFO - [2024-06-22T13:12:24.169+0000] {dag.py:3427} INFO - Setting next_dagrun for example_subdag_operator.section-2 to None, run_after=None
[2024-06-22T13:12:24.177+0000] {logging_mixin.py:137} INFO - [2024-06-22T13:12:24.177+0000] {dag.py:2676} INFO - Sync 2 DAGs
[2024-06-22T13:12:24.185+0000] {logging_mixin.py:137} INFO - [2024-06-22T13:12:24.185+0000] {dag.py:3427} INFO - Setting next_dagrun for example_subdag_operator.section-1 to None, run_after=None
[2024-06-22T13:12:24.186+0000] {logging_mixin.py:137} INFO - [2024-06-22T13:12:24.186+0000] {dag.py:3427} INFO - Setting next_dagrun for example_subdag_operator.section-2 to None, run_after=None
[2024-06-22T13:12:24.203+0000] {processor.py:175} INFO - Processing /home/airflow/.local/lib/python3.7/site-packages/airflow/example_dags/example_subdag_operator.py took 0.145 seconds
[2024-06-22T13:12:54.732+0000] {processor.py:153} INFO - Started process (PID=196) to work on /home/airflow/.local/lib/python3.7/site-packages/airflow/example_dags/example_subdag_operator.py
[2024-06-22T13:12:54.734+0000] {processor.py:743} INFO - Processing file /home/airflow/.local/lib/python3.7/site-packages/airflow/example_dags/example_subdag_operator.py for tasks to queue
[2024-06-22T13:12:54.735+0000] {logging_mixin.py:137} INFO - [2024-06-22T13:12:54.735+0000] {dagbag.py:538} INFO - Filling up the DagBag from /home/airflow/.local/lib/python3.7/site-packages/airflow/example_dags/example_subdag_operator.py
[2024-06-22T13:12:54.772+0000] {processor.py:753} INFO - DAG(s) dict_keys(['example_subdag_operator.section-1', 'example_subdag_operator.section-2', 'example_subdag_operator']) retrieved from /home/airflow/.local/lib/python3.7/site-packages/airflow/example_dags/example_subdag_operator.py
[2024-06-22T13:12:54.812+0000] {logging_mixin.py:137} INFO - [2024-06-22T13:12:54.812+0000] {dag.py:2676} INFO - Sync 3 DAGs
[2024-06-22T13:12:54.839+0000] {logging_mixin.py:137} INFO - [2024-06-22T13:12:54.839+0000] {dag.py:3427} INFO - Setting next_dagrun for example_subdag_operator to 2022-01-01T00:00:00+00:00, run_after=2022-01-01T00:00:00+00:00
[2024-06-22T13:12:54.845+0000] {logging_mixin.py:137} INFO - [2024-06-22T13:12:54.844+0000] {dag.py:3427} INFO - Setting next_dagrun for example_subdag_operator.section-1 to None, run_after=None
[2024-06-22T13:12:54.847+0000] {logging_mixin.py:137} INFO - [2024-06-22T13:12:54.847+0000] {dag.py:3427} INFO - Setting next_dagrun for example_subdag_operator.section-2 to None, run_after=None
[2024-06-22T13:12:54.857+0000] {logging_mixin.py:137} INFO - [2024-06-22T13:12:54.857+0000] {dag.py:2676} INFO - Sync 2 DAGs
[2024-06-22T13:12:54.866+0000] {logging_mixin.py:137} INFO - [2024-06-22T13:12:54.865+0000] {dag.py:3427} INFO - Setting next_dagrun for example_subdag_operator.section-1 to None, run_after=None
[2024-06-22T13:12:54.866+0000] {logging_mixin.py:137} INFO - [2024-06-22T13:12:54.866+0000] {dag.py:3427} INFO - Setting next_dagrun for example_subdag_operator.section-2 to None, run_after=None
[2024-06-22T13:12:54.882+0000] {processor.py:175} INFO - Processing /home/airflow/.local/lib/python3.7/site-packages/airflow/example_dags/example_subdag_operator.py took 0.153 seconds
[2024-06-22T13:13:25.433+0000] {processor.py:153} INFO - Started process (PID=238) to work on /home/airflow/.local/lib/python3.7/site-packages/airflow/example_dags/example_subdag_operator.py
[2024-06-22T13:13:25.434+0000] {processor.py:743} INFO - Processing file /home/airflow/.local/lib/python3.7/site-packages/airflow/example_dags/example_subdag_operator.py for tasks to queue
[2024-06-22T13:13:25.435+0000] {logging_mixin.py:137} INFO - [2024-06-22T13:13:25.435+0000] {dagbag.py:538} INFO - Filling up the DagBag from /home/airflow/.local/lib/python3.7/site-packages/airflow/example_dags/example_subdag_operator.py
[2024-06-22T13:13:25.468+0000] {processor.py:753} INFO - DAG(s) dict_keys(['example_subdag_operator.section-1', 'example_subdag_operator.section-2', 'example_subdag_operator']) retrieved from /home/airflow/.local/lib/python3.7/site-packages/airflow/example_dags/example_subdag_operator.py
[2024-06-22T13:13:25.513+0000] {logging_mixin.py:137} INFO - [2024-06-22T13:13:25.513+0000] {dag.py:2676} INFO - Sync 3 DAGs
[2024-06-22T13:13:25.539+0000] {logging_mixin.py:137} INFO - [2024-06-22T13:13:25.539+0000] {dag.py:3427} INFO - Setting next_dagrun for example_subdag_operator to 2022-01-01T00:00:00+00:00, run_after=2022-01-01T00:00:00+00:00
[2024-06-22T13:13:25.543+0000] {logging_mixin.py:137} INFO - [2024-06-22T13:13:25.543+0000] {dag.py:3427} INFO - Setting next_dagrun for example_subdag_operator.section-1 to None, run_after=None
[2024-06-22T13:13:25.545+0000] {logging_mixin.py:137} INFO - [2024-06-22T13:13:25.544+0000] {dag.py:3427} INFO - Setting next_dagrun for example_subdag_operator.section-2 to None, run_after=None
[2024-06-22T13:13:25.556+0000] {logging_mixin.py:137} INFO - [2024-06-22T13:13:25.556+0000] {dag.py:2676} INFO - Sync 2 DAGs
[2024-06-22T13:13:25.567+0000] {logging_mixin.py:137} INFO - [2024-06-22T13:13:25.567+0000] {dag.py:3427} INFO - Setting next_dagrun for example_subdag_operator.section-1 to None, run_after=None
[2024-06-22T13:13:25.568+0000] {logging_mixin.py:137} INFO - [2024-06-22T13:13:25.568+0000] {dag.py:3427} INFO - Setting next_dagrun for example_subdag_operator.section-2 to None, run_after=None
[2024-06-22T13:13:25.586+0000] {processor.py:175} INFO - Processing /home/airflow/.local/lib/python3.7/site-packages/airflow/example_dags/example_subdag_operator.py took 0.156 seconds
[2024-06-22T13:13:57.042+0000] {processor.py:153} INFO - Started process (PID=280) to work on /home/airflow/.local/lib/python3.7/site-packages/airflow/example_dags/example_subdag_operator.py
[2024-06-22T13:13:57.044+0000] {processor.py:743} INFO - Processing file /home/airflow/.local/lib/python3.7/site-packages/airflow/example_dags/example_subdag_operator.py for tasks to queue
[2024-06-22T13:13:57.045+0000] {logging_mixin.py:137} INFO - [2024-06-22T13:13:57.045+0000] {dagbag.py:538} INFO - Filling up the DagBag from /home/airflow/.local/lib/python3.7/site-packages/airflow/example_dags/example_subdag_operator.py
[2024-06-22T13:13:57.082+0000] {processor.py:753} INFO - DAG(s) dict_keys(['example_subdag_operator.section-1', 'example_subdag_operator.section-2', 'example_subdag_operator']) retrieved from /home/airflow/.local/lib/python3.7/site-packages/airflow/example_dags/example_subdag_operator.py
[2024-06-22T13:13:57.120+0000] {logging_mixin.py:137} INFO - [2024-06-22T13:13:57.120+0000] {dag.py:2676} INFO - Sync 3 DAGs
[2024-06-22T13:13:57.148+0000] {logging_mixin.py:137} INFO - [2024-06-22T13:13:57.148+0000] {dag.py:3427} INFO - Setting next_dagrun for example_subdag_operator to 2022-01-01T00:00:00+00:00, run_after=2022-01-01T00:00:00+00:00
[2024-06-22T13:13:57.152+0000] {logging_mixin.py:137} INFO - [2024-06-22T13:13:57.152+0000] {dag.py:3427} INFO - Setting next_dagrun for example_subdag_operator.section-1 to None, run_after=None
[2024-06-22T13:13:57.155+0000] {logging_mixin.py:137} INFO - [2024-06-22T13:13:57.155+0000] {dag.py:3427} INFO - Setting next_dagrun for example_subdag_operator.section-2 to None, run_after=None
[2024-06-22T13:13:57.166+0000] {logging_mixin.py:137} INFO - [2024-06-22T13:13:57.166+0000] {dag.py:2676} INFO - Sync 2 DAGs
[2024-06-22T13:13:57.175+0000] {logging_mixin.py:137} INFO - [2024-06-22T13:13:57.175+0000] {dag.py:3427} INFO - Setting next_dagrun for example_subdag_operator.section-1 to None, run_after=None
[2024-06-22T13:13:57.176+0000] {logging_mixin.py:137} INFO - [2024-06-22T13:13:57.176+0000] {dag.py:3427} INFO - Setting next_dagrun for example_subdag_operator.section-2 to None, run_after=None
[2024-06-22T13:13:57.194+0000] {processor.py:175} INFO - Processing /home/airflow/.local/lib/python3.7/site-packages/airflow/example_dags/example_subdag_operator.py took 0.158 seconds
[2024-06-22T13:14:27.908+0000] {processor.py:153} INFO - Started process (PID=322) to work on /home/airflow/.local/lib/python3.7/site-packages/airflow/example_dags/example_subdag_operator.py
[2024-06-22T13:14:27.909+0000] {processor.py:743} INFO - Processing file /home/airflow/.local/lib/python3.7/site-packages/airflow/example_dags/example_subdag_operator.py for tasks to queue
[2024-06-22T13:14:27.910+0000] {logging_mixin.py:137} INFO - [2024-06-22T13:14:27.910+0000] {dagbag.py:538} INFO - Filling up the DagBag from /home/airflow/.local/lib/python3.7/site-packages/airflow/example_dags/example_subdag_operator.py
[2024-06-22T13:14:27.942+0000] {processor.py:753} INFO - DAG(s) dict_keys(['example_subdag_operator.section-1', 'example_subdag_operator.section-2', 'example_subdag_operator']) retrieved from /home/airflow/.local/lib/python3.7/site-packages/airflow/example_dags/example_subdag_operator.py
[2024-06-22T13:14:27.973+0000] {logging_mixin.py:137} INFO - [2024-06-22T13:14:27.973+0000] {dag.py:2676} INFO - Sync 3 DAGs
[2024-06-22T13:14:27.999+0000] {logging_mixin.py:137} INFO - [2024-06-22T13:14:27.999+0000] {dag.py:3427} INFO - Setting next_dagrun for example_subdag_operator to 2022-01-01T00:00:00+00:00, run_after=2022-01-01T00:00:00+00:00
[2024-06-22T13:14:28.003+0000] {logging_mixin.py:137} INFO - [2024-06-22T13:14:28.003+0000] {dag.py:3427} INFO - Setting next_dagrun for example_subdag_operator.section-1 to None, run_after=None
[2024-06-22T13:14:28.005+0000] {logging_mixin.py:137} INFO - [2024-06-22T13:14:28.004+0000] {dag.py:3427} INFO - Setting next_dagrun for example_subdag_operator.section-2 to None, run_after=None
[2024-06-22T13:14:28.014+0000] {logging_mixin.py:137} INFO - [2024-06-22T13:14:28.014+0000] {dag.py:2676} INFO - Sync 2 DAGs
[2024-06-22T13:14:28.023+0000] {logging_mixin.py:137} INFO - [2024-06-22T13:14:28.023+0000] {dag.py:3427} INFO - Setting next_dagrun for example_subdag_operator.section-1 to None, run_after=None
[2024-06-22T13:14:28.024+0000] {logging_mixin.py:137} INFO - [2024-06-22T13:14:28.024+0000] {dag.py:3427} INFO - Setting next_dagrun for example_subdag_operator.section-2 to None, run_after=None
[2024-06-22T13:14:28.042+0000] {processor.py:175} INFO - Processing /home/airflow/.local/lib/python3.7/site-packages/airflow/example_dags/example_subdag_operator.py took 0.137 seconds
[2024-06-22T13:14:58.929+0000] {processor.py:153} INFO - Started process (PID=364) to work on /home/airflow/.local/lib/python3.7/site-packages/airflow/example_dags/example_subdag_operator.py
[2024-06-22T13:14:58.930+0000] {processor.py:743} INFO - Processing file /home/airflow/.local/lib/python3.7/site-packages/airflow/example_dags/example_subdag_operator.py for tasks to queue
[2024-06-22T13:14:58.932+0000] {logging_mixin.py:137} INFO - [2024-06-22T13:14:58.931+0000] {dagbag.py:538} INFO - Filling up the DagBag from /home/airflow/.local/lib/python3.7/site-packages/airflow/example_dags/example_subdag_operator.py
[2024-06-22T13:14:58.969+0000] {processor.py:753} INFO - DAG(s) dict_keys(['example_subdag_operator.section-1', 'example_subdag_operator.section-2', 'example_subdag_operator']) retrieved from /home/airflow/.local/lib/python3.7/site-packages/airflow/example_dags/example_subdag_operator.py
[2024-06-22T13:14:59.007+0000] {logging_mixin.py:137} INFO - [2024-06-22T13:14:59.007+0000] {dag.py:2676} INFO - Sync 3 DAGs
[2024-06-22T13:14:59.067+0000] {logging_mixin.py:137} INFO - [2024-06-22T13:14:59.067+0000] {dag.py:3427} INFO - Setting next_dagrun for example_subdag_operator to 2022-01-01T00:00:00+00:00, run_after=2022-01-01T00:00:00+00:00
[2024-06-22T13:14:59.073+0000] {logging_mixin.py:137} INFO - [2024-06-22T13:14:59.072+0000] {dag.py:3427} INFO - Setting next_dagrun for example_subdag_operator.section-1 to None, run_after=None
[2024-06-22T13:14:59.074+0000] {logging_mixin.py:137} INFO - [2024-06-22T13:14:59.074+0000] {dag.py:3427} INFO - Setting next_dagrun for example_subdag_operator.section-2 to None, run_after=None
[2024-06-22T13:14:59.086+0000] {logging_mixin.py:137} INFO - [2024-06-22T13:14:59.086+0000] {dag.py:2676} INFO - Sync 2 DAGs
[2024-06-22T13:14:59.097+0000] {logging_mixin.py:137} INFO - [2024-06-22T13:14:59.097+0000] {dag.py:3427} INFO - Setting next_dagrun for example_subdag_operator.section-1 to None, run_after=None
[2024-06-22T13:14:59.098+0000] {logging_mixin.py:137} INFO - [2024-06-22T13:14:59.098+0000] {dag.py:3427} INFO - Setting next_dagrun for example_subdag_operator.section-2 to None, run_after=None
[2024-06-22T13:14:59.116+0000] {processor.py:175} INFO - Processing /home/airflow/.local/lib/python3.7/site-packages/airflow/example_dags/example_subdag_operator.py took 0.192 seconds
[2024-06-22T13:15:29.191+0000] {processor.py:153} INFO - Started process (PID=405) to work on /home/airflow/.local/lib/python3.7/site-packages/airflow/example_dags/example_subdag_operator.py
[2024-06-22T13:15:29.193+0000] {processor.py:743} INFO - Processing file /home/airflow/.local/lib/python3.7/site-packages/airflow/example_dags/example_subdag_operator.py for tasks to queue
[2024-06-22T13:15:29.194+0000] {logging_mixin.py:137} INFO - [2024-06-22T13:15:29.194+0000] {dagbag.py:538} INFO - Filling up the DagBag from /home/airflow/.local/lib/python3.7/site-packages/airflow/example_dags/example_subdag_operator.py
[2024-06-22T13:15:29.229+0000] {processor.py:753} INFO - DAG(s) dict_keys(['example_subdag_operator.section-1', 'example_subdag_operator.section-2', 'example_subdag_operator']) retrieved from /home/airflow/.local/lib/python3.7/site-packages/airflow/example_dags/example_subdag_operator.py
[2024-06-22T13:15:29.261+0000] {logging_mixin.py:137} INFO - [2024-06-22T13:15:29.261+0000] {dag.py:2676} INFO - Sync 3 DAGs
[2024-06-22T13:15:29.289+0000] {logging_mixin.py:137} INFO - [2024-06-22T13:15:29.289+0000] {dag.py:3427} INFO - Setting next_dagrun for example_subdag_operator to 2022-01-01T00:00:00+00:00, run_after=2022-01-01T00:00:00+00:00
[2024-06-22T13:15:29.293+0000] {logging_mixin.py:137} INFO - [2024-06-22T13:15:29.293+0000] {dag.py:3427} INFO - Setting next_dagrun for example_subdag_operator.section-1 to None, run_after=None
[2024-06-22T13:15:29.295+0000] {logging_mixin.py:137} INFO - [2024-06-22T13:15:29.295+0000] {dag.py:3427} INFO - Setting next_dagrun for example_subdag_operator.section-2 to None, run_after=None
[2024-06-22T13:15:29.303+0000] {logging_mixin.py:137} INFO - [2024-06-22T13:15:29.303+0000] {dag.py:2676} INFO - Sync 2 DAGs
[2024-06-22T13:15:29.310+0000] {logging_mixin.py:137} INFO - [2024-06-22T13:15:29.310+0000] {dag.py:3427} INFO - Setting next_dagrun for example_subdag_operator.section-1 to None, run_after=None
[2024-06-22T13:15:29.311+0000] {logging_mixin.py:137} INFO - [2024-06-22T13:15:29.311+0000] {dag.py:3427} INFO - Setting next_dagrun for example_subdag_operator.section-2 to None, run_after=None
[2024-06-22T13:15:29.327+0000] {processor.py:175} INFO - Processing /home/airflow/.local/lib/python3.7/site-packages/airflow/example_dags/example_subdag_operator.py took 0.140 seconds
[2024-06-22T13:16:00.205+0000] {processor.py:153} INFO - Started process (PID=446) to work on /home/airflow/.local/lib/python3.7/site-packages/airflow/example_dags/example_subdag_operator.py
[2024-06-22T13:16:00.206+0000] {processor.py:743} INFO - Processing file /home/airflow/.local/lib/python3.7/site-packages/airflow/example_dags/example_subdag_operator.py for tasks to queue
[2024-06-22T13:16:00.207+0000] {logging_mixin.py:137} INFO - [2024-06-22T13:16:00.207+0000] {dagbag.py:538} INFO - Filling up the DagBag from /home/airflow/.local/lib/python3.7/site-packages/airflow/example_dags/example_subdag_operator.py
[2024-06-22T13:16:00.252+0000] {processor.py:753} INFO - DAG(s) dict_keys(['example_subdag_operator.section-1', 'example_subdag_operator.section-2', 'example_subdag_operator']) retrieved from /home/airflow/.local/lib/python3.7/site-packages/airflow/example_dags/example_subdag_operator.py
[2024-06-22T13:16:00.294+0000] {logging_mixin.py:137} INFO - [2024-06-22T13:16:00.294+0000] {dag.py:2676} INFO - Sync 3 DAGs
[2024-06-22T13:16:00.326+0000] {logging_mixin.py:137} INFO - [2024-06-22T13:16:00.326+0000] {dag.py:3427} INFO - Setting next_dagrun for example_subdag_operator to 2022-01-01T00:00:00+00:00, run_after=2022-01-01T00:00:00+00:00
[2024-06-22T13:16:00.331+0000] {logging_mixin.py:137} INFO - [2024-06-22T13:16:00.330+0000] {dag.py:3427} INFO - Setting next_dagrun for example_subdag_operator.section-1 to None, run_after=None
[2024-06-22T13:16:00.333+0000] {logging_mixin.py:137} INFO - [2024-06-22T13:16:00.332+0000] {dag.py:3427} INFO - Setting next_dagrun for example_subdag_operator.section-2 to None, run_after=None
[2024-06-22T13:16:00.342+0000] {logging_mixin.py:137} INFO - [2024-06-22T13:16:00.342+0000] {dag.py:2676} INFO - Sync 2 DAGs
[2024-06-22T13:16:00.349+0000] {logging_mixin.py:137} INFO - [2024-06-22T13:16:00.349+0000] {dag.py:3427} INFO - Setting next_dagrun for example_subdag_operator.section-1 to None, run_after=None
[2024-06-22T13:16:00.349+0000] {logging_mixin.py:137} INFO - [2024-06-22T13:16:00.349+0000] {dag.py:3427} INFO - Setting next_dagrun for example_subdag_operator.section-2 to None, run_after=None
[2024-06-22T13:16:00.365+0000] {processor.py:175} INFO - Processing /home/airflow/.local/lib/python3.7/site-packages/airflow/example_dags/example_subdag_operator.py took 0.165 seconds
[2024-06-22T13:16:31.185+0000] {processor.py:153} INFO - Started process (PID=487) to work on /home/airflow/.local/lib/python3.7/site-packages/airflow/example_dags/example_subdag_operator.py
[2024-06-22T13:16:31.186+0000] {processor.py:743} INFO - Processing file /home/airflow/.local/lib/python3.7/site-packages/airflow/example_dags/example_subdag_operator.py for tasks to queue
[2024-06-22T13:16:31.187+0000] {logging_mixin.py:137} INFO - [2024-06-22T13:16:31.187+0000] {dagbag.py:538} INFO - Filling up the DagBag from /home/airflow/.local/lib/python3.7/site-packages/airflow/example_dags/example_subdag_operator.py
[2024-06-22T13:16:31.222+0000] {processor.py:753} INFO - DAG(s) dict_keys(['example_subdag_operator.section-1', 'example_subdag_operator.section-2', 'example_subdag_operator']) retrieved from /home/airflow/.local/lib/python3.7/site-packages/airflow/example_dags/example_subdag_operator.py
[2024-06-22T13:16:31.253+0000] {logging_mixin.py:137} INFO - [2024-06-22T13:16:31.253+0000] {dag.py:2676} INFO - Sync 3 DAGs
[2024-06-22T13:16:31.277+0000] {logging_mixin.py:137} INFO - [2024-06-22T13:16:31.277+0000] {dag.py:3427} INFO - Setting next_dagrun for example_subdag_operator to 2022-01-01T00:00:00+00:00, run_after=2022-01-01T00:00:00+00:00
[2024-06-22T13:16:31.282+0000] {logging_mixin.py:137} INFO - [2024-06-22T13:16:31.282+0000] {dag.py:3427} INFO - Setting next_dagrun for example_subdag_operator.section-1 to None, run_after=None
[2024-06-22T13:16:31.284+0000] {logging_mixin.py:137} INFO - [2024-06-22T13:16:31.284+0000] {dag.py:3427} INFO - Setting next_dagrun for example_subdag_operator.section-2 to None, run_after=None
[2024-06-22T13:16:31.292+0000] {logging_mixin.py:137} INFO - [2024-06-22T13:16:31.292+0000] {dag.py:2676} INFO - Sync 2 DAGs
[2024-06-22T13:16:31.299+0000] {logging_mixin.py:137} INFO - [2024-06-22T13:16:31.299+0000] {dag.py:3427} INFO - Setting next_dagrun for example_subdag_operator.section-1 to None, run_after=None
[2024-06-22T13:16:31.300+0000] {logging_mixin.py:137} INFO - [2024-06-22T13:16:31.300+0000] {dag.py:3427} INFO - Setting next_dagrun for example_subdag_operator.section-2 to None, run_after=None
[2024-06-22T13:16:31.317+0000] {processor.py:175} INFO - Processing /home/airflow/.local/lib/python3.7/site-packages/airflow/example_dags/example_subdag_operator.py took 0.135 seconds
[2024-06-22T13:17:01.685+0000] {processor.py:153} INFO - Started process (PID=529) to work on /home/airflow/.local/lib/python3.7/site-packages/airflow/example_dags/example_subdag_operator.py
[2024-06-22T13:17:01.686+0000] {processor.py:743} INFO - Processing file /home/airflow/.local/lib/python3.7/site-packages/airflow/example_dags/example_subdag_operator.py for tasks to queue
[2024-06-22T13:17:01.687+0000] {logging_mixin.py:137} INFO - [2024-06-22T13:17:01.687+0000] {dagbag.py:538} INFO - Filling up the DagBag from /home/airflow/.local/lib/python3.7/site-packages/airflow/example_dags/example_subdag_operator.py
[2024-06-22T13:17:01.721+0000] {processor.py:753} INFO - DAG(s) dict_keys(['example_subdag_operator.section-1', 'example_subdag_operator.section-2', 'example_subdag_operator']) retrieved from /home/airflow/.local/lib/python3.7/site-packages/airflow/example_dags/example_subdag_operator.py
[2024-06-22T13:17:01.755+0000] {logging_mixin.py:137} INFO - [2024-06-22T13:17:01.755+0000] {dag.py:2676} INFO - Sync 3 DAGs
[2024-06-22T13:17:01.780+0000] {logging_mixin.py:137} INFO - [2024-06-22T13:17:01.780+0000] {dag.py:3427} INFO - Setting next_dagrun for example_subdag_operator to 2022-01-01T00:00:00+00:00, run_after=2022-01-01T00:00:00+00:00
[2024-06-22T13:17:01.785+0000] {logging_mixin.py:137} INFO - [2024-06-22T13:17:01.784+0000] {dag.py:3427} INFO - Setting next_dagrun for example_subdag_operator.section-1 to None, run_after=None
[2024-06-22T13:17:01.787+0000] {logging_mixin.py:137} INFO - [2024-06-22T13:17:01.787+0000] {dag.py:3427} INFO - Setting next_dagrun for example_subdag_operator.section-2 to None, run_after=None
[2024-06-22T13:17:01.795+0000] {logging_mixin.py:137} INFO - [2024-06-22T13:17:01.795+0000] {dag.py:2676} INFO - Sync 2 DAGs
[2024-06-22T13:17:01.803+0000] {logging_mixin.py:137} INFO - [2024-06-22T13:17:01.802+0000] {dag.py:3427} INFO - Setting next_dagrun for example_subdag_operator.section-1 to None, run_after=None
[2024-06-22T13:17:01.803+0000] {logging_mixin.py:137} INFO - [2024-06-22T13:17:01.803+0000] {dag.py:3427} INFO - Setting next_dagrun for example_subdag_operator.section-2 to None, run_after=None
[2024-06-22T13:17:01.823+0000] {processor.py:175} INFO - Processing /home/airflow/.local/lib/python3.7/site-packages/airflow/example_dags/example_subdag_operator.py took 0.142 seconds
[2024-06-22T13:17:32.506+0000] {processor.py:153} INFO - Started process (PID=571) to work on /home/airflow/.local/lib/python3.7/site-packages/airflow/example_dags/example_subdag_operator.py
[2024-06-22T13:17:32.508+0000] {processor.py:743} INFO - Processing file /home/airflow/.local/lib/python3.7/site-packages/airflow/example_dags/example_subdag_operator.py for tasks to queue
[2024-06-22T13:17:32.510+0000] {logging_mixin.py:137} INFO - [2024-06-22T13:17:32.509+0000] {dagbag.py:538} INFO - Filling up the DagBag from /home/airflow/.local/lib/python3.7/site-packages/airflow/example_dags/example_subdag_operator.py
[2024-06-22T13:17:32.555+0000] {processor.py:753} INFO - DAG(s) dict_keys(['example_subdag_operator.section-1', 'example_subdag_operator.section-2', 'example_subdag_operator']) retrieved from /home/airflow/.local/lib/python3.7/site-packages/airflow/example_dags/example_subdag_operator.py
[2024-06-22T13:17:32.591+0000] {logging_mixin.py:137} INFO - [2024-06-22T13:17:32.591+0000] {dag.py:2676} INFO - Sync 3 DAGs
[2024-06-22T13:17:32.621+0000] {logging_mixin.py:137} INFO - [2024-06-22T13:17:32.621+0000] {dag.py:3427} INFO - Setting next_dagrun for example_subdag_operator to 2022-01-01T00:00:00+00:00, run_after=2022-01-01T00:00:00+00:00
[2024-06-22T13:17:32.625+0000] {logging_mixin.py:137} INFO - [2024-06-22T13:17:32.625+0000] {dag.py:3427} INFO - Setting next_dagrun for example_subdag_operator.section-1 to None, run_after=None
[2024-06-22T13:17:32.628+0000] {logging_mixin.py:137} INFO - [2024-06-22T13:17:32.627+0000] {dag.py:3427} INFO - Setting next_dagrun for example_subdag_operator.section-2 to None, run_after=None
[2024-06-22T13:17:32.637+0000] {logging_mixin.py:137} INFO - [2024-06-22T13:17:32.636+0000] {dag.py:2676} INFO - Sync 2 DAGs
[2024-06-22T13:17:32.646+0000] {logging_mixin.py:137} INFO - [2024-06-22T13:17:32.646+0000] {dag.py:3427} INFO - Setting next_dagrun for example_subdag_operator.section-1 to None, run_after=None
[2024-06-22T13:17:32.647+0000] {logging_mixin.py:137} INFO - [2024-06-22T13:17:32.647+0000] {dag.py:3427} INFO - Setting next_dagrun for example_subdag_operator.section-2 to None, run_after=None
[2024-06-22T13:17:32.665+0000] {processor.py:175} INFO - Processing /home/airflow/.local/lib/python3.7/site-packages/airflow/example_dags/example_subdag_operator.py took 0.165 seconds
[2024-06-22T13:18:02.858+0000] {processor.py:153} INFO - Started process (PID=613) to work on /home/airflow/.local/lib/python3.7/site-packages/airflow/example_dags/example_subdag_operator.py
[2024-06-22T13:18:02.859+0000] {processor.py:743} INFO - Processing file /home/airflow/.local/lib/python3.7/site-packages/airflow/example_dags/example_subdag_operator.py for tasks to queue
[2024-06-22T13:18:02.860+0000] {logging_mixin.py:137} INFO - [2024-06-22T13:18:02.860+0000] {dagbag.py:538} INFO - Filling up the DagBag from /home/airflow/.local/lib/python3.7/site-packages/airflow/example_dags/example_subdag_operator.py
[2024-06-22T13:18:02.902+0000] {processor.py:753} INFO - DAG(s) dict_keys(['example_subdag_operator.section-1', 'example_subdag_operator.section-2', 'example_subdag_operator']) retrieved from /home/airflow/.local/lib/python3.7/site-packages/airflow/example_dags/example_subdag_operator.py
[2024-06-22T13:18:02.936+0000] {logging_mixin.py:137} INFO - [2024-06-22T13:18:02.935+0000] {dag.py:2676} INFO - Sync 3 DAGs
[2024-06-22T13:18:02.963+0000] {logging_mixin.py:137} INFO - [2024-06-22T13:18:02.963+0000] {dag.py:3427} INFO - Setting next_dagrun for example_subdag_operator to 2022-01-01T00:00:00+00:00, run_after=2022-01-01T00:00:00+00:00
[2024-06-22T13:18:02.968+0000] {logging_mixin.py:137} INFO - [2024-06-22T13:18:02.968+0000] {dag.py:3427} INFO - Setting next_dagrun for example_subdag_operator.section-1 to None, run_after=None
[2024-06-22T13:18:02.970+0000] {logging_mixin.py:137} INFO - [2024-06-22T13:18:02.970+0000] {dag.py:3427} INFO - Setting next_dagrun for example_subdag_operator.section-2 to None, run_after=None
[2024-06-22T13:18:02.980+0000] {logging_mixin.py:137} INFO - [2024-06-22T13:18:02.979+0000] {dag.py:2676} INFO - Sync 2 DAGs
[2024-06-22T13:18:02.987+0000] {logging_mixin.py:137} INFO - [2024-06-22T13:18:02.986+0000] {dag.py:3427} INFO - Setting next_dagrun for example_subdag_operator.section-1 to None, run_after=None
[2024-06-22T13:18:02.988+0000] {logging_mixin.py:137} INFO - [2024-06-22T13:18:02.988+0000] {dag.py:3427} INFO - Setting next_dagrun for example_subdag_operator.section-2 to None, run_after=None
[2024-06-22T13:18:03.007+0000] {processor.py:175} INFO - Processing /home/airflow/.local/lib/python3.7/site-packages/airflow/example_dags/example_subdag_operator.py took 0.153 seconds
[2024-06-22T13:18:33.367+0000] {processor.py:153} INFO - Started process (PID=655) to work on /home/airflow/.local/lib/python3.7/site-packages/airflow/example_dags/example_subdag_operator.py
[2024-06-22T13:18:33.368+0000] {processor.py:743} INFO - Processing file /home/airflow/.local/lib/python3.7/site-packages/airflow/example_dags/example_subdag_operator.py for tasks to queue
[2024-06-22T13:18:33.369+0000] {logging_mixin.py:137} INFO - [2024-06-22T13:18:33.369+0000] {dagbag.py:538} INFO - Filling up the DagBag from /home/airflow/.local/lib/python3.7/site-packages/airflow/example_dags/example_subdag_operator.py
[2024-06-22T13:18:33.404+0000] {processor.py:753} INFO - DAG(s) dict_keys(['example_subdag_operator.section-1', 'example_subdag_operator.section-2', 'example_subdag_operator']) retrieved from /home/airflow/.local/lib/python3.7/site-packages/airflow/example_dags/example_subdag_operator.py
[2024-06-22T13:18:33.434+0000] {logging_mixin.py:137} INFO - [2024-06-22T13:18:33.434+0000] {dag.py:2676} INFO - Sync 3 DAGs
[2024-06-22T13:18:33.458+0000] {logging_mixin.py:137} INFO - [2024-06-22T13:18:33.458+0000] {dag.py:3427} INFO - Setting next_dagrun for example_subdag_operator to 2022-01-01T00:00:00+00:00, run_after=2022-01-01T00:00:00+00:00
[2024-06-22T13:18:33.462+0000] {logging_mixin.py:137} INFO - [2024-06-22T13:18:33.462+0000] {dag.py:3427} INFO - Setting next_dagrun for example_subdag_operator.section-1 to None, run_after=None
[2024-06-22T13:18:33.464+0000] {logging_mixin.py:137} INFO - [2024-06-22T13:18:33.464+0000] {dag.py:3427} INFO - Setting next_dagrun for example_subdag_operator.section-2 to None, run_after=None
[2024-06-22T13:18:33.472+0000] {logging_mixin.py:137} INFO - [2024-06-22T13:18:33.472+0000] {dag.py:2676} INFO - Sync 2 DAGs
[2024-06-22T13:18:33.479+0000] {logging_mixin.py:137} INFO - [2024-06-22T13:18:33.479+0000] {dag.py:3427} INFO - Setting next_dagrun for example_subdag_operator.section-1 to None, run_after=None
[2024-06-22T13:18:33.480+0000] {logging_mixin.py:137} INFO - [2024-06-22T13:18:33.479+0000] {dag.py:3427} INFO - Setting next_dagrun for example_subdag_operator.section-2 to None, run_after=None
[2024-06-22T13:18:33.498+0000] {processor.py:175} INFO - Processing /home/airflow/.local/lib/python3.7/site-packages/airflow/example_dags/example_subdag_operator.py took 0.134 seconds
[2024-06-22T13:19:03.619+0000] {processor.py:153} INFO - Started process (PID=697) to work on /home/airflow/.local/lib/python3.7/site-packages/airflow/example_dags/example_subdag_operator.py
[2024-06-22T13:19:03.620+0000] {processor.py:743} INFO - Processing file /home/airflow/.local/lib/python3.7/site-packages/airflow/example_dags/example_subdag_operator.py for tasks to queue
[2024-06-22T13:19:03.621+0000] {logging_mixin.py:137} INFO - [2024-06-22T13:19:03.620+0000] {dagbag.py:538} INFO - Filling up the DagBag from /home/airflow/.local/lib/python3.7/site-packages/airflow/example_dags/example_subdag_operator.py
[2024-06-22T13:19:03.656+0000] {processor.py:753} INFO - DAG(s) dict_keys(['example_subdag_operator.section-1', 'example_subdag_operator.section-2', 'example_subdag_operator']) retrieved from /home/airflow/.local/lib/python3.7/site-packages/airflow/example_dags/example_subdag_operator.py
[2024-06-22T13:19:03.686+0000] {logging_mixin.py:137} INFO - [2024-06-22T13:19:03.686+0000] {dag.py:2676} INFO - Sync 3 DAGs
[2024-06-22T13:19:03.712+0000] {logging_mixin.py:137} INFO - [2024-06-22T13:19:03.711+0000] {dag.py:3427} INFO - Setting next_dagrun for example_subdag_operator to 2022-01-01T00:00:00+00:00, run_after=2022-01-01T00:00:00+00:00
[2024-06-22T13:19:03.716+0000] {logging_mixin.py:137} INFO - [2024-06-22T13:19:03.716+0000] {dag.py:3427} INFO - Setting next_dagrun for example_subdag_operator.section-1 to None, run_after=None
[2024-06-22T13:19:03.718+0000] {logging_mixin.py:137} INFO - [2024-06-22T13:19:03.718+0000] {dag.py:3427} INFO - Setting next_dagrun for example_subdag_operator.section-2 to None, run_after=None
[2024-06-22T13:19:03.726+0000] {logging_mixin.py:137} INFO - [2024-06-22T13:19:03.726+0000] {dag.py:2676} INFO - Sync 2 DAGs
[2024-06-22T13:19:03.734+0000] {logging_mixin.py:137} INFO - [2024-06-22T13:19:03.733+0000] {dag.py:3427} INFO - Setting next_dagrun for example_subdag_operator.section-1 to None, run_after=None
[2024-06-22T13:19:03.734+0000] {logging_mixin.py:137} INFO - [2024-06-22T13:19:03.734+0000] {dag.py:3427} INFO - Setting next_dagrun for example_subdag_operator.section-2 to None, run_after=None
[2024-06-22T13:19:03.753+0000] {processor.py:175} INFO - Processing /home/airflow/.local/lib/python3.7/site-packages/airflow/example_dags/example_subdag_operator.py took 0.137 seconds
[2024-06-22T13:19:33.931+0000] {processor.py:153} INFO - Started process (PID=739) to work on /home/airflow/.local/lib/python3.7/site-packages/airflow/example_dags/example_subdag_operator.py
[2024-06-22T13:19:33.932+0000] {processor.py:743} INFO - Processing file /home/airflow/.local/lib/python3.7/site-packages/airflow/example_dags/example_subdag_operator.py for tasks to queue
[2024-06-22T13:19:33.933+0000] {logging_mixin.py:137} INFO - [2024-06-22T13:19:33.933+0000] {dagbag.py:538} INFO - Filling up the DagBag from /home/airflow/.local/lib/python3.7/site-packages/airflow/example_dags/example_subdag_operator.py
[2024-06-22T13:19:33.967+0000] {processor.py:753} INFO - DAG(s) dict_keys(['example_subdag_operator.section-1', 'example_subdag_operator.section-2', 'example_subdag_operator']) retrieved from /home/airflow/.local/lib/python3.7/site-packages/airflow/example_dags/example_subdag_operator.py
[2024-06-22T13:19:34.000+0000] {logging_mixin.py:137} INFO - [2024-06-22T13:19:34.000+0000] {dag.py:2676} INFO - Sync 3 DAGs
[2024-06-22T13:19:34.030+0000] {logging_mixin.py:137} INFO - [2024-06-22T13:19:34.029+0000] {dag.py:3427} INFO - Setting next_dagrun for example_subdag_operator to 2022-01-01T00:00:00+00:00, run_after=2022-01-01T00:00:00+00:00
[2024-06-22T13:19:34.034+0000] {logging_mixin.py:137} INFO - [2024-06-22T13:19:34.034+0000] {dag.py:3427} INFO - Setting next_dagrun for example_subdag_operator.section-1 to None, run_after=None
[2024-06-22T13:19:34.036+0000] {logging_mixin.py:137} INFO - [2024-06-22T13:19:34.036+0000] {dag.py:3427} INFO - Setting next_dagrun for example_subdag_operator.section-2 to None, run_after=None
[2024-06-22T13:19:34.046+0000] {logging_mixin.py:137} INFO - [2024-06-22T13:19:34.046+0000] {dag.py:2676} INFO - Sync 2 DAGs
[2024-06-22T13:19:34.054+0000] {logging_mixin.py:137} INFO - [2024-06-22T13:19:34.054+0000] {dag.py:3427} INFO - Setting next_dagrun for example_subdag_operator.section-1 to None, run_after=None
[2024-06-22T13:19:34.055+0000] {logging_mixin.py:137} INFO - [2024-06-22T13:19:34.055+0000] {dag.py:3427} INFO - Setting next_dagrun for example_subdag_operator.section-2 to None, run_after=None
[2024-06-22T13:19:34.073+0000] {processor.py:175} INFO - Processing /home/airflow/.local/lib/python3.7/site-packages/airflow/example_dags/example_subdag_operator.py took 0.145 seconds
[2024-06-22T13:20:04.343+0000] {processor.py:153} INFO - Started process (PID=781) to work on /home/airflow/.local/lib/python3.7/site-packages/airflow/example_dags/example_subdag_operator.py
[2024-06-22T13:20:04.344+0000] {processor.py:743} INFO - Processing file /home/airflow/.local/lib/python3.7/site-packages/airflow/example_dags/example_subdag_operator.py for tasks to queue
[2024-06-22T13:20:04.345+0000] {logging_mixin.py:137} INFO - [2024-06-22T13:20:04.345+0000] {dagbag.py:538} INFO - Filling up the DagBag from /home/airflow/.local/lib/python3.7/site-packages/airflow/example_dags/example_subdag_operator.py
[2024-06-22T13:20:04.386+0000] {processor.py:753} INFO - DAG(s) dict_keys(['example_subdag_operator.section-1', 'example_subdag_operator.section-2', 'example_subdag_operator']) retrieved from /home/airflow/.local/lib/python3.7/site-packages/airflow/example_dags/example_subdag_operator.py
[2024-06-22T13:20:04.422+0000] {logging_mixin.py:137} INFO - [2024-06-22T13:20:04.422+0000] {dag.py:2676} INFO - Sync 3 DAGs
[2024-06-22T13:20:04.449+0000] {logging_mixin.py:137} INFO - [2024-06-22T13:20:04.449+0000] {dag.py:3427} INFO - Setting next_dagrun for example_subdag_operator to 2022-01-01T00:00:00+00:00, run_after=2022-01-01T00:00:00+00:00
[2024-06-22T13:20:04.454+0000] {logging_mixin.py:137} INFO - [2024-06-22T13:20:04.453+0000] {dag.py:3427} INFO - Setting next_dagrun for example_subdag_operator.section-1 to None, run_after=None
[2024-06-22T13:20:04.455+0000] {logging_mixin.py:137} INFO - [2024-06-22T13:20:04.455+0000] {dag.py:3427} INFO - Setting next_dagrun for example_subdag_operator.section-2 to None, run_after=None
[2024-06-22T13:20:04.464+0000] {logging_mixin.py:137} INFO - [2024-06-22T13:20:04.464+0000] {dag.py:2676} INFO - Sync 2 DAGs
[2024-06-22T13:20:04.473+0000] {logging_mixin.py:137} INFO - [2024-06-22T13:20:04.472+0000] {dag.py:3427} INFO - Setting next_dagrun for example_subdag_operator.section-1 to None, run_after=None
[2024-06-22T13:20:04.473+0000] {logging_mixin.py:137} INFO - [2024-06-22T13:20:04.473+0000] {dag.py:3427} INFO - Setting next_dagrun for example_subdag_operator.section-2 to None, run_after=None
[2024-06-22T13:20:04.490+0000] {processor.py:175} INFO - Processing /home/airflow/.local/lib/python3.7/site-packages/airflow/example_dags/example_subdag_operator.py took 0.151 seconds
[2024-06-22T13:20:34.620+0000] {processor.py:153} INFO - Started process (PID=823) to work on /home/airflow/.local/lib/python3.7/site-packages/airflow/example_dags/example_subdag_operator.py
[2024-06-22T13:20:34.621+0000] {processor.py:743} INFO - Processing file /home/airflow/.local/lib/python3.7/site-packages/airflow/example_dags/example_subdag_operator.py for tasks to queue
[2024-06-22T13:20:34.622+0000] {logging_mixin.py:137} INFO - [2024-06-22T13:20:34.622+0000] {dagbag.py:538} INFO - Filling up the DagBag from /home/airflow/.local/lib/python3.7/site-packages/airflow/example_dags/example_subdag_operator.py
[2024-06-22T13:20:34.660+0000] {processor.py:753} INFO - DAG(s) dict_keys(['example_subdag_operator.section-1', 'example_subdag_operator.section-2', 'example_subdag_operator']) retrieved from /home/airflow/.local/lib/python3.7/site-packages/airflow/example_dags/example_subdag_operator.py
[2024-06-22T13:20:34.693+0000] {logging_mixin.py:137} INFO - [2024-06-22T13:20:34.692+0000] {dag.py:2676} INFO - Sync 3 DAGs
[2024-06-22T13:20:34.717+0000] {logging_mixin.py:137} INFO - [2024-06-22T13:20:34.717+0000] {dag.py:3427} INFO - Setting next_dagrun for example_subdag_operator to 2022-01-01T00:00:00+00:00, run_after=2022-01-01T00:00:00+00:00
[2024-06-22T13:20:34.722+0000] {logging_mixin.py:137} INFO - [2024-06-22T13:20:34.721+0000] {dag.py:3427} INFO - Setting next_dagrun for example_subdag_operator.section-1 to None, run_after=None
[2024-06-22T13:20:34.724+0000] {logging_mixin.py:137} INFO - [2024-06-22T13:20:34.723+0000] {dag.py:3427} INFO - Setting next_dagrun for example_subdag_operator.section-2 to None, run_after=None
[2024-06-22T13:20:34.733+0000] {logging_mixin.py:137} INFO - [2024-06-22T13:20:34.732+0000] {dag.py:2676} INFO - Sync 2 DAGs
[2024-06-22T13:20:34.740+0000] {logging_mixin.py:137} INFO - [2024-06-22T13:20:34.740+0000] {dag.py:3427} INFO - Setting next_dagrun for example_subdag_operator.section-1 to None, run_after=None
[2024-06-22T13:20:34.741+0000] {logging_mixin.py:137} INFO - [2024-06-22T13:20:34.741+0000] {dag.py:3427} INFO - Setting next_dagrun for example_subdag_operator.section-2 to None, run_after=None
[2024-06-22T13:20:34.759+0000] {processor.py:175} INFO - Processing /home/airflow/.local/lib/python3.7/site-packages/airflow/example_dags/example_subdag_operator.py took 0.142 seconds
[2024-06-22T13:21:05.325+0000] {processor.py:153} INFO - Started process (PID=865) to work on /home/airflow/.local/lib/python3.7/site-packages/airflow/example_dags/example_subdag_operator.py
[2024-06-22T13:21:05.326+0000] {processor.py:743} INFO - Processing file /home/airflow/.local/lib/python3.7/site-packages/airflow/example_dags/example_subdag_operator.py for tasks to queue
[2024-06-22T13:21:05.328+0000] {logging_mixin.py:137} INFO - [2024-06-22T13:21:05.327+0000] {dagbag.py:538} INFO - Filling up the DagBag from /home/airflow/.local/lib/python3.7/site-packages/airflow/example_dags/example_subdag_operator.py
[2024-06-22T13:21:05.373+0000] {processor.py:753} INFO - DAG(s) dict_keys(['example_subdag_operator.section-1', 'example_subdag_operator.section-2', 'example_subdag_operator']) retrieved from /home/airflow/.local/lib/python3.7/site-packages/airflow/example_dags/example_subdag_operator.py
[2024-06-22T13:21:05.417+0000] {logging_mixin.py:137} INFO - [2024-06-22T13:21:05.417+0000] {dag.py:2676} INFO - Sync 3 DAGs
[2024-06-22T13:21:05.449+0000] {logging_mixin.py:137} INFO - [2024-06-22T13:21:05.449+0000] {dag.py:3427} INFO - Setting next_dagrun for example_subdag_operator to 2022-01-01T00:00:00+00:00, run_after=2022-01-01T00:00:00+00:00
[2024-06-22T13:21:05.456+0000] {logging_mixin.py:137} INFO - [2024-06-22T13:21:05.456+0000] {dag.py:3427} INFO - Setting next_dagrun for example_subdag_operator.section-1 to None, run_after=None
[2024-06-22T13:21:05.461+0000] {logging_mixin.py:137} INFO - [2024-06-22T13:21:05.461+0000] {dag.py:3427} INFO - Setting next_dagrun for example_subdag_operator.section-2 to None, run_after=None
[2024-06-22T13:21:05.476+0000] {logging_mixin.py:137} INFO - [2024-06-22T13:21:05.475+0000] {dag.py:2676} INFO - Sync 2 DAGs
[2024-06-22T13:21:05.486+0000] {logging_mixin.py:137} INFO - [2024-06-22T13:21:05.486+0000] {dag.py:3427} INFO - Setting next_dagrun for example_subdag_operator.section-1 to None, run_after=None
[2024-06-22T13:21:05.488+0000] {logging_mixin.py:137} INFO - [2024-06-22T13:21:05.488+0000] {dag.py:3427} INFO - Setting next_dagrun for example_subdag_operator.section-2 to None, run_after=None
[2024-06-22T13:21:05.512+0000] {processor.py:175} INFO - Processing /home/airflow/.local/lib/python3.7/site-packages/airflow/example_dags/example_subdag_operator.py took 0.191 seconds
[2024-06-22T13:21:35.625+0000] {processor.py:153} INFO - Started process (PID=907) to work on /home/airflow/.local/lib/python3.7/site-packages/airflow/example_dags/example_subdag_operator.py
[2024-06-22T13:21:35.627+0000] {processor.py:743} INFO - Processing file /home/airflow/.local/lib/python3.7/site-packages/airflow/example_dags/example_subdag_operator.py for tasks to queue
[2024-06-22T13:21:35.628+0000] {logging_mixin.py:137} INFO - [2024-06-22T13:21:35.628+0000] {dagbag.py:538} INFO - Filling up the DagBag from /home/airflow/.local/lib/python3.7/site-packages/airflow/example_dags/example_subdag_operator.py
[2024-06-22T13:21:35.687+0000] {processor.py:753} INFO - DAG(s) dict_keys(['example_subdag_operator.section-1', 'example_subdag_operator.section-2', 'example_subdag_operator']) retrieved from /home/airflow/.local/lib/python3.7/site-packages/airflow/example_dags/example_subdag_operator.py
[2024-06-22T13:21:35.756+0000] {logging_mixin.py:137} INFO - [2024-06-22T13:21:35.756+0000] {dag.py:2676} INFO - Sync 3 DAGs
[2024-06-22T13:21:35.803+0000] {logging_mixin.py:137} INFO - [2024-06-22T13:21:35.802+0000] {dag.py:3427} INFO - Setting next_dagrun for example_subdag_operator to 2022-01-01T00:00:00+00:00, run_after=2022-01-01T00:00:00+00:00
[2024-06-22T13:21:35.808+0000] {logging_mixin.py:137} INFO - [2024-06-22T13:21:35.807+0000] {dag.py:3427} INFO - Setting next_dagrun for example_subdag_operator.section-1 to None, run_after=None
[2024-06-22T13:21:35.810+0000] {logging_mixin.py:137} INFO - [2024-06-22T13:21:35.809+0000] {dag.py:3427} INFO - Setting next_dagrun for example_subdag_operator.section-2 to None, run_after=None
[2024-06-22T13:21:35.819+0000] {logging_mixin.py:137} INFO - [2024-06-22T13:21:35.819+0000] {dag.py:2676} INFO - Sync 2 DAGs
[2024-06-22T13:21:35.827+0000] {logging_mixin.py:137} INFO - [2024-06-22T13:21:35.827+0000] {dag.py:3427} INFO - Setting next_dagrun for example_subdag_operator.section-1 to None, run_after=None
[2024-06-22T13:21:35.828+0000] {logging_mixin.py:137} INFO - [2024-06-22T13:21:35.827+0000] {dag.py:3427} INFO - Setting next_dagrun for example_subdag_operator.section-2 to None, run_after=None
[2024-06-22T13:21:35.843+0000] {processor.py:175} INFO - Processing /home/airflow/.local/lib/python3.7/site-packages/airflow/example_dags/example_subdag_operator.py took 0.222 seconds
[2024-06-22T13:22:06.134+0000] {processor.py:153} INFO - Started process (PID=949) to work on /home/airflow/.local/lib/python3.7/site-packages/airflow/example_dags/example_subdag_operator.py
[2024-06-22T13:22:06.135+0000] {processor.py:743} INFO - Processing file /home/airflow/.local/lib/python3.7/site-packages/airflow/example_dags/example_subdag_operator.py for tasks to queue
[2024-06-22T13:22:06.136+0000] {logging_mixin.py:137} INFO - [2024-06-22T13:22:06.136+0000] {dagbag.py:538} INFO - Filling up the DagBag from /home/airflow/.local/lib/python3.7/site-packages/airflow/example_dags/example_subdag_operator.py
[2024-06-22T13:22:06.170+0000] {processor.py:753} INFO - DAG(s) dict_keys(['example_subdag_operator.section-1', 'example_subdag_operator.section-2', 'example_subdag_operator']) retrieved from /home/airflow/.local/lib/python3.7/site-packages/airflow/example_dags/example_subdag_operator.py
[2024-06-22T13:22:06.200+0000] {logging_mixin.py:137} INFO - [2024-06-22T13:22:06.200+0000] {dag.py:2676} INFO - Sync 3 DAGs
[2024-06-22T13:22:06.225+0000] {logging_mixin.py:137} INFO - [2024-06-22T13:22:06.225+0000] {dag.py:3427} INFO - Setting next_dagrun for example_subdag_operator to 2022-01-01T00:00:00+00:00, run_after=2022-01-01T00:00:00+00:00
[2024-06-22T13:22:06.230+0000] {logging_mixin.py:137} INFO - [2024-06-22T13:22:06.230+0000] {dag.py:3427} INFO - Setting next_dagrun for example_subdag_operator.section-1 to None, run_after=None
[2024-06-22T13:22:06.232+0000] {logging_mixin.py:137} INFO - [2024-06-22T13:22:06.232+0000] {dag.py:3427} INFO - Setting next_dagrun for example_subdag_operator.section-2 to None, run_after=None
[2024-06-22T13:22:06.241+0000] {logging_mixin.py:137} INFO - [2024-06-22T13:22:06.240+0000] {dag.py:2676} INFO - Sync 2 DAGs
[2024-06-22T13:22:06.248+0000] {logging_mixin.py:137} INFO - [2024-06-22T13:22:06.248+0000] {dag.py:3427} INFO - Setting next_dagrun for example_subdag_operator.section-1 to None, run_after=None
[2024-06-22T13:22:06.249+0000] {logging_mixin.py:137} INFO - [2024-06-22T13:22:06.249+0000] {dag.py:3427} INFO - Setting next_dagrun for example_subdag_operator.section-2 to None, run_after=None
[2024-06-22T13:22:06.267+0000] {processor.py:175} INFO - Processing /home/airflow/.local/lib/python3.7/site-packages/airflow/example_dags/example_subdag_operator.py took 0.137 seconds
[2024-06-22T13:22:36.506+0000] {processor.py:153} INFO - Started process (PID=991) to work on /home/airflow/.local/lib/python3.7/site-packages/airflow/example_dags/example_subdag_operator.py
[2024-06-22T13:22:36.507+0000] {processor.py:743} INFO - Processing file /home/airflow/.local/lib/python3.7/site-packages/airflow/example_dags/example_subdag_operator.py for tasks to queue
[2024-06-22T13:22:36.508+0000] {logging_mixin.py:137} INFO - [2024-06-22T13:22:36.508+0000] {dagbag.py:538} INFO - Filling up the DagBag from /home/airflow/.local/lib/python3.7/site-packages/airflow/example_dags/example_subdag_operator.py
[2024-06-22T13:22:36.542+0000] {processor.py:753} INFO - DAG(s) dict_keys(['example_subdag_operator.section-1', 'example_subdag_operator.section-2', 'example_subdag_operator']) retrieved from /home/airflow/.local/lib/python3.7/site-packages/airflow/example_dags/example_subdag_operator.py
[2024-06-22T13:22:36.577+0000] {logging_mixin.py:137} INFO - [2024-06-22T13:22:36.577+0000] {dag.py:2676} INFO - Sync 3 DAGs
[2024-06-22T13:22:36.605+0000] {logging_mixin.py:137} INFO - [2024-06-22T13:22:36.604+0000] {dag.py:3427} INFO - Setting next_dagrun for example_subdag_operator to 2022-01-01T00:00:00+00:00, run_after=2022-01-01T00:00:00+00:00
[2024-06-22T13:22:36.609+0000] {logging_mixin.py:137} INFO - [2024-06-22T13:22:36.609+0000] {dag.py:3427} INFO - Setting next_dagrun for example_subdag_operator.section-1 to None, run_after=None
[2024-06-22T13:22:36.610+0000] {logging_mixin.py:137} INFO - [2024-06-22T13:22:36.610+0000] {dag.py:3427} INFO - Setting next_dagrun for example_subdag_operator.section-2 to None, run_after=None
[2024-06-22T13:22:36.618+0000] {logging_mixin.py:137} INFO - [2024-06-22T13:22:36.618+0000] {dag.py:2676} INFO - Sync 2 DAGs
[2024-06-22T13:22:36.624+0000] {logging_mixin.py:137} INFO - [2024-06-22T13:22:36.624+0000] {dag.py:3427} INFO - Setting next_dagrun for example_subdag_operator.section-1 to None, run_after=None
[2024-06-22T13:22:36.625+0000] {logging_mixin.py:137} INFO - [2024-06-22T13:22:36.625+0000] {dag.py:3427} INFO - Setting next_dagrun for example_subdag_operator.section-2 to None, run_after=None
[2024-06-22T13:22:36.639+0000] {processor.py:175} INFO - Processing /home/airflow/.local/lib/python3.7/site-packages/airflow/example_dags/example_subdag_operator.py took 0.136 seconds
[2024-06-22T13:23:06.834+0000] {processor.py:153} INFO - Started process (PID=1033) to work on /home/airflow/.local/lib/python3.7/site-packages/airflow/example_dags/example_subdag_operator.py
[2024-06-22T13:23:06.835+0000] {processor.py:743} INFO - Processing file /home/airflow/.local/lib/python3.7/site-packages/airflow/example_dags/example_subdag_operator.py for tasks to queue
[2024-06-22T13:23:06.836+0000] {logging_mixin.py:137} INFO - [2024-06-22T13:23:06.836+0000] {dagbag.py:538} INFO - Filling up the DagBag from /home/airflow/.local/lib/python3.7/site-packages/airflow/example_dags/example_subdag_operator.py
[2024-06-22T13:23:06.874+0000] {processor.py:753} INFO - DAG(s) dict_keys(['example_subdag_operator.section-1', 'example_subdag_operator.section-2', 'example_subdag_operator']) retrieved from /home/airflow/.local/lib/python3.7/site-packages/airflow/example_dags/example_subdag_operator.py
[2024-06-22T13:23:06.907+0000] {logging_mixin.py:137} INFO - [2024-06-22T13:23:06.907+0000] {dag.py:2676} INFO - Sync 3 DAGs
[2024-06-22T13:23:06.936+0000] {logging_mixin.py:137} INFO - [2024-06-22T13:23:06.936+0000] {dag.py:3427} INFO - Setting next_dagrun for example_subdag_operator to 2022-01-01T00:00:00+00:00, run_after=2022-01-01T00:00:00+00:00
[2024-06-22T13:23:06.941+0000] {logging_mixin.py:137} INFO - [2024-06-22T13:23:06.940+0000] {dag.py:3427} INFO - Setting next_dagrun for example_subdag_operator.section-1 to None, run_after=None
[2024-06-22T13:23:06.943+0000] {logging_mixin.py:137} INFO - [2024-06-22T13:23:06.943+0000] {dag.py:3427} INFO - Setting next_dagrun for example_subdag_operator.section-2 to None, run_after=None
[2024-06-22T13:23:06.953+0000] {logging_mixin.py:137} INFO - [2024-06-22T13:23:06.953+0000] {dag.py:2676} INFO - Sync 2 DAGs
[2024-06-22T13:23:06.963+0000] {logging_mixin.py:137} INFO - [2024-06-22T13:23:06.962+0000] {dag.py:3427} INFO - Setting next_dagrun for example_subdag_operator.section-1 to None, run_after=None
[2024-06-22T13:23:06.963+0000] {logging_mixin.py:137} INFO - [2024-06-22T13:23:06.963+0000] {dag.py:3427} INFO - Setting next_dagrun for example_subdag_operator.section-2 to None, run_after=None
[2024-06-22T13:23:06.981+0000] {processor.py:175} INFO - Processing /home/airflow/.local/lib/python3.7/site-packages/airflow/example_dags/example_subdag_operator.py took 0.151 seconds
[2024-06-22T13:23:37.174+0000] {processor.py:153} INFO - Started process (PID=1075) to work on /home/airflow/.local/lib/python3.7/site-packages/airflow/example_dags/example_subdag_operator.py
[2024-06-22T13:23:37.175+0000] {processor.py:743} INFO - Processing file /home/airflow/.local/lib/python3.7/site-packages/airflow/example_dags/example_subdag_operator.py for tasks to queue
[2024-06-22T13:23:37.177+0000] {logging_mixin.py:137} INFO - [2024-06-22T13:23:37.176+0000] {dagbag.py:538} INFO - Filling up the DagBag from /home/airflow/.local/lib/python3.7/site-packages/airflow/example_dags/example_subdag_operator.py
[2024-06-22T13:23:37.234+0000] {processor.py:753} INFO - DAG(s) dict_keys(['example_subdag_operator.section-1', 'example_subdag_operator.section-2', 'example_subdag_operator']) retrieved from /home/airflow/.local/lib/python3.7/site-packages/airflow/example_dags/example_subdag_operator.py
[2024-06-22T13:23:37.283+0000] {logging_mixin.py:137} INFO - [2024-06-22T13:23:37.283+0000] {dag.py:2676} INFO - Sync 3 DAGs
[2024-06-22T13:23:37.317+0000] {logging_mixin.py:137} INFO - [2024-06-22T13:23:37.317+0000] {dag.py:3427} INFO - Setting next_dagrun for example_subdag_operator to 2022-01-01T00:00:00+00:00, run_after=2022-01-01T00:00:00+00:00
[2024-06-22T13:23:37.322+0000] {logging_mixin.py:137} INFO - [2024-06-22T13:23:37.322+0000] {dag.py:3427} INFO - Setting next_dagrun for example_subdag_operator.section-1 to None, run_after=None
[2024-06-22T13:23:37.324+0000] {logging_mixin.py:137} INFO - [2024-06-22T13:23:37.324+0000] {dag.py:3427} INFO - Setting next_dagrun for example_subdag_operator.section-2 to None, run_after=None
[2024-06-22T13:23:37.342+0000] {logging_mixin.py:137} INFO - [2024-06-22T13:23:37.342+0000] {dag.py:2676} INFO - Sync 2 DAGs
[2024-06-22T13:23:37.356+0000] {logging_mixin.py:137} INFO - [2024-06-22T13:23:37.356+0000] {dag.py:3427} INFO - Setting next_dagrun for example_subdag_operator.section-1 to None, run_after=None
[2024-06-22T13:23:37.357+0000] {logging_mixin.py:137} INFO - [2024-06-22T13:23:37.356+0000] {dag.py:3427} INFO - Setting next_dagrun for example_subdag_operator.section-2 to None, run_after=None
[2024-06-22T13:23:37.378+0000] {processor.py:175} INFO - Processing /home/airflow/.local/lib/python3.7/site-packages/airflow/example_dags/example_subdag_operator.py took 0.208 seconds
[2024-06-22T13:24:07.510+0000] {processor.py:153} INFO - Started process (PID=1117) to work on /home/airflow/.local/lib/python3.7/site-packages/airflow/example_dags/example_subdag_operator.py
[2024-06-22T13:24:07.511+0000] {processor.py:743} INFO - Processing file /home/airflow/.local/lib/python3.7/site-packages/airflow/example_dags/example_subdag_operator.py for tasks to queue
[2024-06-22T13:24:07.512+0000] {logging_mixin.py:137} INFO - [2024-06-22T13:24:07.512+0000] {dagbag.py:538} INFO - Filling up the DagBag from /home/airflow/.local/lib/python3.7/site-packages/airflow/example_dags/example_subdag_operator.py
[2024-06-22T13:24:07.569+0000] {processor.py:753} INFO - DAG(s) dict_keys(['example_subdag_operator.section-1', 'example_subdag_operator.section-2', 'example_subdag_operator']) retrieved from /home/airflow/.local/lib/python3.7/site-packages/airflow/example_dags/example_subdag_operator.py
[2024-06-22T13:24:07.612+0000] {logging_mixin.py:137} INFO - [2024-06-22T13:24:07.611+0000] {dag.py:2676} INFO - Sync 3 DAGs
[2024-06-22T13:24:07.636+0000] {logging_mixin.py:137} INFO - [2024-06-22T13:24:07.636+0000] {dag.py:3427} INFO - Setting next_dagrun for example_subdag_operator to 2022-01-01T00:00:00+00:00, run_after=2022-01-01T00:00:00+00:00
[2024-06-22T13:24:07.640+0000] {logging_mixin.py:137} INFO - [2024-06-22T13:24:07.640+0000] {dag.py:3427} INFO - Setting next_dagrun for example_subdag_operator.section-1 to None, run_after=None
[2024-06-22T13:24:07.642+0000] {logging_mixin.py:137} INFO - [2024-06-22T13:24:07.642+0000] {dag.py:3427} INFO - Setting next_dagrun for example_subdag_operator.section-2 to None, run_after=None
[2024-06-22T13:24:07.650+0000] {logging_mixin.py:137} INFO - [2024-06-22T13:24:07.650+0000] {dag.py:2676} INFO - Sync 2 DAGs
[2024-06-22T13:24:07.657+0000] {logging_mixin.py:137} INFO - [2024-06-22T13:24:07.657+0000] {dag.py:3427} INFO - Setting next_dagrun for example_subdag_operator.section-1 to None, run_after=None
[2024-06-22T13:24:07.658+0000] {logging_mixin.py:137} INFO - [2024-06-22T13:24:07.658+0000] {dag.py:3427} INFO - Setting next_dagrun for example_subdag_operator.section-2 to None, run_after=None
[2024-06-22T13:24:07.679+0000] {processor.py:175} INFO - Processing /home/airflow/.local/lib/python3.7/site-packages/airflow/example_dags/example_subdag_operator.py took 0.173 seconds
[2024-06-22T13:24:37.916+0000] {processor.py:153} INFO - Started process (PID=1156) to work on /home/airflow/.local/lib/python3.7/site-packages/airflow/example_dags/example_subdag_operator.py
[2024-06-22T13:24:37.917+0000] {processor.py:743} INFO - Processing file /home/airflow/.local/lib/python3.7/site-packages/airflow/example_dags/example_subdag_operator.py for tasks to queue
[2024-06-22T13:24:37.918+0000] {logging_mixin.py:137} INFO - [2024-06-22T13:24:37.918+0000] {dagbag.py:538} INFO - Filling up the DagBag from /home/airflow/.local/lib/python3.7/site-packages/airflow/example_dags/example_subdag_operator.py
[2024-06-22T13:24:37.956+0000] {processor.py:753} INFO - DAG(s) dict_keys(['example_subdag_operator.section-1', 'example_subdag_operator.section-2', 'example_subdag_operator']) retrieved from /home/airflow/.local/lib/python3.7/site-packages/airflow/example_dags/example_subdag_operator.py
[2024-06-22T13:24:37.987+0000] {logging_mixin.py:137} INFO - [2024-06-22T13:24:37.987+0000] {dag.py:2676} INFO - Sync 3 DAGs
[2024-06-22T13:24:38.015+0000] {logging_mixin.py:137} INFO - [2024-06-22T13:24:38.014+0000] {dag.py:3427} INFO - Setting next_dagrun for example_subdag_operator to 2022-01-01T00:00:00+00:00, run_after=2022-01-01T00:00:00+00:00
[2024-06-22T13:24:38.020+0000] {logging_mixin.py:137} INFO - [2024-06-22T13:24:38.020+0000] {dag.py:3427} INFO - Setting next_dagrun for example_subdag_operator.section-1 to None, run_after=None
[2024-06-22T13:24:38.022+0000] {logging_mixin.py:137} INFO - [2024-06-22T13:24:38.022+0000] {dag.py:3427} INFO - Setting next_dagrun for example_subdag_operator.section-2 to None, run_after=None
[2024-06-22T13:24:38.031+0000] {logging_mixin.py:137} INFO - [2024-06-22T13:24:38.031+0000] {dag.py:2676} INFO - Sync 2 DAGs
[2024-06-22T13:24:38.039+0000] {logging_mixin.py:137} INFO - [2024-06-22T13:24:38.039+0000] {dag.py:3427} INFO - Setting next_dagrun for example_subdag_operator.section-1 to None, run_after=None
[2024-06-22T13:24:38.040+0000] {logging_mixin.py:137} INFO - [2024-06-22T13:24:38.040+0000] {dag.py:3427} INFO - Setting next_dagrun for example_subdag_operator.section-2 to None, run_after=None
[2024-06-22T13:24:38.058+0000] {processor.py:175} INFO - Processing /home/airflow/.local/lib/python3.7/site-packages/airflow/example_dags/example_subdag_operator.py took 0.146 seconds
[2024-06-22T13:25:08.243+0000] {processor.py:153} INFO - Started process (PID=1195) to work on /home/airflow/.local/lib/python3.7/site-packages/airflow/example_dags/example_subdag_operator.py
[2024-06-22T13:25:08.244+0000] {processor.py:743} INFO - Processing file /home/airflow/.local/lib/python3.7/site-packages/airflow/example_dags/example_subdag_operator.py for tasks to queue
[2024-06-22T13:25:08.245+0000] {logging_mixin.py:137} INFO - [2024-06-22T13:25:08.245+0000] {dagbag.py:538} INFO - Filling up the DagBag from /home/airflow/.local/lib/python3.7/site-packages/airflow/example_dags/example_subdag_operator.py
[2024-06-22T13:25:08.287+0000] {processor.py:753} INFO - DAG(s) dict_keys(['example_subdag_operator.section-1', 'example_subdag_operator.section-2', 'example_subdag_operator']) retrieved from /home/airflow/.local/lib/python3.7/site-packages/airflow/example_dags/example_subdag_operator.py
[2024-06-22T13:25:08.330+0000] {logging_mixin.py:137} INFO - [2024-06-22T13:25:08.330+0000] {dag.py:2676} INFO - Sync 3 DAGs
[2024-06-22T13:25:08.362+0000] {logging_mixin.py:137} INFO - [2024-06-22T13:25:08.362+0000] {dag.py:3427} INFO - Setting next_dagrun for example_subdag_operator to 2022-01-01T00:00:00+00:00, run_after=2022-01-01T00:00:00+00:00
[2024-06-22T13:25:08.366+0000] {logging_mixin.py:137} INFO - [2024-06-22T13:25:08.366+0000] {dag.py:3427} INFO - Setting next_dagrun for example_subdag_operator.section-1 to None, run_after=None
[2024-06-22T13:25:08.368+0000] {logging_mixin.py:137} INFO - [2024-06-22T13:25:08.368+0000] {dag.py:3427} INFO - Setting next_dagrun for example_subdag_operator.section-2 to None, run_after=None
[2024-06-22T13:25:08.378+0000] {logging_mixin.py:137} INFO - [2024-06-22T13:25:08.378+0000] {dag.py:2676} INFO - Sync 2 DAGs
[2024-06-22T13:25:08.386+0000] {logging_mixin.py:137} INFO - [2024-06-22T13:25:08.386+0000] {dag.py:3427} INFO - Setting next_dagrun for example_subdag_operator.section-1 to None, run_after=None
[2024-06-22T13:25:08.387+0000] {logging_mixin.py:137} INFO - [2024-06-22T13:25:08.387+0000] {dag.py:3427} INFO - Setting next_dagrun for example_subdag_operator.section-2 to None, run_after=None
[2024-06-22T13:25:08.404+0000] {processor.py:175} INFO - Processing /home/airflow/.local/lib/python3.7/site-packages/airflow/example_dags/example_subdag_operator.py took 0.164 seconds
[2024-06-22T13:25:38.794+0000] {processor.py:153} INFO - Started process (PID=1234) to work on /home/airflow/.local/lib/python3.7/site-packages/airflow/example_dags/example_subdag_operator.py
[2024-06-22T13:25:38.795+0000] {processor.py:743} INFO - Processing file /home/airflow/.local/lib/python3.7/site-packages/airflow/example_dags/example_subdag_operator.py for tasks to queue
[2024-06-22T13:25:38.796+0000] {logging_mixin.py:137} INFO - [2024-06-22T13:25:38.796+0000] {dagbag.py:538} INFO - Filling up the DagBag from /home/airflow/.local/lib/python3.7/site-packages/airflow/example_dags/example_subdag_operator.py
[2024-06-22T13:25:38.839+0000] {processor.py:753} INFO - DAG(s) dict_keys(['example_subdag_operator.section-1', 'example_subdag_operator.section-2', 'example_subdag_operator']) retrieved from /home/airflow/.local/lib/python3.7/site-packages/airflow/example_dags/example_subdag_operator.py
[2024-06-22T13:25:38.875+0000] {logging_mixin.py:137} INFO - [2024-06-22T13:25:38.874+0000] {dag.py:2676} INFO - Sync 3 DAGs
[2024-06-22T13:25:38.903+0000] {logging_mixin.py:137} INFO - [2024-06-22T13:25:38.903+0000] {dag.py:3427} INFO - Setting next_dagrun for example_subdag_operator to 2022-01-01T00:00:00+00:00, run_after=2022-01-01T00:00:00+00:00
[2024-06-22T13:25:38.907+0000] {logging_mixin.py:137} INFO - [2024-06-22T13:25:38.907+0000] {dag.py:3427} INFO - Setting next_dagrun for example_subdag_operator.section-1 to None, run_after=None
[2024-06-22T13:25:38.909+0000] {logging_mixin.py:137} INFO - [2024-06-22T13:25:38.909+0000] {dag.py:3427} INFO - Setting next_dagrun for example_subdag_operator.section-2 to None, run_after=None
[2024-06-22T13:25:38.920+0000] {logging_mixin.py:137} INFO - [2024-06-22T13:25:38.919+0000] {dag.py:2676} INFO - Sync 2 DAGs
[2024-06-22T13:25:38.928+0000] {logging_mixin.py:137} INFO - [2024-06-22T13:25:38.928+0000] {dag.py:3427} INFO - Setting next_dagrun for example_subdag_operator.section-1 to None, run_after=None
[2024-06-22T13:25:38.929+0000] {logging_mixin.py:137} INFO - [2024-06-22T13:25:38.929+0000] {dag.py:3427} INFO - Setting next_dagrun for example_subdag_operator.section-2 to None, run_after=None
[2024-06-22T13:25:38.949+0000] {processor.py:175} INFO - Processing /home/airflow/.local/lib/python3.7/site-packages/airflow/example_dags/example_subdag_operator.py took 0.159 seconds
