[2024-06-22T13:11:22.100+0000] {processor.py:153} INFO - Started process (PID=67) to work on /home/airflow/.local/lib/python3.7/site-packages/airflow/example_dags/example_latest_only.py
[2024-06-22T13:11:22.102+0000] {processor.py:743} INFO - Processing file /home/airflow/.local/lib/python3.7/site-packages/airflow/example_dags/example_latest_only.py for tasks to queue
[2024-06-22T13:11:22.103+0000] {logging_mixin.py:137} INFO - [2024-06-22T13:11:22.103+0000] {dagbag.py:538} INFO - Filling up the DagBag from /home/airflow/.local/lib/python3.7/site-packages/airflow/example_dags/example_latest_only.py
[2024-06-22T13:11:22.136+0000] {processor.py:753} INFO - DAG(s) dict_keys(['latest_only']) retrieved from /home/airflow/.local/lib/python3.7/site-packages/airflow/example_dags/example_latest_only.py
[2024-06-22T13:11:22.191+0000] {logging_mixin.py:137} INFO - [2024-06-22T13:11:22.190+0000] {dag.py:2676} INFO - Sync 1 DAGs
[2024-06-22T13:11:22.243+0000] {logging_mixin.py:137} INFO - [2024-06-22T13:11:22.242+0000] {dag.py:3427} INFO - Setting next_dagrun for latest_only to 2024-06-22T09:11:22.242345+00:00, run_after=2024-06-22T13:11:22.242345+00:00
[2024-06-22T13:11:22.293+0000] {processor.py:175} INFO - Processing /home/airflow/.local/lib/python3.7/site-packages/airflow/example_dags/example_latest_only.py took 0.198 seconds
[2024-06-22T13:11:52.991+0000] {processor.py:153} INFO - Started process (PID=109) to work on /home/airflow/.local/lib/python3.7/site-packages/airflow/example_dags/example_latest_only.py
[2024-06-22T13:11:52.993+0000] {processor.py:743} INFO - Processing file /home/airflow/.local/lib/python3.7/site-packages/airflow/example_dags/example_latest_only.py for tasks to queue
[2024-06-22T13:11:52.994+0000] {logging_mixin.py:137} INFO - [2024-06-22T13:11:52.994+0000] {dagbag.py:538} INFO - Filling up the DagBag from /home/airflow/.local/lib/python3.7/site-packages/airflow/example_dags/example_latest_only.py
[2024-06-22T13:11:53.018+0000] {processor.py:753} INFO - DAG(s) dict_keys(['latest_only']) retrieved from /home/airflow/.local/lib/python3.7/site-packages/airflow/example_dags/example_latest_only.py
[2024-06-22T13:11:53.056+0000] {logging_mixin.py:137} INFO - [2024-06-22T13:11:53.056+0000] {dag.py:2676} INFO - Sync 1 DAGs
[2024-06-22T13:11:53.099+0000] {logging_mixin.py:137} INFO - [2024-06-22T13:11:53.098+0000] {dag.py:3427} INFO - Setting next_dagrun for latest_only to 2024-06-22T09:11:53.098719+00:00, run_after=2024-06-22T13:11:53.098719+00:00
[2024-06-22T13:11:53.125+0000] {processor.py:175} INFO - Processing /home/airflow/.local/lib/python3.7/site-packages/airflow/example_dags/example_latest_only.py took 0.138 seconds
[2024-06-22T13:12:23.807+0000] {processor.py:153} INFO - Started process (PID=151) to work on /home/airflow/.local/lib/python3.7/site-packages/airflow/example_dags/example_latest_only.py
[2024-06-22T13:12:23.809+0000] {processor.py:743} INFO - Processing file /home/airflow/.local/lib/python3.7/site-packages/airflow/example_dags/example_latest_only.py for tasks to queue
[2024-06-22T13:12:23.810+0000] {logging_mixin.py:137} INFO - [2024-06-22T13:12:23.809+0000] {dagbag.py:538} INFO - Filling up the DagBag from /home/airflow/.local/lib/python3.7/site-packages/airflow/example_dags/example_latest_only.py
[2024-06-22T13:12:23.825+0000] {processor.py:753} INFO - DAG(s) dict_keys(['latest_only']) retrieved from /home/airflow/.local/lib/python3.7/site-packages/airflow/example_dags/example_latest_only.py
[2024-06-22T13:12:23.868+0000] {logging_mixin.py:137} INFO - [2024-06-22T13:12:23.868+0000] {dag.py:2676} INFO - Sync 1 DAGs
[2024-06-22T13:12:23.900+0000] {logging_mixin.py:137} INFO - [2024-06-22T13:12:23.899+0000] {dag.py:3427} INFO - Setting next_dagrun for latest_only to 2024-06-22T09:12:23.899551+00:00, run_after=2024-06-22T13:12:23.899551+00:00
[2024-06-22T13:12:23.927+0000] {processor.py:175} INFO - Processing /home/airflow/.local/lib/python3.7/site-packages/airflow/example_dags/example_latest_only.py took 0.122 seconds
[2024-06-22T13:12:54.437+0000] {processor.py:153} INFO - Started process (PID=193) to work on /home/airflow/.local/lib/python3.7/site-packages/airflow/example_dags/example_latest_only.py
[2024-06-22T13:12:54.438+0000] {processor.py:743} INFO - Processing file /home/airflow/.local/lib/python3.7/site-packages/airflow/example_dags/example_latest_only.py for tasks to queue
[2024-06-22T13:12:54.439+0000] {logging_mixin.py:137} INFO - [2024-06-22T13:12:54.439+0000] {dagbag.py:538} INFO - Filling up the DagBag from /home/airflow/.local/lib/python3.7/site-packages/airflow/example_dags/example_latest_only.py
[2024-06-22T13:12:54.456+0000] {processor.py:753} INFO - DAG(s) dict_keys(['latest_only']) retrieved from /home/airflow/.local/lib/python3.7/site-packages/airflow/example_dags/example_latest_only.py
[2024-06-22T13:12:54.495+0000] {logging_mixin.py:137} INFO - [2024-06-22T13:12:54.495+0000] {dag.py:2676} INFO - Sync 1 DAGs
[2024-06-22T13:12:54.526+0000] {logging_mixin.py:137} INFO - [2024-06-22T13:12:54.525+0000] {dag.py:3427} INFO - Setting next_dagrun for latest_only to 2024-06-22T09:12:54.525658+00:00, run_after=2024-06-22T13:12:54.525658+00:00
[2024-06-22T13:12:54.554+0000] {processor.py:175} INFO - Processing /home/airflow/.local/lib/python3.7/site-packages/airflow/example_dags/example_latest_only.py took 0.122 seconds
[2024-06-22T13:13:25.156+0000] {processor.py:153} INFO - Started process (PID=234) to work on /home/airflow/.local/lib/python3.7/site-packages/airflow/example_dags/example_latest_only.py
[2024-06-22T13:13:25.158+0000] {processor.py:743} INFO - Processing file /home/airflow/.local/lib/python3.7/site-packages/airflow/example_dags/example_latest_only.py for tasks to queue
[2024-06-22T13:13:25.159+0000] {logging_mixin.py:137} INFO - [2024-06-22T13:13:25.159+0000] {dagbag.py:538} INFO - Filling up the DagBag from /home/airflow/.local/lib/python3.7/site-packages/airflow/example_dags/example_latest_only.py
[2024-06-22T13:13:25.174+0000] {processor.py:753} INFO - DAG(s) dict_keys(['latest_only']) retrieved from /home/airflow/.local/lib/python3.7/site-packages/airflow/example_dags/example_latest_only.py
[2024-06-22T13:13:25.216+0000] {logging_mixin.py:137} INFO - [2024-06-22T13:13:25.216+0000] {dag.py:2676} INFO - Sync 1 DAGs
[2024-06-22T13:13:25.242+0000] {logging_mixin.py:137} INFO - [2024-06-22T13:13:25.242+0000] {dag.py:3427} INFO - Setting next_dagrun for latest_only to 2024-06-22T09:13:25.242301+00:00, run_after=2024-06-22T13:13:25.242301+00:00
[2024-06-22T13:13:25.264+0000] {processor.py:175} INFO - Processing /home/airflow/.local/lib/python3.7/site-packages/airflow/example_dags/example_latest_only.py took 0.110 seconds
[2024-06-22T13:13:56.732+0000] {processor.py:153} INFO - Started process (PID=277) to work on /home/airflow/.local/lib/python3.7/site-packages/airflow/example_dags/example_latest_only.py
[2024-06-22T13:13:56.734+0000] {processor.py:743} INFO - Processing file /home/airflow/.local/lib/python3.7/site-packages/airflow/example_dags/example_latest_only.py for tasks to queue
[2024-06-22T13:13:56.734+0000] {logging_mixin.py:137} INFO - [2024-06-22T13:13:56.734+0000] {dagbag.py:538} INFO - Filling up the DagBag from /home/airflow/.local/lib/python3.7/site-packages/airflow/example_dags/example_latest_only.py
[2024-06-22T13:13:56.749+0000] {processor.py:753} INFO - DAG(s) dict_keys(['latest_only']) retrieved from /home/airflow/.local/lib/python3.7/site-packages/airflow/example_dags/example_latest_only.py
[2024-06-22T13:13:56.791+0000] {logging_mixin.py:137} INFO - [2024-06-22T13:13:56.791+0000] {dag.py:2676} INFO - Sync 1 DAGs
[2024-06-22T13:13:56.819+0000] {logging_mixin.py:137} INFO - [2024-06-22T13:13:56.819+0000] {dag.py:3427} INFO - Setting next_dagrun for latest_only to 2024-06-22T09:13:56.818874+00:00, run_after=2024-06-22T13:13:56.818874+00:00
[2024-06-22T13:13:56.843+0000] {processor.py:175} INFO - Processing /home/airflow/.local/lib/python3.7/site-packages/airflow/example_dags/example_latest_only.py took 0.114 seconds
[2024-06-22T13:14:27.600+0000] {processor.py:153} INFO - Started process (PID=319) to work on /home/airflow/.local/lib/python3.7/site-packages/airflow/example_dags/example_latest_only.py
[2024-06-22T13:14:27.602+0000] {processor.py:743} INFO - Processing file /home/airflow/.local/lib/python3.7/site-packages/airflow/example_dags/example_latest_only.py for tasks to queue
[2024-06-22T13:14:27.603+0000] {logging_mixin.py:137} INFO - [2024-06-22T13:14:27.603+0000] {dagbag.py:538} INFO - Filling up the DagBag from /home/airflow/.local/lib/python3.7/site-packages/airflow/example_dags/example_latest_only.py
[2024-06-22T13:14:27.620+0000] {processor.py:753} INFO - DAG(s) dict_keys(['latest_only']) retrieved from /home/airflow/.local/lib/python3.7/site-packages/airflow/example_dags/example_latest_only.py
[2024-06-22T13:14:27.666+0000] {logging_mixin.py:137} INFO - [2024-06-22T13:14:27.666+0000] {dag.py:2676} INFO - Sync 1 DAGs
[2024-06-22T13:14:27.695+0000] {logging_mixin.py:137} INFO - [2024-06-22T13:14:27.694+0000] {dag.py:3427} INFO - Setting next_dagrun for latest_only to 2024-06-22T09:14:27.694612+00:00, run_after=2024-06-22T13:14:27.694612+00:00
[2024-06-22T13:14:27.719+0000] {processor.py:175} INFO - Processing /home/airflow/.local/lib/python3.7/site-packages/airflow/example_dags/example_latest_only.py took 0.124 seconds
[2024-06-22T13:14:58.454+0000] {processor.py:153} INFO - Started process (PID=360) to work on /home/airflow/.local/lib/python3.7/site-packages/airflow/example_dags/example_latest_only.py
[2024-06-22T13:14:58.455+0000] {processor.py:743} INFO - Processing file /home/airflow/.local/lib/python3.7/site-packages/airflow/example_dags/example_latest_only.py for tasks to queue
[2024-06-22T13:14:58.456+0000] {logging_mixin.py:137} INFO - [2024-06-22T13:14:58.456+0000] {dagbag.py:538} INFO - Filling up the DagBag from /home/airflow/.local/lib/python3.7/site-packages/airflow/example_dags/example_latest_only.py
[2024-06-22T13:14:58.473+0000] {processor.py:753} INFO - DAG(s) dict_keys(['latest_only']) retrieved from /home/airflow/.local/lib/python3.7/site-packages/airflow/example_dags/example_latest_only.py
[2024-06-22T13:14:58.515+0000] {logging_mixin.py:137} INFO - [2024-06-22T13:14:58.515+0000] {dag.py:2676} INFO - Sync 1 DAGs
[2024-06-22T13:14:58.545+0000] {logging_mixin.py:137} INFO - [2024-06-22T13:14:58.545+0000] {dag.py:3427} INFO - Setting next_dagrun for latest_only to 2024-06-22T09:14:58.545207+00:00, run_after=2024-06-22T13:14:58.545207+00:00
[2024-06-22T13:14:58.576+0000] {processor.py:175} INFO - Processing /home/airflow/.local/lib/python3.7/site-packages/airflow/example_dags/example_latest_only.py took 0.125 seconds
[2024-06-22T13:15:28.693+0000] {processor.py:153} INFO - Started process (PID=400) to work on /home/airflow/.local/lib/python3.7/site-packages/airflow/example_dags/example_latest_only.py
[2024-06-22T13:15:28.694+0000] {processor.py:743} INFO - Processing file /home/airflow/.local/lib/python3.7/site-packages/airflow/example_dags/example_latest_only.py for tasks to queue
[2024-06-22T13:15:28.695+0000] {logging_mixin.py:137} INFO - [2024-06-22T13:15:28.695+0000] {dagbag.py:538} INFO - Filling up the DagBag from /home/airflow/.local/lib/python3.7/site-packages/airflow/example_dags/example_latest_only.py
[2024-06-22T13:15:28.709+0000] {processor.py:753} INFO - DAG(s) dict_keys(['latest_only']) retrieved from /home/airflow/.local/lib/python3.7/site-packages/airflow/example_dags/example_latest_only.py
[2024-06-22T13:15:28.746+0000] {logging_mixin.py:137} INFO - [2024-06-22T13:15:28.745+0000] {dag.py:2676} INFO - Sync 1 DAGs
[2024-06-22T13:15:28.773+0000] {logging_mixin.py:137} INFO - [2024-06-22T13:15:28.773+0000] {dag.py:3427} INFO - Setting next_dagrun for latest_only to 2024-06-22T09:15:28.773027+00:00, run_after=2024-06-22T13:15:28.773027+00:00
[2024-06-22T13:15:28.799+0000] {processor.py:175} INFO - Processing /home/airflow/.local/lib/python3.7/site-packages/airflow/example_dags/example_latest_only.py took 0.110 seconds
[2024-06-22T13:15:59.030+0000] {processor.py:153} INFO - Started process (PID=442) to work on /home/airflow/.local/lib/python3.7/site-packages/airflow/example_dags/example_latest_only.py
[2024-06-22T13:15:59.031+0000] {processor.py:743} INFO - Processing file /home/airflow/.local/lib/python3.7/site-packages/airflow/example_dags/example_latest_only.py for tasks to queue
[2024-06-22T13:15:59.032+0000] {logging_mixin.py:137} INFO - [2024-06-22T13:15:59.032+0000] {dagbag.py:538} INFO - Filling up the DagBag from /home/airflow/.local/lib/python3.7/site-packages/airflow/example_dags/example_latest_only.py
[2024-06-22T13:15:59.051+0000] {processor.py:753} INFO - DAG(s) dict_keys(['latest_only']) retrieved from /home/airflow/.local/lib/python3.7/site-packages/airflow/example_dags/example_latest_only.py
[2024-06-22T13:15:59.098+0000] {logging_mixin.py:137} INFO - [2024-06-22T13:15:59.098+0000] {dag.py:2676} INFO - Sync 1 DAGs
[2024-06-22T13:15:59.125+0000] {logging_mixin.py:137} INFO - [2024-06-22T13:15:59.125+0000] {dag.py:3427} INFO - Setting next_dagrun for latest_only to 2024-06-22T09:15:59.125154+00:00, run_after=2024-06-22T13:15:59.125154+00:00
[2024-06-22T13:15:59.147+0000] {processor.py:175} INFO - Processing /home/airflow/.local/lib/python3.7/site-packages/airflow/example_dags/example_latest_only.py took 0.120 seconds
[2024-06-22T13:16:29.858+0000] {processor.py:153} INFO - Started process (PID=484) to work on /home/airflow/.local/lib/python3.7/site-packages/airflow/example_dags/example_latest_only.py
[2024-06-22T13:16:29.859+0000] {processor.py:743} INFO - Processing file /home/airflow/.local/lib/python3.7/site-packages/airflow/example_dags/example_latest_only.py for tasks to queue
[2024-06-22T13:16:29.860+0000] {logging_mixin.py:137} INFO - [2024-06-22T13:16:29.859+0000] {dagbag.py:538} INFO - Filling up the DagBag from /home/airflow/.local/lib/python3.7/site-packages/airflow/example_dags/example_latest_only.py
[2024-06-22T13:16:29.875+0000] {processor.py:753} INFO - DAG(s) dict_keys(['latest_only']) retrieved from /home/airflow/.local/lib/python3.7/site-packages/airflow/example_dags/example_latest_only.py
[2024-06-22T13:16:29.922+0000] {logging_mixin.py:137} INFO - [2024-06-22T13:16:29.922+0000] {dag.py:2676} INFO - Sync 1 DAGs
[2024-06-22T13:16:29.950+0000] {logging_mixin.py:137} INFO - [2024-06-22T13:16:29.949+0000] {dag.py:3427} INFO - Setting next_dagrun for latest_only to 2024-06-22T09:16:29.949592+00:00, run_after=2024-06-22T13:16:29.949592+00:00
[2024-06-22T13:16:29.974+0000] {processor.py:175} INFO - Processing /home/airflow/.local/lib/python3.7/site-packages/airflow/example_dags/example_latest_only.py took 0.119 seconds
[2024-06-22T13:17:00.344+0000] {processor.py:153} INFO - Started process (PID=526) to work on /home/airflow/.local/lib/python3.7/site-packages/airflow/example_dags/example_latest_only.py
[2024-06-22T13:17:00.346+0000] {processor.py:743} INFO - Processing file /home/airflow/.local/lib/python3.7/site-packages/airflow/example_dags/example_latest_only.py for tasks to queue
[2024-06-22T13:17:00.347+0000] {logging_mixin.py:137} INFO - [2024-06-22T13:17:00.347+0000] {dagbag.py:538} INFO - Filling up the DagBag from /home/airflow/.local/lib/python3.7/site-packages/airflow/example_dags/example_latest_only.py
[2024-06-22T13:17:00.368+0000] {processor.py:753} INFO - DAG(s) dict_keys(['latest_only']) retrieved from /home/airflow/.local/lib/python3.7/site-packages/airflow/example_dags/example_latest_only.py
[2024-06-22T13:17:00.435+0000] {logging_mixin.py:137} INFO - [2024-06-22T13:17:00.435+0000] {dag.py:2676} INFO - Sync 1 DAGs
[2024-06-22T13:17:00.472+0000] {logging_mixin.py:137} INFO - [2024-06-22T13:17:00.472+0000] {dag.py:3427} INFO - Setting next_dagrun for latest_only to 2024-06-22T09:17:00.472063+00:00, run_after=2024-06-22T13:17:00.472063+00:00
[2024-06-22T13:17:00.495+0000] {processor.py:175} INFO - Processing /home/airflow/.local/lib/python3.7/site-packages/airflow/example_dags/example_latest_only.py took 0.160 seconds
[2024-06-22T13:17:31.140+0000] {processor.py:153} INFO - Started process (PID=568) to work on /home/airflow/.local/lib/python3.7/site-packages/airflow/example_dags/example_latest_only.py
[2024-06-22T13:17:31.141+0000] {processor.py:743} INFO - Processing file /home/airflow/.local/lib/python3.7/site-packages/airflow/example_dags/example_latest_only.py for tasks to queue
[2024-06-22T13:17:31.142+0000] {logging_mixin.py:137} INFO - [2024-06-22T13:17:31.142+0000] {dagbag.py:538} INFO - Filling up the DagBag from /home/airflow/.local/lib/python3.7/site-packages/airflow/example_dags/example_latest_only.py
[2024-06-22T13:17:31.159+0000] {processor.py:753} INFO - DAG(s) dict_keys(['latest_only']) retrieved from /home/airflow/.local/lib/python3.7/site-packages/airflow/example_dags/example_latest_only.py
[2024-06-22T13:17:31.210+0000] {logging_mixin.py:137} INFO - [2024-06-22T13:17:31.210+0000] {dag.py:2676} INFO - Sync 1 DAGs
[2024-06-22T13:17:31.243+0000] {logging_mixin.py:137} INFO - [2024-06-22T13:17:31.242+0000] {dag.py:3427} INFO - Setting next_dagrun for latest_only to 2024-06-22T09:17:31.242575+00:00, run_after=2024-06-22T13:17:31.242575+00:00
[2024-06-22T13:17:31.273+0000] {processor.py:175} INFO - Processing /home/airflow/.local/lib/python3.7/site-packages/airflow/example_dags/example_latest_only.py took 0.136 seconds
[2024-06-22T13:18:01.530+0000] {processor.py:153} INFO - Started process (PID=610) to work on /home/airflow/.local/lib/python3.7/site-packages/airflow/example_dags/example_latest_only.py
[2024-06-22T13:18:01.532+0000] {processor.py:743} INFO - Processing file /home/airflow/.local/lib/python3.7/site-packages/airflow/example_dags/example_latest_only.py for tasks to queue
[2024-06-22T13:18:01.533+0000] {logging_mixin.py:137} INFO - [2024-06-22T13:18:01.533+0000] {dagbag.py:538} INFO - Filling up the DagBag from /home/airflow/.local/lib/python3.7/site-packages/airflow/example_dags/example_latest_only.py
[2024-06-22T13:18:01.550+0000] {processor.py:753} INFO - DAG(s) dict_keys(['latest_only']) retrieved from /home/airflow/.local/lib/python3.7/site-packages/airflow/example_dags/example_latest_only.py
[2024-06-22T13:18:01.592+0000] {logging_mixin.py:137} INFO - [2024-06-22T13:18:01.592+0000] {dag.py:2676} INFO - Sync 1 DAGs
[2024-06-22T13:18:01.620+0000] {logging_mixin.py:137} INFO - [2024-06-22T13:18:01.620+0000] {dag.py:3427} INFO - Setting next_dagrun for latest_only to 2024-06-22T09:18:01.620503+00:00, run_after=2024-06-22T13:18:01.620503+00:00
[2024-06-22T13:18:01.649+0000] {processor.py:175} INFO - Processing /home/airflow/.local/lib/python3.7/site-packages/airflow/example_dags/example_latest_only.py took 0.123 seconds
[2024-06-22T13:18:32.054+0000] {processor.py:153} INFO - Started process (PID=652) to work on /home/airflow/.local/lib/python3.7/site-packages/airflow/example_dags/example_latest_only.py
[2024-06-22T13:18:32.055+0000] {processor.py:743} INFO - Processing file /home/airflow/.local/lib/python3.7/site-packages/airflow/example_dags/example_latest_only.py for tasks to queue
[2024-06-22T13:18:32.056+0000] {logging_mixin.py:137} INFO - [2024-06-22T13:18:32.056+0000] {dagbag.py:538} INFO - Filling up the DagBag from /home/airflow/.local/lib/python3.7/site-packages/airflow/example_dags/example_latest_only.py
[2024-06-22T13:18:32.069+0000] {processor.py:753} INFO - DAG(s) dict_keys(['latest_only']) retrieved from /home/airflow/.local/lib/python3.7/site-packages/airflow/example_dags/example_latest_only.py
[2024-06-22T13:18:32.112+0000] {logging_mixin.py:137} INFO - [2024-06-22T13:18:32.112+0000] {dag.py:2676} INFO - Sync 1 DAGs
[2024-06-22T13:18:32.139+0000] {logging_mixin.py:137} INFO - [2024-06-22T13:18:32.139+0000] {dag.py:3427} INFO - Setting next_dagrun for latest_only to 2024-06-22T09:18:32.139509+00:00, run_after=2024-06-22T13:18:32.139509+00:00
[2024-06-22T13:18:32.165+0000] {processor.py:175} INFO - Processing /home/airflow/.local/lib/python3.7/site-packages/airflow/example_dags/example_latest_only.py took 0.114 seconds
[2024-06-22T13:19:02.285+0000] {processor.py:153} INFO - Started process (PID=694) to work on /home/airflow/.local/lib/python3.7/site-packages/airflow/example_dags/example_latest_only.py
[2024-06-22T13:19:02.286+0000] {processor.py:743} INFO - Processing file /home/airflow/.local/lib/python3.7/site-packages/airflow/example_dags/example_latest_only.py for tasks to queue
[2024-06-22T13:19:02.287+0000] {logging_mixin.py:137} INFO - [2024-06-22T13:19:02.287+0000] {dagbag.py:538} INFO - Filling up the DagBag from /home/airflow/.local/lib/python3.7/site-packages/airflow/example_dags/example_latest_only.py
[2024-06-22T13:19:02.299+0000] {processor.py:753} INFO - DAG(s) dict_keys(['latest_only']) retrieved from /home/airflow/.local/lib/python3.7/site-packages/airflow/example_dags/example_latest_only.py
[2024-06-22T13:19:02.337+0000] {logging_mixin.py:137} INFO - [2024-06-22T13:19:02.337+0000] {dag.py:2676} INFO - Sync 1 DAGs
[2024-06-22T13:19:02.362+0000] {logging_mixin.py:137} INFO - [2024-06-22T13:19:02.362+0000] {dag.py:3427} INFO - Setting next_dagrun for latest_only to 2024-06-22T09:19:02.362259+00:00, run_after=2024-06-22T13:19:02.362259+00:00
[2024-06-22T13:19:02.387+0000] {processor.py:175} INFO - Processing /home/airflow/.local/lib/python3.7/site-packages/airflow/example_dags/example_latest_only.py took 0.105 seconds
[2024-06-22T13:19:32.615+0000] {processor.py:153} INFO - Started process (PID=736) to work on /home/airflow/.local/lib/python3.7/site-packages/airflow/example_dags/example_latest_only.py
[2024-06-22T13:19:32.616+0000] {processor.py:743} INFO - Processing file /home/airflow/.local/lib/python3.7/site-packages/airflow/example_dags/example_latest_only.py for tasks to queue
[2024-06-22T13:19:32.617+0000] {logging_mixin.py:137} INFO - [2024-06-22T13:19:32.617+0000] {dagbag.py:538} INFO - Filling up the DagBag from /home/airflow/.local/lib/python3.7/site-packages/airflow/example_dags/example_latest_only.py
[2024-06-22T13:19:32.634+0000] {processor.py:753} INFO - DAG(s) dict_keys(['latest_only']) retrieved from /home/airflow/.local/lib/python3.7/site-packages/airflow/example_dags/example_latest_only.py
[2024-06-22T13:19:32.683+0000] {logging_mixin.py:137} INFO - [2024-06-22T13:19:32.683+0000] {dag.py:2676} INFO - Sync 1 DAGs
[2024-06-22T13:19:32.718+0000] {logging_mixin.py:137} INFO - [2024-06-22T13:19:32.717+0000] {dag.py:3427} INFO - Setting next_dagrun for latest_only to 2024-06-22T09:19:32.717413+00:00, run_after=2024-06-22T13:19:32.717413+00:00
[2024-06-22T13:19:32.739+0000] {processor.py:175} INFO - Processing /home/airflow/.local/lib/python3.7/site-packages/airflow/example_dags/example_latest_only.py took 0.128 seconds
[2024-06-22T13:20:02.985+0000] {processor.py:153} INFO - Started process (PID=778) to work on /home/airflow/.local/lib/python3.7/site-packages/airflow/example_dags/example_latest_only.py
[2024-06-22T13:20:02.986+0000] {processor.py:743} INFO - Processing file /home/airflow/.local/lib/python3.7/site-packages/airflow/example_dags/example_latest_only.py for tasks to queue
[2024-06-22T13:20:02.988+0000] {logging_mixin.py:137} INFO - [2024-06-22T13:20:02.987+0000] {dagbag.py:538} INFO - Filling up the DagBag from /home/airflow/.local/lib/python3.7/site-packages/airflow/example_dags/example_latest_only.py
[2024-06-22T13:20:03.010+0000] {processor.py:753} INFO - DAG(s) dict_keys(['latest_only']) retrieved from /home/airflow/.local/lib/python3.7/site-packages/airflow/example_dags/example_latest_only.py
[2024-06-22T13:20:03.054+0000] {logging_mixin.py:137} INFO - [2024-06-22T13:20:03.053+0000] {dag.py:2676} INFO - Sync 1 DAGs
[2024-06-22T13:20:03.081+0000] {logging_mixin.py:137} INFO - [2024-06-22T13:20:03.080+0000] {dag.py:3427} INFO - Setting next_dagrun for latest_only to 2024-06-22T09:20:03.080682+00:00, run_after=2024-06-22T13:20:03.080682+00:00
[2024-06-22T13:20:03.114+0000] {processor.py:175} INFO - Processing /home/airflow/.local/lib/python3.7/site-packages/airflow/example_dags/example_latest_only.py took 0.132 seconds
[2024-06-22T13:20:33.295+0000] {processor.py:153} INFO - Started process (PID=820) to work on /home/airflow/.local/lib/python3.7/site-packages/airflow/example_dags/example_latest_only.py
[2024-06-22T13:20:33.296+0000] {processor.py:743} INFO - Processing file /home/airflow/.local/lib/python3.7/site-packages/airflow/example_dags/example_latest_only.py for tasks to queue
[2024-06-22T13:20:33.297+0000] {logging_mixin.py:137} INFO - [2024-06-22T13:20:33.297+0000] {dagbag.py:538} INFO - Filling up the DagBag from /home/airflow/.local/lib/python3.7/site-packages/airflow/example_dags/example_latest_only.py
[2024-06-22T13:20:33.310+0000] {processor.py:753} INFO - DAG(s) dict_keys(['latest_only']) retrieved from /home/airflow/.local/lib/python3.7/site-packages/airflow/example_dags/example_latest_only.py
[2024-06-22T13:20:33.349+0000] {logging_mixin.py:137} INFO - [2024-06-22T13:20:33.348+0000] {dag.py:2676} INFO - Sync 1 DAGs
[2024-06-22T13:20:33.373+0000] {logging_mixin.py:137} INFO - [2024-06-22T13:20:33.373+0000] {dag.py:3427} INFO - Setting next_dagrun for latest_only to 2024-06-22T09:20:33.373601+00:00, run_after=2024-06-22T13:20:33.373601+00:00
[2024-06-22T13:20:33.401+0000] {processor.py:175} INFO - Processing /home/airflow/.local/lib/python3.7/site-packages/airflow/example_dags/example_latest_only.py took 0.109 seconds
[2024-06-22T13:21:03.958+0000] {processor.py:153} INFO - Started process (PID=862) to work on /home/airflow/.local/lib/python3.7/site-packages/airflow/example_dags/example_latest_only.py
[2024-06-22T13:21:03.959+0000] {processor.py:743} INFO - Processing file /home/airflow/.local/lib/python3.7/site-packages/airflow/example_dags/example_latest_only.py for tasks to queue
[2024-06-22T13:21:03.960+0000] {logging_mixin.py:137} INFO - [2024-06-22T13:21:03.960+0000] {dagbag.py:538} INFO - Filling up the DagBag from /home/airflow/.local/lib/python3.7/site-packages/airflow/example_dags/example_latest_only.py
[2024-06-22T13:21:03.975+0000] {processor.py:753} INFO - DAG(s) dict_keys(['latest_only']) retrieved from /home/airflow/.local/lib/python3.7/site-packages/airflow/example_dags/example_latest_only.py
[2024-06-22T13:21:04.017+0000] {logging_mixin.py:137} INFO - [2024-06-22T13:21:04.017+0000] {dag.py:2676} INFO - Sync 1 DAGs
[2024-06-22T13:21:04.047+0000] {logging_mixin.py:137} INFO - [2024-06-22T13:21:04.047+0000] {dag.py:3427} INFO - Setting next_dagrun for latest_only to 2024-06-22T09:21:04.046989+00:00, run_after=2024-06-22T13:21:04.046989+00:00
[2024-06-22T13:21:04.099+0000] {processor.py:175} INFO - Processing /home/airflow/.local/lib/python3.7/site-packages/airflow/example_dags/example_latest_only.py took 0.145 seconds
[2024-06-22T13:21:34.311+0000] {processor.py:153} INFO - Started process (PID=904) to work on /home/airflow/.local/lib/python3.7/site-packages/airflow/example_dags/example_latest_only.py
[2024-06-22T13:21:34.312+0000] {processor.py:743} INFO - Processing file /home/airflow/.local/lib/python3.7/site-packages/airflow/example_dags/example_latest_only.py for tasks to queue
[2024-06-22T13:21:34.313+0000] {logging_mixin.py:137} INFO - [2024-06-22T13:21:34.313+0000] {dagbag.py:538} INFO - Filling up the DagBag from /home/airflow/.local/lib/python3.7/site-packages/airflow/example_dags/example_latest_only.py
[2024-06-22T13:21:34.327+0000] {processor.py:753} INFO - DAG(s) dict_keys(['latest_only']) retrieved from /home/airflow/.local/lib/python3.7/site-packages/airflow/example_dags/example_latest_only.py
[2024-06-22T13:21:34.369+0000] {logging_mixin.py:137} INFO - [2024-06-22T13:21:34.369+0000] {dag.py:2676} INFO - Sync 1 DAGs
[2024-06-22T13:21:34.398+0000] {logging_mixin.py:137} INFO - [2024-06-22T13:21:34.397+0000] {dag.py:3427} INFO - Setting next_dagrun for latest_only to 2024-06-22T09:21:34.397609+00:00, run_after=2024-06-22T13:21:34.397609+00:00
[2024-06-22T13:21:34.423+0000] {processor.py:175} INFO - Processing /home/airflow/.local/lib/python3.7/site-packages/airflow/example_dags/example_latest_only.py took 0.116 seconds
[2024-06-22T13:22:04.820+0000] {processor.py:153} INFO - Started process (PID=946) to work on /home/airflow/.local/lib/python3.7/site-packages/airflow/example_dags/example_latest_only.py
[2024-06-22T13:22:04.821+0000] {processor.py:743} INFO - Processing file /home/airflow/.local/lib/python3.7/site-packages/airflow/example_dags/example_latest_only.py for tasks to queue
[2024-06-22T13:22:04.823+0000] {logging_mixin.py:137} INFO - [2024-06-22T13:22:04.823+0000] {dagbag.py:538} INFO - Filling up the DagBag from /home/airflow/.local/lib/python3.7/site-packages/airflow/example_dags/example_latest_only.py
[2024-06-22T13:22:04.835+0000] {processor.py:753} INFO - DAG(s) dict_keys(['latest_only']) retrieved from /home/airflow/.local/lib/python3.7/site-packages/airflow/example_dags/example_latest_only.py
[2024-06-22T13:22:04.879+0000] {logging_mixin.py:137} INFO - [2024-06-22T13:22:04.879+0000] {dag.py:2676} INFO - Sync 1 DAGs
[2024-06-22T13:22:04.904+0000] {logging_mixin.py:137} INFO - [2024-06-22T13:22:04.904+0000] {dag.py:3427} INFO - Setting next_dagrun for latest_only to 2024-06-22T09:22:04.904023+00:00, run_after=2024-06-22T13:22:04.904023+00:00
[2024-06-22T13:22:04.928+0000] {processor.py:175} INFO - Processing /home/airflow/.local/lib/python3.7/site-packages/airflow/example_dags/example_latest_only.py took 0.111 seconds
[2024-06-22T13:22:35.154+0000] {processor.py:153} INFO - Started process (PID=988) to work on /home/airflow/.local/lib/python3.7/site-packages/airflow/example_dags/example_latest_only.py
[2024-06-22T13:22:35.155+0000] {processor.py:743} INFO - Processing file /home/airflow/.local/lib/python3.7/site-packages/airflow/example_dags/example_latest_only.py for tasks to queue
[2024-06-22T13:22:35.157+0000] {logging_mixin.py:137} INFO - [2024-06-22T13:22:35.157+0000] {dagbag.py:538} INFO - Filling up the DagBag from /home/airflow/.local/lib/python3.7/site-packages/airflow/example_dags/example_latest_only.py
[2024-06-22T13:22:35.170+0000] {processor.py:753} INFO - DAG(s) dict_keys(['latest_only']) retrieved from /home/airflow/.local/lib/python3.7/site-packages/airflow/example_dags/example_latest_only.py
[2024-06-22T13:22:35.214+0000] {logging_mixin.py:137} INFO - [2024-06-22T13:22:35.214+0000] {dag.py:2676} INFO - Sync 1 DAGs
[2024-06-22T13:22:35.241+0000] {logging_mixin.py:137} INFO - [2024-06-22T13:22:35.241+0000] {dag.py:3427} INFO - Setting next_dagrun for latest_only to 2024-06-22T09:22:35.241417+00:00, run_after=2024-06-22T13:22:35.241417+00:00
[2024-06-22T13:22:35.273+0000] {processor.py:175} INFO - Processing /home/airflow/.local/lib/python3.7/site-packages/airflow/example_dags/example_latest_only.py took 0.122 seconds
[2024-06-22T13:23:05.499+0000] {processor.py:153} INFO - Started process (PID=1030) to work on /home/airflow/.local/lib/python3.7/site-packages/airflow/example_dags/example_latest_only.py
[2024-06-22T13:23:05.500+0000] {processor.py:743} INFO - Processing file /home/airflow/.local/lib/python3.7/site-packages/airflow/example_dags/example_latest_only.py for tasks to queue
[2024-06-22T13:23:05.501+0000] {logging_mixin.py:137} INFO - [2024-06-22T13:23:05.501+0000] {dagbag.py:538} INFO - Filling up the DagBag from /home/airflow/.local/lib/python3.7/site-packages/airflow/example_dags/example_latest_only.py
[2024-06-22T13:23:05.517+0000] {processor.py:753} INFO - DAG(s) dict_keys(['latest_only']) retrieved from /home/airflow/.local/lib/python3.7/site-packages/airflow/example_dags/example_latest_only.py
[2024-06-22T13:23:05.559+0000] {logging_mixin.py:137} INFO - [2024-06-22T13:23:05.559+0000] {dag.py:2676} INFO - Sync 1 DAGs
[2024-06-22T13:23:05.586+0000] {logging_mixin.py:137} INFO - [2024-06-22T13:23:05.586+0000] {dag.py:3427} INFO - Setting next_dagrun for latest_only to 2024-06-22T09:23:05.586144+00:00, run_after=2024-06-22T13:23:05.586144+00:00
[2024-06-22T13:23:05.618+0000] {processor.py:175} INFO - Processing /home/airflow/.local/lib/python3.7/site-packages/airflow/example_dags/example_latest_only.py took 0.122 seconds
[2024-06-22T13:23:35.987+0000] {processor.py:153} INFO - Started process (PID=1072) to work on /home/airflow/.local/lib/python3.7/site-packages/airflow/example_dags/example_latest_only.py
[2024-06-22T13:23:35.988+0000] {processor.py:743} INFO - Processing file /home/airflow/.local/lib/python3.7/site-packages/airflow/example_dags/example_latest_only.py for tasks to queue
[2024-06-22T13:23:35.989+0000] {logging_mixin.py:137} INFO - [2024-06-22T13:23:35.989+0000] {dagbag.py:538} INFO - Filling up the DagBag from /home/airflow/.local/lib/python3.7/site-packages/airflow/example_dags/example_latest_only.py
[2024-06-22T13:23:36.003+0000] {processor.py:753} INFO - DAG(s) dict_keys(['latest_only']) retrieved from /home/airflow/.local/lib/python3.7/site-packages/airflow/example_dags/example_latest_only.py
[2024-06-22T13:23:36.048+0000] {logging_mixin.py:137} INFO - [2024-06-22T13:23:36.048+0000] {dag.py:2676} INFO - Sync 1 DAGs
[2024-06-22T13:23:36.075+0000] {logging_mixin.py:137} INFO - [2024-06-22T13:23:36.075+0000] {dag.py:3427} INFO - Setting next_dagrun for latest_only to 2024-06-22T09:23:36.075608+00:00, run_after=2024-06-22T13:23:36.075608+00:00
[2024-06-22T13:23:36.106+0000] {processor.py:175} INFO - Processing /home/airflow/.local/lib/python3.7/site-packages/airflow/example_dags/example_latest_only.py took 0.123 seconds
[2024-06-22T13:24:06.184+0000] {processor.py:153} INFO - Started process (PID=1114) to work on /home/airflow/.local/lib/python3.7/site-packages/airflow/example_dags/example_latest_only.py
[2024-06-22T13:24:06.186+0000] {processor.py:743} INFO - Processing file /home/airflow/.local/lib/python3.7/site-packages/airflow/example_dags/example_latest_only.py for tasks to queue
[2024-06-22T13:24:06.187+0000] {logging_mixin.py:137} INFO - [2024-06-22T13:24:06.187+0000] {dagbag.py:538} INFO - Filling up the DagBag from /home/airflow/.local/lib/python3.7/site-packages/airflow/example_dags/example_latest_only.py
[2024-06-22T13:24:06.203+0000] {processor.py:753} INFO - DAG(s) dict_keys(['latest_only']) retrieved from /home/airflow/.local/lib/python3.7/site-packages/airflow/example_dags/example_latest_only.py
[2024-06-22T13:24:06.242+0000] {logging_mixin.py:137} INFO - [2024-06-22T13:24:06.242+0000] {dag.py:2676} INFO - Sync 1 DAGs
[2024-06-22T13:24:06.272+0000] {logging_mixin.py:137} INFO - [2024-06-22T13:24:06.272+0000] {dag.py:3427} INFO - Setting next_dagrun for latest_only to 2024-06-22T09:24:06.271982+00:00, run_after=2024-06-22T13:24:06.271982+00:00
[2024-06-22T13:24:06.305+0000] {processor.py:175} INFO - Processing /home/airflow/.local/lib/python3.7/site-packages/airflow/example_dags/example_latest_only.py took 0.124 seconds
[2024-06-22T13:24:36.552+0000] {processor.py:153} INFO - Started process (PID=1153) to work on /home/airflow/.local/lib/python3.7/site-packages/airflow/example_dags/example_latest_only.py
[2024-06-22T13:24:36.554+0000] {processor.py:743} INFO - Processing file /home/airflow/.local/lib/python3.7/site-packages/airflow/example_dags/example_latest_only.py for tasks to queue
[2024-06-22T13:24:36.555+0000] {logging_mixin.py:137} INFO - [2024-06-22T13:24:36.555+0000] {dagbag.py:538} INFO - Filling up the DagBag from /home/airflow/.local/lib/python3.7/site-packages/airflow/example_dags/example_latest_only.py
[2024-06-22T13:24:36.572+0000] {processor.py:753} INFO - DAG(s) dict_keys(['latest_only']) retrieved from /home/airflow/.local/lib/python3.7/site-packages/airflow/example_dags/example_latest_only.py
[2024-06-22T13:24:36.616+0000] {logging_mixin.py:137} INFO - [2024-06-22T13:24:36.616+0000] {dag.py:2676} INFO - Sync 1 DAGs
[2024-06-22T13:24:36.644+0000] {logging_mixin.py:137} INFO - [2024-06-22T13:24:36.644+0000] {dag.py:3427} INFO - Setting next_dagrun for latest_only to 2024-06-22T09:24:36.644334+00:00, run_after=2024-06-22T13:24:36.644334+00:00
[2024-06-22T13:24:36.676+0000] {processor.py:175} INFO - Processing /home/airflow/.local/lib/python3.7/site-packages/airflow/example_dags/example_latest_only.py took 0.127 seconds
[2024-06-22T13:25:06.872+0000] {processor.py:153} INFO - Started process (PID=1191) to work on /home/airflow/.local/lib/python3.7/site-packages/airflow/example_dags/example_latest_only.py
[2024-06-22T13:25:06.873+0000] {processor.py:743} INFO - Processing file /home/airflow/.local/lib/python3.7/site-packages/airflow/example_dags/example_latest_only.py for tasks to queue
[2024-06-22T13:25:06.874+0000] {logging_mixin.py:137} INFO - [2024-06-22T13:25:06.874+0000] {dagbag.py:538} INFO - Filling up the DagBag from /home/airflow/.local/lib/python3.7/site-packages/airflow/example_dags/example_latest_only.py
[2024-06-22T13:25:06.898+0000] {processor.py:753} INFO - DAG(s) dict_keys(['latest_only']) retrieved from /home/airflow/.local/lib/python3.7/site-packages/airflow/example_dags/example_latest_only.py
[2024-06-22T13:25:06.946+0000] {logging_mixin.py:137} INFO - [2024-06-22T13:25:06.945+0000] {dag.py:2676} INFO - Sync 1 DAGs
[2024-06-22T13:25:06.970+0000] {logging_mixin.py:137} INFO - [2024-06-22T13:25:06.970+0000] {dag.py:3427} INFO - Setting next_dagrun for latest_only to 2024-06-22T09:25:06.969876+00:00, run_after=2024-06-22T13:25:06.969876+00:00
[2024-06-22T13:25:06.992+0000] {processor.py:175} INFO - Processing /home/airflow/.local/lib/python3.7/site-packages/airflow/example_dags/example_latest_only.py took 0.123 seconds
[2024-06-22T13:25:37.558+0000] {processor.py:153} INFO - Started process (PID=1231) to work on /home/airflow/.local/lib/python3.7/site-packages/airflow/example_dags/example_latest_only.py
[2024-06-22T13:25:37.559+0000] {processor.py:743} INFO - Processing file /home/airflow/.local/lib/python3.7/site-packages/airflow/example_dags/example_latest_only.py for tasks to queue
[2024-06-22T13:25:37.560+0000] {logging_mixin.py:137} INFO - [2024-06-22T13:25:37.560+0000] {dagbag.py:538} INFO - Filling up the DagBag from /home/airflow/.local/lib/python3.7/site-packages/airflow/example_dags/example_latest_only.py
[2024-06-22T13:25:37.579+0000] {processor.py:753} INFO - DAG(s) dict_keys(['latest_only']) retrieved from /home/airflow/.local/lib/python3.7/site-packages/airflow/example_dags/example_latest_only.py
[2024-06-22T13:25:37.622+0000] {logging_mixin.py:137} INFO - [2024-06-22T13:25:37.622+0000] {dag.py:2676} INFO - Sync 1 DAGs
[2024-06-22T13:25:37.650+0000] {logging_mixin.py:137} INFO - [2024-06-22T13:25:37.650+0000] {dag.py:3427} INFO - Setting next_dagrun for latest_only to 2024-06-22T09:25:37.650309+00:00, run_after=2024-06-22T13:25:37.650309+00:00
[2024-06-22T13:25:37.672+0000] {processor.py:175} INFO - Processing /home/airflow/.local/lib/python3.7/site-packages/airflow/example_dags/example_latest_only.py took 0.118 seconds
