[2024-06-22T13:11:23.357+0000] {processor.py:153} INFO - Started process (PID=77) to work on /home/airflow/.local/lib/python3.7/site-packages/airflow/example_dags/example_sensors.py
[2024-06-22T13:11:23.359+0000] {processor.py:743} INFO - Processing file /home/airflow/.local/lib/python3.7/site-packages/airflow/example_dags/example_sensors.py for tasks to queue
[2024-06-22T13:11:23.360+0000] {logging_mixin.py:137} INFO - [2024-06-22T13:11:23.359+0000] {dagbag.py:538} INFO - Filling up the DagBag from /home/airflow/.local/lib/python3.7/site-packages/airflow/example_dags/example_sensors.py
[2024-06-22T13:11:23.391+0000] {processor.py:753} INFO - DAG(s) dict_keys(['example_sensors']) retrieved from /home/airflow/.local/lib/python3.7/site-packages/airflow/example_dags/example_sensors.py
[2024-06-22T13:11:23.444+0000] {logging_mixin.py:137} INFO - [2024-06-22T13:11:23.444+0000] {dag.py:2676} INFO - Sync 1 DAGs
[2024-06-22T13:11:23.481+0000] {logging_mixin.py:137} INFO - [2024-06-22T13:11:23.481+0000] {dag.py:3427} INFO - Setting next_dagrun for example_sensors to None, run_after=None
[2024-06-22T13:11:23.509+0000] {processor.py:175} INFO - Processing /home/airflow/.local/lib/python3.7/site-packages/airflow/example_dags/example_sensors.py took 0.156 seconds
[2024-06-22T13:11:53.890+0000] {processor.py:153} INFO - Started process (PID=119) to work on /home/airflow/.local/lib/python3.7/site-packages/airflow/example_dags/example_sensors.py
[2024-06-22T13:11:53.891+0000] {processor.py:743} INFO - Processing file /home/airflow/.local/lib/python3.7/site-packages/airflow/example_dags/example_sensors.py for tasks to queue
[2024-06-22T13:11:53.892+0000] {logging_mixin.py:137} INFO - [2024-06-22T13:11:53.892+0000] {dagbag.py:538} INFO - Filling up the DagBag from /home/airflow/.local/lib/python3.7/site-packages/airflow/example_dags/example_sensors.py
[2024-06-22T13:11:53.915+0000] {processor.py:753} INFO - DAG(s) dict_keys(['example_sensors']) retrieved from /home/airflow/.local/lib/python3.7/site-packages/airflow/example_dags/example_sensors.py
[2024-06-22T13:11:53.952+0000] {logging_mixin.py:137} INFO - [2024-06-22T13:11:53.952+0000] {dag.py:2676} INFO - Sync 1 DAGs
[2024-06-22T13:11:53.992+0000] {logging_mixin.py:137} INFO - [2024-06-22T13:11:53.991+0000] {dag.py:3427} INFO - Setting next_dagrun for example_sensors to None, run_after=None
[2024-06-22T13:11:54.019+0000] {processor.py:175} INFO - Processing /home/airflow/.local/lib/python3.7/site-packages/airflow/example_dags/example_sensors.py took 0.134 seconds
[2024-06-22T13:12:24.606+0000] {processor.py:153} INFO - Started process (PID=161) to work on /home/airflow/.local/lib/python3.7/site-packages/airflow/example_dags/example_sensors.py
[2024-06-22T13:12:24.608+0000] {processor.py:743} INFO - Processing file /home/airflow/.local/lib/python3.7/site-packages/airflow/example_dags/example_sensors.py for tasks to queue
[2024-06-22T13:12:24.609+0000] {logging_mixin.py:137} INFO - [2024-06-22T13:12:24.608+0000] {dagbag.py:538} INFO - Filling up the DagBag from /home/airflow/.local/lib/python3.7/site-packages/airflow/example_dags/example_sensors.py
[2024-06-22T13:12:24.637+0000] {processor.py:753} INFO - DAG(s) dict_keys(['example_sensors']) retrieved from /home/airflow/.local/lib/python3.7/site-packages/airflow/example_dags/example_sensors.py
[2024-06-22T13:12:24.690+0000] {logging_mixin.py:137} INFO - [2024-06-22T13:12:24.690+0000] {dag.py:2676} INFO - Sync 1 DAGs
[2024-06-22T13:12:24.721+0000] {logging_mixin.py:137} INFO - [2024-06-22T13:12:24.721+0000] {dag.py:3427} INFO - Setting next_dagrun for example_sensors to None, run_after=None
[2024-06-22T13:12:24.747+0000] {processor.py:175} INFO - Processing /home/airflow/.local/lib/python3.7/site-packages/airflow/example_dags/example_sensors.py took 0.146 seconds
[2024-06-22T13:12:55.368+0000] {processor.py:153} INFO - Started process (PID=203) to work on /home/airflow/.local/lib/python3.7/site-packages/airflow/example_dags/example_sensors.py
[2024-06-22T13:12:55.369+0000] {processor.py:743} INFO - Processing file /home/airflow/.local/lib/python3.7/site-packages/airflow/example_dags/example_sensors.py for tasks to queue
[2024-06-22T13:12:55.370+0000] {logging_mixin.py:137} INFO - [2024-06-22T13:12:55.370+0000] {dagbag.py:538} INFO - Filling up the DagBag from /home/airflow/.local/lib/python3.7/site-packages/airflow/example_dags/example_sensors.py
[2024-06-22T13:12:55.390+0000] {processor.py:753} INFO - DAG(s) dict_keys(['example_sensors']) retrieved from /home/airflow/.local/lib/python3.7/site-packages/airflow/example_dags/example_sensors.py
[2024-06-22T13:12:55.431+0000] {logging_mixin.py:137} INFO - [2024-06-22T13:12:55.430+0000] {dag.py:2676} INFO - Sync 1 DAGs
[2024-06-22T13:12:55.461+0000] {logging_mixin.py:137} INFO - [2024-06-22T13:12:55.461+0000] {dag.py:3427} INFO - Setting next_dagrun for example_sensors to None, run_after=None
[2024-06-22T13:12:55.481+0000] {processor.py:175} INFO - Processing /home/airflow/.local/lib/python3.7/site-packages/airflow/example_dags/example_sensors.py took 0.116 seconds
[2024-06-22T13:13:26.053+0000] {processor.py:153} INFO - Started process (PID=245) to work on /home/airflow/.local/lib/python3.7/site-packages/airflow/example_dags/example_sensors.py
[2024-06-22T13:13:26.054+0000] {processor.py:743} INFO - Processing file /home/airflow/.local/lib/python3.7/site-packages/airflow/example_dags/example_sensors.py for tasks to queue
[2024-06-22T13:13:26.055+0000] {logging_mixin.py:137} INFO - [2024-06-22T13:13:26.055+0000] {dagbag.py:538} INFO - Filling up the DagBag from /home/airflow/.local/lib/python3.7/site-packages/airflow/example_dags/example_sensors.py
[2024-06-22T13:13:26.075+0000] {processor.py:753} INFO - DAG(s) dict_keys(['example_sensors']) retrieved from /home/airflow/.local/lib/python3.7/site-packages/airflow/example_dags/example_sensors.py
[2024-06-22T13:13:26.116+0000] {logging_mixin.py:137} INFO - [2024-06-22T13:13:26.115+0000] {dag.py:2676} INFO - Sync 1 DAGs
[2024-06-22T13:13:26.139+0000] {logging_mixin.py:137} INFO - [2024-06-22T13:13:26.139+0000] {dag.py:3427} INFO - Setting next_dagrun for example_sensors to None, run_after=None
[2024-06-22T13:13:26.166+0000] {processor.py:175} INFO - Processing /home/airflow/.local/lib/python3.7/site-packages/airflow/example_dags/example_sensors.py took 0.116 seconds
[2024-06-22T13:13:57.717+0000] {processor.py:153} INFO - Started process (PID=287) to work on /home/airflow/.local/lib/python3.7/site-packages/airflow/example_dags/example_sensors.py
[2024-06-22T13:13:57.718+0000] {processor.py:743} INFO - Processing file /home/airflow/.local/lib/python3.7/site-packages/airflow/example_dags/example_sensors.py for tasks to queue
[2024-06-22T13:13:57.719+0000] {logging_mixin.py:137} INFO - [2024-06-22T13:13:57.719+0000] {dagbag.py:538} INFO - Filling up the DagBag from /home/airflow/.local/lib/python3.7/site-packages/airflow/example_dags/example_sensors.py
[2024-06-22T13:13:57.741+0000] {processor.py:753} INFO - DAG(s) dict_keys(['example_sensors']) retrieved from /home/airflow/.local/lib/python3.7/site-packages/airflow/example_dags/example_sensors.py
[2024-06-22T13:13:57.791+0000] {logging_mixin.py:137} INFO - [2024-06-22T13:13:57.791+0000] {dag.py:2676} INFO - Sync 1 DAGs
[2024-06-22T13:13:57.821+0000] {logging_mixin.py:137} INFO - [2024-06-22T13:13:57.821+0000] {dag.py:3427} INFO - Setting next_dagrun for example_sensors to None, run_after=None
[2024-06-22T13:13:57.846+0000] {processor.py:175} INFO - Processing /home/airflow/.local/lib/python3.7/site-packages/airflow/example_dags/example_sensors.py took 0.133 seconds
[2024-06-22T13:14:28.489+0000] {processor.py:153} INFO - Started process (PID=329) to work on /home/airflow/.local/lib/python3.7/site-packages/airflow/example_dags/example_sensors.py
[2024-06-22T13:14:28.490+0000] {processor.py:743} INFO - Processing file /home/airflow/.local/lib/python3.7/site-packages/airflow/example_dags/example_sensors.py for tasks to queue
[2024-06-22T13:14:28.491+0000] {logging_mixin.py:137} INFO - [2024-06-22T13:14:28.491+0000] {dagbag.py:538} INFO - Filling up the DagBag from /home/airflow/.local/lib/python3.7/site-packages/airflow/example_dags/example_sensors.py
[2024-06-22T13:14:28.509+0000] {processor.py:753} INFO - DAG(s) dict_keys(['example_sensors']) retrieved from /home/airflow/.local/lib/python3.7/site-packages/airflow/example_dags/example_sensors.py
[2024-06-22T13:14:28.549+0000] {logging_mixin.py:137} INFO - [2024-06-22T13:14:28.549+0000] {dag.py:2676} INFO - Sync 1 DAGs
[2024-06-22T13:14:28.575+0000] {logging_mixin.py:137} INFO - [2024-06-22T13:14:28.575+0000] {dag.py:3427} INFO - Setting next_dagrun for example_sensors to None, run_after=None
[2024-06-22T13:14:28.601+0000] {processor.py:175} INFO - Processing /home/airflow/.local/lib/python3.7/site-packages/airflow/example_dags/example_sensors.py took 0.115 seconds
[2024-06-22T13:14:59.546+0000] {processor.py:153} INFO - Started process (PID=371) to work on /home/airflow/.local/lib/python3.7/site-packages/airflow/example_dags/example_sensors.py
[2024-06-22T13:14:59.548+0000] {processor.py:743} INFO - Processing file /home/airflow/.local/lib/python3.7/site-packages/airflow/example_dags/example_sensors.py for tasks to queue
[2024-06-22T13:14:59.549+0000] {logging_mixin.py:137} INFO - [2024-06-22T13:14:59.549+0000] {dagbag.py:538} INFO - Filling up the DagBag from /home/airflow/.local/lib/python3.7/site-packages/airflow/example_dags/example_sensors.py
[2024-06-22T13:14:59.572+0000] {processor.py:753} INFO - DAG(s) dict_keys(['example_sensors']) retrieved from /home/airflow/.local/lib/python3.7/site-packages/airflow/example_dags/example_sensors.py
[2024-06-22T13:14:59.619+0000] {logging_mixin.py:137} INFO - [2024-06-22T13:14:59.619+0000] {dag.py:2676} INFO - Sync 1 DAGs
[2024-06-22T13:14:59.655+0000] {logging_mixin.py:137} INFO - [2024-06-22T13:14:59.655+0000] {dag.py:3427} INFO - Setting next_dagrun for example_sensors to None, run_after=None
[2024-06-22T13:14:59.681+0000] {processor.py:175} INFO - Processing /home/airflow/.local/lib/python3.7/site-packages/airflow/example_dags/example_sensors.py took 0.140 seconds
[2024-06-22T13:15:30.164+0000] {processor.py:153} INFO - Started process (PID=413) to work on /home/airflow/.local/lib/python3.7/site-packages/airflow/example_dags/example_sensors.py
[2024-06-22T13:15:30.165+0000] {processor.py:743} INFO - Processing file /home/airflow/.local/lib/python3.7/site-packages/airflow/example_dags/example_sensors.py for tasks to queue
[2024-06-22T13:15:30.166+0000] {logging_mixin.py:137} INFO - [2024-06-22T13:15:30.166+0000] {dagbag.py:538} INFO - Filling up the DagBag from /home/airflow/.local/lib/python3.7/site-packages/airflow/example_dags/example_sensors.py
[2024-06-22T13:15:30.182+0000] {processor.py:753} INFO - DAG(s) dict_keys(['example_sensors']) retrieved from /home/airflow/.local/lib/python3.7/site-packages/airflow/example_dags/example_sensors.py
[2024-06-22T13:15:30.224+0000] {logging_mixin.py:137} INFO - [2024-06-22T13:15:30.224+0000] {dag.py:2676} INFO - Sync 1 DAGs
[2024-06-22T13:15:30.245+0000] {logging_mixin.py:137} INFO - [2024-06-22T13:15:30.245+0000] {dag.py:3427} INFO - Setting next_dagrun for example_sensors to None, run_after=None
[2024-06-22T13:15:30.267+0000] {processor.py:175} INFO - Processing /home/airflow/.local/lib/python3.7/site-packages/airflow/example_dags/example_sensors.py took 0.106 seconds
[2024-06-22T13:16:01.312+0000] {processor.py:153} INFO - Started process (PID=455) to work on /home/airflow/.local/lib/python3.7/site-packages/airflow/example_dags/example_sensors.py
[2024-06-22T13:16:01.314+0000] {processor.py:743} INFO - Processing file /home/airflow/.local/lib/python3.7/site-packages/airflow/example_dags/example_sensors.py for tasks to queue
[2024-06-22T13:16:01.315+0000] {logging_mixin.py:137} INFO - [2024-06-22T13:16:01.315+0000] {dagbag.py:538} INFO - Filling up the DagBag from /home/airflow/.local/lib/python3.7/site-packages/airflow/example_dags/example_sensors.py
[2024-06-22T13:16:01.339+0000] {processor.py:753} INFO - DAG(s) dict_keys(['example_sensors']) retrieved from /home/airflow/.local/lib/python3.7/site-packages/airflow/example_dags/example_sensors.py
[2024-06-22T13:16:01.386+0000] {logging_mixin.py:137} INFO - [2024-06-22T13:16:01.386+0000] {dag.py:2676} INFO - Sync 1 DAGs
[2024-06-22T13:16:01.416+0000] {logging_mixin.py:137} INFO - [2024-06-22T13:16:01.416+0000] {dag.py:3427} INFO - Setting next_dagrun for example_sensors to None, run_after=None
[2024-06-22T13:16:01.435+0000] {processor.py:175} INFO - Processing /home/airflow/.local/lib/python3.7/site-packages/airflow/example_dags/example_sensors.py took 0.126 seconds
[2024-06-22T13:16:31.899+0000] {processor.py:153} INFO - Started process (PID=496) to work on /home/airflow/.local/lib/python3.7/site-packages/airflow/example_dags/example_sensors.py
[2024-06-22T13:16:31.900+0000] {processor.py:743} INFO - Processing file /home/airflow/.local/lib/python3.7/site-packages/airflow/example_dags/example_sensors.py for tasks to queue
[2024-06-22T13:16:31.902+0000] {logging_mixin.py:137} INFO - [2024-06-22T13:16:31.901+0000] {dagbag.py:538} INFO - Filling up the DagBag from /home/airflow/.local/lib/python3.7/site-packages/airflow/example_dags/example_sensors.py
[2024-06-22T13:16:31.919+0000] {processor.py:753} INFO - DAG(s) dict_keys(['example_sensors']) retrieved from /home/airflow/.local/lib/python3.7/site-packages/airflow/example_dags/example_sensors.py
[2024-06-22T13:16:31.956+0000] {logging_mixin.py:137} INFO - [2024-06-22T13:16:31.956+0000] {dag.py:2676} INFO - Sync 1 DAGs
[2024-06-22T13:16:31.981+0000] {logging_mixin.py:137} INFO - [2024-06-22T13:16:31.981+0000] {dag.py:3427} INFO - Setting next_dagrun for example_sensors to None, run_after=None
[2024-06-22T13:16:32.006+0000] {processor.py:175} INFO - Processing /home/airflow/.local/lib/python3.7/site-packages/airflow/example_dags/example_sensors.py took 0.110 seconds
[2024-06-22T13:17:02.197+0000] {processor.py:153} INFO - Started process (PID=536) to work on /home/airflow/.local/lib/python3.7/site-packages/airflow/example_dags/example_sensors.py
[2024-06-22T13:17:02.199+0000] {processor.py:743} INFO - Processing file /home/airflow/.local/lib/python3.7/site-packages/airflow/example_dags/example_sensors.py for tasks to queue
[2024-06-22T13:17:02.200+0000] {logging_mixin.py:137} INFO - [2024-06-22T13:17:02.200+0000] {dagbag.py:538} INFO - Filling up the DagBag from /home/airflow/.local/lib/python3.7/site-packages/airflow/example_dags/example_sensors.py
[2024-06-22T13:17:02.219+0000] {processor.py:753} INFO - DAG(s) dict_keys(['example_sensors']) retrieved from /home/airflow/.local/lib/python3.7/site-packages/airflow/example_dags/example_sensors.py
[2024-06-22T13:17:02.264+0000] {logging_mixin.py:137} INFO - [2024-06-22T13:17:02.264+0000] {dag.py:2676} INFO - Sync 1 DAGs
[2024-06-22T13:17:02.292+0000] {logging_mixin.py:137} INFO - [2024-06-22T13:17:02.292+0000] {dag.py:3427} INFO - Setting next_dagrun for example_sensors to None, run_after=None
[2024-06-22T13:17:02.318+0000] {processor.py:175} INFO - Processing /home/airflow/.local/lib/python3.7/site-packages/airflow/example_dags/example_sensors.py took 0.125 seconds
[2024-06-22T13:17:33.072+0000] {processor.py:153} INFO - Started process (PID=578) to work on /home/airflow/.local/lib/python3.7/site-packages/airflow/example_dags/example_sensors.py
[2024-06-22T13:17:33.073+0000] {processor.py:743} INFO - Processing file /home/airflow/.local/lib/python3.7/site-packages/airflow/example_dags/example_sensors.py for tasks to queue
[2024-06-22T13:17:33.074+0000] {logging_mixin.py:137} INFO - [2024-06-22T13:17:33.074+0000] {dagbag.py:538} INFO - Filling up the DagBag from /home/airflow/.local/lib/python3.7/site-packages/airflow/example_dags/example_sensors.py
[2024-06-22T13:17:33.094+0000] {processor.py:753} INFO - DAG(s) dict_keys(['example_sensors']) retrieved from /home/airflow/.local/lib/python3.7/site-packages/airflow/example_dags/example_sensors.py
[2024-06-22T13:17:33.138+0000] {logging_mixin.py:137} INFO - [2024-06-22T13:17:33.138+0000] {dag.py:2676} INFO - Sync 1 DAGs
[2024-06-22T13:17:33.168+0000] {logging_mixin.py:137} INFO - [2024-06-22T13:17:33.168+0000] {dag.py:3427} INFO - Setting next_dagrun for example_sensors to None, run_after=None
[2024-06-22T13:17:33.191+0000] {processor.py:175} INFO - Processing /home/airflow/.local/lib/python3.7/site-packages/airflow/example_dags/example_sensors.py took 0.123 seconds
[2024-06-22T13:18:03.393+0000] {processor.py:153} INFO - Started process (PID=620) to work on /home/airflow/.local/lib/python3.7/site-packages/airflow/example_dags/example_sensors.py
[2024-06-22T13:18:03.394+0000] {processor.py:743} INFO - Processing file /home/airflow/.local/lib/python3.7/site-packages/airflow/example_dags/example_sensors.py for tasks to queue
[2024-06-22T13:18:03.396+0000] {logging_mixin.py:137} INFO - [2024-06-22T13:18:03.395+0000] {dagbag.py:538} INFO - Filling up the DagBag from /home/airflow/.local/lib/python3.7/site-packages/airflow/example_dags/example_sensors.py
[2024-06-22T13:18:03.422+0000] {processor.py:753} INFO - DAG(s) dict_keys(['example_sensors']) retrieved from /home/airflow/.local/lib/python3.7/site-packages/airflow/example_dags/example_sensors.py
[2024-06-22T13:18:03.475+0000] {logging_mixin.py:137} INFO - [2024-06-22T13:18:03.475+0000] {dag.py:2676} INFO - Sync 1 DAGs
[2024-06-22T13:18:03.511+0000] {logging_mixin.py:137} INFO - [2024-06-22T13:18:03.511+0000] {dag.py:3427} INFO - Setting next_dagrun for example_sensors to None, run_after=None
[2024-06-22T13:18:03.540+0000] {processor.py:175} INFO - Processing /home/airflow/.local/lib/python3.7/site-packages/airflow/example_dags/example_sensors.py took 0.151 seconds
[2024-06-22T13:18:33.837+0000] {processor.py:153} INFO - Started process (PID=662) to work on /home/airflow/.local/lib/python3.7/site-packages/airflow/example_dags/example_sensors.py
[2024-06-22T13:18:33.839+0000] {processor.py:743} INFO - Processing file /home/airflow/.local/lib/python3.7/site-packages/airflow/example_dags/example_sensors.py for tasks to queue
[2024-06-22T13:18:33.840+0000] {logging_mixin.py:137} INFO - [2024-06-22T13:18:33.840+0000] {dagbag.py:538} INFO - Filling up the DagBag from /home/airflow/.local/lib/python3.7/site-packages/airflow/example_dags/example_sensors.py
[2024-06-22T13:18:33.867+0000] {processor.py:753} INFO - DAG(s) dict_keys(['example_sensors']) retrieved from /home/airflow/.local/lib/python3.7/site-packages/airflow/example_dags/example_sensors.py
[2024-06-22T13:18:33.915+0000] {logging_mixin.py:137} INFO - [2024-06-22T13:18:33.914+0000] {dag.py:2676} INFO - Sync 1 DAGs
[2024-06-22T13:18:33.946+0000] {logging_mixin.py:137} INFO - [2024-06-22T13:18:33.945+0000] {dag.py:3427} INFO - Setting next_dagrun for example_sensors to None, run_after=None
[2024-06-22T13:18:33.971+0000] {processor.py:175} INFO - Processing /home/airflow/.local/lib/python3.7/site-packages/airflow/example_dags/example_sensors.py took 0.138 seconds
[2024-06-22T13:19:04.100+0000] {processor.py:153} INFO - Started process (PID=704) to work on /home/airflow/.local/lib/python3.7/site-packages/airflow/example_dags/example_sensors.py
[2024-06-22T13:19:04.102+0000] {processor.py:743} INFO - Processing file /home/airflow/.local/lib/python3.7/site-packages/airflow/example_dags/example_sensors.py for tasks to queue
[2024-06-22T13:19:04.103+0000] {logging_mixin.py:137} INFO - [2024-06-22T13:19:04.102+0000] {dagbag.py:538} INFO - Filling up the DagBag from /home/airflow/.local/lib/python3.7/site-packages/airflow/example_dags/example_sensors.py
[2024-06-22T13:19:04.123+0000] {processor.py:753} INFO - DAG(s) dict_keys(['example_sensors']) retrieved from /home/airflow/.local/lib/python3.7/site-packages/airflow/example_dags/example_sensors.py
[2024-06-22T13:19:04.171+0000] {logging_mixin.py:137} INFO - [2024-06-22T13:19:04.171+0000] {dag.py:2676} INFO - Sync 1 DAGs
[2024-06-22T13:19:04.207+0000] {logging_mixin.py:137} INFO - [2024-06-22T13:19:04.207+0000] {dag.py:3427} INFO - Setting next_dagrun for example_sensors to None, run_after=None
[2024-06-22T13:19:04.233+0000] {processor.py:175} INFO - Processing /home/airflow/.local/lib/python3.7/site-packages/airflow/example_dags/example_sensors.py took 0.136 seconds
[2024-06-22T13:19:34.419+0000] {processor.py:153} INFO - Started process (PID=746) to work on /home/airflow/.local/lib/python3.7/site-packages/airflow/example_dags/example_sensors.py
[2024-06-22T13:19:34.421+0000] {processor.py:743} INFO - Processing file /home/airflow/.local/lib/python3.7/site-packages/airflow/example_dags/example_sensors.py for tasks to queue
[2024-06-22T13:19:34.422+0000] {logging_mixin.py:137} INFO - [2024-06-22T13:19:34.422+0000] {dagbag.py:538} INFO - Filling up the DagBag from /home/airflow/.local/lib/python3.7/site-packages/airflow/example_dags/example_sensors.py
[2024-06-22T13:19:34.441+0000] {processor.py:753} INFO - DAG(s) dict_keys(['example_sensors']) retrieved from /home/airflow/.local/lib/python3.7/site-packages/airflow/example_dags/example_sensors.py
[2024-06-22T13:19:34.483+0000] {logging_mixin.py:137} INFO - [2024-06-22T13:19:34.482+0000] {dag.py:2676} INFO - Sync 1 DAGs
[2024-06-22T13:19:34.513+0000] {logging_mixin.py:137} INFO - [2024-06-22T13:19:34.513+0000] {dag.py:3427} INFO - Setting next_dagrun for example_sensors to None, run_after=None
[2024-06-22T13:19:34.538+0000] {processor.py:175} INFO - Processing /home/airflow/.local/lib/python3.7/site-packages/airflow/example_dags/example_sensors.py took 0.123 seconds
[2024-06-22T13:20:04.916+0000] {processor.py:153} INFO - Started process (PID=788) to work on /home/airflow/.local/lib/python3.7/site-packages/airflow/example_dags/example_sensors.py
[2024-06-22T13:20:04.917+0000] {processor.py:743} INFO - Processing file /home/airflow/.local/lib/python3.7/site-packages/airflow/example_dags/example_sensors.py for tasks to queue
[2024-06-22T13:20:04.918+0000] {logging_mixin.py:137} INFO - [2024-06-22T13:20:04.918+0000] {dagbag.py:538} INFO - Filling up the DagBag from /home/airflow/.local/lib/python3.7/site-packages/airflow/example_dags/example_sensors.py
[2024-06-22T13:20:04.938+0000] {processor.py:753} INFO - DAG(s) dict_keys(['example_sensors']) retrieved from /home/airflow/.local/lib/python3.7/site-packages/airflow/example_dags/example_sensors.py
[2024-06-22T13:20:04.982+0000] {logging_mixin.py:137} INFO - [2024-06-22T13:20:04.982+0000] {dag.py:2676} INFO - Sync 1 DAGs
[2024-06-22T13:20:05.013+0000] {logging_mixin.py:137} INFO - [2024-06-22T13:20:05.013+0000] {dag.py:3427} INFO - Setting next_dagrun for example_sensors to None, run_after=None
[2024-06-22T13:20:05.038+0000] {processor.py:175} INFO - Processing /home/airflow/.local/lib/python3.7/site-packages/airflow/example_dags/example_sensors.py took 0.126 seconds
[2024-06-22T13:20:35.124+0000] {processor.py:153} INFO - Started process (PID=830) to work on /home/airflow/.local/lib/python3.7/site-packages/airflow/example_dags/example_sensors.py
[2024-06-22T13:20:35.126+0000] {processor.py:743} INFO - Processing file /home/airflow/.local/lib/python3.7/site-packages/airflow/example_dags/example_sensors.py for tasks to queue
[2024-06-22T13:20:35.127+0000] {logging_mixin.py:137} INFO - [2024-06-22T13:20:35.127+0000] {dagbag.py:538} INFO - Filling up the DagBag from /home/airflow/.local/lib/python3.7/site-packages/airflow/example_dags/example_sensors.py
[2024-06-22T13:20:35.147+0000] {processor.py:753} INFO - DAG(s) dict_keys(['example_sensors']) retrieved from /home/airflow/.local/lib/python3.7/site-packages/airflow/example_dags/example_sensors.py
[2024-06-22T13:20:35.195+0000] {logging_mixin.py:137} INFO - [2024-06-22T13:20:35.195+0000] {dag.py:2676} INFO - Sync 1 DAGs
[2024-06-22T13:20:35.233+0000] {logging_mixin.py:137} INFO - [2024-06-22T13:20:35.232+0000] {dag.py:3427} INFO - Setting next_dagrun for example_sensors to None, run_after=None
[2024-06-22T13:20:35.275+0000] {processor.py:175} INFO - Processing /home/airflow/.local/lib/python3.7/site-packages/airflow/example_dags/example_sensors.py took 0.154 seconds
[2024-06-22T13:21:05.868+0000] {processor.py:153} INFO - Started process (PID=872) to work on /home/airflow/.local/lib/python3.7/site-packages/airflow/example_dags/example_sensors.py
[2024-06-22T13:21:05.869+0000] {processor.py:743} INFO - Processing file /home/airflow/.local/lib/python3.7/site-packages/airflow/example_dags/example_sensors.py for tasks to queue
[2024-06-22T13:21:05.870+0000] {logging_mixin.py:137} INFO - [2024-06-22T13:21:05.870+0000] {dagbag.py:538} INFO - Filling up the DagBag from /home/airflow/.local/lib/python3.7/site-packages/airflow/example_dags/example_sensors.py
[2024-06-22T13:21:05.890+0000] {processor.py:753} INFO - DAG(s) dict_keys(['example_sensors']) retrieved from /home/airflow/.local/lib/python3.7/site-packages/airflow/example_dags/example_sensors.py
[2024-06-22T13:21:05.938+0000] {logging_mixin.py:137} INFO - [2024-06-22T13:21:05.937+0000] {dag.py:2676} INFO - Sync 1 DAGs
[2024-06-22T13:21:05.970+0000] {logging_mixin.py:137} INFO - [2024-06-22T13:21:05.970+0000] {dag.py:3427} INFO - Setting next_dagrun for example_sensors to None, run_after=None
[2024-06-22T13:21:05.997+0000] {processor.py:175} INFO - Processing /home/airflow/.local/lib/python3.7/site-packages/airflow/example_dags/example_sensors.py took 0.133 seconds
[2024-06-22T13:21:36.264+0000] {processor.py:153} INFO - Started process (PID=914) to work on /home/airflow/.local/lib/python3.7/site-packages/airflow/example_dags/example_sensors.py
[2024-06-22T13:21:36.266+0000] {processor.py:743} INFO - Processing file /home/airflow/.local/lib/python3.7/site-packages/airflow/example_dags/example_sensors.py for tasks to queue
[2024-06-22T13:21:36.267+0000] {logging_mixin.py:137} INFO - [2024-06-22T13:21:36.266+0000] {dagbag.py:538} INFO - Filling up the DagBag from /home/airflow/.local/lib/python3.7/site-packages/airflow/example_dags/example_sensors.py
[2024-06-22T13:21:36.294+0000] {processor.py:753} INFO - DAG(s) dict_keys(['example_sensors']) retrieved from /home/airflow/.local/lib/python3.7/site-packages/airflow/example_dags/example_sensors.py
[2024-06-22T13:21:36.345+0000] {logging_mixin.py:137} INFO - [2024-06-22T13:21:36.344+0000] {dag.py:2676} INFO - Sync 1 DAGs
[2024-06-22T13:21:36.379+0000] {logging_mixin.py:137} INFO - [2024-06-22T13:21:36.379+0000] {dag.py:3427} INFO - Setting next_dagrun for example_sensors to None, run_after=None
[2024-06-22T13:21:36.411+0000] {processor.py:175} INFO - Processing /home/airflow/.local/lib/python3.7/site-packages/airflow/example_dags/example_sensors.py took 0.150 seconds
[2024-06-22T13:22:06.642+0000] {processor.py:153} INFO - Started process (PID=956) to work on /home/airflow/.local/lib/python3.7/site-packages/airflow/example_dags/example_sensors.py
[2024-06-22T13:22:06.643+0000] {processor.py:743} INFO - Processing file /home/airflow/.local/lib/python3.7/site-packages/airflow/example_dags/example_sensors.py for tasks to queue
[2024-06-22T13:22:06.644+0000] {logging_mixin.py:137} INFO - [2024-06-22T13:22:06.644+0000] {dagbag.py:538} INFO - Filling up the DagBag from /home/airflow/.local/lib/python3.7/site-packages/airflow/example_dags/example_sensors.py
[2024-06-22T13:22:06.662+0000] {processor.py:753} INFO - DAG(s) dict_keys(['example_sensors']) retrieved from /home/airflow/.local/lib/python3.7/site-packages/airflow/example_dags/example_sensors.py
[2024-06-22T13:22:06.703+0000] {logging_mixin.py:137} INFO - [2024-06-22T13:22:06.703+0000] {dag.py:2676} INFO - Sync 1 DAGs
[2024-06-22T13:22:06.732+0000] {logging_mixin.py:137} INFO - [2024-06-22T13:22:06.732+0000] {dag.py:3427} INFO - Setting next_dagrun for example_sensors to None, run_after=None
[2024-06-22T13:22:06.758+0000] {processor.py:175} INFO - Processing /home/airflow/.local/lib/python3.7/site-packages/airflow/example_dags/example_sensors.py took 0.120 seconds
[2024-06-22T13:22:36.993+0000] {processor.py:153} INFO - Started process (PID=998) to work on /home/airflow/.local/lib/python3.7/site-packages/airflow/example_dags/example_sensors.py
[2024-06-22T13:22:36.994+0000] {processor.py:743} INFO - Processing file /home/airflow/.local/lib/python3.7/site-packages/airflow/example_dags/example_sensors.py for tasks to queue
[2024-06-22T13:22:36.995+0000] {logging_mixin.py:137} INFO - [2024-06-22T13:22:36.995+0000] {dagbag.py:538} INFO - Filling up the DagBag from /home/airflow/.local/lib/python3.7/site-packages/airflow/example_dags/example_sensors.py
[2024-06-22T13:22:37.017+0000] {processor.py:753} INFO - DAG(s) dict_keys(['example_sensors']) retrieved from /home/airflow/.local/lib/python3.7/site-packages/airflow/example_dags/example_sensors.py
[2024-06-22T13:22:37.058+0000] {logging_mixin.py:137} INFO - [2024-06-22T13:22:37.058+0000] {dag.py:2676} INFO - Sync 1 DAGs
[2024-06-22T13:22:37.087+0000] {logging_mixin.py:137} INFO - [2024-06-22T13:22:37.087+0000] {dag.py:3427} INFO - Setting next_dagrun for example_sensors to None, run_after=None
[2024-06-22T13:22:37.115+0000] {processor.py:175} INFO - Processing /home/airflow/.local/lib/python3.7/site-packages/airflow/example_dags/example_sensors.py took 0.126 seconds
[2024-06-22T13:23:07.342+0000] {processor.py:153} INFO - Started process (PID=1040) to work on /home/airflow/.local/lib/python3.7/site-packages/airflow/example_dags/example_sensors.py
[2024-06-22T13:23:07.343+0000] {processor.py:743} INFO - Processing file /home/airflow/.local/lib/python3.7/site-packages/airflow/example_dags/example_sensors.py for tasks to queue
[2024-06-22T13:23:07.345+0000] {logging_mixin.py:137} INFO - [2024-06-22T13:23:07.344+0000] {dagbag.py:538} INFO - Filling up the DagBag from /home/airflow/.local/lib/python3.7/site-packages/airflow/example_dags/example_sensors.py
[2024-06-22T13:23:07.366+0000] {processor.py:753} INFO - DAG(s) dict_keys(['example_sensors']) retrieved from /home/airflow/.local/lib/python3.7/site-packages/airflow/example_dags/example_sensors.py
[2024-06-22T13:23:07.409+0000] {logging_mixin.py:137} INFO - [2024-06-22T13:23:07.409+0000] {dag.py:2676} INFO - Sync 1 DAGs
[2024-06-22T13:23:07.439+0000] {logging_mixin.py:137} INFO - [2024-06-22T13:23:07.439+0000] {dag.py:3427} INFO - Setting next_dagrun for example_sensors to None, run_after=None
[2024-06-22T13:23:07.464+0000] {processor.py:175} INFO - Processing /home/airflow/.local/lib/python3.7/site-packages/airflow/example_dags/example_sensors.py took 0.126 seconds
[2024-06-22T13:23:37.769+0000] {processor.py:153} INFO - Started process (PID=1082) to work on /home/airflow/.local/lib/python3.7/site-packages/airflow/example_dags/example_sensors.py
[2024-06-22T13:23:37.771+0000] {processor.py:743} INFO - Processing file /home/airflow/.local/lib/python3.7/site-packages/airflow/example_dags/example_sensors.py for tasks to queue
[2024-06-22T13:23:37.772+0000] {logging_mixin.py:137} INFO - [2024-06-22T13:23:37.772+0000] {dagbag.py:538} INFO - Filling up the DagBag from /home/airflow/.local/lib/python3.7/site-packages/airflow/example_dags/example_sensors.py
[2024-06-22T13:23:37.794+0000] {processor.py:753} INFO - DAG(s) dict_keys(['example_sensors']) retrieved from /home/airflow/.local/lib/python3.7/site-packages/airflow/example_dags/example_sensors.py
[2024-06-22T13:23:37.842+0000] {logging_mixin.py:137} INFO - [2024-06-22T13:23:37.842+0000] {dag.py:2676} INFO - Sync 1 DAGs
[2024-06-22T13:23:37.874+0000] {logging_mixin.py:137} INFO - [2024-06-22T13:23:37.874+0000] {dag.py:3427} INFO - Setting next_dagrun for example_sensors to None, run_after=None
[2024-06-22T13:23:37.903+0000] {processor.py:175} INFO - Processing /home/airflow/.local/lib/python3.7/site-packages/airflow/example_dags/example_sensors.py took 0.139 seconds
[2024-06-22T13:24:08.034+0000] {processor.py:153} INFO - Started process (PID=1124) to work on /home/airflow/.local/lib/python3.7/site-packages/airflow/example_dags/example_sensors.py
[2024-06-22T13:24:08.035+0000] {processor.py:743} INFO - Processing file /home/airflow/.local/lib/python3.7/site-packages/airflow/example_dags/example_sensors.py for tasks to queue
[2024-06-22T13:24:08.036+0000] {logging_mixin.py:137} INFO - [2024-06-22T13:24:08.036+0000] {dagbag.py:538} INFO - Filling up the DagBag from /home/airflow/.local/lib/python3.7/site-packages/airflow/example_dags/example_sensors.py
[2024-06-22T13:24:08.060+0000] {processor.py:753} INFO - DAG(s) dict_keys(['example_sensors']) retrieved from /home/airflow/.local/lib/python3.7/site-packages/airflow/example_dags/example_sensors.py
[2024-06-22T13:24:08.104+0000] {logging_mixin.py:137} INFO - [2024-06-22T13:24:08.104+0000] {dag.py:2676} INFO - Sync 1 DAGs
[2024-06-22T13:24:08.133+0000] {logging_mixin.py:137} INFO - [2024-06-22T13:24:08.133+0000] {dag.py:3427} INFO - Setting next_dagrun for example_sensors to None, run_after=None
[2024-06-22T13:24:08.155+0000] {processor.py:175} INFO - Processing /home/airflow/.local/lib/python3.7/site-packages/airflow/example_dags/example_sensors.py took 0.126 seconds
[2024-06-22T13:24:38.416+0000] {processor.py:153} INFO - Started process (PID=1163) to work on /home/airflow/.local/lib/python3.7/site-packages/airflow/example_dags/example_sensors.py
[2024-06-22T13:24:38.417+0000] {processor.py:743} INFO - Processing file /home/airflow/.local/lib/python3.7/site-packages/airflow/example_dags/example_sensors.py for tasks to queue
[2024-06-22T13:24:38.418+0000] {logging_mixin.py:137} INFO - [2024-06-22T13:24:38.418+0000] {dagbag.py:538} INFO - Filling up the DagBag from /home/airflow/.local/lib/python3.7/site-packages/airflow/example_dags/example_sensors.py
[2024-06-22T13:24:38.440+0000] {processor.py:753} INFO - DAG(s) dict_keys(['example_sensors']) retrieved from /home/airflow/.local/lib/python3.7/site-packages/airflow/example_dags/example_sensors.py
[2024-06-22T13:24:38.487+0000] {logging_mixin.py:137} INFO - [2024-06-22T13:24:38.487+0000] {dag.py:2676} INFO - Sync 1 DAGs
[2024-06-22T13:24:38.520+0000] {logging_mixin.py:137} INFO - [2024-06-22T13:24:38.520+0000] {dag.py:3427} INFO - Setting next_dagrun for example_sensors to None, run_after=None
[2024-06-22T13:24:38.547+0000] {processor.py:175} INFO - Processing /home/airflow/.local/lib/python3.7/site-packages/airflow/example_dags/example_sensors.py took 0.134 seconds
[2024-06-22T13:25:08.773+0000] {processor.py:153} INFO - Started process (PID=1202) to work on /home/airflow/.local/lib/python3.7/site-packages/airflow/example_dags/example_sensors.py
[2024-06-22T13:25:08.775+0000] {processor.py:743} INFO - Processing file /home/airflow/.local/lib/python3.7/site-packages/airflow/example_dags/example_sensors.py for tasks to queue
[2024-06-22T13:25:08.776+0000] {logging_mixin.py:137} INFO - [2024-06-22T13:25:08.776+0000] {dagbag.py:538} INFO - Filling up the DagBag from /home/airflow/.local/lib/python3.7/site-packages/airflow/example_dags/example_sensors.py
[2024-06-22T13:25:08.795+0000] {processor.py:753} INFO - DAG(s) dict_keys(['example_sensors']) retrieved from /home/airflow/.local/lib/python3.7/site-packages/airflow/example_dags/example_sensors.py
[2024-06-22T13:25:08.843+0000] {logging_mixin.py:137} INFO - [2024-06-22T13:25:08.843+0000] {dag.py:2676} INFO - Sync 1 DAGs
[2024-06-22T13:25:08.872+0000] {logging_mixin.py:137} INFO - [2024-06-22T13:25:08.872+0000] {dag.py:3427} INFO - Setting next_dagrun for example_sensors to None, run_after=None
[2024-06-22T13:25:08.897+0000] {processor.py:175} INFO - Processing /home/airflow/.local/lib/python3.7/site-packages/airflow/example_dags/example_sensors.py took 0.127 seconds
[2024-06-22T13:25:39.287+0000] {processor.py:153} INFO - Started process (PID=1241) to work on /home/airflow/.local/lib/python3.7/site-packages/airflow/example_dags/example_sensors.py
[2024-06-22T13:25:39.289+0000] {processor.py:743} INFO - Processing file /home/airflow/.local/lib/python3.7/site-packages/airflow/example_dags/example_sensors.py for tasks to queue
[2024-06-22T13:25:39.290+0000] {logging_mixin.py:137} INFO - [2024-06-22T13:25:39.290+0000] {dagbag.py:538} INFO - Filling up the DagBag from /home/airflow/.local/lib/python3.7/site-packages/airflow/example_dags/example_sensors.py
[2024-06-22T13:25:39.308+0000] {processor.py:753} INFO - DAG(s) dict_keys(['example_sensors']) retrieved from /home/airflow/.local/lib/python3.7/site-packages/airflow/example_dags/example_sensors.py
[2024-06-22T13:25:39.349+0000] {logging_mixin.py:137} INFO - [2024-06-22T13:25:39.349+0000] {dag.py:2676} INFO - Sync 1 DAGs
[2024-06-22T13:25:39.376+0000] {logging_mixin.py:137} INFO - [2024-06-22T13:25:39.376+0000] {dag.py:3427} INFO - Setting next_dagrun for example_sensors to None, run_after=None
[2024-06-22T13:25:39.401+0000] {processor.py:175} INFO - Processing /home/airflow/.local/lib/python3.7/site-packages/airflow/example_dags/example_sensors.py took 0.118 seconds
