[2024-06-22T13:11:19.387+0000] {processor.py:153} INFO - Started process (PID=46) to work on /home/airflow/.local/lib/python3.7/site-packages/airflow/example_dags/example_short_circuit_decorator.py
[2024-06-22T13:11:19.389+0000] {processor.py:743} INFO - Processing file /home/airflow/.local/lib/python3.7/site-packages/airflow/example_dags/example_short_circuit_decorator.py for tasks to queue
[2024-06-22T13:11:19.390+0000] {logging_mixin.py:137} INFO - [2024-06-22T13:11:19.390+0000] {dagbag.py:538} INFO - Filling up the DagBag from /home/airflow/.local/lib/python3.7/site-packages/airflow/example_dags/example_short_circuit_decorator.py
[2024-06-22T13:11:19.440+0000] {processor.py:753} INFO - DAG(s) dict_keys(['example_short_circuit_decorator']) retrieved from /home/airflow/.local/lib/python3.7/site-packages/airflow/example_dags/example_short_circuit_decorator.py
[2024-06-22T13:11:19.486+0000] {logging_mixin.py:137} INFO - [2024-06-22T13:11:19.486+0000] {dag.py:2676} INFO - Sync 1 DAGs
[2024-06-22T13:11:19.516+0000] {logging_mixin.py:137} INFO - [2024-06-22T13:11:19.516+0000] {dag.py:3427} INFO - Setting next_dagrun for example_short_circuit_decorator to 2024-06-21T13:11:19.516197+00:00, run_after=2024-06-22T13:11:19.516197+00:00
[2024-06-22T13:11:19.538+0000] {processor.py:175} INFO - Processing /home/airflow/.local/lib/python3.7/site-packages/airflow/example_dags/example_short_circuit_decorator.py took 0.158 seconds
[2024-06-22T13:11:50.374+0000] {processor.py:153} INFO - Started process (PID=87) to work on /home/airflow/.local/lib/python3.7/site-packages/airflow/example_dags/example_short_circuit_decorator.py
[2024-06-22T13:11:50.375+0000] {processor.py:743} INFO - Processing file /home/airflow/.local/lib/python3.7/site-packages/airflow/example_dags/example_short_circuit_decorator.py for tasks to queue
[2024-06-22T13:11:50.376+0000] {logging_mixin.py:137} INFO - [2024-06-22T13:11:50.376+0000] {dagbag.py:538} INFO - Filling up the DagBag from /home/airflow/.local/lib/python3.7/site-packages/airflow/example_dags/example_short_circuit_decorator.py
[2024-06-22T13:11:50.412+0000] {processor.py:753} INFO - DAG(s) dict_keys(['example_short_circuit_decorator']) retrieved from /home/airflow/.local/lib/python3.7/site-packages/airflow/example_dags/example_short_circuit_decorator.py
[2024-06-22T13:11:50.448+0000] {logging_mixin.py:137} INFO - [2024-06-22T13:11:50.447+0000] {dag.py:2676} INFO - Sync 1 DAGs
[2024-06-22T13:11:50.488+0000] {logging_mixin.py:137} INFO - [2024-06-22T13:11:50.488+0000] {dag.py:3427} INFO - Setting next_dagrun for example_short_circuit_decorator to 2024-06-21T13:11:50.488389+00:00, run_after=2024-06-22T13:11:50.488389+00:00
[2024-06-22T13:11:50.520+0000] {processor.py:175} INFO - Processing /home/airflow/.local/lib/python3.7/site-packages/airflow/example_dags/example_short_circuit_decorator.py took 0.151 seconds
[2024-06-22T13:12:20.635+0000] {processor.py:153} INFO - Started process (PID=128) to work on /home/airflow/.local/lib/python3.7/site-packages/airflow/example_dags/example_short_circuit_decorator.py
[2024-06-22T13:12:20.636+0000] {processor.py:743} INFO - Processing file /home/airflow/.local/lib/python3.7/site-packages/airflow/example_dags/example_short_circuit_decorator.py for tasks to queue
[2024-06-22T13:12:20.637+0000] {logging_mixin.py:137} INFO - [2024-06-22T13:12:20.637+0000] {dagbag.py:538} INFO - Filling up the DagBag from /home/airflow/.local/lib/python3.7/site-packages/airflow/example_dags/example_short_circuit_decorator.py
[2024-06-22T13:12:20.664+0000] {processor.py:753} INFO - DAG(s) dict_keys(['example_short_circuit_decorator']) retrieved from /home/airflow/.local/lib/python3.7/site-packages/airflow/example_dags/example_short_circuit_decorator.py
[2024-06-22T13:12:20.708+0000] {logging_mixin.py:137} INFO - [2024-06-22T13:12:20.708+0000] {dag.py:2676} INFO - Sync 1 DAGs
[2024-06-22T13:12:20.735+0000] {logging_mixin.py:137} INFO - [2024-06-22T13:12:20.734+0000] {dag.py:3427} INFO - Setting next_dagrun for example_short_circuit_decorator to 2024-06-21T13:12:20.734581+00:00, run_after=2024-06-22T13:12:20.734581+00:00
[2024-06-22T13:12:20.761+0000] {processor.py:175} INFO - Processing /home/airflow/.local/lib/python3.7/site-packages/airflow/example_dags/example_short_circuit_decorator.py took 0.129 seconds
[2024-06-22T13:12:51.425+0000] {processor.py:153} INFO - Started process (PID=170) to work on /home/airflow/.local/lib/python3.7/site-packages/airflow/example_dags/example_short_circuit_decorator.py
[2024-06-22T13:12:51.427+0000] {processor.py:743} INFO - Processing file /home/airflow/.local/lib/python3.7/site-packages/airflow/example_dags/example_short_circuit_decorator.py for tasks to queue
[2024-06-22T13:12:51.428+0000] {logging_mixin.py:137} INFO - [2024-06-22T13:12:51.427+0000] {dagbag.py:538} INFO - Filling up the DagBag from /home/airflow/.local/lib/python3.7/site-packages/airflow/example_dags/example_short_circuit_decorator.py
[2024-06-22T13:12:51.451+0000] {processor.py:753} INFO - DAG(s) dict_keys(['example_short_circuit_decorator']) retrieved from /home/airflow/.local/lib/python3.7/site-packages/airflow/example_dags/example_short_circuit_decorator.py
[2024-06-22T13:12:51.493+0000] {logging_mixin.py:137} INFO - [2024-06-22T13:12:51.493+0000] {dag.py:2676} INFO - Sync 1 DAGs
[2024-06-22T13:12:51.525+0000] {logging_mixin.py:137} INFO - [2024-06-22T13:12:51.525+0000] {dag.py:3427} INFO - Setting next_dagrun for example_short_circuit_decorator to 2024-06-21T13:12:51.524821+00:00, run_after=2024-06-22T13:12:51.524821+00:00
[2024-06-22T13:12:51.551+0000] {processor.py:175} INFO - Processing /home/airflow/.local/lib/python3.7/site-packages/airflow/example_dags/example_short_circuit_decorator.py took 0.129 seconds
[2024-06-22T13:13:22.056+0000] {processor.py:153} INFO - Started process (PID=212) to work on /home/airflow/.local/lib/python3.7/site-packages/airflow/example_dags/example_short_circuit_decorator.py
[2024-06-22T13:13:22.058+0000] {processor.py:743} INFO - Processing file /home/airflow/.local/lib/python3.7/site-packages/airflow/example_dags/example_short_circuit_decorator.py for tasks to queue
[2024-06-22T13:13:22.059+0000] {logging_mixin.py:137} INFO - [2024-06-22T13:13:22.059+0000] {dagbag.py:538} INFO - Filling up the DagBag from /home/airflow/.local/lib/python3.7/site-packages/airflow/example_dags/example_short_circuit_decorator.py
[2024-06-22T13:13:22.082+0000] {processor.py:753} INFO - DAG(s) dict_keys(['example_short_circuit_decorator']) retrieved from /home/airflow/.local/lib/python3.7/site-packages/airflow/example_dags/example_short_circuit_decorator.py
[2024-06-22T13:13:22.120+0000] {logging_mixin.py:137} INFO - [2024-06-22T13:13:22.120+0000] {dag.py:2676} INFO - Sync 1 DAGs
[2024-06-22T13:13:22.161+0000] {logging_mixin.py:137} INFO - [2024-06-22T13:13:22.161+0000] {dag.py:3427} INFO - Setting next_dagrun for example_short_circuit_decorator to 2024-06-21T13:13:22.160923+00:00, run_after=2024-06-22T13:13:22.160923+00:00
[2024-06-22T13:13:22.192+0000] {processor.py:175} INFO - Processing /home/airflow/.local/lib/python3.7/site-packages/airflow/example_dags/example_short_circuit_decorator.py took 0.138 seconds
[2024-06-22T13:13:52.704+0000] {processor.py:153} INFO - Started process (PID=254) to work on /home/airflow/.local/lib/python3.7/site-packages/airflow/example_dags/example_short_circuit_decorator.py
[2024-06-22T13:13:52.705+0000] {processor.py:743} INFO - Processing file /home/airflow/.local/lib/python3.7/site-packages/airflow/example_dags/example_short_circuit_decorator.py for tasks to queue
[2024-06-22T13:13:52.706+0000] {logging_mixin.py:137} INFO - [2024-06-22T13:13:52.706+0000] {dagbag.py:538} INFO - Filling up the DagBag from /home/airflow/.local/lib/python3.7/site-packages/airflow/example_dags/example_short_circuit_decorator.py
[2024-06-22T13:13:52.734+0000] {processor.py:753} INFO - DAG(s) dict_keys(['example_short_circuit_decorator']) retrieved from /home/airflow/.local/lib/python3.7/site-packages/airflow/example_dags/example_short_circuit_decorator.py
[2024-06-22T13:13:52.791+0000] {logging_mixin.py:137} INFO - [2024-06-22T13:13:52.791+0000] {dag.py:2676} INFO - Sync 1 DAGs
[2024-06-22T13:13:52.822+0000] {logging_mixin.py:137} INFO - [2024-06-22T13:13:52.821+0000] {dag.py:3427} INFO - Setting next_dagrun for example_short_circuit_decorator to 2024-06-21T13:13:52.821647+00:00, run_after=2024-06-22T13:13:52.821647+00:00
[2024-06-22T13:13:52.851+0000] {processor.py:175} INFO - Processing /home/airflow/.local/lib/python3.7/site-packages/airflow/example_dags/example_short_circuit_decorator.py took 0.151 seconds
[2024-06-22T13:14:23.485+0000] {processor.py:153} INFO - Started process (PID=296) to work on /home/airflow/.local/lib/python3.7/site-packages/airflow/example_dags/example_short_circuit_decorator.py
[2024-06-22T13:14:23.486+0000] {processor.py:743} INFO - Processing file /home/airflow/.local/lib/python3.7/site-packages/airflow/example_dags/example_short_circuit_decorator.py for tasks to queue
[2024-06-22T13:14:23.487+0000] {logging_mixin.py:137} INFO - [2024-06-22T13:14:23.487+0000] {dagbag.py:538} INFO - Filling up the DagBag from /home/airflow/.local/lib/python3.7/site-packages/airflow/example_dags/example_short_circuit_decorator.py
[2024-06-22T13:14:23.513+0000] {processor.py:753} INFO - DAG(s) dict_keys(['example_short_circuit_decorator']) retrieved from /home/airflow/.local/lib/python3.7/site-packages/airflow/example_dags/example_short_circuit_decorator.py
[2024-06-22T13:14:23.551+0000] {logging_mixin.py:137} INFO - [2024-06-22T13:14:23.551+0000] {dag.py:2676} INFO - Sync 1 DAGs
[2024-06-22T13:14:23.576+0000] {logging_mixin.py:137} INFO - [2024-06-22T13:14:23.576+0000] {dag.py:3427} INFO - Setting next_dagrun for example_short_circuit_decorator to 2024-06-21T13:14:23.576266+00:00, run_after=2024-06-22T13:14:23.576266+00:00
[2024-06-22T13:14:23.610+0000] {processor.py:175} INFO - Processing /home/airflow/.local/lib/python3.7/site-packages/airflow/example_dags/example_short_circuit_decorator.py took 0.129 seconds
[2024-06-22T13:14:54.206+0000] {processor.py:153} INFO - Started process (PID=338) to work on /home/airflow/.local/lib/python3.7/site-packages/airflow/example_dags/example_short_circuit_decorator.py
[2024-06-22T13:14:54.208+0000] {processor.py:743} INFO - Processing file /home/airflow/.local/lib/python3.7/site-packages/airflow/example_dags/example_short_circuit_decorator.py for tasks to queue
[2024-06-22T13:14:54.210+0000] {logging_mixin.py:137} INFO - [2024-06-22T13:14:54.209+0000] {dagbag.py:538} INFO - Filling up the DagBag from /home/airflow/.local/lib/python3.7/site-packages/airflow/example_dags/example_short_circuit_decorator.py
[2024-06-22T13:14:54.234+0000] {processor.py:753} INFO - DAG(s) dict_keys(['example_short_circuit_decorator']) retrieved from /home/airflow/.local/lib/python3.7/site-packages/airflow/example_dags/example_short_circuit_decorator.py
[2024-06-22T13:14:54.278+0000] {logging_mixin.py:137} INFO - [2024-06-22T13:14:54.278+0000] {dag.py:2676} INFO - Sync 1 DAGs
[2024-06-22T13:14:54.305+0000] {logging_mixin.py:137} INFO - [2024-06-22T13:14:54.304+0000] {dag.py:3427} INFO - Setting next_dagrun for example_short_circuit_decorator to 2024-06-21T13:14:54.304726+00:00, run_after=2024-06-22T13:14:54.304726+00:00
[2024-06-22T13:14:54.332+0000] {processor.py:175} INFO - Processing /home/airflow/.local/lib/python3.7/site-packages/airflow/example_dags/example_short_circuit_decorator.py took 0.129 seconds
[2024-06-22T13:15:24.468+0000] {processor.py:153} INFO - Started process (PID=380) to work on /home/airflow/.local/lib/python3.7/site-packages/airflow/example_dags/example_short_circuit_decorator.py
[2024-06-22T13:15:24.469+0000] {processor.py:743} INFO - Processing file /home/airflow/.local/lib/python3.7/site-packages/airflow/example_dags/example_short_circuit_decorator.py for tasks to queue
[2024-06-22T13:15:24.470+0000] {logging_mixin.py:137} INFO - [2024-06-22T13:15:24.469+0000] {dagbag.py:538} INFO - Filling up the DagBag from /home/airflow/.local/lib/python3.7/site-packages/airflow/example_dags/example_short_circuit_decorator.py
[2024-06-22T13:15:24.496+0000] {processor.py:753} INFO - DAG(s) dict_keys(['example_short_circuit_decorator']) retrieved from /home/airflow/.local/lib/python3.7/site-packages/airflow/example_dags/example_short_circuit_decorator.py
[2024-06-22T13:15:24.548+0000] {logging_mixin.py:137} INFO - [2024-06-22T13:15:24.547+0000] {dag.py:2676} INFO - Sync 1 DAGs
[2024-06-22T13:15:24.584+0000] {logging_mixin.py:137} INFO - [2024-06-22T13:15:24.583+0000] {dag.py:3427} INFO - Setting next_dagrun for example_short_circuit_decorator to 2024-06-21T13:15:24.583477+00:00, run_after=2024-06-22T13:15:24.583477+00:00
[2024-06-22T13:15:24.612+0000] {processor.py:175} INFO - Processing /home/airflow/.local/lib/python3.7/site-packages/airflow/example_dags/example_short_circuit_decorator.py took 0.148 seconds
[2024-06-22T13:15:55.090+0000] {processor.py:153} INFO - Started process (PID=422) to work on /home/airflow/.local/lib/python3.7/site-packages/airflow/example_dags/example_short_circuit_decorator.py
[2024-06-22T13:15:55.091+0000] {processor.py:743} INFO - Processing file /home/airflow/.local/lib/python3.7/site-packages/airflow/example_dags/example_short_circuit_decorator.py for tasks to queue
[2024-06-22T13:15:55.092+0000] {logging_mixin.py:137} INFO - [2024-06-22T13:15:55.092+0000] {dagbag.py:538} INFO - Filling up the DagBag from /home/airflow/.local/lib/python3.7/site-packages/airflow/example_dags/example_short_circuit_decorator.py
[2024-06-22T13:15:55.120+0000] {processor.py:753} INFO - DAG(s) dict_keys(['example_short_circuit_decorator']) retrieved from /home/airflow/.local/lib/python3.7/site-packages/airflow/example_dags/example_short_circuit_decorator.py
[2024-06-22T13:15:55.163+0000] {logging_mixin.py:137} INFO - [2024-06-22T13:15:55.163+0000] {dag.py:2676} INFO - Sync 1 DAGs
[2024-06-22T13:15:55.191+0000] {logging_mixin.py:137} INFO - [2024-06-22T13:15:55.191+0000] {dag.py:3427} INFO - Setting next_dagrun for example_short_circuit_decorator to 2024-06-21T13:15:55.191334+00:00, run_after=2024-06-22T13:15:55.191334+00:00
[2024-06-22T13:15:55.215+0000] {processor.py:175} INFO - Processing /home/airflow/.local/lib/python3.7/site-packages/airflow/example_dags/example_short_circuit_decorator.py took 0.128 seconds
[2024-06-22T13:16:26.189+0000] {processor.py:153} INFO - Started process (PID=464) to work on /home/airflow/.local/lib/python3.7/site-packages/airflow/example_dags/example_short_circuit_decorator.py
[2024-06-22T13:16:26.190+0000] {processor.py:743} INFO - Processing file /home/airflow/.local/lib/python3.7/site-packages/airflow/example_dags/example_short_circuit_decorator.py for tasks to queue
[2024-06-22T13:16:26.191+0000] {logging_mixin.py:137} INFO - [2024-06-22T13:16:26.191+0000] {dagbag.py:538} INFO - Filling up the DagBag from /home/airflow/.local/lib/python3.7/site-packages/airflow/example_dags/example_short_circuit_decorator.py
[2024-06-22T13:16:26.225+0000] {processor.py:753} INFO - DAG(s) dict_keys(['example_short_circuit_decorator']) retrieved from /home/airflow/.local/lib/python3.7/site-packages/airflow/example_dags/example_short_circuit_decorator.py
[2024-06-22T13:16:26.266+0000] {logging_mixin.py:137} INFO - [2024-06-22T13:16:26.266+0000] {dag.py:2676} INFO - Sync 1 DAGs
[2024-06-22T13:16:26.292+0000] {logging_mixin.py:137} INFO - [2024-06-22T13:16:26.292+0000] {dag.py:3427} INFO - Setting next_dagrun for example_short_circuit_decorator to 2024-06-21T13:16:26.292008+00:00, run_after=2024-06-22T13:16:26.292008+00:00
[2024-06-22T13:16:26.318+0000] {processor.py:175} INFO - Processing /home/airflow/.local/lib/python3.7/site-packages/airflow/example_dags/example_short_circuit_decorator.py took 0.133 seconds
[2024-06-22T13:16:56.873+0000] {processor.py:153} INFO - Started process (PID=506) to work on /home/airflow/.local/lib/python3.7/site-packages/airflow/example_dags/example_short_circuit_decorator.py
[2024-06-22T13:16:56.874+0000] {processor.py:743} INFO - Processing file /home/airflow/.local/lib/python3.7/site-packages/airflow/example_dags/example_short_circuit_decorator.py for tasks to queue
[2024-06-22T13:16:56.875+0000] {logging_mixin.py:137} INFO - [2024-06-22T13:16:56.875+0000] {dagbag.py:538} INFO - Filling up the DagBag from /home/airflow/.local/lib/python3.7/site-packages/airflow/example_dags/example_short_circuit_decorator.py
[2024-06-22T13:16:56.903+0000] {processor.py:753} INFO - DAG(s) dict_keys(['example_short_circuit_decorator']) retrieved from /home/airflow/.local/lib/python3.7/site-packages/airflow/example_dags/example_short_circuit_decorator.py
[2024-06-22T13:16:56.949+0000] {logging_mixin.py:137} INFO - [2024-06-22T13:16:56.949+0000] {dag.py:2676} INFO - Sync 1 DAGs
[2024-06-22T13:16:56.980+0000] {logging_mixin.py:137} INFO - [2024-06-22T13:16:56.980+0000] {dag.py:3427} INFO - Setting next_dagrun for example_short_circuit_decorator to 2024-06-21T13:16:56.980264+00:00, run_after=2024-06-22T13:16:56.980264+00:00
[2024-06-22T13:16:57.007+0000] {processor.py:175} INFO - Processing /home/airflow/.local/lib/python3.7/site-packages/airflow/example_dags/example_short_circuit_decorator.py took 0.137 seconds
[2024-06-22T13:17:27.325+0000] {processor.py:153} INFO - Started process (PID=548) to work on /home/airflow/.local/lib/python3.7/site-packages/airflow/example_dags/example_short_circuit_decorator.py
[2024-06-22T13:17:27.326+0000] {processor.py:743} INFO - Processing file /home/airflow/.local/lib/python3.7/site-packages/airflow/example_dags/example_short_circuit_decorator.py for tasks to queue
[2024-06-22T13:17:27.328+0000] {logging_mixin.py:137} INFO - [2024-06-22T13:17:27.328+0000] {dagbag.py:538} INFO - Filling up the DagBag from /home/airflow/.local/lib/python3.7/site-packages/airflow/example_dags/example_short_circuit_decorator.py
[2024-06-22T13:17:27.355+0000] {processor.py:753} INFO - DAG(s) dict_keys(['example_short_circuit_decorator']) retrieved from /home/airflow/.local/lib/python3.7/site-packages/airflow/example_dags/example_short_circuit_decorator.py
[2024-06-22T13:17:27.403+0000] {logging_mixin.py:137} INFO - [2024-06-22T13:17:27.403+0000] {dag.py:2676} INFO - Sync 1 DAGs
[2024-06-22T13:17:27.432+0000] {logging_mixin.py:137} INFO - [2024-06-22T13:17:27.432+0000] {dag.py:3427} INFO - Setting next_dagrun for example_short_circuit_decorator to 2024-06-21T13:17:27.432336+00:00, run_after=2024-06-22T13:17:27.432336+00:00
[2024-06-22T13:17:27.460+0000] {processor.py:175} INFO - Processing /home/airflow/.local/lib/python3.7/site-packages/airflow/example_dags/example_short_circuit_decorator.py took 0.139 seconds
[2024-06-22T13:17:57.768+0000] {processor.py:153} INFO - Started process (PID=590) to work on /home/airflow/.local/lib/python3.7/site-packages/airflow/example_dags/example_short_circuit_decorator.py
[2024-06-22T13:17:57.770+0000] {processor.py:743} INFO - Processing file /home/airflow/.local/lib/python3.7/site-packages/airflow/example_dags/example_short_circuit_decorator.py for tasks to queue
[2024-06-22T13:17:57.771+0000] {logging_mixin.py:137} INFO - [2024-06-22T13:17:57.770+0000] {dagbag.py:538} INFO - Filling up the DagBag from /home/airflow/.local/lib/python3.7/site-packages/airflow/example_dags/example_short_circuit_decorator.py
[2024-06-22T13:17:57.800+0000] {processor.py:753} INFO - DAG(s) dict_keys(['example_short_circuit_decorator']) retrieved from /home/airflow/.local/lib/python3.7/site-packages/airflow/example_dags/example_short_circuit_decorator.py
[2024-06-22T13:17:57.853+0000] {logging_mixin.py:137} INFO - [2024-06-22T13:17:57.852+0000] {dag.py:2676} INFO - Sync 1 DAGs
[2024-06-22T13:17:57.883+0000] {logging_mixin.py:137} INFO - [2024-06-22T13:17:57.883+0000] {dag.py:3427} INFO - Setting next_dagrun for example_short_circuit_decorator to 2024-06-21T13:17:57.882732+00:00, run_after=2024-06-22T13:17:57.882732+00:00
[2024-06-22T13:17:57.908+0000] {processor.py:175} INFO - Processing /home/airflow/.local/lib/python3.7/site-packages/airflow/example_dags/example_short_circuit_decorator.py took 0.142 seconds
[2024-06-22T13:18:28.144+0000] {processor.py:153} INFO - Started process (PID=632) to work on /home/airflow/.local/lib/python3.7/site-packages/airflow/example_dags/example_short_circuit_decorator.py
[2024-06-22T13:18:28.145+0000] {processor.py:743} INFO - Processing file /home/airflow/.local/lib/python3.7/site-packages/airflow/example_dags/example_short_circuit_decorator.py for tasks to queue
[2024-06-22T13:18:28.146+0000] {logging_mixin.py:137} INFO - [2024-06-22T13:18:28.146+0000] {dagbag.py:538} INFO - Filling up the DagBag from /home/airflow/.local/lib/python3.7/site-packages/airflow/example_dags/example_short_circuit_decorator.py
[2024-06-22T13:18:28.173+0000] {processor.py:753} INFO - DAG(s) dict_keys(['example_short_circuit_decorator']) retrieved from /home/airflow/.local/lib/python3.7/site-packages/airflow/example_dags/example_short_circuit_decorator.py
[2024-06-22T13:18:28.215+0000] {logging_mixin.py:137} INFO - [2024-06-22T13:18:28.215+0000] {dag.py:2676} INFO - Sync 1 DAGs
[2024-06-22T13:18:28.241+0000] {logging_mixin.py:137} INFO - [2024-06-22T13:18:28.240+0000] {dag.py:3427} INFO - Setting next_dagrun for example_short_circuit_decorator to 2024-06-21T13:18:28.240711+00:00, run_after=2024-06-22T13:18:28.240711+00:00
[2024-06-22T13:18:28.267+0000] {processor.py:175} INFO - Processing /home/airflow/.local/lib/python3.7/site-packages/airflow/example_dags/example_short_circuit_decorator.py took 0.125 seconds
[2024-06-22T13:18:58.410+0000] {processor.py:153} INFO - Started process (PID=674) to work on /home/airflow/.local/lib/python3.7/site-packages/airflow/example_dags/example_short_circuit_decorator.py
[2024-06-22T13:18:58.412+0000] {processor.py:743} INFO - Processing file /home/airflow/.local/lib/python3.7/site-packages/airflow/example_dags/example_short_circuit_decorator.py for tasks to queue
[2024-06-22T13:18:58.413+0000] {logging_mixin.py:137} INFO - [2024-06-22T13:18:58.412+0000] {dagbag.py:538} INFO - Filling up the DagBag from /home/airflow/.local/lib/python3.7/site-packages/airflow/example_dags/example_short_circuit_decorator.py
[2024-06-22T13:18:58.435+0000] {processor.py:753} INFO - DAG(s) dict_keys(['example_short_circuit_decorator']) retrieved from /home/airflow/.local/lib/python3.7/site-packages/airflow/example_dags/example_short_circuit_decorator.py
[2024-06-22T13:18:58.474+0000] {logging_mixin.py:137} INFO - [2024-06-22T13:18:58.474+0000] {dag.py:2676} INFO - Sync 1 DAGs
[2024-06-22T13:18:58.500+0000] {logging_mixin.py:137} INFO - [2024-06-22T13:18:58.500+0000] {dag.py:3427} INFO - Setting next_dagrun for example_short_circuit_decorator to 2024-06-21T13:18:58.499824+00:00, run_after=2024-06-22T13:18:58.499824+00:00
[2024-06-22T13:18:58.526+0000] {processor.py:175} INFO - Processing /home/airflow/.local/lib/python3.7/site-packages/airflow/example_dags/example_short_circuit_decorator.py took 0.119 seconds
[2024-06-22T13:19:28.701+0000] {processor.py:153} INFO - Started process (PID=716) to work on /home/airflow/.local/lib/python3.7/site-packages/airflow/example_dags/example_short_circuit_decorator.py
[2024-06-22T13:19:28.702+0000] {processor.py:743} INFO - Processing file /home/airflow/.local/lib/python3.7/site-packages/airflow/example_dags/example_short_circuit_decorator.py for tasks to queue
[2024-06-22T13:19:28.703+0000] {logging_mixin.py:137} INFO - [2024-06-22T13:19:28.703+0000] {dagbag.py:538} INFO - Filling up the DagBag from /home/airflow/.local/lib/python3.7/site-packages/airflow/example_dags/example_short_circuit_decorator.py
[2024-06-22T13:19:28.743+0000] {processor.py:753} INFO - DAG(s) dict_keys(['example_short_circuit_decorator']) retrieved from /home/airflow/.local/lib/python3.7/site-packages/airflow/example_dags/example_short_circuit_decorator.py
[2024-06-22T13:19:28.788+0000] {logging_mixin.py:137} INFO - [2024-06-22T13:19:28.788+0000] {dag.py:2676} INFO - Sync 1 DAGs
[2024-06-22T13:19:28.828+0000] {logging_mixin.py:137} INFO - [2024-06-22T13:19:28.828+0000] {dag.py:3427} INFO - Setting next_dagrun for example_short_circuit_decorator to 2024-06-21T13:19:28.827740+00:00, run_after=2024-06-22T13:19:28.827740+00:00
[2024-06-22T13:19:28.852+0000] {processor.py:175} INFO - Processing /home/airflow/.local/lib/python3.7/site-packages/airflow/example_dags/example_short_circuit_decorator.py took 0.154 seconds
[2024-06-22T13:19:59.349+0000] {processor.py:153} INFO - Started process (PID=758) to work on /home/airflow/.local/lib/python3.7/site-packages/airflow/example_dags/example_short_circuit_decorator.py
[2024-06-22T13:19:59.350+0000] {processor.py:743} INFO - Processing file /home/airflow/.local/lib/python3.7/site-packages/airflow/example_dags/example_short_circuit_decorator.py for tasks to queue
[2024-06-22T13:19:59.351+0000] {logging_mixin.py:137} INFO - [2024-06-22T13:19:59.351+0000] {dagbag.py:538} INFO - Filling up the DagBag from /home/airflow/.local/lib/python3.7/site-packages/airflow/example_dags/example_short_circuit_decorator.py
[2024-06-22T13:19:59.382+0000] {processor.py:753} INFO - DAG(s) dict_keys(['example_short_circuit_decorator']) retrieved from /home/airflow/.local/lib/python3.7/site-packages/airflow/example_dags/example_short_circuit_decorator.py
[2024-06-22T13:19:59.423+0000] {logging_mixin.py:137} INFO - [2024-06-22T13:19:59.423+0000] {dag.py:2676} INFO - Sync 1 DAGs
[2024-06-22T13:19:59.450+0000] {logging_mixin.py:137} INFO - [2024-06-22T13:19:59.450+0000] {dag.py:3427} INFO - Setting next_dagrun for example_short_circuit_decorator to 2024-06-21T13:19:59.450488+00:00, run_after=2024-06-22T13:19:59.450488+00:00
[2024-06-22T13:19:59.474+0000] {processor.py:175} INFO - Processing /home/airflow/.local/lib/python3.7/site-packages/airflow/example_dags/example_short_circuit_decorator.py took 0.128 seconds
[2024-06-22T13:20:29.533+0000] {processor.py:153} INFO - Started process (PID=800) to work on /home/airflow/.local/lib/python3.7/site-packages/airflow/example_dags/example_short_circuit_decorator.py
[2024-06-22T13:20:29.534+0000] {processor.py:743} INFO - Processing file /home/airflow/.local/lib/python3.7/site-packages/airflow/example_dags/example_short_circuit_decorator.py for tasks to queue
[2024-06-22T13:20:29.535+0000] {logging_mixin.py:137} INFO - [2024-06-22T13:20:29.535+0000] {dagbag.py:538} INFO - Filling up the DagBag from /home/airflow/.local/lib/python3.7/site-packages/airflow/example_dags/example_short_circuit_decorator.py
[2024-06-22T13:20:29.557+0000] {processor.py:753} INFO - DAG(s) dict_keys(['example_short_circuit_decorator']) retrieved from /home/airflow/.local/lib/python3.7/site-packages/airflow/example_dags/example_short_circuit_decorator.py
[2024-06-22T13:20:29.594+0000] {logging_mixin.py:137} INFO - [2024-06-22T13:20:29.594+0000] {dag.py:2676} INFO - Sync 1 DAGs
[2024-06-22T13:20:29.618+0000] {logging_mixin.py:137} INFO - [2024-06-22T13:20:29.617+0000] {dag.py:3427} INFO - Setting next_dagrun for example_short_circuit_decorator to 2024-06-21T13:20:29.617741+00:00, run_after=2024-06-22T13:20:29.617741+00:00
[2024-06-22T13:20:29.641+0000] {processor.py:175} INFO - Processing /home/airflow/.local/lib/python3.7/site-packages/airflow/example_dags/example_short_circuit_decorator.py took 0.110 seconds
[2024-06-22T13:20:59.950+0000] {processor.py:153} INFO - Started process (PID=842) to work on /home/airflow/.local/lib/python3.7/site-packages/airflow/example_dags/example_short_circuit_decorator.py
[2024-06-22T13:20:59.952+0000] {processor.py:743} INFO - Processing file /home/airflow/.local/lib/python3.7/site-packages/airflow/example_dags/example_short_circuit_decorator.py for tasks to queue
[2024-06-22T13:20:59.953+0000] {logging_mixin.py:137} INFO - [2024-06-22T13:20:59.953+0000] {dagbag.py:538} INFO - Filling up the DagBag from /home/airflow/.local/lib/python3.7/site-packages/airflow/example_dags/example_short_circuit_decorator.py
[2024-06-22T13:20:59.979+0000] {processor.py:753} INFO - DAG(s) dict_keys(['example_short_circuit_decorator']) retrieved from /home/airflow/.local/lib/python3.7/site-packages/airflow/example_dags/example_short_circuit_decorator.py
[2024-06-22T13:21:00.029+0000] {logging_mixin.py:137} INFO - [2024-06-22T13:21:00.028+0000] {dag.py:2676} INFO - Sync 1 DAGs
[2024-06-22T13:21:00.067+0000] {logging_mixin.py:137} INFO - [2024-06-22T13:21:00.067+0000] {dag.py:3427} INFO - Setting next_dagrun for example_short_circuit_decorator to 2024-06-21T13:21:00.066618+00:00, run_after=2024-06-22T13:21:00.066618+00:00
[2024-06-22T13:21:00.095+0000] {processor.py:175} INFO - Processing /home/airflow/.local/lib/python3.7/site-packages/airflow/example_dags/example_short_circuit_decorator.py took 0.148 seconds
[2024-06-22T13:21:30.791+0000] {processor.py:153} INFO - Started process (PID=884) to work on /home/airflow/.local/lib/python3.7/site-packages/airflow/example_dags/example_short_circuit_decorator.py
[2024-06-22T13:21:30.792+0000] {processor.py:743} INFO - Processing file /home/airflow/.local/lib/python3.7/site-packages/airflow/example_dags/example_short_circuit_decorator.py for tasks to queue
[2024-06-22T13:21:30.793+0000] {logging_mixin.py:137} INFO - [2024-06-22T13:21:30.793+0000] {dagbag.py:538} INFO - Filling up the DagBag from /home/airflow/.local/lib/python3.7/site-packages/airflow/example_dags/example_short_circuit_decorator.py
[2024-06-22T13:21:30.816+0000] {processor.py:753} INFO - DAG(s) dict_keys(['example_short_circuit_decorator']) retrieved from /home/airflow/.local/lib/python3.7/site-packages/airflow/example_dags/example_short_circuit_decorator.py
[2024-06-22T13:21:30.859+0000] {logging_mixin.py:137} INFO - [2024-06-22T13:21:30.858+0000] {dag.py:2676} INFO - Sync 1 DAGs
[2024-06-22T13:21:30.889+0000] {logging_mixin.py:137} INFO - [2024-06-22T13:21:30.889+0000] {dag.py:3427} INFO - Setting next_dagrun for example_short_circuit_decorator to 2024-06-21T13:21:30.889412+00:00, run_after=2024-06-22T13:21:30.889412+00:00
[2024-06-22T13:21:30.913+0000] {processor.py:175} INFO - Processing /home/airflow/.local/lib/python3.7/site-packages/airflow/example_dags/example_short_circuit_decorator.py took 0.126 seconds
[2024-06-22T13:22:01.051+0000] {processor.py:153} INFO - Started process (PID=926) to work on /home/airflow/.local/lib/python3.7/site-packages/airflow/example_dags/example_short_circuit_decorator.py
[2024-06-22T13:22:01.052+0000] {processor.py:743} INFO - Processing file /home/airflow/.local/lib/python3.7/site-packages/airflow/example_dags/example_short_circuit_decorator.py for tasks to queue
[2024-06-22T13:22:01.053+0000] {logging_mixin.py:137} INFO - [2024-06-22T13:22:01.053+0000] {dagbag.py:538} INFO - Filling up the DagBag from /home/airflow/.local/lib/python3.7/site-packages/airflow/example_dags/example_short_circuit_decorator.py
[2024-06-22T13:22:01.076+0000] {processor.py:753} INFO - DAG(s) dict_keys(['example_short_circuit_decorator']) retrieved from /home/airflow/.local/lib/python3.7/site-packages/airflow/example_dags/example_short_circuit_decorator.py
[2024-06-22T13:22:01.118+0000] {logging_mixin.py:137} INFO - [2024-06-22T13:22:01.117+0000] {dag.py:2676} INFO - Sync 1 DAGs
[2024-06-22T13:22:01.142+0000] {logging_mixin.py:137} INFO - [2024-06-22T13:22:01.142+0000] {dag.py:3427} INFO - Setting next_dagrun for example_short_circuit_decorator to 2024-06-21T13:22:01.142639+00:00, run_after=2024-06-22T13:22:01.142639+00:00
[2024-06-22T13:22:01.167+0000] {processor.py:175} INFO - Processing /home/airflow/.local/lib/python3.7/site-packages/airflow/example_dags/example_short_circuit_decorator.py took 0.119 seconds
[2024-06-22T13:22:31.305+0000] {processor.py:153} INFO - Started process (PID=968) to work on /home/airflow/.local/lib/python3.7/site-packages/airflow/example_dags/example_short_circuit_decorator.py
[2024-06-22T13:22:31.307+0000] {processor.py:743} INFO - Processing file /home/airflow/.local/lib/python3.7/site-packages/airflow/example_dags/example_short_circuit_decorator.py for tasks to queue
[2024-06-22T13:22:31.308+0000] {logging_mixin.py:137} INFO - [2024-06-22T13:22:31.308+0000] {dagbag.py:538} INFO - Filling up the DagBag from /home/airflow/.local/lib/python3.7/site-packages/airflow/example_dags/example_short_circuit_decorator.py
[2024-06-22T13:22:31.342+0000] {processor.py:753} INFO - DAG(s) dict_keys(['example_short_circuit_decorator']) retrieved from /home/airflow/.local/lib/python3.7/site-packages/airflow/example_dags/example_short_circuit_decorator.py
[2024-06-22T13:22:31.393+0000] {logging_mixin.py:137} INFO - [2024-06-22T13:22:31.393+0000] {dag.py:2676} INFO - Sync 1 DAGs
[2024-06-22T13:22:31.427+0000] {logging_mixin.py:137} INFO - [2024-06-22T13:22:31.427+0000] {dag.py:3427} INFO - Setting next_dagrun for example_short_circuit_decorator to 2024-06-21T13:22:31.426639+00:00, run_after=2024-06-22T13:22:31.426639+00:00
[2024-06-22T13:22:31.453+0000] {processor.py:175} INFO - Processing /home/airflow/.local/lib/python3.7/site-packages/airflow/example_dags/example_short_circuit_decorator.py took 0.151 seconds
[2024-06-22T13:23:01.680+0000] {processor.py:153} INFO - Started process (PID=1010) to work on /home/airflow/.local/lib/python3.7/site-packages/airflow/example_dags/example_short_circuit_decorator.py
[2024-06-22T13:23:01.681+0000] {processor.py:743} INFO - Processing file /home/airflow/.local/lib/python3.7/site-packages/airflow/example_dags/example_short_circuit_decorator.py for tasks to queue
[2024-06-22T13:23:01.682+0000] {logging_mixin.py:137} INFO - [2024-06-22T13:23:01.682+0000] {dagbag.py:538} INFO - Filling up the DagBag from /home/airflow/.local/lib/python3.7/site-packages/airflow/example_dags/example_short_circuit_decorator.py
[2024-06-22T13:23:01.705+0000] {processor.py:753} INFO - DAG(s) dict_keys(['example_short_circuit_decorator']) retrieved from /home/airflow/.local/lib/python3.7/site-packages/airflow/example_dags/example_short_circuit_decorator.py
[2024-06-22T13:23:01.753+0000] {logging_mixin.py:137} INFO - [2024-06-22T13:23:01.753+0000] {dag.py:2676} INFO - Sync 1 DAGs
[2024-06-22T13:23:01.786+0000] {logging_mixin.py:137} INFO - [2024-06-22T13:23:01.786+0000] {dag.py:3427} INFO - Setting next_dagrun for example_short_circuit_decorator to 2024-06-21T13:23:01.785662+00:00, run_after=2024-06-22T13:23:01.785662+00:00
[2024-06-22T13:23:01.814+0000] {processor.py:175} INFO - Processing /home/airflow/.local/lib/python3.7/site-packages/airflow/example_dags/example_short_circuit_decorator.py took 0.137 seconds
[2024-06-22T13:23:31.983+0000] {processor.py:153} INFO - Started process (PID=1052) to work on /home/airflow/.local/lib/python3.7/site-packages/airflow/example_dags/example_short_circuit_decorator.py
[2024-06-22T13:23:31.984+0000] {processor.py:743} INFO - Processing file /home/airflow/.local/lib/python3.7/site-packages/airflow/example_dags/example_short_circuit_decorator.py for tasks to queue
[2024-06-22T13:23:31.985+0000] {logging_mixin.py:137} INFO - [2024-06-22T13:23:31.985+0000] {dagbag.py:538} INFO - Filling up the DagBag from /home/airflow/.local/lib/python3.7/site-packages/airflow/example_dags/example_short_circuit_decorator.py
[2024-06-22T13:23:32.015+0000] {processor.py:753} INFO - DAG(s) dict_keys(['example_short_circuit_decorator']) retrieved from /home/airflow/.local/lib/python3.7/site-packages/airflow/example_dags/example_short_circuit_decorator.py
[2024-06-22T13:23:32.059+0000] {logging_mixin.py:137} INFO - [2024-06-22T13:23:32.058+0000] {dag.py:2676} INFO - Sync 1 DAGs
[2024-06-22T13:23:32.084+0000] {logging_mixin.py:137} INFO - [2024-06-22T13:23:32.084+0000] {dag.py:3427} INFO - Setting next_dagrun for example_short_circuit_decorator to 2024-06-21T13:23:32.084259+00:00, run_after=2024-06-22T13:23:32.084259+00:00
[2024-06-22T13:23:32.113+0000] {processor.py:175} INFO - Processing /home/airflow/.local/lib/python3.7/site-packages/airflow/example_dags/example_short_circuit_decorator.py took 0.134 seconds
[2024-06-22T13:24:02.625+0000] {processor.py:153} INFO - Started process (PID=1094) to work on /home/airflow/.local/lib/python3.7/site-packages/airflow/example_dags/example_short_circuit_decorator.py
[2024-06-22T13:24:02.626+0000] {processor.py:743} INFO - Processing file /home/airflow/.local/lib/python3.7/site-packages/airflow/example_dags/example_short_circuit_decorator.py for tasks to queue
[2024-06-22T13:24:02.628+0000] {logging_mixin.py:137} INFO - [2024-06-22T13:24:02.627+0000] {dagbag.py:538} INFO - Filling up the DagBag from /home/airflow/.local/lib/python3.7/site-packages/airflow/example_dags/example_short_circuit_decorator.py
[2024-06-22T13:24:02.663+0000] {processor.py:753} INFO - DAG(s) dict_keys(['example_short_circuit_decorator']) retrieved from /home/airflow/.local/lib/python3.7/site-packages/airflow/example_dags/example_short_circuit_decorator.py
[2024-06-22T13:24:02.738+0000] {logging_mixin.py:137} INFO - [2024-06-22T13:24:02.738+0000] {dag.py:2676} INFO - Sync 1 DAGs
[2024-06-22T13:24:02.787+0000] {logging_mixin.py:137} INFO - [2024-06-22T13:24:02.787+0000] {dag.py:3427} INFO - Setting next_dagrun for example_short_circuit_decorator to 2024-06-21T13:24:02.786634+00:00, run_after=2024-06-22T13:24:02.786634+00:00
[2024-06-22T13:24:02.826+0000] {processor.py:175} INFO - Processing /home/airflow/.local/lib/python3.7/site-packages/airflow/example_dags/example_short_circuit_decorator.py took 0.205 seconds
[2024-06-22T13:24:32.959+0000] {processor.py:153} INFO - Started process (PID=1133) to work on /home/airflow/.local/lib/python3.7/site-packages/airflow/example_dags/example_short_circuit_decorator.py
[2024-06-22T13:24:32.960+0000] {processor.py:743} INFO - Processing file /home/airflow/.local/lib/python3.7/site-packages/airflow/example_dags/example_short_circuit_decorator.py for tasks to queue
[2024-06-22T13:24:32.961+0000] {logging_mixin.py:137} INFO - [2024-06-22T13:24:32.961+0000] {dagbag.py:538} INFO - Filling up the DagBag from /home/airflow/.local/lib/python3.7/site-packages/airflow/example_dags/example_short_circuit_decorator.py
[2024-06-22T13:24:32.991+0000] {processor.py:753} INFO - DAG(s) dict_keys(['example_short_circuit_decorator']) retrieved from /home/airflow/.local/lib/python3.7/site-packages/airflow/example_dags/example_short_circuit_decorator.py
[2024-06-22T13:24:33.043+0000] {logging_mixin.py:137} INFO - [2024-06-22T13:24:33.042+0000] {dag.py:2676} INFO - Sync 1 DAGs
[2024-06-22T13:24:33.071+0000] {logging_mixin.py:137} INFO - [2024-06-22T13:24:33.070+0000] {dag.py:3427} INFO - Setting next_dagrun for example_short_circuit_decorator to 2024-06-21T13:24:33.070641+00:00, run_after=2024-06-22T13:24:33.070641+00:00
[2024-06-22T13:24:33.098+0000] {processor.py:175} INFO - Processing /home/airflow/.local/lib/python3.7/site-packages/airflow/example_dags/example_short_circuit_decorator.py took 0.143 seconds
[2024-06-22T13:25:03.275+0000] {processor.py:153} INFO - Started process (PID=1172) to work on /home/airflow/.local/lib/python3.7/site-packages/airflow/example_dags/example_short_circuit_decorator.py
[2024-06-22T13:25:03.276+0000] {processor.py:743} INFO - Processing file /home/airflow/.local/lib/python3.7/site-packages/airflow/example_dags/example_short_circuit_decorator.py for tasks to queue
[2024-06-22T13:25:03.277+0000] {logging_mixin.py:137} INFO - [2024-06-22T13:25:03.277+0000] {dagbag.py:538} INFO - Filling up the DagBag from /home/airflow/.local/lib/python3.7/site-packages/airflow/example_dags/example_short_circuit_decorator.py
[2024-06-22T13:25:03.305+0000] {processor.py:753} INFO - DAG(s) dict_keys(['example_short_circuit_decorator']) retrieved from /home/airflow/.local/lib/python3.7/site-packages/airflow/example_dags/example_short_circuit_decorator.py
[2024-06-22T13:25:03.350+0000] {logging_mixin.py:137} INFO - [2024-06-22T13:25:03.350+0000] {dag.py:2676} INFO - Sync 1 DAGs
[2024-06-22T13:25:03.379+0000] {logging_mixin.py:137} INFO - [2024-06-22T13:25:03.379+0000] {dag.py:3427} INFO - Setting next_dagrun for example_short_circuit_decorator to 2024-06-21T13:25:03.378719+00:00, run_after=2024-06-22T13:25:03.378719+00:00
[2024-06-22T13:25:03.405+0000] {processor.py:175} INFO - Processing /home/airflow/.local/lib/python3.7/site-packages/airflow/example_dags/example_short_circuit_decorator.py took 0.133 seconds
[2024-06-22T13:25:33.640+0000] {processor.py:153} INFO - Started process (PID=1211) to work on /home/airflow/.local/lib/python3.7/site-packages/airflow/example_dags/example_short_circuit_decorator.py
[2024-06-22T13:25:33.642+0000] {processor.py:743} INFO - Processing file /home/airflow/.local/lib/python3.7/site-packages/airflow/example_dags/example_short_circuit_decorator.py for tasks to queue
[2024-06-22T13:25:33.643+0000] {logging_mixin.py:137} INFO - [2024-06-22T13:25:33.643+0000] {dagbag.py:538} INFO - Filling up the DagBag from /home/airflow/.local/lib/python3.7/site-packages/airflow/example_dags/example_short_circuit_decorator.py
[2024-06-22T13:25:33.674+0000] {processor.py:753} INFO - DAG(s) dict_keys(['example_short_circuit_decorator']) retrieved from /home/airflow/.local/lib/python3.7/site-packages/airflow/example_dags/example_short_circuit_decorator.py
[2024-06-22T13:25:33.719+0000] {logging_mixin.py:137} INFO - [2024-06-22T13:25:33.719+0000] {dag.py:2676} INFO - Sync 1 DAGs
[2024-06-22T13:25:33.757+0000] {logging_mixin.py:137} INFO - [2024-06-22T13:25:33.757+0000] {dag.py:3427} INFO - Setting next_dagrun for example_short_circuit_decorator to 2024-06-21T13:25:33.757169+00:00, run_after=2024-06-22T13:25:33.757169+00:00
[2024-06-22T13:25:33.786+0000] {processor.py:175} INFO - Processing /home/airflow/.local/lib/python3.7/site-packages/airflow/example_dags/example_short_circuit_decorator.py took 0.150 seconds
