[2024-06-22T13:11:19.790+0000] {processor.py:153} INFO - Started process (PID=49) to work on /home/airflow/.local/lib/python3.7/site-packages/airflow/example_dags/example_branch_day_of_week_operator.py
[2024-06-22T13:11:19.791+0000] {processor.py:743} INFO - Processing file /home/airflow/.local/lib/python3.7/site-packages/airflow/example_dags/example_branch_day_of_week_operator.py for tasks to queue
[2024-06-22T13:11:19.792+0000] {logging_mixin.py:137} INFO - [2024-06-22T13:11:19.792+0000] {dagbag.py:538} INFO - Filling up the DagBag from /home/airflow/.local/lib/python3.7/site-packages/airflow/example_dags/example_branch_day_of_week_operator.py
[2024-06-22T13:11:19.818+0000] {processor.py:753} INFO - DAG(s) dict_keys(['example_weekday_branch_operator']) retrieved from /home/airflow/.local/lib/python3.7/site-packages/airflow/example_dags/example_branch_day_of_week_operator.py
[2024-06-22T13:11:19.868+0000] {logging_mixin.py:137} INFO - [2024-06-22T13:11:19.867+0000] {dag.py:2676} INFO - Sync 1 DAGs
[2024-06-22T13:11:19.903+0000] {logging_mixin.py:137} INFO - [2024-06-22T13:11:19.902+0000] {dag.py:3427} INFO - Setting next_dagrun for example_weekday_branch_operator to 2024-06-21T00:00:00+00:00, run_after=2024-06-22T00:00:00+00:00
[2024-06-22T13:11:19.929+0000] {processor.py:175} INFO - Processing /home/airflow/.local/lib/python3.7/site-packages/airflow/example_dags/example_branch_day_of_week_operator.py took 0.143 seconds
[2024-06-22T13:11:50.823+0000] {processor.py:153} INFO - Started process (PID=90) to work on /home/airflow/.local/lib/python3.7/site-packages/airflow/example_dags/example_branch_day_of_week_operator.py
[2024-06-22T13:11:50.825+0000] {processor.py:743} INFO - Processing file /home/airflow/.local/lib/python3.7/site-packages/airflow/example_dags/example_branch_day_of_week_operator.py for tasks to queue
[2024-06-22T13:11:50.826+0000] {logging_mixin.py:137} INFO - [2024-06-22T13:11:50.826+0000] {dagbag.py:538} INFO - Filling up the DagBag from /home/airflow/.local/lib/python3.7/site-packages/airflow/example_dags/example_branch_day_of_week_operator.py
[2024-06-22T13:11:50.851+0000] {processor.py:753} INFO - DAG(s) dict_keys(['example_weekday_branch_operator']) retrieved from /home/airflow/.local/lib/python3.7/site-packages/airflow/example_dags/example_branch_day_of_week_operator.py
[2024-06-22T13:11:50.889+0000] {logging_mixin.py:137} INFO - [2024-06-22T13:11:50.889+0000] {dag.py:2676} INFO - Sync 1 DAGs
[2024-06-22T13:11:50.923+0000] {logging_mixin.py:137} INFO - [2024-06-22T13:11:50.922+0000] {dag.py:3427} INFO - Setting next_dagrun for example_weekday_branch_operator to 2024-06-21T00:00:00+00:00, run_after=2024-06-22T00:00:00+00:00
[2024-06-22T13:11:50.948+0000] {processor.py:175} INFO - Processing /home/airflow/.local/lib/python3.7/site-packages/airflow/example_dags/example_branch_day_of_week_operator.py took 0.129 seconds
[2024-06-22T13:12:21.833+0000] {processor.py:153} INFO - Started process (PID=132) to work on /home/airflow/.local/lib/python3.7/site-packages/airflow/example_dags/example_branch_day_of_week_operator.py
[2024-06-22T13:12:21.834+0000] {processor.py:743} INFO - Processing file /home/airflow/.local/lib/python3.7/site-packages/airflow/example_dags/example_branch_day_of_week_operator.py for tasks to queue
[2024-06-22T13:12:21.835+0000] {logging_mixin.py:137} INFO - [2024-06-22T13:12:21.835+0000] {dagbag.py:538} INFO - Filling up the DagBag from /home/airflow/.local/lib/python3.7/site-packages/airflow/example_dags/example_branch_day_of_week_operator.py
[2024-06-22T13:12:21.855+0000] {processor.py:753} INFO - DAG(s) dict_keys(['example_weekday_branch_operator']) retrieved from /home/airflow/.local/lib/python3.7/site-packages/airflow/example_dags/example_branch_day_of_week_operator.py
[2024-06-22T13:12:21.903+0000] {logging_mixin.py:137} INFO - [2024-06-22T13:12:21.903+0000] {dag.py:2676} INFO - Sync 1 DAGs
[2024-06-22T13:12:21.935+0000] {logging_mixin.py:137} INFO - [2024-06-22T13:12:21.935+0000] {dag.py:3427} INFO - Setting next_dagrun for example_weekday_branch_operator to 2024-06-21T00:00:00+00:00, run_after=2024-06-22T00:00:00+00:00
[2024-06-22T13:12:21.965+0000] {processor.py:175} INFO - Processing /home/airflow/.local/lib/python3.7/site-packages/airflow/example_dags/example_branch_day_of_week_operator.py took 0.136 seconds
[2024-06-22T13:12:52.584+0000] {processor.py:153} INFO - Started process (PID=172) to work on /home/airflow/.local/lib/python3.7/site-packages/airflow/example_dags/example_branch_day_of_week_operator.py
[2024-06-22T13:12:52.588+0000] {processor.py:743} INFO - Processing file /home/airflow/.local/lib/python3.7/site-packages/airflow/example_dags/example_branch_day_of_week_operator.py for tasks to queue
[2024-06-22T13:12:52.589+0000] {logging_mixin.py:137} INFO - [2024-06-22T13:12:52.589+0000] {dagbag.py:538} INFO - Filling up the DagBag from /home/airflow/.local/lib/python3.7/site-packages/airflow/example_dags/example_branch_day_of_week_operator.py
[2024-06-22T13:12:52.609+0000] {processor.py:753} INFO - DAG(s) dict_keys(['example_weekday_branch_operator']) retrieved from /home/airflow/.local/lib/python3.7/site-packages/airflow/example_dags/example_branch_day_of_week_operator.py
[2024-06-22T13:12:52.658+0000] {logging_mixin.py:137} INFO - [2024-06-22T13:12:52.658+0000] {dag.py:2676} INFO - Sync 1 DAGs
[2024-06-22T13:12:52.684+0000] {logging_mixin.py:137} INFO - [2024-06-22T13:12:52.684+0000] {dag.py:3427} INFO - Setting next_dagrun for example_weekday_branch_operator to 2024-06-21T00:00:00+00:00, run_after=2024-06-22T00:00:00+00:00
[2024-06-22T13:12:52.710+0000] {processor.py:175} INFO - Processing /home/airflow/.local/lib/python3.7/site-packages/airflow/example_dags/example_branch_day_of_week_operator.py took 0.130 seconds
[2024-06-22T13:13:23.224+0000] {processor.py:153} INFO - Started process (PID=214) to work on /home/airflow/.local/lib/python3.7/site-packages/airflow/example_dags/example_branch_day_of_week_operator.py
[2024-06-22T13:13:23.225+0000] {processor.py:743} INFO - Processing file /home/airflow/.local/lib/python3.7/site-packages/airflow/example_dags/example_branch_day_of_week_operator.py for tasks to queue
[2024-06-22T13:13:23.226+0000] {logging_mixin.py:137} INFO - [2024-06-22T13:13:23.226+0000] {dagbag.py:538} INFO - Filling up the DagBag from /home/airflow/.local/lib/python3.7/site-packages/airflow/example_dags/example_branch_day_of_week_operator.py
[2024-06-22T13:13:23.241+0000] {processor.py:753} INFO - DAG(s) dict_keys(['example_weekday_branch_operator']) retrieved from /home/airflow/.local/lib/python3.7/site-packages/airflow/example_dags/example_branch_day_of_week_operator.py
[2024-06-22T13:13:23.280+0000] {logging_mixin.py:137} INFO - [2024-06-22T13:13:23.280+0000] {dag.py:2676} INFO - Sync 1 DAGs
[2024-06-22T13:13:23.311+0000] {logging_mixin.py:137} INFO - [2024-06-22T13:13:23.311+0000] {dag.py:3427} INFO - Setting next_dagrun for example_weekday_branch_operator to 2024-06-21T00:00:00+00:00, run_after=2024-06-22T00:00:00+00:00
[2024-06-22T13:13:23.342+0000] {processor.py:175} INFO - Processing /home/airflow/.local/lib/python3.7/site-packages/airflow/example_dags/example_branch_day_of_week_operator.py took 0.121 seconds
[2024-06-22T13:13:53.884+0000] {processor.py:153} INFO - Started process (PID=256) to work on /home/airflow/.local/lib/python3.7/site-packages/airflow/example_dags/example_branch_day_of_week_operator.py
[2024-06-22T13:13:53.885+0000] {processor.py:743} INFO - Processing file /home/airflow/.local/lib/python3.7/site-packages/airflow/example_dags/example_branch_day_of_week_operator.py for tasks to queue
[2024-06-22T13:13:53.886+0000] {logging_mixin.py:137} INFO - [2024-06-22T13:13:53.886+0000] {dagbag.py:538} INFO - Filling up the DagBag from /home/airflow/.local/lib/python3.7/site-packages/airflow/example_dags/example_branch_day_of_week_operator.py
[2024-06-22T13:13:53.902+0000] {processor.py:753} INFO - DAG(s) dict_keys(['example_weekday_branch_operator']) retrieved from /home/airflow/.local/lib/python3.7/site-packages/airflow/example_dags/example_branch_day_of_week_operator.py
[2024-06-22T13:13:53.945+0000] {logging_mixin.py:137} INFO - [2024-06-22T13:13:53.945+0000] {dag.py:2676} INFO - Sync 1 DAGs
[2024-06-22T13:13:53.977+0000] {logging_mixin.py:137} INFO - [2024-06-22T13:13:53.976+0000] {dag.py:3427} INFO - Setting next_dagrun for example_weekday_branch_operator to 2024-06-21T00:00:00+00:00, run_after=2024-06-22T00:00:00+00:00
[2024-06-22T13:13:54.005+0000] {processor.py:175} INFO - Processing /home/airflow/.local/lib/python3.7/site-packages/airflow/example_dags/example_branch_day_of_week_operator.py took 0.124 seconds
[2024-06-22T13:14:24.642+0000] {processor.py:153} INFO - Started process (PID=298) to work on /home/airflow/.local/lib/python3.7/site-packages/airflow/example_dags/example_branch_day_of_week_operator.py
[2024-06-22T13:14:24.643+0000] {processor.py:743} INFO - Processing file /home/airflow/.local/lib/python3.7/site-packages/airflow/example_dags/example_branch_day_of_week_operator.py for tasks to queue
[2024-06-22T13:14:24.645+0000] {logging_mixin.py:137} INFO - [2024-06-22T13:14:24.644+0000] {dagbag.py:538} INFO - Filling up the DagBag from /home/airflow/.local/lib/python3.7/site-packages/airflow/example_dags/example_branch_day_of_week_operator.py
[2024-06-22T13:14:24.661+0000] {processor.py:753} INFO - DAG(s) dict_keys(['example_weekday_branch_operator']) retrieved from /home/airflow/.local/lib/python3.7/site-packages/airflow/example_dags/example_branch_day_of_week_operator.py
[2024-06-22T13:14:24.706+0000] {logging_mixin.py:137} INFO - [2024-06-22T13:14:24.705+0000] {dag.py:2676} INFO - Sync 1 DAGs
[2024-06-22T13:14:24.735+0000] {logging_mixin.py:137} INFO - [2024-06-22T13:14:24.735+0000] {dag.py:3427} INFO - Setting next_dagrun for example_weekday_branch_operator to 2024-06-21T00:00:00+00:00, run_after=2024-06-22T00:00:00+00:00
[2024-06-22T13:14:24.765+0000] {processor.py:175} INFO - Processing /home/airflow/.local/lib/python3.7/site-packages/airflow/example_dags/example_branch_day_of_week_operator.py took 0.126 seconds
[2024-06-22T13:14:55.367+0000] {processor.py:153} INFO - Started process (PID=340) to work on /home/airflow/.local/lib/python3.7/site-packages/airflow/example_dags/example_branch_day_of_week_operator.py
[2024-06-22T13:14:55.368+0000] {processor.py:743} INFO - Processing file /home/airflow/.local/lib/python3.7/site-packages/airflow/example_dags/example_branch_day_of_week_operator.py for tasks to queue
[2024-06-22T13:14:55.369+0000] {logging_mixin.py:137} INFO - [2024-06-22T13:14:55.369+0000] {dagbag.py:538} INFO - Filling up the DagBag from /home/airflow/.local/lib/python3.7/site-packages/airflow/example_dags/example_branch_day_of_week_operator.py
[2024-06-22T13:14:55.385+0000] {processor.py:753} INFO - DAG(s) dict_keys(['example_weekday_branch_operator']) retrieved from /home/airflow/.local/lib/python3.7/site-packages/airflow/example_dags/example_branch_day_of_week_operator.py
[2024-06-22T13:14:55.430+0000] {logging_mixin.py:137} INFO - [2024-06-22T13:14:55.430+0000] {dag.py:2676} INFO - Sync 1 DAGs
[2024-06-22T13:14:55.458+0000] {logging_mixin.py:137} INFO - [2024-06-22T13:14:55.458+0000] {dag.py:3427} INFO - Setting next_dagrun for example_weekday_branch_operator to 2024-06-21T00:00:00+00:00, run_after=2024-06-22T00:00:00+00:00
[2024-06-22T13:14:55.488+0000] {processor.py:175} INFO - Processing /home/airflow/.local/lib/python3.7/site-packages/airflow/example_dags/example_branch_day_of_week_operator.py took 0.124 seconds
[2024-06-22T13:15:25.648+0000] {processor.py:153} INFO - Started process (PID=382) to work on /home/airflow/.local/lib/python3.7/site-packages/airflow/example_dags/example_branch_day_of_week_operator.py
[2024-06-22T13:15:25.649+0000] {processor.py:743} INFO - Processing file /home/airflow/.local/lib/python3.7/site-packages/airflow/example_dags/example_branch_day_of_week_operator.py for tasks to queue
[2024-06-22T13:15:25.650+0000] {logging_mixin.py:137} INFO - [2024-06-22T13:15:25.650+0000] {dagbag.py:538} INFO - Filling up the DagBag from /home/airflow/.local/lib/python3.7/site-packages/airflow/example_dags/example_branch_day_of_week_operator.py
[2024-06-22T13:15:25.670+0000] {processor.py:753} INFO - DAG(s) dict_keys(['example_weekday_branch_operator']) retrieved from /home/airflow/.local/lib/python3.7/site-packages/airflow/example_dags/example_branch_day_of_week_operator.py
[2024-06-22T13:15:25.712+0000] {logging_mixin.py:137} INFO - [2024-06-22T13:15:25.712+0000] {dag.py:2676} INFO - Sync 1 DAGs
[2024-06-22T13:15:25.742+0000] {logging_mixin.py:137} INFO - [2024-06-22T13:15:25.742+0000] {dag.py:3427} INFO - Setting next_dagrun for example_weekday_branch_operator to 2024-06-21T00:00:00+00:00, run_after=2024-06-22T00:00:00+00:00
[2024-06-22T13:15:25.769+0000] {processor.py:175} INFO - Processing /home/airflow/.local/lib/python3.7/site-packages/airflow/example_dags/example_branch_day_of_week_operator.py took 0.125 seconds
[2024-06-22T13:15:56.125+0000] {processor.py:153} INFO - Started process (PID=424) to work on /home/airflow/.local/lib/python3.7/site-packages/airflow/example_dags/example_branch_day_of_week_operator.py
[2024-06-22T13:15:56.127+0000] {processor.py:743} INFO - Processing file /home/airflow/.local/lib/python3.7/site-packages/airflow/example_dags/example_branch_day_of_week_operator.py for tasks to queue
[2024-06-22T13:15:56.128+0000] {logging_mixin.py:137} INFO - [2024-06-22T13:15:56.128+0000] {dagbag.py:538} INFO - Filling up the DagBag from /home/airflow/.local/lib/python3.7/site-packages/airflow/example_dags/example_branch_day_of_week_operator.py
[2024-06-22T13:15:56.145+0000] {processor.py:753} INFO - DAG(s) dict_keys(['example_weekday_branch_operator']) retrieved from /home/airflow/.local/lib/python3.7/site-packages/airflow/example_dags/example_branch_day_of_week_operator.py
[2024-06-22T13:15:56.189+0000] {logging_mixin.py:137} INFO - [2024-06-22T13:15:56.188+0000] {dag.py:2676} INFO - Sync 1 DAGs
[2024-06-22T13:15:56.229+0000] {logging_mixin.py:137} INFO - [2024-06-22T13:15:56.229+0000] {dag.py:3427} INFO - Setting next_dagrun for example_weekday_branch_operator to 2024-06-21T00:00:00+00:00, run_after=2024-06-22T00:00:00+00:00
[2024-06-22T13:15:56.263+0000] {processor.py:175} INFO - Processing /home/airflow/.local/lib/python3.7/site-packages/airflow/example_dags/example_branch_day_of_week_operator.py took 0.142 seconds
[2024-06-22T13:16:26.499+0000] {processor.py:153} INFO - Started process (PID=466) to work on /home/airflow/.local/lib/python3.7/site-packages/airflow/example_dags/example_branch_day_of_week_operator.py
[2024-06-22T13:16:26.500+0000] {processor.py:743} INFO - Processing file /home/airflow/.local/lib/python3.7/site-packages/airflow/example_dags/example_branch_day_of_week_operator.py for tasks to queue
[2024-06-22T13:16:26.501+0000] {logging_mixin.py:137} INFO - [2024-06-22T13:16:26.501+0000] {dagbag.py:538} INFO - Filling up the DagBag from /home/airflow/.local/lib/python3.7/site-packages/airflow/example_dags/example_branch_day_of_week_operator.py
[2024-06-22T13:16:26.514+0000] {processor.py:753} INFO - DAG(s) dict_keys(['example_weekday_branch_operator']) retrieved from /home/airflow/.local/lib/python3.7/site-packages/airflow/example_dags/example_branch_day_of_week_operator.py
[2024-06-22T13:16:26.550+0000] {logging_mixin.py:137} INFO - [2024-06-22T13:16:26.549+0000] {dag.py:2676} INFO - Sync 1 DAGs
[2024-06-22T13:16:26.576+0000] {logging_mixin.py:137} INFO - [2024-06-22T13:16:26.575+0000] {dag.py:3427} INFO - Setting next_dagrun for example_weekday_branch_operator to 2024-06-21T00:00:00+00:00, run_after=2024-06-22T00:00:00+00:00
[2024-06-22T13:16:26.600+0000] {processor.py:175} INFO - Processing /home/airflow/.local/lib/python3.7/site-packages/airflow/example_dags/example_branch_day_of_week_operator.py took 0.104 seconds
[2024-06-22T13:16:57.043+0000] {processor.py:153} INFO - Started process (PID=508) to work on /home/airflow/.local/lib/python3.7/site-packages/airflow/example_dags/example_branch_day_of_week_operator.py
[2024-06-22T13:16:57.045+0000] {processor.py:743} INFO - Processing file /home/airflow/.local/lib/python3.7/site-packages/airflow/example_dags/example_branch_day_of_week_operator.py for tasks to queue
[2024-06-22T13:16:57.046+0000] {logging_mixin.py:137} INFO - [2024-06-22T13:16:57.046+0000] {dagbag.py:538} INFO - Filling up the DagBag from /home/airflow/.local/lib/python3.7/site-packages/airflow/example_dags/example_branch_day_of_week_operator.py
[2024-06-22T13:16:57.061+0000] {processor.py:753} INFO - DAG(s) dict_keys(['example_weekday_branch_operator']) retrieved from /home/airflow/.local/lib/python3.7/site-packages/airflow/example_dags/example_branch_day_of_week_operator.py
[2024-06-22T13:16:57.102+0000] {logging_mixin.py:137} INFO - [2024-06-22T13:16:57.102+0000] {dag.py:2676} INFO - Sync 1 DAGs
[2024-06-22T13:16:57.127+0000] {logging_mixin.py:137} INFO - [2024-06-22T13:16:57.127+0000] {dag.py:3427} INFO - Setting next_dagrun for example_weekday_branch_operator to 2024-06-21T00:00:00+00:00, run_after=2024-06-22T00:00:00+00:00
[2024-06-22T13:16:57.155+0000] {processor.py:175} INFO - Processing /home/airflow/.local/lib/python3.7/site-packages/airflow/example_dags/example_branch_day_of_week_operator.py took 0.114 seconds
[2024-06-22T13:17:27.492+0000] {processor.py:153} INFO - Started process (PID=550) to work on /home/airflow/.local/lib/python3.7/site-packages/airflow/example_dags/example_branch_day_of_week_operator.py
[2024-06-22T13:17:27.494+0000] {processor.py:743} INFO - Processing file /home/airflow/.local/lib/python3.7/site-packages/airflow/example_dags/example_branch_day_of_week_operator.py for tasks to queue
[2024-06-22T13:17:27.495+0000] {logging_mixin.py:137} INFO - [2024-06-22T13:17:27.495+0000] {dagbag.py:538} INFO - Filling up the DagBag from /home/airflow/.local/lib/python3.7/site-packages/airflow/example_dags/example_branch_day_of_week_operator.py
[2024-06-22T13:17:27.511+0000] {processor.py:753} INFO - DAG(s) dict_keys(['example_weekday_branch_operator']) retrieved from /home/airflow/.local/lib/python3.7/site-packages/airflow/example_dags/example_branch_day_of_week_operator.py
[2024-06-22T13:17:27.554+0000] {logging_mixin.py:137} INFO - [2024-06-22T13:17:27.554+0000] {dag.py:2676} INFO - Sync 1 DAGs
[2024-06-22T13:17:27.586+0000] {logging_mixin.py:137} INFO - [2024-06-22T13:17:27.586+0000] {dag.py:3427} INFO - Setting next_dagrun for example_weekday_branch_operator to 2024-06-21T00:00:00+00:00, run_after=2024-06-22T00:00:00+00:00
[2024-06-22T13:17:27.612+0000] {processor.py:175} INFO - Processing /home/airflow/.local/lib/python3.7/site-packages/airflow/example_dags/example_branch_day_of_week_operator.py took 0.124 seconds
[2024-06-22T13:17:57.938+0000] {processor.py:153} INFO - Started process (PID=592) to work on /home/airflow/.local/lib/python3.7/site-packages/airflow/example_dags/example_branch_day_of_week_operator.py
[2024-06-22T13:17:57.939+0000] {processor.py:743} INFO - Processing file /home/airflow/.local/lib/python3.7/site-packages/airflow/example_dags/example_branch_day_of_week_operator.py for tasks to queue
[2024-06-22T13:17:57.941+0000] {logging_mixin.py:137} INFO - [2024-06-22T13:17:57.940+0000] {dagbag.py:538} INFO - Filling up the DagBag from /home/airflow/.local/lib/python3.7/site-packages/airflow/example_dags/example_branch_day_of_week_operator.py
[2024-06-22T13:17:57.958+0000] {processor.py:753} INFO - DAG(s) dict_keys(['example_weekday_branch_operator']) retrieved from /home/airflow/.local/lib/python3.7/site-packages/airflow/example_dags/example_branch_day_of_week_operator.py
[2024-06-22T13:17:58.004+0000] {logging_mixin.py:137} INFO - [2024-06-22T13:17:58.004+0000] {dag.py:2676} INFO - Sync 1 DAGs
[2024-06-22T13:17:58.037+0000] {logging_mixin.py:137} INFO - [2024-06-22T13:17:58.036+0000] {dag.py:3427} INFO - Setting next_dagrun for example_weekday_branch_operator to 2024-06-21T00:00:00+00:00, run_after=2024-06-22T00:00:00+00:00
[2024-06-22T13:17:58.063+0000] {processor.py:175} INFO - Processing /home/airflow/.local/lib/python3.7/site-packages/airflow/example_dags/example_branch_day_of_week_operator.py took 0.128 seconds
[2024-06-22T13:18:28.297+0000] {processor.py:153} INFO - Started process (PID=634) to work on /home/airflow/.local/lib/python3.7/site-packages/airflow/example_dags/example_branch_day_of_week_operator.py
[2024-06-22T13:18:28.299+0000] {processor.py:743} INFO - Processing file /home/airflow/.local/lib/python3.7/site-packages/airflow/example_dags/example_branch_day_of_week_operator.py for tasks to queue
[2024-06-22T13:18:28.300+0000] {logging_mixin.py:137} INFO - [2024-06-22T13:18:28.300+0000] {dagbag.py:538} INFO - Filling up the DagBag from /home/airflow/.local/lib/python3.7/site-packages/airflow/example_dags/example_branch_day_of_week_operator.py
[2024-06-22T13:18:28.317+0000] {processor.py:753} INFO - DAG(s) dict_keys(['example_weekday_branch_operator']) retrieved from /home/airflow/.local/lib/python3.7/site-packages/airflow/example_dags/example_branch_day_of_week_operator.py
[2024-06-22T13:18:28.359+0000] {logging_mixin.py:137} INFO - [2024-06-22T13:18:28.359+0000] {dag.py:2676} INFO - Sync 1 DAGs
[2024-06-22T13:18:28.386+0000] {logging_mixin.py:137} INFO - [2024-06-22T13:18:28.386+0000] {dag.py:3427} INFO - Setting next_dagrun for example_weekday_branch_operator to 2024-06-21T00:00:00+00:00, run_after=2024-06-22T00:00:00+00:00
[2024-06-22T13:18:28.412+0000] {processor.py:175} INFO - Processing /home/airflow/.local/lib/python3.7/site-packages/airflow/example_dags/example_branch_day_of_week_operator.py took 0.117 seconds
[2024-06-22T13:18:58.558+0000] {processor.py:153} INFO - Started process (PID=676) to work on /home/airflow/.local/lib/python3.7/site-packages/airflow/example_dags/example_branch_day_of_week_operator.py
[2024-06-22T13:18:58.559+0000] {processor.py:743} INFO - Processing file /home/airflow/.local/lib/python3.7/site-packages/airflow/example_dags/example_branch_day_of_week_operator.py for tasks to queue
[2024-06-22T13:18:58.560+0000] {logging_mixin.py:137} INFO - [2024-06-22T13:18:58.560+0000] {dagbag.py:538} INFO - Filling up the DagBag from /home/airflow/.local/lib/python3.7/site-packages/airflow/example_dags/example_branch_day_of_week_operator.py
[2024-06-22T13:18:58.575+0000] {processor.py:753} INFO - DAG(s) dict_keys(['example_weekday_branch_operator']) retrieved from /home/airflow/.local/lib/python3.7/site-packages/airflow/example_dags/example_branch_day_of_week_operator.py
[2024-06-22T13:18:58.616+0000] {logging_mixin.py:137} INFO - [2024-06-22T13:18:58.616+0000] {dag.py:2676} INFO - Sync 1 DAGs
[2024-06-22T13:18:58.644+0000] {logging_mixin.py:137} INFO - [2024-06-22T13:18:58.644+0000] {dag.py:3427} INFO - Setting next_dagrun for example_weekday_branch_operator to 2024-06-21T00:00:00+00:00, run_after=2024-06-22T00:00:00+00:00
[2024-06-22T13:18:58.672+0000] {processor.py:175} INFO - Processing /home/airflow/.local/lib/python3.7/site-packages/airflow/example_dags/example_branch_day_of_week_operator.py took 0.117 seconds
[2024-06-22T13:19:28.879+0000] {processor.py:153} INFO - Started process (PID=718) to work on /home/airflow/.local/lib/python3.7/site-packages/airflow/example_dags/example_branch_day_of_week_operator.py
[2024-06-22T13:19:28.880+0000] {processor.py:743} INFO - Processing file /home/airflow/.local/lib/python3.7/site-packages/airflow/example_dags/example_branch_day_of_week_operator.py for tasks to queue
[2024-06-22T13:19:28.881+0000] {logging_mixin.py:137} INFO - [2024-06-22T13:19:28.881+0000] {dagbag.py:538} INFO - Filling up the DagBag from /home/airflow/.local/lib/python3.7/site-packages/airflow/example_dags/example_branch_day_of_week_operator.py
[2024-06-22T13:19:28.903+0000] {processor.py:753} INFO - DAG(s) dict_keys(['example_weekday_branch_operator']) retrieved from /home/airflow/.local/lib/python3.7/site-packages/airflow/example_dags/example_branch_day_of_week_operator.py
[2024-06-22T13:19:28.952+0000] {logging_mixin.py:137} INFO - [2024-06-22T13:19:28.951+0000] {dag.py:2676} INFO - Sync 1 DAGs
[2024-06-22T13:19:28.982+0000] {logging_mixin.py:137} INFO - [2024-06-22T13:19:28.982+0000] {dag.py:3427} INFO - Setting next_dagrun for example_weekday_branch_operator to 2024-06-21T00:00:00+00:00, run_after=2024-06-22T00:00:00+00:00
[2024-06-22T13:19:29.005+0000] {processor.py:175} INFO - Processing /home/airflow/.local/lib/python3.7/site-packages/airflow/example_dags/example_branch_day_of_week_operator.py took 0.130 seconds
[2024-06-22T13:19:59.507+0000] {processor.py:153} INFO - Started process (PID=760) to work on /home/airflow/.local/lib/python3.7/site-packages/airflow/example_dags/example_branch_day_of_week_operator.py
[2024-06-22T13:19:59.508+0000] {processor.py:743} INFO - Processing file /home/airflow/.local/lib/python3.7/site-packages/airflow/example_dags/example_branch_day_of_week_operator.py for tasks to queue
[2024-06-22T13:19:59.509+0000] {logging_mixin.py:137} INFO - [2024-06-22T13:19:59.509+0000] {dagbag.py:538} INFO - Filling up the DagBag from /home/airflow/.local/lib/python3.7/site-packages/airflow/example_dags/example_branch_day_of_week_operator.py
[2024-06-22T13:19:59.523+0000] {processor.py:753} INFO - DAG(s) dict_keys(['example_weekday_branch_operator']) retrieved from /home/airflow/.local/lib/python3.7/site-packages/airflow/example_dags/example_branch_day_of_week_operator.py
[2024-06-22T13:19:59.576+0000] {logging_mixin.py:137} INFO - [2024-06-22T13:19:59.576+0000] {dag.py:2676} INFO - Sync 1 DAGs
[2024-06-22T13:19:59.614+0000] {logging_mixin.py:137} INFO - [2024-06-22T13:19:59.614+0000] {dag.py:3427} INFO - Setting next_dagrun for example_weekday_branch_operator to 2024-06-21T00:00:00+00:00, run_after=2024-06-22T00:00:00+00:00
[2024-06-22T13:19:59.640+0000] {processor.py:175} INFO - Processing /home/airflow/.local/lib/python3.7/site-packages/airflow/example_dags/example_branch_day_of_week_operator.py took 0.136 seconds
[2024-06-22T13:20:29.832+0000] {processor.py:153} INFO - Started process (PID=802) to work on /home/airflow/.local/lib/python3.7/site-packages/airflow/example_dags/example_branch_day_of_week_operator.py
[2024-06-22T13:20:29.834+0000] {processor.py:743} INFO - Processing file /home/airflow/.local/lib/python3.7/site-packages/airflow/example_dags/example_branch_day_of_week_operator.py for tasks to queue
[2024-06-22T13:20:29.835+0000] {logging_mixin.py:137} INFO - [2024-06-22T13:20:29.834+0000] {dagbag.py:538} INFO - Filling up the DagBag from /home/airflow/.local/lib/python3.7/site-packages/airflow/example_dags/example_branch_day_of_week_operator.py
[2024-06-22T13:20:29.850+0000] {processor.py:753} INFO - DAG(s) dict_keys(['example_weekday_branch_operator']) retrieved from /home/airflow/.local/lib/python3.7/site-packages/airflow/example_dags/example_branch_day_of_week_operator.py
[2024-06-22T13:20:29.891+0000] {logging_mixin.py:137} INFO - [2024-06-22T13:20:29.890+0000] {dag.py:2676} INFO - Sync 1 DAGs
[2024-06-22T13:20:29.915+0000] {logging_mixin.py:137} INFO - [2024-06-22T13:20:29.915+0000] {dag.py:3427} INFO - Setting next_dagrun for example_weekday_branch_operator to 2024-06-21T00:00:00+00:00, run_after=2024-06-22T00:00:00+00:00
[2024-06-22T13:20:29.941+0000] {processor.py:175} INFO - Processing /home/airflow/.local/lib/python3.7/site-packages/airflow/example_dags/example_branch_day_of_week_operator.py took 0.111 seconds
[2024-06-22T13:21:00.135+0000] {processor.py:153} INFO - Started process (PID=844) to work on /home/airflow/.local/lib/python3.7/site-packages/airflow/example_dags/example_branch_day_of_week_operator.py
[2024-06-22T13:21:00.137+0000] {processor.py:743} INFO - Processing file /home/airflow/.local/lib/python3.7/site-packages/airflow/example_dags/example_branch_day_of_week_operator.py for tasks to queue
[2024-06-22T13:21:00.138+0000] {logging_mixin.py:137} INFO - [2024-06-22T13:21:00.138+0000] {dagbag.py:538} INFO - Filling up the DagBag from /home/airflow/.local/lib/python3.7/site-packages/airflow/example_dags/example_branch_day_of_week_operator.py
[2024-06-22T13:21:00.155+0000] {processor.py:753} INFO - DAG(s) dict_keys(['example_weekday_branch_operator']) retrieved from /home/airflow/.local/lib/python3.7/site-packages/airflow/example_dags/example_branch_day_of_week_operator.py
[2024-06-22T13:21:00.202+0000] {logging_mixin.py:137} INFO - [2024-06-22T13:21:00.202+0000] {dag.py:2676} INFO - Sync 1 DAGs
[2024-06-22T13:21:00.234+0000] {logging_mixin.py:137} INFO - [2024-06-22T13:21:00.234+0000] {dag.py:3427} INFO - Setting next_dagrun for example_weekday_branch_operator to 2024-06-21T00:00:00+00:00, run_after=2024-06-22T00:00:00+00:00
[2024-06-22T13:21:00.261+0000] {processor.py:175} INFO - Processing /home/airflow/.local/lib/python3.7/site-packages/airflow/example_dags/example_branch_day_of_week_operator.py took 0.129 seconds
[2024-06-22T13:21:30.942+0000] {processor.py:153} INFO - Started process (PID=886) to work on /home/airflow/.local/lib/python3.7/site-packages/airflow/example_dags/example_branch_day_of_week_operator.py
[2024-06-22T13:21:30.943+0000] {processor.py:743} INFO - Processing file /home/airflow/.local/lib/python3.7/site-packages/airflow/example_dags/example_branch_day_of_week_operator.py for tasks to queue
[2024-06-22T13:21:30.944+0000] {logging_mixin.py:137} INFO - [2024-06-22T13:21:30.944+0000] {dagbag.py:538} INFO - Filling up the DagBag from /home/airflow/.local/lib/python3.7/site-packages/airflow/example_dags/example_branch_day_of_week_operator.py
[2024-06-22T13:21:30.959+0000] {processor.py:753} INFO - DAG(s) dict_keys(['example_weekday_branch_operator']) retrieved from /home/airflow/.local/lib/python3.7/site-packages/airflow/example_dags/example_branch_day_of_week_operator.py
[2024-06-22T13:21:31.000+0000] {logging_mixin.py:137} INFO - [2024-06-22T13:21:31.000+0000] {dag.py:2676} INFO - Sync 1 DAGs
[2024-06-22T13:21:31.030+0000] {logging_mixin.py:137} INFO - [2024-06-22T13:21:31.030+0000] {dag.py:3427} INFO - Setting next_dagrun for example_weekday_branch_operator to 2024-06-21T00:00:00+00:00, run_after=2024-06-22T00:00:00+00:00
[2024-06-22T13:21:31.054+0000] {processor.py:175} INFO - Processing /home/airflow/.local/lib/python3.7/site-packages/airflow/example_dags/example_branch_day_of_week_operator.py took 0.117 seconds
[2024-06-22T13:22:01.342+0000] {processor.py:153} INFO - Started process (PID=928) to work on /home/airflow/.local/lib/python3.7/site-packages/airflow/example_dags/example_branch_day_of_week_operator.py
[2024-06-22T13:22:01.343+0000] {processor.py:743} INFO - Processing file /home/airflow/.local/lib/python3.7/site-packages/airflow/example_dags/example_branch_day_of_week_operator.py for tasks to queue
[2024-06-22T13:22:01.344+0000] {logging_mixin.py:137} INFO - [2024-06-22T13:22:01.343+0000] {dagbag.py:538} INFO - Filling up the DagBag from /home/airflow/.local/lib/python3.7/site-packages/airflow/example_dags/example_branch_day_of_week_operator.py
[2024-06-22T13:22:01.357+0000] {processor.py:753} INFO - DAG(s) dict_keys(['example_weekday_branch_operator']) retrieved from /home/airflow/.local/lib/python3.7/site-packages/airflow/example_dags/example_branch_day_of_week_operator.py
[2024-06-22T13:22:01.394+0000] {logging_mixin.py:137} INFO - [2024-06-22T13:22:01.394+0000] {dag.py:2676} INFO - Sync 1 DAGs
[2024-06-22T13:22:01.418+0000] {logging_mixin.py:137} INFO - [2024-06-22T13:22:01.418+0000] {dag.py:3427} INFO - Setting next_dagrun for example_weekday_branch_operator to 2024-06-21T00:00:00+00:00, run_after=2024-06-22T00:00:00+00:00
[2024-06-22T13:22:01.442+0000] {processor.py:175} INFO - Processing /home/airflow/.local/lib/python3.7/site-packages/airflow/example_dags/example_branch_day_of_week_operator.py took 0.103 seconds
[2024-06-22T13:22:31.478+0000] {processor.py:153} INFO - Started process (PID=970) to work on /home/airflow/.local/lib/python3.7/site-packages/airflow/example_dags/example_branch_day_of_week_operator.py
[2024-06-22T13:22:31.479+0000] {processor.py:743} INFO - Processing file /home/airflow/.local/lib/python3.7/site-packages/airflow/example_dags/example_branch_day_of_week_operator.py for tasks to queue
[2024-06-22T13:22:31.480+0000] {logging_mixin.py:137} INFO - [2024-06-22T13:22:31.480+0000] {dagbag.py:538} INFO - Filling up the DagBag from /home/airflow/.local/lib/python3.7/site-packages/airflow/example_dags/example_branch_day_of_week_operator.py
[2024-06-22T13:22:31.494+0000] {processor.py:753} INFO - DAG(s) dict_keys(['example_weekday_branch_operator']) retrieved from /home/airflow/.local/lib/python3.7/site-packages/airflow/example_dags/example_branch_day_of_week_operator.py
[2024-06-22T13:22:31.536+0000] {logging_mixin.py:137} INFO - [2024-06-22T13:22:31.535+0000] {dag.py:2676} INFO - Sync 1 DAGs
[2024-06-22T13:22:31.562+0000] {logging_mixin.py:137} INFO - [2024-06-22T13:22:31.562+0000] {dag.py:3427} INFO - Setting next_dagrun for example_weekday_branch_operator to 2024-06-21T00:00:00+00:00, run_after=2024-06-22T00:00:00+00:00
[2024-06-22T13:22:31.587+0000] {processor.py:175} INFO - Processing /home/airflow/.local/lib/python3.7/site-packages/airflow/example_dags/example_branch_day_of_week_operator.py took 0.113 seconds
[2024-06-22T13:23:01.844+0000] {processor.py:153} INFO - Started process (PID=1012) to work on /home/airflow/.local/lib/python3.7/site-packages/airflow/example_dags/example_branch_day_of_week_operator.py
[2024-06-22T13:23:01.845+0000] {processor.py:743} INFO - Processing file /home/airflow/.local/lib/python3.7/site-packages/airflow/example_dags/example_branch_day_of_week_operator.py for tasks to queue
[2024-06-22T13:23:01.847+0000] {logging_mixin.py:137} INFO - [2024-06-22T13:23:01.847+0000] {dagbag.py:538} INFO - Filling up the DagBag from /home/airflow/.local/lib/python3.7/site-packages/airflow/example_dags/example_branch_day_of_week_operator.py
[2024-06-22T13:23:01.866+0000] {processor.py:753} INFO - DAG(s) dict_keys(['example_weekday_branch_operator']) retrieved from /home/airflow/.local/lib/python3.7/site-packages/airflow/example_dags/example_branch_day_of_week_operator.py
[2024-06-22T13:23:01.911+0000] {logging_mixin.py:137} INFO - [2024-06-22T13:23:01.911+0000] {dag.py:2676} INFO - Sync 1 DAGs
[2024-06-22T13:23:01.943+0000] {logging_mixin.py:137} INFO - [2024-06-22T13:23:01.942+0000] {dag.py:3427} INFO - Setting next_dagrun for example_weekday_branch_operator to 2024-06-21T00:00:00+00:00, run_after=2024-06-22T00:00:00+00:00
[2024-06-22T13:23:01.973+0000] {processor.py:175} INFO - Processing /home/airflow/.local/lib/python3.7/site-packages/airflow/example_dags/example_branch_day_of_week_operator.py took 0.133 seconds
[2024-06-22T13:23:32.143+0000] {processor.py:153} INFO - Started process (PID=1054) to work on /home/airflow/.local/lib/python3.7/site-packages/airflow/example_dags/example_branch_day_of_week_operator.py
[2024-06-22T13:23:32.144+0000] {processor.py:743} INFO - Processing file /home/airflow/.local/lib/python3.7/site-packages/airflow/example_dags/example_branch_day_of_week_operator.py for tasks to queue
[2024-06-22T13:23:32.145+0000] {logging_mixin.py:137} INFO - [2024-06-22T13:23:32.145+0000] {dagbag.py:538} INFO - Filling up the DagBag from /home/airflow/.local/lib/python3.7/site-packages/airflow/example_dags/example_branch_day_of_week_operator.py
[2024-06-22T13:23:32.167+0000] {processor.py:753} INFO - DAG(s) dict_keys(['example_weekday_branch_operator']) retrieved from /home/airflow/.local/lib/python3.7/site-packages/airflow/example_dags/example_branch_day_of_week_operator.py
[2024-06-22T13:23:32.213+0000] {logging_mixin.py:137} INFO - [2024-06-22T13:23:32.213+0000] {dag.py:2676} INFO - Sync 1 DAGs
[2024-06-22T13:23:32.247+0000] {logging_mixin.py:137} INFO - [2024-06-22T13:23:32.247+0000] {dag.py:3427} INFO - Setting next_dagrun for example_weekday_branch_operator to 2024-06-21T00:00:00+00:00, run_after=2024-06-22T00:00:00+00:00
[2024-06-22T13:23:32.276+0000] {processor.py:175} INFO - Processing /home/airflow/.local/lib/python3.7/site-packages/airflow/example_dags/example_branch_day_of_week_operator.py took 0.138 seconds
[2024-06-22T13:24:02.871+0000] {processor.py:153} INFO - Started process (PID=1096) to work on /home/airflow/.local/lib/python3.7/site-packages/airflow/example_dags/example_branch_day_of_week_operator.py
[2024-06-22T13:24:02.873+0000] {processor.py:743} INFO - Processing file /home/airflow/.local/lib/python3.7/site-packages/airflow/example_dags/example_branch_day_of_week_operator.py for tasks to queue
[2024-06-22T13:24:02.874+0000] {logging_mixin.py:137} INFO - [2024-06-22T13:24:02.874+0000] {dagbag.py:538} INFO - Filling up the DagBag from /home/airflow/.local/lib/python3.7/site-packages/airflow/example_dags/example_branch_day_of_week_operator.py
[2024-06-22T13:24:02.900+0000] {processor.py:753} INFO - DAG(s) dict_keys(['example_weekday_branch_operator']) retrieved from /home/airflow/.local/lib/python3.7/site-packages/airflow/example_dags/example_branch_day_of_week_operator.py
[2024-06-22T13:24:02.949+0000] {logging_mixin.py:137} INFO - [2024-06-22T13:24:02.949+0000] {dag.py:2676} INFO - Sync 1 DAGs
[2024-06-22T13:24:02.986+0000] {logging_mixin.py:137} INFO - [2024-06-22T13:24:02.986+0000] {dag.py:3427} INFO - Setting next_dagrun for example_weekday_branch_operator to 2024-06-21T00:00:00+00:00, run_after=2024-06-22T00:00:00+00:00
[2024-06-22T13:24:03.018+0000] {processor.py:175} INFO - Processing /home/airflow/.local/lib/python3.7/site-packages/airflow/example_dags/example_branch_day_of_week_operator.py took 0.152 seconds
[2024-06-22T13:24:33.131+0000] {processor.py:153} INFO - Started process (PID=1135) to work on /home/airflow/.local/lib/python3.7/site-packages/airflow/example_dags/example_branch_day_of_week_operator.py
[2024-06-22T13:24:33.133+0000] {processor.py:743} INFO - Processing file /home/airflow/.local/lib/python3.7/site-packages/airflow/example_dags/example_branch_day_of_week_operator.py for tasks to queue
[2024-06-22T13:24:33.134+0000] {logging_mixin.py:137} INFO - [2024-06-22T13:24:33.134+0000] {dagbag.py:538} INFO - Filling up the DagBag from /home/airflow/.local/lib/python3.7/site-packages/airflow/example_dags/example_branch_day_of_week_operator.py
[2024-06-22T13:24:33.152+0000] {processor.py:753} INFO - DAG(s) dict_keys(['example_weekday_branch_operator']) retrieved from /home/airflow/.local/lib/python3.7/site-packages/airflow/example_dags/example_branch_day_of_week_operator.py
[2024-06-22T13:24:33.200+0000] {logging_mixin.py:137} INFO - [2024-06-22T13:24:33.200+0000] {dag.py:2676} INFO - Sync 1 DAGs
[2024-06-22T13:24:33.227+0000] {logging_mixin.py:137} INFO - [2024-06-22T13:24:33.227+0000] {dag.py:3427} INFO - Setting next_dagrun for example_weekday_branch_operator to 2024-06-21T00:00:00+00:00, run_after=2024-06-22T00:00:00+00:00
[2024-06-22T13:24:33.259+0000] {processor.py:175} INFO - Processing /home/airflow/.local/lib/python3.7/site-packages/airflow/example_dags/example_branch_day_of_week_operator.py took 0.134 seconds
[2024-06-22T13:25:03.436+0000] {processor.py:153} INFO - Started process (PID=1174) to work on /home/airflow/.local/lib/python3.7/site-packages/airflow/example_dags/example_branch_day_of_week_operator.py
[2024-06-22T13:25:03.438+0000] {processor.py:743} INFO - Processing file /home/airflow/.local/lib/python3.7/site-packages/airflow/example_dags/example_branch_day_of_week_operator.py for tasks to queue
[2024-06-22T13:25:03.439+0000] {logging_mixin.py:137} INFO - [2024-06-22T13:25:03.439+0000] {dagbag.py:538} INFO - Filling up the DagBag from /home/airflow/.local/lib/python3.7/site-packages/airflow/example_dags/example_branch_day_of_week_operator.py
[2024-06-22T13:25:03.454+0000] {processor.py:753} INFO - DAG(s) dict_keys(['example_weekday_branch_operator']) retrieved from /home/airflow/.local/lib/python3.7/site-packages/airflow/example_dags/example_branch_day_of_week_operator.py
[2024-06-22T13:25:03.491+0000] {logging_mixin.py:137} INFO - [2024-06-22T13:25:03.490+0000] {dag.py:2676} INFO - Sync 1 DAGs
[2024-06-22T13:25:03.516+0000] {logging_mixin.py:137} INFO - [2024-06-22T13:25:03.516+0000] {dag.py:3427} INFO - Setting next_dagrun for example_weekday_branch_operator to 2024-06-21T00:00:00+00:00, run_after=2024-06-22T00:00:00+00:00
[2024-06-22T13:25:03.546+0000] {processor.py:175} INFO - Processing /home/airflow/.local/lib/python3.7/site-packages/airflow/example_dags/example_branch_day_of_week_operator.py took 0.113 seconds
[2024-06-22T13:25:33.819+0000] {processor.py:153} INFO - Started process (PID=1213) to work on /home/airflow/.local/lib/python3.7/site-packages/airflow/example_dags/example_branch_day_of_week_operator.py
[2024-06-22T13:25:33.820+0000] {processor.py:743} INFO - Processing file /home/airflow/.local/lib/python3.7/site-packages/airflow/example_dags/example_branch_day_of_week_operator.py for tasks to queue
[2024-06-22T13:25:33.821+0000] {logging_mixin.py:137} INFO - [2024-06-22T13:25:33.821+0000] {dagbag.py:538} INFO - Filling up the DagBag from /home/airflow/.local/lib/python3.7/site-packages/airflow/example_dags/example_branch_day_of_week_operator.py
[2024-06-22T13:25:33.842+0000] {processor.py:753} INFO - DAG(s) dict_keys(['example_weekday_branch_operator']) retrieved from /home/airflow/.local/lib/python3.7/site-packages/airflow/example_dags/example_branch_day_of_week_operator.py
[2024-06-22T13:25:33.886+0000] {logging_mixin.py:137} INFO - [2024-06-22T13:25:33.886+0000] {dag.py:2676} INFO - Sync 1 DAGs
[2024-06-22T13:25:33.920+0000] {logging_mixin.py:137} INFO - [2024-06-22T13:25:33.919+0000] {dag.py:3427} INFO - Setting next_dagrun for example_weekday_branch_operator to 2024-06-21T00:00:00+00:00, run_after=2024-06-22T00:00:00+00:00
[2024-06-22T13:25:33.942+0000] {processor.py:175} INFO - Processing /home/airflow/.local/lib/python3.7/site-packages/airflow/example_dags/example_branch_day_of_week_operator.py took 0.127 seconds
