[2024-06-22T13:11:20.205+0000] {processor.py:153} INFO - Started process (PID=52) to work on /home/airflow/.local/lib/python3.7/site-packages/airflow/example_dags/example_task_group_decorator.py
[2024-06-22T13:11:20.207+0000] {processor.py:743} INFO - Processing file /home/airflow/.local/lib/python3.7/site-packages/airflow/example_dags/example_task_group_decorator.py for tasks to queue
[2024-06-22T13:11:20.208+0000] {logging_mixin.py:137} INFO - [2024-06-22T13:11:20.208+0000] {dagbag.py:538} INFO - Filling up the DagBag from /home/airflow/.local/lib/python3.7/site-packages/airflow/example_dags/example_task_group_decorator.py
[2024-06-22T13:11:20.258+0000] {processor.py:753} INFO - DAG(s) dict_keys(['example_task_group_decorator']) retrieved from /home/airflow/.local/lib/python3.7/site-packages/airflow/example_dags/example_task_group_decorator.py
[2024-06-22T13:11:20.319+0000] {logging_mixin.py:137} INFO - [2024-06-22T13:11:20.319+0000] {dag.py:2676} INFO - Sync 1 DAGs
[2024-06-22T13:11:20.396+0000] {logging_mixin.py:137} INFO - [2024-06-22T13:11:20.395+0000] {dag.py:3427} INFO - Setting next_dagrun for example_task_group_decorator to 2024-06-21T13:11:20.395368+00:00, run_after=2024-06-22T13:11:20.395368+00:00
[2024-06-22T13:11:20.439+0000] {processor.py:175} INFO - Processing /home/airflow/.local/lib/python3.7/site-packages/airflow/example_dags/example_task_group_decorator.py took 0.238 seconds
[2024-06-22T13:11:51.316+0000] {processor.py:153} INFO - Started process (PID=94) to work on /home/airflow/.local/lib/python3.7/site-packages/airflow/example_dags/example_task_group_decorator.py
[2024-06-22T13:11:51.318+0000] {processor.py:743} INFO - Processing file /home/airflow/.local/lib/python3.7/site-packages/airflow/example_dags/example_task_group_decorator.py for tasks to queue
[2024-06-22T13:11:51.319+0000] {logging_mixin.py:137} INFO - [2024-06-22T13:11:51.319+0000] {dagbag.py:538} INFO - Filling up the DagBag from /home/airflow/.local/lib/python3.7/site-packages/airflow/example_dags/example_task_group_decorator.py
[2024-06-22T13:11:51.380+0000] {processor.py:753} INFO - DAG(s) dict_keys(['example_task_group_decorator']) retrieved from /home/airflow/.local/lib/python3.7/site-packages/airflow/example_dags/example_task_group_decorator.py
[2024-06-22T13:11:51.434+0000] {logging_mixin.py:137} INFO - [2024-06-22T13:11:51.434+0000] {dag.py:2676} INFO - Sync 1 DAGs
[2024-06-22T13:11:51.481+0000] {logging_mixin.py:137} INFO - [2024-06-22T13:11:51.481+0000] {dag.py:3427} INFO - Setting next_dagrun for example_task_group_decorator to 2024-06-21T13:11:51.480950+00:00, run_after=2024-06-22T13:11:51.480950+00:00
[2024-06-22T13:11:51.511+0000] {processor.py:175} INFO - Processing /home/airflow/.local/lib/python3.7/site-packages/airflow/example_dags/example_task_group_decorator.py took 0.200 seconds
[2024-06-22T13:12:22.394+0000] {processor.py:153} INFO - Started process (PID=135) to work on /home/airflow/.local/lib/python3.7/site-packages/airflow/example_dags/example_task_group_decorator.py
[2024-06-22T13:12:22.396+0000] {processor.py:743} INFO - Processing file /home/airflow/.local/lib/python3.7/site-packages/airflow/example_dags/example_task_group_decorator.py for tasks to queue
[2024-06-22T13:12:22.396+0000] {logging_mixin.py:137} INFO - [2024-06-22T13:12:22.396+0000] {dagbag.py:538} INFO - Filling up the DagBag from /home/airflow/.local/lib/python3.7/site-packages/airflow/example_dags/example_task_group_decorator.py
[2024-06-22T13:12:22.426+0000] {processor.py:753} INFO - DAG(s) dict_keys(['example_task_group_decorator']) retrieved from /home/airflow/.local/lib/python3.7/site-packages/airflow/example_dags/example_task_group_decorator.py
[2024-06-22T13:12:22.472+0000] {logging_mixin.py:137} INFO - [2024-06-22T13:12:22.472+0000] {dag.py:2676} INFO - Sync 1 DAGs
[2024-06-22T13:12:22.500+0000] {logging_mixin.py:137} INFO - [2024-06-22T13:12:22.500+0000] {dag.py:3427} INFO - Setting next_dagrun for example_task_group_decorator to 2024-06-21T13:12:22.500530+00:00, run_after=2024-06-22T13:12:22.500530+00:00
[2024-06-22T13:12:22.534+0000] {processor.py:175} INFO - Processing /home/airflow/.local/lib/python3.7/site-packages/airflow/example_dags/example_task_group_decorator.py took 0.143 seconds
[2024-06-22T13:12:52.873+0000] {processor.py:153} INFO - Started process (PID=175) to work on /home/airflow/.local/lib/python3.7/site-packages/airflow/example_dags/example_task_group_decorator.py
[2024-06-22T13:12:52.874+0000] {processor.py:743} INFO - Processing file /home/airflow/.local/lib/python3.7/site-packages/airflow/example_dags/example_task_group_decorator.py for tasks to queue
[2024-06-22T13:12:52.875+0000] {logging_mixin.py:137} INFO - [2024-06-22T13:12:52.875+0000] {dagbag.py:538} INFO - Filling up the DagBag from /home/airflow/.local/lib/python3.7/site-packages/airflow/example_dags/example_task_group_decorator.py
[2024-06-22T13:12:52.905+0000] {processor.py:753} INFO - DAG(s) dict_keys(['example_task_group_decorator']) retrieved from /home/airflow/.local/lib/python3.7/site-packages/airflow/example_dags/example_task_group_decorator.py
[2024-06-22T13:12:52.943+0000] {logging_mixin.py:137} INFO - [2024-06-22T13:12:52.943+0000] {dag.py:2676} INFO - Sync 1 DAGs
[2024-06-22T13:12:52.968+0000] {logging_mixin.py:137} INFO - [2024-06-22T13:12:52.968+0000] {dag.py:3427} INFO - Setting next_dagrun for example_task_group_decorator to 2024-06-21T13:12:52.967985+00:00, run_after=2024-06-22T13:12:52.967985+00:00
[2024-06-22T13:12:52.991+0000] {processor.py:175} INFO - Processing /home/airflow/.local/lib/python3.7/site-packages/airflow/example_dags/example_task_group_decorator.py took 0.122 seconds
[2024-06-22T13:13:23.513+0000] {processor.py:153} INFO - Started process (PID=217) to work on /home/airflow/.local/lib/python3.7/site-packages/airflow/example_dags/example_task_group_decorator.py
[2024-06-22T13:13:23.515+0000] {processor.py:743} INFO - Processing file /home/airflow/.local/lib/python3.7/site-packages/airflow/example_dags/example_task_group_decorator.py for tasks to queue
[2024-06-22T13:13:23.516+0000] {logging_mixin.py:137} INFO - [2024-06-22T13:13:23.516+0000] {dagbag.py:538} INFO - Filling up the DagBag from /home/airflow/.local/lib/python3.7/site-packages/airflow/example_dags/example_task_group_decorator.py
[2024-06-22T13:13:23.542+0000] {processor.py:753} INFO - DAG(s) dict_keys(['example_task_group_decorator']) retrieved from /home/airflow/.local/lib/python3.7/site-packages/airflow/example_dags/example_task_group_decorator.py
[2024-06-22T13:13:23.582+0000] {logging_mixin.py:137} INFO - [2024-06-22T13:13:23.582+0000] {dag.py:2676} INFO - Sync 1 DAGs
[2024-06-22T13:13:23.607+0000] {logging_mixin.py:137} INFO - [2024-06-22T13:13:23.606+0000] {dag.py:3427} INFO - Setting next_dagrun for example_task_group_decorator to 2024-06-21T13:13:23.606756+00:00, run_after=2024-06-22T13:13:23.606756+00:00
[2024-06-22T13:13:23.629+0000] {processor.py:175} INFO - Processing /home/airflow/.local/lib/python3.7/site-packages/airflow/example_dags/example_task_group_decorator.py took 0.119 seconds
[2024-06-22T13:13:54.192+0000] {processor.py:153} INFO - Started process (PID=259) to work on /home/airflow/.local/lib/python3.7/site-packages/airflow/example_dags/example_task_group_decorator.py
[2024-06-22T13:13:54.194+0000] {processor.py:743} INFO - Processing file /home/airflow/.local/lib/python3.7/site-packages/airflow/example_dags/example_task_group_decorator.py for tasks to queue
[2024-06-22T13:13:54.195+0000] {logging_mixin.py:137} INFO - [2024-06-22T13:13:54.195+0000] {dagbag.py:538} INFO - Filling up the DagBag from /home/airflow/.local/lib/python3.7/site-packages/airflow/example_dags/example_task_group_decorator.py
[2024-06-22T13:13:54.225+0000] {processor.py:753} INFO - DAG(s) dict_keys(['example_task_group_decorator']) retrieved from /home/airflow/.local/lib/python3.7/site-packages/airflow/example_dags/example_task_group_decorator.py
[2024-06-22T13:13:54.272+0000] {logging_mixin.py:137} INFO - [2024-06-22T13:13:54.271+0000] {dag.py:2676} INFO - Sync 1 DAGs
[2024-06-22T13:13:54.299+0000] {logging_mixin.py:137} INFO - [2024-06-22T13:13:54.299+0000] {dag.py:3427} INFO - Setting next_dagrun for example_task_group_decorator to 2024-06-21T13:13:54.298960+00:00, run_after=2024-06-22T13:13:54.298960+00:00
[2024-06-22T13:13:54.331+0000] {processor.py:175} INFO - Processing /home/airflow/.local/lib/python3.7/site-packages/airflow/example_dags/example_task_group_decorator.py took 0.144 seconds
[2024-06-22T13:14:24.941+0000] {processor.py:153} INFO - Started process (PID=301) to work on /home/airflow/.local/lib/python3.7/site-packages/airflow/example_dags/example_task_group_decorator.py
[2024-06-22T13:14:24.943+0000] {processor.py:743} INFO - Processing file /home/airflow/.local/lib/python3.7/site-packages/airflow/example_dags/example_task_group_decorator.py for tasks to queue
[2024-06-22T13:14:24.944+0000] {logging_mixin.py:137} INFO - [2024-06-22T13:14:24.944+0000] {dagbag.py:538} INFO - Filling up the DagBag from /home/airflow/.local/lib/python3.7/site-packages/airflow/example_dags/example_task_group_decorator.py
[2024-06-22T13:14:24.987+0000] {processor.py:753} INFO - DAG(s) dict_keys(['example_task_group_decorator']) retrieved from /home/airflow/.local/lib/python3.7/site-packages/airflow/example_dags/example_task_group_decorator.py
[2024-06-22T13:14:25.035+0000] {logging_mixin.py:137} INFO - [2024-06-22T13:14:25.035+0000] {dag.py:2676} INFO - Sync 1 DAGs
[2024-06-22T13:14:25.062+0000] {logging_mixin.py:137} INFO - [2024-06-22T13:14:25.061+0000] {dag.py:3427} INFO - Setting next_dagrun for example_task_group_decorator to 2024-06-21T13:14:25.061692+00:00, run_after=2024-06-22T13:14:25.061692+00:00
[2024-06-22T13:14:25.088+0000] {processor.py:175} INFO - Processing /home/airflow/.local/lib/python3.7/site-packages/airflow/example_dags/example_task_group_decorator.py took 0.151 seconds
[2024-06-22T13:14:55.679+0000] {processor.py:153} INFO - Started process (PID=343) to work on /home/airflow/.local/lib/python3.7/site-packages/airflow/example_dags/example_task_group_decorator.py
[2024-06-22T13:14:55.680+0000] {processor.py:743} INFO - Processing file /home/airflow/.local/lib/python3.7/site-packages/airflow/example_dags/example_task_group_decorator.py for tasks to queue
[2024-06-22T13:14:55.681+0000] {logging_mixin.py:137} INFO - [2024-06-22T13:14:55.681+0000] {dagbag.py:538} INFO - Filling up the DagBag from /home/airflow/.local/lib/python3.7/site-packages/airflow/example_dags/example_task_group_decorator.py
[2024-06-22T13:14:55.715+0000] {processor.py:753} INFO - DAG(s) dict_keys(['example_task_group_decorator']) retrieved from /home/airflow/.local/lib/python3.7/site-packages/airflow/example_dags/example_task_group_decorator.py
[2024-06-22T13:14:55.761+0000] {logging_mixin.py:137} INFO - [2024-06-22T13:14:55.760+0000] {dag.py:2676} INFO - Sync 1 DAGs
[2024-06-22T13:14:55.795+0000] {logging_mixin.py:137} INFO - [2024-06-22T13:14:55.794+0000] {dag.py:3427} INFO - Setting next_dagrun for example_task_group_decorator to 2024-06-21T13:14:55.794324+00:00, run_after=2024-06-22T13:14:55.794324+00:00
[2024-06-22T13:14:55.826+0000] {processor.py:175} INFO - Processing /home/airflow/.local/lib/python3.7/site-packages/airflow/example_dags/example_task_group_decorator.py took 0.151 seconds
[2024-06-22T13:15:26.118+0000] {processor.py:153} INFO - Started process (PID=385) to work on /home/airflow/.local/lib/python3.7/site-packages/airflow/example_dags/example_task_group_decorator.py
[2024-06-22T13:15:26.119+0000] {processor.py:743} INFO - Processing file /home/airflow/.local/lib/python3.7/site-packages/airflow/example_dags/example_task_group_decorator.py for tasks to queue
[2024-06-22T13:15:26.120+0000] {logging_mixin.py:137} INFO - [2024-06-22T13:15:26.120+0000] {dagbag.py:538} INFO - Filling up the DagBag from /home/airflow/.local/lib/python3.7/site-packages/airflow/example_dags/example_task_group_decorator.py
[2024-06-22T13:15:26.150+0000] {processor.py:753} INFO - DAG(s) dict_keys(['example_task_group_decorator']) retrieved from /home/airflow/.local/lib/python3.7/site-packages/airflow/example_dags/example_task_group_decorator.py
[2024-06-22T13:15:26.197+0000] {logging_mixin.py:137} INFO - [2024-06-22T13:15:26.197+0000] {dag.py:2676} INFO - Sync 1 DAGs
[2024-06-22T13:15:26.234+0000] {logging_mixin.py:137} INFO - [2024-06-22T13:15:26.234+0000] {dag.py:3427} INFO - Setting next_dagrun for example_task_group_decorator to 2024-06-21T13:15:26.234451+00:00, run_after=2024-06-22T13:15:26.234451+00:00
[2024-06-22T13:15:26.263+0000] {processor.py:175} INFO - Processing /home/airflow/.local/lib/python3.7/site-packages/airflow/example_dags/example_task_group_decorator.py took 0.149 seconds
[2024-06-22T13:15:56.450+0000] {processor.py:153} INFO - Started process (PID=427) to work on /home/airflow/.local/lib/python3.7/site-packages/airflow/example_dags/example_task_group_decorator.py
[2024-06-22T13:15:56.451+0000] {processor.py:743} INFO - Processing file /home/airflow/.local/lib/python3.7/site-packages/airflow/example_dags/example_task_group_decorator.py for tasks to queue
[2024-06-22T13:15:56.452+0000] {logging_mixin.py:137} INFO - [2024-06-22T13:15:56.452+0000] {dagbag.py:538} INFO - Filling up the DagBag from /home/airflow/.local/lib/python3.7/site-packages/airflow/example_dags/example_task_group_decorator.py
[2024-06-22T13:15:56.481+0000] {processor.py:753} INFO - DAG(s) dict_keys(['example_task_group_decorator']) retrieved from /home/airflow/.local/lib/python3.7/site-packages/airflow/example_dags/example_task_group_decorator.py
[2024-06-22T13:15:56.518+0000] {logging_mixin.py:137} INFO - [2024-06-22T13:15:56.518+0000] {dag.py:2676} INFO - Sync 1 DAGs
[2024-06-22T13:15:56.541+0000] {logging_mixin.py:137} INFO - [2024-06-22T13:15:56.541+0000] {dag.py:3427} INFO - Setting next_dagrun for example_task_group_decorator to 2024-06-21T13:15:56.541340+00:00, run_after=2024-06-22T13:15:56.541340+00:00
[2024-06-22T13:15:56.564+0000] {processor.py:175} INFO - Processing /home/airflow/.local/lib/python3.7/site-packages/airflow/example_dags/example_task_group_decorator.py took 0.118 seconds
[2024-06-22T13:16:26.765+0000] {processor.py:153} INFO - Started process (PID=469) to work on /home/airflow/.local/lib/python3.7/site-packages/airflow/example_dags/example_task_group_decorator.py
[2024-06-22T13:16:26.766+0000] {processor.py:743} INFO - Processing file /home/airflow/.local/lib/python3.7/site-packages/airflow/example_dags/example_task_group_decorator.py for tasks to queue
[2024-06-22T13:16:26.767+0000] {logging_mixin.py:137} INFO - [2024-06-22T13:16:26.766+0000] {dagbag.py:538} INFO - Filling up the DagBag from /home/airflow/.local/lib/python3.7/site-packages/airflow/example_dags/example_task_group_decorator.py
[2024-06-22T13:16:26.794+0000] {processor.py:753} INFO - DAG(s) dict_keys(['example_task_group_decorator']) retrieved from /home/airflow/.local/lib/python3.7/site-packages/airflow/example_dags/example_task_group_decorator.py
[2024-06-22T13:16:26.835+0000] {logging_mixin.py:137} INFO - [2024-06-22T13:16:26.835+0000] {dag.py:2676} INFO - Sync 1 DAGs
[2024-06-22T13:16:26.859+0000] {logging_mixin.py:137} INFO - [2024-06-22T13:16:26.858+0000] {dag.py:3427} INFO - Setting next_dagrun for example_task_group_decorator to 2024-06-21T13:16:26.858694+00:00, run_after=2024-06-22T13:16:26.858694+00:00
[2024-06-22T13:16:26.886+0000] {processor.py:175} INFO - Processing /home/airflow/.local/lib/python3.7/site-packages/airflow/example_dags/example_task_group_decorator.py took 0.124 seconds
[2024-06-22T13:16:57.309+0000] {processor.py:153} INFO - Started process (PID=511) to work on /home/airflow/.local/lib/python3.7/site-packages/airflow/example_dags/example_task_group_decorator.py
[2024-06-22T13:16:57.311+0000] {processor.py:743} INFO - Processing file /home/airflow/.local/lib/python3.7/site-packages/airflow/example_dags/example_task_group_decorator.py for tasks to queue
[2024-06-22T13:16:57.313+0000] {logging_mixin.py:137} INFO - [2024-06-22T13:16:57.312+0000] {dagbag.py:538} INFO - Filling up the DagBag from /home/airflow/.local/lib/python3.7/site-packages/airflow/example_dags/example_task_group_decorator.py
[2024-06-22T13:16:57.348+0000] {processor.py:753} INFO - DAG(s) dict_keys(['example_task_group_decorator']) retrieved from /home/airflow/.local/lib/python3.7/site-packages/airflow/example_dags/example_task_group_decorator.py
[2024-06-22T13:16:57.388+0000] {logging_mixin.py:137} INFO - [2024-06-22T13:16:57.388+0000] {dag.py:2676} INFO - Sync 1 DAGs
[2024-06-22T13:16:57.412+0000] {logging_mixin.py:137} INFO - [2024-06-22T13:16:57.412+0000] {dag.py:3427} INFO - Setting next_dagrun for example_task_group_decorator to 2024-06-21T13:16:57.412382+00:00, run_after=2024-06-22T13:16:57.412382+00:00
[2024-06-22T13:16:57.436+0000] {processor.py:175} INFO - Processing /home/airflow/.local/lib/python3.7/site-packages/airflow/example_dags/example_task_group_decorator.py took 0.130 seconds
[2024-06-22T13:17:27.791+0000] {processor.py:153} INFO - Started process (PID=553) to work on /home/airflow/.local/lib/python3.7/site-packages/airflow/example_dags/example_task_group_decorator.py
[2024-06-22T13:17:27.795+0000] {processor.py:743} INFO - Processing file /home/airflow/.local/lib/python3.7/site-packages/airflow/example_dags/example_task_group_decorator.py for tasks to queue
[2024-06-22T13:17:27.797+0000] {logging_mixin.py:137} INFO - [2024-06-22T13:17:27.797+0000] {dagbag.py:538} INFO - Filling up the DagBag from /home/airflow/.local/lib/python3.7/site-packages/airflow/example_dags/example_task_group_decorator.py
[2024-06-22T13:17:27.827+0000] {processor.py:753} INFO - DAG(s) dict_keys(['example_task_group_decorator']) retrieved from /home/airflow/.local/lib/python3.7/site-packages/airflow/example_dags/example_task_group_decorator.py
[2024-06-22T13:17:27.878+0000] {logging_mixin.py:137} INFO - [2024-06-22T13:17:27.878+0000] {dag.py:2676} INFO - Sync 1 DAGs
[2024-06-22T13:17:27.905+0000] {logging_mixin.py:137} INFO - [2024-06-22T13:17:27.904+0000] {dag.py:3427} INFO - Setting next_dagrun for example_task_group_decorator to 2024-06-21T13:17:27.904613+00:00, run_after=2024-06-22T13:17:27.904613+00:00
[2024-06-22T13:17:27.931+0000] {processor.py:175} INFO - Processing /home/airflow/.local/lib/python3.7/site-packages/airflow/example_dags/example_task_group_decorator.py took 0.145 seconds
[2024-06-22T13:17:58.243+0000] {processor.py:153} INFO - Started process (PID=595) to work on /home/airflow/.local/lib/python3.7/site-packages/airflow/example_dags/example_task_group_decorator.py
[2024-06-22T13:17:58.245+0000] {processor.py:743} INFO - Processing file /home/airflow/.local/lib/python3.7/site-packages/airflow/example_dags/example_task_group_decorator.py for tasks to queue
[2024-06-22T13:17:58.246+0000] {logging_mixin.py:137} INFO - [2024-06-22T13:17:58.246+0000] {dagbag.py:538} INFO - Filling up the DagBag from /home/airflow/.local/lib/python3.7/site-packages/airflow/example_dags/example_task_group_decorator.py
[2024-06-22T13:17:58.274+0000] {processor.py:753} INFO - DAG(s) dict_keys(['example_task_group_decorator']) retrieved from /home/airflow/.local/lib/python3.7/site-packages/airflow/example_dags/example_task_group_decorator.py
[2024-06-22T13:17:58.323+0000] {logging_mixin.py:137} INFO - [2024-06-22T13:17:58.323+0000] {dag.py:2676} INFO - Sync 1 DAGs
[2024-06-22T13:17:58.357+0000] {logging_mixin.py:137} INFO - [2024-06-22T13:17:58.357+0000] {dag.py:3427} INFO - Setting next_dagrun for example_task_group_decorator to 2024-06-21T13:17:58.356774+00:00, run_after=2024-06-22T13:17:58.356774+00:00
[2024-06-22T13:17:58.385+0000] {processor.py:175} INFO - Processing /home/airflow/.local/lib/python3.7/site-packages/airflow/example_dags/example_task_group_decorator.py took 0.146 seconds
[2024-06-22T13:18:28.581+0000] {processor.py:153} INFO - Started process (PID=637) to work on /home/airflow/.local/lib/python3.7/site-packages/airflow/example_dags/example_task_group_decorator.py
[2024-06-22T13:18:28.582+0000] {processor.py:743} INFO - Processing file /home/airflow/.local/lib/python3.7/site-packages/airflow/example_dags/example_task_group_decorator.py for tasks to queue
[2024-06-22T13:18:28.584+0000] {logging_mixin.py:137} INFO - [2024-06-22T13:18:28.584+0000] {dagbag.py:538} INFO - Filling up the DagBag from /home/airflow/.local/lib/python3.7/site-packages/airflow/example_dags/example_task_group_decorator.py
[2024-06-22T13:18:28.616+0000] {processor.py:753} INFO - DAG(s) dict_keys(['example_task_group_decorator']) retrieved from /home/airflow/.local/lib/python3.7/site-packages/airflow/example_dags/example_task_group_decorator.py
[2024-06-22T13:18:28.656+0000] {logging_mixin.py:137} INFO - [2024-06-22T13:18:28.656+0000] {dag.py:2676} INFO - Sync 1 DAGs
[2024-06-22T13:18:28.681+0000] {logging_mixin.py:137} INFO - [2024-06-22T13:18:28.680+0000] {dag.py:3427} INFO - Setting next_dagrun for example_task_group_decorator to 2024-06-21T13:18:28.680727+00:00, run_after=2024-06-22T13:18:28.680727+00:00
[2024-06-22T13:18:28.707+0000] {processor.py:175} INFO - Processing /home/airflow/.local/lib/python3.7/site-packages/airflow/example_dags/example_task_group_decorator.py took 0.129 seconds
[2024-06-22T13:18:58.848+0000] {processor.py:153} INFO - Started process (PID=679) to work on /home/airflow/.local/lib/python3.7/site-packages/airflow/example_dags/example_task_group_decorator.py
[2024-06-22T13:18:58.850+0000] {processor.py:743} INFO - Processing file /home/airflow/.local/lib/python3.7/site-packages/airflow/example_dags/example_task_group_decorator.py for tasks to queue
[2024-06-22T13:18:58.851+0000] {logging_mixin.py:137} INFO - [2024-06-22T13:18:58.851+0000] {dagbag.py:538} INFO - Filling up the DagBag from /home/airflow/.local/lib/python3.7/site-packages/airflow/example_dags/example_task_group_decorator.py
[2024-06-22T13:18:58.880+0000] {processor.py:753} INFO - DAG(s) dict_keys(['example_task_group_decorator']) retrieved from /home/airflow/.local/lib/python3.7/site-packages/airflow/example_dags/example_task_group_decorator.py
[2024-06-22T13:18:58.922+0000] {logging_mixin.py:137} INFO - [2024-06-22T13:18:58.921+0000] {dag.py:2676} INFO - Sync 1 DAGs
[2024-06-22T13:18:58.971+0000] {logging_mixin.py:137} INFO - [2024-06-22T13:18:58.971+0000] {dag.py:3427} INFO - Setting next_dagrun for example_task_group_decorator to 2024-06-21T13:18:58.970952+00:00, run_after=2024-06-22T13:18:58.970952+00:00
[2024-06-22T13:18:59.006+0000] {processor.py:175} INFO - Processing /home/airflow/.local/lib/python3.7/site-packages/airflow/example_dags/example_task_group_decorator.py took 0.161 seconds
[2024-06-22T13:19:29.082+0000] {processor.py:153} INFO - Started process (PID=721) to work on /home/airflow/.local/lib/python3.7/site-packages/airflow/example_dags/example_task_group_decorator.py
[2024-06-22T13:19:29.083+0000] {processor.py:743} INFO - Processing file /home/airflow/.local/lib/python3.7/site-packages/airflow/example_dags/example_task_group_decorator.py for tasks to queue
[2024-06-22T13:19:29.084+0000] {logging_mixin.py:137} INFO - [2024-06-22T13:19:29.084+0000] {dagbag.py:538} INFO - Filling up the DagBag from /home/airflow/.local/lib/python3.7/site-packages/airflow/example_dags/example_task_group_decorator.py
[2024-06-22T13:19:29.139+0000] {processor.py:753} INFO - DAG(s) dict_keys(['example_task_group_decorator']) retrieved from /home/airflow/.local/lib/python3.7/site-packages/airflow/example_dags/example_task_group_decorator.py
[2024-06-22T13:19:29.199+0000] {logging_mixin.py:137} INFO - [2024-06-22T13:19:29.199+0000] {dag.py:2676} INFO - Sync 1 DAGs
[2024-06-22T13:19:29.231+0000] {logging_mixin.py:137} INFO - [2024-06-22T13:19:29.230+0000] {dag.py:3427} INFO - Setting next_dagrun for example_task_group_decorator to 2024-06-21T13:19:29.230531+00:00, run_after=2024-06-22T13:19:29.230531+00:00
[2024-06-22T13:19:29.258+0000] {processor.py:175} INFO - Processing /home/airflow/.local/lib/python3.7/site-packages/airflow/example_dags/example_task_group_decorator.py took 0.181 seconds
[2024-06-22T13:19:59.827+0000] {processor.py:153} INFO - Started process (PID=763) to work on /home/airflow/.local/lib/python3.7/site-packages/airflow/example_dags/example_task_group_decorator.py
[2024-06-22T13:19:59.828+0000] {processor.py:743} INFO - Processing file /home/airflow/.local/lib/python3.7/site-packages/airflow/example_dags/example_task_group_decorator.py for tasks to queue
[2024-06-22T13:19:59.829+0000] {logging_mixin.py:137} INFO - [2024-06-22T13:19:59.829+0000] {dagbag.py:538} INFO - Filling up the DagBag from /home/airflow/.local/lib/python3.7/site-packages/airflow/example_dags/example_task_group_decorator.py
[2024-06-22T13:19:59.860+0000] {processor.py:753} INFO - DAG(s) dict_keys(['example_task_group_decorator']) retrieved from /home/airflow/.local/lib/python3.7/site-packages/airflow/example_dags/example_task_group_decorator.py
[2024-06-22T13:19:59.899+0000] {logging_mixin.py:137} INFO - [2024-06-22T13:19:59.898+0000] {dag.py:2676} INFO - Sync 1 DAGs
[2024-06-22T13:19:59.923+0000] {logging_mixin.py:137} INFO - [2024-06-22T13:19:59.923+0000] {dag.py:3427} INFO - Setting next_dagrun for example_task_group_decorator to 2024-06-21T13:19:59.923169+00:00, run_after=2024-06-22T13:19:59.923169+00:00
[2024-06-22T13:19:59.944+0000] {processor.py:175} INFO - Processing /home/airflow/.local/lib/python3.7/site-packages/airflow/example_dags/example_task_group_decorator.py took 0.121 seconds
[2024-06-22T13:20:30.120+0000] {processor.py:153} INFO - Started process (PID=805) to work on /home/airflow/.local/lib/python3.7/site-packages/airflow/example_dags/example_task_group_decorator.py
[2024-06-22T13:20:30.122+0000] {processor.py:743} INFO - Processing file /home/airflow/.local/lib/python3.7/site-packages/airflow/example_dags/example_task_group_decorator.py for tasks to queue
[2024-06-22T13:20:30.122+0000] {logging_mixin.py:137} INFO - [2024-06-22T13:20:30.122+0000] {dagbag.py:538} INFO - Filling up the DagBag from /home/airflow/.local/lib/python3.7/site-packages/airflow/example_dags/example_task_group_decorator.py
[2024-06-22T13:20:30.149+0000] {processor.py:753} INFO - DAG(s) dict_keys(['example_task_group_decorator']) retrieved from /home/airflow/.local/lib/python3.7/site-packages/airflow/example_dags/example_task_group_decorator.py
[2024-06-22T13:20:30.192+0000] {logging_mixin.py:137} INFO - [2024-06-22T13:20:30.192+0000] {dag.py:2676} INFO - Sync 1 DAGs
[2024-06-22T13:20:30.220+0000] {logging_mixin.py:137} INFO - [2024-06-22T13:20:30.220+0000] {dag.py:3427} INFO - Setting next_dagrun for example_task_group_decorator to 2024-06-21T13:20:30.219818+00:00, run_after=2024-06-22T13:20:30.219818+00:00
[2024-06-22T13:20:30.266+0000] {processor.py:175} INFO - Processing /home/airflow/.local/lib/python3.7/site-packages/airflow/example_dags/example_task_group_decorator.py took 0.149 seconds
[2024-06-22T13:21:00.465+0000] {processor.py:153} INFO - Started process (PID=847) to work on /home/airflow/.local/lib/python3.7/site-packages/airflow/example_dags/example_task_group_decorator.py
[2024-06-22T13:21:00.466+0000] {processor.py:743} INFO - Processing file /home/airflow/.local/lib/python3.7/site-packages/airflow/example_dags/example_task_group_decorator.py for tasks to queue
[2024-06-22T13:21:00.468+0000] {logging_mixin.py:137} INFO - [2024-06-22T13:21:00.468+0000] {dagbag.py:538} INFO - Filling up the DagBag from /home/airflow/.local/lib/python3.7/site-packages/airflow/example_dags/example_task_group_decorator.py
[2024-06-22T13:21:00.503+0000] {processor.py:753} INFO - DAG(s) dict_keys(['example_task_group_decorator']) retrieved from /home/airflow/.local/lib/python3.7/site-packages/airflow/example_dags/example_task_group_decorator.py
[2024-06-22T13:21:00.550+0000] {logging_mixin.py:137} INFO - [2024-06-22T13:21:00.549+0000] {dag.py:2676} INFO - Sync 1 DAGs
[2024-06-22T13:21:00.582+0000] {logging_mixin.py:137} INFO - [2024-06-22T13:21:00.582+0000] {dag.py:3427} INFO - Setting next_dagrun for example_task_group_decorator to 2024-06-21T13:21:00.581770+00:00, run_after=2024-06-22T13:21:00.581770+00:00
[2024-06-22T13:21:00.606+0000] {processor.py:175} INFO - Processing /home/airflow/.local/lib/python3.7/site-packages/airflow/example_dags/example_task_group_decorator.py took 0.146 seconds
[2024-06-22T13:21:31.226+0000] {processor.py:153} INFO - Started process (PID=889) to work on /home/airflow/.local/lib/python3.7/site-packages/airflow/example_dags/example_task_group_decorator.py
[2024-06-22T13:21:31.227+0000] {processor.py:743} INFO - Processing file /home/airflow/.local/lib/python3.7/site-packages/airflow/example_dags/example_task_group_decorator.py for tasks to queue
[2024-06-22T13:21:31.228+0000] {logging_mixin.py:137} INFO - [2024-06-22T13:21:31.228+0000] {dagbag.py:538} INFO - Filling up the DagBag from /home/airflow/.local/lib/python3.7/site-packages/airflow/example_dags/example_task_group_decorator.py
[2024-06-22T13:21:31.270+0000] {processor.py:753} INFO - DAG(s) dict_keys(['example_task_group_decorator']) retrieved from /home/airflow/.local/lib/python3.7/site-packages/airflow/example_dags/example_task_group_decorator.py
[2024-06-22T13:21:31.313+0000] {logging_mixin.py:137} INFO - [2024-06-22T13:21:31.313+0000] {dag.py:2676} INFO - Sync 1 DAGs
[2024-06-22T13:21:31.341+0000] {logging_mixin.py:137} INFO - [2024-06-22T13:21:31.341+0000] {dag.py:3427} INFO - Setting next_dagrun for example_task_group_decorator to 2024-06-21T13:21:31.341011+00:00, run_after=2024-06-22T13:21:31.341011+00:00
[2024-06-22T13:21:31.365+0000] {processor.py:175} INFO - Processing /home/airflow/.local/lib/python3.7/site-packages/airflow/example_dags/example_task_group_decorator.py took 0.143 seconds
[2024-06-22T13:22:01.629+0000] {processor.py:153} INFO - Started process (PID=931) to work on /home/airflow/.local/lib/python3.7/site-packages/airflow/example_dags/example_task_group_decorator.py
[2024-06-22T13:22:01.630+0000] {processor.py:743} INFO - Processing file /home/airflow/.local/lib/python3.7/site-packages/airflow/example_dags/example_task_group_decorator.py for tasks to queue
[2024-06-22T13:22:01.631+0000] {logging_mixin.py:137} INFO - [2024-06-22T13:22:01.631+0000] {dagbag.py:538} INFO - Filling up the DagBag from /home/airflow/.local/lib/python3.7/site-packages/airflow/example_dags/example_task_group_decorator.py
[2024-06-22T13:22:01.656+0000] {processor.py:753} INFO - DAG(s) dict_keys(['example_task_group_decorator']) retrieved from /home/airflow/.local/lib/python3.7/site-packages/airflow/example_dags/example_task_group_decorator.py
[2024-06-22T13:22:01.695+0000] {logging_mixin.py:137} INFO - [2024-06-22T13:22:01.695+0000] {dag.py:2676} INFO - Sync 1 DAGs
[2024-06-22T13:22:01.717+0000] {logging_mixin.py:137} INFO - [2024-06-22T13:22:01.717+0000] {dag.py:3427} INFO - Setting next_dagrun for example_task_group_decorator to 2024-06-21T13:22:01.717488+00:00, run_after=2024-06-22T13:22:01.717488+00:00
[2024-06-22T13:22:01.745+0000] {processor.py:175} INFO - Processing /home/airflow/.local/lib/python3.7/site-packages/airflow/example_dags/example_task_group_decorator.py took 0.119 seconds
[2024-06-22T13:22:32.643+0000] {processor.py:153} INFO - Started process (PID=973) to work on /home/airflow/.local/lib/python3.7/site-packages/airflow/example_dags/example_task_group_decorator.py
[2024-06-22T13:22:32.645+0000] {processor.py:743} INFO - Processing file /home/airflow/.local/lib/python3.7/site-packages/airflow/example_dags/example_task_group_decorator.py for tasks to queue
[2024-06-22T13:22:32.646+0000] {logging_mixin.py:137} INFO - [2024-06-22T13:22:32.646+0000] {dagbag.py:538} INFO - Filling up the DagBag from /home/airflow/.local/lib/python3.7/site-packages/airflow/example_dags/example_task_group_decorator.py
[2024-06-22T13:22:32.688+0000] {processor.py:753} INFO - DAG(s) dict_keys(['example_task_group_decorator']) retrieved from /home/airflow/.local/lib/python3.7/site-packages/airflow/example_dags/example_task_group_decorator.py
[2024-06-22T13:22:32.754+0000] {logging_mixin.py:137} INFO - [2024-06-22T13:22:32.754+0000] {dag.py:2676} INFO - Sync 1 DAGs
[2024-06-22T13:22:32.785+0000] {logging_mixin.py:137} INFO - [2024-06-22T13:22:32.785+0000] {dag.py:3427} INFO - Setting next_dagrun for example_task_group_decorator to 2024-06-21T13:22:32.785215+00:00, run_after=2024-06-22T13:22:32.785215+00:00
[2024-06-22T13:22:32.813+0000] {processor.py:175} INFO - Processing /home/airflow/.local/lib/python3.7/site-packages/airflow/example_dags/example_task_group_decorator.py took 0.175 seconds
[2024-06-22T13:23:03.027+0000] {processor.py:153} INFO - Started process (PID=1015) to work on /home/airflow/.local/lib/python3.7/site-packages/airflow/example_dags/example_task_group_decorator.py
[2024-06-22T13:23:03.028+0000] {processor.py:743} INFO - Processing file /home/airflow/.local/lib/python3.7/site-packages/airflow/example_dags/example_task_group_decorator.py for tasks to queue
[2024-06-22T13:23:03.030+0000] {logging_mixin.py:137} INFO - [2024-06-22T13:23:03.030+0000] {dagbag.py:538} INFO - Filling up the DagBag from /home/airflow/.local/lib/python3.7/site-packages/airflow/example_dags/example_task_group_decorator.py
[2024-06-22T13:23:03.057+0000] {processor.py:753} INFO - DAG(s) dict_keys(['example_task_group_decorator']) retrieved from /home/airflow/.local/lib/python3.7/site-packages/airflow/example_dags/example_task_group_decorator.py
[2024-06-22T13:23:03.101+0000] {logging_mixin.py:137} INFO - [2024-06-22T13:23:03.101+0000] {dag.py:2676} INFO - Sync 1 DAGs
[2024-06-22T13:23:03.127+0000] {logging_mixin.py:137} INFO - [2024-06-22T13:23:03.127+0000] {dag.py:3427} INFO - Setting next_dagrun for example_task_group_decorator to 2024-06-21T13:23:03.126787+00:00, run_after=2024-06-22T13:23:03.126787+00:00
[2024-06-22T13:23:03.152+0000] {processor.py:175} INFO - Processing /home/airflow/.local/lib/python3.7/site-packages/airflow/example_dags/example_task_group_decorator.py took 0.128 seconds
[2024-06-22T13:23:33.313+0000] {processor.py:153} INFO - Started process (PID=1057) to work on /home/airflow/.local/lib/python3.7/site-packages/airflow/example_dags/example_task_group_decorator.py
[2024-06-22T13:23:33.314+0000] {processor.py:743} INFO - Processing file /home/airflow/.local/lib/python3.7/site-packages/airflow/example_dags/example_task_group_decorator.py for tasks to queue
[2024-06-22T13:23:33.315+0000] {logging_mixin.py:137} INFO - [2024-06-22T13:23:33.315+0000] {dagbag.py:538} INFO - Filling up the DagBag from /home/airflow/.local/lib/python3.7/site-packages/airflow/example_dags/example_task_group_decorator.py
[2024-06-22T13:23:33.342+0000] {processor.py:753} INFO - DAG(s) dict_keys(['example_task_group_decorator']) retrieved from /home/airflow/.local/lib/python3.7/site-packages/airflow/example_dags/example_task_group_decorator.py
[2024-06-22T13:23:33.385+0000] {logging_mixin.py:137} INFO - [2024-06-22T13:23:33.385+0000] {dag.py:2676} INFO - Sync 1 DAGs
[2024-06-22T13:23:33.409+0000] {logging_mixin.py:137} INFO - [2024-06-22T13:23:33.409+0000] {dag.py:3427} INFO - Setting next_dagrun for example_task_group_decorator to 2024-06-21T13:23:33.409481+00:00, run_after=2024-06-22T13:23:33.409481+00:00
[2024-06-22T13:23:33.433+0000] {processor.py:175} INFO - Processing /home/airflow/.local/lib/python3.7/site-packages/airflow/example_dags/example_task_group_decorator.py took 0.123 seconds
[2024-06-22T13:24:04.034+0000] {processor.py:153} INFO - Started process (PID=1099) to work on /home/airflow/.local/lib/python3.7/site-packages/airflow/example_dags/example_task_group_decorator.py
[2024-06-22T13:24:04.035+0000] {processor.py:743} INFO - Processing file /home/airflow/.local/lib/python3.7/site-packages/airflow/example_dags/example_task_group_decorator.py for tasks to queue
[2024-06-22T13:24:04.036+0000] {logging_mixin.py:137} INFO - [2024-06-22T13:24:04.036+0000] {dagbag.py:538} INFO - Filling up the DagBag from /home/airflow/.local/lib/python3.7/site-packages/airflow/example_dags/example_task_group_decorator.py
[2024-06-22T13:24:04.059+0000] {processor.py:753} INFO - DAG(s) dict_keys(['example_task_group_decorator']) retrieved from /home/airflow/.local/lib/python3.7/site-packages/airflow/example_dags/example_task_group_decorator.py
[2024-06-22T13:24:04.099+0000] {logging_mixin.py:137} INFO - [2024-06-22T13:24:04.099+0000] {dag.py:2676} INFO - Sync 1 DAGs
[2024-06-22T13:24:04.121+0000] {logging_mixin.py:137} INFO - [2024-06-22T13:24:04.121+0000] {dag.py:3427} INFO - Setting next_dagrun for example_task_group_decorator to 2024-06-21T13:24:04.121525+00:00, run_after=2024-06-22T13:24:04.121525+00:00
[2024-06-22T13:24:04.148+0000] {processor.py:175} INFO - Processing /home/airflow/.local/lib/python3.7/site-packages/airflow/example_dags/example_task_group_decorator.py took 0.118 seconds
[2024-06-22T13:24:34.306+0000] {processor.py:153} INFO - Started process (PID=1138) to work on /home/airflow/.local/lib/python3.7/site-packages/airflow/example_dags/example_task_group_decorator.py
[2024-06-22T13:24:34.307+0000] {processor.py:743} INFO - Processing file /home/airflow/.local/lib/python3.7/site-packages/airflow/example_dags/example_task_group_decorator.py for tasks to queue
[2024-06-22T13:24:34.308+0000] {logging_mixin.py:137} INFO - [2024-06-22T13:24:34.308+0000] {dagbag.py:538} INFO - Filling up the DagBag from /home/airflow/.local/lib/python3.7/site-packages/airflow/example_dags/example_task_group_decorator.py
[2024-06-22T13:24:34.343+0000] {processor.py:753} INFO - DAG(s) dict_keys(['example_task_group_decorator']) retrieved from /home/airflow/.local/lib/python3.7/site-packages/airflow/example_dags/example_task_group_decorator.py
[2024-06-22T13:24:34.388+0000] {logging_mixin.py:137} INFO - [2024-06-22T13:24:34.388+0000] {dag.py:2676} INFO - Sync 1 DAGs
[2024-06-22T13:24:34.413+0000] {logging_mixin.py:137} INFO - [2024-06-22T13:24:34.413+0000] {dag.py:3427} INFO - Setting next_dagrun for example_task_group_decorator to 2024-06-21T13:24:34.412966+00:00, run_after=2024-06-22T13:24:34.412966+00:00
[2024-06-22T13:24:34.442+0000] {processor.py:175} INFO - Processing /home/airflow/.local/lib/python3.7/site-packages/airflow/example_dags/example_task_group_decorator.py took 0.140 seconds
[2024-06-22T13:25:04.597+0000] {processor.py:153} INFO - Started process (PID=1177) to work on /home/airflow/.local/lib/python3.7/site-packages/airflow/example_dags/example_task_group_decorator.py
[2024-06-22T13:25:04.598+0000] {processor.py:743} INFO - Processing file /home/airflow/.local/lib/python3.7/site-packages/airflow/example_dags/example_task_group_decorator.py for tasks to queue
[2024-06-22T13:25:04.599+0000] {logging_mixin.py:137} INFO - [2024-06-22T13:25:04.599+0000] {dagbag.py:538} INFO - Filling up the DagBag from /home/airflow/.local/lib/python3.7/site-packages/airflow/example_dags/example_task_group_decorator.py
[2024-06-22T13:25:04.622+0000] {processor.py:753} INFO - DAG(s) dict_keys(['example_task_group_decorator']) retrieved from /home/airflow/.local/lib/python3.7/site-packages/airflow/example_dags/example_task_group_decorator.py
[2024-06-22T13:25:04.660+0000] {logging_mixin.py:137} INFO - [2024-06-22T13:25:04.660+0000] {dag.py:2676} INFO - Sync 1 DAGs
[2024-06-22T13:25:04.683+0000] {logging_mixin.py:137} INFO - [2024-06-22T13:25:04.683+0000] {dag.py:3427} INFO - Setting next_dagrun for example_task_group_decorator to 2024-06-21T13:25:04.682776+00:00, run_after=2024-06-22T13:25:04.682776+00:00
[2024-06-22T13:25:04.709+0000] {processor.py:175} INFO - Processing /home/airflow/.local/lib/python3.7/site-packages/airflow/example_dags/example_task_group_decorator.py took 0.115 seconds
[2024-06-22T13:25:34.990+0000] {processor.py:153} INFO - Started process (PID=1216) to work on /home/airflow/.local/lib/python3.7/site-packages/airflow/example_dags/example_task_group_decorator.py
[2024-06-22T13:25:34.991+0000] {processor.py:743} INFO - Processing file /home/airflow/.local/lib/python3.7/site-packages/airflow/example_dags/example_task_group_decorator.py for tasks to queue
[2024-06-22T13:25:34.992+0000] {logging_mixin.py:137} INFO - [2024-06-22T13:25:34.992+0000] {dagbag.py:538} INFO - Filling up the DagBag from /home/airflow/.local/lib/python3.7/site-packages/airflow/example_dags/example_task_group_decorator.py
[2024-06-22T13:25:35.027+0000] {processor.py:753} INFO - DAG(s) dict_keys(['example_task_group_decorator']) retrieved from /home/airflow/.local/lib/python3.7/site-packages/airflow/example_dags/example_task_group_decorator.py
[2024-06-22T13:25:35.076+0000] {logging_mixin.py:137} INFO - [2024-06-22T13:25:35.075+0000] {dag.py:2676} INFO - Sync 1 DAGs
[2024-06-22T13:25:35.108+0000] {logging_mixin.py:137} INFO - [2024-06-22T13:25:35.108+0000] {dag.py:3427} INFO - Setting next_dagrun for example_task_group_decorator to 2024-06-21T13:25:35.108061+00:00, run_after=2024-06-22T13:25:35.108061+00:00
[2024-06-22T13:25:35.133+0000] {processor.py:175} INFO - Processing /home/airflow/.local/lib/python3.7/site-packages/airflow/example_dags/example_task_group_decorator.py took 0.147 seconds
