[2024-06-22T13:11:22.692+0000] {processor.py:153} INFO - Started process (PID=71) to work on /home/airflow/.local/lib/python3.7/site-packages/airflow/example_dags/example_task_group.py
[2024-06-22T13:11:22.694+0000] {processor.py:743} INFO - Processing file /home/airflow/.local/lib/python3.7/site-packages/airflow/example_dags/example_task_group.py for tasks to queue
[2024-06-22T13:11:22.695+0000] {logging_mixin.py:137} INFO - [2024-06-22T13:11:22.695+0000] {dagbag.py:538} INFO - Filling up the DagBag from /home/airflow/.local/lib/python3.7/site-packages/airflow/example_dags/example_task_group.py
[2024-06-22T13:11:22.723+0000] {processor.py:753} INFO - DAG(s) dict_keys(['example_task_group']) retrieved from /home/airflow/.local/lib/python3.7/site-packages/airflow/example_dags/example_task_group.py
[2024-06-22T13:11:22.776+0000] {logging_mixin.py:137} INFO - [2024-06-22T13:11:22.776+0000] {dag.py:2676} INFO - Sync 1 DAGs
[2024-06-22T13:11:22.824+0000] {logging_mixin.py:137} INFO - [2024-06-22T13:11:22.824+0000] {dag.py:3427} INFO - Setting next_dagrun for example_task_group to 2024-06-21T13:11:22.823825+00:00, run_after=2024-06-22T13:11:22.823825+00:00
[2024-06-22T13:11:22.864+0000] {processor.py:175} INFO - Processing /home/airflow/.local/lib/python3.7/site-packages/airflow/example_dags/example_task_group.py took 0.176 seconds
[2024-06-22T13:11:53.360+0000] {processor.py:153} INFO - Started process (PID=113) to work on /home/airflow/.local/lib/python3.7/site-packages/airflow/example_dags/example_task_group.py
[2024-06-22T13:11:53.362+0000] {processor.py:743} INFO - Processing file /home/airflow/.local/lib/python3.7/site-packages/airflow/example_dags/example_task_group.py for tasks to queue
[2024-06-22T13:11:53.364+0000] {logging_mixin.py:137} INFO - [2024-06-22T13:11:53.364+0000] {dagbag.py:538} INFO - Filling up the DagBag from /home/airflow/.local/lib/python3.7/site-packages/airflow/example_dags/example_task_group.py
[2024-06-22T13:11:53.389+0000] {processor.py:753} INFO - DAG(s) dict_keys(['example_task_group']) retrieved from /home/airflow/.local/lib/python3.7/site-packages/airflow/example_dags/example_task_group.py
[2024-06-22T13:11:53.421+0000] {logging_mixin.py:137} INFO - [2024-06-22T13:11:53.421+0000] {dag.py:2676} INFO - Sync 1 DAGs
[2024-06-22T13:11:53.458+0000] {logging_mixin.py:137} INFO - [2024-06-22T13:11:53.458+0000] {dag.py:3427} INFO - Setting next_dagrun for example_task_group to 2024-06-21T13:11:53.457902+00:00, run_after=2024-06-22T13:11:53.457902+00:00
[2024-06-22T13:11:53.488+0000] {processor.py:175} INFO - Processing /home/airflow/.local/lib/python3.7/site-packages/airflow/example_dags/example_task_group.py took 0.133 seconds
[2024-06-22T13:12:24.125+0000] {processor.py:153} INFO - Started process (PID=155) to work on /home/airflow/.local/lib/python3.7/site-packages/airflow/example_dags/example_task_group.py
[2024-06-22T13:12:24.126+0000] {processor.py:743} INFO - Processing file /home/airflow/.local/lib/python3.7/site-packages/airflow/example_dags/example_task_group.py for tasks to queue
[2024-06-22T13:12:24.127+0000] {logging_mixin.py:137} INFO - [2024-06-22T13:12:24.127+0000] {dagbag.py:538} INFO - Filling up the DagBag from /home/airflow/.local/lib/python3.7/site-packages/airflow/example_dags/example_task_group.py
[2024-06-22T13:12:24.144+0000] {processor.py:753} INFO - DAG(s) dict_keys(['example_task_group']) retrieved from /home/airflow/.local/lib/python3.7/site-packages/airflow/example_dags/example_task_group.py
[2024-06-22T13:12:24.186+0000] {logging_mixin.py:137} INFO - [2024-06-22T13:12:24.185+0000] {dag.py:2676} INFO - Sync 1 DAGs
[2024-06-22T13:12:24.213+0000] {logging_mixin.py:137} INFO - [2024-06-22T13:12:24.212+0000] {dag.py:3427} INFO - Setting next_dagrun for example_task_group to 2024-06-21T13:12:24.212515+00:00, run_after=2024-06-22T13:12:24.212515+00:00
[2024-06-22T13:12:24.239+0000] {processor.py:175} INFO - Processing /home/airflow/.local/lib/python3.7/site-packages/airflow/example_dags/example_task_group.py took 0.117 seconds
[2024-06-22T13:12:54.766+0000] {processor.py:153} INFO - Started process (PID=197) to work on /home/airflow/.local/lib/python3.7/site-packages/airflow/example_dags/example_task_group.py
[2024-06-22T13:12:54.768+0000] {processor.py:743} INFO - Processing file /home/airflow/.local/lib/python3.7/site-packages/airflow/example_dags/example_task_group.py for tasks to queue
[2024-06-22T13:12:54.769+0000] {logging_mixin.py:137} INFO - [2024-06-22T13:12:54.769+0000] {dagbag.py:538} INFO - Filling up the DagBag from /home/airflow/.local/lib/python3.7/site-packages/airflow/example_dags/example_task_group.py
[2024-06-22T13:12:54.791+0000] {processor.py:753} INFO - DAG(s) dict_keys(['example_task_group']) retrieved from /home/airflow/.local/lib/python3.7/site-packages/airflow/example_dags/example_task_group.py
[2024-06-22T13:12:54.834+0000] {logging_mixin.py:137} INFO - [2024-06-22T13:12:54.834+0000] {dag.py:2676} INFO - Sync 1 DAGs
[2024-06-22T13:12:54.868+0000] {logging_mixin.py:137} INFO - [2024-06-22T13:12:54.868+0000] {dag.py:3427} INFO - Setting next_dagrun for example_task_group to 2024-06-21T13:12:54.867949+00:00, run_after=2024-06-22T13:12:54.867949+00:00
[2024-06-22T13:12:54.892+0000] {processor.py:175} INFO - Processing /home/airflow/.local/lib/python3.7/site-packages/airflow/example_dags/example_task_group.py took 0.129 seconds
[2024-06-22T13:13:25.571+0000] {processor.py:153} INFO - Started process (PID=239) to work on /home/airflow/.local/lib/python3.7/site-packages/airflow/example_dags/example_task_group.py
[2024-06-22T13:13:25.572+0000] {processor.py:743} INFO - Processing file /home/airflow/.local/lib/python3.7/site-packages/airflow/example_dags/example_task_group.py for tasks to queue
[2024-06-22T13:13:25.573+0000] {logging_mixin.py:137} INFO - [2024-06-22T13:13:25.573+0000] {dagbag.py:538} INFO - Filling up the DagBag from /home/airflow/.local/lib/python3.7/site-packages/airflow/example_dags/example_task_group.py
[2024-06-22T13:13:25.591+0000] {processor.py:753} INFO - DAG(s) dict_keys(['example_task_group']) retrieved from /home/airflow/.local/lib/python3.7/site-packages/airflow/example_dags/example_task_group.py
[2024-06-22T13:13:25.634+0000] {logging_mixin.py:137} INFO - [2024-06-22T13:13:25.634+0000] {dag.py:2676} INFO - Sync 1 DAGs
[2024-06-22T13:13:25.663+0000] {logging_mixin.py:137} INFO - [2024-06-22T13:13:25.662+0000] {dag.py:3427} INFO - Setting next_dagrun for example_task_group to 2024-06-21T13:13:25.662556+00:00, run_after=2024-06-22T13:13:25.662556+00:00
[2024-06-22T13:13:25.690+0000] {processor.py:175} INFO - Processing /home/airflow/.local/lib/python3.7/site-packages/airflow/example_dags/example_task_group.py took 0.124 seconds
[2024-06-22T13:13:57.124+0000] {processor.py:153} INFO - Started process (PID=281) to work on /home/airflow/.local/lib/python3.7/site-packages/airflow/example_dags/example_task_group.py
[2024-06-22T13:13:57.126+0000] {processor.py:743} INFO - Processing file /home/airflow/.local/lib/python3.7/site-packages/airflow/example_dags/example_task_group.py for tasks to queue
[2024-06-22T13:13:57.127+0000] {logging_mixin.py:137} INFO - [2024-06-22T13:13:57.127+0000] {dagbag.py:538} INFO - Filling up the DagBag from /home/airflow/.local/lib/python3.7/site-packages/airflow/example_dags/example_task_group.py
[2024-06-22T13:13:57.143+0000] {processor.py:753} INFO - DAG(s) dict_keys(['example_task_group']) retrieved from /home/airflow/.local/lib/python3.7/site-packages/airflow/example_dags/example_task_group.py
[2024-06-22T13:13:57.187+0000] {logging_mixin.py:137} INFO - [2024-06-22T13:13:57.187+0000] {dag.py:2676} INFO - Sync 1 DAGs
[2024-06-22T13:13:57.221+0000] {logging_mixin.py:137} INFO - [2024-06-22T13:13:57.221+0000] {dag.py:3427} INFO - Setting next_dagrun for example_task_group to 2024-06-21T13:13:57.221102+00:00, run_after=2024-06-22T13:13:57.221102+00:00
[2024-06-22T13:13:57.247+0000] {processor.py:175} INFO - Processing /home/airflow/.local/lib/python3.7/site-packages/airflow/example_dags/example_task_group.py took 0.127 seconds
[2024-06-22T13:14:27.933+0000] {processor.py:153} INFO - Started process (PID=323) to work on /home/airflow/.local/lib/python3.7/site-packages/airflow/example_dags/example_task_group.py
[2024-06-22T13:14:27.934+0000] {processor.py:743} INFO - Processing file /home/airflow/.local/lib/python3.7/site-packages/airflow/example_dags/example_task_group.py for tasks to queue
[2024-06-22T13:14:27.935+0000] {logging_mixin.py:137} INFO - [2024-06-22T13:14:27.935+0000] {dagbag.py:538} INFO - Filling up the DagBag from /home/airflow/.local/lib/python3.7/site-packages/airflow/example_dags/example_task_group.py
[2024-06-22T13:14:27.951+0000] {processor.py:753} INFO - DAG(s) dict_keys(['example_task_group']) retrieved from /home/airflow/.local/lib/python3.7/site-packages/airflow/example_dags/example_task_group.py
[2024-06-22T13:14:27.989+0000] {logging_mixin.py:137} INFO - [2024-06-22T13:14:27.989+0000] {dag.py:2676} INFO - Sync 1 DAGs
[2024-06-22T13:14:28.016+0000] {logging_mixin.py:137} INFO - [2024-06-22T13:14:28.016+0000] {dag.py:3427} INFO - Setting next_dagrun for example_task_group to 2024-06-21T13:14:28.016411+00:00, run_after=2024-06-22T13:14:28.016411+00:00
[2024-06-22T13:14:28.044+0000] {processor.py:175} INFO - Processing /home/airflow/.local/lib/python3.7/site-packages/airflow/example_dags/example_task_group.py took 0.114 seconds
[2024-06-22T13:14:59.012+0000] {processor.py:153} INFO - Started process (PID=365) to work on /home/airflow/.local/lib/python3.7/site-packages/airflow/example_dags/example_task_group.py
[2024-06-22T13:14:59.017+0000] {processor.py:743} INFO - Processing file /home/airflow/.local/lib/python3.7/site-packages/airflow/example_dags/example_task_group.py for tasks to queue
[2024-06-22T13:14:59.020+0000] {logging_mixin.py:137} INFO - [2024-06-22T13:14:59.020+0000] {dagbag.py:538} INFO - Filling up the DagBag from /home/airflow/.local/lib/python3.7/site-packages/airflow/example_dags/example_task_group.py
[2024-06-22T13:14:59.056+0000] {processor.py:753} INFO - DAG(s) dict_keys(['example_task_group']) retrieved from /home/airflow/.local/lib/python3.7/site-packages/airflow/example_dags/example_task_group.py
[2024-06-22T13:14:59.111+0000] {logging_mixin.py:137} INFO - [2024-06-22T13:14:59.111+0000] {dag.py:2676} INFO - Sync 1 DAGs
[2024-06-22T13:14:59.147+0000] {logging_mixin.py:137} INFO - [2024-06-22T13:14:59.146+0000] {dag.py:3427} INFO - Setting next_dagrun for example_task_group to 2024-06-21T13:14:59.146591+00:00, run_after=2024-06-22T13:14:59.146591+00:00
[2024-06-22T13:14:59.175+0000] {processor.py:175} INFO - Processing /home/airflow/.local/lib/python3.7/site-packages/airflow/example_dags/example_task_group.py took 0.174 seconds
[2024-06-22T13:15:29.360+0000] {processor.py:153} INFO - Started process (PID=406) to work on /home/airflow/.local/lib/python3.7/site-packages/airflow/example_dags/example_task_group.py
[2024-06-22T13:15:29.361+0000] {processor.py:743} INFO - Processing file /home/airflow/.local/lib/python3.7/site-packages/airflow/example_dags/example_task_group.py for tasks to queue
[2024-06-22T13:15:29.362+0000] {logging_mixin.py:137} INFO - [2024-06-22T13:15:29.362+0000] {dagbag.py:538} INFO - Filling up the DagBag from /home/airflow/.local/lib/python3.7/site-packages/airflow/example_dags/example_task_group.py
[2024-06-22T13:15:29.395+0000] {processor.py:753} INFO - DAG(s) dict_keys(['example_task_group']) retrieved from /home/airflow/.local/lib/python3.7/site-packages/airflow/example_dags/example_task_group.py
[2024-06-22T13:15:29.464+0000] {logging_mixin.py:137} INFO - [2024-06-22T13:15:29.463+0000] {dag.py:2676} INFO - Sync 1 DAGs
[2024-06-22T13:15:29.504+0000] {logging_mixin.py:137} INFO - [2024-06-22T13:15:29.504+0000] {dag.py:3427} INFO - Setting next_dagrun for example_task_group to 2024-06-21T13:15:29.503940+00:00, run_after=2024-06-22T13:15:29.503940+00:00
[2024-06-22T13:15:29.533+0000] {processor.py:175} INFO - Processing /home/airflow/.local/lib/python3.7/site-packages/airflow/example_dags/example_task_group.py took 0.176 seconds
[2024-06-22T13:16:00.392+0000] {processor.py:153} INFO - Started process (PID=448) to work on /home/airflow/.local/lib/python3.7/site-packages/airflow/example_dags/example_task_group.py
[2024-06-22T13:16:00.394+0000] {processor.py:743} INFO - Processing file /home/airflow/.local/lib/python3.7/site-packages/airflow/example_dags/example_task_group.py for tasks to queue
[2024-06-22T13:16:00.394+0000] {logging_mixin.py:137} INFO - [2024-06-22T13:16:00.394+0000] {dagbag.py:538} INFO - Filling up the DagBag from /home/airflow/.local/lib/python3.7/site-packages/airflow/example_dags/example_task_group.py
[2024-06-22T13:16:00.411+0000] {processor.py:753} INFO - DAG(s) dict_keys(['example_task_group']) retrieved from /home/airflow/.local/lib/python3.7/site-packages/airflow/example_dags/example_task_group.py
[2024-06-22T13:16:00.461+0000] {logging_mixin.py:137} INFO - [2024-06-22T13:16:00.461+0000] {dag.py:2676} INFO - Sync 1 DAGs
[2024-06-22T13:16:00.490+0000] {logging_mixin.py:137} INFO - [2024-06-22T13:16:00.490+0000] {dag.py:3427} INFO - Setting next_dagrun for example_task_group to 2024-06-21T13:16:00.490413+00:00, run_after=2024-06-22T13:16:00.490413+00:00
[2024-06-22T13:16:00.519+0000] {processor.py:175} INFO - Processing /home/airflow/.local/lib/python3.7/site-packages/airflow/example_dags/example_task_group.py took 0.131 seconds
[2024-06-22T13:16:31.185+0000] {processor.py:153} INFO - Started process (PID=488) to work on /home/airflow/.local/lib/python3.7/site-packages/airflow/example_dags/example_task_group.py
[2024-06-22T13:16:31.186+0000] {processor.py:743} INFO - Processing file /home/airflow/.local/lib/python3.7/site-packages/airflow/example_dags/example_task_group.py for tasks to queue
[2024-06-22T13:16:31.188+0000] {logging_mixin.py:137} INFO - [2024-06-22T13:16:31.187+0000] {dagbag.py:538} INFO - Filling up the DagBag from /home/airflow/.local/lib/python3.7/site-packages/airflow/example_dags/example_task_group.py
[2024-06-22T13:16:31.202+0000] {processor.py:753} INFO - DAG(s) dict_keys(['example_task_group']) retrieved from /home/airflow/.local/lib/python3.7/site-packages/airflow/example_dags/example_task_group.py
[2024-06-22T13:16:31.242+0000] {logging_mixin.py:137} INFO - [2024-06-22T13:16:31.241+0000] {dag.py:2676} INFO - Sync 1 DAGs
[2024-06-22T13:16:31.265+0000] {logging_mixin.py:137} INFO - [2024-06-22T13:16:31.265+0000] {dag.py:3427} INFO - Setting next_dagrun for example_task_group to 2024-06-21T13:16:31.265091+00:00, run_after=2024-06-22T13:16:31.265091+00:00
[2024-06-22T13:16:31.292+0000] {processor.py:175} INFO - Processing /home/airflow/.local/lib/python3.7/site-packages/airflow/example_dags/example_task_group.py took 0.110 seconds
[2024-06-22T13:17:01.685+0000] {processor.py:153} INFO - Started process (PID=530) to work on /home/airflow/.local/lib/python3.7/site-packages/airflow/example_dags/example_task_group.py
[2024-06-22T13:17:01.686+0000] {processor.py:743} INFO - Processing file /home/airflow/.local/lib/python3.7/site-packages/airflow/example_dags/example_task_group.py for tasks to queue
[2024-06-22T13:17:01.687+0000] {logging_mixin.py:137} INFO - [2024-06-22T13:17:01.687+0000] {dagbag.py:538} INFO - Filling up the DagBag from /home/airflow/.local/lib/python3.7/site-packages/airflow/example_dags/example_task_group.py
[2024-06-22T13:17:01.701+0000] {processor.py:753} INFO - DAG(s) dict_keys(['example_task_group']) retrieved from /home/airflow/.local/lib/python3.7/site-packages/airflow/example_dags/example_task_group.py
[2024-06-22T13:17:01.741+0000] {logging_mixin.py:137} INFO - [2024-06-22T13:17:01.741+0000] {dag.py:2676} INFO - Sync 1 DAGs
[2024-06-22T13:17:01.770+0000] {logging_mixin.py:137} INFO - [2024-06-22T13:17:01.770+0000] {dag.py:3427} INFO - Setting next_dagrun for example_task_group to 2024-06-21T13:17:01.769912+00:00, run_after=2024-06-22T13:17:01.769912+00:00
[2024-06-22T13:17:01.798+0000] {processor.py:175} INFO - Processing /home/airflow/.local/lib/python3.7/site-packages/airflow/example_dags/example_task_group.py took 0.117 seconds
[2024-06-22T13:17:32.508+0000] {processor.py:153} INFO - Started process (PID=572) to work on /home/airflow/.local/lib/python3.7/site-packages/airflow/example_dags/example_task_group.py
[2024-06-22T13:17:32.510+0000] {processor.py:743} INFO - Processing file /home/airflow/.local/lib/python3.7/site-packages/airflow/example_dags/example_task_group.py for tasks to queue
[2024-06-22T13:17:32.512+0000] {logging_mixin.py:137} INFO - [2024-06-22T13:17:32.512+0000] {dagbag.py:538} INFO - Filling up the DagBag from /home/airflow/.local/lib/python3.7/site-packages/airflow/example_dags/example_task_group.py
[2024-06-22T13:17:32.534+0000] {processor.py:753} INFO - DAG(s) dict_keys(['example_task_group']) retrieved from /home/airflow/.local/lib/python3.7/site-packages/airflow/example_dags/example_task_group.py
[2024-06-22T13:17:32.582+0000] {logging_mixin.py:137} INFO - [2024-06-22T13:17:32.581+0000] {dag.py:2676} INFO - Sync 1 DAGs
[2024-06-22T13:17:32.610+0000] {logging_mixin.py:137} INFO - [2024-06-22T13:17:32.609+0000] {dag.py:3427} INFO - Setting next_dagrun for example_task_group to 2024-06-21T13:17:32.609450+00:00, run_after=2024-06-22T13:17:32.609450+00:00
[2024-06-22T13:17:32.637+0000] {processor.py:175} INFO - Processing /home/airflow/.local/lib/python3.7/site-packages/airflow/example_dags/example_task_group.py took 0.136 seconds
[2024-06-22T13:18:02.859+0000] {processor.py:153} INFO - Started process (PID=614) to work on /home/airflow/.local/lib/python3.7/site-packages/airflow/example_dags/example_task_group.py
[2024-06-22T13:18:02.860+0000] {processor.py:743} INFO - Processing file /home/airflow/.local/lib/python3.7/site-packages/airflow/example_dags/example_task_group.py for tasks to queue
[2024-06-22T13:18:02.861+0000] {logging_mixin.py:137} INFO - [2024-06-22T13:18:02.861+0000] {dagbag.py:538} INFO - Filling up the DagBag from /home/airflow/.local/lib/python3.7/site-packages/airflow/example_dags/example_task_group.py
[2024-06-22T13:18:02.880+0000] {processor.py:753} INFO - DAG(s) dict_keys(['example_task_group']) retrieved from /home/airflow/.local/lib/python3.7/site-packages/airflow/example_dags/example_task_group.py
[2024-06-22T13:18:02.926+0000] {logging_mixin.py:137} INFO - [2024-06-22T13:18:02.926+0000] {dag.py:2676} INFO - Sync 1 DAGs
[2024-06-22T13:18:02.956+0000] {logging_mixin.py:137} INFO - [2024-06-22T13:18:02.956+0000] {dag.py:3427} INFO - Setting next_dagrun for example_task_group to 2024-06-21T13:18:02.956130+00:00, run_after=2024-06-22T13:18:02.956130+00:00
[2024-06-22T13:18:02.985+0000] {processor.py:175} INFO - Processing /home/airflow/.local/lib/python3.7/site-packages/airflow/example_dags/example_task_group.py took 0.131 seconds
[2024-06-22T13:18:33.367+0000] {processor.py:153} INFO - Started process (PID=656) to work on /home/airflow/.local/lib/python3.7/site-packages/airflow/example_dags/example_task_group.py
[2024-06-22T13:18:33.369+0000] {processor.py:743} INFO - Processing file /home/airflow/.local/lib/python3.7/site-packages/airflow/example_dags/example_task_group.py for tasks to queue
[2024-06-22T13:18:33.370+0000] {logging_mixin.py:137} INFO - [2024-06-22T13:18:33.369+0000] {dagbag.py:538} INFO - Filling up the DagBag from /home/airflow/.local/lib/python3.7/site-packages/airflow/example_dags/example_task_group.py
[2024-06-22T13:18:33.384+0000] {processor.py:753} INFO - DAG(s) dict_keys(['example_task_group']) retrieved from /home/airflow/.local/lib/python3.7/site-packages/airflow/example_dags/example_task_group.py
[2024-06-22T13:18:33.424+0000] {logging_mixin.py:137} INFO - [2024-06-22T13:18:33.423+0000] {dag.py:2676} INFO - Sync 1 DAGs
[2024-06-22T13:18:33.448+0000] {logging_mixin.py:137} INFO - [2024-06-22T13:18:33.448+0000] {dag.py:3427} INFO - Setting next_dagrun for example_task_group to 2024-06-21T13:18:33.447782+00:00, run_after=2024-06-22T13:18:33.447782+00:00
[2024-06-22T13:18:33.476+0000] {processor.py:175} INFO - Processing /home/airflow/.local/lib/python3.7/site-packages/airflow/example_dags/example_task_group.py took 0.112 seconds
[2024-06-22T13:19:03.619+0000] {processor.py:153} INFO - Started process (PID=698) to work on /home/airflow/.local/lib/python3.7/site-packages/airflow/example_dags/example_task_group.py
[2024-06-22T13:19:03.620+0000] {processor.py:743} INFO - Processing file /home/airflow/.local/lib/python3.7/site-packages/airflow/example_dags/example_task_group.py for tasks to queue
[2024-06-22T13:19:03.621+0000] {logging_mixin.py:137} INFO - [2024-06-22T13:19:03.621+0000] {dagbag.py:538} INFO - Filling up the DagBag from /home/airflow/.local/lib/python3.7/site-packages/airflow/example_dags/example_task_group.py
[2024-06-22T13:19:03.636+0000] {processor.py:753} INFO - DAG(s) dict_keys(['example_task_group']) retrieved from /home/airflow/.local/lib/python3.7/site-packages/airflow/example_dags/example_task_group.py
[2024-06-22T13:19:03.676+0000] {logging_mixin.py:137} INFO - [2024-06-22T13:19:03.675+0000] {dag.py:2676} INFO - Sync 1 DAGs
[2024-06-22T13:19:03.702+0000] {logging_mixin.py:137} INFO - [2024-06-22T13:19:03.701+0000] {dag.py:3427} INFO - Setting next_dagrun for example_task_group to 2024-06-21T13:19:03.701637+00:00, run_after=2024-06-22T13:19:03.701637+00:00
[2024-06-22T13:19:03.731+0000] {processor.py:175} INFO - Processing /home/airflow/.local/lib/python3.7/site-packages/airflow/example_dags/example_task_group.py took 0.115 seconds
[2024-06-22T13:19:33.931+0000] {processor.py:153} INFO - Started process (PID=740) to work on /home/airflow/.local/lib/python3.7/site-packages/airflow/example_dags/example_task_group.py
[2024-06-22T13:19:33.932+0000] {processor.py:743} INFO - Processing file /home/airflow/.local/lib/python3.7/site-packages/airflow/example_dags/example_task_group.py for tasks to queue
[2024-06-22T13:19:33.933+0000] {logging_mixin.py:137} INFO - [2024-06-22T13:19:33.933+0000] {dagbag.py:538} INFO - Filling up the DagBag from /home/airflow/.local/lib/python3.7/site-packages/airflow/example_dags/example_task_group.py
[2024-06-22T13:19:33.949+0000] {processor.py:753} INFO - DAG(s) dict_keys(['example_task_group']) retrieved from /home/airflow/.local/lib/python3.7/site-packages/airflow/example_dags/example_task_group.py
[2024-06-22T13:19:33.989+0000] {logging_mixin.py:137} INFO - [2024-06-22T13:19:33.989+0000] {dag.py:2676} INFO - Sync 1 DAGs
[2024-06-22T13:19:34.016+0000] {logging_mixin.py:137} INFO - [2024-06-22T13:19:34.016+0000] {dag.py:3427} INFO - Setting next_dagrun for example_task_group to 2024-06-21T13:19:34.016557+00:00, run_after=2024-06-22T13:19:34.016557+00:00
[2024-06-22T13:19:34.047+0000] {processor.py:175} INFO - Processing /home/airflow/.local/lib/python3.7/site-packages/airflow/example_dags/example_task_group.py took 0.119 seconds
[2024-06-22T13:20:04.343+0000] {processor.py:153} INFO - Started process (PID=782) to work on /home/airflow/.local/lib/python3.7/site-packages/airflow/example_dags/example_task_group.py
[2024-06-22T13:20:04.344+0000] {processor.py:743} INFO - Processing file /home/airflow/.local/lib/python3.7/site-packages/airflow/example_dags/example_task_group.py for tasks to queue
[2024-06-22T13:20:04.345+0000] {logging_mixin.py:137} INFO - [2024-06-22T13:20:04.345+0000] {dagbag.py:538} INFO - Filling up the DagBag from /home/airflow/.local/lib/python3.7/site-packages/airflow/example_dags/example_task_group.py
[2024-06-22T13:20:04.362+0000] {processor.py:753} INFO - DAG(s) dict_keys(['example_task_group']) retrieved from /home/airflow/.local/lib/python3.7/site-packages/airflow/example_dags/example_task_group.py
[2024-06-22T13:20:04.406+0000] {logging_mixin.py:137} INFO - [2024-06-22T13:20:04.406+0000] {dag.py:2676} INFO - Sync 1 DAGs
[2024-06-22T13:20:04.434+0000] {logging_mixin.py:137} INFO - [2024-06-22T13:20:04.434+0000] {dag.py:3427} INFO - Setting next_dagrun for example_task_group to 2024-06-21T13:20:04.434048+00:00, run_after=2024-06-22T13:20:04.434048+00:00
[2024-06-22T13:20:04.460+0000] {processor.py:175} INFO - Processing /home/airflow/.local/lib/python3.7/site-packages/airflow/example_dags/example_task_group.py took 0.120 seconds
[2024-06-22T13:20:34.620+0000] {processor.py:153} INFO - Started process (PID=824) to work on /home/airflow/.local/lib/python3.7/site-packages/airflow/example_dags/example_task_group.py
[2024-06-22T13:20:34.621+0000] {processor.py:743} INFO - Processing file /home/airflow/.local/lib/python3.7/site-packages/airflow/example_dags/example_task_group.py for tasks to queue
[2024-06-22T13:20:34.622+0000] {logging_mixin.py:137} INFO - [2024-06-22T13:20:34.622+0000] {dagbag.py:538} INFO - Filling up the DagBag from /home/airflow/.local/lib/python3.7/site-packages/airflow/example_dags/example_task_group.py
[2024-06-22T13:20:34.639+0000] {processor.py:753} INFO - DAG(s) dict_keys(['example_task_group']) retrieved from /home/airflow/.local/lib/python3.7/site-packages/airflow/example_dags/example_task_group.py
[2024-06-22T13:20:34.685+0000] {logging_mixin.py:137} INFO - [2024-06-22T13:20:34.685+0000] {dag.py:2676} INFO - Sync 1 DAGs
[2024-06-22T13:20:34.710+0000] {logging_mixin.py:137} INFO - [2024-06-22T13:20:34.710+0000] {dag.py:3427} INFO - Setting next_dagrun for example_task_group to 2024-06-21T13:20:34.709933+00:00, run_after=2024-06-22T13:20:34.709933+00:00
[2024-06-22T13:20:34.739+0000] {processor.py:175} INFO - Processing /home/airflow/.local/lib/python3.7/site-packages/airflow/example_dags/example_task_group.py took 0.122 seconds
[2024-06-22T13:21:05.326+0000] {processor.py:153} INFO - Started process (PID=866) to work on /home/airflow/.local/lib/python3.7/site-packages/airflow/example_dags/example_task_group.py
[2024-06-22T13:21:05.327+0000] {processor.py:743} INFO - Processing file /home/airflow/.local/lib/python3.7/site-packages/airflow/example_dags/example_task_group.py for tasks to queue
[2024-06-22T13:21:05.329+0000] {logging_mixin.py:137} INFO - [2024-06-22T13:21:05.328+0000] {dagbag.py:538} INFO - Filling up the DagBag from /home/airflow/.local/lib/python3.7/site-packages/airflow/example_dags/example_task_group.py
[2024-06-22T13:21:05.349+0000] {processor.py:753} INFO - DAG(s) dict_keys(['example_task_group']) retrieved from /home/airflow/.local/lib/python3.7/site-packages/airflow/example_dags/example_task_group.py
[2024-06-22T13:21:05.393+0000] {logging_mixin.py:137} INFO - [2024-06-22T13:21:05.393+0000] {dag.py:2676} INFO - Sync 1 DAGs
[2024-06-22T13:21:05.431+0000] {logging_mixin.py:137} INFO - [2024-06-22T13:21:05.431+0000] {dag.py:3427} INFO - Setting next_dagrun for example_task_group to 2024-06-21T13:21:05.430716+00:00, run_after=2024-06-22T13:21:05.430716+00:00
[2024-06-22T13:21:05.468+0000] {processor.py:175} INFO - Processing /home/airflow/.local/lib/python3.7/site-packages/airflow/example_dags/example_task_group.py took 0.145 seconds
[2024-06-22T13:21:35.626+0000] {processor.py:153} INFO - Started process (PID=908) to work on /home/airflow/.local/lib/python3.7/site-packages/airflow/example_dags/example_task_group.py
[2024-06-22T13:21:35.628+0000] {processor.py:743} INFO - Processing file /home/airflow/.local/lib/python3.7/site-packages/airflow/example_dags/example_task_group.py for tasks to queue
[2024-06-22T13:21:35.629+0000] {logging_mixin.py:137} INFO - [2024-06-22T13:21:35.629+0000] {dagbag.py:538} INFO - Filling up the DagBag from /home/airflow/.local/lib/python3.7/site-packages/airflow/example_dags/example_task_group.py
[2024-06-22T13:21:35.646+0000] {processor.py:753} INFO - DAG(s) dict_keys(['example_task_group']) retrieved from /home/airflow/.local/lib/python3.7/site-packages/airflow/example_dags/example_task_group.py
[2024-06-22T13:21:35.742+0000] {logging_mixin.py:137} INFO - [2024-06-22T13:21:35.742+0000] {dag.py:2676} INFO - Sync 1 DAGs
[2024-06-22T13:21:35.792+0000] {logging_mixin.py:137} INFO - [2024-06-22T13:21:35.791+0000] {dag.py:3427} INFO - Setting next_dagrun for example_task_group to 2024-06-21T13:21:35.791314+00:00, run_after=2024-06-22T13:21:35.791314+00:00
[2024-06-22T13:21:35.819+0000] {processor.py:175} INFO - Processing /home/airflow/.local/lib/python3.7/site-packages/airflow/example_dags/example_task_group.py took 0.197 seconds
[2024-06-22T13:22:06.134+0000] {processor.py:153} INFO - Started process (PID=950) to work on /home/airflow/.local/lib/python3.7/site-packages/airflow/example_dags/example_task_group.py
[2024-06-22T13:22:06.135+0000] {processor.py:743} INFO - Processing file /home/airflow/.local/lib/python3.7/site-packages/airflow/example_dags/example_task_group.py for tasks to queue
[2024-06-22T13:22:06.136+0000] {logging_mixin.py:137} INFO - [2024-06-22T13:22:06.136+0000] {dagbag.py:538} INFO - Filling up the DagBag from /home/airflow/.local/lib/python3.7/site-packages/airflow/example_dags/example_task_group.py
[2024-06-22T13:22:06.151+0000] {processor.py:753} INFO - DAG(s) dict_keys(['example_task_group']) retrieved from /home/airflow/.local/lib/python3.7/site-packages/airflow/example_dags/example_task_group.py
[2024-06-22T13:22:06.192+0000] {logging_mixin.py:137} INFO - [2024-06-22T13:22:06.191+0000] {dag.py:2676} INFO - Sync 1 DAGs
[2024-06-22T13:22:06.216+0000] {logging_mixin.py:137} INFO - [2024-06-22T13:22:06.216+0000] {dag.py:3427} INFO - Setting next_dagrun for example_task_group to 2024-06-21T13:22:06.216129+00:00, run_after=2024-06-22T13:22:06.216129+00:00
[2024-06-22T13:22:06.241+0000] {processor.py:175} INFO - Processing /home/airflow/.local/lib/python3.7/site-packages/airflow/example_dags/example_task_group.py took 0.110 seconds
[2024-06-22T13:22:36.506+0000] {processor.py:153} INFO - Started process (PID=992) to work on /home/airflow/.local/lib/python3.7/site-packages/airflow/example_dags/example_task_group.py
[2024-06-22T13:22:36.507+0000] {processor.py:743} INFO - Processing file /home/airflow/.local/lib/python3.7/site-packages/airflow/example_dags/example_task_group.py for tasks to queue
[2024-06-22T13:22:36.508+0000] {logging_mixin.py:137} INFO - [2024-06-22T13:22:36.508+0000] {dagbag.py:538} INFO - Filling up the DagBag from /home/airflow/.local/lib/python3.7/site-packages/airflow/example_dags/example_task_group.py
[2024-06-22T13:22:36.525+0000] {processor.py:753} INFO - DAG(s) dict_keys(['example_task_group']) retrieved from /home/airflow/.local/lib/python3.7/site-packages/airflow/example_dags/example_task_group.py
[2024-06-22T13:22:36.568+0000] {logging_mixin.py:137} INFO - [2024-06-22T13:22:36.568+0000] {dag.py:2676} INFO - Sync 1 DAGs
[2024-06-22T13:22:36.595+0000] {logging_mixin.py:137} INFO - [2024-06-22T13:22:36.595+0000] {dag.py:3427} INFO - Setting next_dagrun for example_task_group to 2024-06-21T13:22:36.594828+00:00, run_after=2024-06-22T13:22:36.594828+00:00
[2024-06-22T13:22:36.620+0000] {processor.py:175} INFO - Processing /home/airflow/.local/lib/python3.7/site-packages/airflow/example_dags/example_task_group.py took 0.117 seconds
[2024-06-22T13:23:06.834+0000] {processor.py:153} INFO - Started process (PID=1034) to work on /home/airflow/.local/lib/python3.7/site-packages/airflow/example_dags/example_task_group.py
[2024-06-22T13:23:06.835+0000] {processor.py:743} INFO - Processing file /home/airflow/.local/lib/python3.7/site-packages/airflow/example_dags/example_task_group.py for tasks to queue
[2024-06-22T13:23:06.836+0000] {logging_mixin.py:137} INFO - [2024-06-22T13:23:06.836+0000] {dagbag.py:538} INFO - Filling up the DagBag from /home/airflow/.local/lib/python3.7/site-packages/airflow/example_dags/example_task_group.py
[2024-06-22T13:23:06.852+0000] {processor.py:753} INFO - DAG(s) dict_keys(['example_task_group']) retrieved from /home/airflow/.local/lib/python3.7/site-packages/airflow/example_dags/example_task_group.py
[2024-06-22T13:23:06.892+0000] {logging_mixin.py:137} INFO - [2024-06-22T13:23:06.892+0000] {dag.py:2676} INFO - Sync 1 DAGs
[2024-06-22T13:23:06.920+0000] {logging_mixin.py:137} INFO - [2024-06-22T13:23:06.920+0000] {dag.py:3427} INFO - Setting next_dagrun for example_task_group to 2024-06-21T13:23:06.919753+00:00, run_after=2024-06-22T13:23:06.919753+00:00
[2024-06-22T13:23:06.949+0000] {processor.py:175} INFO - Processing /home/airflow/.local/lib/python3.7/site-packages/airflow/example_dags/example_task_group.py took 0.119 seconds
[2024-06-22T13:23:37.174+0000] {processor.py:153} INFO - Started process (PID=1076) to work on /home/airflow/.local/lib/python3.7/site-packages/airflow/example_dags/example_task_group.py
[2024-06-22T13:23:37.175+0000] {processor.py:743} INFO - Processing file /home/airflow/.local/lib/python3.7/site-packages/airflow/example_dags/example_task_group.py for tasks to queue
[2024-06-22T13:23:37.177+0000] {logging_mixin.py:137} INFO - [2024-06-22T13:23:37.176+0000] {dagbag.py:538} INFO - Filling up the DagBag from /home/airflow/.local/lib/python3.7/site-packages/airflow/example_dags/example_task_group.py
[2024-06-22T13:23:37.212+0000] {processor.py:753} INFO - DAG(s) dict_keys(['example_task_group']) retrieved from /home/airflow/.local/lib/python3.7/site-packages/airflow/example_dags/example_task_group.py
[2024-06-22T13:23:37.265+0000] {logging_mixin.py:137} INFO - [2024-06-22T13:23:37.265+0000] {dag.py:2676} INFO - Sync 1 DAGs
[2024-06-22T13:23:37.303+0000] {logging_mixin.py:137} INFO - [2024-06-22T13:23:37.303+0000] {dag.py:3427} INFO - Setting next_dagrun for example_task_group to 2024-06-21T13:23:37.302649+00:00, run_after=2024-06-22T13:23:37.302649+00:00
[2024-06-22T13:23:37.330+0000] {processor.py:175} INFO - Processing /home/airflow/.local/lib/python3.7/site-packages/airflow/example_dags/example_task_group.py took 0.160 seconds
[2024-06-22T13:24:07.510+0000] {processor.py:153} INFO - Started process (PID=1118) to work on /home/airflow/.local/lib/python3.7/site-packages/airflow/example_dags/example_task_group.py
[2024-06-22T13:24:07.511+0000] {processor.py:743} INFO - Processing file /home/airflow/.local/lib/python3.7/site-packages/airflow/example_dags/example_task_group.py for tasks to queue
[2024-06-22T13:24:07.512+0000] {logging_mixin.py:137} INFO - [2024-06-22T13:24:07.512+0000] {dagbag.py:538} INFO - Filling up the DagBag from /home/airflow/.local/lib/python3.7/site-packages/airflow/example_dags/example_task_group.py
[2024-06-22T13:24:07.542+0000] {processor.py:753} INFO - DAG(s) dict_keys(['example_task_group']) retrieved from /home/airflow/.local/lib/python3.7/site-packages/airflow/example_dags/example_task_group.py
[2024-06-22T13:24:07.595+0000] {logging_mixin.py:137} INFO - [2024-06-22T13:24:07.595+0000] {dag.py:2676} INFO - Sync 1 DAGs
[2024-06-22T13:24:07.624+0000] {logging_mixin.py:137} INFO - [2024-06-22T13:24:07.624+0000] {dag.py:3427} INFO - Setting next_dagrun for example_task_group to 2024-06-21T13:24:07.624187+00:00, run_after=2024-06-22T13:24:07.624187+00:00
[2024-06-22T13:24:07.653+0000] {processor.py:175} INFO - Processing /home/airflow/.local/lib/python3.7/site-packages/airflow/example_dags/example_task_group.py took 0.147 seconds
[2024-06-22T13:24:37.916+0000] {processor.py:153} INFO - Started process (PID=1157) to work on /home/airflow/.local/lib/python3.7/site-packages/airflow/example_dags/example_task_group.py
[2024-06-22T13:24:37.917+0000] {processor.py:743} INFO - Processing file /home/airflow/.local/lib/python3.7/site-packages/airflow/example_dags/example_task_group.py for tasks to queue
[2024-06-22T13:24:37.918+0000] {logging_mixin.py:137} INFO - [2024-06-22T13:24:37.918+0000] {dagbag.py:538} INFO - Filling up the DagBag from /home/airflow/.local/lib/python3.7/site-packages/airflow/example_dags/example_task_group.py
[2024-06-22T13:24:37.934+0000] {processor.py:753} INFO - DAG(s) dict_keys(['example_task_group']) retrieved from /home/airflow/.local/lib/python3.7/site-packages/airflow/example_dags/example_task_group.py
[2024-06-22T13:24:37.974+0000] {logging_mixin.py:137} INFO - [2024-06-22T13:24:37.974+0000] {dag.py:2676} INFO - Sync 1 DAGs
[2024-06-22T13:24:37.999+0000] {logging_mixin.py:137} INFO - [2024-06-22T13:24:37.999+0000] {dag.py:3427} INFO - Setting next_dagrun for example_task_group to 2024-06-21T13:24:37.998930+00:00, run_after=2024-06-22T13:24:37.998930+00:00
[2024-06-22T13:24:38.029+0000] {processor.py:175} INFO - Processing /home/airflow/.local/lib/python3.7/site-packages/airflow/example_dags/example_task_group.py took 0.117 seconds
[2024-06-22T13:25:08.244+0000] {processor.py:153} INFO - Started process (PID=1196) to work on /home/airflow/.local/lib/python3.7/site-packages/airflow/example_dags/example_task_group.py
[2024-06-22T13:25:08.245+0000] {processor.py:743} INFO - Processing file /home/airflow/.local/lib/python3.7/site-packages/airflow/example_dags/example_task_group.py for tasks to queue
[2024-06-22T13:25:08.245+0000] {logging_mixin.py:137} INFO - [2024-06-22T13:25:08.245+0000] {dagbag.py:538} INFO - Filling up the DagBag from /home/airflow/.local/lib/python3.7/site-packages/airflow/example_dags/example_task_group.py
[2024-06-22T13:25:08.266+0000] {processor.py:753} INFO - DAG(s) dict_keys(['example_task_group']) retrieved from /home/airflow/.local/lib/python3.7/site-packages/airflow/example_dags/example_task_group.py
[2024-06-22T13:25:08.316+0000] {logging_mixin.py:137} INFO - [2024-06-22T13:25:08.316+0000] {dag.py:2676} INFO - Sync 1 DAGs
[2024-06-22T13:25:08.346+0000] {logging_mixin.py:137} INFO - [2024-06-22T13:25:08.346+0000] {dag.py:3427} INFO - Setting next_dagrun for example_task_group to 2024-06-21T13:25:08.345859+00:00, run_after=2024-06-22T13:25:08.345859+00:00
[2024-06-22T13:25:08.376+0000] {processor.py:175} INFO - Processing /home/airflow/.local/lib/python3.7/site-packages/airflow/example_dags/example_task_group.py took 0.136 seconds
[2024-06-22T13:25:38.793+0000] {processor.py:153} INFO - Started process (PID=1235) to work on /home/airflow/.local/lib/python3.7/site-packages/airflow/example_dags/example_task_group.py
[2024-06-22T13:25:38.795+0000] {processor.py:743} INFO - Processing file /home/airflow/.local/lib/python3.7/site-packages/airflow/example_dags/example_task_group.py for tasks to queue
[2024-06-22T13:25:38.796+0000] {logging_mixin.py:137} INFO - [2024-06-22T13:25:38.796+0000] {dagbag.py:538} INFO - Filling up the DagBag from /home/airflow/.local/lib/python3.7/site-packages/airflow/example_dags/example_task_group.py
[2024-06-22T13:25:38.815+0000] {processor.py:753} INFO - DAG(s) dict_keys(['example_task_group']) retrieved from /home/airflow/.local/lib/python3.7/site-packages/airflow/example_dags/example_task_group.py
[2024-06-22T13:25:38.860+0000] {logging_mixin.py:137} INFO - [2024-06-22T13:25:38.860+0000] {dag.py:2676} INFO - Sync 1 DAGs
[2024-06-22T13:25:38.891+0000] {logging_mixin.py:137} INFO - [2024-06-22T13:25:38.891+0000] {dag.py:3427} INFO - Setting next_dagrun for example_task_group to 2024-06-21T13:25:38.891362+00:00, run_after=2024-06-22T13:25:38.891362+00:00
[2024-06-22T13:25:38.917+0000] {processor.py:175} INFO - Processing /home/airflow/.local/lib/python3.7/site-packages/airflow/example_dags/example_task_group.py took 0.127 seconds
