[2024-06-22T13:11:22.444+0000] {processor.py:153} INFO - Started process (PID=68) to work on /home/airflow/.local/lib/python3.7/site-packages/airflow/example_dags/example_branch_operator_decorator.py
[2024-06-22T13:11:22.446+0000] {processor.py:743} INFO - Processing file /home/airflow/.local/lib/python3.7/site-packages/airflow/example_dags/example_branch_operator_decorator.py for tasks to queue
[2024-06-22T13:11:22.448+0000] {logging_mixin.py:137} INFO - [2024-06-22T13:11:22.447+0000] {dagbag.py:538} INFO - Filling up the DagBag from /home/airflow/.local/lib/python3.7/site-packages/airflow/example_dags/example_branch_operator_decorator.py
[2024-06-22T13:11:22.502+0000] {processor.py:753} INFO - DAG(s) dict_keys(['example_branch_python_operator_decorator']) retrieved from /home/airflow/.local/lib/python3.7/site-packages/airflow/example_dags/example_branch_operator_decorator.py
[2024-06-22T13:11:22.560+0000] {logging_mixin.py:137} INFO - [2024-06-22T13:11:22.560+0000] {dag.py:2676} INFO - Sync 1 DAGs
[2024-06-22T13:11:22.602+0000] {logging_mixin.py:137} INFO - [2024-06-22T13:11:22.601+0000] {dag.py:3427} INFO - Setting next_dagrun for example_branch_python_operator_decorator to 2024-06-21T00:00:00+00:00, run_after=2024-06-22T00:00:00+00:00
[2024-06-22T13:11:22.630+0000] {processor.py:175} INFO - Processing /home/airflow/.local/lib/python3.7/site-packages/airflow/example_dags/example_branch_operator_decorator.py took 0.190 seconds
[2024-06-22T13:11:53.087+0000] {processor.py:153} INFO - Started process (PID=110) to work on /home/airflow/.local/lib/python3.7/site-packages/airflow/example_dags/example_branch_operator_decorator.py
[2024-06-22T13:11:53.089+0000] {processor.py:743} INFO - Processing file /home/airflow/.local/lib/python3.7/site-packages/airflow/example_dags/example_branch_operator_decorator.py for tasks to queue
[2024-06-22T13:11:53.090+0000] {logging_mixin.py:137} INFO - [2024-06-22T13:11:53.090+0000] {dagbag.py:538} INFO - Filling up the DagBag from /home/airflow/.local/lib/python3.7/site-packages/airflow/example_dags/example_branch_operator_decorator.py
[2024-06-22T13:11:53.128+0000] {processor.py:753} INFO - DAG(s) dict_keys(['example_branch_python_operator_decorator']) retrieved from /home/airflow/.local/lib/python3.7/site-packages/airflow/example_dags/example_branch_operator_decorator.py
[2024-06-22T13:11:53.169+0000] {logging_mixin.py:137} INFO - [2024-06-22T13:11:53.169+0000] {dag.py:2676} INFO - Sync 1 DAGs
[2024-06-22T13:11:53.214+0000] {logging_mixin.py:137} INFO - [2024-06-22T13:11:53.213+0000] {dag.py:3427} INFO - Setting next_dagrun for example_branch_python_operator_decorator to 2024-06-21T00:00:00+00:00, run_after=2024-06-22T00:00:00+00:00
[2024-06-22T13:11:53.245+0000] {processor.py:175} INFO - Processing /home/airflow/.local/lib/python3.7/site-packages/airflow/example_dags/example_branch_operator_decorator.py took 0.162 seconds
[2024-06-22T13:12:23.905+0000] {processor.py:153} INFO - Started process (PID=152) to work on /home/airflow/.local/lib/python3.7/site-packages/airflow/example_dags/example_branch_operator_decorator.py
[2024-06-22T13:12:23.907+0000] {processor.py:743} INFO - Processing file /home/airflow/.local/lib/python3.7/site-packages/airflow/example_dags/example_branch_operator_decorator.py for tasks to queue
[2024-06-22T13:12:23.908+0000] {logging_mixin.py:137} INFO - [2024-06-22T13:12:23.908+0000] {dagbag.py:538} INFO - Filling up the DagBag from /home/airflow/.local/lib/python3.7/site-packages/airflow/example_dags/example_branch_operator_decorator.py
[2024-06-22T13:12:23.936+0000] {processor.py:753} INFO - DAG(s) dict_keys(['example_branch_python_operator_decorator']) retrieved from /home/airflow/.local/lib/python3.7/site-packages/airflow/example_dags/example_branch_operator_decorator.py
[2024-06-22T13:12:23.981+0000] {logging_mixin.py:137} INFO - [2024-06-22T13:12:23.981+0000] {dag.py:2676} INFO - Sync 1 DAGs
[2024-06-22T13:12:24.011+0000] {logging_mixin.py:137} INFO - [2024-06-22T13:12:24.010+0000] {dag.py:3427} INFO - Setting next_dagrun for example_branch_python_operator_decorator to 2024-06-21T00:00:00+00:00, run_after=2024-06-22T00:00:00+00:00
[2024-06-22T13:12:24.037+0000] {processor.py:175} INFO - Processing /home/airflow/.local/lib/python3.7/site-packages/airflow/example_dags/example_branch_operator_decorator.py took 0.136 seconds
[2024-06-22T13:12:54.585+0000] {processor.py:153} INFO - Started process (PID=194) to work on /home/airflow/.local/lib/python3.7/site-packages/airflow/example_dags/example_branch_operator_decorator.py
[2024-06-22T13:12:54.586+0000] {processor.py:743} INFO - Processing file /home/airflow/.local/lib/python3.7/site-packages/airflow/example_dags/example_branch_operator_decorator.py for tasks to queue
[2024-06-22T13:12:54.587+0000] {logging_mixin.py:137} INFO - [2024-06-22T13:12:54.587+0000] {dagbag.py:538} INFO - Filling up the DagBag from /home/airflow/.local/lib/python3.7/site-packages/airflow/example_dags/example_branch_operator_decorator.py
[2024-06-22T13:12:54.616+0000] {processor.py:753} INFO - DAG(s) dict_keys(['example_branch_python_operator_decorator']) retrieved from /home/airflow/.local/lib/python3.7/site-packages/airflow/example_dags/example_branch_operator_decorator.py
[2024-06-22T13:12:54.651+0000] {logging_mixin.py:137} INFO - [2024-06-22T13:12:54.651+0000] {dag.py:2676} INFO - Sync 1 DAGs
[2024-06-22T13:12:54.678+0000] {logging_mixin.py:137} INFO - [2024-06-22T13:12:54.678+0000] {dag.py:3427} INFO - Setting next_dagrun for example_branch_python_operator_decorator to 2024-06-21T00:00:00+00:00, run_after=2024-06-22T00:00:00+00:00
[2024-06-22T13:12:54.702+0000] {processor.py:175} INFO - Processing /home/airflow/.local/lib/python3.7/site-packages/airflow/example_dags/example_branch_operator_decorator.py took 0.121 seconds
[2024-06-22T13:13:25.290+0000] {processor.py:153} INFO - Started process (PID=236) to work on /home/airflow/.local/lib/python3.7/site-packages/airflow/example_dags/example_branch_operator_decorator.py
[2024-06-22T13:13:25.291+0000] {processor.py:743} INFO - Processing file /home/airflow/.local/lib/python3.7/site-packages/airflow/example_dags/example_branch_operator_decorator.py for tasks to queue
[2024-06-22T13:13:25.292+0000] {logging_mixin.py:137} INFO - [2024-06-22T13:13:25.292+0000] {dagbag.py:538} INFO - Filling up the DagBag from /home/airflow/.local/lib/python3.7/site-packages/airflow/example_dags/example_branch_operator_decorator.py
[2024-06-22T13:13:25.315+0000] {processor.py:753} INFO - DAG(s) dict_keys(['example_branch_python_operator_decorator']) retrieved from /home/airflow/.local/lib/python3.7/site-packages/airflow/example_dags/example_branch_operator_decorator.py
[2024-06-22T13:13:25.353+0000] {logging_mixin.py:137} INFO - [2024-06-22T13:13:25.353+0000] {dag.py:2676} INFO - Sync 1 DAGs
[2024-06-22T13:13:25.380+0000] {logging_mixin.py:137} INFO - [2024-06-22T13:13:25.379+0000] {dag.py:3427} INFO - Setting next_dagrun for example_branch_python_operator_decorator to 2024-06-21T00:00:00+00:00, run_after=2024-06-22T00:00:00+00:00
[2024-06-22T13:13:25.406+0000] {processor.py:175} INFO - Processing /home/airflow/.local/lib/python3.7/site-packages/airflow/example_dags/example_branch_operator_decorator.py took 0.119 seconds
[2024-06-22T13:13:56.873+0000] {processor.py:153} INFO - Started process (PID=278) to work on /home/airflow/.local/lib/python3.7/site-packages/airflow/example_dags/example_branch_operator_decorator.py
[2024-06-22T13:13:56.875+0000] {processor.py:743} INFO - Processing file /home/airflow/.local/lib/python3.7/site-packages/airflow/example_dags/example_branch_operator_decorator.py for tasks to queue
[2024-06-22T13:13:56.876+0000] {logging_mixin.py:137} INFO - [2024-06-22T13:13:56.876+0000] {dagbag.py:538} INFO - Filling up the DagBag from /home/airflow/.local/lib/python3.7/site-packages/airflow/example_dags/example_branch_operator_decorator.py
[2024-06-22T13:13:56.903+0000] {processor.py:753} INFO - DAG(s) dict_keys(['example_branch_python_operator_decorator']) retrieved from /home/airflow/.local/lib/python3.7/site-packages/airflow/example_dags/example_branch_operator_decorator.py
[2024-06-22T13:13:56.949+0000] {logging_mixin.py:137} INFO - [2024-06-22T13:13:56.948+0000] {dag.py:2676} INFO - Sync 1 DAGs
[2024-06-22T13:13:56.982+0000] {logging_mixin.py:137} INFO - [2024-06-22T13:13:56.982+0000] {dag.py:3427} INFO - Setting next_dagrun for example_branch_python_operator_decorator to 2024-06-21T00:00:00+00:00, run_after=2024-06-22T00:00:00+00:00
[2024-06-22T13:13:57.011+0000] {processor.py:175} INFO - Processing /home/airflow/.local/lib/python3.7/site-packages/airflow/example_dags/example_branch_operator_decorator.py took 0.142 seconds
[2024-06-22T13:14:27.732+0000] {processor.py:153} INFO - Started process (PID=320) to work on /home/airflow/.local/lib/python3.7/site-packages/airflow/example_dags/example_branch_operator_decorator.py
[2024-06-22T13:14:27.733+0000] {processor.py:743} INFO - Processing file /home/airflow/.local/lib/python3.7/site-packages/airflow/example_dags/example_branch_operator_decorator.py for tasks to queue
[2024-06-22T13:14:27.734+0000] {logging_mixin.py:137} INFO - [2024-06-22T13:14:27.734+0000] {dagbag.py:538} INFO - Filling up the DagBag from /home/airflow/.local/lib/python3.7/site-packages/airflow/example_dags/example_branch_operator_decorator.py
[2024-06-22T13:14:27.765+0000] {processor.py:753} INFO - DAG(s) dict_keys(['example_branch_python_operator_decorator']) retrieved from /home/airflow/.local/lib/python3.7/site-packages/airflow/example_dags/example_branch_operator_decorator.py
[2024-06-22T13:14:27.809+0000] {logging_mixin.py:137} INFO - [2024-06-22T13:14:27.808+0000] {dag.py:2676} INFO - Sync 1 DAGs
[2024-06-22T13:14:27.853+0000] {logging_mixin.py:137} INFO - [2024-06-22T13:14:27.853+0000] {dag.py:3427} INFO - Setting next_dagrun for example_branch_python_operator_decorator to 2024-06-21T00:00:00+00:00, run_after=2024-06-22T00:00:00+00:00
[2024-06-22T13:14:27.885+0000] {processor.py:175} INFO - Processing /home/airflow/.local/lib/python3.7/site-packages/airflow/example_dags/example_branch_operator_decorator.py took 0.156 seconds
[2024-06-22T13:14:58.611+0000] {processor.py:153} INFO - Started process (PID=361) to work on /home/airflow/.local/lib/python3.7/site-packages/airflow/example_dags/example_branch_operator_decorator.py
[2024-06-22T13:14:58.613+0000] {processor.py:743} INFO - Processing file /home/airflow/.local/lib/python3.7/site-packages/airflow/example_dags/example_branch_operator_decorator.py for tasks to queue
[2024-06-22T13:14:58.614+0000] {logging_mixin.py:137} INFO - [2024-06-22T13:14:58.614+0000] {dagbag.py:538} INFO - Filling up the DagBag from /home/airflow/.local/lib/python3.7/site-packages/airflow/example_dags/example_branch_operator_decorator.py
[2024-06-22T13:14:58.648+0000] {processor.py:753} INFO - DAG(s) dict_keys(['example_branch_python_operator_decorator']) retrieved from /home/airflow/.local/lib/python3.7/site-packages/airflow/example_dags/example_branch_operator_decorator.py
[2024-06-22T13:14:58.691+0000] {logging_mixin.py:137} INFO - [2024-06-22T13:14:58.691+0000] {dag.py:2676} INFO - Sync 1 DAGs
[2024-06-22T13:14:58.724+0000] {logging_mixin.py:137} INFO - [2024-06-22T13:14:58.723+0000] {dag.py:3427} INFO - Setting next_dagrun for example_branch_python_operator_decorator to 2024-06-21T00:00:00+00:00, run_after=2024-06-22T00:00:00+00:00
[2024-06-22T13:14:58.752+0000] {processor.py:175} INFO - Processing /home/airflow/.local/lib/python3.7/site-packages/airflow/example_dags/example_branch_operator_decorator.py took 0.146 seconds
[2024-06-22T13:15:28.844+0000] {processor.py:153} INFO - Started process (PID=401) to work on /home/airflow/.local/lib/python3.7/site-packages/airflow/example_dags/example_branch_operator_decorator.py
[2024-06-22T13:15:28.845+0000] {processor.py:743} INFO - Processing file /home/airflow/.local/lib/python3.7/site-packages/airflow/example_dags/example_branch_operator_decorator.py for tasks to queue
[2024-06-22T13:15:28.846+0000] {logging_mixin.py:137} INFO - [2024-06-22T13:15:28.845+0000] {dagbag.py:538} INFO - Filling up the DagBag from /home/airflow/.local/lib/python3.7/site-packages/airflow/example_dags/example_branch_operator_decorator.py
[2024-06-22T13:15:28.869+0000] {processor.py:753} INFO - DAG(s) dict_keys(['example_branch_python_operator_decorator']) retrieved from /home/airflow/.local/lib/python3.7/site-packages/airflow/example_dags/example_branch_operator_decorator.py
[2024-06-22T13:15:28.912+0000] {logging_mixin.py:137} INFO - [2024-06-22T13:15:28.911+0000] {dag.py:2676} INFO - Sync 1 DAGs
[2024-06-22T13:15:28.946+0000] {logging_mixin.py:137} INFO - [2024-06-22T13:15:28.946+0000] {dag.py:3427} INFO - Setting next_dagrun for example_branch_python_operator_decorator to 2024-06-21T00:00:00+00:00, run_after=2024-06-22T00:00:00+00:00
[2024-06-22T13:15:28.976+0000] {processor.py:175} INFO - Processing /home/airflow/.local/lib/python3.7/site-packages/airflow/example_dags/example_branch_operator_decorator.py took 0.135 seconds
[2024-06-22T13:15:59.030+0000] {processor.py:153} INFO - Started process (PID=443) to work on /home/airflow/.local/lib/python3.7/site-packages/airflow/example_dags/example_branch_operator_decorator.py
[2024-06-22T13:15:59.031+0000] {processor.py:743} INFO - Processing file /home/airflow/.local/lib/python3.7/site-packages/airflow/example_dags/example_branch_operator_decorator.py for tasks to queue
[2024-06-22T13:15:59.032+0000] {logging_mixin.py:137} INFO - [2024-06-22T13:15:59.032+0000] {dagbag.py:538} INFO - Filling up the DagBag from /home/airflow/.local/lib/python3.7/site-packages/airflow/example_dags/example_branch_operator_decorator.py
[2024-06-22T13:15:59.066+0000] {processor.py:753} INFO - DAG(s) dict_keys(['example_branch_python_operator_decorator']) retrieved from /home/airflow/.local/lib/python3.7/site-packages/airflow/example_dags/example_branch_operator_decorator.py
[2024-06-22T13:15:59.111+0000] {logging_mixin.py:137} INFO - [2024-06-22T13:15:59.111+0000] {dag.py:2676} INFO - Sync 1 DAGs
[2024-06-22T13:15:59.139+0000] {logging_mixin.py:137} INFO - [2024-06-22T13:15:59.139+0000] {dag.py:3427} INFO - Setting next_dagrun for example_branch_python_operator_decorator to 2024-06-21T00:00:00+00:00, run_after=2024-06-22T00:00:00+00:00
[2024-06-22T13:15:59.162+0000] {processor.py:175} INFO - Processing /home/airflow/.local/lib/python3.7/site-packages/airflow/example_dags/example_branch_operator_decorator.py took 0.135 seconds
[2024-06-22T13:16:29.999+0000] {processor.py:153} INFO - Started process (PID=485) to work on /home/airflow/.local/lib/python3.7/site-packages/airflow/example_dags/example_branch_operator_decorator.py
[2024-06-22T13:16:30.001+0000] {processor.py:743} INFO - Processing file /home/airflow/.local/lib/python3.7/site-packages/airflow/example_dags/example_branch_operator_decorator.py for tasks to queue
[2024-06-22T13:16:30.002+0000] {logging_mixin.py:137} INFO - [2024-06-22T13:16:30.001+0000] {dagbag.py:538} INFO - Filling up the DagBag from /home/airflow/.local/lib/python3.7/site-packages/airflow/example_dags/example_branch_operator_decorator.py
[2024-06-22T13:16:30.033+0000] {processor.py:753} INFO - DAG(s) dict_keys(['example_branch_python_operator_decorator']) retrieved from /home/airflow/.local/lib/python3.7/site-packages/airflow/example_dags/example_branch_operator_decorator.py
[2024-06-22T13:16:30.075+0000] {logging_mixin.py:137} INFO - [2024-06-22T13:16:30.075+0000] {dag.py:2676} INFO - Sync 1 DAGs
[2024-06-22T13:16:30.101+0000] {logging_mixin.py:137} INFO - [2024-06-22T13:16:30.101+0000] {dag.py:3427} INFO - Setting next_dagrun for example_branch_python_operator_decorator to 2024-06-21T00:00:00+00:00, run_after=2024-06-22T00:00:00+00:00
[2024-06-22T13:16:30.128+0000] {processor.py:175} INFO - Processing /home/airflow/.local/lib/python3.7/site-packages/airflow/example_dags/example_branch_operator_decorator.py took 0.132 seconds
[2024-06-22T13:17:00.522+0000] {processor.py:153} INFO - Started process (PID=527) to work on /home/airflow/.local/lib/python3.7/site-packages/airflow/example_dags/example_branch_operator_decorator.py
[2024-06-22T13:17:00.523+0000] {processor.py:743} INFO - Processing file /home/airflow/.local/lib/python3.7/site-packages/airflow/example_dags/example_branch_operator_decorator.py for tasks to queue
[2024-06-22T13:17:00.524+0000] {logging_mixin.py:137} INFO - [2024-06-22T13:17:00.524+0000] {dagbag.py:538} INFO - Filling up the DagBag from /home/airflow/.local/lib/python3.7/site-packages/airflow/example_dags/example_branch_operator_decorator.py
[2024-06-22T13:17:00.549+0000] {processor.py:753} INFO - DAG(s) dict_keys(['example_branch_python_operator_decorator']) retrieved from /home/airflow/.local/lib/python3.7/site-packages/airflow/example_dags/example_branch_operator_decorator.py
[2024-06-22T13:17:00.591+0000] {logging_mixin.py:137} INFO - [2024-06-22T13:17:00.591+0000] {dag.py:2676} INFO - Sync 1 DAGs
[2024-06-22T13:17:00.621+0000] {logging_mixin.py:137} INFO - [2024-06-22T13:17:00.621+0000] {dag.py:3427} INFO - Setting next_dagrun for example_branch_python_operator_decorator to 2024-06-21T00:00:00+00:00, run_after=2024-06-22T00:00:00+00:00
[2024-06-22T13:17:00.647+0000] {processor.py:175} INFO - Processing /home/airflow/.local/lib/python3.7/site-packages/airflow/example_dags/example_branch_operator_decorator.py took 0.128 seconds
[2024-06-22T13:17:31.316+0000] {processor.py:153} INFO - Started process (PID=569) to work on /home/airflow/.local/lib/python3.7/site-packages/airflow/example_dags/example_branch_operator_decorator.py
[2024-06-22T13:17:31.317+0000] {processor.py:743} INFO - Processing file /home/airflow/.local/lib/python3.7/site-packages/airflow/example_dags/example_branch_operator_decorator.py for tasks to queue
[2024-06-22T13:17:31.318+0000] {logging_mixin.py:137} INFO - [2024-06-22T13:17:31.318+0000] {dagbag.py:538} INFO - Filling up the DagBag from /home/airflow/.local/lib/python3.7/site-packages/airflow/example_dags/example_branch_operator_decorator.py
[2024-06-22T13:17:31.353+0000] {processor.py:753} INFO - DAG(s) dict_keys(['example_branch_python_operator_decorator']) retrieved from /home/airflow/.local/lib/python3.7/site-packages/airflow/example_dags/example_branch_operator_decorator.py
[2024-06-22T13:17:31.404+0000] {logging_mixin.py:137} INFO - [2024-06-22T13:17:31.404+0000] {dag.py:2676} INFO - Sync 1 DAGs
[2024-06-22T13:17:31.435+0000] {logging_mixin.py:137} INFO - [2024-06-22T13:17:31.435+0000] {dag.py:3427} INFO - Setting next_dagrun for example_branch_python_operator_decorator to 2024-06-21T00:00:00+00:00, run_after=2024-06-22T00:00:00+00:00
[2024-06-22T13:17:31.462+0000] {processor.py:175} INFO - Processing /home/airflow/.local/lib/python3.7/site-packages/airflow/example_dags/example_branch_operator_decorator.py took 0.150 seconds
[2024-06-22T13:18:01.678+0000] {processor.py:153} INFO - Started process (PID=611) to work on /home/airflow/.local/lib/python3.7/site-packages/airflow/example_dags/example_branch_operator_decorator.py
[2024-06-22T13:18:01.680+0000] {processor.py:743} INFO - Processing file /home/airflow/.local/lib/python3.7/site-packages/airflow/example_dags/example_branch_operator_decorator.py for tasks to queue
[2024-06-22T13:18:01.681+0000] {logging_mixin.py:137} INFO - [2024-06-22T13:18:01.681+0000] {dagbag.py:538} INFO - Filling up the DagBag from /home/airflow/.local/lib/python3.7/site-packages/airflow/example_dags/example_branch_operator_decorator.py
[2024-06-22T13:18:01.708+0000] {processor.py:753} INFO - DAG(s) dict_keys(['example_branch_python_operator_decorator']) retrieved from /home/airflow/.local/lib/python3.7/site-packages/airflow/example_dags/example_branch_operator_decorator.py
[2024-06-22T13:18:01.763+0000] {logging_mixin.py:137} INFO - [2024-06-22T13:18:01.763+0000] {dag.py:2676} INFO - Sync 1 DAGs
[2024-06-22T13:18:01.791+0000] {logging_mixin.py:137} INFO - [2024-06-22T13:18:01.791+0000] {dag.py:3427} INFO - Setting next_dagrun for example_branch_python_operator_decorator to 2024-06-21T00:00:00+00:00, run_after=2024-06-22T00:00:00+00:00
[2024-06-22T13:18:01.816+0000] {processor.py:175} INFO - Processing /home/airflow/.local/lib/python3.7/site-packages/airflow/example_dags/example_branch_operator_decorator.py took 0.142 seconds
[2024-06-22T13:18:32.194+0000] {processor.py:153} INFO - Started process (PID=653) to work on /home/airflow/.local/lib/python3.7/site-packages/airflow/example_dags/example_branch_operator_decorator.py
[2024-06-22T13:18:32.195+0000] {processor.py:743} INFO - Processing file /home/airflow/.local/lib/python3.7/site-packages/airflow/example_dags/example_branch_operator_decorator.py for tasks to queue
[2024-06-22T13:18:32.196+0000] {logging_mixin.py:137} INFO - [2024-06-22T13:18:32.196+0000] {dagbag.py:538} INFO - Filling up the DagBag from /home/airflow/.local/lib/python3.7/site-packages/airflow/example_dags/example_branch_operator_decorator.py
[2024-06-22T13:18:32.223+0000] {processor.py:753} INFO - DAG(s) dict_keys(['example_branch_python_operator_decorator']) retrieved from /home/airflow/.local/lib/python3.7/site-packages/airflow/example_dags/example_branch_operator_decorator.py
[2024-06-22T13:18:32.270+0000] {logging_mixin.py:137} INFO - [2024-06-22T13:18:32.270+0000] {dag.py:2676} INFO - Sync 1 DAGs
[2024-06-22T13:18:32.298+0000] {logging_mixin.py:137} INFO - [2024-06-22T13:18:32.298+0000] {dag.py:3427} INFO - Setting next_dagrun for example_branch_python_operator_decorator to 2024-06-21T00:00:00+00:00, run_after=2024-06-22T00:00:00+00:00
[2024-06-22T13:18:32.324+0000] {processor.py:175} INFO - Processing /home/airflow/.local/lib/python3.7/site-packages/airflow/example_dags/example_branch_operator_decorator.py took 0.134 seconds
[2024-06-22T13:19:02.414+0000] {processor.py:153} INFO - Started process (PID=695) to work on /home/airflow/.local/lib/python3.7/site-packages/airflow/example_dags/example_branch_operator_decorator.py
[2024-06-22T13:19:02.415+0000] {processor.py:743} INFO - Processing file /home/airflow/.local/lib/python3.7/site-packages/airflow/example_dags/example_branch_operator_decorator.py for tasks to queue
[2024-06-22T13:19:02.416+0000] {logging_mixin.py:137} INFO - [2024-06-22T13:19:02.416+0000] {dagbag.py:538} INFO - Filling up the DagBag from /home/airflow/.local/lib/python3.7/site-packages/airflow/example_dags/example_branch_operator_decorator.py
[2024-06-22T13:19:02.454+0000] {processor.py:753} INFO - DAG(s) dict_keys(['example_branch_python_operator_decorator']) retrieved from /home/airflow/.local/lib/python3.7/site-packages/airflow/example_dags/example_branch_operator_decorator.py
[2024-06-22T13:19:02.506+0000] {logging_mixin.py:137} INFO - [2024-06-22T13:19:02.506+0000] {dag.py:2676} INFO - Sync 1 DAGs
[2024-06-22T13:19:02.550+0000] {logging_mixin.py:137} INFO - [2024-06-22T13:19:02.550+0000] {dag.py:3427} INFO - Setting next_dagrun for example_branch_python_operator_decorator to 2024-06-21T00:00:00+00:00, run_after=2024-06-22T00:00:00+00:00
[2024-06-22T13:19:02.577+0000] {processor.py:175} INFO - Processing /home/airflow/.local/lib/python3.7/site-packages/airflow/example_dags/example_branch_operator_decorator.py took 0.169 seconds
[2024-06-22T13:19:32.762+0000] {processor.py:153} INFO - Started process (PID=737) to work on /home/airflow/.local/lib/python3.7/site-packages/airflow/example_dags/example_branch_operator_decorator.py
[2024-06-22T13:19:32.763+0000] {processor.py:743} INFO - Processing file /home/airflow/.local/lib/python3.7/site-packages/airflow/example_dags/example_branch_operator_decorator.py for tasks to queue
[2024-06-22T13:19:32.764+0000] {logging_mixin.py:137} INFO - [2024-06-22T13:19:32.764+0000] {dagbag.py:538} INFO - Filling up the DagBag from /home/airflow/.local/lib/python3.7/site-packages/airflow/example_dags/example_branch_operator_decorator.py
[2024-06-22T13:19:32.792+0000] {processor.py:753} INFO - DAG(s) dict_keys(['example_branch_python_operator_decorator']) retrieved from /home/airflow/.local/lib/python3.7/site-packages/airflow/example_dags/example_branch_operator_decorator.py
[2024-06-22T13:19:32.835+0000] {logging_mixin.py:137} INFO - [2024-06-22T13:19:32.835+0000] {dag.py:2676} INFO - Sync 1 DAGs
[2024-06-22T13:19:32.864+0000] {logging_mixin.py:137} INFO - [2024-06-22T13:19:32.864+0000] {dag.py:3427} INFO - Setting next_dagrun for example_branch_python_operator_decorator to 2024-06-21T00:00:00+00:00, run_after=2024-06-22T00:00:00+00:00
[2024-06-22T13:19:32.890+0000] {processor.py:175} INFO - Processing /home/airflow/.local/lib/python3.7/site-packages/airflow/example_dags/example_branch_operator_decorator.py took 0.132 seconds
[2024-06-22T13:20:03.143+0000] {processor.py:153} INFO - Started process (PID=779) to work on /home/airflow/.local/lib/python3.7/site-packages/airflow/example_dags/example_branch_operator_decorator.py
[2024-06-22T13:20:03.144+0000] {processor.py:743} INFO - Processing file /home/airflow/.local/lib/python3.7/site-packages/airflow/example_dags/example_branch_operator_decorator.py for tasks to queue
[2024-06-22T13:20:03.145+0000] {logging_mixin.py:137} INFO - [2024-06-22T13:20:03.145+0000] {dagbag.py:538} INFO - Filling up the DagBag from /home/airflow/.local/lib/python3.7/site-packages/airflow/example_dags/example_branch_operator_decorator.py
[2024-06-22T13:20:03.183+0000] {processor.py:753} INFO - DAG(s) dict_keys(['example_branch_python_operator_decorator']) retrieved from /home/airflow/.local/lib/python3.7/site-packages/airflow/example_dags/example_branch_operator_decorator.py
[2024-06-22T13:20:03.232+0000] {logging_mixin.py:137} INFO - [2024-06-22T13:20:03.232+0000] {dag.py:2676} INFO - Sync 1 DAGs
[2024-06-22T13:20:03.270+0000] {logging_mixin.py:137} INFO - [2024-06-22T13:20:03.270+0000] {dag.py:3427} INFO - Setting next_dagrun for example_branch_python_operator_decorator to 2024-06-21T00:00:00+00:00, run_after=2024-06-22T00:00:00+00:00
[2024-06-22T13:20:03.296+0000] {processor.py:175} INFO - Processing /home/airflow/.local/lib/python3.7/site-packages/airflow/example_dags/example_branch_operator_decorator.py took 0.158 seconds
[2024-06-22T13:20:33.433+0000] {processor.py:153} INFO - Started process (PID=821) to work on /home/airflow/.local/lib/python3.7/site-packages/airflow/example_dags/example_branch_operator_decorator.py
[2024-06-22T13:20:33.434+0000] {processor.py:743} INFO - Processing file /home/airflow/.local/lib/python3.7/site-packages/airflow/example_dags/example_branch_operator_decorator.py for tasks to queue
[2024-06-22T13:20:33.436+0000] {logging_mixin.py:137} INFO - [2024-06-22T13:20:33.435+0000] {dagbag.py:538} INFO - Filling up the DagBag from /home/airflow/.local/lib/python3.7/site-packages/airflow/example_dags/example_branch_operator_decorator.py
[2024-06-22T13:20:33.463+0000] {processor.py:753} INFO - DAG(s) dict_keys(['example_branch_python_operator_decorator']) retrieved from /home/airflow/.local/lib/python3.7/site-packages/airflow/example_dags/example_branch_operator_decorator.py
[2024-06-22T13:20:33.508+0000] {logging_mixin.py:137} INFO - [2024-06-22T13:20:33.508+0000] {dag.py:2676} INFO - Sync 1 DAGs
[2024-06-22T13:20:33.547+0000] {logging_mixin.py:137} INFO - [2024-06-22T13:20:33.547+0000] {dag.py:3427} INFO - Setting next_dagrun for example_branch_python_operator_decorator to 2024-06-21T00:00:00+00:00, run_after=2024-06-22T00:00:00+00:00
[2024-06-22T13:20:33.574+0000] {processor.py:175} INFO - Processing /home/airflow/.local/lib/python3.7/site-packages/airflow/example_dags/example_branch_operator_decorator.py took 0.146 seconds
[2024-06-22T13:21:04.132+0000] {processor.py:153} INFO - Started process (PID=863) to work on /home/airflow/.local/lib/python3.7/site-packages/airflow/example_dags/example_branch_operator_decorator.py
[2024-06-22T13:21:04.133+0000] {processor.py:743} INFO - Processing file /home/airflow/.local/lib/python3.7/site-packages/airflow/example_dags/example_branch_operator_decorator.py for tasks to queue
[2024-06-22T13:21:04.134+0000] {logging_mixin.py:137} INFO - [2024-06-22T13:21:04.134+0000] {dagbag.py:538} INFO - Filling up the DagBag from /home/airflow/.local/lib/python3.7/site-packages/airflow/example_dags/example_branch_operator_decorator.py
[2024-06-22T13:21:04.168+0000] {processor.py:753} INFO - DAG(s) dict_keys(['example_branch_python_operator_decorator']) retrieved from /home/airflow/.local/lib/python3.7/site-packages/airflow/example_dags/example_branch_operator_decorator.py
[2024-06-22T13:21:04.220+0000] {logging_mixin.py:137} INFO - [2024-06-22T13:21:04.220+0000] {dag.py:2676} INFO - Sync 1 DAGs
[2024-06-22T13:21:04.253+0000] {logging_mixin.py:137} INFO - [2024-06-22T13:21:04.252+0000] {dag.py:3427} INFO - Setting next_dagrun for example_branch_python_operator_decorator to 2024-06-21T00:00:00+00:00, run_after=2024-06-22T00:00:00+00:00
[2024-06-22T13:21:04.275+0000] {processor.py:175} INFO - Processing /home/airflow/.local/lib/python3.7/site-packages/airflow/example_dags/example_branch_operator_decorator.py took 0.150 seconds
[2024-06-22T13:21:34.447+0000] {processor.py:153} INFO - Started process (PID=905) to work on /home/airflow/.local/lib/python3.7/site-packages/airflow/example_dags/example_branch_operator_decorator.py
[2024-06-22T13:21:34.448+0000] {processor.py:743} INFO - Processing file /home/airflow/.local/lib/python3.7/site-packages/airflow/example_dags/example_branch_operator_decorator.py for tasks to queue
[2024-06-22T13:21:34.449+0000] {logging_mixin.py:137} INFO - [2024-06-22T13:21:34.449+0000] {dagbag.py:538} INFO - Filling up the DagBag from /home/airflow/.local/lib/python3.7/site-packages/airflow/example_dags/example_branch_operator_decorator.py
[2024-06-22T13:21:34.480+0000] {processor.py:753} INFO - DAG(s) dict_keys(['example_branch_python_operator_decorator']) retrieved from /home/airflow/.local/lib/python3.7/site-packages/airflow/example_dags/example_branch_operator_decorator.py
[2024-06-22T13:21:34.528+0000] {logging_mixin.py:137} INFO - [2024-06-22T13:21:34.528+0000] {dag.py:2676} INFO - Sync 1 DAGs
[2024-06-22T13:21:34.556+0000] {logging_mixin.py:137} INFO - [2024-06-22T13:21:34.556+0000] {dag.py:3427} INFO - Setting next_dagrun for example_branch_python_operator_decorator to 2024-06-21T00:00:00+00:00, run_after=2024-06-22T00:00:00+00:00
[2024-06-22T13:21:34.581+0000] {processor.py:175} INFO - Processing /home/airflow/.local/lib/python3.7/site-packages/airflow/example_dags/example_branch_operator_decorator.py took 0.138 seconds
[2024-06-22T13:22:04.957+0000] {processor.py:153} INFO - Started process (PID=947) to work on /home/airflow/.local/lib/python3.7/site-packages/airflow/example_dags/example_branch_operator_decorator.py
[2024-06-22T13:22:04.958+0000] {processor.py:743} INFO - Processing file /home/airflow/.local/lib/python3.7/site-packages/airflow/example_dags/example_branch_operator_decorator.py for tasks to queue
[2024-06-22T13:22:04.960+0000] {logging_mixin.py:137} INFO - [2024-06-22T13:22:04.960+0000] {dagbag.py:538} INFO - Filling up the DagBag from /home/airflow/.local/lib/python3.7/site-packages/airflow/example_dags/example_branch_operator_decorator.py
[2024-06-22T13:22:04.986+0000] {processor.py:753} INFO - DAG(s) dict_keys(['example_branch_python_operator_decorator']) retrieved from /home/airflow/.local/lib/python3.7/site-packages/airflow/example_dags/example_branch_operator_decorator.py
[2024-06-22T13:22:05.038+0000] {logging_mixin.py:137} INFO - [2024-06-22T13:22:05.038+0000] {dag.py:2676} INFO - Sync 1 DAGs
[2024-06-22T13:22:05.065+0000] {logging_mixin.py:137} INFO - [2024-06-22T13:22:05.065+0000] {dag.py:3427} INFO - Setting next_dagrun for example_branch_python_operator_decorator to 2024-06-21T00:00:00+00:00, run_after=2024-06-22T00:00:00+00:00
[2024-06-22T13:22:05.090+0000] {processor.py:175} INFO - Processing /home/airflow/.local/lib/python3.7/site-packages/airflow/example_dags/example_branch_operator_decorator.py took 0.136 seconds
[2024-06-22T13:22:35.302+0000] {processor.py:153} INFO - Started process (PID=989) to work on /home/airflow/.local/lib/python3.7/site-packages/airflow/example_dags/example_branch_operator_decorator.py
[2024-06-22T13:22:35.304+0000] {processor.py:743} INFO - Processing file /home/airflow/.local/lib/python3.7/site-packages/airflow/example_dags/example_branch_operator_decorator.py for tasks to queue
[2024-06-22T13:22:35.305+0000] {logging_mixin.py:137} INFO - [2024-06-22T13:22:35.305+0000] {dagbag.py:538} INFO - Filling up the DagBag from /home/airflow/.local/lib/python3.7/site-packages/airflow/example_dags/example_branch_operator_decorator.py
[2024-06-22T13:22:35.344+0000] {processor.py:753} INFO - DAG(s) dict_keys(['example_branch_python_operator_decorator']) retrieved from /home/airflow/.local/lib/python3.7/site-packages/airflow/example_dags/example_branch_operator_decorator.py
[2024-06-22T13:22:35.412+0000] {logging_mixin.py:137} INFO - [2024-06-22T13:22:35.411+0000] {dag.py:2676} INFO - Sync 1 DAGs
[2024-06-22T13:22:35.446+0000] {logging_mixin.py:137} INFO - [2024-06-22T13:22:35.446+0000] {dag.py:3427} INFO - Setting next_dagrun for example_branch_python_operator_decorator to 2024-06-21T00:00:00+00:00, run_after=2024-06-22T00:00:00+00:00
[2024-06-22T13:22:35.469+0000] {processor.py:175} INFO - Processing /home/airflow/.local/lib/python3.7/site-packages/airflow/example_dags/example_branch_operator_decorator.py took 0.171 seconds
[2024-06-22T13:23:05.651+0000] {processor.py:153} INFO - Started process (PID=1031) to work on /home/airflow/.local/lib/python3.7/site-packages/airflow/example_dags/example_branch_operator_decorator.py
[2024-06-22T13:23:05.652+0000] {processor.py:743} INFO - Processing file /home/airflow/.local/lib/python3.7/site-packages/airflow/example_dags/example_branch_operator_decorator.py for tasks to queue
[2024-06-22T13:23:05.654+0000] {logging_mixin.py:137} INFO - [2024-06-22T13:23:05.654+0000] {dagbag.py:538} INFO - Filling up the DagBag from /home/airflow/.local/lib/python3.7/site-packages/airflow/example_dags/example_branch_operator_decorator.py
[2024-06-22T13:23:05.681+0000] {processor.py:753} INFO - DAG(s) dict_keys(['example_branch_python_operator_decorator']) retrieved from /home/airflow/.local/lib/python3.7/site-packages/airflow/example_dags/example_branch_operator_decorator.py
[2024-06-22T13:23:05.732+0000] {logging_mixin.py:137} INFO - [2024-06-22T13:23:05.732+0000] {dag.py:2676} INFO - Sync 1 DAGs
[2024-06-22T13:23:05.761+0000] {logging_mixin.py:137} INFO - [2024-06-22T13:23:05.761+0000] {dag.py:3427} INFO - Setting next_dagrun for example_branch_python_operator_decorator to 2024-06-21T00:00:00+00:00, run_after=2024-06-22T00:00:00+00:00
[2024-06-22T13:23:05.785+0000] {processor.py:175} INFO - Processing /home/airflow/.local/lib/python3.7/site-packages/airflow/example_dags/example_branch_operator_decorator.py took 0.139 seconds
[2024-06-22T13:23:36.149+0000] {processor.py:153} INFO - Started process (PID=1073) to work on /home/airflow/.local/lib/python3.7/site-packages/airflow/example_dags/example_branch_operator_decorator.py
[2024-06-22T13:23:36.150+0000] {processor.py:743} INFO - Processing file /home/airflow/.local/lib/python3.7/site-packages/airflow/example_dags/example_branch_operator_decorator.py for tasks to queue
[2024-06-22T13:23:36.151+0000] {logging_mixin.py:137} INFO - [2024-06-22T13:23:36.151+0000] {dagbag.py:538} INFO - Filling up the DagBag from /home/airflow/.local/lib/python3.7/site-packages/airflow/example_dags/example_branch_operator_decorator.py
[2024-06-22T13:23:36.178+0000] {processor.py:753} INFO - DAG(s) dict_keys(['example_branch_python_operator_decorator']) retrieved from /home/airflow/.local/lib/python3.7/site-packages/airflow/example_dags/example_branch_operator_decorator.py
[2024-06-22T13:23:36.223+0000] {logging_mixin.py:137} INFO - [2024-06-22T13:23:36.223+0000] {dag.py:2676} INFO - Sync 1 DAGs
[2024-06-22T13:23:36.254+0000] {logging_mixin.py:137} INFO - [2024-06-22T13:23:36.254+0000] {dag.py:3427} INFO - Setting next_dagrun for example_branch_python_operator_decorator to 2024-06-21T00:00:00+00:00, run_after=2024-06-22T00:00:00+00:00
[2024-06-22T13:23:36.288+0000] {processor.py:175} INFO - Processing /home/airflow/.local/lib/python3.7/site-packages/airflow/example_dags/example_branch_operator_decorator.py took 0.145 seconds
[2024-06-22T13:24:06.336+0000] {processor.py:153} INFO - Started process (PID=1115) to work on /home/airflow/.local/lib/python3.7/site-packages/airflow/example_dags/example_branch_operator_decorator.py
[2024-06-22T13:24:06.338+0000] {processor.py:743} INFO - Processing file /home/airflow/.local/lib/python3.7/site-packages/airflow/example_dags/example_branch_operator_decorator.py for tasks to queue
[2024-06-22T13:24:06.339+0000] {logging_mixin.py:137} INFO - [2024-06-22T13:24:06.339+0000] {dagbag.py:538} INFO - Filling up the DagBag from /home/airflow/.local/lib/python3.7/site-packages/airflow/example_dags/example_branch_operator_decorator.py
[2024-06-22T13:24:06.367+0000] {processor.py:753} INFO - DAG(s) dict_keys(['example_branch_python_operator_decorator']) retrieved from /home/airflow/.local/lib/python3.7/site-packages/airflow/example_dags/example_branch_operator_decorator.py
[2024-06-22T13:24:06.406+0000] {logging_mixin.py:137} INFO - [2024-06-22T13:24:06.406+0000] {dag.py:2676} INFO - Sync 1 DAGs
[2024-06-22T13:24:06.435+0000] {logging_mixin.py:137} INFO - [2024-06-22T13:24:06.435+0000] {dag.py:3427} INFO - Setting next_dagrun for example_branch_python_operator_decorator to 2024-06-21T00:00:00+00:00, run_after=2024-06-22T00:00:00+00:00
[2024-06-22T13:24:06.460+0000] {processor.py:175} INFO - Processing /home/airflow/.local/lib/python3.7/site-packages/airflow/example_dags/example_branch_operator_decorator.py took 0.128 seconds
[2024-06-22T13:24:36.713+0000] {processor.py:153} INFO - Started process (PID=1154) to work on /home/airflow/.local/lib/python3.7/site-packages/airflow/example_dags/example_branch_operator_decorator.py
[2024-06-22T13:24:36.715+0000] {processor.py:743} INFO - Processing file /home/airflow/.local/lib/python3.7/site-packages/airflow/example_dags/example_branch_operator_decorator.py for tasks to queue
[2024-06-22T13:24:36.718+0000] {logging_mixin.py:137} INFO - [2024-06-22T13:24:36.718+0000] {dagbag.py:538} INFO - Filling up the DagBag from /home/airflow/.local/lib/python3.7/site-packages/airflow/example_dags/example_branch_operator_decorator.py
[2024-06-22T13:24:36.765+0000] {processor.py:753} INFO - DAG(s) dict_keys(['example_branch_python_operator_decorator']) retrieved from /home/airflow/.local/lib/python3.7/site-packages/airflow/example_dags/example_branch_operator_decorator.py
[2024-06-22T13:24:36.807+0000] {logging_mixin.py:137} INFO - [2024-06-22T13:24:36.807+0000] {dag.py:2676} INFO - Sync 1 DAGs
[2024-06-22T13:24:36.840+0000] {logging_mixin.py:137} INFO - [2024-06-22T13:24:36.840+0000] {dag.py:3427} INFO - Setting next_dagrun for example_branch_python_operator_decorator to 2024-06-21T00:00:00+00:00, run_after=2024-06-22T00:00:00+00:00
[2024-06-22T13:24:36.871+0000] {processor.py:175} INFO - Processing /home/airflow/.local/lib/python3.7/site-packages/airflow/example_dags/example_branch_operator_decorator.py took 0.162 seconds
[2024-06-22T13:25:07.028+0000] {processor.py:153} INFO - Started process (PID=1193) to work on /home/airflow/.local/lib/python3.7/site-packages/airflow/example_dags/example_branch_operator_decorator.py
[2024-06-22T13:25:07.030+0000] {processor.py:743} INFO - Processing file /home/airflow/.local/lib/python3.7/site-packages/airflow/example_dags/example_branch_operator_decorator.py for tasks to queue
[2024-06-22T13:25:07.030+0000] {logging_mixin.py:137} INFO - [2024-06-22T13:25:07.030+0000] {dagbag.py:538} INFO - Filling up the DagBag from /home/airflow/.local/lib/python3.7/site-packages/airflow/example_dags/example_branch_operator_decorator.py
[2024-06-22T13:25:07.059+0000] {processor.py:753} INFO - DAG(s) dict_keys(['example_branch_python_operator_decorator']) retrieved from /home/airflow/.local/lib/python3.7/site-packages/airflow/example_dags/example_branch_operator_decorator.py
[2024-06-22T13:25:07.105+0000] {logging_mixin.py:137} INFO - [2024-06-22T13:25:07.105+0000] {dag.py:2676} INFO - Sync 1 DAGs
[2024-06-22T13:25:07.134+0000] {logging_mixin.py:137} INFO - [2024-06-22T13:25:07.134+0000] {dag.py:3427} INFO - Setting next_dagrun for example_branch_python_operator_decorator to 2024-06-21T00:00:00+00:00, run_after=2024-06-22T00:00:00+00:00
[2024-06-22T13:25:07.157+0000] {processor.py:175} INFO - Processing /home/airflow/.local/lib/python3.7/site-packages/airflow/example_dags/example_branch_operator_decorator.py took 0.132 seconds
[2024-06-22T13:25:37.631+0000] {processor.py:153} INFO - Started process (PID=1232) to work on /home/airflow/.local/lib/python3.7/site-packages/airflow/example_dags/example_branch_operator_decorator.py
[2024-06-22T13:25:37.632+0000] {processor.py:743} INFO - Processing file /home/airflow/.local/lib/python3.7/site-packages/airflow/example_dags/example_branch_operator_decorator.py for tasks to queue
[2024-06-22T13:25:37.633+0000] {logging_mixin.py:137} INFO - [2024-06-22T13:25:37.633+0000] {dagbag.py:538} INFO - Filling up the DagBag from /home/airflow/.local/lib/python3.7/site-packages/airflow/example_dags/example_branch_operator_decorator.py
[2024-06-22T13:25:37.659+0000] {processor.py:753} INFO - DAG(s) dict_keys(['example_branch_python_operator_decorator']) retrieved from /home/airflow/.local/lib/python3.7/site-packages/airflow/example_dags/example_branch_operator_decorator.py
[2024-06-22T13:25:37.703+0000] {logging_mixin.py:137} INFO - [2024-06-22T13:25:37.702+0000] {dag.py:2676} INFO - Sync 1 DAGs
[2024-06-22T13:25:37.729+0000] {logging_mixin.py:137} INFO - [2024-06-22T13:25:37.729+0000] {dag.py:3427} INFO - Setting next_dagrun for example_branch_python_operator_decorator to 2024-06-21T00:00:00+00:00, run_after=2024-06-22T00:00:00+00:00
[2024-06-22T13:25:37.753+0000] {processor.py:175} INFO - Processing /home/airflow/.local/lib/python3.7/site-packages/airflow/example_dags/example_branch_operator_decorator.py took 0.125 seconds
