[2024-06-22T13:11:23.477+0000] {processor.py:153} INFO - Started process (PID=78) to work on /home/airflow/.local/lib/python3.7/site-packages/airflow/example_dags/example_branch_datetime_operator.py
[2024-06-22T13:11:23.479+0000] {processor.py:743} INFO - Processing file /home/airflow/.local/lib/python3.7/site-packages/airflow/example_dags/example_branch_datetime_operator.py for tasks to queue
[2024-06-22T13:11:23.480+0000] {logging_mixin.py:137} INFO - [2024-06-22T13:11:23.480+0000] {dagbag.py:538} INFO - Filling up the DagBag from /home/airflow/.local/lib/python3.7/site-packages/airflow/example_dags/example_branch_datetime_operator.py
[2024-06-22T13:11:23.506+0000] {processor.py:753} INFO - DAG(s) dict_keys(['example_branch_datetime_operator_3', 'example_branch_datetime_operator_2', 'example_branch_datetime_operator']) retrieved from /home/airflow/.local/lib/python3.7/site-packages/airflow/example_dags/example_branch_datetime_operator.py
[2024-06-22T13:11:23.567+0000] {logging_mixin.py:137} INFO - [2024-06-22T13:11:23.567+0000] {dag.py:2676} INFO - Sync 3 DAGs
[2024-06-22T13:11:23.606+0000] {logging_mixin.py:137} INFO - [2024-06-22T13:11:23.606+0000] {dag.py:3427} INFO - Setting next_dagrun for example_branch_datetime_operator to 2024-06-21T00:00:00+00:00, run_after=2024-06-22T00:00:00+00:00
[2024-06-22T13:11:23.614+0000] {logging_mixin.py:137} INFO - [2024-06-22T13:11:23.614+0000] {dag.py:3427} INFO - Setting next_dagrun for example_branch_datetime_operator_2 to 2024-06-21T00:00:00+00:00, run_after=2024-06-22T00:00:00+00:00
[2024-06-22T13:11:23.620+0000] {logging_mixin.py:137} INFO - [2024-06-22T13:11:23.620+0000] {dag.py:3427} INFO - Setting next_dagrun for example_branch_datetime_operator_3 to 2024-06-21T00:00:00+00:00, run_after=2024-06-22T00:00:00+00:00
[2024-06-22T13:11:23.648+0000] {processor.py:175} INFO - Processing /home/airflow/.local/lib/python3.7/site-packages/airflow/example_dags/example_branch_datetime_operator.py took 0.175 seconds
[2024-06-22T13:11:53.992+0000] {processor.py:153} INFO - Started process (PID=120) to work on /home/airflow/.local/lib/python3.7/site-packages/airflow/example_dags/example_branch_datetime_operator.py
[2024-06-22T13:11:53.994+0000] {processor.py:743} INFO - Processing file /home/airflow/.local/lib/python3.7/site-packages/airflow/example_dags/example_branch_datetime_operator.py for tasks to queue
[2024-06-22T13:11:53.995+0000] {logging_mixin.py:137} INFO - [2024-06-22T13:11:53.995+0000] {dagbag.py:538} INFO - Filling up the DagBag from /home/airflow/.local/lib/python3.7/site-packages/airflow/example_dags/example_branch_datetime_operator.py
[2024-06-22T13:11:54.023+0000] {processor.py:753} INFO - DAG(s) dict_keys(['example_branch_datetime_operator_2', 'example_branch_datetime_operator', 'example_branch_datetime_operator_3']) retrieved from /home/airflow/.local/lib/python3.7/site-packages/airflow/example_dags/example_branch_datetime_operator.py
[2024-06-22T13:11:54.059+0000] {logging_mixin.py:137} INFO - [2024-06-22T13:11:54.059+0000] {dag.py:2676} INFO - Sync 3 DAGs
[2024-06-22T13:11:54.106+0000] {logging_mixin.py:137} INFO - [2024-06-22T13:11:54.106+0000] {dag.py:3427} INFO - Setting next_dagrun for example_branch_datetime_operator to 2024-06-21T00:00:00+00:00, run_after=2024-06-22T00:00:00+00:00
[2024-06-22T13:11:54.114+0000] {logging_mixin.py:137} INFO - [2024-06-22T13:11:54.113+0000] {dag.py:3427} INFO - Setting next_dagrun for example_branch_datetime_operator_2 to 2024-06-21T00:00:00+00:00, run_after=2024-06-22T00:00:00+00:00
[2024-06-22T13:11:54.119+0000] {logging_mixin.py:137} INFO - [2024-06-22T13:11:54.119+0000] {dag.py:3427} INFO - Setting next_dagrun for example_branch_datetime_operator_3 to 2024-06-21T00:00:00+00:00, run_after=2024-06-22T00:00:00+00:00
[2024-06-22T13:11:54.148+0000] {processor.py:175} INFO - Processing /home/airflow/.local/lib/python3.7/site-packages/airflow/example_dags/example_branch_datetime_operator.py took 0.159 seconds
[2024-06-22T13:12:24.718+0000] {processor.py:153} INFO - Started process (PID=162) to work on /home/airflow/.local/lib/python3.7/site-packages/airflow/example_dags/example_branch_datetime_operator.py
[2024-06-22T13:12:24.719+0000] {processor.py:743} INFO - Processing file /home/airflow/.local/lib/python3.7/site-packages/airflow/example_dags/example_branch_datetime_operator.py for tasks to queue
[2024-06-22T13:12:24.720+0000] {logging_mixin.py:137} INFO - [2024-06-22T13:12:24.720+0000] {dagbag.py:538} INFO - Filling up the DagBag from /home/airflow/.local/lib/python3.7/site-packages/airflow/example_dags/example_branch_datetime_operator.py
[2024-06-22T13:12:24.743+0000] {processor.py:753} INFO - DAG(s) dict_keys(['example_branch_datetime_operator_3', 'example_branch_datetime_operator_2', 'example_branch_datetime_operator']) retrieved from /home/airflow/.local/lib/python3.7/site-packages/airflow/example_dags/example_branch_datetime_operator.py
[2024-06-22T13:12:24.800+0000] {logging_mixin.py:137} INFO - [2024-06-22T13:12:24.800+0000] {dag.py:2676} INFO - Sync 3 DAGs
[2024-06-22T13:12:24.845+0000] {logging_mixin.py:137} INFO - [2024-06-22T13:12:24.844+0000] {dag.py:3427} INFO - Setting next_dagrun for example_branch_datetime_operator to 2024-06-21T00:00:00+00:00, run_after=2024-06-22T00:00:00+00:00
[2024-06-22T13:12:24.870+0000] {logging_mixin.py:137} INFO - [2024-06-22T13:12:24.869+0000] {dag.py:3427} INFO - Setting next_dagrun for example_branch_datetime_operator_2 to 2024-06-21T00:00:00+00:00, run_after=2024-06-22T00:00:00+00:00
[2024-06-22T13:12:24.877+0000] {logging_mixin.py:137} INFO - [2024-06-22T13:12:24.877+0000] {dag.py:3427} INFO - Setting next_dagrun for example_branch_datetime_operator_3 to 2024-06-21T00:00:00+00:00, run_after=2024-06-22T00:00:00+00:00
[2024-06-22T13:12:24.910+0000] {processor.py:175} INFO - Processing /home/airflow/.local/lib/python3.7/site-packages/airflow/example_dags/example_branch_datetime_operator.py took 0.196 seconds
[2024-06-22T13:12:55.389+0000] {processor.py:153} INFO - Started process (PID=204) to work on /home/airflow/.local/lib/python3.7/site-packages/airflow/example_dags/example_branch_datetime_operator.py
[2024-06-22T13:12:55.391+0000] {processor.py:743} INFO - Processing file /home/airflow/.local/lib/python3.7/site-packages/airflow/example_dags/example_branch_datetime_operator.py for tasks to queue
[2024-06-22T13:12:55.392+0000] {logging_mixin.py:137} INFO - [2024-06-22T13:12:55.392+0000] {dagbag.py:538} INFO - Filling up the DagBag from /home/airflow/.local/lib/python3.7/site-packages/airflow/example_dags/example_branch_datetime_operator.py
[2024-06-22T13:12:55.408+0000] {processor.py:753} INFO - DAG(s) dict_keys(['example_branch_datetime_operator_2', 'example_branch_datetime_operator_3', 'example_branch_datetime_operator']) retrieved from /home/airflow/.local/lib/python3.7/site-packages/airflow/example_dags/example_branch_datetime_operator.py
[2024-06-22T13:12:55.456+0000] {logging_mixin.py:137} INFO - [2024-06-22T13:12:55.456+0000] {dag.py:2676} INFO - Sync 3 DAGs
[2024-06-22T13:12:55.489+0000] {logging_mixin.py:137} INFO - [2024-06-22T13:12:55.488+0000] {dag.py:3427} INFO - Setting next_dagrun for example_branch_datetime_operator to 2024-06-21T00:00:00+00:00, run_after=2024-06-22T00:00:00+00:00
[2024-06-22T13:12:55.496+0000] {logging_mixin.py:137} INFO - [2024-06-22T13:12:55.496+0000] {dag.py:3427} INFO - Setting next_dagrun for example_branch_datetime_operator_2 to 2024-06-21T00:00:00+00:00, run_after=2024-06-22T00:00:00+00:00
[2024-06-22T13:12:55.500+0000] {logging_mixin.py:137} INFO - [2024-06-22T13:12:55.500+0000] {dag.py:3427} INFO - Setting next_dagrun for example_branch_datetime_operator_3 to 2024-06-21T00:00:00+00:00, run_after=2024-06-22T00:00:00+00:00
[2024-06-22T13:12:55.522+0000] {processor.py:175} INFO - Processing /home/airflow/.local/lib/python3.7/site-packages/airflow/example_dags/example_branch_datetime_operator.py took 0.136 seconds
[2024-06-22T13:13:26.076+0000] {processor.py:153} INFO - Started process (PID=246) to work on /home/airflow/.local/lib/python3.7/site-packages/airflow/example_dags/example_branch_datetime_operator.py
[2024-06-22T13:13:26.077+0000] {processor.py:743} INFO - Processing file /home/airflow/.local/lib/python3.7/site-packages/airflow/example_dags/example_branch_datetime_operator.py for tasks to queue
[2024-06-22T13:13:26.079+0000] {logging_mixin.py:137} INFO - [2024-06-22T13:13:26.078+0000] {dagbag.py:538} INFO - Filling up the DagBag from /home/airflow/.local/lib/python3.7/site-packages/airflow/example_dags/example_branch_datetime_operator.py
[2024-06-22T13:13:26.096+0000] {processor.py:753} INFO - DAG(s) dict_keys(['example_branch_datetime_operator_2', 'example_branch_datetime_operator', 'example_branch_datetime_operator_3']) retrieved from /home/airflow/.local/lib/python3.7/site-packages/airflow/example_dags/example_branch_datetime_operator.py
[2024-06-22T13:13:26.138+0000] {logging_mixin.py:137} INFO - [2024-06-22T13:13:26.138+0000] {dag.py:2676} INFO - Sync 3 DAGs
[2024-06-22T13:13:26.165+0000] {logging_mixin.py:137} INFO - [2024-06-22T13:13:26.165+0000] {dag.py:3427} INFO - Setting next_dagrun for example_branch_datetime_operator to 2024-06-21T00:00:00+00:00, run_after=2024-06-22T00:00:00+00:00
[2024-06-22T13:13:26.170+0000] {logging_mixin.py:137} INFO - [2024-06-22T13:13:26.170+0000] {dag.py:3427} INFO - Setting next_dagrun for example_branch_datetime_operator_2 to 2024-06-21T00:00:00+00:00, run_after=2024-06-22T00:00:00+00:00
[2024-06-22T13:13:26.174+0000] {logging_mixin.py:137} INFO - [2024-06-22T13:13:26.174+0000] {dag.py:3427} INFO - Setting next_dagrun for example_branch_datetime_operator_3 to 2024-06-21T00:00:00+00:00, run_after=2024-06-22T00:00:00+00:00
[2024-06-22T13:13:26.197+0000] {processor.py:175} INFO - Processing /home/airflow/.local/lib/python3.7/site-packages/airflow/example_dags/example_branch_datetime_operator.py took 0.124 seconds
[2024-06-22T13:13:57.787+0000] {processor.py:153} INFO - Started process (PID=288) to work on /home/airflow/.local/lib/python3.7/site-packages/airflow/example_dags/example_branch_datetime_operator.py
[2024-06-22T13:13:57.789+0000] {processor.py:743} INFO - Processing file /home/airflow/.local/lib/python3.7/site-packages/airflow/example_dags/example_branch_datetime_operator.py for tasks to queue
[2024-06-22T13:13:57.791+0000] {logging_mixin.py:137} INFO - [2024-06-22T13:13:57.791+0000] {dagbag.py:538} INFO - Filling up the DagBag from /home/airflow/.local/lib/python3.7/site-packages/airflow/example_dags/example_branch_datetime_operator.py
[2024-06-22T13:13:57.812+0000] {processor.py:753} INFO - DAG(s) dict_keys(['example_branch_datetime_operator_2', 'example_branch_datetime_operator_3', 'example_branch_datetime_operator']) retrieved from /home/airflow/.local/lib/python3.7/site-packages/airflow/example_dags/example_branch_datetime_operator.py
[2024-06-22T13:13:57.869+0000] {logging_mixin.py:137} INFO - [2024-06-22T13:13:57.869+0000] {dag.py:2676} INFO - Sync 3 DAGs
[2024-06-22T13:13:57.900+0000] {logging_mixin.py:137} INFO - [2024-06-22T13:13:57.900+0000] {dag.py:3427} INFO - Setting next_dagrun for example_branch_datetime_operator to 2024-06-21T00:00:00+00:00, run_after=2024-06-22T00:00:00+00:00
[2024-06-22T13:13:57.906+0000] {logging_mixin.py:137} INFO - [2024-06-22T13:13:57.906+0000] {dag.py:3427} INFO - Setting next_dagrun for example_branch_datetime_operator_2 to 2024-06-21T00:00:00+00:00, run_after=2024-06-22T00:00:00+00:00
[2024-06-22T13:13:57.910+0000] {logging_mixin.py:137} INFO - [2024-06-22T13:13:57.909+0000] {dag.py:3427} INFO - Setting next_dagrun for example_branch_datetime_operator_3 to 2024-06-21T00:00:00+00:00, run_after=2024-06-22T00:00:00+00:00
[2024-06-22T13:13:57.933+0000] {processor.py:175} INFO - Processing /home/airflow/.local/lib/python3.7/site-packages/airflow/example_dags/example_branch_datetime_operator.py took 0.150 seconds
[2024-06-22T13:14:28.499+0000] {processor.py:153} INFO - Started process (PID=330) to work on /home/airflow/.local/lib/python3.7/site-packages/airflow/example_dags/example_branch_datetime_operator.py
[2024-06-22T13:14:28.500+0000] {processor.py:743} INFO - Processing file /home/airflow/.local/lib/python3.7/site-packages/airflow/example_dags/example_branch_datetime_operator.py for tasks to queue
[2024-06-22T13:14:28.501+0000] {logging_mixin.py:137} INFO - [2024-06-22T13:14:28.501+0000] {dagbag.py:538} INFO - Filling up the DagBag from /home/airflow/.local/lib/python3.7/site-packages/airflow/example_dags/example_branch_datetime_operator.py
[2024-06-22T13:14:28.516+0000] {processor.py:753} INFO - DAG(s) dict_keys(['example_branch_datetime_operator_2', 'example_branch_datetime_operator', 'example_branch_datetime_operator_3']) retrieved from /home/airflow/.local/lib/python3.7/site-packages/airflow/example_dags/example_branch_datetime_operator.py
[2024-06-22T13:14:28.561+0000] {logging_mixin.py:137} INFO - [2024-06-22T13:14:28.561+0000] {dag.py:2676} INFO - Sync 3 DAGs
[2024-06-22T13:14:28.588+0000] {logging_mixin.py:137} INFO - [2024-06-22T13:14:28.588+0000] {dag.py:3427} INFO - Setting next_dagrun for example_branch_datetime_operator to 2024-06-21T00:00:00+00:00, run_after=2024-06-22T00:00:00+00:00
[2024-06-22T13:14:28.595+0000] {logging_mixin.py:137} INFO - [2024-06-22T13:14:28.595+0000] {dag.py:3427} INFO - Setting next_dagrun for example_branch_datetime_operator_2 to 2024-06-21T00:00:00+00:00, run_after=2024-06-22T00:00:00+00:00
[2024-06-22T13:14:28.598+0000] {logging_mixin.py:137} INFO - [2024-06-22T13:14:28.598+0000] {dag.py:3427} INFO - Setting next_dagrun for example_branch_datetime_operator_3 to 2024-06-21T00:00:00+00:00, run_after=2024-06-22T00:00:00+00:00
[2024-06-22T13:14:28.621+0000] {processor.py:175} INFO - Processing /home/airflow/.local/lib/python3.7/site-packages/airflow/example_dags/example_branch_datetime_operator.py took 0.126 seconds
[2024-06-22T13:14:59.605+0000] {processor.py:153} INFO - Started process (PID=372) to work on /home/airflow/.local/lib/python3.7/site-packages/airflow/example_dags/example_branch_datetime_operator.py
[2024-06-22T13:14:59.606+0000] {processor.py:743} INFO - Processing file /home/airflow/.local/lib/python3.7/site-packages/airflow/example_dags/example_branch_datetime_operator.py for tasks to queue
[2024-06-22T13:14:59.608+0000] {logging_mixin.py:137} INFO - [2024-06-22T13:14:59.608+0000] {dagbag.py:538} INFO - Filling up the DagBag from /home/airflow/.local/lib/python3.7/site-packages/airflow/example_dags/example_branch_datetime_operator.py
[2024-06-22T13:14:59.628+0000] {processor.py:753} INFO - DAG(s) dict_keys(['example_branch_datetime_operator_2', 'example_branch_datetime_operator_3', 'example_branch_datetime_operator']) retrieved from /home/airflow/.local/lib/python3.7/site-packages/airflow/example_dags/example_branch_datetime_operator.py
[2024-06-22T13:14:59.681+0000] {logging_mixin.py:137} INFO - [2024-06-22T13:14:59.681+0000] {dag.py:2676} INFO - Sync 3 DAGs
[2024-06-22T13:14:59.718+0000] {logging_mixin.py:137} INFO - [2024-06-22T13:14:59.718+0000] {dag.py:3427} INFO - Setting next_dagrun for example_branch_datetime_operator to 2024-06-21T00:00:00+00:00, run_after=2024-06-22T00:00:00+00:00
[2024-06-22T13:14:59.723+0000] {logging_mixin.py:137} INFO - [2024-06-22T13:14:59.723+0000] {dag.py:3427} INFO - Setting next_dagrun for example_branch_datetime_operator_2 to 2024-06-21T00:00:00+00:00, run_after=2024-06-22T00:00:00+00:00
[2024-06-22T13:14:59.728+0000] {logging_mixin.py:137} INFO - [2024-06-22T13:14:59.727+0000] {dag.py:3427} INFO - Setting next_dagrun for example_branch_datetime_operator_3 to 2024-06-21T00:00:00+00:00, run_after=2024-06-22T00:00:00+00:00
[2024-06-22T13:14:59.752+0000] {processor.py:175} INFO - Processing /home/airflow/.local/lib/python3.7/site-packages/airflow/example_dags/example_branch_datetime_operator.py took 0.151 seconds
[2024-06-22T13:15:30.310+0000] {processor.py:153} INFO - Started process (PID=414) to work on /home/airflow/.local/lib/python3.7/site-packages/airflow/example_dags/example_branch_datetime_operator.py
[2024-06-22T13:15:30.312+0000] {processor.py:743} INFO - Processing file /home/airflow/.local/lib/python3.7/site-packages/airflow/example_dags/example_branch_datetime_operator.py for tasks to queue
[2024-06-22T13:15:30.313+0000] {logging_mixin.py:137} INFO - [2024-06-22T13:15:30.313+0000] {dagbag.py:538} INFO - Filling up the DagBag from /home/airflow/.local/lib/python3.7/site-packages/airflow/example_dags/example_branch_datetime_operator.py
[2024-06-22T13:15:30.329+0000] {processor.py:753} INFO - DAG(s) dict_keys(['example_branch_datetime_operator_2', 'example_branch_datetime_operator_3', 'example_branch_datetime_operator']) retrieved from /home/airflow/.local/lib/python3.7/site-packages/airflow/example_dags/example_branch_datetime_operator.py
[2024-06-22T13:15:30.376+0000] {logging_mixin.py:137} INFO - [2024-06-22T13:15:30.376+0000] {dag.py:2676} INFO - Sync 3 DAGs
[2024-06-22T13:15:30.404+0000] {logging_mixin.py:137} INFO - [2024-06-22T13:15:30.404+0000] {dag.py:3427} INFO - Setting next_dagrun for example_branch_datetime_operator to 2024-06-21T00:00:00+00:00, run_after=2024-06-22T00:00:00+00:00
[2024-06-22T13:15:30.410+0000] {logging_mixin.py:137} INFO - [2024-06-22T13:15:30.409+0000] {dag.py:3427} INFO - Setting next_dagrun for example_branch_datetime_operator_2 to 2024-06-21T00:00:00+00:00, run_after=2024-06-22T00:00:00+00:00
[2024-06-22T13:15:30.413+0000] {logging_mixin.py:137} INFO - [2024-06-22T13:15:30.413+0000] {dag.py:3427} INFO - Setting next_dagrun for example_branch_datetime_operator_3 to 2024-06-21T00:00:00+00:00, run_after=2024-06-22T00:00:00+00:00
[2024-06-22T13:15:30.438+0000] {processor.py:175} INFO - Processing /home/airflow/.local/lib/python3.7/site-packages/airflow/example_dags/example_branch_datetime_operator.py took 0.130 seconds
[2024-06-22T13:16:01.414+0000] {processor.py:153} INFO - Started process (PID=456) to work on /home/airflow/.local/lib/python3.7/site-packages/airflow/example_dags/example_branch_datetime_operator.py
[2024-06-22T13:16:01.415+0000] {processor.py:743} INFO - Processing file /home/airflow/.local/lib/python3.7/site-packages/airflow/example_dags/example_branch_datetime_operator.py for tasks to queue
[2024-06-22T13:16:01.416+0000] {logging_mixin.py:137} INFO - [2024-06-22T13:16:01.416+0000] {dagbag.py:538} INFO - Filling up the DagBag from /home/airflow/.local/lib/python3.7/site-packages/airflow/example_dags/example_branch_datetime_operator.py
[2024-06-22T13:16:01.433+0000] {processor.py:753} INFO - DAG(s) dict_keys(['example_branch_datetime_operator', 'example_branch_datetime_operator_3', 'example_branch_datetime_operator_2']) retrieved from /home/airflow/.local/lib/python3.7/site-packages/airflow/example_dags/example_branch_datetime_operator.py
[2024-06-22T13:16:01.480+0000] {logging_mixin.py:137} INFO - [2024-06-22T13:16:01.480+0000] {dag.py:2676} INFO - Sync 3 DAGs
[2024-06-22T13:16:01.506+0000] {logging_mixin.py:137} INFO - [2024-06-22T13:16:01.506+0000] {dag.py:3427} INFO - Setting next_dagrun for example_branch_datetime_operator to 2024-06-21T00:00:00+00:00, run_after=2024-06-22T00:00:00+00:00
[2024-06-22T13:16:01.511+0000] {logging_mixin.py:137} INFO - [2024-06-22T13:16:01.511+0000] {dag.py:3427} INFO - Setting next_dagrun for example_branch_datetime_operator_2 to 2024-06-21T00:00:00+00:00, run_after=2024-06-22T00:00:00+00:00
[2024-06-22T13:16:01.514+0000] {logging_mixin.py:137} INFO - [2024-06-22T13:16:01.514+0000] {dag.py:3427} INFO - Setting next_dagrun for example_branch_datetime_operator_3 to 2024-06-21T00:00:00+00:00, run_after=2024-06-22T00:00:00+00:00
[2024-06-22T13:16:01.534+0000] {processor.py:175} INFO - Processing /home/airflow/.local/lib/python3.7/site-packages/airflow/example_dags/example_branch_datetime_operator.py took 0.123 seconds
[2024-06-22T13:16:32.037+0000] {processor.py:153} INFO - Started process (PID=497) to work on /home/airflow/.local/lib/python3.7/site-packages/airflow/example_dags/example_branch_datetime_operator.py
[2024-06-22T13:16:32.038+0000] {processor.py:743} INFO - Processing file /home/airflow/.local/lib/python3.7/site-packages/airflow/example_dags/example_branch_datetime_operator.py for tasks to queue
[2024-06-22T13:16:32.039+0000] {logging_mixin.py:137} INFO - [2024-06-22T13:16:32.038+0000] {dagbag.py:538} INFO - Filling up the DagBag from /home/airflow/.local/lib/python3.7/site-packages/airflow/example_dags/example_branch_datetime_operator.py
[2024-06-22T13:16:32.056+0000] {processor.py:753} INFO - DAG(s) dict_keys(['example_branch_datetime_operator_3', 'example_branch_datetime_operator', 'example_branch_datetime_operator_2']) retrieved from /home/airflow/.local/lib/python3.7/site-packages/airflow/example_dags/example_branch_datetime_operator.py
[2024-06-22T13:16:32.112+0000] {logging_mixin.py:137} INFO - [2024-06-22T13:16:32.112+0000] {dag.py:2676} INFO - Sync 3 DAGs
[2024-06-22T13:16:32.143+0000] {logging_mixin.py:137} INFO - [2024-06-22T13:16:32.143+0000] {dag.py:3427} INFO - Setting next_dagrun for example_branch_datetime_operator to 2024-06-21T00:00:00+00:00, run_after=2024-06-22T00:00:00+00:00
[2024-06-22T13:16:32.150+0000] {logging_mixin.py:137} INFO - [2024-06-22T13:16:32.150+0000] {dag.py:3427} INFO - Setting next_dagrun for example_branch_datetime_operator_2 to 2024-06-21T00:00:00+00:00, run_after=2024-06-22T00:00:00+00:00
[2024-06-22T13:16:32.154+0000] {logging_mixin.py:137} INFO - [2024-06-22T13:16:32.154+0000] {dag.py:3427} INFO - Setting next_dagrun for example_branch_datetime_operator_3 to 2024-06-21T00:00:00+00:00, run_after=2024-06-22T00:00:00+00:00
[2024-06-22T13:16:32.179+0000] {processor.py:175} INFO - Processing /home/airflow/.local/lib/python3.7/site-packages/airflow/example_dags/example_branch_datetime_operator.py took 0.146 seconds
[2024-06-22T13:17:02.282+0000] {processor.py:153} INFO - Started process (PID=537) to work on /home/airflow/.local/lib/python3.7/site-packages/airflow/example_dags/example_branch_datetime_operator.py
[2024-06-22T13:17:02.284+0000] {processor.py:743} INFO - Processing file /home/airflow/.local/lib/python3.7/site-packages/airflow/example_dags/example_branch_datetime_operator.py for tasks to queue
[2024-06-22T13:17:02.285+0000] {logging_mixin.py:137} INFO - [2024-06-22T13:17:02.285+0000] {dagbag.py:538} INFO - Filling up the DagBag from /home/airflow/.local/lib/python3.7/site-packages/airflow/example_dags/example_branch_datetime_operator.py
[2024-06-22T13:17:02.302+0000] {processor.py:753} INFO - DAG(s) dict_keys(['example_branch_datetime_operator_3', 'example_branch_datetime_operator', 'example_branch_datetime_operator_2']) retrieved from /home/airflow/.local/lib/python3.7/site-packages/airflow/example_dags/example_branch_datetime_operator.py
[2024-06-22T13:17:02.369+0000] {logging_mixin.py:137} INFO - [2024-06-22T13:17:02.368+0000] {dag.py:2676} INFO - Sync 3 DAGs
[2024-06-22T13:17:02.409+0000] {logging_mixin.py:137} INFO - [2024-06-22T13:17:02.409+0000] {dag.py:3427} INFO - Setting next_dagrun for example_branch_datetime_operator to 2024-06-21T00:00:00+00:00, run_after=2024-06-22T00:00:00+00:00
[2024-06-22T13:17:02.418+0000] {logging_mixin.py:137} INFO - [2024-06-22T13:17:02.418+0000] {dag.py:3427} INFO - Setting next_dagrun for example_branch_datetime_operator_2 to 2024-06-21T00:00:00+00:00, run_after=2024-06-22T00:00:00+00:00
[2024-06-22T13:17:02.423+0000] {logging_mixin.py:137} INFO - [2024-06-22T13:17:02.422+0000] {dag.py:3427} INFO - Setting next_dagrun for example_branch_datetime_operator_3 to 2024-06-21T00:00:00+00:00, run_after=2024-06-22T00:00:00+00:00
[2024-06-22T13:17:02.461+0000] {processor.py:175} INFO - Processing /home/airflow/.local/lib/python3.7/site-packages/airflow/example_dags/example_branch_datetime_operator.py took 0.182 seconds
[2024-06-22T13:17:33.162+0000] {processor.py:153} INFO - Started process (PID=579) to work on /home/airflow/.local/lib/python3.7/site-packages/airflow/example_dags/example_branch_datetime_operator.py
[2024-06-22T13:17:33.163+0000] {processor.py:743} INFO - Processing file /home/airflow/.local/lib/python3.7/site-packages/airflow/example_dags/example_branch_datetime_operator.py for tasks to queue
[2024-06-22T13:17:33.164+0000] {logging_mixin.py:137} INFO - [2024-06-22T13:17:33.164+0000] {dagbag.py:538} INFO - Filling up the DagBag from /home/airflow/.local/lib/python3.7/site-packages/airflow/example_dags/example_branch_datetime_operator.py
[2024-06-22T13:17:33.184+0000] {processor.py:753} INFO - DAG(s) dict_keys(['example_branch_datetime_operator_3', 'example_branch_datetime_operator_2', 'example_branch_datetime_operator']) retrieved from /home/airflow/.local/lib/python3.7/site-packages/airflow/example_dags/example_branch_datetime_operator.py
[2024-06-22T13:17:33.234+0000] {logging_mixin.py:137} INFO - [2024-06-22T13:17:33.234+0000] {dag.py:2676} INFO - Sync 3 DAGs
[2024-06-22T13:17:33.268+0000] {logging_mixin.py:137} INFO - [2024-06-22T13:17:33.268+0000] {dag.py:3427} INFO - Setting next_dagrun for example_branch_datetime_operator to 2024-06-21T00:00:00+00:00, run_after=2024-06-22T00:00:00+00:00
[2024-06-22T13:17:33.274+0000] {logging_mixin.py:137} INFO - [2024-06-22T13:17:33.274+0000] {dag.py:3427} INFO - Setting next_dagrun for example_branch_datetime_operator_2 to 2024-06-21T00:00:00+00:00, run_after=2024-06-22T00:00:00+00:00
[2024-06-22T13:17:33.279+0000] {logging_mixin.py:137} INFO - [2024-06-22T13:17:33.279+0000] {dag.py:3427} INFO - Setting next_dagrun for example_branch_datetime_operator_3 to 2024-06-21T00:00:00+00:00, run_after=2024-06-22T00:00:00+00:00
[2024-06-22T13:17:33.305+0000] {processor.py:175} INFO - Processing /home/airflow/.local/lib/python3.7/site-packages/airflow/example_dags/example_branch_datetime_operator.py took 0.147 seconds
[2024-06-22T13:18:03.489+0000] {processor.py:153} INFO - Started process (PID=621) to work on /home/airflow/.local/lib/python3.7/site-packages/airflow/example_dags/example_branch_datetime_operator.py
[2024-06-22T13:18:03.490+0000] {processor.py:743} INFO - Processing file /home/airflow/.local/lib/python3.7/site-packages/airflow/example_dags/example_branch_datetime_operator.py for tasks to queue
[2024-06-22T13:18:03.491+0000] {logging_mixin.py:137} INFO - [2024-06-22T13:18:03.491+0000] {dagbag.py:538} INFO - Filling up the DagBag from /home/airflow/.local/lib/python3.7/site-packages/airflow/example_dags/example_branch_datetime_operator.py
[2024-06-22T13:18:03.519+0000] {processor.py:753} INFO - DAG(s) dict_keys(['example_branch_datetime_operator_2', 'example_branch_datetime_operator', 'example_branch_datetime_operator_3']) retrieved from /home/airflow/.local/lib/python3.7/site-packages/airflow/example_dags/example_branch_datetime_operator.py
[2024-06-22T13:18:03.583+0000] {logging_mixin.py:137} INFO - [2024-06-22T13:18:03.583+0000] {dag.py:2676} INFO - Sync 3 DAGs
[2024-06-22T13:18:03.613+0000] {logging_mixin.py:137} INFO - [2024-06-22T13:18:03.613+0000] {dag.py:3427} INFO - Setting next_dagrun for example_branch_datetime_operator to 2024-06-21T00:00:00+00:00, run_after=2024-06-22T00:00:00+00:00
[2024-06-22T13:18:03.619+0000] {logging_mixin.py:137} INFO - [2024-06-22T13:18:03.619+0000] {dag.py:3427} INFO - Setting next_dagrun for example_branch_datetime_operator_2 to 2024-06-21T00:00:00+00:00, run_after=2024-06-22T00:00:00+00:00
[2024-06-22T13:18:03.622+0000] {logging_mixin.py:137} INFO - [2024-06-22T13:18:03.622+0000] {dag.py:3427} INFO - Setting next_dagrun for example_branch_datetime_operator_3 to 2024-06-21T00:00:00+00:00, run_after=2024-06-22T00:00:00+00:00
[2024-06-22T13:18:03.644+0000] {processor.py:175} INFO - Processing /home/airflow/.local/lib/python3.7/site-packages/airflow/example_dags/example_branch_datetime_operator.py took 0.159 seconds
[2024-06-22T13:18:33.949+0000] {processor.py:153} INFO - Started process (PID=663) to work on /home/airflow/.local/lib/python3.7/site-packages/airflow/example_dags/example_branch_datetime_operator.py
[2024-06-22T13:18:33.951+0000] {processor.py:743} INFO - Processing file /home/airflow/.local/lib/python3.7/site-packages/airflow/example_dags/example_branch_datetime_operator.py for tasks to queue
[2024-06-22T13:18:33.952+0000] {logging_mixin.py:137} INFO - [2024-06-22T13:18:33.952+0000] {dagbag.py:538} INFO - Filling up the DagBag from /home/airflow/.local/lib/python3.7/site-packages/airflow/example_dags/example_branch_datetime_operator.py
[2024-06-22T13:18:33.968+0000] {processor.py:753} INFO - DAG(s) dict_keys(['example_branch_datetime_operator', 'example_branch_datetime_operator_2', 'example_branch_datetime_operator_3']) retrieved from /home/airflow/.local/lib/python3.7/site-packages/airflow/example_dags/example_branch_datetime_operator.py
[2024-06-22T13:18:34.018+0000] {logging_mixin.py:137} INFO - [2024-06-22T13:18:34.018+0000] {dag.py:2676} INFO - Sync 3 DAGs
[2024-06-22T13:18:34.048+0000] {logging_mixin.py:137} INFO - [2024-06-22T13:18:34.048+0000] {dag.py:3427} INFO - Setting next_dagrun for example_branch_datetime_operator to 2024-06-21T00:00:00+00:00, run_after=2024-06-22T00:00:00+00:00
[2024-06-22T13:18:34.054+0000] {logging_mixin.py:137} INFO - [2024-06-22T13:18:34.054+0000] {dag.py:3427} INFO - Setting next_dagrun for example_branch_datetime_operator_2 to 2024-06-21T00:00:00+00:00, run_after=2024-06-22T00:00:00+00:00
[2024-06-22T13:18:34.057+0000] {logging_mixin.py:137} INFO - [2024-06-22T13:18:34.057+0000] {dag.py:3427} INFO - Setting next_dagrun for example_branch_datetime_operator_3 to 2024-06-21T00:00:00+00:00, run_after=2024-06-22T00:00:00+00:00
[2024-06-22T13:18:34.079+0000] {processor.py:175} INFO - Processing /home/airflow/.local/lib/python3.7/site-packages/airflow/example_dags/example_branch_datetime_operator.py took 0.133 seconds
[2024-06-22T13:19:04.205+0000] {processor.py:153} INFO - Started process (PID=705) to work on /home/airflow/.local/lib/python3.7/site-packages/airflow/example_dags/example_branch_datetime_operator.py
[2024-06-22T13:19:04.206+0000] {processor.py:743} INFO - Processing file /home/airflow/.local/lib/python3.7/site-packages/airflow/example_dags/example_branch_datetime_operator.py for tasks to queue
[2024-06-22T13:19:04.207+0000] {logging_mixin.py:137} INFO - [2024-06-22T13:19:04.207+0000] {dagbag.py:538} INFO - Filling up the DagBag from /home/airflow/.local/lib/python3.7/site-packages/airflow/example_dags/example_branch_datetime_operator.py
[2024-06-22T13:19:04.228+0000] {processor.py:753} INFO - DAG(s) dict_keys(['example_branch_datetime_operator', 'example_branch_datetime_operator_2', 'example_branch_datetime_operator_3']) retrieved from /home/airflow/.local/lib/python3.7/site-packages/airflow/example_dags/example_branch_datetime_operator.py
[2024-06-22T13:19:04.279+0000] {logging_mixin.py:137} INFO - [2024-06-22T13:19:04.279+0000] {dag.py:2676} INFO - Sync 3 DAGs
[2024-06-22T13:19:04.307+0000] {logging_mixin.py:137} INFO - [2024-06-22T13:19:04.307+0000] {dag.py:3427} INFO - Setting next_dagrun for example_branch_datetime_operator to 2024-06-21T00:00:00+00:00, run_after=2024-06-22T00:00:00+00:00
[2024-06-22T13:19:04.312+0000] {logging_mixin.py:137} INFO - [2024-06-22T13:19:04.312+0000] {dag.py:3427} INFO - Setting next_dagrun for example_branch_datetime_operator_2 to 2024-06-21T00:00:00+00:00, run_after=2024-06-22T00:00:00+00:00
[2024-06-22T13:19:04.315+0000] {logging_mixin.py:137} INFO - [2024-06-22T13:19:04.315+0000] {dag.py:3427} INFO - Setting next_dagrun for example_branch_datetime_operator_3 to 2024-06-21T00:00:00+00:00, run_after=2024-06-22T00:00:00+00:00
[2024-06-22T13:19:04.334+0000] {processor.py:175} INFO - Processing /home/airflow/.local/lib/python3.7/site-packages/airflow/example_dags/example_branch_datetime_operator.py took 0.133 seconds
[2024-06-22T13:19:34.519+0000] {processor.py:153} INFO - Started process (PID=747) to work on /home/airflow/.local/lib/python3.7/site-packages/airflow/example_dags/example_branch_datetime_operator.py
[2024-06-22T13:19:34.520+0000] {processor.py:743} INFO - Processing file /home/airflow/.local/lib/python3.7/site-packages/airflow/example_dags/example_branch_datetime_operator.py for tasks to queue
[2024-06-22T13:19:34.522+0000] {logging_mixin.py:137} INFO - [2024-06-22T13:19:34.521+0000] {dagbag.py:538} INFO - Filling up the DagBag from /home/airflow/.local/lib/python3.7/site-packages/airflow/example_dags/example_branch_datetime_operator.py
[2024-06-22T13:19:34.539+0000] {processor.py:753} INFO - DAG(s) dict_keys(['example_branch_datetime_operator_3', 'example_branch_datetime_operator', 'example_branch_datetime_operator_2']) retrieved from /home/airflow/.local/lib/python3.7/site-packages/airflow/example_dags/example_branch_datetime_operator.py
[2024-06-22T13:19:34.590+0000] {logging_mixin.py:137} INFO - [2024-06-22T13:19:34.589+0000] {dag.py:2676} INFO - Sync 3 DAGs
[2024-06-22T13:19:34.625+0000] {logging_mixin.py:137} INFO - [2024-06-22T13:19:34.625+0000] {dag.py:3427} INFO - Setting next_dagrun for example_branch_datetime_operator to 2024-06-21T00:00:00+00:00, run_after=2024-06-22T00:00:00+00:00
[2024-06-22T13:19:34.631+0000] {logging_mixin.py:137} INFO - [2024-06-22T13:19:34.630+0000] {dag.py:3427} INFO - Setting next_dagrun for example_branch_datetime_operator_2 to 2024-06-21T00:00:00+00:00, run_after=2024-06-22T00:00:00+00:00
[2024-06-22T13:19:34.634+0000] {logging_mixin.py:137} INFO - [2024-06-22T13:19:34.634+0000] {dag.py:3427} INFO - Setting next_dagrun for example_branch_datetime_operator_3 to 2024-06-21T00:00:00+00:00, run_after=2024-06-22T00:00:00+00:00
[2024-06-22T13:19:34.660+0000] {processor.py:175} INFO - Processing /home/airflow/.local/lib/python3.7/site-packages/airflow/example_dags/example_branch_datetime_operator.py took 0.145 seconds
[2024-06-22T13:20:05.006+0000] {processor.py:153} INFO - Started process (PID=789) to work on /home/airflow/.local/lib/python3.7/site-packages/airflow/example_dags/example_branch_datetime_operator.py
[2024-06-22T13:20:05.008+0000] {processor.py:743} INFO - Processing file /home/airflow/.local/lib/python3.7/site-packages/airflow/example_dags/example_branch_datetime_operator.py for tasks to queue
[2024-06-22T13:20:05.009+0000] {logging_mixin.py:137} INFO - [2024-06-22T13:20:05.009+0000] {dagbag.py:538} INFO - Filling up the DagBag from /home/airflow/.local/lib/python3.7/site-packages/airflow/example_dags/example_branch_datetime_operator.py
[2024-06-22T13:20:05.031+0000] {processor.py:753} INFO - DAG(s) dict_keys(['example_branch_datetime_operator', 'example_branch_datetime_operator_2', 'example_branch_datetime_operator_3']) retrieved from /home/airflow/.local/lib/python3.7/site-packages/airflow/example_dags/example_branch_datetime_operator.py
[2024-06-22T13:20:05.107+0000] {logging_mixin.py:137} INFO - [2024-06-22T13:20:05.107+0000] {dag.py:2676} INFO - Sync 3 DAGs
[2024-06-22T13:20:05.136+0000] {logging_mixin.py:137} INFO - [2024-06-22T13:20:05.136+0000] {dag.py:3427} INFO - Setting next_dagrun for example_branch_datetime_operator to 2024-06-21T00:00:00+00:00, run_after=2024-06-22T00:00:00+00:00
[2024-06-22T13:20:05.143+0000] {logging_mixin.py:137} INFO - [2024-06-22T13:20:05.143+0000] {dag.py:3427} INFO - Setting next_dagrun for example_branch_datetime_operator_2 to 2024-06-21T00:00:00+00:00, run_after=2024-06-22T00:00:00+00:00
[2024-06-22T13:20:05.148+0000] {logging_mixin.py:137} INFO - [2024-06-22T13:20:05.148+0000] {dag.py:3427} INFO - Setting next_dagrun for example_branch_datetime_operator_3 to 2024-06-21T00:00:00+00:00, run_after=2024-06-22T00:00:00+00:00
[2024-06-22T13:20:05.172+0000] {processor.py:175} INFO - Processing /home/airflow/.local/lib/python3.7/site-packages/airflow/example_dags/example_branch_datetime_operator.py took 0.169 seconds
[2024-06-22T13:20:35.237+0000] {processor.py:153} INFO - Started process (PID=831) to work on /home/airflow/.local/lib/python3.7/site-packages/airflow/example_dags/example_branch_datetime_operator.py
[2024-06-22T13:20:35.241+0000] {processor.py:743} INFO - Processing file /home/airflow/.local/lib/python3.7/site-packages/airflow/example_dags/example_branch_datetime_operator.py for tasks to queue
[2024-06-22T13:20:35.242+0000] {logging_mixin.py:137} INFO - [2024-06-22T13:20:35.242+0000] {dagbag.py:538} INFO - Filling up the DagBag from /home/airflow/.local/lib/python3.7/site-packages/airflow/example_dags/example_branch_datetime_operator.py
[2024-06-22T13:20:35.276+0000] {processor.py:753} INFO - DAG(s) dict_keys(['example_branch_datetime_operator', 'example_branch_datetime_operator_3', 'example_branch_datetime_operator_2']) retrieved from /home/airflow/.local/lib/python3.7/site-packages/airflow/example_dags/example_branch_datetime_operator.py
[2024-06-22T13:20:35.331+0000] {logging_mixin.py:137} INFO - [2024-06-22T13:20:35.330+0000] {dag.py:2676} INFO - Sync 3 DAGs
[2024-06-22T13:20:35.357+0000] {logging_mixin.py:137} INFO - [2024-06-22T13:20:35.357+0000] {dag.py:3427} INFO - Setting next_dagrun for example_branch_datetime_operator to 2024-06-21T00:00:00+00:00, run_after=2024-06-22T00:00:00+00:00
[2024-06-22T13:20:35.362+0000] {logging_mixin.py:137} INFO - [2024-06-22T13:20:35.362+0000] {dag.py:3427} INFO - Setting next_dagrun for example_branch_datetime_operator_2 to 2024-06-21T00:00:00+00:00, run_after=2024-06-22T00:00:00+00:00
[2024-06-22T13:20:35.365+0000] {logging_mixin.py:137} INFO - [2024-06-22T13:20:35.365+0000] {dag.py:3427} INFO - Setting next_dagrun for example_branch_datetime_operator_3 to 2024-06-21T00:00:00+00:00, run_after=2024-06-22T00:00:00+00:00
[2024-06-22T13:20:35.385+0000] {processor.py:175} INFO - Processing /home/airflow/.local/lib/python3.7/site-packages/airflow/example_dags/example_branch_datetime_operator.py took 0.155 seconds
[2024-06-22T13:21:05.969+0000] {processor.py:153} INFO - Started process (PID=873) to work on /home/airflow/.local/lib/python3.7/site-packages/airflow/example_dags/example_branch_datetime_operator.py
[2024-06-22T13:21:05.970+0000] {processor.py:743} INFO - Processing file /home/airflow/.local/lib/python3.7/site-packages/airflow/example_dags/example_branch_datetime_operator.py for tasks to queue
[2024-06-22T13:21:05.971+0000] {logging_mixin.py:137} INFO - [2024-06-22T13:21:05.971+0000] {dagbag.py:538} INFO - Filling up the DagBag from /home/airflow/.local/lib/python3.7/site-packages/airflow/example_dags/example_branch_datetime_operator.py
[2024-06-22T13:21:05.990+0000] {processor.py:753} INFO - DAG(s) dict_keys(['example_branch_datetime_operator', 'example_branch_datetime_operator_2', 'example_branch_datetime_operator_3']) retrieved from /home/airflow/.local/lib/python3.7/site-packages/airflow/example_dags/example_branch_datetime_operator.py
[2024-06-22T13:21:06.054+0000] {logging_mixin.py:137} INFO - [2024-06-22T13:21:06.054+0000] {dag.py:2676} INFO - Sync 3 DAGs
[2024-06-22T13:21:06.089+0000] {logging_mixin.py:137} INFO - [2024-06-22T13:21:06.089+0000] {dag.py:3427} INFO - Setting next_dagrun for example_branch_datetime_operator to 2024-06-21T00:00:00+00:00, run_after=2024-06-22T00:00:00+00:00
[2024-06-22T13:21:06.095+0000] {logging_mixin.py:137} INFO - [2024-06-22T13:21:06.095+0000] {dag.py:3427} INFO - Setting next_dagrun for example_branch_datetime_operator_2 to 2024-06-21T00:00:00+00:00, run_after=2024-06-22T00:00:00+00:00
[2024-06-22T13:21:06.098+0000] {logging_mixin.py:137} INFO - [2024-06-22T13:21:06.098+0000] {dag.py:3427} INFO - Setting next_dagrun for example_branch_datetime_operator_3 to 2024-06-21T00:00:00+00:00, run_after=2024-06-22T00:00:00+00:00
[2024-06-22T13:21:06.126+0000] {processor.py:175} INFO - Processing /home/airflow/.local/lib/python3.7/site-packages/airflow/example_dags/example_branch_datetime_operator.py took 0.161 seconds
[2024-06-22T13:21:36.385+0000] {processor.py:153} INFO - Started process (PID=915) to work on /home/airflow/.local/lib/python3.7/site-packages/airflow/example_dags/example_branch_datetime_operator.py
[2024-06-22T13:21:36.386+0000] {processor.py:743} INFO - Processing file /home/airflow/.local/lib/python3.7/site-packages/airflow/example_dags/example_branch_datetime_operator.py for tasks to queue
[2024-06-22T13:21:36.387+0000] {logging_mixin.py:137} INFO - [2024-06-22T13:21:36.387+0000] {dagbag.py:538} INFO - Filling up the DagBag from /home/airflow/.local/lib/python3.7/site-packages/airflow/example_dags/example_branch_datetime_operator.py
[2024-06-22T13:21:36.418+0000] {processor.py:753} INFO - DAG(s) dict_keys(['example_branch_datetime_operator_3', 'example_branch_datetime_operator_2', 'example_branch_datetime_operator']) retrieved from /home/airflow/.local/lib/python3.7/site-packages/airflow/example_dags/example_branch_datetime_operator.py
[2024-06-22T13:21:36.499+0000] {logging_mixin.py:137} INFO - [2024-06-22T13:21:36.499+0000] {dag.py:2676} INFO - Sync 3 DAGs
[2024-06-22T13:21:36.545+0000] {logging_mixin.py:137} INFO - [2024-06-22T13:21:36.545+0000] {dag.py:3427} INFO - Setting next_dagrun for example_branch_datetime_operator to 2024-06-21T00:00:00+00:00, run_after=2024-06-22T00:00:00+00:00
[2024-06-22T13:21:36.551+0000] {logging_mixin.py:137} INFO - [2024-06-22T13:21:36.551+0000] {dag.py:3427} INFO - Setting next_dagrun for example_branch_datetime_operator_2 to 2024-06-21T00:00:00+00:00, run_after=2024-06-22T00:00:00+00:00
[2024-06-22T13:21:36.555+0000] {logging_mixin.py:137} INFO - [2024-06-22T13:21:36.554+0000] {dag.py:3427} INFO - Setting next_dagrun for example_branch_datetime_operator_3 to 2024-06-21T00:00:00+00:00, run_after=2024-06-22T00:00:00+00:00
[2024-06-22T13:21:36.576+0000] {processor.py:175} INFO - Processing /home/airflow/.local/lib/python3.7/site-packages/airflow/example_dags/example_branch_datetime_operator.py took 0.195 seconds
[2024-06-22T13:22:06.737+0000] {processor.py:153} INFO - Started process (PID=957) to work on /home/airflow/.local/lib/python3.7/site-packages/airflow/example_dags/example_branch_datetime_operator.py
[2024-06-22T13:22:06.738+0000] {processor.py:743} INFO - Processing file /home/airflow/.local/lib/python3.7/site-packages/airflow/example_dags/example_branch_datetime_operator.py for tasks to queue
[2024-06-22T13:22:06.740+0000] {logging_mixin.py:137} INFO - [2024-06-22T13:22:06.739+0000] {dagbag.py:538} INFO - Filling up the DagBag from /home/airflow/.local/lib/python3.7/site-packages/airflow/example_dags/example_branch_datetime_operator.py
[2024-06-22T13:22:06.759+0000] {processor.py:753} INFO - DAG(s) dict_keys(['example_branch_datetime_operator_3', 'example_branch_datetime_operator', 'example_branch_datetime_operator_2']) retrieved from /home/airflow/.local/lib/python3.7/site-packages/airflow/example_dags/example_branch_datetime_operator.py
[2024-06-22T13:22:06.809+0000] {logging_mixin.py:137} INFO - [2024-06-22T13:22:06.809+0000] {dag.py:2676} INFO - Sync 3 DAGs
[2024-06-22T13:22:06.858+0000] {logging_mixin.py:137} INFO - [2024-06-22T13:22:06.858+0000] {dag.py:3427} INFO - Setting next_dagrun for example_branch_datetime_operator to 2024-06-21T00:00:00+00:00, run_after=2024-06-22T00:00:00+00:00
[2024-06-22T13:22:06.865+0000] {logging_mixin.py:137} INFO - [2024-06-22T13:22:06.865+0000] {dag.py:3427} INFO - Setting next_dagrun for example_branch_datetime_operator_2 to 2024-06-21T00:00:00+00:00, run_after=2024-06-22T00:00:00+00:00
[2024-06-22T13:22:06.869+0000] {logging_mixin.py:137} INFO - [2024-06-22T13:22:06.869+0000] {dag.py:3427} INFO - Setting next_dagrun for example_branch_datetime_operator_3 to 2024-06-21T00:00:00+00:00, run_after=2024-06-22T00:00:00+00:00
[2024-06-22T13:22:06.895+0000] {processor.py:175} INFO - Processing /home/airflow/.local/lib/python3.7/site-packages/airflow/example_dags/example_branch_datetime_operator.py took 0.162 seconds
[2024-06-22T13:22:37.091+0000] {processor.py:153} INFO - Started process (PID=999) to work on /home/airflow/.local/lib/python3.7/site-packages/airflow/example_dags/example_branch_datetime_operator.py
[2024-06-22T13:22:37.093+0000] {processor.py:743} INFO - Processing file /home/airflow/.local/lib/python3.7/site-packages/airflow/example_dags/example_branch_datetime_operator.py for tasks to queue
[2024-06-22T13:22:37.094+0000] {logging_mixin.py:137} INFO - [2024-06-22T13:22:37.094+0000] {dagbag.py:538} INFO - Filling up the DagBag from /home/airflow/.local/lib/python3.7/site-packages/airflow/example_dags/example_branch_datetime_operator.py
[2024-06-22T13:22:37.113+0000] {processor.py:753} INFO - DAG(s) dict_keys(['example_branch_datetime_operator', 'example_branch_datetime_operator_3', 'example_branch_datetime_operator_2']) retrieved from /home/airflow/.local/lib/python3.7/site-packages/airflow/example_dags/example_branch_datetime_operator.py
[2024-06-22T13:22:37.175+0000] {logging_mixin.py:137} INFO - [2024-06-22T13:22:37.175+0000] {dag.py:2676} INFO - Sync 3 DAGs
[2024-06-22T13:22:37.210+0000] {logging_mixin.py:137} INFO - [2024-06-22T13:22:37.210+0000] {dag.py:3427} INFO - Setting next_dagrun for example_branch_datetime_operator to 2024-06-21T00:00:00+00:00, run_after=2024-06-22T00:00:00+00:00
[2024-06-22T13:22:37.216+0000] {logging_mixin.py:137} INFO - [2024-06-22T13:22:37.216+0000] {dag.py:3427} INFO - Setting next_dagrun for example_branch_datetime_operator_2 to 2024-06-21T00:00:00+00:00, run_after=2024-06-22T00:00:00+00:00
[2024-06-22T13:22:37.219+0000] {logging_mixin.py:137} INFO - [2024-06-22T13:22:37.219+0000] {dag.py:3427} INFO - Setting next_dagrun for example_branch_datetime_operator_3 to 2024-06-21T00:00:00+00:00, run_after=2024-06-22T00:00:00+00:00
[2024-06-22T13:22:37.243+0000] {processor.py:175} INFO - Processing /home/airflow/.local/lib/python3.7/site-packages/airflow/example_dags/example_branch_datetime_operator.py took 0.157 seconds
[2024-06-22T13:23:07.434+0000] {processor.py:153} INFO - Started process (PID=1041) to work on /home/airflow/.local/lib/python3.7/site-packages/airflow/example_dags/example_branch_datetime_operator.py
[2024-06-22T13:23:07.436+0000] {processor.py:743} INFO - Processing file /home/airflow/.local/lib/python3.7/site-packages/airflow/example_dags/example_branch_datetime_operator.py for tasks to queue
[2024-06-22T13:23:07.437+0000] {logging_mixin.py:137} INFO - [2024-06-22T13:23:07.437+0000] {dagbag.py:538} INFO - Filling up the DagBag from /home/airflow/.local/lib/python3.7/site-packages/airflow/example_dags/example_branch_datetime_operator.py
[2024-06-22T13:23:07.454+0000] {processor.py:753} INFO - DAG(s) dict_keys(['example_branch_datetime_operator_3', 'example_branch_datetime_operator_2', 'example_branch_datetime_operator']) retrieved from /home/airflow/.local/lib/python3.7/site-packages/airflow/example_dags/example_branch_datetime_operator.py
[2024-06-22T13:23:07.505+0000] {logging_mixin.py:137} INFO - [2024-06-22T13:23:07.505+0000] {dag.py:2676} INFO - Sync 3 DAGs
[2024-06-22T13:23:07.532+0000] {logging_mixin.py:137} INFO - [2024-06-22T13:23:07.532+0000] {dag.py:3427} INFO - Setting next_dagrun for example_branch_datetime_operator to 2024-06-21T00:00:00+00:00, run_after=2024-06-22T00:00:00+00:00
[2024-06-22T13:23:07.539+0000] {logging_mixin.py:137} INFO - [2024-06-22T13:23:07.538+0000] {dag.py:3427} INFO - Setting next_dagrun for example_branch_datetime_operator_2 to 2024-06-21T00:00:00+00:00, run_after=2024-06-22T00:00:00+00:00
[2024-06-22T13:23:07.542+0000] {logging_mixin.py:137} INFO - [2024-06-22T13:23:07.542+0000] {dag.py:3427} INFO - Setting next_dagrun for example_branch_datetime_operator_3 to 2024-06-21T00:00:00+00:00, run_after=2024-06-22T00:00:00+00:00
[2024-06-22T13:23:07.565+0000] {processor.py:175} INFO - Processing /home/airflow/.local/lib/python3.7/site-packages/airflow/example_dags/example_branch_datetime_operator.py took 0.134 seconds
[2024-06-22T13:23:37.883+0000] {processor.py:153} INFO - Started process (PID=1083) to work on /home/airflow/.local/lib/python3.7/site-packages/airflow/example_dags/example_branch_datetime_operator.py
[2024-06-22T13:23:37.884+0000] {processor.py:743} INFO - Processing file /home/airflow/.local/lib/python3.7/site-packages/airflow/example_dags/example_branch_datetime_operator.py for tasks to queue
[2024-06-22T13:23:37.886+0000] {logging_mixin.py:137} INFO - [2024-06-22T13:23:37.886+0000] {dagbag.py:538} INFO - Filling up the DagBag from /home/airflow/.local/lib/python3.7/site-packages/airflow/example_dags/example_branch_datetime_operator.py
[2024-06-22T13:23:37.908+0000] {processor.py:753} INFO - DAG(s) dict_keys(['example_branch_datetime_operator', 'example_branch_datetime_operator_2', 'example_branch_datetime_operator_3']) retrieved from /home/airflow/.local/lib/python3.7/site-packages/airflow/example_dags/example_branch_datetime_operator.py
[2024-06-22T13:23:37.975+0000] {logging_mixin.py:137} INFO - [2024-06-22T13:23:37.975+0000] {dag.py:2676} INFO - Sync 3 DAGs
[2024-06-22T13:23:38.006+0000] {logging_mixin.py:137} INFO - [2024-06-22T13:23:38.006+0000] {dag.py:3427} INFO - Setting next_dagrun for example_branch_datetime_operator to 2024-06-21T00:00:00+00:00, run_after=2024-06-22T00:00:00+00:00
[2024-06-22T13:23:38.014+0000] {logging_mixin.py:137} INFO - [2024-06-22T13:23:38.013+0000] {dag.py:3427} INFO - Setting next_dagrun for example_branch_datetime_operator_2 to 2024-06-21T00:00:00+00:00, run_after=2024-06-22T00:00:00+00:00
[2024-06-22T13:23:38.018+0000] {logging_mixin.py:137} INFO - [2024-06-22T13:23:38.018+0000] {dag.py:3427} INFO - Setting next_dagrun for example_branch_datetime_operator_3 to 2024-06-21T00:00:00+00:00, run_after=2024-06-22T00:00:00+00:00
[2024-06-22T13:23:38.042+0000] {processor.py:175} INFO - Processing /home/airflow/.local/lib/python3.7/site-packages/airflow/example_dags/example_branch_datetime_operator.py took 0.163 seconds
[2024-06-22T13:24:08.139+0000] {processor.py:153} INFO - Started process (PID=1125) to work on /home/airflow/.local/lib/python3.7/site-packages/airflow/example_dags/example_branch_datetime_operator.py
[2024-06-22T13:24:08.140+0000] {processor.py:743} INFO - Processing file /home/airflow/.local/lib/python3.7/site-packages/airflow/example_dags/example_branch_datetime_operator.py for tasks to queue
[2024-06-22T13:24:08.141+0000] {logging_mixin.py:137} INFO - [2024-06-22T13:24:08.141+0000] {dagbag.py:538} INFO - Filling up the DagBag from /home/airflow/.local/lib/python3.7/site-packages/airflow/example_dags/example_branch_datetime_operator.py
[2024-06-22T13:24:08.161+0000] {processor.py:753} INFO - DAG(s) dict_keys(['example_branch_datetime_operator', 'example_branch_datetime_operator_3', 'example_branch_datetime_operator_2']) retrieved from /home/airflow/.local/lib/python3.7/site-packages/airflow/example_dags/example_branch_datetime_operator.py
[2024-06-22T13:24:08.210+0000] {logging_mixin.py:137} INFO - [2024-06-22T13:24:08.210+0000] {dag.py:2676} INFO - Sync 3 DAGs
[2024-06-22T13:24:08.238+0000] {logging_mixin.py:137} INFO - [2024-06-22T13:24:08.238+0000] {dag.py:3427} INFO - Setting next_dagrun for example_branch_datetime_operator to 2024-06-21T00:00:00+00:00, run_after=2024-06-22T00:00:00+00:00
[2024-06-22T13:24:08.243+0000] {logging_mixin.py:137} INFO - [2024-06-22T13:24:08.243+0000] {dag.py:3427} INFO - Setting next_dagrun for example_branch_datetime_operator_2 to 2024-06-21T00:00:00+00:00, run_after=2024-06-22T00:00:00+00:00
[2024-06-22T13:24:08.247+0000] {logging_mixin.py:137} INFO - [2024-06-22T13:24:08.247+0000] {dag.py:3427} INFO - Setting next_dagrun for example_branch_datetime_operator_3 to 2024-06-21T00:00:00+00:00, run_after=2024-06-22T00:00:00+00:00
[2024-06-22T13:24:08.270+0000] {processor.py:175} INFO - Processing /home/airflow/.local/lib/python3.7/site-packages/airflow/example_dags/example_branch_datetime_operator.py took 0.134 seconds
[2024-06-22T13:24:38.521+0000] {processor.py:153} INFO - Started process (PID=1164) to work on /home/airflow/.local/lib/python3.7/site-packages/airflow/example_dags/example_branch_datetime_operator.py
[2024-06-22T13:24:38.523+0000] {processor.py:743} INFO - Processing file /home/airflow/.local/lib/python3.7/site-packages/airflow/example_dags/example_branch_datetime_operator.py for tasks to queue
[2024-06-22T13:24:38.524+0000] {logging_mixin.py:137} INFO - [2024-06-22T13:24:38.524+0000] {dagbag.py:538} INFO - Filling up the DagBag from /home/airflow/.local/lib/python3.7/site-packages/airflow/example_dags/example_branch_datetime_operator.py
[2024-06-22T13:24:38.542+0000] {processor.py:753} INFO - DAG(s) dict_keys(['example_branch_datetime_operator_3', 'example_branch_datetime_operator_2', 'example_branch_datetime_operator']) retrieved from /home/airflow/.local/lib/python3.7/site-packages/airflow/example_dags/example_branch_datetime_operator.py
[2024-06-22T13:24:38.593+0000] {logging_mixin.py:137} INFO - [2024-06-22T13:24:38.593+0000] {dag.py:2676} INFO - Sync 3 DAGs
[2024-06-22T13:24:38.624+0000] {logging_mixin.py:137} INFO - [2024-06-22T13:24:38.624+0000] {dag.py:3427} INFO - Setting next_dagrun for example_branch_datetime_operator to 2024-06-21T00:00:00+00:00, run_after=2024-06-22T00:00:00+00:00
[2024-06-22T13:24:38.630+0000] {logging_mixin.py:137} INFO - [2024-06-22T13:24:38.630+0000] {dag.py:3427} INFO - Setting next_dagrun for example_branch_datetime_operator_2 to 2024-06-21T00:00:00+00:00, run_after=2024-06-22T00:00:00+00:00
[2024-06-22T13:24:38.633+0000] {logging_mixin.py:137} INFO - [2024-06-22T13:24:38.633+0000] {dag.py:3427} INFO - Setting next_dagrun for example_branch_datetime_operator_3 to 2024-06-21T00:00:00+00:00, run_after=2024-06-22T00:00:00+00:00
[2024-06-22T13:24:38.658+0000] {processor.py:175} INFO - Processing /home/airflow/.local/lib/python3.7/site-packages/airflow/example_dags/example_branch_datetime_operator.py took 0.141 seconds
[2024-06-22T13:25:08.865+0000] {processor.py:153} INFO - Started process (PID=1203) to work on /home/airflow/.local/lib/python3.7/site-packages/airflow/example_dags/example_branch_datetime_operator.py
[2024-06-22T13:25:08.867+0000] {processor.py:743} INFO - Processing file /home/airflow/.local/lib/python3.7/site-packages/airflow/example_dags/example_branch_datetime_operator.py for tasks to queue
[2024-06-22T13:25:08.868+0000] {logging_mixin.py:137} INFO - [2024-06-22T13:25:08.868+0000] {dagbag.py:538} INFO - Filling up the DagBag from /home/airflow/.local/lib/python3.7/site-packages/airflow/example_dags/example_branch_datetime_operator.py
[2024-06-22T13:25:08.886+0000] {processor.py:753} INFO - DAG(s) dict_keys(['example_branch_datetime_operator_2', 'example_branch_datetime_operator', 'example_branch_datetime_operator_3']) retrieved from /home/airflow/.local/lib/python3.7/site-packages/airflow/example_dags/example_branch_datetime_operator.py
[2024-06-22T13:25:08.936+0000] {logging_mixin.py:137} INFO - [2024-06-22T13:25:08.936+0000] {dag.py:2676} INFO - Sync 3 DAGs
[2024-06-22T13:25:08.966+0000] {logging_mixin.py:137} INFO - [2024-06-22T13:25:08.965+0000] {dag.py:3427} INFO - Setting next_dagrun for example_branch_datetime_operator to 2024-06-21T00:00:00+00:00, run_after=2024-06-22T00:00:00+00:00
[2024-06-22T13:25:08.973+0000] {logging_mixin.py:137} INFO - [2024-06-22T13:25:08.973+0000] {dag.py:3427} INFO - Setting next_dagrun for example_branch_datetime_operator_2 to 2024-06-21T00:00:00+00:00, run_after=2024-06-22T00:00:00+00:00
[2024-06-22T13:25:08.977+0000] {logging_mixin.py:137} INFO - [2024-06-22T13:25:08.976+0000] {dag.py:3427} INFO - Setting next_dagrun for example_branch_datetime_operator_3 to 2024-06-21T00:00:00+00:00, run_after=2024-06-22T00:00:00+00:00
[2024-06-22T13:25:09.001+0000] {processor.py:175} INFO - Processing /home/airflow/.local/lib/python3.7/site-packages/airflow/example_dags/example_branch_datetime_operator.py took 0.139 seconds
[2024-06-22T13:25:39.388+0000] {processor.py:153} INFO - Started process (PID=1242) to work on /home/airflow/.local/lib/python3.7/site-packages/airflow/example_dags/example_branch_datetime_operator.py
[2024-06-22T13:25:39.390+0000] {processor.py:743} INFO - Processing file /home/airflow/.local/lib/python3.7/site-packages/airflow/example_dags/example_branch_datetime_operator.py for tasks to queue
[2024-06-22T13:25:39.391+0000] {logging_mixin.py:137} INFO - [2024-06-22T13:25:39.391+0000] {dagbag.py:538} INFO - Filling up the DagBag from /home/airflow/.local/lib/python3.7/site-packages/airflow/example_dags/example_branch_datetime_operator.py
[2024-06-22T13:25:39.409+0000] {processor.py:753} INFO - DAG(s) dict_keys(['example_branch_datetime_operator', 'example_branch_datetime_operator_2', 'example_branch_datetime_operator_3']) retrieved from /home/airflow/.local/lib/python3.7/site-packages/airflow/example_dags/example_branch_datetime_operator.py
[2024-06-22T13:25:39.462+0000] {logging_mixin.py:137} INFO - [2024-06-22T13:25:39.462+0000] {dag.py:2676} INFO - Sync 3 DAGs
[2024-06-22T13:25:39.495+0000] {logging_mixin.py:137} INFO - [2024-06-22T13:25:39.494+0000] {dag.py:3427} INFO - Setting next_dagrun for example_branch_datetime_operator to 2024-06-21T00:00:00+00:00, run_after=2024-06-22T00:00:00+00:00
[2024-06-22T13:25:39.501+0000] {logging_mixin.py:137} INFO - [2024-06-22T13:25:39.501+0000] {dag.py:3427} INFO - Setting next_dagrun for example_branch_datetime_operator_2 to 2024-06-21T00:00:00+00:00, run_after=2024-06-22T00:00:00+00:00
[2024-06-22T13:25:39.505+0000] {logging_mixin.py:137} INFO - [2024-06-22T13:25:39.504+0000] {dag.py:3427} INFO - Setting next_dagrun for example_branch_datetime_operator_3 to 2024-06-21T00:00:00+00:00, run_after=2024-06-22T00:00:00+00:00
[2024-06-22T13:25:39.528+0000] {processor.py:175} INFO - Processing /home/airflow/.local/lib/python3.7/site-packages/airflow/example_dags/example_branch_datetime_operator.py took 0.143 seconds
