[2024-06-22T13:11:19.568+0000] {processor.py:153} INFO - Started process (PID=47) to work on /home/airflow/.local/lib/python3.7/site-packages/airflow/example_dags/example_branch_python_dop_operator_3.py
[2024-06-22T13:11:19.570+0000] {processor.py:743} INFO - Processing file /home/airflow/.local/lib/python3.7/site-packages/airflow/example_dags/example_branch_python_dop_operator_3.py for tasks to queue
[2024-06-22T13:11:19.571+0000] {logging_mixin.py:137} INFO - [2024-06-22T13:11:19.571+0000] {dagbag.py:538} INFO - Filling up the DagBag from /home/airflow/.local/lib/python3.7/site-packages/airflow/example_dags/example_branch_python_dop_operator_3.py
[2024-06-22T13:11:19.603+0000] {processor.py:753} INFO - DAG(s) dict_keys(['example_branch_dop_operator_v3']) retrieved from /home/airflow/.local/lib/python3.7/site-packages/airflow/example_dags/example_branch_python_dop_operator_3.py
[2024-06-22T13:11:19.650+0000] {logging_mixin.py:137} INFO - [2024-06-22T13:11:19.650+0000] {dag.py:2676} INFO - Sync 1 DAGs
[2024-06-22T13:11:19.704+0000] {logging_mixin.py:137} INFO - [2024-06-22T13:11:19.704+0000] {dag.py:3427} INFO - Setting next_dagrun for example_branch_dop_operator_v3 to 2024-06-22T13:10:00+00:00, run_after=2024-06-22T13:11:00+00:00
[2024-06-22T13:11:19.753+0000] {processor.py:175} INFO - Processing /home/airflow/.local/lib/python3.7/site-packages/airflow/example_dags/example_branch_python_dop_operator_3.py took 0.189 seconds
[2024-06-22T13:11:50.553+0000] {processor.py:153} INFO - Started process (PID=89) to work on /home/airflow/.local/lib/python3.7/site-packages/airflow/example_dags/example_branch_python_dop_operator_3.py
[2024-06-22T13:11:50.554+0000] {processor.py:743} INFO - Processing file /home/airflow/.local/lib/python3.7/site-packages/airflow/example_dags/example_branch_python_dop_operator_3.py for tasks to queue
[2024-06-22T13:11:50.556+0000] {logging_mixin.py:137} INFO - [2024-06-22T13:11:50.555+0000] {dagbag.py:538} INFO - Filling up the DagBag from /home/airflow/.local/lib/python3.7/site-packages/airflow/example_dags/example_branch_python_dop_operator_3.py
[2024-06-22T13:11:50.602+0000] {processor.py:753} INFO - DAG(s) dict_keys(['example_branch_dop_operator_v3']) retrieved from /home/airflow/.local/lib/python3.7/site-packages/airflow/example_dags/example_branch_python_dop_operator_3.py
[2024-06-22T13:11:50.652+0000] {logging_mixin.py:137} INFO - [2024-06-22T13:11:50.652+0000] {dag.py:2676} INFO - Sync 1 DAGs
[2024-06-22T13:11:50.713+0000] {logging_mixin.py:137} INFO - [2024-06-22T13:11:50.713+0000] {dag.py:3427} INFO - Setting next_dagrun for example_branch_dop_operator_v3 to 2024-06-22T13:10:00+00:00, run_after=2024-06-22T13:11:00+00:00
[2024-06-22T13:11:50.780+0000] {processor.py:175} INFO - Processing /home/airflow/.local/lib/python3.7/site-packages/airflow/example_dags/example_branch_python_dop_operator_3.py took 0.231 seconds
[2024-06-22T13:12:21.656+0000] {processor.py:153} INFO - Started process (PID=130) to work on /home/airflow/.local/lib/python3.7/site-packages/airflow/example_dags/example_branch_python_dop_operator_3.py
[2024-06-22T13:12:21.657+0000] {processor.py:743} INFO - Processing file /home/airflow/.local/lib/python3.7/site-packages/airflow/example_dags/example_branch_python_dop_operator_3.py for tasks to queue
[2024-06-22T13:12:21.658+0000] {logging_mixin.py:137} INFO - [2024-06-22T13:12:21.658+0000] {dagbag.py:538} INFO - Filling up the DagBag from /home/airflow/.local/lib/python3.7/site-packages/airflow/example_dags/example_branch_python_dop_operator_3.py
[2024-06-22T13:12:21.683+0000] {processor.py:753} INFO - DAG(s) dict_keys(['example_branch_dop_operator_v3']) retrieved from /home/airflow/.local/lib/python3.7/site-packages/airflow/example_dags/example_branch_python_dop_operator_3.py
[2024-06-22T13:12:21.725+0000] {logging_mixin.py:137} INFO - [2024-06-22T13:12:21.725+0000] {dag.py:2676} INFO - Sync 1 DAGs
[2024-06-22T13:12:21.764+0000] {logging_mixin.py:137} INFO - [2024-06-22T13:12:21.763+0000] {dag.py:3427} INFO - Setting next_dagrun for example_branch_dop_operator_v3 to 2024-06-22T13:11:00+00:00, run_after=2024-06-22T13:12:00+00:00
[2024-06-22T13:12:21.797+0000] {processor.py:175} INFO - Processing /home/airflow/.local/lib/python3.7/site-packages/airflow/example_dags/example_branch_python_dop_operator_3.py took 0.144 seconds
[2024-06-22T13:12:52.584+0000] {processor.py:153} INFO - Started process (PID=171) to work on /home/airflow/.local/lib/python3.7/site-packages/airflow/example_dags/example_branch_python_dop_operator_3.py
[2024-06-22T13:12:52.587+0000] {processor.py:743} INFO - Processing file /home/airflow/.local/lib/python3.7/site-packages/airflow/example_dags/example_branch_python_dop_operator_3.py for tasks to queue
[2024-06-22T13:12:52.590+0000] {logging_mixin.py:137} INFO - [2024-06-22T13:12:52.589+0000] {dagbag.py:538} INFO - Filling up the DagBag from /home/airflow/.local/lib/python3.7/site-packages/airflow/example_dags/example_branch_python_dop_operator_3.py
[2024-06-22T13:12:52.618+0000] {processor.py:753} INFO - DAG(s) dict_keys(['example_branch_dop_operator_v3']) retrieved from /home/airflow/.local/lib/python3.7/site-packages/airflow/example_dags/example_branch_python_dop_operator_3.py
[2024-06-22T13:12:52.664+0000] {logging_mixin.py:137} INFO - [2024-06-22T13:12:52.664+0000] {dag.py:2676} INFO - Sync 1 DAGs
[2024-06-22T13:12:52.694+0000] {logging_mixin.py:137} INFO - [2024-06-22T13:12:52.694+0000] {dag.py:3427} INFO - Setting next_dagrun for example_branch_dop_operator_v3 to 2024-06-22T13:11:00+00:00, run_after=2024-06-22T13:12:00+00:00
[2024-06-22T13:12:52.720+0000] {processor.py:175} INFO - Processing /home/airflow/.local/lib/python3.7/site-packages/airflow/example_dags/example_branch_python_dop_operator_3.py took 0.140 seconds
[2024-06-22T13:13:23.224+0000] {processor.py:153} INFO - Started process (PID=213) to work on /home/airflow/.local/lib/python3.7/site-packages/airflow/example_dags/example_branch_python_dop_operator_3.py
[2024-06-22T13:13:23.225+0000] {processor.py:743} INFO - Processing file /home/airflow/.local/lib/python3.7/site-packages/airflow/example_dags/example_branch_python_dop_operator_3.py for tasks to queue
[2024-06-22T13:13:23.226+0000] {logging_mixin.py:137} INFO - [2024-06-22T13:13:23.226+0000] {dagbag.py:538} INFO - Filling up the DagBag from /home/airflow/.local/lib/python3.7/site-packages/airflow/example_dags/example_branch_python_dop_operator_3.py
[2024-06-22T13:13:23.248+0000] {processor.py:753} INFO - DAG(s) dict_keys(['example_branch_dop_operator_v3']) retrieved from /home/airflow/.local/lib/python3.7/site-packages/airflow/example_dags/example_branch_python_dop_operator_3.py
[2024-06-22T13:13:23.287+0000] {logging_mixin.py:137} INFO - [2024-06-22T13:13:23.287+0000] {dag.py:2676} INFO - Sync 1 DAGs
[2024-06-22T13:13:23.318+0000] {logging_mixin.py:137} INFO - [2024-06-22T13:13:23.318+0000] {dag.py:3427} INFO - Setting next_dagrun for example_branch_dop_operator_v3 to 2024-06-22T13:12:00+00:00, run_after=2024-06-22T13:13:00+00:00
[2024-06-22T13:13:23.342+0000] {processor.py:175} INFO - Processing /home/airflow/.local/lib/python3.7/site-packages/airflow/example_dags/example_branch_python_dop_operator_3.py took 0.121 seconds
[2024-06-22T13:13:53.884+0000] {processor.py:153} INFO - Started process (PID=255) to work on /home/airflow/.local/lib/python3.7/site-packages/airflow/example_dags/example_branch_python_dop_operator_3.py
[2024-06-22T13:13:53.885+0000] {processor.py:743} INFO - Processing file /home/airflow/.local/lib/python3.7/site-packages/airflow/example_dags/example_branch_python_dop_operator_3.py for tasks to queue
[2024-06-22T13:13:53.886+0000] {logging_mixin.py:137} INFO - [2024-06-22T13:13:53.886+0000] {dagbag.py:538} INFO - Filling up the DagBag from /home/airflow/.local/lib/python3.7/site-packages/airflow/example_dags/example_branch_python_dop_operator_3.py
[2024-06-22T13:13:53.911+0000] {processor.py:753} INFO - DAG(s) dict_keys(['example_branch_dop_operator_v3']) retrieved from /home/airflow/.local/lib/python3.7/site-packages/airflow/example_dags/example_branch_python_dop_operator_3.py
[2024-06-22T13:13:53.953+0000] {logging_mixin.py:137} INFO - [2024-06-22T13:13:53.952+0000] {dag.py:2676} INFO - Sync 1 DAGs
[2024-06-22T13:13:53.985+0000] {logging_mixin.py:137} INFO - [2024-06-22T13:13:53.985+0000] {dag.py:3427} INFO - Setting next_dagrun for example_branch_dop_operator_v3 to 2024-06-22T13:12:00+00:00, run_after=2024-06-22T13:13:00+00:00
[2024-06-22T13:13:54.010+0000] {processor.py:175} INFO - Processing /home/airflow/.local/lib/python3.7/site-packages/airflow/example_dags/example_branch_python_dop_operator_3.py took 0.129 seconds
[2024-06-22T13:14:24.642+0000] {processor.py:153} INFO - Started process (PID=297) to work on /home/airflow/.local/lib/python3.7/site-packages/airflow/example_dags/example_branch_python_dop_operator_3.py
[2024-06-22T13:14:24.643+0000] {processor.py:743} INFO - Processing file /home/airflow/.local/lib/python3.7/site-packages/airflow/example_dags/example_branch_python_dop_operator_3.py for tasks to queue
[2024-06-22T13:14:24.645+0000] {logging_mixin.py:137} INFO - [2024-06-22T13:14:24.644+0000] {dagbag.py:538} INFO - Filling up the DagBag from /home/airflow/.local/lib/python3.7/site-packages/airflow/example_dags/example_branch_python_dop_operator_3.py
[2024-06-22T13:14:24.669+0000] {processor.py:753} INFO - DAG(s) dict_keys(['example_branch_dop_operator_v3']) retrieved from /home/airflow/.local/lib/python3.7/site-packages/airflow/example_dags/example_branch_python_dop_operator_3.py
[2024-06-22T13:14:24.714+0000] {logging_mixin.py:137} INFO - [2024-06-22T13:14:24.714+0000] {dag.py:2676} INFO - Sync 1 DAGs
[2024-06-22T13:14:24.746+0000] {logging_mixin.py:137} INFO - [2024-06-22T13:14:24.746+0000] {dag.py:3427} INFO - Setting next_dagrun for example_branch_dop_operator_v3 to 2024-06-22T13:13:00+00:00, run_after=2024-06-22T13:14:00+00:00
[2024-06-22T13:14:24.773+0000] {processor.py:175} INFO - Processing /home/airflow/.local/lib/python3.7/site-packages/airflow/example_dags/example_branch_python_dop_operator_3.py took 0.134 seconds
[2024-06-22T13:14:55.367+0000] {processor.py:153} INFO - Started process (PID=339) to work on /home/airflow/.local/lib/python3.7/site-packages/airflow/example_dags/example_branch_python_dop_operator_3.py
[2024-06-22T13:14:55.368+0000] {processor.py:743} INFO - Processing file /home/airflow/.local/lib/python3.7/site-packages/airflow/example_dags/example_branch_python_dop_operator_3.py for tasks to queue
[2024-06-22T13:14:55.369+0000] {logging_mixin.py:137} INFO - [2024-06-22T13:14:55.369+0000] {dagbag.py:538} INFO - Filling up the DagBag from /home/airflow/.local/lib/python3.7/site-packages/airflow/example_dags/example_branch_python_dop_operator_3.py
[2024-06-22T13:14:55.397+0000] {processor.py:753} INFO - DAG(s) dict_keys(['example_branch_dop_operator_v3']) retrieved from /home/airflow/.local/lib/python3.7/site-packages/airflow/example_dags/example_branch_python_dop_operator_3.py
[2024-06-22T13:14:55.441+0000] {logging_mixin.py:137} INFO - [2024-06-22T13:14:55.441+0000] {dag.py:2676} INFO - Sync 1 DAGs
[2024-06-22T13:14:55.476+0000] {logging_mixin.py:137} INFO - [2024-06-22T13:14:55.476+0000] {dag.py:3427} INFO - Setting next_dagrun for example_branch_dop_operator_v3 to 2024-06-22T13:13:00+00:00, run_after=2024-06-22T13:14:00+00:00
[2024-06-22T13:14:55.504+0000] {processor.py:175} INFO - Processing /home/airflow/.local/lib/python3.7/site-packages/airflow/example_dags/example_branch_python_dop_operator_3.py took 0.140 seconds
[2024-06-22T13:15:25.648+0000] {processor.py:153} INFO - Started process (PID=381) to work on /home/airflow/.local/lib/python3.7/site-packages/airflow/example_dags/example_branch_python_dop_operator_3.py
[2024-06-22T13:15:25.650+0000] {processor.py:743} INFO - Processing file /home/airflow/.local/lib/python3.7/site-packages/airflow/example_dags/example_branch_python_dop_operator_3.py for tasks to queue
[2024-06-22T13:15:25.651+0000] {logging_mixin.py:137} INFO - [2024-06-22T13:15:25.650+0000] {dagbag.py:538} INFO - Filling up the DagBag from /home/airflow/.local/lib/python3.7/site-packages/airflow/example_dags/example_branch_python_dop_operator_3.py
[2024-06-22T13:15:25.675+0000] {processor.py:753} INFO - DAG(s) dict_keys(['example_branch_dop_operator_v3']) retrieved from /home/airflow/.local/lib/python3.7/site-packages/airflow/example_dags/example_branch_python_dop_operator_3.py
[2024-06-22T13:15:25.714+0000] {logging_mixin.py:137} INFO - [2024-06-22T13:15:25.713+0000] {dag.py:2676} INFO - Sync 1 DAGs
[2024-06-22T13:15:25.746+0000] {logging_mixin.py:137} INFO - [2024-06-22T13:15:25.745+0000] {dag.py:3427} INFO - Setting next_dagrun for example_branch_dop_operator_v3 to 2024-06-22T13:14:00+00:00, run_after=2024-06-22T13:15:00+00:00
[2024-06-22T13:15:25.772+0000] {processor.py:175} INFO - Processing /home/airflow/.local/lib/python3.7/site-packages/airflow/example_dags/example_branch_python_dop_operator_3.py took 0.127 seconds
[2024-06-22T13:15:56.125+0000] {processor.py:153} INFO - Started process (PID=423) to work on /home/airflow/.local/lib/python3.7/site-packages/airflow/example_dags/example_branch_python_dop_operator_3.py
[2024-06-22T13:15:56.127+0000] {processor.py:743} INFO - Processing file /home/airflow/.local/lib/python3.7/site-packages/airflow/example_dags/example_branch_python_dop_operator_3.py for tasks to queue
[2024-06-22T13:15:56.128+0000] {logging_mixin.py:137} INFO - [2024-06-22T13:15:56.128+0000] {dagbag.py:538} INFO - Filling up the DagBag from /home/airflow/.local/lib/python3.7/site-packages/airflow/example_dags/example_branch_python_dop_operator_3.py
[2024-06-22T13:15:56.153+0000] {processor.py:753} INFO - DAG(s) dict_keys(['example_branch_dop_operator_v3']) retrieved from /home/airflow/.local/lib/python3.7/site-packages/airflow/example_dags/example_branch_python_dop_operator_3.py
[2024-06-22T13:15:56.203+0000] {logging_mixin.py:137} INFO - [2024-06-22T13:15:56.203+0000] {dag.py:2676} INFO - Sync 1 DAGs
[2024-06-22T13:15:56.242+0000] {logging_mixin.py:137} INFO - [2024-06-22T13:15:56.242+0000] {dag.py:3427} INFO - Setting next_dagrun for example_branch_dop_operator_v3 to 2024-06-22T13:14:00+00:00, run_after=2024-06-22T13:15:00+00:00
[2024-06-22T13:15:56.272+0000] {processor.py:175} INFO - Processing /home/airflow/.local/lib/python3.7/site-packages/airflow/example_dags/example_branch_python_dop_operator_3.py took 0.150 seconds
[2024-06-22T13:16:26.350+0000] {processor.py:153} INFO - Started process (PID=465) to work on /home/airflow/.local/lib/python3.7/site-packages/airflow/example_dags/example_branch_python_dop_operator_3.py
[2024-06-22T13:16:26.352+0000] {processor.py:743} INFO - Processing file /home/airflow/.local/lib/python3.7/site-packages/airflow/example_dags/example_branch_python_dop_operator_3.py for tasks to queue
[2024-06-22T13:16:26.352+0000] {logging_mixin.py:137} INFO - [2024-06-22T13:16:26.352+0000] {dagbag.py:538} INFO - Filling up the DagBag from /home/airflow/.local/lib/python3.7/site-packages/airflow/example_dags/example_branch_python_dop_operator_3.py
[2024-06-22T13:16:26.376+0000] {processor.py:753} INFO - DAG(s) dict_keys(['example_branch_dop_operator_v3']) retrieved from /home/airflow/.local/lib/python3.7/site-packages/airflow/example_dags/example_branch_python_dop_operator_3.py
[2024-06-22T13:16:26.415+0000] {logging_mixin.py:137} INFO - [2024-06-22T13:16:26.415+0000] {dag.py:2676} INFO - Sync 1 DAGs
[2024-06-22T13:16:26.444+0000] {logging_mixin.py:137} INFO - [2024-06-22T13:16:26.444+0000] {dag.py:3427} INFO - Setting next_dagrun for example_branch_dop_operator_v3 to 2024-06-22T13:15:00+00:00, run_after=2024-06-22T13:16:00+00:00
[2024-06-22T13:16:26.470+0000] {processor.py:175} INFO - Processing /home/airflow/.local/lib/python3.7/site-packages/airflow/example_dags/example_branch_python_dop_operator_3.py took 0.123 seconds
[2024-06-22T13:16:57.017+0000] {processor.py:153} INFO - Started process (PID=507) to work on /home/airflow/.local/lib/python3.7/site-packages/airflow/example_dags/example_branch_python_dop_operator_3.py
[2024-06-22T13:16:57.018+0000] {processor.py:743} INFO - Processing file /home/airflow/.local/lib/python3.7/site-packages/airflow/example_dags/example_branch_python_dop_operator_3.py for tasks to queue
[2024-06-22T13:16:57.019+0000] {logging_mixin.py:137} INFO - [2024-06-22T13:16:57.019+0000] {dagbag.py:538} INFO - Filling up the DagBag from /home/airflow/.local/lib/python3.7/site-packages/airflow/example_dags/example_branch_python_dop_operator_3.py
[2024-06-22T13:16:57.045+0000] {processor.py:753} INFO - DAG(s) dict_keys(['example_branch_dop_operator_v3']) retrieved from /home/airflow/.local/lib/python3.7/site-packages/airflow/example_dags/example_branch_python_dop_operator_3.py
[2024-06-22T13:16:57.082+0000] {logging_mixin.py:137} INFO - [2024-06-22T13:16:57.082+0000] {dag.py:2676} INFO - Sync 1 DAGs
[2024-06-22T13:16:57.111+0000] {logging_mixin.py:137} INFO - [2024-06-22T13:16:57.111+0000] {dag.py:3427} INFO - Setting next_dagrun for example_branch_dop_operator_v3 to 2024-06-22T13:15:00+00:00, run_after=2024-06-22T13:16:00+00:00
[2024-06-22T13:16:57.139+0000] {processor.py:175} INFO - Processing /home/airflow/.local/lib/python3.7/site-packages/airflow/example_dags/example_branch_python_dop_operator_3.py took 0.125 seconds
[2024-06-22T13:17:27.475+0000] {processor.py:153} INFO - Started process (PID=549) to work on /home/airflow/.local/lib/python3.7/site-packages/airflow/example_dags/example_branch_python_dop_operator_3.py
[2024-06-22T13:17:27.476+0000] {processor.py:743} INFO - Processing file /home/airflow/.local/lib/python3.7/site-packages/airflow/example_dags/example_branch_python_dop_operator_3.py for tasks to queue
[2024-06-22T13:17:27.477+0000] {logging_mixin.py:137} INFO - [2024-06-22T13:17:27.477+0000] {dagbag.py:538} INFO - Filling up the DagBag from /home/airflow/.local/lib/python3.7/site-packages/airflow/example_dags/example_branch_python_dop_operator_3.py
[2024-06-22T13:17:27.503+0000] {processor.py:753} INFO - DAG(s) dict_keys(['example_branch_dop_operator_v3']) retrieved from /home/airflow/.local/lib/python3.7/site-packages/airflow/example_dags/example_branch_python_dop_operator_3.py
[2024-06-22T13:17:27.544+0000] {logging_mixin.py:137} INFO - [2024-06-22T13:17:27.544+0000] {dag.py:2676} INFO - Sync 1 DAGs
[2024-06-22T13:17:27.579+0000] {logging_mixin.py:137} INFO - [2024-06-22T13:17:27.578+0000] {dag.py:3427} INFO - Setting next_dagrun for example_branch_dop_operator_v3 to 2024-06-22T13:16:00+00:00, run_after=2024-06-22T13:17:00+00:00
[2024-06-22T13:17:27.609+0000] {processor.py:175} INFO - Processing /home/airflow/.local/lib/python3.7/site-packages/airflow/example_dags/example_branch_python_dop_operator_3.py took 0.137 seconds
[2024-06-22T13:17:57.920+0000] {processor.py:153} INFO - Started process (PID=591) to work on /home/airflow/.local/lib/python3.7/site-packages/airflow/example_dags/example_branch_python_dop_operator_3.py
[2024-06-22T13:17:57.921+0000] {processor.py:743} INFO - Processing file /home/airflow/.local/lib/python3.7/site-packages/airflow/example_dags/example_branch_python_dop_operator_3.py for tasks to queue
[2024-06-22T13:17:57.922+0000] {logging_mixin.py:137} INFO - [2024-06-22T13:17:57.922+0000] {dagbag.py:538} INFO - Filling up the DagBag from /home/airflow/.local/lib/python3.7/site-packages/airflow/example_dags/example_branch_python_dop_operator_3.py
[2024-06-22T13:17:57.952+0000] {processor.py:753} INFO - DAG(s) dict_keys(['example_branch_dop_operator_v3']) retrieved from /home/airflow/.local/lib/python3.7/site-packages/airflow/example_dags/example_branch_python_dop_operator_3.py
[2024-06-22T13:17:57.996+0000] {logging_mixin.py:137} INFO - [2024-06-22T13:17:57.995+0000] {dag.py:2676} INFO - Sync 1 DAGs
[2024-06-22T13:17:58.031+0000] {logging_mixin.py:137} INFO - [2024-06-22T13:17:58.031+0000] {dag.py:3427} INFO - Setting next_dagrun for example_branch_dop_operator_v3 to 2024-06-22T13:16:00+00:00, run_after=2024-06-22T13:17:00+00:00
[2024-06-22T13:17:58.059+0000] {processor.py:175} INFO - Processing /home/airflow/.local/lib/python3.7/site-packages/airflow/example_dags/example_branch_python_dop_operator_3.py took 0.143 seconds
[2024-06-22T13:18:28.287+0000] {processor.py:153} INFO - Started process (PID=633) to work on /home/airflow/.local/lib/python3.7/site-packages/airflow/example_dags/example_branch_python_dop_operator_3.py
[2024-06-22T13:18:28.289+0000] {processor.py:743} INFO - Processing file /home/airflow/.local/lib/python3.7/site-packages/airflow/example_dags/example_branch_python_dop_operator_3.py for tasks to queue
[2024-06-22T13:18:28.290+0000] {logging_mixin.py:137} INFO - [2024-06-22T13:18:28.290+0000] {dagbag.py:538} INFO - Filling up the DagBag from /home/airflow/.local/lib/python3.7/site-packages/airflow/example_dags/example_branch_python_dop_operator_3.py
[2024-06-22T13:18:28.315+0000] {processor.py:753} INFO - DAG(s) dict_keys(['example_branch_dop_operator_v3']) retrieved from /home/airflow/.local/lib/python3.7/site-packages/airflow/example_dags/example_branch_python_dop_operator_3.py
[2024-06-22T13:18:28.354+0000] {logging_mixin.py:137} INFO - [2024-06-22T13:18:28.354+0000] {dag.py:2676} INFO - Sync 1 DAGs
[2024-06-22T13:18:28.386+0000] {logging_mixin.py:137} INFO - [2024-06-22T13:18:28.386+0000] {dag.py:3427} INFO - Setting next_dagrun for example_branch_dop_operator_v3 to 2024-06-22T13:17:00+00:00, run_after=2024-06-22T13:18:00+00:00
[2024-06-22T13:18:28.414+0000] {processor.py:175} INFO - Processing /home/airflow/.local/lib/python3.7/site-packages/airflow/example_dags/example_branch_python_dop_operator_3.py took 0.129 seconds
[2024-06-22T13:18:58.556+0000] {processor.py:153} INFO - Started process (PID=675) to work on /home/airflow/.local/lib/python3.7/site-packages/airflow/example_dags/example_branch_python_dop_operator_3.py
[2024-06-22T13:18:58.557+0000] {processor.py:743} INFO - Processing file /home/airflow/.local/lib/python3.7/site-packages/airflow/example_dags/example_branch_python_dop_operator_3.py for tasks to queue
[2024-06-22T13:18:58.558+0000] {logging_mixin.py:137} INFO - [2024-06-22T13:18:58.558+0000] {dagbag.py:538} INFO - Filling up the DagBag from /home/airflow/.local/lib/python3.7/site-packages/airflow/example_dags/example_branch_python_dop_operator_3.py
[2024-06-22T13:18:58.582+0000] {processor.py:753} INFO - DAG(s) dict_keys(['example_branch_dop_operator_v3']) retrieved from /home/airflow/.local/lib/python3.7/site-packages/airflow/example_dags/example_branch_python_dop_operator_3.py
[2024-06-22T13:18:58.620+0000] {logging_mixin.py:137} INFO - [2024-06-22T13:18:58.620+0000] {dag.py:2676} INFO - Sync 1 DAGs
[2024-06-22T13:18:58.654+0000] {logging_mixin.py:137} INFO - [2024-06-22T13:18:58.654+0000] {dag.py:3427} INFO - Setting next_dagrun for example_branch_dop_operator_v3 to 2024-06-22T13:17:00+00:00, run_after=2024-06-22T13:18:00+00:00
[2024-06-22T13:18:58.681+0000] {processor.py:175} INFO - Processing /home/airflow/.local/lib/python3.7/site-packages/airflow/example_dags/example_branch_python_dop_operator_3.py took 0.128 seconds
[2024-06-22T13:19:28.733+0000] {processor.py:153} INFO - Started process (PID=717) to work on /home/airflow/.local/lib/python3.7/site-packages/airflow/example_dags/example_branch_python_dop_operator_3.py
[2024-06-22T13:19:28.734+0000] {processor.py:743} INFO - Processing file /home/airflow/.local/lib/python3.7/site-packages/airflow/example_dags/example_branch_python_dop_operator_3.py for tasks to queue
[2024-06-22T13:19:28.735+0000] {logging_mixin.py:137} INFO - [2024-06-22T13:19:28.735+0000] {dagbag.py:538} INFO - Filling up the DagBag from /home/airflow/.local/lib/python3.7/site-packages/airflow/example_dags/example_branch_python_dop_operator_3.py
[2024-06-22T13:19:28.768+0000] {processor.py:753} INFO - DAG(s) dict_keys(['example_branch_dop_operator_v3']) retrieved from /home/airflow/.local/lib/python3.7/site-packages/airflow/example_dags/example_branch_python_dop_operator_3.py
[2024-06-22T13:19:28.814+0000] {logging_mixin.py:137} INFO - [2024-06-22T13:19:28.814+0000] {dag.py:2676} INFO - Sync 1 DAGs
[2024-06-22T13:19:28.854+0000] {logging_mixin.py:137} INFO - [2024-06-22T13:19:28.854+0000] {dag.py:3427} INFO - Setting next_dagrun for example_branch_dop_operator_v3 to 2024-06-22T13:18:00+00:00, run_after=2024-06-22T13:19:00+00:00
[2024-06-22T13:19:28.881+0000] {processor.py:175} INFO - Processing /home/airflow/.local/lib/python3.7/site-packages/airflow/example_dags/example_branch_python_dop_operator_3.py took 0.153 seconds
[2024-06-22T13:19:59.350+0000] {processor.py:153} INFO - Started process (PID=759) to work on /home/airflow/.local/lib/python3.7/site-packages/airflow/example_dags/example_branch_python_dop_operator_3.py
[2024-06-22T13:19:59.351+0000] {processor.py:743} INFO - Processing file /home/airflow/.local/lib/python3.7/site-packages/airflow/example_dags/example_branch_python_dop_operator_3.py for tasks to queue
[2024-06-22T13:19:59.352+0000] {logging_mixin.py:137} INFO - [2024-06-22T13:19:59.352+0000] {dagbag.py:538} INFO - Filling up the DagBag from /home/airflow/.local/lib/python3.7/site-packages/airflow/example_dags/example_branch_python_dop_operator_3.py
[2024-06-22T13:19:59.382+0000] {processor.py:753} INFO - DAG(s) dict_keys(['example_branch_dop_operator_v3']) retrieved from /home/airflow/.local/lib/python3.7/site-packages/airflow/example_dags/example_branch_python_dop_operator_3.py
[2024-06-22T13:19:59.419+0000] {logging_mixin.py:137} INFO - [2024-06-22T13:19:59.418+0000] {dag.py:2676} INFO - Sync 1 DAGs
[2024-06-22T13:19:59.453+0000] {logging_mixin.py:137} INFO - [2024-06-22T13:19:59.452+0000] {dag.py:3427} INFO - Setting next_dagrun for example_branch_dop_operator_v3 to 2024-06-22T13:18:00+00:00, run_after=2024-06-22T13:19:00+00:00
[2024-06-22T13:19:59.476+0000] {processor.py:175} INFO - Processing /home/airflow/.local/lib/python3.7/site-packages/airflow/example_dags/example_branch_python_dop_operator_3.py took 0.129 seconds
[2024-06-22T13:20:29.673+0000] {processor.py:153} INFO - Started process (PID=801) to work on /home/airflow/.local/lib/python3.7/site-packages/airflow/example_dags/example_branch_python_dop_operator_3.py
[2024-06-22T13:20:29.674+0000] {processor.py:743} INFO - Processing file /home/airflow/.local/lib/python3.7/site-packages/airflow/example_dags/example_branch_python_dop_operator_3.py for tasks to queue
[2024-06-22T13:20:29.676+0000] {logging_mixin.py:137} INFO - [2024-06-22T13:20:29.675+0000] {dagbag.py:538} INFO - Filling up the DagBag from /home/airflow/.local/lib/python3.7/site-packages/airflow/example_dags/example_branch_python_dop_operator_3.py
[2024-06-22T13:20:29.698+0000] {processor.py:753} INFO - DAG(s) dict_keys(['example_branch_dop_operator_v3']) retrieved from /home/airflow/.local/lib/python3.7/site-packages/airflow/example_dags/example_branch_python_dop_operator_3.py
[2024-06-22T13:20:29.734+0000] {logging_mixin.py:137} INFO - [2024-06-22T13:20:29.734+0000] {dag.py:2676} INFO - Sync 1 DAGs
[2024-06-22T13:20:29.762+0000] {logging_mixin.py:137} INFO - [2024-06-22T13:20:29.762+0000] {dag.py:3427} INFO - Setting next_dagrun for example_branch_dop_operator_v3 to 2024-06-22T13:19:00+00:00, run_after=2024-06-22T13:20:00+00:00
[2024-06-22T13:20:29.791+0000] {processor.py:175} INFO - Processing /home/airflow/.local/lib/python3.7/site-packages/airflow/example_dags/example_branch_python_dop_operator_3.py took 0.120 seconds
[2024-06-22T13:20:59.951+0000] {processor.py:153} INFO - Started process (PID=843) to work on /home/airflow/.local/lib/python3.7/site-packages/airflow/example_dags/example_branch_python_dop_operator_3.py
[2024-06-22T13:20:59.952+0000] {processor.py:743} INFO - Processing file /home/airflow/.local/lib/python3.7/site-packages/airflow/example_dags/example_branch_python_dop_operator_3.py for tasks to queue
[2024-06-22T13:20:59.953+0000] {logging_mixin.py:137} INFO - [2024-06-22T13:20:59.953+0000] {dagbag.py:538} INFO - Filling up the DagBag from /home/airflow/.local/lib/python3.7/site-packages/airflow/example_dags/example_branch_python_dop_operator_3.py
[2024-06-22T13:20:59.977+0000] {processor.py:753} INFO - DAG(s) dict_keys(['example_branch_dop_operator_v3']) retrieved from /home/airflow/.local/lib/python3.7/site-packages/airflow/example_dags/example_branch_python_dop_operator_3.py
[2024-06-22T13:21:00.031+0000] {logging_mixin.py:137} INFO - [2024-06-22T13:21:00.031+0000] {dag.py:2676} INFO - Sync 1 DAGs
[2024-06-22T13:21:00.074+0000] {logging_mixin.py:137} INFO - [2024-06-22T13:21:00.074+0000] {dag.py:3427} INFO - Setting next_dagrun for example_branch_dop_operator_v3 to 2024-06-22T13:20:00+00:00, run_after=2024-06-22T13:21:00+00:00
[2024-06-22T13:21:00.101+0000] {processor.py:175} INFO - Processing /home/airflow/.local/lib/python3.7/site-packages/airflow/example_dags/example_branch_python_dop_operator_3.py took 0.154 seconds
[2024-06-22T13:21:30.937+0000] {processor.py:153} INFO - Started process (PID=885) to work on /home/airflow/.local/lib/python3.7/site-packages/airflow/example_dags/example_branch_python_dop_operator_3.py
[2024-06-22T13:21:30.938+0000] {processor.py:743} INFO - Processing file /home/airflow/.local/lib/python3.7/site-packages/airflow/example_dags/example_branch_python_dop_operator_3.py for tasks to queue
[2024-06-22T13:21:30.939+0000] {logging_mixin.py:137} INFO - [2024-06-22T13:21:30.939+0000] {dagbag.py:538} INFO - Filling up the DagBag from /home/airflow/.local/lib/python3.7/site-packages/airflow/example_dags/example_branch_python_dop_operator_3.py
[2024-06-22T13:21:30.965+0000] {processor.py:753} INFO - DAG(s) dict_keys(['example_branch_dop_operator_v3']) retrieved from /home/airflow/.local/lib/python3.7/site-packages/airflow/example_dags/example_branch_python_dop_operator_3.py
[2024-06-22T13:21:31.005+0000] {logging_mixin.py:137} INFO - [2024-06-22T13:21:31.005+0000] {dag.py:2676} INFO - Sync 1 DAGs
[2024-06-22T13:21:31.038+0000] {logging_mixin.py:137} INFO - [2024-06-22T13:21:31.038+0000] {dag.py:3427} INFO - Setting next_dagrun for example_branch_dop_operator_v3 to 2024-06-22T13:20:00+00:00, run_after=2024-06-22T13:21:00+00:00
[2024-06-22T13:21:31.065+0000] {processor.py:175} INFO - Processing /home/airflow/.local/lib/python3.7/site-packages/airflow/example_dags/example_branch_python_dop_operator_3.py took 0.132 seconds
[2024-06-22T13:22:01.192+0000] {processor.py:153} INFO - Started process (PID=927) to work on /home/airflow/.local/lib/python3.7/site-packages/airflow/example_dags/example_branch_python_dop_operator_3.py
[2024-06-22T13:22:01.194+0000] {processor.py:743} INFO - Processing file /home/airflow/.local/lib/python3.7/site-packages/airflow/example_dags/example_branch_python_dop_operator_3.py for tasks to queue
[2024-06-22T13:22:01.195+0000] {logging_mixin.py:137} INFO - [2024-06-22T13:22:01.195+0000] {dagbag.py:538} INFO - Filling up the DagBag from /home/airflow/.local/lib/python3.7/site-packages/airflow/example_dags/example_branch_python_dop_operator_3.py
[2024-06-22T13:22:01.215+0000] {processor.py:753} INFO - DAG(s) dict_keys(['example_branch_dop_operator_v3']) retrieved from /home/airflow/.local/lib/python3.7/site-packages/airflow/example_dags/example_branch_python_dop_operator_3.py
[2024-06-22T13:22:01.250+0000] {logging_mixin.py:137} INFO - [2024-06-22T13:22:01.250+0000] {dag.py:2676} INFO - Sync 1 DAGs
[2024-06-22T13:22:01.279+0000] {logging_mixin.py:137} INFO - [2024-06-22T13:22:01.279+0000] {dag.py:3427} INFO - Setting next_dagrun for example_branch_dop_operator_v3 to 2024-06-22T13:21:00+00:00, run_after=2024-06-22T13:22:00+00:00
[2024-06-22T13:22:01.304+0000] {processor.py:175} INFO - Processing /home/airflow/.local/lib/python3.7/site-packages/airflow/example_dags/example_branch_python_dop_operator_3.py took 0.114 seconds
[2024-06-22T13:22:31.458+0000] {processor.py:153} INFO - Started process (PID=969) to work on /home/airflow/.local/lib/python3.7/site-packages/airflow/example_dags/example_branch_python_dop_operator_3.py
[2024-06-22T13:22:31.459+0000] {processor.py:743} INFO - Processing file /home/airflow/.local/lib/python3.7/site-packages/airflow/example_dags/example_branch_python_dop_operator_3.py for tasks to queue
[2024-06-22T13:22:31.460+0000] {logging_mixin.py:137} INFO - [2024-06-22T13:22:31.460+0000] {dagbag.py:538} INFO - Filling up the DagBag from /home/airflow/.local/lib/python3.7/site-packages/airflow/example_dags/example_branch_python_dop_operator_3.py
[2024-06-22T13:22:31.484+0000] {processor.py:753} INFO - DAG(s) dict_keys(['example_branch_dop_operator_v3']) retrieved from /home/airflow/.local/lib/python3.7/site-packages/airflow/example_dags/example_branch_python_dop_operator_3.py
[2024-06-22T13:22:31.525+0000] {logging_mixin.py:137} INFO - [2024-06-22T13:22:31.524+0000] {dag.py:2676} INFO - Sync 1 DAGs
[2024-06-22T13:22:31.554+0000] {logging_mixin.py:137} INFO - [2024-06-22T13:22:31.554+0000] {dag.py:3427} INFO - Setting next_dagrun for example_branch_dop_operator_v3 to 2024-06-22T13:21:00+00:00, run_after=2024-06-22T13:22:00+00:00
[2024-06-22T13:22:31.583+0000] {processor.py:175} INFO - Processing /home/airflow/.local/lib/python3.7/site-packages/airflow/example_dags/example_branch_python_dop_operator_3.py took 0.129 seconds
[2024-06-22T13:23:01.837+0000] {processor.py:153} INFO - Started process (PID=1011) to work on /home/airflow/.local/lib/python3.7/site-packages/airflow/example_dags/example_branch_python_dop_operator_3.py
[2024-06-22T13:23:01.838+0000] {processor.py:743} INFO - Processing file /home/airflow/.local/lib/python3.7/site-packages/airflow/example_dags/example_branch_python_dop_operator_3.py for tasks to queue
[2024-06-22T13:23:01.839+0000] {logging_mixin.py:137} INFO - [2024-06-22T13:23:01.839+0000] {dagbag.py:538} INFO - Filling up the DagBag from /home/airflow/.local/lib/python3.7/site-packages/airflow/example_dags/example_branch_python_dop_operator_3.py
[2024-06-22T13:23:01.866+0000] {processor.py:753} INFO - DAG(s) dict_keys(['example_branch_dop_operator_v3']) retrieved from /home/airflow/.local/lib/python3.7/site-packages/airflow/example_dags/example_branch_python_dop_operator_3.py
[2024-06-22T13:23:01.911+0000] {logging_mixin.py:137} INFO - [2024-06-22T13:23:01.911+0000] {dag.py:2676} INFO - Sync 1 DAGs
[2024-06-22T13:23:01.947+0000] {logging_mixin.py:137} INFO - [2024-06-22T13:23:01.947+0000] {dag.py:3427} INFO - Setting next_dagrun for example_branch_dop_operator_v3 to 2024-06-22T13:22:00+00:00, run_after=2024-06-22T13:23:00+00:00
[2024-06-22T13:23:01.976+0000] {processor.py:175} INFO - Processing /home/airflow/.local/lib/python3.7/site-packages/airflow/example_dags/example_branch_python_dop_operator_3.py took 0.142 seconds
[2024-06-22T13:23:32.135+0000] {processor.py:153} INFO - Started process (PID=1053) to work on /home/airflow/.local/lib/python3.7/site-packages/airflow/example_dags/example_branch_python_dop_operator_3.py
[2024-06-22T13:23:32.136+0000] {processor.py:743} INFO - Processing file /home/airflow/.local/lib/python3.7/site-packages/airflow/example_dags/example_branch_python_dop_operator_3.py for tasks to queue
[2024-06-22T13:23:32.137+0000] {logging_mixin.py:137} INFO - [2024-06-22T13:23:32.137+0000] {dagbag.py:538} INFO - Filling up the DagBag from /home/airflow/.local/lib/python3.7/site-packages/airflow/example_dags/example_branch_python_dop_operator_3.py
[2024-06-22T13:23:32.172+0000] {processor.py:753} INFO - DAG(s) dict_keys(['example_branch_dop_operator_v3']) retrieved from /home/airflow/.local/lib/python3.7/site-packages/airflow/example_dags/example_branch_python_dop_operator_3.py
[2024-06-22T13:23:32.216+0000] {logging_mixin.py:137} INFO - [2024-06-22T13:23:32.216+0000] {dag.py:2676} INFO - Sync 1 DAGs
[2024-06-22T13:23:32.253+0000] {logging_mixin.py:137} INFO - [2024-06-22T13:23:32.253+0000] {dag.py:3427} INFO - Setting next_dagrun for example_branch_dop_operator_v3 to 2024-06-22T13:22:00+00:00, run_after=2024-06-22T13:23:00+00:00
[2024-06-22T13:23:32.282+0000] {processor.py:175} INFO - Processing /home/airflow/.local/lib/python3.7/site-packages/airflow/example_dags/example_branch_python_dop_operator_3.py took 0.151 seconds
[2024-06-22T13:24:02.862+0000] {processor.py:153} INFO - Started process (PID=1095) to work on /home/airflow/.local/lib/python3.7/site-packages/airflow/example_dags/example_branch_python_dop_operator_3.py
[2024-06-22T13:24:02.864+0000] {processor.py:743} INFO - Processing file /home/airflow/.local/lib/python3.7/site-packages/airflow/example_dags/example_branch_python_dop_operator_3.py for tasks to queue
[2024-06-22T13:24:02.868+0000] {logging_mixin.py:137} INFO - [2024-06-22T13:24:02.867+0000] {dagbag.py:538} INFO - Filling up the DagBag from /home/airflow/.local/lib/python3.7/site-packages/airflow/example_dags/example_branch_python_dop_operator_3.py
[2024-06-22T13:24:02.906+0000] {processor.py:753} INFO - DAG(s) dict_keys(['example_branch_dop_operator_v3']) retrieved from /home/airflow/.local/lib/python3.7/site-packages/airflow/example_dags/example_branch_python_dop_operator_3.py
[2024-06-22T13:24:02.953+0000] {logging_mixin.py:137} INFO - [2024-06-22T13:24:02.953+0000] {dag.py:2676} INFO - Sync 1 DAGs
[2024-06-22T13:24:02.993+0000] {logging_mixin.py:137} INFO - [2024-06-22T13:24:02.993+0000] {dag.py:3427} INFO - Setting next_dagrun for example_branch_dop_operator_v3 to 2024-06-22T13:23:00+00:00, run_after=2024-06-22T13:24:00+00:00
[2024-06-22T13:24:03.024+0000] {processor.py:175} INFO - Processing /home/airflow/.local/lib/python3.7/site-packages/airflow/example_dags/example_branch_python_dop_operator_3.py took 0.166 seconds
[2024-06-22T13:24:33.125+0000] {processor.py:153} INFO - Started process (PID=1134) to work on /home/airflow/.local/lib/python3.7/site-packages/airflow/example_dags/example_branch_python_dop_operator_3.py
[2024-06-22T13:24:33.126+0000] {processor.py:743} INFO - Processing file /home/airflow/.local/lib/python3.7/site-packages/airflow/example_dags/example_branch_python_dop_operator_3.py for tasks to queue
[2024-06-22T13:24:33.127+0000] {logging_mixin.py:137} INFO - [2024-06-22T13:24:33.127+0000] {dagbag.py:538} INFO - Filling up the DagBag from /home/airflow/.local/lib/python3.7/site-packages/airflow/example_dags/example_branch_python_dop_operator_3.py
[2024-06-22T13:24:33.155+0000] {processor.py:753} INFO - DAG(s) dict_keys(['example_branch_dop_operator_v3']) retrieved from /home/airflow/.local/lib/python3.7/site-packages/airflow/example_dags/example_branch_python_dop_operator_3.py
[2024-06-22T13:24:33.199+0000] {logging_mixin.py:137} INFO - [2024-06-22T13:24:33.199+0000] {dag.py:2676} INFO - Sync 1 DAGs
[2024-06-22T13:24:33.230+0000] {logging_mixin.py:137} INFO - [2024-06-22T13:24:33.230+0000] {dag.py:3427} INFO - Setting next_dagrun for example_branch_dop_operator_v3 to 2024-06-22T13:23:00+00:00, run_after=2024-06-22T13:24:00+00:00
[2024-06-22T13:24:33.261+0000] {processor.py:175} INFO - Processing /home/airflow/.local/lib/python3.7/site-packages/airflow/example_dags/example_branch_python_dop_operator_3.py took 0.139 seconds
[2024-06-22T13:25:03.428+0000] {processor.py:153} INFO - Started process (PID=1173) to work on /home/airflow/.local/lib/python3.7/site-packages/airflow/example_dags/example_branch_python_dop_operator_3.py
[2024-06-22T13:25:03.429+0000] {processor.py:743} INFO - Processing file /home/airflow/.local/lib/python3.7/site-packages/airflow/example_dags/example_branch_python_dop_operator_3.py for tasks to queue
[2024-06-22T13:25:03.430+0000] {logging_mixin.py:137} INFO - [2024-06-22T13:25:03.430+0000] {dagbag.py:538} INFO - Filling up the DagBag from /home/airflow/.local/lib/python3.7/site-packages/airflow/example_dags/example_branch_python_dop_operator_3.py
[2024-06-22T13:25:03.453+0000] {processor.py:753} INFO - DAG(s) dict_keys(['example_branch_dop_operator_v3']) retrieved from /home/airflow/.local/lib/python3.7/site-packages/airflow/example_dags/example_branch_python_dop_operator_3.py
[2024-06-22T13:25:03.490+0000] {logging_mixin.py:137} INFO - [2024-06-22T13:25:03.490+0000] {dag.py:2676} INFO - Sync 1 DAGs
[2024-06-22T13:25:03.519+0000] {logging_mixin.py:137} INFO - [2024-06-22T13:25:03.519+0000] {dag.py:3427} INFO - Setting next_dagrun for example_branch_dop_operator_v3 to 2024-06-22T13:24:00+00:00, run_after=2024-06-22T13:25:00+00:00
[2024-06-22T13:25:03.547+0000] {processor.py:175} INFO - Processing /home/airflow/.local/lib/python3.7/site-packages/airflow/example_dags/example_branch_python_dop_operator_3.py took 0.122 seconds
[2024-06-22T13:25:33.804+0000] {processor.py:153} INFO - Started process (PID=1212) to work on /home/airflow/.local/lib/python3.7/site-packages/airflow/example_dags/example_branch_python_dop_operator_3.py
[2024-06-22T13:25:33.805+0000] {processor.py:743} INFO - Processing file /home/airflow/.local/lib/python3.7/site-packages/airflow/example_dags/example_branch_python_dop_operator_3.py for tasks to queue
[2024-06-22T13:25:33.807+0000] {logging_mixin.py:137} INFO - [2024-06-22T13:25:33.806+0000] {dagbag.py:538} INFO - Filling up the DagBag from /home/airflow/.local/lib/python3.7/site-packages/airflow/example_dags/example_branch_python_dop_operator_3.py
[2024-06-22T13:25:33.838+0000] {processor.py:753} INFO - DAG(s) dict_keys(['example_branch_dop_operator_v3']) retrieved from /home/airflow/.local/lib/python3.7/site-packages/airflow/example_dags/example_branch_python_dop_operator_3.py
[2024-06-22T13:25:33.880+0000] {logging_mixin.py:137} INFO - [2024-06-22T13:25:33.880+0000] {dag.py:2676} INFO - Sync 1 DAGs
[2024-06-22T13:25:33.916+0000] {logging_mixin.py:137} INFO - [2024-06-22T13:25:33.916+0000] {dag.py:3427} INFO - Setting next_dagrun for example_branch_dop_operator_v3 to 2024-06-22T13:24:00+00:00, run_after=2024-06-22T13:25:00+00:00
[2024-06-22T13:25:33.938+0000] {processor.py:175} INFO - Processing /home/airflow/.local/lib/python3.7/site-packages/airflow/example_dags/example_branch_python_dop_operator_3.py took 0.138 seconds
