[2024-06-22T13:11:23.099+0000] {processor.py:153} INFO - Started process (PID=74) to work on /home/airflow/.local/lib/python3.7/site-packages/airflow/example_dags/tutorial_dag.py
[2024-06-22T13:11:23.101+0000] {processor.py:743} INFO - Processing file /home/airflow/.local/lib/python3.7/site-packages/airflow/example_dags/tutorial_dag.py for tasks to queue
[2024-06-22T13:11:23.103+0000] {logging_mixin.py:137} INFO - [2024-06-22T13:11:23.102+0000] {dagbag.py:538} INFO - Filling up the DagBag from /home/airflow/.local/lib/python3.7/site-packages/airflow/example_dags/tutorial_dag.py
[2024-06-22T13:11:23.128+0000] {processor.py:753} INFO - DAG(s) dict_keys(['tutorial_dag']) retrieved from /home/airflow/.local/lib/python3.7/site-packages/airflow/example_dags/tutorial_dag.py
[2024-06-22T13:11:23.180+0000] {logging_mixin.py:137} INFO - [2024-06-22T13:11:23.180+0000] {dag.py:2676} INFO - Sync 1 DAGs
[2024-06-22T13:11:23.217+0000] {logging_mixin.py:137} INFO - [2024-06-22T13:11:23.216+0000] {dag.py:3427} INFO - Setting next_dagrun for tutorial_dag to None, run_after=None
[2024-06-22T13:11:23.243+0000] {processor.py:175} INFO - Processing /home/airflow/.local/lib/python3.7/site-packages/airflow/example_dags/tutorial_dag.py took 0.148 seconds
[2024-06-22T13:11:53.678+0000] {processor.py:153} INFO - Started process (PID=116) to work on /home/airflow/.local/lib/python3.7/site-packages/airflow/example_dags/tutorial_dag.py
[2024-06-22T13:11:53.680+0000] {processor.py:743} INFO - Processing file /home/airflow/.local/lib/python3.7/site-packages/airflow/example_dags/tutorial_dag.py for tasks to queue
[2024-06-22T13:11:53.681+0000] {logging_mixin.py:137} INFO - [2024-06-22T13:11:53.681+0000] {dagbag.py:538} INFO - Filling up the DagBag from /home/airflow/.local/lib/python3.7/site-packages/airflow/example_dags/tutorial_dag.py
[2024-06-22T13:11:53.703+0000] {processor.py:753} INFO - DAG(s) dict_keys(['tutorial_dag']) retrieved from /home/airflow/.local/lib/python3.7/site-packages/airflow/example_dags/tutorial_dag.py
[2024-06-22T13:11:53.737+0000] {logging_mixin.py:137} INFO - [2024-06-22T13:11:53.736+0000] {dag.py:2676} INFO - Sync 1 DAGs
[2024-06-22T13:11:53.776+0000] {logging_mixin.py:137} INFO - [2024-06-22T13:11:53.776+0000] {dag.py:3427} INFO - Setting next_dagrun for tutorial_dag to None, run_after=None
[2024-06-22T13:11:53.801+0000] {processor.py:175} INFO - Processing /home/airflow/.local/lib/python3.7/site-packages/airflow/example_dags/tutorial_dag.py took 0.128 seconds
[2024-06-22T13:12:24.390+0000] {processor.py:153} INFO - Started process (PID=158) to work on /home/airflow/.local/lib/python3.7/site-packages/airflow/example_dags/tutorial_dag.py
[2024-06-22T13:12:24.392+0000] {processor.py:743} INFO - Processing file /home/airflow/.local/lib/python3.7/site-packages/airflow/example_dags/tutorial_dag.py for tasks to queue
[2024-06-22T13:12:24.393+0000] {logging_mixin.py:137} INFO - [2024-06-22T13:12:24.393+0000] {dagbag.py:538} INFO - Filling up the DagBag from /home/airflow/.local/lib/python3.7/site-packages/airflow/example_dags/tutorial_dag.py
[2024-06-22T13:12:24.408+0000] {processor.py:753} INFO - DAG(s) dict_keys(['tutorial_dag']) retrieved from /home/airflow/.local/lib/python3.7/site-packages/airflow/example_dags/tutorial_dag.py
[2024-06-22T13:12:24.452+0000] {logging_mixin.py:137} INFO - [2024-06-22T13:12:24.452+0000] {dag.py:2676} INFO - Sync 1 DAGs
[2024-06-22T13:12:24.479+0000] {logging_mixin.py:137} INFO - [2024-06-22T13:12:24.479+0000] {dag.py:3427} INFO - Setting next_dagrun for tutorial_dag to None, run_after=None
[2024-06-22T13:12:24.502+0000] {processor.py:175} INFO - Processing /home/airflow/.local/lib/python3.7/site-packages/airflow/example_dags/tutorial_dag.py took 0.115 seconds
[2024-06-22T13:12:55.073+0000] {processor.py:153} INFO - Started process (PID=200) to work on /home/airflow/.local/lib/python3.7/site-packages/airflow/example_dags/tutorial_dag.py
[2024-06-22T13:12:55.075+0000] {processor.py:743} INFO - Processing file /home/airflow/.local/lib/python3.7/site-packages/airflow/example_dags/tutorial_dag.py for tasks to queue
[2024-06-22T13:12:55.076+0000] {logging_mixin.py:137} INFO - [2024-06-22T13:12:55.076+0000] {dagbag.py:538} INFO - Filling up the DagBag from /home/airflow/.local/lib/python3.7/site-packages/airflow/example_dags/tutorial_dag.py
[2024-06-22T13:12:55.087+0000] {processor.py:753} INFO - DAG(s) dict_keys(['tutorial_dag']) retrieved from /home/airflow/.local/lib/python3.7/site-packages/airflow/example_dags/tutorial_dag.py
[2024-06-22T13:12:55.124+0000] {logging_mixin.py:137} INFO - [2024-06-22T13:12:55.124+0000] {dag.py:2676} INFO - Sync 1 DAGs
[2024-06-22T13:12:55.152+0000] {logging_mixin.py:137} INFO - [2024-06-22T13:12:55.152+0000] {dag.py:3427} INFO - Setting next_dagrun for tutorial_dag to None, run_after=None
[2024-06-22T13:12:55.179+0000] {processor.py:175} INFO - Processing /home/airflow/.local/lib/python3.7/site-packages/airflow/example_dags/tutorial_dag.py took 0.108 seconds
[2024-06-22T13:13:25.769+0000] {processor.py:153} INFO - Started process (PID=242) to work on /home/airflow/.local/lib/python3.7/site-packages/airflow/example_dags/tutorial_dag.py
[2024-06-22T13:13:25.770+0000] {processor.py:743} INFO - Processing file /home/airflow/.local/lib/python3.7/site-packages/airflow/example_dags/tutorial_dag.py for tasks to queue
[2024-06-22T13:13:25.771+0000] {logging_mixin.py:137} INFO - [2024-06-22T13:13:25.771+0000] {dagbag.py:538} INFO - Filling up the DagBag from /home/airflow/.local/lib/python3.7/site-packages/airflow/example_dags/tutorial_dag.py
[2024-06-22T13:13:25.784+0000] {processor.py:753} INFO - DAG(s) dict_keys(['tutorial_dag']) retrieved from /home/airflow/.local/lib/python3.7/site-packages/airflow/example_dags/tutorial_dag.py
[2024-06-22T13:13:25.830+0000] {logging_mixin.py:137} INFO - [2024-06-22T13:13:25.829+0000] {dag.py:2676} INFO - Sync 1 DAGs
[2024-06-22T13:13:25.866+0000] {logging_mixin.py:137} INFO - [2024-06-22T13:13:25.866+0000] {dag.py:3427} INFO - Setting next_dagrun for tutorial_dag to None, run_after=None
[2024-06-22T13:13:25.894+0000] {processor.py:175} INFO - Processing /home/airflow/.local/lib/python3.7/site-packages/airflow/example_dags/tutorial_dag.py took 0.129 seconds
[2024-06-22T13:13:57.451+0000] {processor.py:153} INFO - Started process (PID=284) to work on /home/airflow/.local/lib/python3.7/site-packages/airflow/example_dags/tutorial_dag.py
[2024-06-22T13:13:57.453+0000] {processor.py:743} INFO - Processing file /home/airflow/.local/lib/python3.7/site-packages/airflow/example_dags/tutorial_dag.py for tasks to queue
[2024-06-22T13:13:57.454+0000] {logging_mixin.py:137} INFO - [2024-06-22T13:13:57.454+0000] {dagbag.py:538} INFO - Filling up the DagBag from /home/airflow/.local/lib/python3.7/site-packages/airflow/example_dags/tutorial_dag.py
[2024-06-22T13:13:57.475+0000] {processor.py:753} INFO - DAG(s) dict_keys(['tutorial_dag']) retrieved from /home/airflow/.local/lib/python3.7/site-packages/airflow/example_dags/tutorial_dag.py
[2024-06-22T13:13:57.519+0000] {logging_mixin.py:137} INFO - [2024-06-22T13:13:57.519+0000] {dag.py:2676} INFO - Sync 1 DAGs
[2024-06-22T13:13:57.551+0000] {logging_mixin.py:137} INFO - [2024-06-22T13:13:57.550+0000] {dag.py:3427} INFO - Setting next_dagrun for tutorial_dag to None, run_after=None
[2024-06-22T13:13:57.580+0000] {processor.py:175} INFO - Processing /home/airflow/.local/lib/python3.7/site-packages/airflow/example_dags/tutorial_dag.py took 0.133 seconds
[2024-06-22T13:14:28.213+0000] {processor.py:153} INFO - Started process (PID=326) to work on /home/airflow/.local/lib/python3.7/site-packages/airflow/example_dags/tutorial_dag.py
[2024-06-22T13:14:28.214+0000] {processor.py:743} INFO - Processing file /home/airflow/.local/lib/python3.7/site-packages/airflow/example_dags/tutorial_dag.py for tasks to queue
[2024-06-22T13:14:28.215+0000] {logging_mixin.py:137} INFO - [2024-06-22T13:14:28.214+0000] {dagbag.py:538} INFO - Filling up the DagBag from /home/airflow/.local/lib/python3.7/site-packages/airflow/example_dags/tutorial_dag.py
[2024-06-22T13:14:28.227+0000] {processor.py:753} INFO - DAG(s) dict_keys(['tutorial_dag']) retrieved from /home/airflow/.local/lib/python3.7/site-packages/airflow/example_dags/tutorial_dag.py
[2024-06-22T13:14:28.265+0000] {logging_mixin.py:137} INFO - [2024-06-22T13:14:28.265+0000] {dag.py:2676} INFO - Sync 1 DAGs
[2024-06-22T13:14:28.289+0000] {logging_mixin.py:137} INFO - [2024-06-22T13:14:28.288+0000] {dag.py:3427} INFO - Setting next_dagrun for tutorial_dag to None, run_after=None
[2024-06-22T13:14:28.311+0000] {processor.py:175} INFO - Processing /home/airflow/.local/lib/python3.7/site-packages/airflow/example_dags/tutorial_dag.py took 0.102 seconds
[2024-06-22T13:14:59.292+0000] {processor.py:153} INFO - Started process (PID=368) to work on /home/airflow/.local/lib/python3.7/site-packages/airflow/example_dags/tutorial_dag.py
[2024-06-22T13:14:59.295+0000] {processor.py:743} INFO - Processing file /home/airflow/.local/lib/python3.7/site-packages/airflow/example_dags/tutorial_dag.py for tasks to queue
[2024-06-22T13:14:59.296+0000] {logging_mixin.py:137} INFO - [2024-06-22T13:14:59.296+0000] {dagbag.py:538} INFO - Filling up the DagBag from /home/airflow/.local/lib/python3.7/site-packages/airflow/example_dags/tutorial_dag.py
[2024-06-22T13:14:59.312+0000] {processor.py:753} INFO - DAG(s) dict_keys(['tutorial_dag']) retrieved from /home/airflow/.local/lib/python3.7/site-packages/airflow/example_dags/tutorial_dag.py
[2024-06-22T13:14:59.364+0000] {logging_mixin.py:137} INFO - [2024-06-22T13:14:59.364+0000] {dag.py:2676} INFO - Sync 1 DAGs
[2024-06-22T13:14:59.393+0000] {logging_mixin.py:137} INFO - [2024-06-22T13:14:59.393+0000] {dag.py:3427} INFO - Setting next_dagrun for tutorial_dag to None, run_after=None
[2024-06-22T13:14:59.418+0000] {processor.py:175} INFO - Processing /home/airflow/.local/lib/python3.7/site-packages/airflow/example_dags/tutorial_dag.py took 0.131 seconds
[2024-06-22T13:15:29.869+0000] {processor.py:153} INFO - Started process (PID=410) to work on /home/airflow/.local/lib/python3.7/site-packages/airflow/example_dags/tutorial_dag.py
[2024-06-22T13:15:29.870+0000] {processor.py:743} INFO - Processing file /home/airflow/.local/lib/python3.7/site-packages/airflow/example_dags/tutorial_dag.py for tasks to queue
[2024-06-22T13:15:29.872+0000] {logging_mixin.py:137} INFO - [2024-06-22T13:15:29.871+0000] {dagbag.py:538} INFO - Filling up the DagBag from /home/airflow/.local/lib/python3.7/site-packages/airflow/example_dags/tutorial_dag.py
[2024-06-22T13:15:29.885+0000] {processor.py:753} INFO - DAG(s) dict_keys(['tutorial_dag']) retrieved from /home/airflow/.local/lib/python3.7/site-packages/airflow/example_dags/tutorial_dag.py
[2024-06-22T13:15:29.927+0000] {logging_mixin.py:137} INFO - [2024-06-22T13:15:29.927+0000] {dag.py:2676} INFO - Sync 1 DAGs
[2024-06-22T13:15:29.959+0000] {logging_mixin.py:137} INFO - [2024-06-22T13:15:29.959+0000] {dag.py:3427} INFO - Setting next_dagrun for tutorial_dag to None, run_after=None
[2024-06-22T13:15:29.985+0000] {processor.py:175} INFO - Processing /home/airflow/.local/lib/python3.7/site-packages/airflow/example_dags/tutorial_dag.py took 0.121 seconds
[2024-06-22T13:16:00.961+0000] {processor.py:153} INFO - Started process (PID=451) to work on /home/airflow/.local/lib/python3.7/site-packages/airflow/example_dags/tutorial_dag.py
[2024-06-22T13:16:00.962+0000] {processor.py:743} INFO - Processing file /home/airflow/.local/lib/python3.7/site-packages/airflow/example_dags/tutorial_dag.py for tasks to queue
[2024-06-22T13:16:00.963+0000] {logging_mixin.py:137} INFO - [2024-06-22T13:16:00.963+0000] {dagbag.py:538} INFO - Filling up the DagBag from /home/airflow/.local/lib/python3.7/site-packages/airflow/example_dags/tutorial_dag.py
[2024-06-22T13:16:00.977+0000] {processor.py:753} INFO - DAG(s) dict_keys(['tutorial_dag']) retrieved from /home/airflow/.local/lib/python3.7/site-packages/airflow/example_dags/tutorial_dag.py
[2024-06-22T13:16:01.020+0000] {logging_mixin.py:137} INFO - [2024-06-22T13:16:01.020+0000] {dag.py:2676} INFO - Sync 1 DAGs
[2024-06-22T13:16:01.048+0000] {logging_mixin.py:137} INFO - [2024-06-22T13:16:01.047+0000] {dag.py:3427} INFO - Setting next_dagrun for tutorial_dag to None, run_after=None
[2024-06-22T13:16:01.068+0000] {processor.py:175} INFO - Processing /home/airflow/.local/lib/python3.7/site-packages/airflow/example_dags/tutorial_dag.py took 0.110 seconds
[2024-06-22T13:16:31.454+0000] {processor.py:153} INFO - Started process (PID=491) to work on /home/airflow/.local/lib/python3.7/site-packages/airflow/example_dags/tutorial_dag.py
[2024-06-22T13:16:31.456+0000] {processor.py:743} INFO - Processing file /home/airflow/.local/lib/python3.7/site-packages/airflow/example_dags/tutorial_dag.py for tasks to queue
[2024-06-22T13:16:31.457+0000] {logging_mixin.py:137} INFO - [2024-06-22T13:16:31.456+0000] {dagbag.py:538} INFO - Filling up the DagBag from /home/airflow/.local/lib/python3.7/site-packages/airflow/example_dags/tutorial_dag.py
[2024-06-22T13:16:31.470+0000] {processor.py:753} INFO - DAG(s) dict_keys(['tutorial_dag']) retrieved from /home/airflow/.local/lib/python3.7/site-packages/airflow/example_dags/tutorial_dag.py
[2024-06-22T13:16:31.511+0000] {logging_mixin.py:137} INFO - [2024-06-22T13:16:31.511+0000] {dag.py:2676} INFO - Sync 1 DAGs
[2024-06-22T13:16:31.535+0000] {logging_mixin.py:137} INFO - [2024-06-22T13:16:31.534+0000] {dag.py:3427} INFO - Setting next_dagrun for tutorial_dag to None, run_after=None
[2024-06-22T13:16:31.559+0000] {processor.py:175} INFO - Processing /home/airflow/.local/lib/python3.7/site-packages/airflow/example_dags/tutorial_dag.py took 0.108 seconds
[2024-06-22T13:17:01.981+0000] {processor.py:153} INFO - Started process (PID=533) to work on /home/airflow/.local/lib/python3.7/site-packages/airflow/example_dags/tutorial_dag.py
[2024-06-22T13:17:01.983+0000] {processor.py:743} INFO - Processing file /home/airflow/.local/lib/python3.7/site-packages/airflow/example_dags/tutorial_dag.py for tasks to queue
[2024-06-22T13:17:01.984+0000] {logging_mixin.py:137} INFO - [2024-06-22T13:17:01.984+0000] {dagbag.py:538} INFO - Filling up the DagBag from /home/airflow/.local/lib/python3.7/site-packages/airflow/example_dags/tutorial_dag.py
[2024-06-22T13:17:02.001+0000] {processor.py:753} INFO - DAG(s) dict_keys(['tutorial_dag']) retrieved from /home/airflow/.local/lib/python3.7/site-packages/airflow/example_dags/tutorial_dag.py
[2024-06-22T13:17:02.043+0000] {logging_mixin.py:137} INFO - [2024-06-22T13:17:02.043+0000] {dag.py:2676} INFO - Sync 1 DAGs
[2024-06-22T13:17:02.071+0000] {logging_mixin.py:137} INFO - [2024-06-22T13:17:02.071+0000] {dag.py:3427} INFO - Setting next_dagrun for tutorial_dag to None, run_after=None
[2024-06-22T13:17:02.095+0000] {processor.py:175} INFO - Processing /home/airflow/.local/lib/python3.7/site-packages/airflow/example_dags/tutorial_dag.py took 0.118 seconds
[2024-06-22T13:17:32.823+0000] {processor.py:153} INFO - Started process (PID=575) to work on /home/airflow/.local/lib/python3.7/site-packages/airflow/example_dags/tutorial_dag.py
[2024-06-22T13:17:32.824+0000] {processor.py:743} INFO - Processing file /home/airflow/.local/lib/python3.7/site-packages/airflow/example_dags/tutorial_dag.py for tasks to queue
[2024-06-22T13:17:32.825+0000] {logging_mixin.py:137} INFO - [2024-06-22T13:17:32.825+0000] {dagbag.py:538} INFO - Filling up the DagBag from /home/airflow/.local/lib/python3.7/site-packages/airflow/example_dags/tutorial_dag.py
[2024-06-22T13:17:32.850+0000] {processor.py:753} INFO - DAG(s) dict_keys(['tutorial_dag']) retrieved from /home/airflow/.local/lib/python3.7/site-packages/airflow/example_dags/tutorial_dag.py
[2024-06-22T13:17:32.905+0000] {logging_mixin.py:137} INFO - [2024-06-22T13:17:32.905+0000] {dag.py:2676} INFO - Sync 1 DAGs
[2024-06-22T13:17:32.942+0000] {logging_mixin.py:137} INFO - [2024-06-22T13:17:32.942+0000] {dag.py:3427} INFO - Setting next_dagrun for tutorial_dag to None, run_after=None
[2024-06-22T13:17:32.969+0000] {processor.py:175} INFO - Processing /home/airflow/.local/lib/python3.7/site-packages/airflow/example_dags/tutorial_dag.py took 0.150 seconds
[2024-06-22T13:18:03.169+0000] {processor.py:153} INFO - Started process (PID=617) to work on /home/airflow/.local/lib/python3.7/site-packages/airflow/example_dags/tutorial_dag.py
[2024-06-22T13:18:03.171+0000] {processor.py:743} INFO - Processing file /home/airflow/.local/lib/python3.7/site-packages/airflow/example_dags/tutorial_dag.py for tasks to queue
[2024-06-22T13:18:03.172+0000] {logging_mixin.py:137} INFO - [2024-06-22T13:18:03.172+0000] {dagbag.py:538} INFO - Filling up the DagBag from /home/airflow/.local/lib/python3.7/site-packages/airflow/example_dags/tutorial_dag.py
[2024-06-22T13:18:03.186+0000] {processor.py:753} INFO - DAG(s) dict_keys(['tutorial_dag']) retrieved from /home/airflow/.local/lib/python3.7/site-packages/airflow/example_dags/tutorial_dag.py
[2024-06-22T13:18:03.235+0000] {logging_mixin.py:137} INFO - [2024-06-22T13:18:03.235+0000] {dag.py:2676} INFO - Sync 1 DAGs
[2024-06-22T13:18:03.263+0000] {logging_mixin.py:137} INFO - [2024-06-22T13:18:03.263+0000] {dag.py:3427} INFO - Setting next_dagrun for tutorial_dag to None, run_after=None
[2024-06-22T13:18:03.291+0000] {processor.py:175} INFO - Processing /home/airflow/.local/lib/python3.7/site-packages/airflow/example_dags/tutorial_dag.py took 0.126 seconds
[2024-06-22T13:18:33.646+0000] {processor.py:153} INFO - Started process (PID=659) to work on /home/airflow/.local/lib/python3.7/site-packages/airflow/example_dags/tutorial_dag.py
[2024-06-22T13:18:33.648+0000] {processor.py:743} INFO - Processing file /home/airflow/.local/lib/python3.7/site-packages/airflow/example_dags/tutorial_dag.py for tasks to queue
[2024-06-22T13:18:33.649+0000] {logging_mixin.py:137} INFO - [2024-06-22T13:18:33.649+0000] {dagbag.py:538} INFO - Filling up the DagBag from /home/airflow/.local/lib/python3.7/site-packages/airflow/example_dags/tutorial_dag.py
[2024-06-22T13:18:33.665+0000] {processor.py:753} INFO - DAG(s) dict_keys(['tutorial_dag']) retrieved from /home/airflow/.local/lib/python3.7/site-packages/airflow/example_dags/tutorial_dag.py
[2024-06-22T13:18:33.706+0000] {logging_mixin.py:137} INFO - [2024-06-22T13:18:33.706+0000] {dag.py:2676} INFO - Sync 1 DAGs
[2024-06-22T13:18:33.732+0000] {logging_mixin.py:137} INFO - [2024-06-22T13:18:33.732+0000] {dag.py:3427} INFO - Setting next_dagrun for tutorial_dag to None, run_after=None
[2024-06-22T13:18:33.753+0000] {processor.py:175} INFO - Processing /home/airflow/.local/lib/python3.7/site-packages/airflow/example_dags/tutorial_dag.py took 0.110 seconds
[2024-06-22T13:19:03.909+0000] {processor.py:153} INFO - Started process (PID=701) to work on /home/airflow/.local/lib/python3.7/site-packages/airflow/example_dags/tutorial_dag.py
[2024-06-22T13:19:03.911+0000] {processor.py:743} INFO - Processing file /home/airflow/.local/lib/python3.7/site-packages/airflow/example_dags/tutorial_dag.py for tasks to queue
[2024-06-22T13:19:03.912+0000] {logging_mixin.py:137} INFO - [2024-06-22T13:19:03.912+0000] {dagbag.py:538} INFO - Filling up the DagBag from /home/airflow/.local/lib/python3.7/site-packages/airflow/example_dags/tutorial_dag.py
[2024-06-22T13:19:03.926+0000] {processor.py:753} INFO - DAG(s) dict_keys(['tutorial_dag']) retrieved from /home/airflow/.local/lib/python3.7/site-packages/airflow/example_dags/tutorial_dag.py
[2024-06-22T13:19:03.967+0000] {logging_mixin.py:137} INFO - [2024-06-22T13:19:03.966+0000] {dag.py:2676} INFO - Sync 1 DAGs
[2024-06-22T13:19:03.992+0000] {logging_mixin.py:137} INFO - [2024-06-22T13:19:03.991+0000] {dag.py:3427} INFO - Setting next_dagrun for tutorial_dag to None, run_after=None
[2024-06-22T13:19:04.016+0000] {processor.py:175} INFO - Processing /home/airflow/.local/lib/python3.7/site-packages/airflow/example_dags/tutorial_dag.py took 0.109 seconds
[2024-06-22T13:19:34.226+0000] {processor.py:153} INFO - Started process (PID=743) to work on /home/airflow/.local/lib/python3.7/site-packages/airflow/example_dags/tutorial_dag.py
[2024-06-22T13:19:34.228+0000] {processor.py:743} INFO - Processing file /home/airflow/.local/lib/python3.7/site-packages/airflow/example_dags/tutorial_dag.py for tasks to queue
[2024-06-22T13:19:34.229+0000] {logging_mixin.py:137} INFO - [2024-06-22T13:19:34.229+0000] {dagbag.py:538} INFO - Filling up the DagBag from /home/airflow/.local/lib/python3.7/site-packages/airflow/example_dags/tutorial_dag.py
[2024-06-22T13:19:34.245+0000] {processor.py:753} INFO - DAG(s) dict_keys(['tutorial_dag']) retrieved from /home/airflow/.local/lib/python3.7/site-packages/airflow/example_dags/tutorial_dag.py
[2024-06-22T13:19:34.286+0000] {logging_mixin.py:137} INFO - [2024-06-22T13:19:34.285+0000] {dag.py:2676} INFO - Sync 1 DAGs
[2024-06-22T13:19:34.313+0000] {logging_mixin.py:137} INFO - [2024-06-22T13:19:34.313+0000] {dag.py:3427} INFO - Setting next_dagrun for tutorial_dag to None, run_after=None
[2024-06-22T13:19:34.337+0000] {processor.py:175} INFO - Processing /home/airflow/.local/lib/python3.7/site-packages/airflow/example_dags/tutorial_dag.py took 0.115 seconds
[2024-06-22T13:20:04.666+0000] {processor.py:153} INFO - Started process (PID=785) to work on /home/airflow/.local/lib/python3.7/site-packages/airflow/example_dags/tutorial_dag.py
[2024-06-22T13:20:04.667+0000] {processor.py:743} INFO - Processing file /home/airflow/.local/lib/python3.7/site-packages/airflow/example_dags/tutorial_dag.py for tasks to queue
[2024-06-22T13:20:04.670+0000] {logging_mixin.py:137} INFO - [2024-06-22T13:20:04.670+0000] {dagbag.py:538} INFO - Filling up the DagBag from /home/airflow/.local/lib/python3.7/site-packages/airflow/example_dags/tutorial_dag.py
[2024-06-22T13:20:04.688+0000] {processor.py:753} INFO - DAG(s) dict_keys(['tutorial_dag']) retrieved from /home/airflow/.local/lib/python3.7/site-packages/airflow/example_dags/tutorial_dag.py
[2024-06-22T13:20:04.743+0000] {logging_mixin.py:137} INFO - [2024-06-22T13:20:04.742+0000] {dag.py:2676} INFO - Sync 1 DAGs
[2024-06-22T13:20:04.777+0000] {logging_mixin.py:137} INFO - [2024-06-22T13:20:04.777+0000] {dag.py:3427} INFO - Setting next_dagrun for tutorial_dag to None, run_after=None
[2024-06-22T13:20:04.803+0000] {processor.py:175} INFO - Processing /home/airflow/.local/lib/python3.7/site-packages/airflow/example_dags/tutorial_dag.py took 0.141 seconds
[2024-06-22T13:20:34.923+0000] {processor.py:153} INFO - Started process (PID=827) to work on /home/airflow/.local/lib/python3.7/site-packages/airflow/example_dags/tutorial_dag.py
[2024-06-22T13:20:34.924+0000] {processor.py:743} INFO - Processing file /home/airflow/.local/lib/python3.7/site-packages/airflow/example_dags/tutorial_dag.py for tasks to queue
[2024-06-22T13:20:34.925+0000] {logging_mixin.py:137} INFO - [2024-06-22T13:20:34.925+0000] {dagbag.py:538} INFO - Filling up the DagBag from /home/airflow/.local/lib/python3.7/site-packages/airflow/example_dags/tutorial_dag.py
[2024-06-22T13:20:34.940+0000] {processor.py:753} INFO - DAG(s) dict_keys(['tutorial_dag']) retrieved from /home/airflow/.local/lib/python3.7/site-packages/airflow/example_dags/tutorial_dag.py
[2024-06-22T13:20:34.986+0000] {logging_mixin.py:137} INFO - [2024-06-22T13:20:34.986+0000] {dag.py:2676} INFO - Sync 1 DAGs
[2024-06-22T13:20:35.014+0000] {logging_mixin.py:137} INFO - [2024-06-22T13:20:35.014+0000] {dag.py:3427} INFO - Setting next_dagrun for tutorial_dag to None, run_after=None
[2024-06-22T13:20:35.037+0000] {processor.py:175} INFO - Processing /home/airflow/.local/lib/python3.7/site-packages/airflow/example_dags/tutorial_dag.py took 0.117 seconds
[2024-06-22T13:21:05.660+0000] {processor.py:153} INFO - Started process (PID=869) to work on /home/airflow/.local/lib/python3.7/site-packages/airflow/example_dags/tutorial_dag.py
[2024-06-22T13:21:05.662+0000] {processor.py:743} INFO - Processing file /home/airflow/.local/lib/python3.7/site-packages/airflow/example_dags/tutorial_dag.py for tasks to queue
[2024-06-22T13:21:05.663+0000] {logging_mixin.py:137} INFO - [2024-06-22T13:21:05.663+0000] {dagbag.py:538} INFO - Filling up the DagBag from /home/airflow/.local/lib/python3.7/site-packages/airflow/example_dags/tutorial_dag.py
[2024-06-22T13:21:05.679+0000] {processor.py:753} INFO - DAG(s) dict_keys(['tutorial_dag']) retrieved from /home/airflow/.local/lib/python3.7/site-packages/airflow/example_dags/tutorial_dag.py
[2024-06-22T13:21:05.721+0000] {logging_mixin.py:137} INFO - [2024-06-22T13:21:05.721+0000] {dag.py:2676} INFO - Sync 1 DAGs
[2024-06-22T13:21:05.749+0000] {logging_mixin.py:137} INFO - [2024-06-22T13:21:05.748+0000] {dag.py:3427} INFO - Setting next_dagrun for tutorial_dag to None, run_after=None
[2024-06-22T13:21:05.774+0000] {processor.py:175} INFO - Processing /home/airflow/.local/lib/python3.7/site-packages/airflow/example_dags/tutorial_dag.py took 0.118 seconds
[2024-06-22T13:21:36.009+0000] {processor.py:153} INFO - Started process (PID=911) to work on /home/airflow/.local/lib/python3.7/site-packages/airflow/example_dags/tutorial_dag.py
[2024-06-22T13:21:36.011+0000] {processor.py:743} INFO - Processing file /home/airflow/.local/lib/python3.7/site-packages/airflow/example_dags/tutorial_dag.py for tasks to queue
[2024-06-22T13:21:36.013+0000] {logging_mixin.py:137} INFO - [2024-06-22T13:21:36.012+0000] {dagbag.py:538} INFO - Filling up the DagBag from /home/airflow/.local/lib/python3.7/site-packages/airflow/example_dags/tutorial_dag.py
[2024-06-22T13:21:36.039+0000] {processor.py:753} INFO - DAG(s) dict_keys(['tutorial_dag']) retrieved from /home/airflow/.local/lib/python3.7/site-packages/airflow/example_dags/tutorial_dag.py
[2024-06-22T13:21:36.098+0000] {logging_mixin.py:137} INFO - [2024-06-22T13:21:36.098+0000] {dag.py:2676} INFO - Sync 1 DAGs
[2024-06-22T13:21:36.145+0000] {logging_mixin.py:137} INFO - [2024-06-22T13:21:36.144+0000] {dag.py:3427} INFO - Setting next_dagrun for tutorial_dag to None, run_after=None
[2024-06-22T13:21:36.169+0000] {processor.py:175} INFO - Processing /home/airflow/.local/lib/python3.7/site-packages/airflow/example_dags/tutorial_dag.py took 0.164 seconds
[2024-06-22T13:22:06.427+0000] {processor.py:153} INFO - Started process (PID=953) to work on /home/airflow/.local/lib/python3.7/site-packages/airflow/example_dags/tutorial_dag.py
[2024-06-22T13:22:06.429+0000] {processor.py:743} INFO - Processing file /home/airflow/.local/lib/python3.7/site-packages/airflow/example_dags/tutorial_dag.py for tasks to queue
[2024-06-22T13:22:06.430+0000] {logging_mixin.py:137} INFO - [2024-06-22T13:22:06.430+0000] {dagbag.py:538} INFO - Filling up the DagBag from /home/airflow/.local/lib/python3.7/site-packages/airflow/example_dags/tutorial_dag.py
[2024-06-22T13:22:06.448+0000] {processor.py:753} INFO - DAG(s) dict_keys(['tutorial_dag']) retrieved from /home/airflow/.local/lib/python3.7/site-packages/airflow/example_dags/tutorial_dag.py
[2024-06-22T13:22:06.497+0000] {logging_mixin.py:137} INFO - [2024-06-22T13:22:06.496+0000] {dag.py:2676} INFO - Sync 1 DAGs
[2024-06-22T13:22:06.526+0000] {logging_mixin.py:137} INFO - [2024-06-22T13:22:06.526+0000] {dag.py:3427} INFO - Setting next_dagrun for tutorial_dag to None, run_after=None
[2024-06-22T13:22:06.551+0000] {processor.py:175} INFO - Processing /home/airflow/.local/lib/python3.7/site-packages/airflow/example_dags/tutorial_dag.py took 0.127 seconds
[2024-06-22T13:22:36.803+0000] {processor.py:153} INFO - Started process (PID=995) to work on /home/airflow/.local/lib/python3.7/site-packages/airflow/example_dags/tutorial_dag.py
[2024-06-22T13:22:36.804+0000] {processor.py:743} INFO - Processing file /home/airflow/.local/lib/python3.7/site-packages/airflow/example_dags/tutorial_dag.py for tasks to queue
[2024-06-22T13:22:36.806+0000] {logging_mixin.py:137} INFO - [2024-06-22T13:22:36.806+0000] {dagbag.py:538} INFO - Filling up the DagBag from /home/airflow/.local/lib/python3.7/site-packages/airflow/example_dags/tutorial_dag.py
[2024-06-22T13:22:36.820+0000] {processor.py:753} INFO - DAG(s) dict_keys(['tutorial_dag']) retrieved from /home/airflow/.local/lib/python3.7/site-packages/airflow/example_dags/tutorial_dag.py
[2024-06-22T13:22:36.860+0000] {logging_mixin.py:137} INFO - [2024-06-22T13:22:36.860+0000] {dag.py:2676} INFO - Sync 1 DAGs
[2024-06-22T13:22:36.886+0000] {logging_mixin.py:137} INFO - [2024-06-22T13:22:36.886+0000] {dag.py:3427} INFO - Setting next_dagrun for tutorial_dag to None, run_after=None
[2024-06-22T13:22:36.912+0000] {processor.py:175} INFO - Processing /home/airflow/.local/lib/python3.7/site-packages/airflow/example_dags/tutorial_dag.py took 0.113 seconds
[2024-06-22T13:23:07.136+0000] {processor.py:153} INFO - Started process (PID=1037) to work on /home/airflow/.local/lib/python3.7/site-packages/airflow/example_dags/tutorial_dag.py
[2024-06-22T13:23:07.137+0000] {processor.py:743} INFO - Processing file /home/airflow/.local/lib/python3.7/site-packages/airflow/example_dags/tutorial_dag.py for tasks to queue
[2024-06-22T13:23:07.139+0000] {logging_mixin.py:137} INFO - [2024-06-22T13:23:07.139+0000] {dagbag.py:538} INFO - Filling up the DagBag from /home/airflow/.local/lib/python3.7/site-packages/airflow/example_dags/tutorial_dag.py
[2024-06-22T13:23:07.153+0000] {processor.py:753} INFO - DAG(s) dict_keys(['tutorial_dag']) retrieved from /home/airflow/.local/lib/python3.7/site-packages/airflow/example_dags/tutorial_dag.py
[2024-06-22T13:23:07.196+0000] {logging_mixin.py:137} INFO - [2024-06-22T13:23:07.195+0000] {dag.py:2676} INFO - Sync 1 DAGs
[2024-06-22T13:23:07.222+0000] {logging_mixin.py:137} INFO - [2024-06-22T13:23:07.222+0000] {dag.py:3427} INFO - Setting next_dagrun for tutorial_dag to None, run_after=None
[2024-06-22T13:23:07.247+0000] {processor.py:175} INFO - Processing /home/airflow/.local/lib/python3.7/site-packages/airflow/example_dags/tutorial_dag.py took 0.114 seconds
[2024-06-22T13:23:37.543+0000] {processor.py:153} INFO - Started process (PID=1079) to work on /home/airflow/.local/lib/python3.7/site-packages/airflow/example_dags/tutorial_dag.py
[2024-06-22T13:23:37.545+0000] {processor.py:743} INFO - Processing file /home/airflow/.local/lib/python3.7/site-packages/airflow/example_dags/tutorial_dag.py for tasks to queue
[2024-06-22T13:23:37.547+0000] {logging_mixin.py:137} INFO - [2024-06-22T13:23:37.547+0000] {dagbag.py:538} INFO - Filling up the DagBag from /home/airflow/.local/lib/python3.7/site-packages/airflow/example_dags/tutorial_dag.py
[2024-06-22T13:23:37.566+0000] {processor.py:753} INFO - DAG(s) dict_keys(['tutorial_dag']) retrieved from /home/airflow/.local/lib/python3.7/site-packages/airflow/example_dags/tutorial_dag.py
[2024-06-22T13:23:37.610+0000] {logging_mixin.py:137} INFO - [2024-06-22T13:23:37.610+0000] {dag.py:2676} INFO - Sync 1 DAGs
[2024-06-22T13:23:37.646+0000] {logging_mixin.py:137} INFO - [2024-06-22T13:23:37.645+0000] {dag.py:3427} INFO - Setting next_dagrun for tutorial_dag to None, run_after=None
[2024-06-22T13:23:37.675+0000] {processor.py:175} INFO - Processing /home/airflow/.local/lib/python3.7/site-packages/airflow/example_dags/tutorial_dag.py took 0.136 seconds
[2024-06-22T13:24:07.834+0000] {processor.py:153} INFO - Started process (PID=1121) to work on /home/airflow/.local/lib/python3.7/site-packages/airflow/example_dags/tutorial_dag.py
[2024-06-22T13:24:07.836+0000] {processor.py:743} INFO - Processing file /home/airflow/.local/lib/python3.7/site-packages/airflow/example_dags/tutorial_dag.py for tasks to queue
[2024-06-22T13:24:07.837+0000] {logging_mixin.py:137} INFO - [2024-06-22T13:24:07.837+0000] {dagbag.py:538} INFO - Filling up the DagBag from /home/airflow/.local/lib/python3.7/site-packages/airflow/example_dags/tutorial_dag.py
[2024-06-22T13:24:07.852+0000] {processor.py:753} INFO - DAG(s) dict_keys(['tutorial_dag']) retrieved from /home/airflow/.local/lib/python3.7/site-packages/airflow/example_dags/tutorial_dag.py
[2024-06-22T13:24:07.893+0000] {logging_mixin.py:137} INFO - [2024-06-22T13:24:07.893+0000] {dag.py:2676} INFO - Sync 1 DAGs
[2024-06-22T13:24:07.922+0000] {logging_mixin.py:137} INFO - [2024-06-22T13:24:07.921+0000] {dag.py:3427} INFO - Setting next_dagrun for tutorial_dag to None, run_after=None
[2024-06-22T13:24:07.945+0000] {processor.py:175} INFO - Processing /home/airflow/.local/lib/python3.7/site-packages/airflow/example_dags/tutorial_dag.py took 0.115 seconds
[2024-06-22T13:24:38.216+0000] {processor.py:153} INFO - Started process (PID=1160) to work on /home/airflow/.local/lib/python3.7/site-packages/airflow/example_dags/tutorial_dag.py
[2024-06-22T13:24:38.217+0000] {processor.py:743} INFO - Processing file /home/airflow/.local/lib/python3.7/site-packages/airflow/example_dags/tutorial_dag.py for tasks to queue
[2024-06-22T13:24:38.218+0000] {logging_mixin.py:137} INFO - [2024-06-22T13:24:38.218+0000] {dagbag.py:538} INFO - Filling up the DagBag from /home/airflow/.local/lib/python3.7/site-packages/airflow/example_dags/tutorial_dag.py
[2024-06-22T13:24:38.233+0000] {processor.py:753} INFO - DAG(s) dict_keys(['tutorial_dag']) retrieved from /home/airflow/.local/lib/python3.7/site-packages/airflow/example_dags/tutorial_dag.py
[2024-06-22T13:24:38.274+0000] {logging_mixin.py:137} INFO - [2024-06-22T13:24:38.274+0000] {dag.py:2676} INFO - Sync 1 DAGs
[2024-06-22T13:24:38.299+0000] {logging_mixin.py:137} INFO - [2024-06-22T13:24:38.299+0000] {dag.py:3427} INFO - Setting next_dagrun for tutorial_dag to None, run_after=None
[2024-06-22T13:24:38.323+0000] {processor.py:175} INFO - Processing /home/airflow/.local/lib/python3.7/site-packages/airflow/example_dags/tutorial_dag.py took 0.112 seconds
[2024-06-22T13:25:08.563+0000] {processor.py:153} INFO - Started process (PID=1199) to work on /home/airflow/.local/lib/python3.7/site-packages/airflow/example_dags/tutorial_dag.py
[2024-06-22T13:25:08.564+0000] {processor.py:743} INFO - Processing file /home/airflow/.local/lib/python3.7/site-packages/airflow/example_dags/tutorial_dag.py for tasks to queue
[2024-06-22T13:25:08.565+0000] {logging_mixin.py:137} INFO - [2024-06-22T13:25:08.565+0000] {dagbag.py:538} INFO - Filling up the DagBag from /home/airflow/.local/lib/python3.7/site-packages/airflow/example_dags/tutorial_dag.py
[2024-06-22T13:25:08.578+0000] {processor.py:753} INFO - DAG(s) dict_keys(['tutorial_dag']) retrieved from /home/airflow/.local/lib/python3.7/site-packages/airflow/example_dags/tutorial_dag.py
[2024-06-22T13:25:08.620+0000] {logging_mixin.py:137} INFO - [2024-06-22T13:25:08.620+0000] {dag.py:2676} INFO - Sync 1 DAGs
[2024-06-22T13:25:08.647+0000] {logging_mixin.py:137} INFO - [2024-06-22T13:25:08.647+0000] {dag.py:3427} INFO - Setting next_dagrun for tutorial_dag to None, run_after=None
[2024-06-22T13:25:08.672+0000] {processor.py:175} INFO - Processing /home/airflow/.local/lib/python3.7/site-packages/airflow/example_dags/tutorial_dag.py took 0.114 seconds
[2024-06-22T13:25:39.097+0000] {processor.py:153} INFO - Started process (PID=1238) to work on /home/airflow/.local/lib/python3.7/site-packages/airflow/example_dags/tutorial_dag.py
[2024-06-22T13:25:39.099+0000] {processor.py:743} INFO - Processing file /home/airflow/.local/lib/python3.7/site-packages/airflow/example_dags/tutorial_dag.py for tasks to queue
[2024-06-22T13:25:39.100+0000] {logging_mixin.py:137} INFO - [2024-06-22T13:25:39.100+0000] {dagbag.py:538} INFO - Filling up the DagBag from /home/airflow/.local/lib/python3.7/site-packages/airflow/example_dags/tutorial_dag.py
[2024-06-22T13:25:39.115+0000] {processor.py:753} INFO - DAG(s) dict_keys(['tutorial_dag']) retrieved from /home/airflow/.local/lib/python3.7/site-packages/airflow/example_dags/tutorial_dag.py
[2024-06-22T13:25:39.156+0000] {logging_mixin.py:137} INFO - [2024-06-22T13:25:39.156+0000] {dag.py:2676} INFO - Sync 1 DAGs
[2024-06-22T13:25:39.182+0000] {logging_mixin.py:137} INFO - [2024-06-22T13:25:39.182+0000] {dag.py:3427} INFO - Setting next_dagrun for tutorial_dag to None, run_after=None
[2024-06-22T13:25:39.207+0000] {processor.py:175} INFO - Processing /home/airflow/.local/lib/python3.7/site-packages/airflow/example_dags/tutorial_dag.py took 0.113 seconds
