[2024-06-22T13:11:21.408+0000] {processor.py:153} INFO - Started process (PID=61) to work on /home/airflow/.local/lib/python3.7/site-packages/airflow/example_dags/tutorial.py
[2024-06-22T13:11:21.410+0000] {processor.py:743} INFO - Processing file /home/airflow/.local/lib/python3.7/site-packages/airflow/example_dags/tutorial.py for tasks to queue
[2024-06-22T13:11:21.411+0000] {logging_mixin.py:137} INFO - [2024-06-22T13:11:21.411+0000] {dagbag.py:538} INFO - Filling up the DagBag from /home/airflow/.local/lib/python3.7/site-packages/airflow/example_dags/tutorial.py
[2024-06-22T13:11:21.437+0000] {processor.py:753} INFO - DAG(s) dict_keys(['tutorial']) retrieved from /home/airflow/.local/lib/python3.7/site-packages/airflow/example_dags/tutorial.py
[2024-06-22T13:11:21.495+0000] {logging_mixin.py:137} INFO - [2024-06-22T13:11:21.494+0000] {dag.py:2676} INFO - Sync 1 DAGs
[2024-06-22T13:11:21.552+0000] {logging_mixin.py:137} INFO - [2024-06-22T13:11:21.552+0000] {dag.py:3427} INFO - Setting next_dagrun for tutorial to 2024-06-21T13:11:21.551466+00:00, run_after=2024-06-22T13:11:21.551466+00:00
[2024-06-22T13:11:21.590+0000] {processor.py:175} INFO - Processing /home/airflow/.local/lib/python3.7/site-packages/airflow/example_dags/tutorial.py took 0.186 seconds
[2024-06-22T13:11:52.445+0000] {processor.py:153} INFO - Started process (PID=103) to work on /home/airflow/.local/lib/python3.7/site-packages/airflow/example_dags/tutorial.py
[2024-06-22T13:11:52.447+0000] {processor.py:743} INFO - Processing file /home/airflow/.local/lib/python3.7/site-packages/airflow/example_dags/tutorial.py for tasks to queue
[2024-06-22T13:11:52.448+0000] {logging_mixin.py:137} INFO - [2024-06-22T13:11:52.448+0000] {dagbag.py:538} INFO - Filling up the DagBag from /home/airflow/.local/lib/python3.7/site-packages/airflow/example_dags/tutorial.py
[2024-06-22T13:11:52.468+0000] {processor.py:753} INFO - DAG(s) dict_keys(['tutorial']) retrieved from /home/airflow/.local/lib/python3.7/site-packages/airflow/example_dags/tutorial.py
[2024-06-22T13:11:52.503+0000] {logging_mixin.py:137} INFO - [2024-06-22T13:11:52.503+0000] {dag.py:2676} INFO - Sync 1 DAGs
[2024-06-22T13:11:52.543+0000] {logging_mixin.py:137} INFO - [2024-06-22T13:11:52.543+0000] {dag.py:3427} INFO - Setting next_dagrun for tutorial to 2024-06-21T13:11:52.543246+00:00, run_after=2024-06-22T13:11:52.543246+00:00
[2024-06-22T13:11:52.574+0000] {processor.py:175} INFO - Processing /home/airflow/.local/lib/python3.7/site-packages/airflow/example_dags/tutorial.py took 0.134 seconds
[2024-06-22T13:12:23.311+0000] {processor.py:153} INFO - Started process (PID=145) to work on /home/airflow/.local/lib/python3.7/site-packages/airflow/example_dags/tutorial.py
[2024-06-22T13:12:23.312+0000] {processor.py:743} INFO - Processing file /home/airflow/.local/lib/python3.7/site-packages/airflow/example_dags/tutorial.py for tasks to queue
[2024-06-22T13:12:23.313+0000] {logging_mixin.py:137} INFO - [2024-06-22T13:12:23.313+0000] {dagbag.py:538} INFO - Filling up the DagBag from /home/airflow/.local/lib/python3.7/site-packages/airflow/example_dags/tutorial.py
[2024-06-22T13:12:23.329+0000] {processor.py:753} INFO - DAG(s) dict_keys(['tutorial']) retrieved from /home/airflow/.local/lib/python3.7/site-packages/airflow/example_dags/tutorial.py
[2024-06-22T13:12:23.372+0000] {logging_mixin.py:137} INFO - [2024-06-22T13:12:23.372+0000] {dag.py:2676} INFO - Sync 1 DAGs
[2024-06-22T13:12:23.399+0000] {logging_mixin.py:137} INFO - [2024-06-22T13:12:23.399+0000] {dag.py:3427} INFO - Setting next_dagrun for tutorial to 2024-06-21T13:12:23.399353+00:00, run_after=2024-06-22T13:12:23.399353+00:00
[2024-06-22T13:12:23.426+0000] {processor.py:175} INFO - Processing /home/airflow/.local/lib/python3.7/site-packages/airflow/example_dags/tutorial.py took 0.119 seconds
[2024-06-22T13:12:53.978+0000] {processor.py:153} INFO - Started process (PID=187) to work on /home/airflow/.local/lib/python3.7/site-packages/airflow/example_dags/tutorial.py
[2024-06-22T13:12:53.979+0000] {processor.py:743} INFO - Processing file /home/airflow/.local/lib/python3.7/site-packages/airflow/example_dags/tutorial.py for tasks to queue
[2024-06-22T13:12:53.980+0000] {logging_mixin.py:137} INFO - [2024-06-22T13:12:53.980+0000] {dagbag.py:538} INFO - Filling up the DagBag from /home/airflow/.local/lib/python3.7/site-packages/airflow/example_dags/tutorial.py
[2024-06-22T13:12:53.996+0000] {processor.py:753} INFO - DAG(s) dict_keys(['tutorial']) retrieved from /home/airflow/.local/lib/python3.7/site-packages/airflow/example_dags/tutorial.py
[2024-06-22T13:12:54.034+0000] {logging_mixin.py:137} INFO - [2024-06-22T13:12:54.033+0000] {dag.py:2676} INFO - Sync 1 DAGs
[2024-06-22T13:12:54.059+0000] {logging_mixin.py:137} INFO - [2024-06-22T13:12:54.059+0000] {dag.py:3427} INFO - Setting next_dagrun for tutorial to 2024-06-21T13:12:54.059246+00:00, run_after=2024-06-22T13:12:54.059246+00:00
[2024-06-22T13:12:54.087+0000] {processor.py:175} INFO - Processing /home/airflow/.local/lib/python3.7/site-packages/airflow/example_dags/tutorial.py took 0.111 seconds
[2024-06-22T13:13:24.765+0000] {processor.py:153} INFO - Started process (PID=229) to work on /home/airflow/.local/lib/python3.7/site-packages/airflow/example_dags/tutorial.py
[2024-06-22T13:13:24.766+0000] {processor.py:743} INFO - Processing file /home/airflow/.local/lib/python3.7/site-packages/airflow/example_dags/tutorial.py for tasks to queue
[2024-06-22T13:13:24.767+0000] {logging_mixin.py:137} INFO - [2024-06-22T13:13:24.767+0000] {dagbag.py:538} INFO - Filling up the DagBag from /home/airflow/.local/lib/python3.7/site-packages/airflow/example_dags/tutorial.py
[2024-06-22T13:13:24.782+0000] {processor.py:753} INFO - DAG(s) dict_keys(['tutorial']) retrieved from /home/airflow/.local/lib/python3.7/site-packages/airflow/example_dags/tutorial.py
[2024-06-22T13:13:24.825+0000] {logging_mixin.py:137} INFO - [2024-06-22T13:13:24.825+0000] {dag.py:2676} INFO - Sync 1 DAGs
[2024-06-22T13:13:24.858+0000] {logging_mixin.py:137} INFO - [2024-06-22T13:13:24.858+0000] {dag.py:3427} INFO - Setting next_dagrun for tutorial to 2024-06-21T13:13:24.858327+00:00, run_after=2024-06-22T13:13:24.858327+00:00
[2024-06-22T13:13:24.884+0000] {processor.py:175} INFO - Processing /home/airflow/.local/lib/python3.7/site-packages/airflow/example_dags/tutorial.py took 0.122 seconds
[2024-06-22T13:13:56.068+0000] {processor.py:153} INFO - Started process (PID=271) to work on /home/airflow/.local/lib/python3.7/site-packages/airflow/example_dags/tutorial.py
[2024-06-22T13:13:56.070+0000] {processor.py:743} INFO - Processing file /home/airflow/.local/lib/python3.7/site-packages/airflow/example_dags/tutorial.py for tasks to queue
[2024-06-22T13:13:56.070+0000] {logging_mixin.py:137} INFO - [2024-06-22T13:13:56.070+0000] {dagbag.py:538} INFO - Filling up the DagBag from /home/airflow/.local/lib/python3.7/site-packages/airflow/example_dags/tutorial.py
[2024-06-22T13:13:56.086+0000] {processor.py:753} INFO - DAG(s) dict_keys(['tutorial']) retrieved from /home/airflow/.local/lib/python3.7/site-packages/airflow/example_dags/tutorial.py
[2024-06-22T13:13:56.129+0000] {logging_mixin.py:137} INFO - [2024-06-22T13:13:56.129+0000] {dag.py:2676} INFO - Sync 1 DAGs
[2024-06-22T13:13:56.157+0000] {logging_mixin.py:137} INFO - [2024-06-22T13:13:56.157+0000] {dag.py:3427} INFO - Setting next_dagrun for tutorial to 2024-06-21T13:13:56.156784+00:00, run_after=2024-06-22T13:13:56.156784+00:00
[2024-06-22T13:13:56.186+0000] {processor.py:175} INFO - Processing /home/airflow/.local/lib/python3.7/site-packages/airflow/example_dags/tutorial.py took 0.121 seconds
[2024-06-22T13:14:26.793+0000] {processor.py:153} INFO - Started process (PID=312) to work on /home/airflow/.local/lib/python3.7/site-packages/airflow/example_dags/tutorial.py
[2024-06-22T13:14:26.794+0000] {processor.py:743} INFO - Processing file /home/airflow/.local/lib/python3.7/site-packages/airflow/example_dags/tutorial.py for tasks to queue
[2024-06-22T13:14:26.796+0000] {logging_mixin.py:137} INFO - [2024-06-22T13:14:26.795+0000] {dagbag.py:538} INFO - Filling up the DagBag from /home/airflow/.local/lib/python3.7/site-packages/airflow/example_dags/tutorial.py
[2024-06-22T13:14:26.809+0000] {processor.py:753} INFO - DAG(s) dict_keys(['tutorial']) retrieved from /home/airflow/.local/lib/python3.7/site-packages/airflow/example_dags/tutorial.py
[2024-06-22T13:14:26.848+0000] {logging_mixin.py:137} INFO - [2024-06-22T13:14:26.848+0000] {dag.py:2676} INFO - Sync 1 DAGs
[2024-06-22T13:14:26.873+0000] {logging_mixin.py:137} INFO - [2024-06-22T13:14:26.873+0000] {dag.py:3427} INFO - Setting next_dagrun for tutorial to 2024-06-21T13:14:26.872970+00:00, run_after=2024-06-22T13:14:26.872970+00:00
[2024-06-22T13:14:26.898+0000] {processor.py:175} INFO - Processing /home/airflow/.local/lib/python3.7/site-packages/airflow/example_dags/tutorial.py took 0.108 seconds
[2024-06-22T13:14:57.431+0000] {processor.py:153} INFO - Started process (PID=352) to work on /home/airflow/.local/lib/python3.7/site-packages/airflow/example_dags/tutorial.py
[2024-06-22T13:14:57.433+0000] {processor.py:743} INFO - Processing file /home/airflow/.local/lib/python3.7/site-packages/airflow/example_dags/tutorial.py for tasks to queue
[2024-06-22T13:14:57.434+0000] {logging_mixin.py:137} INFO - [2024-06-22T13:14:57.434+0000] {dagbag.py:538} INFO - Filling up the DagBag from /home/airflow/.local/lib/python3.7/site-packages/airflow/example_dags/tutorial.py
[2024-06-22T13:14:57.455+0000] {processor.py:753} INFO - DAG(s) dict_keys(['tutorial']) retrieved from /home/airflow/.local/lib/python3.7/site-packages/airflow/example_dags/tutorial.py
[2024-06-22T13:14:57.503+0000] {logging_mixin.py:137} INFO - [2024-06-22T13:14:57.503+0000] {dag.py:2676} INFO - Sync 1 DAGs
[2024-06-22T13:14:57.536+0000] {logging_mixin.py:137} INFO - [2024-06-22T13:14:57.536+0000] {dag.py:3427} INFO - Setting next_dagrun for tutorial to 2024-06-21T13:14:57.535911+00:00, run_after=2024-06-22T13:14:57.535911+00:00
[2024-06-22T13:14:57.566+0000] {processor.py:175} INFO - Processing /home/airflow/.local/lib/python3.7/site-packages/airflow/example_dags/tutorial.py took 0.140 seconds
[2024-06-22T13:15:27.779+0000] {processor.py:153} INFO - Started process (PID=394) to work on /home/airflow/.local/lib/python3.7/site-packages/airflow/example_dags/tutorial.py
[2024-06-22T13:15:27.780+0000] {processor.py:743} INFO - Processing file /home/airflow/.local/lib/python3.7/site-packages/airflow/example_dags/tutorial.py for tasks to queue
[2024-06-22T13:15:27.782+0000] {logging_mixin.py:137} INFO - [2024-06-22T13:15:27.781+0000] {dagbag.py:538} INFO - Filling up the DagBag from /home/airflow/.local/lib/python3.7/site-packages/airflow/example_dags/tutorial.py
[2024-06-22T13:15:27.798+0000] {processor.py:753} INFO - DAG(s) dict_keys(['tutorial']) retrieved from /home/airflow/.local/lib/python3.7/site-packages/airflow/example_dags/tutorial.py
[2024-06-22T13:15:27.844+0000] {logging_mixin.py:137} INFO - [2024-06-22T13:15:27.843+0000] {dag.py:2676} INFO - Sync 1 DAGs
[2024-06-22T13:15:27.883+0000] {logging_mixin.py:137} INFO - [2024-06-22T13:15:27.883+0000] {dag.py:3427} INFO - Setting next_dagrun for tutorial to 2024-06-21T13:15:27.881989+00:00, run_after=2024-06-22T13:15:27.881989+00:00
[2024-06-22T13:15:27.956+0000] {processor.py:175} INFO - Processing /home/airflow/.local/lib/python3.7/site-packages/airflow/example_dags/tutorial.py took 0.181 seconds
[2024-06-22T13:15:58.162+0000] {processor.py:153} INFO - Started process (PID=436) to work on /home/airflow/.local/lib/python3.7/site-packages/airflow/example_dags/tutorial.py
[2024-06-22T13:15:58.164+0000] {processor.py:743} INFO - Processing file /home/airflow/.local/lib/python3.7/site-packages/airflow/example_dags/tutorial.py for tasks to queue
[2024-06-22T13:15:58.165+0000] {logging_mixin.py:137} INFO - [2024-06-22T13:15:58.165+0000] {dagbag.py:538} INFO - Filling up the DagBag from /home/airflow/.local/lib/python3.7/site-packages/airflow/example_dags/tutorial.py
[2024-06-22T13:15:58.182+0000] {processor.py:753} INFO - DAG(s) dict_keys(['tutorial']) retrieved from /home/airflow/.local/lib/python3.7/site-packages/airflow/example_dags/tutorial.py
[2024-06-22T13:15:58.223+0000] {logging_mixin.py:137} INFO - [2024-06-22T13:15:58.223+0000] {dag.py:2676} INFO - Sync 1 DAGs
[2024-06-22T13:15:58.250+0000] {logging_mixin.py:137} INFO - [2024-06-22T13:15:58.250+0000] {dag.py:3427} INFO - Setting next_dagrun for tutorial to 2024-06-21T13:15:58.250253+00:00, run_after=2024-06-22T13:15:58.250253+00:00
[2024-06-22T13:15:58.276+0000] {processor.py:175} INFO - Processing /home/airflow/.local/lib/python3.7/site-packages/airflow/example_dags/tutorial.py took 0.118 seconds
[2024-06-22T13:16:28.392+0000] {processor.py:153} INFO - Started process (PID=478) to work on /home/airflow/.local/lib/python3.7/site-packages/airflow/example_dags/tutorial.py
[2024-06-22T13:16:28.393+0000] {processor.py:743} INFO - Processing file /home/airflow/.local/lib/python3.7/site-packages/airflow/example_dags/tutorial.py for tasks to queue
[2024-06-22T13:16:28.395+0000] {logging_mixin.py:137} INFO - [2024-06-22T13:16:28.394+0000] {dagbag.py:538} INFO - Filling up the DagBag from /home/airflow/.local/lib/python3.7/site-packages/airflow/example_dags/tutorial.py
[2024-06-22T13:16:28.408+0000] {processor.py:753} INFO - DAG(s) dict_keys(['tutorial']) retrieved from /home/airflow/.local/lib/python3.7/site-packages/airflow/example_dags/tutorial.py
[2024-06-22T13:16:28.447+0000] {logging_mixin.py:137} INFO - [2024-06-22T13:16:28.447+0000] {dag.py:2676} INFO - Sync 1 DAGs
[2024-06-22T13:16:28.473+0000] {logging_mixin.py:137} INFO - [2024-06-22T13:16:28.473+0000] {dag.py:3427} INFO - Setting next_dagrun for tutorial to 2024-06-21T13:16:28.472896+00:00, run_after=2024-06-22T13:16:28.472896+00:00
[2024-06-22T13:16:28.503+0000] {processor.py:175} INFO - Processing /home/airflow/.local/lib/python3.7/site-packages/airflow/example_dags/tutorial.py took 0.114 seconds
[2024-06-22T13:16:58.881+0000] {processor.py:153} INFO - Started process (PID=520) to work on /home/airflow/.local/lib/python3.7/site-packages/airflow/example_dags/tutorial.py
[2024-06-22T13:16:58.883+0000] {processor.py:743} INFO - Processing file /home/airflow/.local/lib/python3.7/site-packages/airflow/example_dags/tutorial.py for tasks to queue
[2024-06-22T13:16:58.884+0000] {logging_mixin.py:137} INFO - [2024-06-22T13:16:58.883+0000] {dagbag.py:538} INFO - Filling up the DagBag from /home/airflow/.local/lib/python3.7/site-packages/airflow/example_dags/tutorial.py
[2024-06-22T13:16:58.903+0000] {processor.py:753} INFO - DAG(s) dict_keys(['tutorial']) retrieved from /home/airflow/.local/lib/python3.7/site-packages/airflow/example_dags/tutorial.py
[2024-06-22T13:16:58.943+0000] {logging_mixin.py:137} INFO - [2024-06-22T13:16:58.943+0000] {dag.py:2676} INFO - Sync 1 DAGs
[2024-06-22T13:16:58.969+0000] {logging_mixin.py:137} INFO - [2024-06-22T13:16:58.968+0000] {dag.py:3427} INFO - Setting next_dagrun for tutorial to 2024-06-21T13:16:58.968500+00:00, run_after=2024-06-22T13:16:58.968500+00:00
[2024-06-22T13:16:58.998+0000] {processor.py:175} INFO - Processing /home/airflow/.local/lib/python3.7/site-packages/airflow/example_dags/tutorial.py took 0.121 seconds
[2024-06-22T13:17:29.594+0000] {processor.py:153} INFO - Started process (PID=562) to work on /home/airflow/.local/lib/python3.7/site-packages/airflow/example_dags/tutorial.py
[2024-06-22T13:17:29.596+0000] {processor.py:743} INFO - Processing file /home/airflow/.local/lib/python3.7/site-packages/airflow/example_dags/tutorial.py for tasks to queue
[2024-06-22T13:17:29.597+0000] {logging_mixin.py:137} INFO - [2024-06-22T13:17:29.597+0000] {dagbag.py:538} INFO - Filling up the DagBag from /home/airflow/.local/lib/python3.7/site-packages/airflow/example_dags/tutorial.py
[2024-06-22T13:17:29.611+0000] {processor.py:753} INFO - DAG(s) dict_keys(['tutorial']) retrieved from /home/airflow/.local/lib/python3.7/site-packages/airflow/example_dags/tutorial.py
[2024-06-22T13:17:29.655+0000] {logging_mixin.py:137} INFO - [2024-06-22T13:17:29.654+0000] {dag.py:2676} INFO - Sync 1 DAGs
[2024-06-22T13:17:29.686+0000] {logging_mixin.py:137} INFO - [2024-06-22T13:17:29.686+0000] {dag.py:3427} INFO - Setting next_dagrun for tutorial to 2024-06-21T13:17:29.686275+00:00, run_after=2024-06-22T13:17:29.686275+00:00
[2024-06-22T13:17:29.721+0000] {processor.py:175} INFO - Processing /home/airflow/.local/lib/python3.7/site-packages/airflow/example_dags/tutorial.py took 0.130 seconds
[2024-06-22T13:17:59.983+0000] {processor.py:153} INFO - Started process (PID=604) to work on /home/airflow/.local/lib/python3.7/site-packages/airflow/example_dags/tutorial.py
[2024-06-22T13:17:59.985+0000] {processor.py:743} INFO - Processing file /home/airflow/.local/lib/python3.7/site-packages/airflow/example_dags/tutorial.py for tasks to queue
[2024-06-22T13:17:59.986+0000] {logging_mixin.py:137} INFO - [2024-06-22T13:17:59.986+0000] {dagbag.py:538} INFO - Filling up the DagBag from /home/airflow/.local/lib/python3.7/site-packages/airflow/example_dags/tutorial.py
[2024-06-22T13:18:00.005+0000] {processor.py:753} INFO - DAG(s) dict_keys(['tutorial']) retrieved from /home/airflow/.local/lib/python3.7/site-packages/airflow/example_dags/tutorial.py
[2024-06-22T13:18:00.064+0000] {logging_mixin.py:137} INFO - [2024-06-22T13:18:00.063+0000] {dag.py:2676} INFO - Sync 1 DAGs
[2024-06-22T13:18:00.097+0000] {logging_mixin.py:137} INFO - [2024-06-22T13:18:00.097+0000] {dag.py:3427} INFO - Setting next_dagrun for tutorial to 2024-06-21T13:18:00.096642+00:00, run_after=2024-06-22T13:18:00.096642+00:00
[2024-06-22T13:18:00.124+0000] {processor.py:175} INFO - Processing /home/airflow/.local/lib/python3.7/site-packages/airflow/example_dags/tutorial.py took 0.146 seconds
[2024-06-22T13:18:30.554+0000] {processor.py:153} INFO - Started process (PID=646) to work on /home/airflow/.local/lib/python3.7/site-packages/airflow/example_dags/tutorial.py
[2024-06-22T13:18:30.555+0000] {processor.py:743} INFO - Processing file /home/airflow/.local/lib/python3.7/site-packages/airflow/example_dags/tutorial.py for tasks to queue
[2024-06-22T13:18:30.556+0000] {logging_mixin.py:137} INFO - [2024-06-22T13:18:30.556+0000] {dagbag.py:538} INFO - Filling up the DagBag from /home/airflow/.local/lib/python3.7/site-packages/airflow/example_dags/tutorial.py
[2024-06-22T13:18:30.569+0000] {processor.py:753} INFO - DAG(s) dict_keys(['tutorial']) retrieved from /home/airflow/.local/lib/python3.7/site-packages/airflow/example_dags/tutorial.py
[2024-06-22T13:18:30.610+0000] {logging_mixin.py:137} INFO - [2024-06-22T13:18:30.609+0000] {dag.py:2676} INFO - Sync 1 DAGs
[2024-06-22T13:18:30.640+0000] {logging_mixin.py:137} INFO - [2024-06-22T13:18:30.640+0000] {dag.py:3427} INFO - Setting next_dagrun for tutorial to 2024-06-21T13:18:30.639919+00:00, run_after=2024-06-22T13:18:30.639919+00:00
[2024-06-22T13:18:30.672+0000] {processor.py:175} INFO - Processing /home/airflow/.local/lib/python3.7/site-packages/airflow/example_dags/tutorial.py took 0.120 seconds
[2024-06-22T13:19:00.809+0000] {processor.py:153} INFO - Started process (PID=688) to work on /home/airflow/.local/lib/python3.7/site-packages/airflow/example_dags/tutorial.py
[2024-06-22T13:19:00.810+0000] {processor.py:743} INFO - Processing file /home/airflow/.local/lib/python3.7/site-packages/airflow/example_dags/tutorial.py for tasks to queue
[2024-06-22T13:19:00.811+0000] {logging_mixin.py:137} INFO - [2024-06-22T13:19:00.811+0000] {dagbag.py:538} INFO - Filling up the DagBag from /home/airflow/.local/lib/python3.7/site-packages/airflow/example_dags/tutorial.py
[2024-06-22T13:19:00.824+0000] {processor.py:753} INFO - DAG(s) dict_keys(['tutorial']) retrieved from /home/airflow/.local/lib/python3.7/site-packages/airflow/example_dags/tutorial.py
[2024-06-22T13:19:00.865+0000] {logging_mixin.py:137} INFO - [2024-06-22T13:19:00.865+0000] {dag.py:2676} INFO - Sync 1 DAGs
[2024-06-22T13:19:00.888+0000] {logging_mixin.py:137} INFO - [2024-06-22T13:19:00.888+0000] {dag.py:3427} INFO - Setting next_dagrun for tutorial to 2024-06-21T13:19:00.888468+00:00, run_after=2024-06-22T13:19:00.888468+00:00
[2024-06-22T13:19:00.919+0000] {processor.py:175} INFO - Processing /home/airflow/.local/lib/python3.7/site-packages/airflow/example_dags/tutorial.py took 0.113 seconds
[2024-06-22T13:19:31.143+0000] {processor.py:153} INFO - Started process (PID=730) to work on /home/airflow/.local/lib/python3.7/site-packages/airflow/example_dags/tutorial.py
[2024-06-22T13:19:31.144+0000] {processor.py:743} INFO - Processing file /home/airflow/.local/lib/python3.7/site-packages/airflow/example_dags/tutorial.py for tasks to queue
[2024-06-22T13:19:31.145+0000] {logging_mixin.py:137} INFO - [2024-06-22T13:19:31.145+0000] {dagbag.py:538} INFO - Filling up the DagBag from /home/airflow/.local/lib/python3.7/site-packages/airflow/example_dags/tutorial.py
[2024-06-22T13:19:31.159+0000] {processor.py:753} INFO - DAG(s) dict_keys(['tutorial']) retrieved from /home/airflow/.local/lib/python3.7/site-packages/airflow/example_dags/tutorial.py
[2024-06-22T13:19:31.200+0000] {logging_mixin.py:137} INFO - [2024-06-22T13:19:31.200+0000] {dag.py:2676} INFO - Sync 1 DAGs
[2024-06-22T13:19:31.226+0000] {logging_mixin.py:137} INFO - [2024-06-22T13:19:31.226+0000] {dag.py:3427} INFO - Setting next_dagrun for tutorial to 2024-06-21T13:19:31.226103+00:00, run_after=2024-06-22T13:19:31.226103+00:00
[2024-06-22T13:19:31.254+0000] {processor.py:175} INFO - Processing /home/airflow/.local/lib/python3.7/site-packages/airflow/example_dags/tutorial.py took 0.115 seconds
[2024-06-22T13:20:01.514+0000] {processor.py:153} INFO - Started process (PID=772) to work on /home/airflow/.local/lib/python3.7/site-packages/airflow/example_dags/tutorial.py
[2024-06-22T13:20:01.515+0000] {processor.py:743} INFO - Processing file /home/airflow/.local/lib/python3.7/site-packages/airflow/example_dags/tutorial.py for tasks to queue
[2024-06-22T13:20:01.517+0000] {logging_mixin.py:137} INFO - [2024-06-22T13:20:01.516+0000] {dagbag.py:538} INFO - Filling up the DagBag from /home/airflow/.local/lib/python3.7/site-packages/airflow/example_dags/tutorial.py
[2024-06-22T13:20:01.534+0000] {processor.py:753} INFO - DAG(s) dict_keys(['tutorial']) retrieved from /home/airflow/.local/lib/python3.7/site-packages/airflow/example_dags/tutorial.py
[2024-06-22T13:20:01.587+0000] {logging_mixin.py:137} INFO - [2024-06-22T13:20:01.587+0000] {dag.py:2676} INFO - Sync 1 DAGs
[2024-06-22T13:20:01.625+0000] {logging_mixin.py:137} INFO - [2024-06-22T13:20:01.625+0000] {dag.py:3427} INFO - Setting next_dagrun for tutorial to 2024-06-21T13:20:01.624884+00:00, run_after=2024-06-22T13:20:01.624884+00:00
[2024-06-22T13:20:01.653+0000] {processor.py:175} INFO - Processing /home/airflow/.local/lib/python3.7/site-packages/airflow/example_dags/tutorial.py took 0.142 seconds
[2024-06-22T13:20:31.816+0000] {processor.py:153} INFO - Started process (PID=814) to work on /home/airflow/.local/lib/python3.7/site-packages/airflow/example_dags/tutorial.py
[2024-06-22T13:20:31.818+0000] {processor.py:743} INFO - Processing file /home/airflow/.local/lib/python3.7/site-packages/airflow/example_dags/tutorial.py for tasks to queue
[2024-06-22T13:20:31.819+0000] {logging_mixin.py:137} INFO - [2024-06-22T13:20:31.819+0000] {dagbag.py:538} INFO - Filling up the DagBag from /home/airflow/.local/lib/python3.7/site-packages/airflow/example_dags/tutorial.py
[2024-06-22T13:20:31.833+0000] {processor.py:753} INFO - DAG(s) dict_keys(['tutorial']) retrieved from /home/airflow/.local/lib/python3.7/site-packages/airflow/example_dags/tutorial.py
[2024-06-22T13:20:31.879+0000] {logging_mixin.py:137} INFO - [2024-06-22T13:20:31.879+0000] {dag.py:2676} INFO - Sync 1 DAGs
[2024-06-22T13:20:31.910+0000] {logging_mixin.py:137} INFO - [2024-06-22T13:20:31.909+0000] {dag.py:3427} INFO - Setting next_dagrun for tutorial to 2024-06-21T13:20:31.909242+00:00, run_after=2024-06-22T13:20:31.909242+00:00
[2024-06-22T13:20:31.936+0000] {processor.py:175} INFO - Processing /home/airflow/.local/lib/python3.7/site-packages/airflow/example_dags/tutorial.py took 0.123 seconds
[2024-06-22T13:21:02.374+0000] {processor.py:153} INFO - Started process (PID=856) to work on /home/airflow/.local/lib/python3.7/site-packages/airflow/example_dags/tutorial.py
[2024-06-22T13:21:02.375+0000] {processor.py:743} INFO - Processing file /home/airflow/.local/lib/python3.7/site-packages/airflow/example_dags/tutorial.py for tasks to queue
[2024-06-22T13:21:02.376+0000] {logging_mixin.py:137} INFO - [2024-06-22T13:21:02.376+0000] {dagbag.py:538} INFO - Filling up the DagBag from /home/airflow/.local/lib/python3.7/site-packages/airflow/example_dags/tutorial.py
[2024-06-22T13:21:02.390+0000] {processor.py:753} INFO - DAG(s) dict_keys(['tutorial']) retrieved from /home/airflow/.local/lib/python3.7/site-packages/airflow/example_dags/tutorial.py
[2024-06-22T13:21:02.438+0000] {logging_mixin.py:137} INFO - [2024-06-22T13:21:02.437+0000] {dag.py:2676} INFO - Sync 1 DAGs
[2024-06-22T13:21:02.464+0000] {logging_mixin.py:137} INFO - [2024-06-22T13:21:02.464+0000] {dag.py:3427} INFO - Setting next_dagrun for tutorial to 2024-06-21T13:21:02.463914+00:00, run_after=2024-06-22T13:21:02.463914+00:00
[2024-06-22T13:21:02.497+0000] {processor.py:175} INFO - Processing /home/airflow/.local/lib/python3.7/site-packages/airflow/example_dags/tutorial.py took 0.126 seconds
[2024-06-22T13:21:32.826+0000] {processor.py:153} INFO - Started process (PID=898) to work on /home/airflow/.local/lib/python3.7/site-packages/airflow/example_dags/tutorial.py
[2024-06-22T13:21:32.828+0000] {processor.py:743} INFO - Processing file /home/airflow/.local/lib/python3.7/site-packages/airflow/example_dags/tutorial.py for tasks to queue
[2024-06-22T13:21:32.829+0000] {logging_mixin.py:137} INFO - [2024-06-22T13:21:32.829+0000] {dagbag.py:538} INFO - Filling up the DagBag from /home/airflow/.local/lib/python3.7/site-packages/airflow/example_dags/tutorial.py
[2024-06-22T13:21:32.844+0000] {processor.py:753} INFO - DAG(s) dict_keys(['tutorial']) retrieved from /home/airflow/.local/lib/python3.7/site-packages/airflow/example_dags/tutorial.py
[2024-06-22T13:21:32.889+0000] {logging_mixin.py:137} INFO - [2024-06-22T13:21:32.888+0000] {dag.py:2676} INFO - Sync 1 DAGs
[2024-06-22T13:21:32.916+0000] {logging_mixin.py:137} INFO - [2024-06-22T13:21:32.916+0000] {dag.py:3427} INFO - Setting next_dagrun for tutorial to 2024-06-21T13:21:32.915784+00:00, run_after=2024-06-22T13:21:32.915784+00:00
[2024-06-22T13:21:32.944+0000] {processor.py:175} INFO - Processing /home/airflow/.local/lib/python3.7/site-packages/airflow/example_dags/tutorial.py took 0.122 seconds
[2024-06-22T13:22:03.379+0000] {processor.py:153} INFO - Started process (PID=940) to work on /home/airflow/.local/lib/python3.7/site-packages/airflow/example_dags/tutorial.py
[2024-06-22T13:22:03.380+0000] {processor.py:743} INFO - Processing file /home/airflow/.local/lib/python3.7/site-packages/airflow/example_dags/tutorial.py for tasks to queue
[2024-06-22T13:22:03.381+0000] {logging_mixin.py:137} INFO - [2024-06-22T13:22:03.381+0000] {dagbag.py:538} INFO - Filling up the DagBag from /home/airflow/.local/lib/python3.7/site-packages/airflow/example_dags/tutorial.py
[2024-06-22T13:22:03.394+0000] {processor.py:753} INFO - DAG(s) dict_keys(['tutorial']) retrieved from /home/airflow/.local/lib/python3.7/site-packages/airflow/example_dags/tutorial.py
[2024-06-22T13:22:03.434+0000] {logging_mixin.py:137} INFO - [2024-06-22T13:22:03.434+0000] {dag.py:2676} INFO - Sync 1 DAGs
[2024-06-22T13:22:03.458+0000] {logging_mixin.py:137} INFO - [2024-06-22T13:22:03.458+0000] {dag.py:3427} INFO - Setting next_dagrun for tutorial to 2024-06-21T13:22:03.458086+00:00, run_after=2024-06-22T13:22:03.458086+00:00
[2024-06-22T13:22:03.484+0000] {processor.py:175} INFO - Processing /home/airflow/.local/lib/python3.7/site-packages/airflow/example_dags/tutorial.py took 0.107 seconds
[2024-06-22T13:22:34.490+0000] {processor.py:153} INFO - Started process (PID=982) to work on /home/airflow/.local/lib/python3.7/site-packages/airflow/example_dags/tutorial.py
[2024-06-22T13:22:34.492+0000] {processor.py:743} INFO - Processing file /home/airflow/.local/lib/python3.7/site-packages/airflow/example_dags/tutorial.py for tasks to queue
[2024-06-22T13:22:34.492+0000] {logging_mixin.py:137} INFO - [2024-06-22T13:22:34.492+0000] {dagbag.py:538} INFO - Filling up the DagBag from /home/airflow/.local/lib/python3.7/site-packages/airflow/example_dags/tutorial.py
[2024-06-22T13:22:34.505+0000] {processor.py:753} INFO - DAG(s) dict_keys(['tutorial']) retrieved from /home/airflow/.local/lib/python3.7/site-packages/airflow/example_dags/tutorial.py
[2024-06-22T13:22:34.546+0000] {logging_mixin.py:137} INFO - [2024-06-22T13:22:34.546+0000] {dag.py:2676} INFO - Sync 1 DAGs
[2024-06-22T13:22:34.575+0000] {logging_mixin.py:137} INFO - [2024-06-22T13:22:34.574+0000] {dag.py:3427} INFO - Setting next_dagrun for tutorial to 2024-06-21T13:22:34.574663+00:00, run_after=2024-06-22T13:22:34.574663+00:00
[2024-06-22T13:22:34.602+0000] {processor.py:175} INFO - Processing /home/airflow/.local/lib/python3.7/site-packages/airflow/example_dags/tutorial.py took 0.114 seconds
[2024-06-22T13:23:04.825+0000] {processor.py:153} INFO - Started process (PID=1024) to work on /home/airflow/.local/lib/python3.7/site-packages/airflow/example_dags/tutorial.py
[2024-06-22T13:23:04.827+0000] {processor.py:743} INFO - Processing file /home/airflow/.local/lib/python3.7/site-packages/airflow/example_dags/tutorial.py for tasks to queue
[2024-06-22T13:23:04.828+0000] {logging_mixin.py:137} INFO - [2024-06-22T13:23:04.828+0000] {dagbag.py:538} INFO - Filling up the DagBag from /home/airflow/.local/lib/python3.7/site-packages/airflow/example_dags/tutorial.py
[2024-06-22T13:23:04.843+0000] {processor.py:753} INFO - DAG(s) dict_keys(['tutorial']) retrieved from /home/airflow/.local/lib/python3.7/site-packages/airflow/example_dags/tutorial.py
[2024-06-22T13:23:04.889+0000] {logging_mixin.py:137} INFO - [2024-06-22T13:23:04.889+0000] {dag.py:2676} INFO - Sync 1 DAGs
[2024-06-22T13:23:04.916+0000] {logging_mixin.py:137} INFO - [2024-06-22T13:23:04.916+0000] {dag.py:3427} INFO - Setting next_dagrun for tutorial to 2024-06-21T13:23:04.915462+00:00, run_after=2024-06-22T13:23:04.915462+00:00
[2024-06-22T13:23:04.946+0000] {processor.py:175} INFO - Processing /home/airflow/.local/lib/python3.7/site-packages/airflow/example_dags/tutorial.py took 0.124 seconds
[2024-06-22T13:23:35.100+0000] {processor.py:153} INFO - Started process (PID=1066) to work on /home/airflow/.local/lib/python3.7/site-packages/airflow/example_dags/tutorial.py
[2024-06-22T13:23:35.101+0000] {processor.py:743} INFO - Processing file /home/airflow/.local/lib/python3.7/site-packages/airflow/example_dags/tutorial.py for tasks to queue
[2024-06-22T13:23:35.102+0000] {logging_mixin.py:137} INFO - [2024-06-22T13:23:35.102+0000] {dagbag.py:538} INFO - Filling up the DagBag from /home/airflow/.local/lib/python3.7/site-packages/airflow/example_dags/tutorial.py
[2024-06-22T13:23:35.116+0000] {processor.py:753} INFO - DAG(s) dict_keys(['tutorial']) retrieved from /home/airflow/.local/lib/python3.7/site-packages/airflow/example_dags/tutorial.py
[2024-06-22T13:23:35.159+0000] {logging_mixin.py:137} INFO - [2024-06-22T13:23:35.159+0000] {dag.py:2676} INFO - Sync 1 DAGs
[2024-06-22T13:23:35.190+0000] {logging_mixin.py:137} INFO - [2024-06-22T13:23:35.189+0000] {dag.py:3427} INFO - Setting next_dagrun for tutorial to 2024-06-21T13:23:35.189583+00:00, run_after=2024-06-22T13:23:35.189583+00:00
[2024-06-22T13:23:35.219+0000] {processor.py:175} INFO - Processing /home/airflow/.local/lib/python3.7/site-packages/airflow/example_dags/tutorial.py took 0.122 seconds
[2024-06-22T13:24:05.679+0000] {processor.py:153} INFO - Started process (PID=1108) to work on /home/airflow/.local/lib/python3.7/site-packages/airflow/example_dags/tutorial.py
[2024-06-22T13:24:05.681+0000] {processor.py:743} INFO - Processing file /home/airflow/.local/lib/python3.7/site-packages/airflow/example_dags/tutorial.py for tasks to queue
[2024-06-22T13:24:05.682+0000] {logging_mixin.py:137} INFO - [2024-06-22T13:24:05.682+0000] {dagbag.py:538} INFO - Filling up the DagBag from /home/airflow/.local/lib/python3.7/site-packages/airflow/example_dags/tutorial.py
[2024-06-22T13:24:05.701+0000] {processor.py:753} INFO - DAG(s) dict_keys(['tutorial']) retrieved from /home/airflow/.local/lib/python3.7/site-packages/airflow/example_dags/tutorial.py
[2024-06-22T13:24:05.745+0000] {logging_mixin.py:137} INFO - [2024-06-22T13:24:05.745+0000] {dag.py:2676} INFO - Sync 1 DAGs
[2024-06-22T13:24:05.776+0000] {logging_mixin.py:137} INFO - [2024-06-22T13:24:05.776+0000] {dag.py:3427} INFO - Setting next_dagrun for tutorial to 2024-06-21T13:24:05.775821+00:00, run_after=2024-06-22T13:24:05.775821+00:00
[2024-06-22T13:24:05.805+0000] {processor.py:175} INFO - Processing /home/airflow/.local/lib/python3.7/site-packages/airflow/example_dags/tutorial.py took 0.129 seconds
[2024-06-22T13:24:36.042+0000] {processor.py:153} INFO - Started process (PID=1147) to work on /home/airflow/.local/lib/python3.7/site-packages/airflow/example_dags/tutorial.py
[2024-06-22T13:24:36.044+0000] {processor.py:743} INFO - Processing file /home/airflow/.local/lib/python3.7/site-packages/airflow/example_dags/tutorial.py for tasks to queue
[2024-06-22T13:24:36.045+0000] {logging_mixin.py:137} INFO - [2024-06-22T13:24:36.045+0000] {dagbag.py:538} INFO - Filling up the DagBag from /home/airflow/.local/lib/python3.7/site-packages/airflow/example_dags/tutorial.py
[2024-06-22T13:24:36.060+0000] {processor.py:753} INFO - DAG(s) dict_keys(['tutorial']) retrieved from /home/airflow/.local/lib/python3.7/site-packages/airflow/example_dags/tutorial.py
[2024-06-22T13:24:36.104+0000] {logging_mixin.py:137} INFO - [2024-06-22T13:24:36.104+0000] {dag.py:2676} INFO - Sync 1 DAGs
[2024-06-22T13:24:36.131+0000] {logging_mixin.py:137} INFO - [2024-06-22T13:24:36.130+0000] {dag.py:3427} INFO - Setting next_dagrun for tutorial to 2024-06-21T13:24:36.130670+00:00, run_after=2024-06-22T13:24:36.130670+00:00
[2024-06-22T13:24:36.158+0000] {processor.py:175} INFO - Processing /home/airflow/.local/lib/python3.7/site-packages/airflow/example_dags/tutorial.py took 0.120 seconds
[2024-06-22T13:25:06.266+0000] {processor.py:153} INFO - Started process (PID=1186) to work on /home/airflow/.local/lib/python3.7/site-packages/airflow/example_dags/tutorial.py
[2024-06-22T13:25:06.267+0000] {processor.py:743} INFO - Processing file /home/airflow/.local/lib/python3.7/site-packages/airflow/example_dags/tutorial.py for tasks to queue
[2024-06-22T13:25:06.268+0000] {logging_mixin.py:137} INFO - [2024-06-22T13:25:06.268+0000] {dagbag.py:538} INFO - Filling up the DagBag from /home/airflow/.local/lib/python3.7/site-packages/airflow/example_dags/tutorial.py
[2024-06-22T13:25:06.284+0000] {processor.py:753} INFO - DAG(s) dict_keys(['tutorial']) retrieved from /home/airflow/.local/lib/python3.7/site-packages/airflow/example_dags/tutorial.py
[2024-06-22T13:25:06.328+0000] {logging_mixin.py:137} INFO - [2024-06-22T13:25:06.328+0000] {dag.py:2676} INFO - Sync 1 DAGs
[2024-06-22T13:25:06.356+0000] {logging_mixin.py:137} INFO - [2024-06-22T13:25:06.355+0000] {dag.py:3427} INFO - Setting next_dagrun for tutorial to 2024-06-21T13:25:06.355572+00:00, run_after=2024-06-22T13:25:06.355572+00:00
[2024-06-22T13:25:06.384+0000] {processor.py:175} INFO - Processing /home/airflow/.local/lib/python3.7/site-packages/airflow/example_dags/tutorial.py took 0.123 seconds
[2024-06-22T13:25:36.869+0000] {processor.py:153} INFO - Started process (PID=1225) to work on /home/airflow/.local/lib/python3.7/site-packages/airflow/example_dags/tutorial.py
[2024-06-22T13:25:36.870+0000] {processor.py:743} INFO - Processing file /home/airflow/.local/lib/python3.7/site-packages/airflow/example_dags/tutorial.py for tasks to queue
[2024-06-22T13:25:36.871+0000] {logging_mixin.py:137} INFO - [2024-06-22T13:25:36.871+0000] {dagbag.py:538} INFO - Filling up the DagBag from /home/airflow/.local/lib/python3.7/site-packages/airflow/example_dags/tutorial.py
[2024-06-22T13:25:36.889+0000] {processor.py:753} INFO - DAG(s) dict_keys(['tutorial']) retrieved from /home/airflow/.local/lib/python3.7/site-packages/airflow/example_dags/tutorial.py
[2024-06-22T13:25:36.936+0000] {logging_mixin.py:137} INFO - [2024-06-22T13:25:36.936+0000] {dag.py:2676} INFO - Sync 1 DAGs
[2024-06-22T13:25:36.962+0000] {logging_mixin.py:137} INFO - [2024-06-22T13:25:36.962+0000] {dag.py:3427} INFO - Setting next_dagrun for tutorial to 2024-06-21T13:25:36.962329+00:00, run_after=2024-06-22T13:25:36.962329+00:00
[2024-06-22T13:25:36.990+0000] {processor.py:175} INFO - Processing /home/airflow/.local/lib/python3.7/site-packages/airflow/example_dags/tutorial.py took 0.124 seconds
