[2024-06-22T13:11:20.397+0000] {processor.py:153} INFO - Started process (PID=53) to work on /home/airflow/.local/lib/python3.7/site-packages/airflow/example_dags/tutorial_taskflow_api.py
[2024-06-22T13:11:20.399+0000] {processor.py:743} INFO - Processing file /home/airflow/.local/lib/python3.7/site-packages/airflow/example_dags/tutorial_taskflow_api.py for tasks to queue
[2024-06-22T13:11:20.401+0000] {logging_mixin.py:137} INFO - [2024-06-22T13:11:20.400+0000] {dagbag.py:538} INFO - Filling up the DagBag from /home/airflow/.local/lib/python3.7/site-packages/airflow/example_dags/tutorial_taskflow_api.py
[2024-06-22T13:11:20.458+0000] {processor.py:753} INFO - DAG(s) dict_keys(['tutorial_taskflow_api']) retrieved from /home/airflow/.local/lib/python3.7/site-packages/airflow/example_dags/tutorial_taskflow_api.py
[2024-06-22T13:11:20.523+0000] {logging_mixin.py:137} INFO - [2024-06-22T13:11:20.523+0000] {dag.py:2676} INFO - Sync 1 DAGs
[2024-06-22T13:11:20.561+0000] {logging_mixin.py:137} INFO - [2024-06-22T13:11:20.561+0000] {dag.py:3427} INFO - Setting next_dagrun for tutorial_taskflow_api to None, run_after=None
[2024-06-22T13:11:20.604+0000] {processor.py:175} INFO - Processing /home/airflow/.local/lib/python3.7/site-packages/airflow/example_dags/tutorial_taskflow_api.py took 0.214 seconds
[2024-06-22T13:11:51.493+0000] {processor.py:153} INFO - Started process (PID=95) to work on /home/airflow/.local/lib/python3.7/site-packages/airflow/example_dags/tutorial_taskflow_api.py
[2024-06-22T13:11:51.495+0000] {processor.py:743} INFO - Processing file /home/airflow/.local/lib/python3.7/site-packages/airflow/example_dags/tutorial_taskflow_api.py for tasks to queue
[2024-06-22T13:11:51.496+0000] {logging_mixin.py:137} INFO - [2024-06-22T13:11:51.496+0000] {dagbag.py:538} INFO - Filling up the DagBag from /home/airflow/.local/lib/python3.7/site-packages/airflow/example_dags/tutorial_taskflow_api.py
[2024-06-22T13:11:51.526+0000] {processor.py:753} INFO - DAG(s) dict_keys(['tutorial_taskflow_api']) retrieved from /home/airflow/.local/lib/python3.7/site-packages/airflow/example_dags/tutorial_taskflow_api.py
[2024-06-22T13:11:51.560+0000] {logging_mixin.py:137} INFO - [2024-06-22T13:11:51.560+0000] {dag.py:2676} INFO - Sync 1 DAGs
[2024-06-22T13:11:51.599+0000] {logging_mixin.py:137} INFO - [2024-06-22T13:11:51.598+0000] {dag.py:3427} INFO - Setting next_dagrun for tutorial_taskflow_api to None, run_after=None
[2024-06-22T13:11:51.674+0000] {processor.py:175} INFO - Processing /home/airflow/.local/lib/python3.7/site-packages/airflow/example_dags/tutorial_taskflow_api.py took 0.186 seconds
[2024-06-22T13:12:22.569+0000] {processor.py:153} INFO - Started process (PID=137) to work on /home/airflow/.local/lib/python3.7/site-packages/airflow/example_dags/tutorial_taskflow_api.py
[2024-06-22T13:12:22.570+0000] {processor.py:743} INFO - Processing file /home/airflow/.local/lib/python3.7/site-packages/airflow/example_dags/tutorial_taskflow_api.py for tasks to queue
[2024-06-22T13:12:22.571+0000] {logging_mixin.py:137} INFO - [2024-06-22T13:12:22.571+0000] {dagbag.py:538} INFO - Filling up the DagBag from /home/airflow/.local/lib/python3.7/site-packages/airflow/example_dags/tutorial_taskflow_api.py
[2024-06-22T13:12:22.596+0000] {processor.py:753} INFO - DAG(s) dict_keys(['tutorial_taskflow_api']) retrieved from /home/airflow/.local/lib/python3.7/site-packages/airflow/example_dags/tutorial_taskflow_api.py
[2024-06-22T13:12:22.637+0000] {logging_mixin.py:137} INFO - [2024-06-22T13:12:22.637+0000] {dag.py:2676} INFO - Sync 1 DAGs
[2024-06-22T13:12:22.669+0000] {logging_mixin.py:137} INFO - [2024-06-22T13:12:22.669+0000] {dag.py:3427} INFO - Setting next_dagrun for tutorial_taskflow_api to None, run_after=None
[2024-06-22T13:12:22.696+0000] {processor.py:175} INFO - Processing /home/airflow/.local/lib/python3.7/site-packages/airflow/example_dags/tutorial_taskflow_api.py took 0.131 seconds
[2024-06-22T13:12:53.025+0000] {processor.py:153} INFO - Started process (PID=177) to work on /home/airflow/.local/lib/python3.7/site-packages/airflow/example_dags/tutorial_taskflow_api.py
[2024-06-22T13:12:53.027+0000] {processor.py:743} INFO - Processing file /home/airflow/.local/lib/python3.7/site-packages/airflow/example_dags/tutorial_taskflow_api.py for tasks to queue
[2024-06-22T13:12:53.028+0000] {logging_mixin.py:137} INFO - [2024-06-22T13:12:53.028+0000] {dagbag.py:538} INFO - Filling up the DagBag from /home/airflow/.local/lib/python3.7/site-packages/airflow/example_dags/tutorial_taskflow_api.py
[2024-06-22T13:12:53.048+0000] {processor.py:753} INFO - DAG(s) dict_keys(['tutorial_taskflow_api']) retrieved from /home/airflow/.local/lib/python3.7/site-packages/airflow/example_dags/tutorial_taskflow_api.py
[2024-06-22T13:12:53.086+0000] {logging_mixin.py:137} INFO - [2024-06-22T13:12:53.086+0000] {dag.py:2676} INFO - Sync 1 DAGs
[2024-06-22T13:12:53.119+0000] {logging_mixin.py:137} INFO - [2024-06-22T13:12:53.119+0000] {dag.py:3427} INFO - Setting next_dagrun for tutorial_taskflow_api to None, run_after=None
[2024-06-22T13:12:53.149+0000] {processor.py:175} INFO - Processing /home/airflow/.local/lib/python3.7/site-packages/airflow/example_dags/tutorial_taskflow_api.py took 0.127 seconds
[2024-06-22T13:13:23.526+0000] {processor.py:153} INFO - Started process (PID=218) to work on /home/airflow/.local/lib/python3.7/site-packages/airflow/example_dags/tutorial_taskflow_api.py
[2024-06-22T13:13:23.528+0000] {processor.py:743} INFO - Processing file /home/airflow/.local/lib/python3.7/site-packages/airflow/example_dags/tutorial_taskflow_api.py for tasks to queue
[2024-06-22T13:13:23.529+0000] {logging_mixin.py:137} INFO - [2024-06-22T13:13:23.529+0000] {dagbag.py:538} INFO - Filling up the DagBag from /home/airflow/.local/lib/python3.7/site-packages/airflow/example_dags/tutorial_taskflow_api.py
[2024-06-22T13:13:23.547+0000] {processor.py:753} INFO - DAG(s) dict_keys(['tutorial_taskflow_api']) retrieved from /home/airflow/.local/lib/python3.7/site-packages/airflow/example_dags/tutorial_taskflow_api.py
[2024-06-22T13:13:23.585+0000] {logging_mixin.py:137} INFO - [2024-06-22T13:13:23.585+0000] {dag.py:2676} INFO - Sync 1 DAGs
[2024-06-22T13:13:23.610+0000] {logging_mixin.py:137} INFO - [2024-06-22T13:13:23.609+0000] {dag.py:3427} INFO - Setting next_dagrun for tutorial_taskflow_api to None, run_after=None
[2024-06-22T13:13:23.633+0000] {processor.py:175} INFO - Processing /home/airflow/.local/lib/python3.7/site-packages/airflow/example_dags/tutorial_taskflow_api.py took 0.110 seconds
[2024-06-22T13:13:54.360+0000] {processor.py:153} INFO - Started process (PID=260) to work on /home/airflow/.local/lib/python3.7/site-packages/airflow/example_dags/tutorial_taskflow_api.py
[2024-06-22T13:13:54.362+0000] {processor.py:743} INFO - Processing file /home/airflow/.local/lib/python3.7/site-packages/airflow/example_dags/tutorial_taskflow_api.py for tasks to queue
[2024-06-22T13:13:54.363+0000] {logging_mixin.py:137} INFO - [2024-06-22T13:13:54.362+0000] {dagbag.py:538} INFO - Filling up the DagBag from /home/airflow/.local/lib/python3.7/site-packages/airflow/example_dags/tutorial_taskflow_api.py
[2024-06-22T13:13:54.383+0000] {processor.py:753} INFO - DAG(s) dict_keys(['tutorial_taskflow_api']) retrieved from /home/airflow/.local/lib/python3.7/site-packages/airflow/example_dags/tutorial_taskflow_api.py
[2024-06-22T13:13:54.422+0000] {logging_mixin.py:137} INFO - [2024-06-22T13:13:54.422+0000] {dag.py:2676} INFO - Sync 1 DAGs
[2024-06-22T13:13:54.451+0000] {logging_mixin.py:137} INFO - [2024-06-22T13:13:54.451+0000] {dag.py:3427} INFO - Setting next_dagrun for tutorial_taskflow_api to None, run_after=None
[2024-06-22T13:13:54.478+0000] {processor.py:175} INFO - Processing /home/airflow/.local/lib/python3.7/site-packages/airflow/example_dags/tutorial_taskflow_api.py took 0.121 seconds
[2024-06-22T13:14:24.961+0000] {processor.py:153} INFO - Started process (PID=302) to work on /home/airflow/.local/lib/python3.7/site-packages/airflow/example_dags/tutorial_taskflow_api.py
[2024-06-22T13:14:24.965+0000] {processor.py:743} INFO - Processing file /home/airflow/.local/lib/python3.7/site-packages/airflow/example_dags/tutorial_taskflow_api.py for tasks to queue
[2024-06-22T13:14:24.966+0000] {logging_mixin.py:137} INFO - [2024-06-22T13:14:24.966+0000] {dagbag.py:538} INFO - Filling up the DagBag from /home/airflow/.local/lib/python3.7/site-packages/airflow/example_dags/tutorial_taskflow_api.py
[2024-06-22T13:14:24.993+0000] {processor.py:753} INFO - DAG(s) dict_keys(['tutorial_taskflow_api']) retrieved from /home/airflow/.local/lib/python3.7/site-packages/airflow/example_dags/tutorial_taskflow_api.py
[2024-06-22T13:14:25.041+0000] {logging_mixin.py:137} INFO - [2024-06-22T13:14:25.041+0000] {dag.py:2676} INFO - Sync 1 DAGs
[2024-06-22T13:14:25.065+0000] {logging_mixin.py:137} INFO - [2024-06-22T13:14:25.065+0000] {dag.py:3427} INFO - Setting next_dagrun for tutorial_taskflow_api to None, run_after=None
[2024-06-22T13:14:25.092+0000] {processor.py:175} INFO - Processing /home/airflow/.local/lib/python3.7/site-packages/airflow/example_dags/tutorial_taskflow_api.py took 0.136 seconds
[2024-06-22T13:14:55.716+0000] {processor.py:153} INFO - Started process (PID=344) to work on /home/airflow/.local/lib/python3.7/site-packages/airflow/example_dags/tutorial_taskflow_api.py
[2024-06-22T13:14:55.718+0000] {processor.py:743} INFO - Processing file /home/airflow/.local/lib/python3.7/site-packages/airflow/example_dags/tutorial_taskflow_api.py for tasks to queue
[2024-06-22T13:14:55.719+0000] {logging_mixin.py:137} INFO - [2024-06-22T13:14:55.719+0000] {dagbag.py:538} INFO - Filling up the DagBag from /home/airflow/.local/lib/python3.7/site-packages/airflow/example_dags/tutorial_taskflow_api.py
[2024-06-22T13:14:55.743+0000] {processor.py:753} INFO - DAG(s) dict_keys(['tutorial_taskflow_api']) retrieved from /home/airflow/.local/lib/python3.7/site-packages/airflow/example_dags/tutorial_taskflow_api.py
[2024-06-22T13:14:55.789+0000] {logging_mixin.py:137} INFO - [2024-06-22T13:14:55.789+0000] {dag.py:2676} INFO - Sync 1 DAGs
[2024-06-22T13:14:55.823+0000] {logging_mixin.py:137} INFO - [2024-06-22T13:14:55.823+0000] {dag.py:3427} INFO - Setting next_dagrun for tutorial_taskflow_api to None, run_after=None
[2024-06-22T13:14:55.863+0000] {processor.py:175} INFO - Processing /home/airflow/.local/lib/python3.7/site-packages/airflow/example_dags/tutorial_taskflow_api.py took 0.150 seconds
[2024-06-22T13:15:26.120+0000] {processor.py:153} INFO - Started process (PID=386) to work on /home/airflow/.local/lib/python3.7/site-packages/airflow/example_dags/tutorial_taskflow_api.py
[2024-06-22T13:15:26.121+0000] {processor.py:743} INFO - Processing file /home/airflow/.local/lib/python3.7/site-packages/airflow/example_dags/tutorial_taskflow_api.py for tasks to queue
[2024-06-22T13:15:26.122+0000] {logging_mixin.py:137} INFO - [2024-06-22T13:15:26.122+0000] {dagbag.py:538} INFO - Filling up the DagBag from /home/airflow/.local/lib/python3.7/site-packages/airflow/example_dags/tutorial_taskflow_api.py
[2024-06-22T13:15:26.144+0000] {processor.py:753} INFO - DAG(s) dict_keys(['tutorial_taskflow_api']) retrieved from /home/airflow/.local/lib/python3.7/site-packages/airflow/example_dags/tutorial_taskflow_api.py
[2024-06-22T13:15:26.186+0000] {logging_mixin.py:137} INFO - [2024-06-22T13:15:26.186+0000] {dag.py:2676} INFO - Sync 1 DAGs
[2024-06-22T13:15:26.223+0000] {logging_mixin.py:137} INFO - [2024-06-22T13:15:26.223+0000] {dag.py:3427} INFO - Setting next_dagrun for tutorial_taskflow_api to None, run_after=None
[2024-06-22T13:15:26.247+0000] {processor.py:175} INFO - Processing /home/airflow/.local/lib/python3.7/site-packages/airflow/example_dags/tutorial_taskflow_api.py took 0.131 seconds
[2024-06-22T13:15:56.606+0000] {processor.py:153} INFO - Started process (PID=428) to work on /home/airflow/.local/lib/python3.7/site-packages/airflow/example_dags/tutorial_taskflow_api.py
[2024-06-22T13:15:56.608+0000] {processor.py:743} INFO - Processing file /home/airflow/.local/lib/python3.7/site-packages/airflow/example_dags/tutorial_taskflow_api.py for tasks to queue
[2024-06-22T13:15:56.609+0000] {logging_mixin.py:137} INFO - [2024-06-22T13:15:56.609+0000] {dagbag.py:538} INFO - Filling up the DagBag from /home/airflow/.local/lib/python3.7/site-packages/airflow/example_dags/tutorial_taskflow_api.py
[2024-06-22T13:15:56.625+0000] {processor.py:753} INFO - DAG(s) dict_keys(['tutorial_taskflow_api']) retrieved from /home/airflow/.local/lib/python3.7/site-packages/airflow/example_dags/tutorial_taskflow_api.py
[2024-06-22T13:15:56.662+0000] {logging_mixin.py:137} INFO - [2024-06-22T13:15:56.662+0000] {dag.py:2676} INFO - Sync 1 DAGs
[2024-06-22T13:15:56.685+0000] {logging_mixin.py:137} INFO - [2024-06-22T13:15:56.685+0000] {dag.py:3427} INFO - Setting next_dagrun for tutorial_taskflow_api to None, run_after=None
[2024-06-22T13:15:56.709+0000] {processor.py:175} INFO - Processing /home/airflow/.local/lib/python3.7/site-packages/airflow/example_dags/tutorial_taskflow_api.py took 0.105 seconds
[2024-06-22T13:16:26.779+0000] {processor.py:153} INFO - Started process (PID=470) to work on /home/airflow/.local/lib/python3.7/site-packages/airflow/example_dags/tutorial_taskflow_api.py
[2024-06-22T13:16:26.780+0000] {processor.py:743} INFO - Processing file /home/airflow/.local/lib/python3.7/site-packages/airflow/example_dags/tutorial_taskflow_api.py for tasks to queue
[2024-06-22T13:16:26.781+0000] {logging_mixin.py:137} INFO - [2024-06-22T13:16:26.781+0000] {dagbag.py:538} INFO - Filling up the DagBag from /home/airflow/.local/lib/python3.7/site-packages/airflow/example_dags/tutorial_taskflow_api.py
[2024-06-22T13:16:26.802+0000] {processor.py:753} INFO - DAG(s) dict_keys(['tutorial_taskflow_api']) retrieved from /home/airflow/.local/lib/python3.7/site-packages/airflow/example_dags/tutorial_taskflow_api.py
[2024-06-22T13:16:26.839+0000] {logging_mixin.py:137} INFO - [2024-06-22T13:16:26.839+0000] {dag.py:2676} INFO - Sync 1 DAGs
[2024-06-22T13:16:26.863+0000] {logging_mixin.py:137} INFO - [2024-06-22T13:16:26.863+0000] {dag.py:3427} INFO - Setting next_dagrun for tutorial_taskflow_api to None, run_after=None
[2024-06-22T13:16:26.888+0000] {processor.py:175} INFO - Processing /home/airflow/.local/lib/python3.7/site-packages/airflow/example_dags/tutorial_taskflow_api.py took 0.113 seconds
[2024-06-22T13:16:57.335+0000] {processor.py:153} INFO - Started process (PID=512) to work on /home/airflow/.local/lib/python3.7/site-packages/airflow/example_dags/tutorial_taskflow_api.py
[2024-06-22T13:16:57.337+0000] {processor.py:743} INFO - Processing file /home/airflow/.local/lib/python3.7/site-packages/airflow/example_dags/tutorial_taskflow_api.py for tasks to queue
[2024-06-22T13:16:57.338+0000] {logging_mixin.py:137} INFO - [2024-06-22T13:16:57.338+0000] {dagbag.py:538} INFO - Filling up the DagBag from /home/airflow/.local/lib/python3.7/site-packages/airflow/example_dags/tutorial_taskflow_api.py
[2024-06-22T13:16:57.359+0000] {processor.py:753} INFO - DAG(s) dict_keys(['tutorial_taskflow_api']) retrieved from /home/airflow/.local/lib/python3.7/site-packages/airflow/example_dags/tutorial_taskflow_api.py
[2024-06-22T13:16:57.399+0000] {logging_mixin.py:137} INFO - [2024-06-22T13:16:57.399+0000] {dag.py:2676} INFO - Sync 1 DAGs
[2024-06-22T13:16:57.424+0000] {logging_mixin.py:137} INFO - [2024-06-22T13:16:57.424+0000] {dag.py:3427} INFO - Setting next_dagrun for tutorial_taskflow_api to None, run_after=None
[2024-06-22T13:16:57.448+0000] {processor.py:175} INFO - Processing /home/airflow/.local/lib/python3.7/site-packages/airflow/example_dags/tutorial_taskflow_api.py took 0.119 seconds
[2024-06-22T13:17:27.952+0000] {processor.py:153} INFO - Started process (PID=554) to work on /home/airflow/.local/lib/python3.7/site-packages/airflow/example_dags/tutorial_taskflow_api.py
[2024-06-22T13:17:27.954+0000] {processor.py:743} INFO - Processing file /home/airflow/.local/lib/python3.7/site-packages/airflow/example_dags/tutorial_taskflow_api.py for tasks to queue
[2024-06-22T13:17:27.955+0000] {logging_mixin.py:137} INFO - [2024-06-22T13:17:27.955+0000] {dagbag.py:538} INFO - Filling up the DagBag from /home/airflow/.local/lib/python3.7/site-packages/airflow/example_dags/tutorial_taskflow_api.py
[2024-06-22T13:17:27.981+0000] {processor.py:753} INFO - DAG(s) dict_keys(['tutorial_taskflow_api']) retrieved from /home/airflow/.local/lib/python3.7/site-packages/airflow/example_dags/tutorial_taskflow_api.py
[2024-06-22T13:17:28.026+0000] {logging_mixin.py:137} INFO - [2024-06-22T13:17:28.026+0000] {dag.py:2676} INFO - Sync 1 DAGs
[2024-06-22T13:17:28.055+0000] {logging_mixin.py:137} INFO - [2024-06-22T13:17:28.055+0000] {dag.py:3427} INFO - Setting next_dagrun for tutorial_taskflow_api to None, run_after=None
[2024-06-22T13:17:28.081+0000] {processor.py:175} INFO - Processing /home/airflow/.local/lib/python3.7/site-packages/airflow/example_dags/tutorial_taskflow_api.py took 0.134 seconds
[2024-06-22T13:17:58.412+0000] {processor.py:153} INFO - Started process (PID=596) to work on /home/airflow/.local/lib/python3.7/site-packages/airflow/example_dags/tutorial_taskflow_api.py
[2024-06-22T13:17:58.413+0000] {processor.py:743} INFO - Processing file /home/airflow/.local/lib/python3.7/site-packages/airflow/example_dags/tutorial_taskflow_api.py for tasks to queue
[2024-06-22T13:17:58.414+0000] {logging_mixin.py:137} INFO - [2024-06-22T13:17:58.414+0000] {dagbag.py:538} INFO - Filling up the DagBag from /home/airflow/.local/lib/python3.7/site-packages/airflow/example_dags/tutorial_taskflow_api.py
[2024-06-22T13:17:58.436+0000] {processor.py:753} INFO - DAG(s) dict_keys(['tutorial_taskflow_api']) retrieved from /home/airflow/.local/lib/python3.7/site-packages/airflow/example_dags/tutorial_taskflow_api.py
[2024-06-22T13:17:58.475+0000] {logging_mixin.py:137} INFO - [2024-06-22T13:17:58.475+0000] {dag.py:2676} INFO - Sync 1 DAGs
[2024-06-22T13:17:58.503+0000] {logging_mixin.py:137} INFO - [2024-06-22T13:17:58.503+0000] {dag.py:3427} INFO - Setting next_dagrun for tutorial_taskflow_api to None, run_after=None
[2024-06-22T13:17:58.534+0000] {processor.py:175} INFO - Processing /home/airflow/.local/lib/python3.7/site-packages/airflow/example_dags/tutorial_taskflow_api.py took 0.126 seconds
[2024-06-22T13:18:28.736+0000] {processor.py:153} INFO - Started process (PID=638) to work on /home/airflow/.local/lib/python3.7/site-packages/airflow/example_dags/tutorial_taskflow_api.py
[2024-06-22T13:18:28.737+0000] {processor.py:743} INFO - Processing file /home/airflow/.local/lib/python3.7/site-packages/airflow/example_dags/tutorial_taskflow_api.py for tasks to queue
[2024-06-22T13:18:28.738+0000] {logging_mixin.py:137} INFO - [2024-06-22T13:18:28.738+0000] {dagbag.py:538} INFO - Filling up the DagBag from /home/airflow/.local/lib/python3.7/site-packages/airflow/example_dags/tutorial_taskflow_api.py
[2024-06-22T13:18:28.756+0000] {processor.py:753} INFO - DAG(s) dict_keys(['tutorial_taskflow_api']) retrieved from /home/airflow/.local/lib/python3.7/site-packages/airflow/example_dags/tutorial_taskflow_api.py
[2024-06-22T13:18:28.804+0000] {logging_mixin.py:137} INFO - [2024-06-22T13:18:28.804+0000] {dag.py:2676} INFO - Sync 1 DAGs
[2024-06-22T13:18:28.853+0000] {logging_mixin.py:137} INFO - [2024-06-22T13:18:28.853+0000] {dag.py:3427} INFO - Setting next_dagrun for tutorial_taskflow_api to None, run_after=None
[2024-06-22T13:18:28.879+0000] {processor.py:175} INFO - Processing /home/airflow/.local/lib/python3.7/site-packages/airflow/example_dags/tutorial_taskflow_api.py took 0.146 seconds
[2024-06-22T13:18:59.019+0000] {processor.py:153} INFO - Started process (PID=680) to work on /home/airflow/.local/lib/python3.7/site-packages/airflow/example_dags/tutorial_taskflow_api.py
[2024-06-22T13:18:59.020+0000] {processor.py:743} INFO - Processing file /home/airflow/.local/lib/python3.7/site-packages/airflow/example_dags/tutorial_taskflow_api.py for tasks to queue
[2024-06-22T13:18:59.021+0000] {logging_mixin.py:137} INFO - [2024-06-22T13:18:59.021+0000] {dagbag.py:538} INFO - Filling up the DagBag from /home/airflow/.local/lib/python3.7/site-packages/airflow/example_dags/tutorial_taskflow_api.py
[2024-06-22T13:18:59.042+0000] {processor.py:753} INFO - DAG(s) dict_keys(['tutorial_taskflow_api']) retrieved from /home/airflow/.local/lib/python3.7/site-packages/airflow/example_dags/tutorial_taskflow_api.py
[2024-06-22T13:18:59.075+0000] {logging_mixin.py:137} INFO - [2024-06-22T13:18:59.074+0000] {dag.py:2676} INFO - Sync 1 DAGs
[2024-06-22T13:18:59.097+0000] {logging_mixin.py:137} INFO - [2024-06-22T13:18:59.097+0000] {dag.py:3427} INFO - Setting next_dagrun for tutorial_taskflow_api to None, run_after=None
[2024-06-22T13:18:59.120+0000] {processor.py:175} INFO - Processing /home/airflow/.local/lib/python3.7/site-packages/airflow/example_dags/tutorial_taskflow_api.py took 0.106 seconds
[2024-06-22T13:19:29.254+0000] {processor.py:153} INFO - Started process (PID=722) to work on /home/airflow/.local/lib/python3.7/site-packages/airflow/example_dags/tutorial_taskflow_api.py
[2024-06-22T13:19:29.255+0000] {processor.py:743} INFO - Processing file /home/airflow/.local/lib/python3.7/site-packages/airflow/example_dags/tutorial_taskflow_api.py for tasks to queue
[2024-06-22T13:19:29.256+0000] {logging_mixin.py:137} INFO - [2024-06-22T13:19:29.256+0000] {dagbag.py:538} INFO - Filling up the DagBag from /home/airflow/.local/lib/python3.7/site-packages/airflow/example_dags/tutorial_taskflow_api.py
[2024-06-22T13:19:29.282+0000] {processor.py:753} INFO - DAG(s) dict_keys(['tutorial_taskflow_api']) retrieved from /home/airflow/.local/lib/python3.7/site-packages/airflow/example_dags/tutorial_taskflow_api.py
[2024-06-22T13:19:29.320+0000] {logging_mixin.py:137} INFO - [2024-06-22T13:19:29.320+0000] {dag.py:2676} INFO - Sync 1 DAGs
[2024-06-22T13:19:29.344+0000] {logging_mixin.py:137} INFO - [2024-06-22T13:19:29.344+0000] {dag.py:3427} INFO - Setting next_dagrun for tutorial_taskflow_api to None, run_after=None
[2024-06-22T13:19:29.368+0000] {processor.py:175} INFO - Processing /home/airflow/.local/lib/python3.7/site-packages/airflow/example_dags/tutorial_taskflow_api.py took 0.119 seconds
[2024-06-22T13:19:59.845+0000] {processor.py:153} INFO - Started process (PID=764) to work on /home/airflow/.local/lib/python3.7/site-packages/airflow/example_dags/tutorial_taskflow_api.py
[2024-06-22T13:19:59.846+0000] {processor.py:743} INFO - Processing file /home/airflow/.local/lib/python3.7/site-packages/airflow/example_dags/tutorial_taskflow_api.py for tasks to queue
[2024-06-22T13:19:59.847+0000] {logging_mixin.py:137} INFO - [2024-06-22T13:19:59.847+0000] {dagbag.py:538} INFO - Filling up the DagBag from /home/airflow/.local/lib/python3.7/site-packages/airflow/example_dags/tutorial_taskflow_api.py
[2024-06-22T13:19:59.869+0000] {processor.py:753} INFO - DAG(s) dict_keys(['tutorial_taskflow_api']) retrieved from /home/airflow/.local/lib/python3.7/site-packages/airflow/example_dags/tutorial_taskflow_api.py
[2024-06-22T13:19:59.908+0000] {logging_mixin.py:137} INFO - [2024-06-22T13:19:59.908+0000] {dag.py:2676} INFO - Sync 1 DAGs
[2024-06-22T13:19:59.933+0000] {logging_mixin.py:137} INFO - [2024-06-22T13:19:59.932+0000] {dag.py:3427} INFO - Setting next_dagrun for tutorial_taskflow_api to None, run_after=None
[2024-06-22T13:19:59.954+0000] {processor.py:175} INFO - Processing /home/airflow/.local/lib/python3.7/site-packages/airflow/example_dags/tutorial_taskflow_api.py took 0.113 seconds
[2024-06-22T13:20:30.305+0000] {processor.py:153} INFO - Started process (PID=806) to work on /home/airflow/.local/lib/python3.7/site-packages/airflow/example_dags/tutorial_taskflow_api.py
[2024-06-22T13:20:30.307+0000] {processor.py:743} INFO - Processing file /home/airflow/.local/lib/python3.7/site-packages/airflow/example_dags/tutorial_taskflow_api.py for tasks to queue
[2024-06-22T13:20:30.308+0000] {logging_mixin.py:137} INFO - [2024-06-22T13:20:30.308+0000] {dagbag.py:538} INFO - Filling up the DagBag from /home/airflow/.local/lib/python3.7/site-packages/airflow/example_dags/tutorial_taskflow_api.py
[2024-06-22T13:20:30.330+0000] {processor.py:753} INFO - DAG(s) dict_keys(['tutorial_taskflow_api']) retrieved from /home/airflow/.local/lib/python3.7/site-packages/airflow/example_dags/tutorial_taskflow_api.py
[2024-06-22T13:20:30.372+0000] {logging_mixin.py:137} INFO - [2024-06-22T13:20:30.371+0000] {dag.py:2676} INFO - Sync 1 DAGs
[2024-06-22T13:20:30.397+0000] {logging_mixin.py:137} INFO - [2024-06-22T13:20:30.397+0000] {dag.py:3427} INFO - Setting next_dagrun for tutorial_taskflow_api to None, run_after=None
[2024-06-22T13:20:30.419+0000] {processor.py:175} INFO - Processing /home/airflow/.local/lib/python3.7/site-packages/airflow/example_dags/tutorial_taskflow_api.py took 0.118 seconds
[2024-06-22T13:21:00.480+0000] {processor.py:153} INFO - Started process (PID=848) to work on /home/airflow/.local/lib/python3.7/site-packages/airflow/example_dags/tutorial_taskflow_api.py
[2024-06-22T13:21:00.481+0000] {processor.py:743} INFO - Processing file /home/airflow/.local/lib/python3.7/site-packages/airflow/example_dags/tutorial_taskflow_api.py for tasks to queue
[2024-06-22T13:21:00.483+0000] {logging_mixin.py:137} INFO - [2024-06-22T13:21:00.482+0000] {dagbag.py:538} INFO - Filling up the DagBag from /home/airflow/.local/lib/python3.7/site-packages/airflow/example_dags/tutorial_taskflow_api.py
[2024-06-22T13:21:00.506+0000] {processor.py:753} INFO - DAG(s) dict_keys(['tutorial_taskflow_api']) retrieved from /home/airflow/.local/lib/python3.7/site-packages/airflow/example_dags/tutorial_taskflow_api.py
[2024-06-22T13:21:00.553+0000] {logging_mixin.py:137} INFO - [2024-06-22T13:21:00.553+0000] {dag.py:2676} INFO - Sync 1 DAGs
[2024-06-22T13:21:00.583+0000] {logging_mixin.py:137} INFO - [2024-06-22T13:21:00.583+0000] {dag.py:3427} INFO - Setting next_dagrun for tutorial_taskflow_api to None, run_after=None
[2024-06-22T13:21:00.608+0000] {processor.py:175} INFO - Processing /home/airflow/.local/lib/python3.7/site-packages/airflow/example_dags/tutorial_taskflow_api.py took 0.133 seconds
[2024-06-22T13:21:31.253+0000] {processor.py:153} INFO - Started process (PID=890) to work on /home/airflow/.local/lib/python3.7/site-packages/airflow/example_dags/tutorial_taskflow_api.py
[2024-06-22T13:21:31.255+0000] {processor.py:743} INFO - Processing file /home/airflow/.local/lib/python3.7/site-packages/airflow/example_dags/tutorial_taskflow_api.py for tasks to queue
[2024-06-22T13:21:31.256+0000] {logging_mixin.py:137} INFO - [2024-06-22T13:21:31.256+0000] {dagbag.py:538} INFO - Filling up the DagBag from /home/airflow/.local/lib/python3.7/site-packages/airflow/example_dags/tutorial_taskflow_api.py
[2024-06-22T13:21:31.283+0000] {processor.py:753} INFO - DAG(s) dict_keys(['tutorial_taskflow_api']) retrieved from /home/airflow/.local/lib/python3.7/site-packages/airflow/example_dags/tutorial_taskflow_api.py
[2024-06-22T13:21:31.327+0000] {logging_mixin.py:137} INFO - [2024-06-22T13:21:31.327+0000] {dag.py:2676} INFO - Sync 1 DAGs
[2024-06-22T13:21:31.356+0000] {logging_mixin.py:137} INFO - [2024-06-22T13:21:31.356+0000] {dag.py:3427} INFO - Setting next_dagrun for tutorial_taskflow_api to None, run_after=None
[2024-06-22T13:21:31.384+0000] {processor.py:175} INFO - Processing /home/airflow/.local/lib/python3.7/site-packages/airflow/example_dags/tutorial_taskflow_api.py took 0.135 seconds
[2024-06-22T13:22:01.780+0000] {processor.py:153} INFO - Started process (PID=932) to work on /home/airflow/.local/lib/python3.7/site-packages/airflow/example_dags/tutorial_taskflow_api.py
[2024-06-22T13:22:01.781+0000] {processor.py:743} INFO - Processing file /home/airflow/.local/lib/python3.7/site-packages/airflow/example_dags/tutorial_taskflow_api.py for tasks to queue
[2024-06-22T13:22:01.782+0000] {logging_mixin.py:137} INFO - [2024-06-22T13:22:01.781+0000] {dagbag.py:538} INFO - Filling up the DagBag from /home/airflow/.local/lib/python3.7/site-packages/airflow/example_dags/tutorial_taskflow_api.py
[2024-06-22T13:22:01.801+0000] {processor.py:753} INFO - DAG(s) dict_keys(['tutorial_taskflow_api']) retrieved from /home/airflow/.local/lib/python3.7/site-packages/airflow/example_dags/tutorial_taskflow_api.py
[2024-06-22T13:22:01.841+0000] {logging_mixin.py:137} INFO - [2024-06-22T13:22:01.840+0000] {dag.py:2676} INFO - Sync 1 DAGs
[2024-06-22T13:22:01.862+0000] {logging_mixin.py:137} INFO - [2024-06-22T13:22:01.862+0000] {dag.py:3427} INFO - Setting next_dagrun for tutorial_taskflow_api to None, run_after=None
[2024-06-22T13:22:01.883+0000] {processor.py:175} INFO - Processing /home/airflow/.local/lib/python3.7/site-packages/airflow/example_dags/tutorial_taskflow_api.py took 0.107 seconds
[2024-06-22T13:22:32.660+0000] {processor.py:153} INFO - Started process (PID=974) to work on /home/airflow/.local/lib/python3.7/site-packages/airflow/example_dags/tutorial_taskflow_api.py
[2024-06-22T13:22:32.661+0000] {processor.py:743} INFO - Processing file /home/airflow/.local/lib/python3.7/site-packages/airflow/example_dags/tutorial_taskflow_api.py for tasks to queue
[2024-06-22T13:22:32.664+0000] {logging_mixin.py:137} INFO - [2024-06-22T13:22:32.663+0000] {dagbag.py:538} INFO - Filling up the DagBag from /home/airflow/.local/lib/python3.7/site-packages/airflow/example_dags/tutorial_taskflow_api.py
[2024-06-22T13:22:32.697+0000] {processor.py:753} INFO - DAG(s) dict_keys(['tutorial_taskflow_api']) retrieved from /home/airflow/.local/lib/python3.7/site-packages/airflow/example_dags/tutorial_taskflow_api.py
[2024-06-22T13:22:32.762+0000] {logging_mixin.py:137} INFO - [2024-06-22T13:22:32.762+0000] {dag.py:2676} INFO - Sync 1 DAGs
[2024-06-22T13:22:32.795+0000] {logging_mixin.py:137} INFO - [2024-06-22T13:22:32.795+0000] {dag.py:3427} INFO - Setting next_dagrun for tutorial_taskflow_api to None, run_after=None
[2024-06-22T13:22:32.820+0000] {processor.py:175} INFO - Processing /home/airflow/.local/lib/python3.7/site-packages/airflow/example_dags/tutorial_taskflow_api.py took 0.164 seconds
[2024-06-22T13:23:03.029+0000] {processor.py:153} INFO - Started process (PID=1016) to work on /home/airflow/.local/lib/python3.7/site-packages/airflow/example_dags/tutorial_taskflow_api.py
[2024-06-22T13:23:03.030+0000] {processor.py:743} INFO - Processing file /home/airflow/.local/lib/python3.7/site-packages/airflow/example_dags/tutorial_taskflow_api.py for tasks to queue
[2024-06-22T13:23:03.031+0000] {logging_mixin.py:137} INFO - [2024-06-22T13:23:03.031+0000] {dagbag.py:538} INFO - Filling up the DagBag from /home/airflow/.local/lib/python3.7/site-packages/airflow/example_dags/tutorial_taskflow_api.py
[2024-06-22T13:23:03.051+0000] {processor.py:753} INFO - DAG(s) dict_keys(['tutorial_taskflow_api']) retrieved from /home/airflow/.local/lib/python3.7/site-packages/airflow/example_dags/tutorial_taskflow_api.py
[2024-06-22T13:23:03.096+0000] {logging_mixin.py:137} INFO - [2024-06-22T13:23:03.096+0000] {dag.py:2676} INFO - Sync 1 DAGs
[2024-06-22T13:23:03.123+0000] {logging_mixin.py:137} INFO - [2024-06-22T13:23:03.122+0000] {dag.py:3427} INFO - Setting next_dagrun for tutorial_taskflow_api to None, run_after=None
[2024-06-22T13:23:03.149+0000] {processor.py:175} INFO - Processing /home/airflow/.local/lib/python3.7/site-packages/airflow/example_dags/tutorial_taskflow_api.py took 0.124 seconds
[2024-06-22T13:23:33.313+0000] {processor.py:153} INFO - Started process (PID=1058) to work on /home/airflow/.local/lib/python3.7/site-packages/airflow/example_dags/tutorial_taskflow_api.py
[2024-06-22T13:23:33.314+0000] {processor.py:743} INFO - Processing file /home/airflow/.local/lib/python3.7/site-packages/airflow/example_dags/tutorial_taskflow_api.py for tasks to queue
[2024-06-22T13:23:33.315+0000] {logging_mixin.py:137} INFO - [2024-06-22T13:23:33.315+0000] {dagbag.py:538} INFO - Filling up the DagBag from /home/airflow/.local/lib/python3.7/site-packages/airflow/example_dags/tutorial_taskflow_api.py
[2024-06-22T13:23:33.335+0000] {processor.py:753} INFO - DAG(s) dict_keys(['tutorial_taskflow_api']) retrieved from /home/airflow/.local/lib/python3.7/site-packages/airflow/example_dags/tutorial_taskflow_api.py
[2024-06-22T13:23:33.377+0000] {logging_mixin.py:137} INFO - [2024-06-22T13:23:33.377+0000] {dag.py:2676} INFO - Sync 1 DAGs
[2024-06-22T13:23:33.402+0000] {logging_mixin.py:137} INFO - [2024-06-22T13:23:33.402+0000] {dag.py:3427} INFO - Setting next_dagrun for tutorial_taskflow_api to None, run_after=None
[2024-06-22T13:23:33.427+0000] {processor.py:175} INFO - Processing /home/airflow/.local/lib/python3.7/site-packages/airflow/example_dags/tutorial_taskflow_api.py took 0.118 seconds
[2024-06-22T13:24:04.186+0000] {processor.py:153} INFO - Started process (PID=1100) to work on /home/airflow/.local/lib/python3.7/site-packages/airflow/example_dags/tutorial_taskflow_api.py
[2024-06-22T13:24:04.187+0000] {processor.py:743} INFO - Processing file /home/airflow/.local/lib/python3.7/site-packages/airflow/example_dags/tutorial_taskflow_api.py for tasks to queue
[2024-06-22T13:24:04.188+0000] {logging_mixin.py:137} INFO - [2024-06-22T13:24:04.188+0000] {dagbag.py:538} INFO - Filling up the DagBag from /home/airflow/.local/lib/python3.7/site-packages/airflow/example_dags/tutorial_taskflow_api.py
[2024-06-22T13:24:04.209+0000] {processor.py:753} INFO - DAG(s) dict_keys(['tutorial_taskflow_api']) retrieved from /home/airflow/.local/lib/python3.7/site-packages/airflow/example_dags/tutorial_taskflow_api.py
[2024-06-22T13:24:04.248+0000] {logging_mixin.py:137} INFO - [2024-06-22T13:24:04.248+0000] {dag.py:2676} INFO - Sync 1 DAGs
[2024-06-22T13:24:04.273+0000] {logging_mixin.py:137} INFO - [2024-06-22T13:24:04.273+0000] {dag.py:3427} INFO - Setting next_dagrun for tutorial_taskflow_api to None, run_after=None
[2024-06-22T13:24:04.300+0000] {processor.py:175} INFO - Processing /home/airflow/.local/lib/python3.7/site-packages/airflow/example_dags/tutorial_taskflow_api.py took 0.118 seconds
[2024-06-22T13:24:34.478+0000] {processor.py:153} INFO - Started process (PID=1139) to work on /home/airflow/.local/lib/python3.7/site-packages/airflow/example_dags/tutorial_taskflow_api.py
[2024-06-22T13:24:34.479+0000] {processor.py:743} INFO - Processing file /home/airflow/.local/lib/python3.7/site-packages/airflow/example_dags/tutorial_taskflow_api.py for tasks to queue
[2024-06-22T13:24:34.480+0000] {logging_mixin.py:137} INFO - [2024-06-22T13:24:34.480+0000] {dagbag.py:538} INFO - Filling up the DagBag from /home/airflow/.local/lib/python3.7/site-packages/airflow/example_dags/tutorial_taskflow_api.py
[2024-06-22T13:24:34.502+0000] {processor.py:753} INFO - DAG(s) dict_keys(['tutorial_taskflow_api']) retrieved from /home/airflow/.local/lib/python3.7/site-packages/airflow/example_dags/tutorial_taskflow_api.py
[2024-06-22T13:24:34.547+0000] {logging_mixin.py:137} INFO - [2024-06-22T13:24:34.546+0000] {dag.py:2676} INFO - Sync 1 DAGs
[2024-06-22T13:24:34.573+0000] {logging_mixin.py:137} INFO - [2024-06-22T13:24:34.573+0000] {dag.py:3427} INFO - Setting next_dagrun for tutorial_taskflow_api to None, run_after=None
[2024-06-22T13:24:34.599+0000] {processor.py:175} INFO - Processing /home/airflow/.local/lib/python3.7/site-packages/airflow/example_dags/tutorial_taskflow_api.py took 0.125 seconds
[2024-06-22T13:25:04.753+0000] {processor.py:153} INFO - Started process (PID=1178) to work on /home/airflow/.local/lib/python3.7/site-packages/airflow/example_dags/tutorial_taskflow_api.py
[2024-06-22T13:25:04.754+0000] {processor.py:743} INFO - Processing file /home/airflow/.local/lib/python3.7/site-packages/airflow/example_dags/tutorial_taskflow_api.py for tasks to queue
[2024-06-22T13:25:04.755+0000] {logging_mixin.py:137} INFO - [2024-06-22T13:25:04.755+0000] {dagbag.py:538} INFO - Filling up the DagBag from /home/airflow/.local/lib/python3.7/site-packages/airflow/example_dags/tutorial_taskflow_api.py
[2024-06-22T13:25:04.777+0000] {processor.py:753} INFO - DAG(s) dict_keys(['tutorial_taskflow_api']) retrieved from /home/airflow/.local/lib/python3.7/site-packages/airflow/example_dags/tutorial_taskflow_api.py
[2024-06-22T13:25:04.824+0000] {logging_mixin.py:137} INFO - [2024-06-22T13:25:04.824+0000] {dag.py:2676} INFO - Sync 1 DAGs
[2024-06-22T13:25:04.850+0000] {logging_mixin.py:137} INFO - [2024-06-22T13:25:04.850+0000] {dag.py:3427} INFO - Setting next_dagrun for tutorial_taskflow_api to None, run_after=None
[2024-06-22T13:25:04.879+0000] {processor.py:175} INFO - Processing /home/airflow/.local/lib/python3.7/site-packages/airflow/example_dags/tutorial_taskflow_api.py took 0.129 seconds
[2024-06-22T13:25:35.004+0000] {processor.py:153} INFO - Started process (PID=1217) to work on /home/airflow/.local/lib/python3.7/site-packages/airflow/example_dags/tutorial_taskflow_api.py
[2024-06-22T13:25:35.006+0000] {processor.py:743} INFO - Processing file /home/airflow/.local/lib/python3.7/site-packages/airflow/example_dags/tutorial_taskflow_api.py for tasks to queue
[2024-06-22T13:25:35.007+0000] {logging_mixin.py:137} INFO - [2024-06-22T13:25:35.007+0000] {dagbag.py:538} INFO - Filling up the DagBag from /home/airflow/.local/lib/python3.7/site-packages/airflow/example_dags/tutorial_taskflow_api.py
[2024-06-22T13:25:35.033+0000] {processor.py:753} INFO - DAG(s) dict_keys(['tutorial_taskflow_api']) retrieved from /home/airflow/.local/lib/python3.7/site-packages/airflow/example_dags/tutorial_taskflow_api.py
[2024-06-22T13:25:35.076+0000] {logging_mixin.py:137} INFO - [2024-06-22T13:25:35.076+0000] {dag.py:2676} INFO - Sync 1 DAGs
[2024-06-22T13:25:35.108+0000] {logging_mixin.py:137} INFO - [2024-06-22T13:25:35.108+0000] {dag.py:3427} INFO - Setting next_dagrun for tutorial_taskflow_api to None, run_after=None
[2024-06-22T13:25:35.133+0000] {processor.py:175} INFO - Processing /home/airflow/.local/lib/python3.7/site-packages/airflow/example_dags/tutorial_taskflow_api.py took 0.132 seconds
