[2024-06-22T13:11:18.377+0000] {processor.py:153} INFO - Started process (PID=41) to work on /opt/airflow/dags/ingest_snowflake.py
[2024-06-22T13:11:18.378+0000] {processor.py:743} INFO - Processing file /opt/airflow/dags/ingest_snowflake.py for tasks to queue
[2024-06-22T13:11:18.379+0000] {logging_mixin.py:137} INFO - [2024-06-22T13:11:18.378+0000] {dagbag.py:538} INFO - Filling up the DagBag from /opt/airflow/dags/ingest_snowflake.py
[2024-06-22T13:11:19.450+0000] {logging_mixin.py:137} WARNING - /home/airflow/.local/lib/python3.7/site-packages/snowflake/connector/options.py:109 UserWarning: You have an incompatible version of 'pyarrow' installed (9.0.0), please install a version that adheres to: 'pyarrow<10.1.0,>=10.0.1; extra == "pandas"'
[2024-06-22T13:11:19.915+0000] {processor.py:753} INFO - DAG(s) dict_keys(['postgres_to_snowflake_etl']) retrieved from /opt/airflow/dags/ingest_snowflake.py
[2024-06-22T13:11:19.954+0000] {logging_mixin.py:137} INFO - [2024-06-22T13:11:19.953+0000] {dag.py:2676} INFO - Sync 1 DAGs
[2024-06-22T13:11:19.988+0000] {logging_mixin.py:137} INFO - [2024-06-22T13:11:19.988+0000] {dag.py:3427} INFO - Setting next_dagrun for postgres_to_snowflake_etl to 2023-01-01T00:00:00+00:00, run_after=2023-01-02T00:00:00+00:00
[2024-06-22T13:11:20.029+0000] {processor.py:175} INFO - Processing /opt/airflow/dags/ingest_snowflake.py took 1.656 seconds
[2024-06-22T13:11:50.203+0000] {processor.py:153} INFO - Started process (PID=85) to work on /opt/airflow/dags/ingest_snowflake.py
[2024-06-22T13:11:50.204+0000] {processor.py:743} INFO - Processing file /opt/airflow/dags/ingest_snowflake.py for tasks to queue
[2024-06-22T13:11:50.205+0000] {logging_mixin.py:137} INFO - [2024-06-22T13:11:50.205+0000] {dagbag.py:538} INFO - Filling up the DagBag from /opt/airflow/dags/ingest_snowflake.py
[2024-06-22T13:11:50.943+0000] {logging_mixin.py:137} WARNING - /home/airflow/.local/lib/python3.7/site-packages/snowflake/connector/options.py:109 UserWarning: You have an incompatible version of 'pyarrow' installed (9.0.0), please install a version that adheres to: 'pyarrow<10.1.0,>=10.0.1; extra == "pandas"'
[2024-06-22T13:11:51.305+0000] {processor.py:753} INFO - DAG(s) dict_keys(['postgres_to_snowflake_etl']) retrieved from /opt/airflow/dags/ingest_snowflake.py
[2024-06-22T13:11:51.351+0000] {logging_mixin.py:137} INFO - [2024-06-22T13:11:51.347+0000] {dag.py:2676} INFO - Sync 1 DAGs
[2024-06-22T13:11:51.407+0000] {logging_mixin.py:137} INFO - [2024-06-22T13:11:51.407+0000] {dag.py:3427} INFO - Setting next_dagrun for postgres_to_snowflake_etl to 2023-01-01T00:00:00+00:00, run_after=2023-01-02T00:00:00+00:00
[2024-06-22T13:11:51.449+0000] {processor.py:175} INFO - Processing /opt/airflow/dags/ingest_snowflake.py took 1.251 seconds
[2024-06-22T13:12:21.654+0000] {processor.py:153} INFO - Started process (PID=129) to work on /opt/airflow/dags/ingest_snowflake.py
[2024-06-22T13:12:21.656+0000] {processor.py:743} INFO - Processing file /opt/airflow/dags/ingest_snowflake.py for tasks to queue
[2024-06-22T13:12:21.657+0000] {logging_mixin.py:137} INFO - [2024-06-22T13:12:21.656+0000] {dagbag.py:538} INFO - Filling up the DagBag from /opt/airflow/dags/ingest_snowflake.py
[2024-06-22T13:12:22.295+0000] {logging_mixin.py:137} WARNING - /home/airflow/.local/lib/python3.7/site-packages/snowflake/connector/options.py:109 UserWarning: You have an incompatible version of 'pyarrow' installed (9.0.0), please install a version that adheres to: 'pyarrow<10.1.0,>=10.0.1; extra == "pandas"'
[2024-06-22T13:12:22.571+0000] {processor.py:753} INFO - DAG(s) dict_keys(['postgres_to_snowflake_etl']) retrieved from /opt/airflow/dags/ingest_snowflake.py
[2024-06-22T13:12:22.611+0000] {logging_mixin.py:137} INFO - [2024-06-22T13:12:22.610+0000] {dag.py:2676} INFO - Sync 1 DAGs
[2024-06-22T13:12:22.636+0000] {logging_mixin.py:137} INFO - [2024-06-22T13:12:22.636+0000] {dag.py:3427} INFO - Setting next_dagrun for postgres_to_snowflake_etl to 2023-01-01T00:00:00+00:00, run_after=2023-01-02T00:00:00+00:00
[2024-06-22T13:12:22.663+0000] {processor.py:175} INFO - Processing /opt/airflow/dags/ingest_snowflake.py took 1.012 seconds
[2024-06-22T13:12:52.893+0000] {processor.py:153} INFO - Started process (PID=176) to work on /opt/airflow/dags/ingest_snowflake.py
[2024-06-22T13:12:52.895+0000] {processor.py:743} INFO - Processing file /opt/airflow/dags/ingest_snowflake.py for tasks to queue
[2024-06-22T13:12:52.896+0000] {logging_mixin.py:137} INFO - [2024-06-22T13:12:52.896+0000] {dagbag.py:538} INFO - Filling up the DagBag from /opt/airflow/dags/ingest_snowflake.py
[2024-06-22T13:12:53.408+0000] {logging_mixin.py:137} WARNING - /home/airflow/.local/lib/python3.7/site-packages/snowflake/connector/options.py:109 UserWarning: You have an incompatible version of 'pyarrow' installed (9.0.0), please install a version that adheres to: 'pyarrow<10.1.0,>=10.0.1; extra == "pandas"'
[2024-06-22T13:12:53.688+0000] {processor.py:753} INFO - DAG(s) dict_keys(['postgres_to_snowflake_etl']) retrieved from /opt/airflow/dags/ingest_snowflake.py
[2024-06-22T13:12:53.717+0000] {logging_mixin.py:137} INFO - [2024-06-22T13:12:53.717+0000] {dag.py:2676} INFO - Sync 1 DAGs
[2024-06-22T13:12:53.743+0000] {logging_mixin.py:137} INFO - [2024-06-22T13:12:53.743+0000] {dag.py:3427} INFO - Setting next_dagrun for postgres_to_snowflake_etl to 2023-01-01T00:00:00+00:00, run_after=2023-01-02T00:00:00+00:00
[2024-06-22T13:12:53.765+0000] {processor.py:175} INFO - Processing /opt/airflow/dags/ingest_snowflake.py took 0.875 seconds
[2024-06-22T13:13:23.990+0000] {processor.py:153} INFO - Started process (PID=221) to work on /opt/airflow/dags/ingest_snowflake.py
[2024-06-22T13:13:23.991+0000] {processor.py:743} INFO - Processing file /opt/airflow/dags/ingest_snowflake.py for tasks to queue
[2024-06-22T13:13:23.992+0000] {logging_mixin.py:137} INFO - [2024-06-22T13:13:23.992+0000] {dagbag.py:538} INFO - Filling up the DagBag from /opt/airflow/dags/ingest_snowflake.py
[2024-06-22T13:13:24.450+0000] {logging_mixin.py:137} WARNING - /home/airflow/.local/lib/python3.7/site-packages/snowflake/connector/options.py:109 UserWarning: You have an incompatible version of 'pyarrow' installed (9.0.0), please install a version that adheres to: 'pyarrow<10.1.0,>=10.0.1; extra == "pandas"'
[2024-06-22T13:13:24.724+0000] {processor.py:753} INFO - DAG(s) dict_keys(['postgres_to_snowflake_etl']) retrieved from /opt/airflow/dags/ingest_snowflake.py
[2024-06-22T13:13:24.761+0000] {logging_mixin.py:137} INFO - [2024-06-22T13:13:24.760+0000] {dag.py:2676} INFO - Sync 1 DAGs
[2024-06-22T13:13:24.787+0000] {logging_mixin.py:137} INFO - [2024-06-22T13:13:24.787+0000] {dag.py:3427} INFO - Setting next_dagrun for postgres_to_snowflake_etl to 2023-01-01T00:00:00+00:00, run_after=2023-01-02T00:00:00+00:00
[2024-06-22T13:13:24.809+0000] {processor.py:175} INFO - Processing /opt/airflow/dags/ingest_snowflake.py took 0.823 seconds
[2024-06-22T13:13:55.244+0000] {processor.py:153} INFO - Started process (PID=267) to work on /opt/airflow/dags/ingest_snowflake.py
[2024-06-22T13:13:55.245+0000] {processor.py:743} INFO - Processing file /opt/airflow/dags/ingest_snowflake.py for tasks to queue
[2024-06-22T13:13:55.246+0000] {logging_mixin.py:137} INFO - [2024-06-22T13:13:55.246+0000] {dagbag.py:538} INFO - Filling up the DagBag from /opt/airflow/dags/ingest_snowflake.py
[2024-06-22T13:13:55.688+0000] {logging_mixin.py:137} WARNING - /home/airflow/.local/lib/python3.7/site-packages/snowflake/connector/options.py:109 UserWarning: You have an incompatible version of 'pyarrow' installed (9.0.0), please install a version that adheres to: 'pyarrow<10.1.0,>=10.0.1; extra == "pandas"'
[2024-06-22T13:13:55.935+0000] {processor.py:753} INFO - DAG(s) dict_keys(['postgres_to_snowflake_etl']) retrieved from /opt/airflow/dags/ingest_snowflake.py
[2024-06-22T13:13:55.972+0000] {logging_mixin.py:137} INFO - [2024-06-22T13:13:55.972+0000] {dag.py:2676} INFO - Sync 1 DAGs
[2024-06-22T13:13:56.001+0000] {logging_mixin.py:137} INFO - [2024-06-22T13:13:56.001+0000] {dag.py:3427} INFO - Setting next_dagrun for postgres_to_snowflake_etl to 2023-01-01T00:00:00+00:00, run_after=2023-01-02T00:00:00+00:00
[2024-06-22T13:13:56.030+0000] {processor.py:175} INFO - Processing /opt/airflow/dags/ingest_snowflake.py took 0.789 seconds
[2024-06-22T13:14:26.625+0000] {processor.py:153} INFO - Started process (PID=309) to work on /opt/airflow/dags/ingest_snowflake.py
[2024-06-22T13:14:26.626+0000] {processor.py:743} INFO - Processing file /opt/airflow/dags/ingest_snowflake.py for tasks to queue
[2024-06-22T13:14:26.627+0000] {logging_mixin.py:137} INFO - [2024-06-22T13:14:26.627+0000] {dagbag.py:538} INFO - Filling up the DagBag from /opt/airflow/dags/ingest_snowflake.py
[2024-06-22T13:14:27.094+0000] {logging_mixin.py:137} WARNING - /home/airflow/.local/lib/python3.7/site-packages/snowflake/connector/options.py:109 UserWarning: You have an incompatible version of 'pyarrow' installed (9.0.0), please install a version that adheres to: 'pyarrow<10.1.0,>=10.0.1; extra == "pandas"'
[2024-06-22T13:14:27.354+0000] {processor.py:753} INFO - DAG(s) dict_keys(['postgres_to_snowflake_etl']) retrieved from /opt/airflow/dags/ingest_snowflake.py
[2024-06-22T13:14:27.388+0000] {logging_mixin.py:137} INFO - [2024-06-22T13:14:27.388+0000] {dag.py:2676} INFO - Sync 1 DAGs
[2024-06-22T13:14:27.417+0000] {logging_mixin.py:137} INFO - [2024-06-22T13:14:27.417+0000] {dag.py:3427} INFO - Setting next_dagrun for postgres_to_snowflake_etl to 2023-01-01T00:00:00+00:00, run_after=2023-01-02T00:00:00+00:00
[2024-06-22T13:14:27.444+0000] {processor.py:175} INFO - Processing /opt/airflow/dags/ingest_snowflake.py took 0.824 seconds
[2024-06-22T13:14:57.847+0000] {processor.py:153} INFO - Started process (PID=356) to work on /opt/airflow/dags/ingest_snowflake.py
[2024-06-22T13:14:57.848+0000] {processor.py:743} INFO - Processing file /opt/airflow/dags/ingest_snowflake.py for tasks to queue
[2024-06-22T13:14:57.849+0000] {logging_mixin.py:137} INFO - [2024-06-22T13:14:57.849+0000] {dagbag.py:538} INFO - Filling up the DagBag from /opt/airflow/dags/ingest_snowflake.py
[2024-06-22T13:14:58.482+0000] {logging_mixin.py:137} WARNING - /home/airflow/.local/lib/python3.7/site-packages/snowflake/connector/options.py:109 UserWarning: You have an incompatible version of 'pyarrow' installed (9.0.0), please install a version that adheres to: 'pyarrow<10.1.0,>=10.0.1; extra == "pandas"'
[2024-06-22T13:14:58.765+0000] {processor.py:753} INFO - DAG(s) dict_keys(['postgres_to_snowflake_etl']) retrieved from /opt/airflow/dags/ingest_snowflake.py
[2024-06-22T13:14:58.800+0000] {logging_mixin.py:137} INFO - [2024-06-22T13:14:58.799+0000] {dag.py:2676} INFO - Sync 1 DAGs
[2024-06-22T13:14:58.841+0000] {logging_mixin.py:137} INFO - [2024-06-22T13:14:58.841+0000] {dag.py:3427} INFO - Setting next_dagrun for postgres_to_snowflake_etl to 2023-01-01T00:00:00+00:00, run_after=2023-01-02T00:00:00+00:00
[2024-06-22T13:14:58.874+0000] {processor.py:175} INFO - Processing /opt/airflow/dags/ingest_snowflake.py took 1.030 seconds
[2024-06-22T13:15:29.010+0000] {processor.py:153} INFO - Started process (PID=402) to work on /opt/airflow/dags/ingest_snowflake.py
[2024-06-22T13:15:29.011+0000] {processor.py:743} INFO - Processing file /opt/airflow/dags/ingest_snowflake.py for tasks to queue
[2024-06-22T13:15:29.012+0000] {logging_mixin.py:137} INFO - [2024-06-22T13:15:29.012+0000] {dagbag.py:538} INFO - Filling up the DagBag from /opt/airflow/dags/ingest_snowflake.py
[2024-06-22T13:15:29.617+0000] {logging_mixin.py:137} WARNING - /home/airflow/.local/lib/python3.7/site-packages/snowflake/connector/options.py:109 UserWarning: You have an incompatible version of 'pyarrow' installed (9.0.0), please install a version that adheres to: 'pyarrow<10.1.0,>=10.0.1; extra == "pandas"'
[2024-06-22T13:15:29.882+0000] {processor.py:753} INFO - DAG(s) dict_keys(['postgres_to_snowflake_etl']) retrieved from /opt/airflow/dags/ingest_snowflake.py
[2024-06-22T13:15:29.914+0000] {logging_mixin.py:137} INFO - [2024-06-22T13:15:29.913+0000] {dag.py:2676} INFO - Sync 1 DAGs
[2024-06-22T13:15:29.940+0000] {logging_mixin.py:137} INFO - [2024-06-22T13:15:29.940+0000] {dag.py:3427} INFO - Setting next_dagrun for postgres_to_snowflake_etl to 2023-01-01T00:00:00+00:00, run_after=2023-01-02T00:00:00+00:00
[2024-06-22T13:15:29.964+0000] {processor.py:175} INFO - Processing /opt/airflow/dags/ingest_snowflake.py took 0.958 seconds
[2024-06-22T13:16:00.199+0000] {processor.py:153} INFO - Started process (PID=445) to work on /opt/airflow/dags/ingest_snowflake.py
[2024-06-22T13:16:00.200+0000] {processor.py:743} INFO - Processing file /opt/airflow/dags/ingest_snowflake.py for tasks to queue
[2024-06-22T13:16:00.201+0000] {logging_mixin.py:137} INFO - [2024-06-22T13:16:00.201+0000] {dagbag.py:538} INFO - Filling up the DagBag from /opt/airflow/dags/ingest_snowflake.py
[2024-06-22T13:16:00.898+0000] {logging_mixin.py:137} WARNING - /home/airflow/.local/lib/python3.7/site-packages/snowflake/connector/options.py:109 UserWarning: You have an incompatible version of 'pyarrow' installed (9.0.0), please install a version that adheres to: 'pyarrow<10.1.0,>=10.0.1; extra == "pandas"'
[2024-06-22T13:16:01.191+0000] {processor.py:753} INFO - DAG(s) dict_keys(['postgres_to_snowflake_etl']) retrieved from /opt/airflow/dags/ingest_snowflake.py
[2024-06-22T13:16:01.225+0000] {logging_mixin.py:137} INFO - [2024-06-22T13:16:01.224+0000] {dag.py:2676} INFO - Sync 1 DAGs
[2024-06-22T13:16:01.252+0000] {logging_mixin.py:137} INFO - [2024-06-22T13:16:01.252+0000] {dag.py:3427} INFO - Setting next_dagrun for postgres_to_snowflake_etl to 2023-01-01T00:00:00+00:00, run_after=2023-01-02T00:00:00+00:00
[2024-06-22T13:16:01.275+0000] {processor.py:175} INFO - Processing /opt/airflow/dags/ingest_snowflake.py took 1.080 seconds
[2024-06-22T13:16:31.488+0000] {processor.py:153} INFO - Started process (PID=492) to work on /opt/airflow/dags/ingest_snowflake.py
[2024-06-22T13:16:31.490+0000] {processor.py:743} INFO - Processing file /opt/airflow/dags/ingest_snowflake.py for tasks to queue
[2024-06-22T13:16:31.490+0000] {logging_mixin.py:137} INFO - [2024-06-22T13:16:31.490+0000] {dagbag.py:538} INFO - Filling up the DagBag from /opt/airflow/dags/ingest_snowflake.py
[2024-06-22T13:16:31.938+0000] {logging_mixin.py:137} WARNING - /home/airflow/.local/lib/python3.7/site-packages/snowflake/connector/options.py:109 UserWarning: You have an incompatible version of 'pyarrow' installed (9.0.0), please install a version that adheres to: 'pyarrow<10.1.0,>=10.0.1; extra == "pandas"'
[2024-06-22T13:16:32.190+0000] {processor.py:753} INFO - DAG(s) dict_keys(['postgres_to_snowflake_etl']) retrieved from /opt/airflow/dags/ingest_snowflake.py
[2024-06-22T13:16:32.223+0000] {logging_mixin.py:137} INFO - [2024-06-22T13:16:32.223+0000] {dag.py:2676} INFO - Sync 1 DAGs
[2024-06-22T13:16:32.245+0000] {logging_mixin.py:137} INFO - [2024-06-22T13:16:32.245+0000] {dag.py:3427} INFO - Setting next_dagrun for postgres_to_snowflake_etl to 2023-01-01T00:00:00+00:00, run_after=2023-01-02T00:00:00+00:00
[2024-06-22T13:16:32.266+0000] {processor.py:175} INFO - Processing /opt/airflow/dags/ingest_snowflake.py took 0.782 seconds
[2024-06-22T13:17:02.354+0000] {processor.py:153} INFO - Started process (PID=538) to work on /opt/airflow/dags/ingest_snowflake.py
[2024-06-22T13:17:02.355+0000] {processor.py:743} INFO - Processing file /opt/airflow/dags/ingest_snowflake.py for tasks to queue
[2024-06-22T13:17:02.356+0000] {logging_mixin.py:137} INFO - [2024-06-22T13:17:02.356+0000] {dagbag.py:538} INFO - Filling up the DagBag from /opt/airflow/dags/ingest_snowflake.py
[2024-06-22T13:17:02.878+0000] {logging_mixin.py:137} WARNING - /home/airflow/.local/lib/python3.7/site-packages/snowflake/connector/options.py:109 UserWarning: You have an incompatible version of 'pyarrow' installed (9.0.0), please install a version that adheres to: 'pyarrow<10.1.0,>=10.0.1; extra == "pandas"'
[2024-06-22T13:17:03.093+0000] {processor.py:753} INFO - DAG(s) dict_keys(['postgres_to_snowflake_etl']) retrieved from /opt/airflow/dags/ingest_snowflake.py
[2024-06-22T13:17:03.121+0000] {logging_mixin.py:137} INFO - [2024-06-22T13:17:03.120+0000] {dag.py:2676} INFO - Sync 1 DAGs
[2024-06-22T13:17:03.143+0000] {logging_mixin.py:137} INFO - [2024-06-22T13:17:03.143+0000] {dag.py:3427} INFO - Setting next_dagrun for postgres_to_snowflake_etl to 2023-01-01T00:00:00+00:00, run_after=2023-01-02T00:00:00+00:00
[2024-06-22T13:17:03.166+0000] {processor.py:175} INFO - Processing /opt/airflow/dags/ingest_snowflake.py took 0.818 seconds
[2024-06-22T13:17:33.220+0000] {processor.py:153} INFO - Started process (PID=580) to work on /opt/airflow/dags/ingest_snowflake.py
[2024-06-22T13:17:33.221+0000] {processor.py:743} INFO - Processing file /opt/airflow/dags/ingest_snowflake.py for tasks to queue
[2024-06-22T13:17:33.222+0000] {logging_mixin.py:137} INFO - [2024-06-22T13:17:33.222+0000] {dagbag.py:538} INFO - Filling up the DagBag from /opt/airflow/dags/ingest_snowflake.py
[2024-06-22T13:17:33.800+0000] {logging_mixin.py:137} WARNING - /home/airflow/.local/lib/python3.7/site-packages/snowflake/connector/options.py:109 UserWarning: You have an incompatible version of 'pyarrow' installed (9.0.0), please install a version that adheres to: 'pyarrow<10.1.0,>=10.0.1; extra == "pandas"'
[2024-06-22T13:17:34.041+0000] {processor.py:753} INFO - DAG(s) dict_keys(['postgres_to_snowflake_etl']) retrieved from /opt/airflow/dags/ingest_snowflake.py
[2024-06-22T13:17:34.094+0000] {logging_mixin.py:137} INFO - [2024-06-22T13:17:34.092+0000] {dag.py:2676} INFO - Sync 1 DAGs
[2024-06-22T13:17:34.118+0000] {logging_mixin.py:137} INFO - [2024-06-22T13:17:34.118+0000] {dag.py:3427} INFO - Setting next_dagrun for postgres_to_snowflake_etl to 2023-01-01T00:00:00+00:00, run_after=2023-01-02T00:00:00+00:00
[2024-06-22T13:17:34.147+0000] {processor.py:175} INFO - Processing /opt/airflow/dags/ingest_snowflake.py took 0.931 seconds
[2024-06-22T13:18:04.743+0000] {processor.py:153} INFO - Started process (PID=625) to work on /opt/airflow/dags/ingest_snowflake.py
[2024-06-22T13:18:04.744+0000] {processor.py:743} INFO - Processing file /opt/airflow/dags/ingest_snowflake.py for tasks to queue
[2024-06-22T13:18:04.745+0000] {logging_mixin.py:137} INFO - [2024-06-22T13:18:04.745+0000] {dagbag.py:538} INFO - Filling up the DagBag from /opt/airflow/dags/ingest_snowflake.py
[2024-06-22T13:18:05.231+0000] {logging_mixin.py:137} WARNING - /home/airflow/.local/lib/python3.7/site-packages/snowflake/connector/options.py:109 UserWarning: You have an incompatible version of 'pyarrow' installed (9.0.0), please install a version that adheres to: 'pyarrow<10.1.0,>=10.0.1; extra == "pandas"'
[2024-06-22T13:18:05.481+0000] {processor.py:753} INFO - DAG(s) dict_keys(['postgres_to_snowflake_etl']) retrieved from /opt/airflow/dags/ingest_snowflake.py
[2024-06-22T13:18:05.518+0000] {logging_mixin.py:137} INFO - [2024-06-22T13:18:05.517+0000] {dag.py:2676} INFO - Sync 1 DAGs
[2024-06-22T13:18:05.544+0000] {logging_mixin.py:137} INFO - [2024-06-22T13:18:05.544+0000] {dag.py:3427} INFO - Setting next_dagrun for postgres_to_snowflake_etl to 2023-01-01T00:00:00+00:00, run_after=2023-01-02T00:00:00+00:00
[2024-06-22T13:18:05.574+0000] {processor.py:175} INFO - Processing /opt/airflow/dags/ingest_snowflake.py took 0.834 seconds
[2024-06-22T13:18:36.178+0000] {processor.py:153} INFO - Started process (PID=667) to work on /opt/airflow/dags/ingest_snowflake.py
[2024-06-22T13:18:36.179+0000] {processor.py:743} INFO - Processing file /opt/airflow/dags/ingest_snowflake.py for tasks to queue
[2024-06-22T13:18:36.180+0000] {logging_mixin.py:137} INFO - [2024-06-22T13:18:36.180+0000] {dagbag.py:538} INFO - Filling up the DagBag from /opt/airflow/dags/ingest_snowflake.py
[2024-06-22T13:18:36.586+0000] {logging_mixin.py:137} WARNING - /home/airflow/.local/lib/python3.7/site-packages/snowflake/connector/options.py:109 UserWarning: You have an incompatible version of 'pyarrow' installed (9.0.0), please install a version that adheres to: 'pyarrow<10.1.0,>=10.0.1; extra == "pandas"'
[2024-06-22T13:18:36.787+0000] {processor.py:753} INFO - DAG(s) dict_keys(['postgres_to_snowflake_etl']) retrieved from /opt/airflow/dags/ingest_snowflake.py
[2024-06-22T13:18:36.817+0000] {logging_mixin.py:137} INFO - [2024-06-22T13:18:36.816+0000] {dag.py:2676} INFO - Sync 1 DAGs
[2024-06-22T13:18:36.839+0000] {logging_mixin.py:137} INFO - [2024-06-22T13:18:36.839+0000] {dag.py:3427} INFO - Setting next_dagrun for postgres_to_snowflake_etl to 2023-01-01T00:00:00+00:00, run_after=2023-01-02T00:00:00+00:00
[2024-06-22T13:18:36.869+0000] {processor.py:175} INFO - Processing /opt/airflow/dags/ingest_snowflake.py took 0.694 seconds
[2024-06-22T13:19:07.448+0000] {processor.py:153} INFO - Started process (PID=709) to work on /opt/airflow/dags/ingest_snowflake.py
[2024-06-22T13:19:07.449+0000] {processor.py:743} INFO - Processing file /opt/airflow/dags/ingest_snowflake.py for tasks to queue
[2024-06-22T13:19:07.450+0000] {logging_mixin.py:137} INFO - [2024-06-22T13:19:07.450+0000] {dagbag.py:538} INFO - Filling up the DagBag from /opt/airflow/dags/ingest_snowflake.py
[2024-06-22T13:19:07.819+0000] {logging_mixin.py:137} WARNING - /home/airflow/.local/lib/python3.7/site-packages/snowflake/connector/options.py:109 UserWarning: You have an incompatible version of 'pyarrow' installed (9.0.0), please install a version that adheres to: 'pyarrow<10.1.0,>=10.0.1; extra == "pandas"'
[2024-06-22T13:19:08.024+0000] {processor.py:753} INFO - DAG(s) dict_keys(['postgres_to_snowflake_etl']) retrieved from /opt/airflow/dags/ingest_snowflake.py
[2024-06-22T13:19:08.053+0000] {logging_mixin.py:137} INFO - [2024-06-22T13:19:08.052+0000] {dag.py:2676} INFO - Sync 1 DAGs
[2024-06-22T13:19:08.073+0000] {logging_mixin.py:137} INFO - [2024-06-22T13:19:08.073+0000] {dag.py:3427} INFO - Setting next_dagrun for postgres_to_snowflake_etl to 2023-01-01T00:00:00+00:00, run_after=2023-01-02T00:00:00+00:00
[2024-06-22T13:19:08.102+0000] {processor.py:175} INFO - Processing /opt/airflow/dags/ingest_snowflake.py took 0.656 seconds
[2024-06-22T13:19:38.792+0000] {processor.py:153} INFO - Started process (PID=751) to work on /opt/airflow/dags/ingest_snowflake.py
[2024-06-22T13:19:38.794+0000] {processor.py:743} INFO - Processing file /opt/airflow/dags/ingest_snowflake.py for tasks to queue
[2024-06-22T13:19:38.795+0000] {logging_mixin.py:137} INFO - [2024-06-22T13:19:38.795+0000] {dagbag.py:538} INFO - Filling up the DagBag from /opt/airflow/dags/ingest_snowflake.py
[2024-06-22T13:19:39.266+0000] {logging_mixin.py:137} WARNING - /home/airflow/.local/lib/python3.7/site-packages/snowflake/connector/options.py:109 UserWarning: You have an incompatible version of 'pyarrow' installed (9.0.0), please install a version that adheres to: 'pyarrow<10.1.0,>=10.0.1; extra == "pandas"'
[2024-06-22T13:19:39.480+0000] {processor.py:753} INFO - DAG(s) dict_keys(['postgres_to_snowflake_etl']) retrieved from /opt/airflow/dags/ingest_snowflake.py
[2024-06-22T13:19:39.512+0000] {logging_mixin.py:137} INFO - [2024-06-22T13:19:39.510+0000] {dag.py:2676} INFO - Sync 1 DAGs
[2024-06-22T13:19:39.534+0000] {logging_mixin.py:137} INFO - [2024-06-22T13:19:39.534+0000] {dag.py:3427} INFO - Setting next_dagrun for postgres_to_snowflake_etl to 2023-01-01T00:00:00+00:00, run_after=2023-01-02T00:00:00+00:00
[2024-06-22T13:19:39.562+0000] {processor.py:175} INFO - Processing /opt/airflow/dags/ingest_snowflake.py took 0.773 seconds
[2024-06-22T13:20:10.305+0000] {processor.py:153} INFO - Started process (PID=793) to work on /opt/airflow/dags/ingest_snowflake.py
[2024-06-22T13:20:10.306+0000] {processor.py:743} INFO - Processing file /opt/airflow/dags/ingest_snowflake.py for tasks to queue
[2024-06-22T13:20:10.307+0000] {logging_mixin.py:137} INFO - [2024-06-22T13:20:10.307+0000] {dagbag.py:538} INFO - Filling up the DagBag from /opt/airflow/dags/ingest_snowflake.py
[2024-06-22T13:20:10.681+0000] {logging_mixin.py:137} WARNING - /home/airflow/.local/lib/python3.7/site-packages/snowflake/connector/options.py:109 UserWarning: You have an incompatible version of 'pyarrow' installed (9.0.0), please install a version that adheres to: 'pyarrow<10.1.0,>=10.0.1; extra == "pandas"'
[2024-06-22T13:20:10.889+0000] {processor.py:753} INFO - DAG(s) dict_keys(['postgres_to_snowflake_etl']) retrieved from /opt/airflow/dags/ingest_snowflake.py
[2024-06-22T13:20:10.918+0000] {logging_mixin.py:137} INFO - [2024-06-22T13:20:10.917+0000] {dag.py:2676} INFO - Sync 1 DAGs
[2024-06-22T13:20:10.937+0000] {logging_mixin.py:137} INFO - [2024-06-22T13:20:10.937+0000] {dag.py:3427} INFO - Setting next_dagrun for postgres_to_snowflake_etl to 2023-01-01T00:00:00+00:00, run_after=2023-01-02T00:00:00+00:00
[2024-06-22T13:20:10.970+0000] {processor.py:175} INFO - Processing /opt/airflow/dags/ingest_snowflake.py took 0.669 seconds
[2024-06-22T13:20:41.522+0000] {processor.py:153} INFO - Started process (PID=835) to work on /opt/airflow/dags/ingest_snowflake.py
[2024-06-22T13:20:41.523+0000] {processor.py:743} INFO - Processing file /opt/airflow/dags/ingest_snowflake.py for tasks to queue
[2024-06-22T13:20:41.524+0000] {logging_mixin.py:137} INFO - [2024-06-22T13:20:41.524+0000] {dagbag.py:538} INFO - Filling up the DagBag from /opt/airflow/dags/ingest_snowflake.py
[2024-06-22T13:20:41.905+0000] {logging_mixin.py:137} WARNING - /home/airflow/.local/lib/python3.7/site-packages/snowflake/connector/options.py:109 UserWarning: You have an incompatible version of 'pyarrow' installed (9.0.0), please install a version that adheres to: 'pyarrow<10.1.0,>=10.0.1; extra == "pandas"'
[2024-06-22T13:20:42.121+0000] {processor.py:753} INFO - DAG(s) dict_keys(['postgres_to_snowflake_etl']) retrieved from /opt/airflow/dags/ingest_snowflake.py
[2024-06-22T13:20:42.153+0000] {logging_mixin.py:137} INFO - [2024-06-22T13:20:42.153+0000] {dag.py:2676} INFO - Sync 1 DAGs
[2024-06-22T13:20:42.175+0000] {logging_mixin.py:137} INFO - [2024-06-22T13:20:42.175+0000] {dag.py:3427} INFO - Setting next_dagrun for postgres_to_snowflake_etl to 2023-01-01T00:00:00+00:00, run_after=2023-01-02T00:00:00+00:00
[2024-06-22T13:20:42.200+0000] {processor.py:175} INFO - Processing /opt/airflow/dags/ingest_snowflake.py took 0.681 seconds
[2024-06-22T13:21:12.278+0000] {processor.py:153} INFO - Started process (PID=877) to work on /opt/airflow/dags/ingest_snowflake.py
[2024-06-22T13:21:12.279+0000] {processor.py:743} INFO - Processing file /opt/airflow/dags/ingest_snowflake.py for tasks to queue
[2024-06-22T13:21:12.280+0000] {logging_mixin.py:137} INFO - [2024-06-22T13:21:12.280+0000] {dagbag.py:538} INFO - Filling up the DagBag from /opt/airflow/dags/ingest_snowflake.py
[2024-06-22T13:21:12.841+0000] {logging_mixin.py:137} WARNING - /home/airflow/.local/lib/python3.7/site-packages/snowflake/connector/options.py:109 UserWarning: You have an incompatible version of 'pyarrow' installed (9.0.0), please install a version that adheres to: 'pyarrow<10.1.0,>=10.0.1; extra == "pandas"'
[2024-06-22T13:21:13.120+0000] {processor.py:753} INFO - DAG(s) dict_keys(['postgres_to_snowflake_etl']) retrieved from /opt/airflow/dags/ingest_snowflake.py
[2024-06-22T13:21:13.156+0000] {logging_mixin.py:137} INFO - [2024-06-22T13:21:13.156+0000] {dag.py:2676} INFO - Sync 1 DAGs
[2024-06-22T13:21:13.185+0000] {logging_mixin.py:137} INFO - [2024-06-22T13:21:13.185+0000] {dag.py:3427} INFO - Setting next_dagrun for postgres_to_snowflake_etl to 2023-01-01T00:00:00+00:00, run_after=2023-01-02T00:00:00+00:00
[2024-06-22T13:21:13.214+0000] {processor.py:175} INFO - Processing /opt/airflow/dags/ingest_snowflake.py took 0.939 seconds
[2024-06-22T13:21:43.722+0000] {processor.py:153} INFO - Started process (PID=919) to work on /opt/airflow/dags/ingest_snowflake.py
[2024-06-22T13:21:43.723+0000] {processor.py:743} INFO - Processing file /opt/airflow/dags/ingest_snowflake.py for tasks to queue
[2024-06-22T13:21:43.725+0000] {logging_mixin.py:137} INFO - [2024-06-22T13:21:43.725+0000] {dagbag.py:538} INFO - Filling up the DagBag from /opt/airflow/dags/ingest_snowflake.py
[2024-06-22T13:21:44.143+0000] {logging_mixin.py:137} WARNING - /home/airflow/.local/lib/python3.7/site-packages/snowflake/connector/options.py:109 UserWarning: You have an incompatible version of 'pyarrow' installed (9.0.0), please install a version that adheres to: 'pyarrow<10.1.0,>=10.0.1; extra == "pandas"'
[2024-06-22T13:21:44.398+0000] {processor.py:753} INFO - DAG(s) dict_keys(['postgres_to_snowflake_etl']) retrieved from /opt/airflow/dags/ingest_snowflake.py
[2024-06-22T13:21:44.435+0000] {logging_mixin.py:137} INFO - [2024-06-22T13:21:44.433+0000] {dag.py:2676} INFO - Sync 1 DAGs
[2024-06-22T13:21:44.457+0000] {logging_mixin.py:137} INFO - [2024-06-22T13:21:44.457+0000] {dag.py:3427} INFO - Setting next_dagrun for postgres_to_snowflake_etl to 2023-01-01T00:00:00+00:00, run_after=2023-01-02T00:00:00+00:00
[2024-06-22T13:21:44.484+0000] {processor.py:175} INFO - Processing /opt/airflow/dags/ingest_snowflake.py took 0.765 seconds
[2024-06-22T13:22:15.059+0000] {processor.py:153} INFO - Started process (PID=961) to work on /opt/airflow/dags/ingest_snowflake.py
[2024-06-22T13:22:15.060+0000] {processor.py:743} INFO - Processing file /opt/airflow/dags/ingest_snowflake.py for tasks to queue
[2024-06-22T13:22:15.061+0000] {logging_mixin.py:137} INFO - [2024-06-22T13:22:15.061+0000] {dagbag.py:538} INFO - Filling up the DagBag from /opt/airflow/dags/ingest_snowflake.py
[2024-06-22T13:22:15.454+0000] {logging_mixin.py:137} WARNING - /home/airflow/.local/lib/python3.7/site-packages/snowflake/connector/options.py:109 UserWarning: You have an incompatible version of 'pyarrow' installed (9.0.0), please install a version that adheres to: 'pyarrow<10.1.0,>=10.0.1; extra == "pandas"'
[2024-06-22T13:22:15.661+0000] {processor.py:753} INFO - DAG(s) dict_keys(['postgres_to_snowflake_etl']) retrieved from /opt/airflow/dags/ingest_snowflake.py
[2024-06-22T13:22:15.689+0000] {logging_mixin.py:137} INFO - [2024-06-22T13:22:15.689+0000] {dag.py:2676} INFO - Sync 1 DAGs
[2024-06-22T13:22:15.709+0000] {logging_mixin.py:137} INFO - [2024-06-22T13:22:15.709+0000] {dag.py:3427} INFO - Setting next_dagrun for postgres_to_snowflake_etl to 2023-01-01T00:00:00+00:00, run_after=2023-01-02T00:00:00+00:00
[2024-06-22T13:22:15.734+0000] {processor.py:175} INFO - Processing /opt/airflow/dags/ingest_snowflake.py took 0.677 seconds
[2024-06-22T13:22:46.396+0000] {processor.py:153} INFO - Started process (PID=1003) to work on /opt/airflow/dags/ingest_snowflake.py
[2024-06-22T13:22:46.397+0000] {processor.py:743} INFO - Processing file /opt/airflow/dags/ingest_snowflake.py for tasks to queue
[2024-06-22T13:22:46.398+0000] {logging_mixin.py:137} INFO - [2024-06-22T13:22:46.398+0000] {dagbag.py:538} INFO - Filling up the DagBag from /opt/airflow/dags/ingest_snowflake.py
[2024-06-22T13:22:46.835+0000] {logging_mixin.py:137} WARNING - /home/airflow/.local/lib/python3.7/site-packages/snowflake/connector/options.py:109 UserWarning: You have an incompatible version of 'pyarrow' installed (9.0.0), please install a version that adheres to: 'pyarrow<10.1.0,>=10.0.1; extra == "pandas"'
[2024-06-22T13:22:47.074+0000] {processor.py:753} INFO - DAG(s) dict_keys(['postgres_to_snowflake_etl']) retrieved from /opt/airflow/dags/ingest_snowflake.py
[2024-06-22T13:22:47.104+0000] {logging_mixin.py:137} INFO - [2024-06-22T13:22:47.104+0000] {dag.py:2676} INFO - Sync 1 DAGs
[2024-06-22T13:22:47.125+0000] {logging_mixin.py:137} INFO - [2024-06-22T13:22:47.125+0000] {dag.py:3427} INFO - Setting next_dagrun for postgres_to_snowflake_etl to 2023-01-01T00:00:00+00:00, run_after=2023-01-02T00:00:00+00:00
[2024-06-22T13:22:47.148+0000] {processor.py:175} INFO - Processing /opt/airflow/dags/ingest_snowflake.py took 0.756 seconds
[2024-06-22T13:23:17.740+0000] {processor.py:153} INFO - Started process (PID=1045) to work on /opt/airflow/dags/ingest_snowflake.py
[2024-06-22T13:23:17.741+0000] {processor.py:743} INFO - Processing file /opt/airflow/dags/ingest_snowflake.py for tasks to queue
[2024-06-22T13:23:17.742+0000] {logging_mixin.py:137} INFO - [2024-06-22T13:23:17.742+0000] {dagbag.py:538} INFO - Filling up the DagBag from /opt/airflow/dags/ingest_snowflake.py
[2024-06-22T13:23:18.168+0000] {logging_mixin.py:137} WARNING - /home/airflow/.local/lib/python3.7/site-packages/snowflake/connector/options.py:109 UserWarning: You have an incompatible version of 'pyarrow' installed (9.0.0), please install a version that adheres to: 'pyarrow<10.1.0,>=10.0.1; extra == "pandas"'
[2024-06-22T13:23:18.408+0000] {processor.py:753} INFO - DAG(s) dict_keys(['postgres_to_snowflake_etl']) retrieved from /opt/airflow/dags/ingest_snowflake.py
[2024-06-22T13:23:18.439+0000] {logging_mixin.py:137} INFO - [2024-06-22T13:23:18.439+0000] {dag.py:2676} INFO - Sync 1 DAGs
[2024-06-22T13:23:18.463+0000] {logging_mixin.py:137} INFO - [2024-06-22T13:23:18.463+0000] {dag.py:3427} INFO - Setting next_dagrun for postgres_to_snowflake_etl to 2023-01-01T00:00:00+00:00, run_after=2023-01-02T00:00:00+00:00
[2024-06-22T13:23:18.488+0000] {processor.py:175} INFO - Processing /opt/airflow/dags/ingest_snowflake.py took 0.752 seconds
[2024-06-22T13:23:49.273+0000] {processor.py:153} INFO - Started process (PID=1087) to work on /opt/airflow/dags/ingest_snowflake.py
[2024-06-22T13:23:49.274+0000] {processor.py:743} INFO - Processing file /opt/airflow/dags/ingest_snowflake.py for tasks to queue
[2024-06-22T13:23:49.275+0000] {logging_mixin.py:137} INFO - [2024-06-22T13:23:49.275+0000] {dagbag.py:538} INFO - Filling up the DagBag from /opt/airflow/dags/ingest_snowflake.py
[2024-06-22T13:23:49.766+0000] {logging_mixin.py:137} WARNING - /home/airflow/.local/lib/python3.7/site-packages/snowflake/connector/options.py:109 UserWarning: You have an incompatible version of 'pyarrow' installed (9.0.0), please install a version that adheres to: 'pyarrow<10.1.0,>=10.0.1; extra == "pandas"'
[2024-06-22T13:23:50.009+0000] {processor.py:753} INFO - DAG(s) dict_keys(['postgres_to_snowflake_etl']) retrieved from /opt/airflow/dags/ingest_snowflake.py
[2024-06-22T13:23:50.045+0000] {logging_mixin.py:137} INFO - [2024-06-22T13:23:50.043+0000] {dag.py:2676} INFO - Sync 1 DAGs
[2024-06-22T13:23:50.069+0000] {logging_mixin.py:137} INFO - [2024-06-22T13:23:50.069+0000] {dag.py:3427} INFO - Setting next_dagrun for postgres_to_snowflake_etl to 2023-01-01T00:00:00+00:00, run_after=2023-01-02T00:00:00+00:00
[2024-06-22T13:23:50.100+0000] {processor.py:175} INFO - Processing /opt/airflow/dags/ingest_snowflake.py took 0.830 seconds
